[2024-06-27T22:54:28.005+0000] {local_task_job_runner.py:120} INFO - ::group::Pre task execution logs
[2024-06-27T22:54:28.015+0000] {taskinstance.py:2076} INFO - Dependencies all met for dep_context=non-requeueable deps ti=<TaskInstance: zillow_analytics_dag.tsk_load_to_s3 manual__2024-06-27T22:54:21.225530+00:00 [queued]>
[2024-06-27T22:54:28.021+0000] {taskinstance.py:2076} INFO - Dependencies all met for dep_context=requeueable deps ti=<TaskInstance: zillow_analytics_dag.tsk_load_to_s3 manual__2024-06-27T22:54:21.225530+00:00 [queued]>
[2024-06-27T22:54:28.021+0000] {taskinstance.py:2306} INFO - Starting attempt 1 of 3
[2024-06-27T22:54:28.035+0000] {taskinstance.py:2330} INFO - Executing <Task(BashOperator): tsk_load_to_s3> on 2024-06-27 22:54:21.225530+00:00
[2024-06-27T22:54:28.039+0000] {standard_task_runner.py:63} INFO - Started process 5757 to run task
[2024-06-27T22:54:28.042+0000] {standard_task_runner.py:90} INFO - Running: ['airflow', 'tasks', 'run', 'zillow_analytics_dag', 'tsk_load_to_s3', 'manual__2024-06-27T22:54:21.225530+00:00', '--job-id', '26', '--raw', '--subdir', 'DAGS_FOLDER/zillowanalytics.py', '--cfg-path', '/tmp/tmpauysq9qs']
[2024-06-27T22:54:28.043+0000] {standard_task_runner.py:91} INFO - Job 26: Subtask tsk_load_to_s3
[2024-06-27T22:54:28.079+0000] {task_command.py:426} INFO - Running <TaskInstance: zillow_analytics_dag.tsk_load_to_s3 manual__2024-06-27T22:54:21.225530+00:00 [running]> on host ip-172-31-6-214.us-east-2.compute.internal
[2024-06-27T22:54:28.153+0000] {taskinstance.py:2648} INFO - Exporting env vars: AIRFLOW_CTX_DAG_EMAIL='myemail@domain.com' AIRFLOW_CTX_DAG_OWNER='airflow' AIRFLOW_CTX_DAG_ID='zillow_analytics_dag' AIRFLOW_CTX_TASK_ID='tsk_load_to_s3' AIRFLOW_CTX_EXECUTION_DATE='2024-06-27T22:54:21.225530+00:00' AIRFLOW_CTX_TRY_NUMBER='1' AIRFLOW_CTX_DAG_RUN_ID='manual__2024-06-27T22:54:21.225530+00:00'
[2024-06-27T22:54:28.154+0000] {taskinstance.py:430} INFO - ::endgroup::
[2024-06-27T22:54:28.167+0000] {subprocess.py:63} INFO - Tmp dir root location: /tmp
[2024-06-27T22:54:28.167+0000] {subprocess.py:75} INFO - Running command: ['/usr/bin/bash', '-c', 'aws s3 mv /home/ubuntu/response_data_27062024225424.json s3://zillow-etl-bucket/']
[2024-06-27T22:54:28.174+0000] {subprocess.py:86} INFO - Output:
[2024-06-27T22:54:28.857+0000] {subprocess.py:93} INFO - Completed 55.4 KiB/55.4 KiB (342.1 KiB/s) with 1 file(s) remainingmove: ../../home/ubuntu/response_data_27062024225424.json to s3://zillow-etl-bucket/response_data_27062024225424.json
[2024-06-27T22:54:28.935+0000] {subprocess.py:97} INFO - Command exited with return code 0
[2024-06-27T22:54:28.936+0000] {taskinstance.py:441} INFO - ::group::Post task execution logs
[2024-06-27T22:54:28.954+0000] {taskinstance.py:1206} INFO - Marking task as SUCCESS. dag_id=zillow_analytics_dag, task_id=tsk_load_to_s3, run_id=manual__2024-06-27T22:54:21.225530+00:00, execution_date=20240627T225421, start_date=20240627T225428, end_date=20240627T225428
[2024-06-27T22:54:28.976+0000] {local_task_job_runner.py:240} INFO - Task exited with return code 0
[2024-06-27T22:54:28.992+0000] {taskinstance.py:3503} INFO - 1 downstream tasks scheduled from follow-on schedule check
[2024-06-27T22:54:28.997+0000] {local_task_job_runner.py:222} INFO - ::endgroup::
