[2024-06-27T23:14:56.863+0000] {local_task_job_runner.py:120} INFO - ::group::Pre task execution logs
[2024-06-27T23:14:56.873+0000] {taskinstance.py:2076} INFO - Dependencies all met for dep_context=non-requeueable deps ti=<TaskInstance: zillow_analytics_dag.tsk_load_to_s3 manual__2024-06-27T23:14:51.079003+00:00 [queued]>
[2024-06-27T23:14:56.879+0000] {taskinstance.py:2076} INFO - Dependencies all met for dep_context=requeueable deps ti=<TaskInstance: zillow_analytics_dag.tsk_load_to_s3 manual__2024-06-27T23:14:51.079003+00:00 [queued]>
[2024-06-27T23:14:56.879+0000] {taskinstance.py:2306} INFO - Starting attempt 1 of 2
[2024-06-27T23:14:56.893+0000] {taskinstance.py:2330} INFO - Executing <Task(BashOperator): tsk_load_to_s3> on 2024-06-27 23:14:51.079003+00:00
[2024-06-27T23:14:56.897+0000] {standard_task_runner.py:63} INFO - Started process 5880 to run task
[2024-06-27T23:14:56.901+0000] {standard_task_runner.py:90} INFO - Running: ['airflow', 'tasks', 'run', 'zillow_analytics_dag', 'tsk_load_to_s3', 'manual__2024-06-27T23:14:51.079003+00:00', '--job-id', '41', '--raw', '--subdir', 'DAGS_FOLDER/zillowanalytics.py', '--cfg-path', '/tmp/tmpczz9h1wz']
[2024-06-27T23:14:56.902+0000] {standard_task_runner.py:91} INFO - Job 41: Subtask tsk_load_to_s3
[2024-06-27T23:14:56.937+0000] {task_command.py:426} INFO - Running <TaskInstance: zillow_analytics_dag.tsk_load_to_s3 manual__2024-06-27T23:14:51.079003+00:00 [running]> on host ip-172-31-6-214.us-east-2.compute.internal
[2024-06-27T23:14:57.013+0000] {taskinstance.py:2648} INFO - Exporting env vars: AIRFLOW_CTX_DAG_EMAIL='myemail@domain.com' AIRFLOW_CTX_DAG_OWNER='airflow' AIRFLOW_CTX_DAG_ID='zillow_analytics_dag' AIRFLOW_CTX_TASK_ID='tsk_load_to_s3' AIRFLOW_CTX_EXECUTION_DATE='2024-06-27T23:14:51.079003+00:00' AIRFLOW_CTX_TRY_NUMBER='1' AIRFLOW_CTX_DAG_RUN_ID='manual__2024-06-27T23:14:51.079003+00:00'
[2024-06-27T23:14:57.013+0000] {taskinstance.py:430} INFO - ::endgroup::
[2024-06-27T23:14:57.026+0000] {subprocess.py:63} INFO - Tmp dir root location: /tmp
[2024-06-27T23:14:57.027+0000] {subprocess.py:75} INFO - Running command: ['/usr/bin/bash', '-c', 'aws s3 mv /home/ubuntu/response_data_27062024231453.json s3://zillow-etl-bucket/']
[2024-06-27T23:14:57.034+0000] {subprocess.py:86} INFO - Output:
[2024-06-27T23:14:57.710+0000] {subprocess.py:93} INFO - Completed 54.8 KiB/54.8 KiB (331.6 KiB/s) with 1 file(s) remainingmove: ../../home/ubuntu/response_data_27062024231453.json to s3://zillow-etl-bucket/response_data_27062024231453.json
[2024-06-27T23:14:57.783+0000] {subprocess.py:97} INFO - Command exited with return code 0
[2024-06-27T23:14:57.784+0000] {taskinstance.py:441} INFO - ::group::Post task execution logs
[2024-06-27T23:14:57.802+0000] {taskinstance.py:1206} INFO - Marking task as SUCCESS. dag_id=zillow_analytics_dag, task_id=tsk_load_to_s3, run_id=manual__2024-06-27T23:14:51.079003+00:00, execution_date=20240627T231451, start_date=20240627T231456, end_date=20240627T231457
[2024-06-27T23:14:57.836+0000] {local_task_job_runner.py:240} INFO - Task exited with return code 0
[2024-06-27T23:14:57.856+0000] {taskinstance.py:3503} INFO - 1 downstream tasks scheduled from follow-on schedule check
[2024-06-27T23:14:57.861+0000] {local_task_job_runner.py:222} INFO - ::endgroup::
