[2024-06-27T21:19:38.029+0000] {processor.py:161} INFO - Started process (PID=2939) to work on /home/ubuntu/venv/lib/python3.12/site-packages/airflow/example_dags/example_task_group_decorator.py
[2024-06-27T21:19:38.030+0000] {processor.py:830} INFO - Processing file /home/ubuntu/venv/lib/python3.12/site-packages/airflow/example_dags/example_task_group_decorator.py for tasks to queue
[2024-06-27T21:19:38.033+0000] {logging_mixin.py:188} INFO - [2024-06-27T21:19:38.032+0000] {dagbag.py:545} INFO - Filling up the DagBag from /home/ubuntu/venv/lib/python3.12/site-packages/airflow/example_dags/example_task_group_decorator.py
[2024-06-27T21:19:38.051+0000] {processor.py:840} INFO - DAG(s) 'example_task_group_decorator' retrieved from /home/ubuntu/venv/lib/python3.12/site-packages/airflow/example_dags/example_task_group_decorator.py
[2024-06-27T21:19:38.177+0000] {logging_mixin.py:188} INFO - [2024-06-27T21:19:38.176+0000] {override.py:1847} INFO - Created Permission View: can read on DAG:example_task_group_decorator
[2024-06-27T21:19:38.192+0000] {logging_mixin.py:188} INFO - [2024-06-27T21:19:38.192+0000] {override.py:1847} INFO - Created Permission View: can delete on DAG:example_task_group_decorator
[2024-06-27T21:19:38.202+0000] {logging_mixin.py:188} INFO - [2024-06-27T21:19:38.201+0000] {override.py:1847} INFO - Created Permission View: can edit on DAG:example_task_group_decorator
[2024-06-27T21:19:38.202+0000] {logging_mixin.py:188} INFO - [2024-06-27T21:19:38.202+0000] {dag.py:3096} INFO - Sync 1 DAGs
[2024-06-27T21:19:38.213+0000] {logging_mixin.py:188} INFO - [2024-06-27T21:19:38.213+0000] {dag.py:3118} INFO - Creating ORM DAG for example_task_group_decorator
[2024-06-27T21:19:38.222+0000] {logging_mixin.py:188} INFO - [2024-06-27T21:19:38.222+0000] {dag.py:3954} INFO - Setting next_dagrun for example_task_group_decorator to 2024-06-26 00:00:00+00:00, run_after=2024-06-27 00:00:00+00:00
[2024-06-27T21:19:38.241+0000] {processor.py:183} INFO - Processing /home/ubuntu/venv/lib/python3.12/site-packages/airflow/example_dags/example_task_group_decorator.py took 0.218 seconds
[2024-06-27T21:20:35.424+0000] {processor.py:161} INFO - Started process (PID=3000) to work on /home/ubuntu/venv/lib/python3.12/site-packages/airflow/example_dags/example_task_group_decorator.py
[2024-06-27T21:20:35.425+0000] {processor.py:830} INFO - Processing file /home/ubuntu/venv/lib/python3.12/site-packages/airflow/example_dags/example_task_group_decorator.py for tasks to queue
[2024-06-27T21:20:35.427+0000] {logging_mixin.py:188} INFO - [2024-06-27T21:20:35.427+0000] {dagbag.py:545} INFO - Filling up the DagBag from /home/ubuntu/venv/lib/python3.12/site-packages/airflow/example_dags/example_task_group_decorator.py
[2024-06-27T21:20:35.443+0000] {processor.py:840} INFO - DAG(s) 'example_task_group_decorator' retrieved from /home/ubuntu/venv/lib/python3.12/site-packages/airflow/example_dags/example_task_group_decorator.py
[2024-06-27T21:20:35.465+0000] {logging_mixin.py:188} INFO - [2024-06-27T21:20:35.465+0000] {dag.py:3096} INFO - Sync 1 DAGs
[2024-06-27T21:20:35.486+0000] {logging_mixin.py:188} INFO - [2024-06-27T21:20:35.486+0000] {dag.py:3954} INFO - Setting next_dagrun for example_task_group_decorator to 2024-06-26 00:00:00+00:00, run_after=2024-06-27 00:00:00+00:00
[2024-06-27T21:20:35.509+0000] {processor.py:183} INFO - Processing /home/ubuntu/venv/lib/python3.12/site-packages/airflow/example_dags/example_task_group_decorator.py took 0.091 seconds
[2024-06-27T21:21:21.874+0000] {processor.py:161} INFO - Started process (PID=3327) to work on /home/ubuntu/venv/lib/python3.12/site-packages/airflow/example_dags/example_task_group_decorator.py
[2024-06-27T21:21:21.876+0000] {processor.py:830} INFO - Processing file /home/ubuntu/venv/lib/python3.12/site-packages/airflow/example_dags/example_task_group_decorator.py for tasks to queue
[2024-06-27T21:21:21.878+0000] {logging_mixin.py:188} INFO - [2024-06-27T21:21:21.877+0000] {dagbag.py:545} INFO - Filling up the DagBag from /home/ubuntu/venv/lib/python3.12/site-packages/airflow/example_dags/example_task_group_decorator.py
[2024-06-27T21:21:21.894+0000] {processor.py:840} INFO - DAG(s) 'example_task_group_decorator' retrieved from /home/ubuntu/venv/lib/python3.12/site-packages/airflow/example_dags/example_task_group_decorator.py
[2024-06-27T21:21:21.915+0000] {logging_mixin.py:188} INFO - [2024-06-27T21:21:21.915+0000] {dag.py:3096} INFO - Sync 1 DAGs
[2024-06-27T21:21:21.935+0000] {logging_mixin.py:188} INFO - [2024-06-27T21:21:21.934+0000] {dag.py:3954} INFO - Setting next_dagrun for example_task_group_decorator to 2024-06-26 00:00:00+00:00, run_after=2024-06-27 00:00:00+00:00
[2024-06-27T21:21:21.957+0000] {processor.py:183} INFO - Processing /home/ubuntu/venv/lib/python3.12/site-packages/airflow/example_dags/example_task_group_decorator.py took 0.088 seconds
[2024-06-27T21:22:09.887+0000] {processor.py:161} INFO - Started process (PID=3381) to work on /home/ubuntu/venv/lib/python3.12/site-packages/airflow/example_dags/example_task_group_decorator.py
[2024-06-27T21:22:09.889+0000] {processor.py:830} INFO - Processing file /home/ubuntu/venv/lib/python3.12/site-packages/airflow/example_dags/example_task_group_decorator.py for tasks to queue
[2024-06-27T21:22:09.891+0000] {logging_mixin.py:188} INFO - [2024-06-27T21:22:09.891+0000] {dagbag.py:545} INFO - Filling up the DagBag from /home/ubuntu/venv/lib/python3.12/site-packages/airflow/example_dags/example_task_group_decorator.py
[2024-06-27T21:22:09.908+0000] {processor.py:840} INFO - DAG(s) 'example_task_group_decorator' retrieved from /home/ubuntu/venv/lib/python3.12/site-packages/airflow/example_dags/example_task_group_decorator.py
[2024-06-27T21:22:09.930+0000] {logging_mixin.py:188} INFO - [2024-06-27T21:22:09.930+0000] {dag.py:3096} INFO - Sync 1 DAGs
[2024-06-27T21:22:09.950+0000] {logging_mixin.py:188} INFO - [2024-06-27T21:22:09.950+0000] {dag.py:3954} INFO - Setting next_dagrun for example_task_group_decorator to 2024-06-26 00:00:00+00:00, run_after=2024-06-27 00:00:00+00:00
[2024-06-27T21:22:09.985+0000] {processor.py:183} INFO - Processing /home/ubuntu/venv/lib/python3.12/site-packages/airflow/example_dags/example_task_group_decorator.py took 0.102 seconds
[2024-06-27T21:22:52.367+0000] {processor.py:161} INFO - Started process (PID=3437) to work on /home/ubuntu/venv/lib/python3.12/site-packages/airflow/example_dags/example_task_group_decorator.py
[2024-06-27T21:22:52.368+0000] {processor.py:830} INFO - Processing file /home/ubuntu/venv/lib/python3.12/site-packages/airflow/example_dags/example_task_group_decorator.py for tasks to queue
[2024-06-27T21:22:52.370+0000] {logging_mixin.py:188} INFO - [2024-06-27T21:22:52.370+0000] {dagbag.py:545} INFO - Filling up the DagBag from /home/ubuntu/venv/lib/python3.12/site-packages/airflow/example_dags/example_task_group_decorator.py
[2024-06-27T21:22:52.386+0000] {processor.py:840} INFO - DAG(s) 'example_task_group_decorator' retrieved from /home/ubuntu/venv/lib/python3.12/site-packages/airflow/example_dags/example_task_group_decorator.py
[2024-06-27T21:22:52.408+0000] {logging_mixin.py:188} INFO - [2024-06-27T21:22:52.407+0000] {dag.py:3096} INFO - Sync 1 DAGs
[2024-06-27T21:22:52.428+0000] {logging_mixin.py:188} INFO - [2024-06-27T21:22:52.427+0000] {dag.py:3954} INFO - Setting next_dagrun for example_task_group_decorator to 2024-06-26 00:00:00+00:00, run_after=2024-06-27 00:00:00+00:00
[2024-06-27T21:22:52.450+0000] {processor.py:183} INFO - Processing /home/ubuntu/venv/lib/python3.12/site-packages/airflow/example_dags/example_task_group_decorator.py took 0.089 seconds
[2024-06-27T21:23:31.282+0000] {processor.py:161} INFO - Started process (PID=3480) to work on /home/ubuntu/venv/lib/python3.12/site-packages/airflow/example_dags/example_task_group_decorator.py
[2024-06-27T21:23:31.283+0000] {processor.py:830} INFO - Processing file /home/ubuntu/venv/lib/python3.12/site-packages/airflow/example_dags/example_task_group_decorator.py for tasks to queue
[2024-06-27T21:23:31.285+0000] {logging_mixin.py:188} INFO - [2024-06-27T21:23:31.285+0000] {dagbag.py:545} INFO - Filling up the DagBag from /home/ubuntu/venv/lib/python3.12/site-packages/airflow/example_dags/example_task_group_decorator.py
[2024-06-27T21:23:31.302+0000] {processor.py:840} INFO - DAG(s) 'example_task_group_decorator' retrieved from /home/ubuntu/venv/lib/python3.12/site-packages/airflow/example_dags/example_task_group_decorator.py
[2024-06-27T21:23:31.325+0000] {logging_mixin.py:188} INFO - [2024-06-27T21:23:31.324+0000] {dag.py:3096} INFO - Sync 1 DAGs
[2024-06-27T21:23:31.346+0000] {logging_mixin.py:188} INFO - [2024-06-27T21:23:31.345+0000] {dag.py:3954} INFO - Setting next_dagrun for example_task_group_decorator to 2024-06-26 00:00:00+00:00, run_after=2024-06-27 00:00:00+00:00
[2024-06-27T21:23:31.368+0000] {processor.py:183} INFO - Processing /home/ubuntu/venv/lib/python3.12/site-packages/airflow/example_dags/example_task_group_decorator.py took 0.093 seconds
[2024-06-27T21:24:09.620+0000] {processor.py:161} INFO - Started process (PID=3521) to work on /home/ubuntu/venv/lib/python3.12/site-packages/airflow/example_dags/example_task_group_decorator.py
[2024-06-27T21:24:09.621+0000] {processor.py:830} INFO - Processing file /home/ubuntu/venv/lib/python3.12/site-packages/airflow/example_dags/example_task_group_decorator.py for tasks to queue
[2024-06-27T21:24:09.623+0000] {logging_mixin.py:188} INFO - [2024-06-27T21:24:09.622+0000] {dagbag.py:545} INFO - Filling up the DagBag from /home/ubuntu/venv/lib/python3.12/site-packages/airflow/example_dags/example_task_group_decorator.py
[2024-06-27T21:24:09.638+0000] {processor.py:840} INFO - DAG(s) 'example_task_group_decorator' retrieved from /home/ubuntu/venv/lib/python3.12/site-packages/airflow/example_dags/example_task_group_decorator.py
[2024-06-27T21:24:09.660+0000] {logging_mixin.py:188} INFO - [2024-06-27T21:24:09.660+0000] {dag.py:3096} INFO - Sync 1 DAGs
[2024-06-27T21:24:09.680+0000] {logging_mixin.py:188} INFO - [2024-06-27T21:24:09.680+0000] {dag.py:3954} INFO - Setting next_dagrun for example_task_group_decorator to 2024-06-26 00:00:00+00:00, run_after=2024-06-27 00:00:00+00:00
[2024-06-27T21:24:09.704+0000] {processor.py:183} INFO - Processing /home/ubuntu/venv/lib/python3.12/site-packages/airflow/example_dags/example_task_group_decorator.py took 0.090 seconds
[2024-06-27T21:24:49.842+0000] {processor.py:161} INFO - Started process (PID=3564) to work on /home/ubuntu/venv/lib/python3.12/site-packages/airflow/example_dags/example_task_group_decorator.py
[2024-06-27T21:24:49.844+0000] {processor.py:830} INFO - Processing file /home/ubuntu/venv/lib/python3.12/site-packages/airflow/example_dags/example_task_group_decorator.py for tasks to queue
[2024-06-27T21:24:49.845+0000] {logging_mixin.py:188} INFO - [2024-06-27T21:24:49.844+0000] {dagbag.py:545} INFO - Filling up the DagBag from /home/ubuntu/venv/lib/python3.12/site-packages/airflow/example_dags/example_task_group_decorator.py
[2024-06-27T21:24:49.861+0000] {processor.py:840} INFO - DAG(s) 'example_task_group_decorator' retrieved from /home/ubuntu/venv/lib/python3.12/site-packages/airflow/example_dags/example_task_group_decorator.py
[2024-06-27T21:24:49.883+0000] {logging_mixin.py:188} INFO - [2024-06-27T21:24:49.883+0000] {dag.py:3096} INFO - Sync 1 DAGs
[2024-06-27T21:24:49.903+0000] {logging_mixin.py:188} INFO - [2024-06-27T21:24:49.903+0000] {dag.py:3954} INFO - Setting next_dagrun for example_task_group_decorator to 2024-06-26 00:00:00+00:00, run_after=2024-06-27 00:00:00+00:00
[2024-06-27T21:24:49.926+0000] {processor.py:183} INFO - Processing /home/ubuntu/venv/lib/python3.12/site-packages/airflow/example_dags/example_task_group_decorator.py took 0.090 seconds
[2024-06-27T21:25:33.296+0000] {processor.py:161} INFO - Started process (PID=3617) to work on /home/ubuntu/venv/lib/python3.12/site-packages/airflow/example_dags/example_task_group_decorator.py
[2024-06-27T21:25:33.298+0000] {processor.py:830} INFO - Processing file /home/ubuntu/venv/lib/python3.12/site-packages/airflow/example_dags/example_task_group_decorator.py for tasks to queue
[2024-06-27T21:25:33.299+0000] {logging_mixin.py:188} INFO - [2024-06-27T21:25:33.298+0000] {dagbag.py:545} INFO - Filling up the DagBag from /home/ubuntu/venv/lib/python3.12/site-packages/airflow/example_dags/example_task_group_decorator.py
[2024-06-27T21:25:33.315+0000] {processor.py:840} INFO - DAG(s) 'example_task_group_decorator' retrieved from /home/ubuntu/venv/lib/python3.12/site-packages/airflow/example_dags/example_task_group_decorator.py
[2024-06-27T21:25:33.337+0000] {logging_mixin.py:188} INFO - [2024-06-27T21:25:33.337+0000] {dag.py:3096} INFO - Sync 1 DAGs
[2024-06-27T21:25:33.358+0000] {logging_mixin.py:188} INFO - [2024-06-27T21:25:33.358+0000] {dag.py:3954} INFO - Setting next_dagrun for example_task_group_decorator to 2024-06-26 00:00:00+00:00, run_after=2024-06-27 00:00:00+00:00
[2024-06-27T21:25:33.381+0000] {processor.py:183} INFO - Processing /home/ubuntu/venv/lib/python3.12/site-packages/airflow/example_dags/example_task_group_decorator.py took 0.091 seconds
[2024-06-27T21:26:14.716+0000] {processor.py:161} INFO - Started process (PID=3659) to work on /home/ubuntu/venv/lib/python3.12/site-packages/airflow/example_dags/example_task_group_decorator.py
[2024-06-27T21:26:14.717+0000] {processor.py:830} INFO - Processing file /home/ubuntu/venv/lib/python3.12/site-packages/airflow/example_dags/example_task_group_decorator.py for tasks to queue
[2024-06-27T21:26:14.718+0000] {logging_mixin.py:188} INFO - [2024-06-27T21:26:14.718+0000] {dagbag.py:545} INFO - Filling up the DagBag from /home/ubuntu/venv/lib/python3.12/site-packages/airflow/example_dags/example_task_group_decorator.py
[2024-06-27T21:26:14.736+0000] {processor.py:840} INFO - DAG(s) 'example_task_group_decorator' retrieved from /home/ubuntu/venv/lib/python3.12/site-packages/airflow/example_dags/example_task_group_decorator.py
[2024-06-27T21:26:14.759+0000] {logging_mixin.py:188} INFO - [2024-06-27T21:26:14.758+0000] {dag.py:3096} INFO - Sync 1 DAGs
[2024-06-27T21:26:14.780+0000] {logging_mixin.py:188} INFO - [2024-06-27T21:26:14.779+0000] {dag.py:3954} INFO - Setting next_dagrun for example_task_group_decorator to 2024-06-26 00:00:00+00:00, run_after=2024-06-27 00:00:00+00:00
[2024-06-27T21:26:14.803+0000] {processor.py:183} INFO - Processing /home/ubuntu/venv/lib/python3.12/site-packages/airflow/example_dags/example_task_group_decorator.py took 0.093 seconds
[2024-06-27T21:26:59.005+0000] {processor.py:161} INFO - Started process (PID=3704) to work on /home/ubuntu/venv/lib/python3.12/site-packages/airflow/example_dags/example_task_group_decorator.py
[2024-06-27T21:26:59.006+0000] {processor.py:830} INFO - Processing file /home/ubuntu/venv/lib/python3.12/site-packages/airflow/example_dags/example_task_group_decorator.py for tasks to queue
[2024-06-27T21:26:59.007+0000] {logging_mixin.py:188} INFO - [2024-06-27T21:26:59.006+0000] {dagbag.py:545} INFO - Filling up the DagBag from /home/ubuntu/venv/lib/python3.12/site-packages/airflow/example_dags/example_task_group_decorator.py
[2024-06-27T21:26:59.024+0000] {processor.py:840} INFO - DAG(s) 'example_task_group_decorator' retrieved from /home/ubuntu/venv/lib/python3.12/site-packages/airflow/example_dags/example_task_group_decorator.py
[2024-06-27T21:26:59.046+0000] {logging_mixin.py:188} INFO - [2024-06-27T21:26:59.046+0000] {dag.py:3096} INFO - Sync 1 DAGs
[2024-06-27T21:26:59.066+0000] {logging_mixin.py:188} INFO - [2024-06-27T21:26:59.066+0000] {dag.py:3954} INFO - Setting next_dagrun for example_task_group_decorator to 2024-06-26 00:00:00+00:00, run_after=2024-06-27 00:00:00+00:00
[2024-06-27T21:26:59.088+0000] {processor.py:183} INFO - Processing /home/ubuntu/venv/lib/python3.12/site-packages/airflow/example_dags/example_task_group_decorator.py took 0.090 seconds
[2024-06-27T21:27:40.542+0000] {processor.py:161} INFO - Started process (PID=3748) to work on /home/ubuntu/venv/lib/python3.12/site-packages/airflow/example_dags/example_task_group_decorator.py
[2024-06-27T21:27:40.543+0000] {processor.py:830} INFO - Processing file /home/ubuntu/venv/lib/python3.12/site-packages/airflow/example_dags/example_task_group_decorator.py for tasks to queue
[2024-06-27T21:27:40.544+0000] {logging_mixin.py:188} INFO - [2024-06-27T21:27:40.544+0000] {dagbag.py:545} INFO - Filling up the DagBag from /home/ubuntu/venv/lib/python3.12/site-packages/airflow/example_dags/example_task_group_decorator.py
[2024-06-27T21:27:40.561+0000] {processor.py:840} INFO - DAG(s) 'example_task_group_decorator' retrieved from /home/ubuntu/venv/lib/python3.12/site-packages/airflow/example_dags/example_task_group_decorator.py
[2024-06-27T21:27:40.583+0000] {logging_mixin.py:188} INFO - [2024-06-27T21:27:40.583+0000] {dag.py:3096} INFO - Sync 1 DAGs
[2024-06-27T21:27:40.603+0000] {logging_mixin.py:188} INFO - [2024-06-27T21:27:40.602+0000] {dag.py:3954} INFO - Setting next_dagrun for example_task_group_decorator to 2024-06-26 00:00:00+00:00, run_after=2024-06-27 00:00:00+00:00
[2024-06-27T21:27:40.626+0000] {processor.py:183} INFO - Processing /home/ubuntu/venv/lib/python3.12/site-packages/airflow/example_dags/example_task_group_decorator.py took 0.090 seconds
[2024-06-27T21:28:41.859+0000] {processor.py:161} INFO - Started process (PID=3824) to work on /home/ubuntu/venv/lib/python3.12/site-packages/airflow/example_dags/example_task_group_decorator.py
[2024-06-27T21:28:41.860+0000] {processor.py:830} INFO - Processing file /home/ubuntu/venv/lib/python3.12/site-packages/airflow/example_dags/example_task_group_decorator.py for tasks to queue
[2024-06-27T21:28:41.861+0000] {logging_mixin.py:188} INFO - [2024-06-27T21:28:41.861+0000] {dagbag.py:545} INFO - Filling up the DagBag from /home/ubuntu/venv/lib/python3.12/site-packages/airflow/example_dags/example_task_group_decorator.py
[2024-06-27T21:28:41.878+0000] {processor.py:840} INFO - DAG(s) 'example_task_group_decorator' retrieved from /home/ubuntu/venv/lib/python3.12/site-packages/airflow/example_dags/example_task_group_decorator.py
[2024-06-27T21:28:41.900+0000] {logging_mixin.py:188} INFO - [2024-06-27T21:28:41.900+0000] {dag.py:3096} INFO - Sync 1 DAGs
[2024-06-27T21:28:41.920+0000] {logging_mixin.py:188} INFO - [2024-06-27T21:28:41.920+0000] {dag.py:3954} INFO - Setting next_dagrun for example_task_group_decorator to 2024-06-26 00:00:00+00:00, run_after=2024-06-27 00:00:00+00:00
[2024-06-27T21:28:41.944+0000] {processor.py:183} INFO - Processing /home/ubuntu/venv/lib/python3.12/site-packages/airflow/example_dags/example_task_group_decorator.py took 0.091 seconds
[2024-06-27T21:29:23.688+0000] {processor.py:161} INFO - Started process (PID=3876) to work on /home/ubuntu/venv/lib/python3.12/site-packages/airflow/example_dags/example_task_group_decorator.py
[2024-06-27T21:29:23.690+0000] {processor.py:830} INFO - Processing file /home/ubuntu/venv/lib/python3.12/site-packages/airflow/example_dags/example_task_group_decorator.py for tasks to queue
[2024-06-27T21:29:23.691+0000] {logging_mixin.py:188} INFO - [2024-06-27T21:29:23.690+0000] {dagbag.py:545} INFO - Filling up the DagBag from /home/ubuntu/venv/lib/python3.12/site-packages/airflow/example_dags/example_task_group_decorator.py
[2024-06-27T21:29:23.709+0000] {processor.py:840} INFO - DAG(s) 'example_task_group_decorator' retrieved from /home/ubuntu/venv/lib/python3.12/site-packages/airflow/example_dags/example_task_group_decorator.py
[2024-06-27T21:29:23.731+0000] {logging_mixin.py:188} INFO - [2024-06-27T21:29:23.731+0000] {dag.py:3096} INFO - Sync 1 DAGs
[2024-06-27T21:29:23.753+0000] {logging_mixin.py:188} INFO - [2024-06-27T21:29:23.753+0000] {dag.py:3954} INFO - Setting next_dagrun for example_task_group_decorator to 2024-06-26 00:00:00+00:00, run_after=2024-06-27 00:00:00+00:00
[2024-06-27T21:29:23.777+0000] {processor.py:183} INFO - Processing /home/ubuntu/venv/lib/python3.12/site-packages/airflow/example_dags/example_task_group_decorator.py took 0.095 seconds
[2024-06-27T21:30:10.269+0000] {processor.py:161} INFO - Started process (PID=3928) to work on /home/ubuntu/venv/lib/python3.12/site-packages/airflow/example_dags/example_task_group_decorator.py
[2024-06-27T21:30:10.271+0000] {processor.py:830} INFO - Processing file /home/ubuntu/venv/lib/python3.12/site-packages/airflow/example_dags/example_task_group_decorator.py for tasks to queue
[2024-06-27T21:30:10.272+0000] {logging_mixin.py:188} INFO - [2024-06-27T21:30:10.272+0000] {dagbag.py:545} INFO - Filling up the DagBag from /home/ubuntu/venv/lib/python3.12/site-packages/airflow/example_dags/example_task_group_decorator.py
[2024-06-27T21:30:10.289+0000] {processor.py:840} INFO - DAG(s) 'example_task_group_decorator' retrieved from /home/ubuntu/venv/lib/python3.12/site-packages/airflow/example_dags/example_task_group_decorator.py
[2024-06-27T21:30:10.311+0000] {logging_mixin.py:188} INFO - [2024-06-27T21:30:10.311+0000] {dag.py:3096} INFO - Sync 1 DAGs
[2024-06-27T21:30:10.332+0000] {logging_mixin.py:188} INFO - [2024-06-27T21:30:10.331+0000] {dag.py:3954} INFO - Setting next_dagrun for example_task_group_decorator to 2024-06-26 00:00:00+00:00, run_after=2024-06-27 00:00:00+00:00
[2024-06-27T21:30:10.354+0000] {processor.py:183} INFO - Processing /home/ubuntu/venv/lib/python3.12/site-packages/airflow/example_dags/example_task_group_decorator.py took 0.091 seconds
[2024-06-27T21:31:00.567+0000] {processor.py:161} INFO - Started process (PID=3987) to work on /home/ubuntu/venv/lib/python3.12/site-packages/airflow/example_dags/example_task_group_decorator.py
[2024-06-27T21:31:00.569+0000] {processor.py:830} INFO - Processing file /home/ubuntu/venv/lib/python3.12/site-packages/airflow/example_dags/example_task_group_decorator.py for tasks to queue
[2024-06-27T21:31:00.570+0000] {logging_mixin.py:188} INFO - [2024-06-27T21:31:00.569+0000] {dagbag.py:545} INFO - Filling up the DagBag from /home/ubuntu/venv/lib/python3.12/site-packages/airflow/example_dags/example_task_group_decorator.py
[2024-06-27T21:31:00.587+0000] {processor.py:840} INFO - DAG(s) 'example_task_group_decorator' retrieved from /home/ubuntu/venv/lib/python3.12/site-packages/airflow/example_dags/example_task_group_decorator.py
[2024-06-27T21:31:00.609+0000] {logging_mixin.py:188} INFO - [2024-06-27T21:31:00.609+0000] {dag.py:3096} INFO - Sync 1 DAGs
[2024-06-27T21:31:00.629+0000] {logging_mixin.py:188} INFO - [2024-06-27T21:31:00.629+0000] {dag.py:3954} INFO - Setting next_dagrun for example_task_group_decorator to 2024-06-26 00:00:00+00:00, run_after=2024-06-27 00:00:00+00:00
[2024-06-27T21:31:00.651+0000] {processor.py:183} INFO - Processing /home/ubuntu/venv/lib/python3.12/site-packages/airflow/example_dags/example_task_group_decorator.py took 0.090 seconds
[2024-06-27T21:31:44.560+0000] {processor.py:161} INFO - Started process (PID=4031) to work on /home/ubuntu/venv/lib/python3.12/site-packages/airflow/example_dags/example_task_group_decorator.py
[2024-06-27T21:31:44.562+0000] {processor.py:830} INFO - Processing file /home/ubuntu/venv/lib/python3.12/site-packages/airflow/example_dags/example_task_group_decorator.py for tasks to queue
[2024-06-27T21:31:44.563+0000] {logging_mixin.py:188} INFO - [2024-06-27T21:31:44.562+0000] {dagbag.py:545} INFO - Filling up the DagBag from /home/ubuntu/venv/lib/python3.12/site-packages/airflow/example_dags/example_task_group_decorator.py
[2024-06-27T21:31:44.580+0000] {processor.py:840} INFO - DAG(s) 'example_task_group_decorator' retrieved from /home/ubuntu/venv/lib/python3.12/site-packages/airflow/example_dags/example_task_group_decorator.py
[2024-06-27T21:31:44.602+0000] {logging_mixin.py:188} INFO - [2024-06-27T21:31:44.602+0000] {dag.py:3096} INFO - Sync 1 DAGs
[2024-06-27T21:31:44.622+0000] {logging_mixin.py:188} INFO - [2024-06-27T21:31:44.622+0000] {dag.py:3954} INFO - Setting next_dagrun for example_task_group_decorator to 2024-06-26 00:00:00+00:00, run_after=2024-06-27 00:00:00+00:00
[2024-06-27T21:31:44.646+0000] {processor.py:183} INFO - Processing /home/ubuntu/venv/lib/python3.12/site-packages/airflow/example_dags/example_task_group_decorator.py took 0.092 seconds
[2024-06-27T21:32:35.093+0000] {processor.py:161} INFO - Started process (PID=4085) to work on /home/ubuntu/venv/lib/python3.12/site-packages/airflow/example_dags/example_task_group_decorator.py
[2024-06-27T21:32:35.095+0000] {processor.py:830} INFO - Processing file /home/ubuntu/venv/lib/python3.12/site-packages/airflow/example_dags/example_task_group_decorator.py for tasks to queue
[2024-06-27T21:32:35.096+0000] {logging_mixin.py:188} INFO - [2024-06-27T21:32:35.096+0000] {dagbag.py:545} INFO - Filling up the DagBag from /home/ubuntu/venv/lib/python3.12/site-packages/airflow/example_dags/example_task_group_decorator.py
[2024-06-27T21:32:35.113+0000] {processor.py:840} INFO - DAG(s) 'example_task_group_decorator' retrieved from /home/ubuntu/venv/lib/python3.12/site-packages/airflow/example_dags/example_task_group_decorator.py
[2024-06-27T21:32:35.136+0000] {logging_mixin.py:188} INFO - [2024-06-27T21:32:35.135+0000] {dag.py:3096} INFO - Sync 1 DAGs
[2024-06-27T21:32:35.156+0000] {logging_mixin.py:188} INFO - [2024-06-27T21:32:35.155+0000] {dag.py:3954} INFO - Setting next_dagrun for example_task_group_decorator to 2024-06-26 00:00:00+00:00, run_after=2024-06-27 00:00:00+00:00
[2024-06-27T21:32:35.181+0000] {processor.py:183} INFO - Processing /home/ubuntu/venv/lib/python3.12/site-packages/airflow/example_dags/example_task_group_decorator.py took 0.094 seconds
[2024-06-27T21:33:17.608+0000] {processor.py:161} INFO - Started process (PID=4138) to work on /home/ubuntu/venv/lib/python3.12/site-packages/airflow/example_dags/example_task_group_decorator.py
[2024-06-27T21:33:17.609+0000] {processor.py:830} INFO - Processing file /home/ubuntu/venv/lib/python3.12/site-packages/airflow/example_dags/example_task_group_decorator.py for tasks to queue
[2024-06-27T21:33:17.610+0000] {logging_mixin.py:188} INFO - [2024-06-27T21:33:17.610+0000] {dagbag.py:545} INFO - Filling up the DagBag from /home/ubuntu/venv/lib/python3.12/site-packages/airflow/example_dags/example_task_group_decorator.py
[2024-06-27T21:33:17.627+0000] {processor.py:840} INFO - DAG(s) 'example_task_group_decorator' retrieved from /home/ubuntu/venv/lib/python3.12/site-packages/airflow/example_dags/example_task_group_decorator.py
[2024-06-27T21:33:17.649+0000] {logging_mixin.py:188} INFO - [2024-06-27T21:33:17.649+0000] {dag.py:3096} INFO - Sync 1 DAGs
[2024-06-27T21:33:17.670+0000] {logging_mixin.py:188} INFO - [2024-06-27T21:33:17.670+0000] {dag.py:3954} INFO - Setting next_dagrun for example_task_group_decorator to 2024-06-26 00:00:00+00:00, run_after=2024-06-27 00:00:00+00:00
[2024-06-27T21:33:17.694+0000] {processor.py:183} INFO - Processing /home/ubuntu/venv/lib/python3.12/site-packages/airflow/example_dags/example_task_group_decorator.py took 0.092 seconds
[2024-06-27T21:34:05.134+0000] {processor.py:161} INFO - Started process (PID=4190) to work on /home/ubuntu/venv/lib/python3.12/site-packages/airflow/example_dags/example_task_group_decorator.py
[2024-06-27T21:34:05.136+0000] {processor.py:830} INFO - Processing file /home/ubuntu/venv/lib/python3.12/site-packages/airflow/example_dags/example_task_group_decorator.py for tasks to queue
[2024-06-27T21:34:05.137+0000] {logging_mixin.py:188} INFO - [2024-06-27T21:34:05.136+0000] {dagbag.py:545} INFO - Filling up the DagBag from /home/ubuntu/venv/lib/python3.12/site-packages/airflow/example_dags/example_task_group_decorator.py
[2024-06-27T21:34:05.154+0000] {processor.py:840} INFO - DAG(s) 'example_task_group_decorator' retrieved from /home/ubuntu/venv/lib/python3.12/site-packages/airflow/example_dags/example_task_group_decorator.py
[2024-06-27T21:34:05.175+0000] {logging_mixin.py:188} INFO - [2024-06-27T21:34:05.175+0000] {dag.py:3096} INFO - Sync 1 DAGs
[2024-06-27T21:34:05.196+0000] {logging_mixin.py:188} INFO - [2024-06-27T21:34:05.195+0000] {dag.py:3954} INFO - Setting next_dagrun for example_task_group_decorator to 2024-06-26 00:00:00+00:00, run_after=2024-06-27 00:00:00+00:00
[2024-06-27T21:34:05.219+0000] {processor.py:183} INFO - Processing /home/ubuntu/venv/lib/python3.12/site-packages/airflow/example_dags/example_task_group_decorator.py took 0.090 seconds
[2024-06-27T21:34:55.376+0000] {processor.py:161} INFO - Started process (PID=4242) to work on /home/ubuntu/venv/lib/python3.12/site-packages/airflow/example_dags/example_task_group_decorator.py
[2024-06-27T21:34:55.378+0000] {processor.py:830} INFO - Processing file /home/ubuntu/venv/lib/python3.12/site-packages/airflow/example_dags/example_task_group_decorator.py for tasks to queue
[2024-06-27T21:34:55.379+0000] {logging_mixin.py:188} INFO - [2024-06-27T21:34:55.378+0000] {dagbag.py:545} INFO - Filling up the DagBag from /home/ubuntu/venv/lib/python3.12/site-packages/airflow/example_dags/example_task_group_decorator.py
[2024-06-27T21:34:55.396+0000] {processor.py:840} INFO - DAG(s) 'example_task_group_decorator' retrieved from /home/ubuntu/venv/lib/python3.12/site-packages/airflow/example_dags/example_task_group_decorator.py
[2024-06-27T21:34:55.418+0000] {logging_mixin.py:188} INFO - [2024-06-27T21:34:55.418+0000] {dag.py:3096} INFO - Sync 1 DAGs
[2024-06-27T21:34:55.438+0000] {logging_mixin.py:188} INFO - [2024-06-27T21:34:55.438+0000] {dag.py:3954} INFO - Setting next_dagrun for example_task_group_decorator to 2024-06-26 00:00:00+00:00, run_after=2024-06-27 00:00:00+00:00
[2024-06-27T21:34:55.461+0000] {processor.py:183} INFO - Processing /home/ubuntu/venv/lib/python3.12/site-packages/airflow/example_dags/example_task_group_decorator.py took 0.091 seconds
[2024-06-27T21:35:38.942+0000] {processor.py:161} INFO - Started process (PID=4291) to work on /home/ubuntu/venv/lib/python3.12/site-packages/airflow/example_dags/example_task_group_decorator.py
[2024-06-27T21:35:38.943+0000] {processor.py:830} INFO - Processing file /home/ubuntu/venv/lib/python3.12/site-packages/airflow/example_dags/example_task_group_decorator.py for tasks to queue
[2024-06-27T21:35:38.944+0000] {logging_mixin.py:188} INFO - [2024-06-27T21:35:38.944+0000] {dagbag.py:545} INFO - Filling up the DagBag from /home/ubuntu/venv/lib/python3.12/site-packages/airflow/example_dags/example_task_group_decorator.py
[2024-06-27T21:35:38.961+0000] {processor.py:840} INFO - DAG(s) 'example_task_group_decorator' retrieved from /home/ubuntu/venv/lib/python3.12/site-packages/airflow/example_dags/example_task_group_decorator.py
[2024-06-27T21:35:38.982+0000] {logging_mixin.py:188} INFO - [2024-06-27T21:35:38.982+0000] {dag.py:3096} INFO - Sync 1 DAGs
[2024-06-27T21:35:39.002+0000] {logging_mixin.py:188} INFO - [2024-06-27T21:35:39.002+0000] {dag.py:3954} INFO - Setting next_dagrun for example_task_group_decorator to 2024-06-26 00:00:00+00:00, run_after=2024-06-27 00:00:00+00:00
[2024-06-27T21:35:39.026+0000] {processor.py:183} INFO - Processing /home/ubuntu/venv/lib/python3.12/site-packages/airflow/example_dags/example_task_group_decorator.py took 0.090 seconds
[2024-06-27T21:36:20.380+0000] {processor.py:161} INFO - Started process (PID=4334) to work on /home/ubuntu/venv/lib/python3.12/site-packages/airflow/example_dags/example_task_group_decorator.py
[2024-06-27T21:36:20.381+0000] {processor.py:830} INFO - Processing file /home/ubuntu/venv/lib/python3.12/site-packages/airflow/example_dags/example_task_group_decorator.py for tasks to queue
[2024-06-27T21:36:20.382+0000] {logging_mixin.py:188} INFO - [2024-06-27T21:36:20.381+0000] {dagbag.py:545} INFO - Filling up the DagBag from /home/ubuntu/venv/lib/python3.12/site-packages/airflow/example_dags/example_task_group_decorator.py
[2024-06-27T21:36:20.399+0000] {processor.py:840} INFO - DAG(s) 'example_task_group_decorator' retrieved from /home/ubuntu/venv/lib/python3.12/site-packages/airflow/example_dags/example_task_group_decorator.py
[2024-06-27T21:36:20.421+0000] {logging_mixin.py:188} INFO - [2024-06-27T21:36:20.420+0000] {dag.py:3096} INFO - Sync 1 DAGs
[2024-06-27T21:36:20.441+0000] {logging_mixin.py:188} INFO - [2024-06-27T21:36:20.440+0000] {dag.py:3954} INFO - Setting next_dagrun for example_task_group_decorator to 2024-06-26 00:00:00+00:00, run_after=2024-06-27 00:00:00+00:00
[2024-06-27T21:36:20.465+0000] {processor.py:183} INFO - Processing /home/ubuntu/venv/lib/python3.12/site-packages/airflow/example_dags/example_task_group_decorator.py took 0.091 seconds
[2024-06-27T21:37:04.229+0000] {processor.py:161} INFO - Started process (PID=4379) to work on /home/ubuntu/venv/lib/python3.12/site-packages/airflow/example_dags/example_task_group_decorator.py
[2024-06-27T21:37:04.232+0000] {processor.py:830} INFO - Processing file /home/ubuntu/venv/lib/python3.12/site-packages/airflow/example_dags/example_task_group_decorator.py for tasks to queue
[2024-06-27T21:37:04.233+0000] {logging_mixin.py:188} INFO - [2024-06-27T21:37:04.232+0000] {dagbag.py:545} INFO - Filling up the DagBag from /home/ubuntu/venv/lib/python3.12/site-packages/airflow/example_dags/example_task_group_decorator.py
[2024-06-27T21:37:04.249+0000] {processor.py:840} INFO - DAG(s) 'example_task_group_decorator' retrieved from /home/ubuntu/venv/lib/python3.12/site-packages/airflow/example_dags/example_task_group_decorator.py
[2024-06-27T21:37:04.271+0000] {logging_mixin.py:188} INFO - [2024-06-27T21:37:04.271+0000] {dag.py:3096} INFO - Sync 1 DAGs
[2024-06-27T21:37:04.291+0000] {logging_mixin.py:188} INFO - [2024-06-27T21:37:04.291+0000] {dag.py:3954} INFO - Setting next_dagrun for example_task_group_decorator to 2024-06-26 00:00:00+00:00, run_after=2024-06-27 00:00:00+00:00
[2024-06-27T21:37:04.315+0000] {processor.py:183} INFO - Processing /home/ubuntu/venv/lib/python3.12/site-packages/airflow/example_dags/example_task_group_decorator.py took 0.093 seconds
[2024-06-27T21:37:52.049+0000] {processor.py:161} INFO - Started process (PID=4431) to work on /home/ubuntu/venv/lib/python3.12/site-packages/airflow/example_dags/example_task_group_decorator.py
[2024-06-27T21:37:52.051+0000] {processor.py:830} INFO - Processing file /home/ubuntu/venv/lib/python3.12/site-packages/airflow/example_dags/example_task_group_decorator.py for tasks to queue
[2024-06-27T21:37:52.052+0000] {logging_mixin.py:188} INFO - [2024-06-27T21:37:52.051+0000] {dagbag.py:545} INFO - Filling up the DagBag from /home/ubuntu/venv/lib/python3.12/site-packages/airflow/example_dags/example_task_group_decorator.py
[2024-06-27T21:37:52.069+0000] {processor.py:840} INFO - DAG(s) 'example_task_group_decorator' retrieved from /home/ubuntu/venv/lib/python3.12/site-packages/airflow/example_dags/example_task_group_decorator.py
[2024-06-27T21:37:52.091+0000] {logging_mixin.py:188} INFO - [2024-06-27T21:37:52.091+0000] {dag.py:3096} INFO - Sync 1 DAGs
[2024-06-27T21:37:52.112+0000] {logging_mixin.py:188} INFO - [2024-06-27T21:37:52.112+0000] {dag.py:3954} INFO - Setting next_dagrun for example_task_group_decorator to 2024-06-26 00:00:00+00:00, run_after=2024-06-27 00:00:00+00:00
[2024-06-27T21:37:52.134+0000] {processor.py:183} INFO - Processing /home/ubuntu/venv/lib/python3.12/site-packages/airflow/example_dags/example_task_group_decorator.py took 0.091 seconds
[2024-06-27T21:38:41.856+0000] {processor.py:161} INFO - Started process (PID=4481) to work on /home/ubuntu/venv/lib/python3.12/site-packages/airflow/example_dags/example_task_group_decorator.py
[2024-06-27T21:38:41.858+0000] {processor.py:830} INFO - Processing file /home/ubuntu/venv/lib/python3.12/site-packages/airflow/example_dags/example_task_group_decorator.py for tasks to queue
[2024-06-27T21:38:41.859+0000] {logging_mixin.py:188} INFO - [2024-06-27T21:38:41.858+0000] {dagbag.py:545} INFO - Filling up the DagBag from /home/ubuntu/venv/lib/python3.12/site-packages/airflow/example_dags/example_task_group_decorator.py
[2024-06-27T21:38:41.876+0000] {processor.py:840} INFO - DAG(s) 'example_task_group_decorator' retrieved from /home/ubuntu/venv/lib/python3.12/site-packages/airflow/example_dags/example_task_group_decorator.py
[2024-06-27T21:38:41.898+0000] {logging_mixin.py:188} INFO - [2024-06-27T21:38:41.897+0000] {dag.py:3096} INFO - Sync 1 DAGs
[2024-06-27T21:38:41.918+0000] {logging_mixin.py:188} INFO - [2024-06-27T21:38:41.918+0000] {dag.py:3954} INFO - Setting next_dagrun for example_task_group_decorator to 2024-06-26 00:00:00+00:00, run_after=2024-06-27 00:00:00+00:00
[2024-06-27T21:38:42.062+0000] {processor.py:183} INFO - Processing /home/ubuntu/venv/lib/python3.12/site-packages/airflow/example_dags/example_task_group_decorator.py took 0.212 seconds
[2024-06-27T21:39:25.321+0000] {processor.py:161} INFO - Started process (PID=4526) to work on /home/ubuntu/venv/lib/python3.12/site-packages/airflow/example_dags/example_task_group_decorator.py
[2024-06-27T21:39:25.323+0000] {processor.py:830} INFO - Processing file /home/ubuntu/venv/lib/python3.12/site-packages/airflow/example_dags/example_task_group_decorator.py for tasks to queue
[2024-06-27T21:39:25.324+0000] {logging_mixin.py:188} INFO - [2024-06-27T21:39:25.324+0000] {dagbag.py:545} INFO - Filling up the DagBag from /home/ubuntu/venv/lib/python3.12/site-packages/airflow/example_dags/example_task_group_decorator.py
[2024-06-27T21:39:25.341+0000] {processor.py:840} INFO - DAG(s) 'example_task_group_decorator' retrieved from /home/ubuntu/venv/lib/python3.12/site-packages/airflow/example_dags/example_task_group_decorator.py
[2024-06-27T21:39:25.364+0000] {logging_mixin.py:188} INFO - [2024-06-27T21:39:25.364+0000] {dag.py:3096} INFO - Sync 1 DAGs
[2024-06-27T21:39:25.397+0000] {logging_mixin.py:188} INFO - [2024-06-27T21:39:25.396+0000] {dag.py:3954} INFO - Setting next_dagrun for example_task_group_decorator to 2024-06-26 00:00:00+00:00, run_after=2024-06-27 00:00:00+00:00
[2024-06-27T21:39:25.431+0000] {processor.py:183} INFO - Processing /home/ubuntu/venv/lib/python3.12/site-packages/airflow/example_dags/example_task_group_decorator.py took 0.116 seconds
[2024-06-27T21:40:07.730+0000] {processor.py:161} INFO - Started process (PID=4569) to work on /home/ubuntu/venv/lib/python3.12/site-packages/airflow/example_dags/example_task_group_decorator.py
[2024-06-27T21:40:07.731+0000] {processor.py:830} INFO - Processing file /home/ubuntu/venv/lib/python3.12/site-packages/airflow/example_dags/example_task_group_decorator.py for tasks to queue
[2024-06-27T21:40:07.732+0000] {logging_mixin.py:188} INFO - [2024-06-27T21:40:07.732+0000] {dagbag.py:545} INFO - Filling up the DagBag from /home/ubuntu/venv/lib/python3.12/site-packages/airflow/example_dags/example_task_group_decorator.py
[2024-06-27T21:40:07.749+0000] {processor.py:840} INFO - DAG(s) 'example_task_group_decorator' retrieved from /home/ubuntu/venv/lib/python3.12/site-packages/airflow/example_dags/example_task_group_decorator.py
[2024-06-27T21:40:07.771+0000] {logging_mixin.py:188} INFO - [2024-06-27T21:40:07.771+0000] {dag.py:3096} INFO - Sync 1 DAGs
[2024-06-27T21:40:07.791+0000] {logging_mixin.py:188} INFO - [2024-06-27T21:40:07.791+0000] {dag.py:3954} INFO - Setting next_dagrun for example_task_group_decorator to 2024-06-26 00:00:00+00:00, run_after=2024-06-27 00:00:00+00:00
[2024-06-27T21:40:07.816+0000] {processor.py:183} INFO - Processing /home/ubuntu/venv/lib/python3.12/site-packages/airflow/example_dags/example_task_group_decorator.py took 0.092 seconds
[2024-06-27T21:40:51.780+0000] {processor.py:161} INFO - Started process (PID=4617) to work on /home/ubuntu/venv/lib/python3.12/site-packages/airflow/example_dags/example_task_group_decorator.py
[2024-06-27T21:40:51.782+0000] {processor.py:830} INFO - Processing file /home/ubuntu/venv/lib/python3.12/site-packages/airflow/example_dags/example_task_group_decorator.py for tasks to queue
[2024-06-27T21:40:51.783+0000] {logging_mixin.py:188} INFO - [2024-06-27T21:40:51.782+0000] {dagbag.py:545} INFO - Filling up the DagBag from /home/ubuntu/venv/lib/python3.12/site-packages/airflow/example_dags/example_task_group_decorator.py
[2024-06-27T21:40:51.799+0000] {processor.py:840} INFO - DAG(s) 'example_task_group_decorator' retrieved from /home/ubuntu/venv/lib/python3.12/site-packages/airflow/example_dags/example_task_group_decorator.py
[2024-06-27T21:40:51.821+0000] {logging_mixin.py:188} INFO - [2024-06-27T21:40:51.820+0000] {dag.py:3096} INFO - Sync 1 DAGs
[2024-06-27T21:40:51.840+0000] {logging_mixin.py:188} INFO - [2024-06-27T21:40:51.840+0000] {dag.py:3954} INFO - Setting next_dagrun for example_task_group_decorator to 2024-06-26 00:00:00+00:00, run_after=2024-06-27 00:00:00+00:00
[2024-06-27T21:40:51.862+0000] {processor.py:183} INFO - Processing /home/ubuntu/venv/lib/python3.12/site-packages/airflow/example_dags/example_task_group_decorator.py took 0.088 seconds
[2024-06-27T21:41:35.599+0000] {processor.py:161} INFO - Started process (PID=4663) to work on /home/ubuntu/venv/lib/python3.12/site-packages/airflow/example_dags/example_task_group_decorator.py
[2024-06-27T21:41:35.601+0000] {processor.py:830} INFO - Processing file /home/ubuntu/venv/lib/python3.12/site-packages/airflow/example_dags/example_task_group_decorator.py for tasks to queue
[2024-06-27T21:41:35.602+0000] {logging_mixin.py:188} INFO - [2024-06-27T21:41:35.602+0000] {dagbag.py:545} INFO - Filling up the DagBag from /home/ubuntu/venv/lib/python3.12/site-packages/airflow/example_dags/example_task_group_decorator.py
[2024-06-27T21:41:35.619+0000] {processor.py:840} INFO - DAG(s) 'example_task_group_decorator' retrieved from /home/ubuntu/venv/lib/python3.12/site-packages/airflow/example_dags/example_task_group_decorator.py
[2024-06-27T21:41:35.641+0000] {logging_mixin.py:188} INFO - [2024-06-27T21:41:35.640+0000] {dag.py:3096} INFO - Sync 1 DAGs
[2024-06-27T21:41:35.662+0000] {logging_mixin.py:188} INFO - [2024-06-27T21:41:35.661+0000] {dag.py:3954} INFO - Setting next_dagrun for example_task_group_decorator to 2024-06-26 00:00:00+00:00, run_after=2024-06-27 00:00:00+00:00
[2024-06-27T21:41:35.800+0000] {processor.py:183} INFO - Processing /home/ubuntu/venv/lib/python3.12/site-packages/airflow/example_dags/example_task_group_decorator.py took 0.206 seconds
[2024-06-27T21:42:21.025+0000] {processor.py:161} INFO - Started process (PID=4709) to work on /home/ubuntu/venv/lib/python3.12/site-packages/airflow/example_dags/example_task_group_decorator.py
[2024-06-27T21:42:21.027+0000] {processor.py:830} INFO - Processing file /home/ubuntu/venv/lib/python3.12/site-packages/airflow/example_dags/example_task_group_decorator.py for tasks to queue
[2024-06-27T21:42:21.028+0000] {logging_mixin.py:188} INFO - [2024-06-27T21:42:21.028+0000] {dagbag.py:545} INFO - Filling up the DagBag from /home/ubuntu/venv/lib/python3.12/site-packages/airflow/example_dags/example_task_group_decorator.py
[2024-06-27T21:42:21.045+0000] {processor.py:840} INFO - DAG(s) 'example_task_group_decorator' retrieved from /home/ubuntu/venv/lib/python3.12/site-packages/airflow/example_dags/example_task_group_decorator.py
[2024-06-27T21:42:21.068+0000] {logging_mixin.py:188} INFO - [2024-06-27T21:42:21.067+0000] {dag.py:3096} INFO - Sync 1 DAGs
[2024-06-27T21:42:21.088+0000] {logging_mixin.py:188} INFO - [2024-06-27T21:42:21.088+0000] {dag.py:3954} INFO - Setting next_dagrun for example_task_group_decorator to 2024-06-26 00:00:00+00:00, run_after=2024-06-27 00:00:00+00:00
[2024-06-27T21:42:21.111+0000] {processor.py:183} INFO - Processing /home/ubuntu/venv/lib/python3.12/site-packages/airflow/example_dags/example_task_group_decorator.py took 0.091 seconds
[2024-06-27T21:43:02.628+0000] {processor.py:161} INFO - Started process (PID=4752) to work on /home/ubuntu/venv/lib/python3.12/site-packages/airflow/example_dags/example_task_group_decorator.py
[2024-06-27T21:43:02.630+0000] {processor.py:830} INFO - Processing file /home/ubuntu/venv/lib/python3.12/site-packages/airflow/example_dags/example_task_group_decorator.py for tasks to queue
[2024-06-27T21:43:02.631+0000] {logging_mixin.py:188} INFO - [2024-06-27T21:43:02.630+0000] {dagbag.py:545} INFO - Filling up the DagBag from /home/ubuntu/venv/lib/python3.12/site-packages/airflow/example_dags/example_task_group_decorator.py
[2024-06-27T21:43:02.648+0000] {processor.py:840} INFO - DAG(s) 'example_task_group_decorator' retrieved from /home/ubuntu/venv/lib/python3.12/site-packages/airflow/example_dags/example_task_group_decorator.py
[2024-06-27T21:43:02.671+0000] {logging_mixin.py:188} INFO - [2024-06-27T21:43:02.671+0000] {dag.py:3096} INFO - Sync 1 DAGs
[2024-06-27T21:43:02.694+0000] {logging_mixin.py:188} INFO - [2024-06-27T21:43:02.694+0000] {dag.py:3954} INFO - Setting next_dagrun for example_task_group_decorator to 2024-06-26 00:00:00+00:00, run_after=2024-06-27 00:00:00+00:00
[2024-06-27T21:43:02.839+0000] {processor.py:183} INFO - Processing /home/ubuntu/venv/lib/python3.12/site-packages/airflow/example_dags/example_task_group_decorator.py took 0.217 seconds
[2024-06-27T21:43:50.170+0000] {processor.py:161} INFO - Started process (PID=4799) to work on /home/ubuntu/venv/lib/python3.12/site-packages/airflow/example_dags/example_task_group_decorator.py
[2024-06-27T21:43:50.171+0000] {processor.py:830} INFO - Processing file /home/ubuntu/venv/lib/python3.12/site-packages/airflow/example_dags/example_task_group_decorator.py for tasks to queue
[2024-06-27T21:43:50.172+0000] {logging_mixin.py:188} INFO - [2024-06-27T21:43:50.172+0000] {dagbag.py:545} INFO - Filling up the DagBag from /home/ubuntu/venv/lib/python3.12/site-packages/airflow/example_dags/example_task_group_decorator.py
[2024-06-27T21:43:50.189+0000] {processor.py:840} INFO - DAG(s) 'example_task_group_decorator' retrieved from /home/ubuntu/venv/lib/python3.12/site-packages/airflow/example_dags/example_task_group_decorator.py
[2024-06-27T21:43:50.211+0000] {logging_mixin.py:188} INFO - [2024-06-27T21:43:50.211+0000] {dag.py:3096} INFO - Sync 1 DAGs
[2024-06-27T21:43:50.232+0000] {logging_mixin.py:188} INFO - [2024-06-27T21:43:50.231+0000] {dag.py:3954} INFO - Setting next_dagrun for example_task_group_decorator to 2024-06-26 00:00:00+00:00, run_after=2024-06-27 00:00:00+00:00
[2024-06-27T21:43:50.255+0000] {processor.py:183} INFO - Processing /home/ubuntu/venv/lib/python3.12/site-packages/airflow/example_dags/example_task_group_decorator.py took 0.091 seconds
[2024-06-27T21:44:32.463+0000] {processor.py:161} INFO - Started process (PID=4872) to work on /home/ubuntu/venv/lib/python3.12/site-packages/airflow/example_dags/example_task_group_decorator.py
[2024-06-27T21:44:32.465+0000] {processor.py:830} INFO - Processing file /home/ubuntu/venv/lib/python3.12/site-packages/airflow/example_dags/example_task_group_decorator.py for tasks to queue
[2024-06-27T21:44:32.466+0000] {logging_mixin.py:188} INFO - [2024-06-27T21:44:32.465+0000] {dagbag.py:545} INFO - Filling up the DagBag from /home/ubuntu/venv/lib/python3.12/site-packages/airflow/example_dags/example_task_group_decorator.py
[2024-06-27T21:44:32.483+0000] {processor.py:840} INFO - DAG(s) 'example_task_group_decorator' retrieved from /home/ubuntu/venv/lib/python3.12/site-packages/airflow/example_dags/example_task_group_decorator.py
[2024-06-27T21:44:32.505+0000] {logging_mixin.py:188} INFO - [2024-06-27T21:44:32.504+0000] {dag.py:3096} INFO - Sync 1 DAGs
[2024-06-27T21:44:32.639+0000] {logging_mixin.py:188} INFO - [2024-06-27T21:44:32.639+0000] {dag.py:3954} INFO - Setting next_dagrun for example_task_group_decorator to 2024-06-26 00:00:00+00:00, run_after=2024-06-27 00:00:00+00:00
[2024-06-27T21:44:32.659+0000] {processor.py:183} INFO - Processing /home/ubuntu/venv/lib/python3.12/site-packages/airflow/example_dags/example_task_group_decorator.py took 0.202 seconds
[2024-06-27T21:45:17.397+0000] {processor.py:161} INFO - Started process (PID=4938) to work on /home/ubuntu/venv/lib/python3.12/site-packages/airflow/example_dags/example_task_group_decorator.py
[2024-06-27T21:45:17.398+0000] {processor.py:830} INFO - Processing file /home/ubuntu/venv/lib/python3.12/site-packages/airflow/example_dags/example_task_group_decorator.py for tasks to queue
[2024-06-27T21:45:17.399+0000] {logging_mixin.py:188} INFO - [2024-06-27T21:45:17.398+0000] {dagbag.py:545} INFO - Filling up the DagBag from /home/ubuntu/venv/lib/python3.12/site-packages/airflow/example_dags/example_task_group_decorator.py
[2024-06-27T21:45:17.416+0000] {processor.py:840} INFO - DAG(s) 'example_task_group_decorator' retrieved from /home/ubuntu/venv/lib/python3.12/site-packages/airflow/example_dags/example_task_group_decorator.py
[2024-06-27T21:45:17.438+0000] {logging_mixin.py:188} INFO - [2024-06-27T21:45:17.438+0000] {dag.py:3096} INFO - Sync 1 DAGs
[2024-06-27T21:45:17.459+0000] {logging_mixin.py:188} INFO - [2024-06-27T21:45:17.459+0000] {dag.py:3954} INFO - Setting next_dagrun for example_task_group_decorator to 2024-06-26 00:00:00+00:00, run_after=2024-06-27 00:00:00+00:00
[2024-06-27T21:45:17.484+0000] {processor.py:183} INFO - Processing /home/ubuntu/venv/lib/python3.12/site-packages/airflow/example_dags/example_task_group_decorator.py took 0.094 seconds
[2024-06-27T21:46:04.604+0000] {processor.py:161} INFO - Started process (PID=4982) to work on /home/ubuntu/venv/lib/python3.12/site-packages/airflow/example_dags/example_task_group_decorator.py
[2024-06-27T21:46:04.606+0000] {processor.py:830} INFO - Processing file /home/ubuntu/venv/lib/python3.12/site-packages/airflow/example_dags/example_task_group_decorator.py for tasks to queue
[2024-06-27T21:46:04.607+0000] {logging_mixin.py:188} INFO - [2024-06-27T21:46:04.606+0000] {dagbag.py:545} INFO - Filling up the DagBag from /home/ubuntu/venv/lib/python3.12/site-packages/airflow/example_dags/example_task_group_decorator.py
[2024-06-27T21:46:04.748+0000] {processor.py:840} INFO - DAG(s) 'example_task_group_decorator' retrieved from /home/ubuntu/venv/lib/python3.12/site-packages/airflow/example_dags/example_task_group_decorator.py
[2024-06-27T21:46:04.767+0000] {logging_mixin.py:188} INFO - [2024-06-27T21:46:04.766+0000] {dag.py:3096} INFO - Sync 1 DAGs
[2024-06-27T21:46:04.784+0000] {logging_mixin.py:188} INFO - [2024-06-27T21:46:04.784+0000] {dag.py:3954} INFO - Setting next_dagrun for example_task_group_decorator to 2024-06-26 00:00:00+00:00, run_after=2024-06-27 00:00:00+00:00
[2024-06-27T21:46:04.805+0000] {processor.py:183} INFO - Processing /home/ubuntu/venv/lib/python3.12/site-packages/airflow/example_dags/example_task_group_decorator.py took 0.207 seconds
[2024-06-27T21:46:57.327+0000] {processor.py:161} INFO - Started process (PID=5032) to work on /home/ubuntu/venv/lib/python3.12/site-packages/airflow/example_dags/example_task_group_decorator.py
[2024-06-27T21:46:57.329+0000] {processor.py:830} INFO - Processing file /home/ubuntu/venv/lib/python3.12/site-packages/airflow/example_dags/example_task_group_decorator.py for tasks to queue
[2024-06-27T21:46:57.330+0000] {logging_mixin.py:188} INFO - [2024-06-27T21:46:57.329+0000] {dagbag.py:545} INFO - Filling up the DagBag from /home/ubuntu/venv/lib/python3.12/site-packages/airflow/example_dags/example_task_group_decorator.py
[2024-06-27T21:46:57.347+0000] {processor.py:840} INFO - DAG(s) 'example_task_group_decorator' retrieved from /home/ubuntu/venv/lib/python3.12/site-packages/airflow/example_dags/example_task_group_decorator.py
[2024-06-27T21:46:57.368+0000] {logging_mixin.py:188} INFO - [2024-06-27T21:46:57.368+0000] {dag.py:3096} INFO - Sync 1 DAGs
[2024-06-27T21:46:57.389+0000] {logging_mixin.py:188} INFO - [2024-06-27T21:46:57.389+0000] {dag.py:3954} INFO - Setting next_dagrun for example_task_group_decorator to 2024-06-26 00:00:00+00:00, run_after=2024-06-27 00:00:00+00:00
[2024-06-27T21:46:57.412+0000] {processor.py:183} INFO - Processing /home/ubuntu/venv/lib/python3.12/site-packages/airflow/example_dags/example_task_group_decorator.py took 0.091 seconds
[2024-06-27T21:47:44.818+0000] {processor.py:161} INFO - Started process (PID=5110) to work on /home/ubuntu/venv/lib/python3.12/site-packages/airflow/example_dags/example_task_group_decorator.py
[2024-06-27T21:47:44.820+0000] {processor.py:830} INFO - Processing file /home/ubuntu/venv/lib/python3.12/site-packages/airflow/example_dags/example_task_group_decorator.py for tasks to queue
[2024-06-27T21:47:44.821+0000] {logging_mixin.py:188} INFO - [2024-06-27T21:47:44.820+0000] {dagbag.py:545} INFO - Filling up the DagBag from /home/ubuntu/venv/lib/python3.12/site-packages/airflow/example_dags/example_task_group_decorator.py
[2024-06-27T21:47:44.838+0000] {processor.py:840} INFO - DAG(s) 'example_task_group_decorator' retrieved from /home/ubuntu/venv/lib/python3.12/site-packages/airflow/example_dags/example_task_group_decorator.py
[2024-06-27T21:47:44.861+0000] {logging_mixin.py:188} INFO - [2024-06-27T21:47:44.861+0000] {dag.py:3096} INFO - Sync 1 DAGs
[2024-06-27T21:47:44.882+0000] {logging_mixin.py:188} INFO - [2024-06-27T21:47:44.881+0000] {dag.py:3954} INFO - Setting next_dagrun for example_task_group_decorator to 2024-06-26 00:00:00+00:00, run_after=2024-06-27 00:00:00+00:00
[2024-06-27T21:47:44.904+0000] {processor.py:183} INFO - Processing /home/ubuntu/venv/lib/python3.12/site-packages/airflow/example_dags/example_task_group_decorator.py took 0.091 seconds
[2024-06-27T21:48:28.897+0000] {processor.py:161} INFO - Started process (PID=5251) to work on /home/ubuntu/venv/lib/python3.12/site-packages/airflow/example_dags/example_task_group_decorator.py
[2024-06-27T21:48:28.899+0000] {processor.py:830} INFO - Processing file /home/ubuntu/venv/lib/python3.12/site-packages/airflow/example_dags/example_task_group_decorator.py for tasks to queue
[2024-06-27T21:48:28.900+0000] {logging_mixin.py:188} INFO - [2024-06-27T21:48:28.899+0000] {dagbag.py:545} INFO - Filling up the DagBag from /home/ubuntu/venv/lib/python3.12/site-packages/airflow/example_dags/example_task_group_decorator.py
[2024-06-27T21:48:28.916+0000] {processor.py:840} INFO - DAG(s) 'example_task_group_decorator' retrieved from /home/ubuntu/venv/lib/python3.12/site-packages/airflow/example_dags/example_task_group_decorator.py
[2024-06-27T21:48:28.939+0000] {logging_mixin.py:188} INFO - [2024-06-27T21:48:28.938+0000] {dag.py:3096} INFO - Sync 1 DAGs
[2024-06-27T21:48:28.959+0000] {logging_mixin.py:188} INFO - [2024-06-27T21:48:28.959+0000] {dag.py:3954} INFO - Setting next_dagrun for example_task_group_decorator to 2024-06-26 00:00:00+00:00, run_after=2024-06-27 00:00:00+00:00
[2024-06-27T21:48:28.982+0000] {processor.py:183} INFO - Processing /home/ubuntu/venv/lib/python3.12/site-packages/airflow/example_dags/example_task_group_decorator.py took 0.093 seconds
[2024-06-27T21:49:10.936+0000] {processor.py:161} INFO - Started process (PID=5296) to work on /home/ubuntu/venv/lib/python3.12/site-packages/airflow/example_dags/example_task_group_decorator.py
[2024-06-27T21:49:10.938+0000] {processor.py:830} INFO - Processing file /home/ubuntu/venv/lib/python3.12/site-packages/airflow/example_dags/example_task_group_decorator.py for tasks to queue
[2024-06-27T21:49:10.939+0000] {logging_mixin.py:188} INFO - [2024-06-27T21:49:10.938+0000] {dagbag.py:545} INFO - Filling up the DagBag from /home/ubuntu/venv/lib/python3.12/site-packages/airflow/example_dags/example_task_group_decorator.py
[2024-06-27T21:49:10.955+0000] {processor.py:840} INFO - DAG(s) 'example_task_group_decorator' retrieved from /home/ubuntu/venv/lib/python3.12/site-packages/airflow/example_dags/example_task_group_decorator.py
[2024-06-27T21:49:10.977+0000] {logging_mixin.py:188} INFO - [2024-06-27T21:49:10.977+0000] {dag.py:3096} INFO - Sync 1 DAGs
[2024-06-27T21:49:10.996+0000] {logging_mixin.py:188} INFO - [2024-06-27T21:49:10.996+0000] {dag.py:3954} INFO - Setting next_dagrun for example_task_group_decorator to 2024-06-26 00:00:00+00:00, run_after=2024-06-27 00:00:00+00:00
[2024-06-27T21:49:11.020+0000] {processor.py:183} INFO - Processing /home/ubuntu/venv/lib/python3.12/site-packages/airflow/example_dags/example_task_group_decorator.py took 0.091 seconds
[2024-06-27T21:49:51.394+0000] {processor.py:161} INFO - Started process (PID=5338) to work on /home/ubuntu/venv/lib/python3.12/site-packages/airflow/example_dags/example_task_group_decorator.py
[2024-06-27T21:49:51.395+0000] {processor.py:830} INFO - Processing file /home/ubuntu/venv/lib/python3.12/site-packages/airflow/example_dags/example_task_group_decorator.py for tasks to queue
[2024-06-27T21:49:51.396+0000] {logging_mixin.py:188} INFO - [2024-06-27T21:49:51.396+0000] {dagbag.py:545} INFO - Filling up the DagBag from /home/ubuntu/venv/lib/python3.12/site-packages/airflow/example_dags/example_task_group_decorator.py
[2024-06-27T21:49:51.413+0000] {processor.py:840} INFO - DAG(s) 'example_task_group_decorator' retrieved from /home/ubuntu/venv/lib/python3.12/site-packages/airflow/example_dags/example_task_group_decorator.py
[2024-06-27T21:49:51.435+0000] {logging_mixin.py:188} INFO - [2024-06-27T21:49:51.434+0000] {dag.py:3096} INFO - Sync 1 DAGs
[2024-06-27T21:49:51.454+0000] {logging_mixin.py:188} INFO - [2024-06-27T21:49:51.454+0000] {dag.py:3954} INFO - Setting next_dagrun for example_task_group_decorator to 2024-06-26 00:00:00+00:00, run_after=2024-06-27 00:00:00+00:00
[2024-06-27T21:49:51.477+0000] {processor.py:183} INFO - Processing /home/ubuntu/venv/lib/python3.12/site-packages/airflow/example_dags/example_task_group_decorator.py took 0.091 seconds
