[2024-06-27T21:20:16.381+0000] {processor.py:161} INFO - Started process (PID=2977) to work on /home/ubuntu/venv/lib/python3.12/site-packages/airflow/example_dags/example_branch_operator_decorator.py
[2024-06-27T21:20:16.382+0000] {processor.py:830} INFO - Processing file /home/ubuntu/venv/lib/python3.12/site-packages/airflow/example_dags/example_branch_operator_decorator.py for tasks to queue
[2024-06-27T21:20:16.384+0000] {logging_mixin.py:188} INFO - [2024-06-27T21:20:16.383+0000] {dagbag.py:545} INFO - Filling up the DagBag from /home/ubuntu/venv/lib/python3.12/site-packages/airflow/example_dags/example_branch_operator_decorator.py
[2024-06-27T21:20:16.386+0000] {processor.py:842} WARNING - No viable dags retrieved from /home/ubuntu/venv/lib/python3.12/site-packages/airflow/example_dags/example_branch_operator_decorator.py
[2024-06-27T21:20:16.397+0000] {processor.py:183} INFO - Processing /home/ubuntu/venv/lib/python3.12/site-packages/airflow/example_dags/example_branch_operator_decorator.py took 0.022 seconds
[2024-06-27T21:21:07.063+0000] {processor.py:161} INFO - Started process (PID=3313) to work on /home/ubuntu/venv/lib/python3.12/site-packages/airflow/example_dags/example_branch_operator_decorator.py
[2024-06-27T21:21:07.064+0000] {processor.py:830} INFO - Processing file /home/ubuntu/venv/lib/python3.12/site-packages/airflow/example_dags/example_branch_operator_decorator.py for tasks to queue
[2024-06-27T21:21:07.066+0000] {logging_mixin.py:188} INFO - [2024-06-27T21:21:07.066+0000] {dagbag.py:545} INFO - Filling up the DagBag from /home/ubuntu/venv/lib/python3.12/site-packages/airflow/example_dags/example_branch_operator_decorator.py
[2024-06-27T21:21:07.069+0000] {processor.py:842} WARNING - No viable dags retrieved from /home/ubuntu/venv/lib/python3.12/site-packages/airflow/example_dags/example_branch_operator_decorator.py
[2024-06-27T21:21:07.080+0000] {processor.py:183} INFO - Processing /home/ubuntu/venv/lib/python3.12/site-packages/airflow/example_dags/example_branch_operator_decorator.py took 0.024 seconds
[2024-06-27T21:22:06.854+0000] {processor.py:161} INFO - Started process (PID=3377) to work on /home/ubuntu/venv/lib/python3.12/site-packages/airflow/example_dags/example_branch_operator_decorator.py
[2024-06-27T21:22:06.855+0000] {processor.py:830} INFO - Processing file /home/ubuntu/venv/lib/python3.12/site-packages/airflow/example_dags/example_branch_operator_decorator.py for tasks to queue
[2024-06-27T21:22:06.857+0000] {logging_mixin.py:188} INFO - [2024-06-27T21:22:06.857+0000] {dagbag.py:545} INFO - Filling up the DagBag from /home/ubuntu/venv/lib/python3.12/site-packages/airflow/example_dags/example_branch_operator_decorator.py
[2024-06-27T21:22:06.860+0000] {processor.py:842} WARNING - No viable dags retrieved from /home/ubuntu/venv/lib/python3.12/site-packages/airflow/example_dags/example_branch_operator_decorator.py
[2024-06-27T21:22:06.871+0000] {processor.py:183} INFO - Processing /home/ubuntu/venv/lib/python3.12/site-packages/airflow/example_dags/example_branch_operator_decorator.py took 0.023 seconds
[2024-06-27T21:23:07.595+0000] {processor.py:161} INFO - Started process (PID=3453) to work on /home/ubuntu/venv/lib/python3.12/site-packages/airflow/example_dags/example_branch_operator_decorator.py
[2024-06-27T21:23:07.597+0000] {processor.py:830} INFO - Processing file /home/ubuntu/venv/lib/python3.12/site-packages/airflow/example_dags/example_branch_operator_decorator.py for tasks to queue
[2024-06-27T21:23:07.599+0000] {logging_mixin.py:188} INFO - [2024-06-27T21:23:07.598+0000] {dagbag.py:545} INFO - Filling up the DagBag from /home/ubuntu/venv/lib/python3.12/site-packages/airflow/example_dags/example_branch_operator_decorator.py
[2024-06-27T21:23:07.601+0000] {processor.py:842} WARNING - No viable dags retrieved from /home/ubuntu/venv/lib/python3.12/site-packages/airflow/example_dags/example_branch_operator_decorator.py
[2024-06-27T21:23:07.612+0000] {processor.py:183} INFO - Processing /home/ubuntu/venv/lib/python3.12/site-packages/airflow/example_dags/example_branch_operator_decorator.py took 0.023 seconds
[2024-06-27T21:24:07.048+0000] {processor.py:161} INFO - Started process (PID=3517) to work on /home/ubuntu/venv/lib/python3.12/site-packages/airflow/example_dags/example_branch_operator_decorator.py
[2024-06-27T21:24:07.049+0000] {processor.py:830} INFO - Processing file /home/ubuntu/venv/lib/python3.12/site-packages/airflow/example_dags/example_branch_operator_decorator.py for tasks to queue
[2024-06-27T21:24:07.052+0000] {logging_mixin.py:188} INFO - [2024-06-27T21:24:07.052+0000] {dagbag.py:545} INFO - Filling up the DagBag from /home/ubuntu/venv/lib/python3.12/site-packages/airflow/example_dags/example_branch_operator_decorator.py
[2024-06-27T21:24:07.055+0000] {processor.py:842} WARNING - No viable dags retrieved from /home/ubuntu/venv/lib/python3.12/site-packages/airflow/example_dags/example_branch_operator_decorator.py
[2024-06-27T21:24:07.065+0000] {processor.py:183} INFO - Processing /home/ubuntu/venv/lib/python3.12/site-packages/airflow/example_dags/example_branch_operator_decorator.py took 0.023 seconds
[2024-06-27T21:25:09.108+0000] {processor.py:161} INFO - Started process (PID=3586) to work on /home/ubuntu/venv/lib/python3.12/site-packages/airflow/example_dags/example_branch_operator_decorator.py
[2024-06-27T21:25:09.109+0000] {processor.py:830} INFO - Processing file /home/ubuntu/venv/lib/python3.12/site-packages/airflow/example_dags/example_branch_operator_decorator.py for tasks to queue
[2024-06-27T21:25:09.110+0000] {logging_mixin.py:188} INFO - [2024-06-27T21:25:09.110+0000] {dagbag.py:545} INFO - Filling up the DagBag from /home/ubuntu/venv/lib/python3.12/site-packages/airflow/example_dags/example_branch_operator_decorator.py
[2024-06-27T21:25:09.113+0000] {processor.py:842} WARNING - No viable dags retrieved from /home/ubuntu/venv/lib/python3.12/site-packages/airflow/example_dags/example_branch_operator_decorator.py
[2024-06-27T21:25:09.124+0000] {processor.py:183} INFO - Processing /home/ubuntu/venv/lib/python3.12/site-packages/airflow/example_dags/example_branch_operator_decorator.py took 0.022 seconds
[2024-06-27T21:26:11.054+0000] {processor.py:161} INFO - Started process (PID=3655) to work on /home/ubuntu/venv/lib/python3.12/site-packages/airflow/example_dags/example_branch_operator_decorator.py
[2024-06-27T21:26:11.056+0000] {processor.py:830} INFO - Processing file /home/ubuntu/venv/lib/python3.12/site-packages/airflow/example_dags/example_branch_operator_decorator.py for tasks to queue
[2024-06-27T21:26:11.057+0000] {logging_mixin.py:188} INFO - [2024-06-27T21:26:11.056+0000] {dagbag.py:545} INFO - Filling up the DagBag from /home/ubuntu/venv/lib/python3.12/site-packages/airflow/example_dags/example_branch_operator_decorator.py
[2024-06-27T21:26:11.059+0000] {processor.py:842} WARNING - No viable dags retrieved from /home/ubuntu/venv/lib/python3.12/site-packages/airflow/example_dags/example_branch_operator_decorator.py
[2024-06-27T21:26:11.070+0000] {processor.py:183} INFO - Processing /home/ubuntu/venv/lib/python3.12/site-packages/airflow/example_dags/example_branch_operator_decorator.py took 0.022 seconds
[2024-06-27T21:27:16.629+0000] {processor.py:161} INFO - Started process (PID=3723) to work on /home/ubuntu/venv/lib/python3.12/site-packages/airflow/example_dags/example_branch_operator_decorator.py
[2024-06-27T21:27:16.631+0000] {processor.py:830} INFO - Processing file /home/ubuntu/venv/lib/python3.12/site-packages/airflow/example_dags/example_branch_operator_decorator.py for tasks to queue
[2024-06-27T21:27:16.632+0000] {logging_mixin.py:188} INFO - [2024-06-27T21:27:16.631+0000] {dagbag.py:545} INFO - Filling up the DagBag from /home/ubuntu/venv/lib/python3.12/site-packages/airflow/example_dags/example_branch_operator_decorator.py
[2024-06-27T21:27:16.635+0000] {processor.py:842} WARNING - No viable dags retrieved from /home/ubuntu/venv/lib/python3.12/site-packages/airflow/example_dags/example_branch_operator_decorator.py
[2024-06-27T21:27:16.645+0000] {processor.py:183} INFO - Processing /home/ubuntu/venv/lib/python3.12/site-packages/airflow/example_dags/example_branch_operator_decorator.py took 0.022 seconds
[2024-06-27T21:28:32.852+0000] {processor.py:161} INFO - Started process (PID=3815) to work on /home/ubuntu/venv/lib/python3.12/site-packages/airflow/example_dags/example_branch_operator_decorator.py
[2024-06-27T21:28:32.854+0000] {processor.py:830} INFO - Processing file /home/ubuntu/venv/lib/python3.12/site-packages/airflow/example_dags/example_branch_operator_decorator.py for tasks to queue
[2024-06-27T21:28:32.855+0000] {logging_mixin.py:188} INFO - [2024-06-27T21:28:32.854+0000] {dagbag.py:545} INFO - Filling up the DagBag from /home/ubuntu/venv/lib/python3.12/site-packages/airflow/example_dags/example_branch_operator_decorator.py
[2024-06-27T21:28:32.858+0000] {processor.py:842} WARNING - No viable dags retrieved from /home/ubuntu/venv/lib/python3.12/site-packages/airflow/example_dags/example_branch_operator_decorator.py
[2024-06-27T21:28:32.869+0000] {processor.py:183} INFO - Processing /home/ubuntu/venv/lib/python3.12/site-packages/airflow/example_dags/example_branch_operator_decorator.py took 0.023 seconds
[2024-06-27T21:29:34.918+0000] {processor.py:161} INFO - Started process (PID=3887) to work on /home/ubuntu/venv/lib/python3.12/site-packages/airflow/example_dags/example_branch_operator_decorator.py
[2024-06-27T21:29:34.920+0000] {processor.py:830} INFO - Processing file /home/ubuntu/venv/lib/python3.12/site-packages/airflow/example_dags/example_branch_operator_decorator.py for tasks to queue
[2024-06-27T21:29:34.921+0000] {logging_mixin.py:188} INFO - [2024-06-27T21:29:34.920+0000] {dagbag.py:545} INFO - Filling up the DagBag from /home/ubuntu/venv/lib/python3.12/site-packages/airflow/example_dags/example_branch_operator_decorator.py
[2024-06-27T21:29:34.924+0000] {processor.py:842} WARNING - No viable dags retrieved from /home/ubuntu/venv/lib/python3.12/site-packages/airflow/example_dags/example_branch_operator_decorator.py
[2024-06-27T21:29:34.935+0000] {processor.py:183} INFO - Processing /home/ubuntu/venv/lib/python3.12/site-packages/airflow/example_dags/example_branch_operator_decorator.py took 0.023 seconds
[2024-06-27T21:30:37.697+0000] {processor.py:161} INFO - Started process (PID=3964) to work on /home/ubuntu/venv/lib/python3.12/site-packages/airflow/example_dags/example_branch_operator_decorator.py
[2024-06-27T21:30:37.699+0000] {processor.py:830} INFO - Processing file /home/ubuntu/venv/lib/python3.12/site-packages/airflow/example_dags/example_branch_operator_decorator.py for tasks to queue
[2024-06-27T21:30:37.700+0000] {logging_mixin.py:188} INFO - [2024-06-27T21:30:37.699+0000] {dagbag.py:545} INFO - Filling up the DagBag from /home/ubuntu/venv/lib/python3.12/site-packages/airflow/example_dags/example_branch_operator_decorator.py
[2024-06-27T21:30:37.702+0000] {processor.py:842} WARNING - No viable dags retrieved from /home/ubuntu/venv/lib/python3.12/site-packages/airflow/example_dags/example_branch_operator_decorator.py
[2024-06-27T21:30:37.713+0000] {processor.py:183} INFO - Processing /home/ubuntu/venv/lib/python3.12/site-packages/airflow/example_dags/example_branch_operator_decorator.py took 0.022 seconds
[2024-06-27T21:31:42.288+0000] {processor.py:161} INFO - Started process (PID=4029) to work on /home/ubuntu/venv/lib/python3.12/site-packages/airflow/example_dags/example_branch_operator_decorator.py
[2024-06-27T21:31:42.290+0000] {processor.py:830} INFO - Processing file /home/ubuntu/venv/lib/python3.12/site-packages/airflow/example_dags/example_branch_operator_decorator.py for tasks to queue
[2024-06-27T21:31:42.290+0000] {logging_mixin.py:188} INFO - [2024-06-27T21:31:42.290+0000] {dagbag.py:545} INFO - Filling up the DagBag from /home/ubuntu/venv/lib/python3.12/site-packages/airflow/example_dags/example_branch_operator_decorator.py
[2024-06-27T21:31:42.293+0000] {processor.py:842} WARNING - No viable dags retrieved from /home/ubuntu/venv/lib/python3.12/site-packages/airflow/example_dags/example_branch_operator_decorator.py
[2024-06-27T21:31:42.304+0000] {processor.py:183} INFO - Processing /home/ubuntu/venv/lib/python3.12/site-packages/airflow/example_dags/example_branch_operator_decorator.py took 0.023 seconds
[2024-06-27T21:33:03.462+0000] {processor.py:161} INFO - Started process (PID=4122) to work on /home/ubuntu/venv/lib/python3.12/site-packages/airflow/example_dags/example_branch_operator_decorator.py
[2024-06-27T21:33:03.464+0000] {processor.py:830} INFO - Processing file /home/ubuntu/venv/lib/python3.12/site-packages/airflow/example_dags/example_branch_operator_decorator.py for tasks to queue
[2024-06-27T21:33:03.465+0000] {logging_mixin.py:188} INFO - [2024-06-27T21:33:03.464+0000] {dagbag.py:545} INFO - Filling up the DagBag from /home/ubuntu/venv/lib/python3.12/site-packages/airflow/example_dags/example_branch_operator_decorator.py
[2024-06-27T21:33:03.467+0000] {processor.py:842} WARNING - No viable dags retrieved from /home/ubuntu/venv/lib/python3.12/site-packages/airflow/example_dags/example_branch_operator_decorator.py
[2024-06-27T21:33:03.478+0000] {processor.py:183} INFO - Processing /home/ubuntu/venv/lib/python3.12/site-packages/airflow/example_dags/example_branch_operator_decorator.py took 0.022 seconds
[2024-06-27T21:34:10.794+0000] {processor.py:161} INFO - Started process (PID=4196) to work on /home/ubuntu/venv/lib/python3.12/site-packages/airflow/example_dags/example_branch_operator_decorator.py
[2024-06-27T21:34:10.797+0000] {processor.py:830} INFO - Processing file /home/ubuntu/venv/lib/python3.12/site-packages/airflow/example_dags/example_branch_operator_decorator.py for tasks to queue
[2024-06-27T21:34:10.798+0000] {logging_mixin.py:188} INFO - [2024-06-27T21:34:10.797+0000] {dagbag.py:545} INFO - Filling up the DagBag from /home/ubuntu/venv/lib/python3.12/site-packages/airflow/example_dags/example_branch_operator_decorator.py
[2024-06-27T21:34:10.801+0000] {processor.py:842} WARNING - No viable dags retrieved from /home/ubuntu/venv/lib/python3.12/site-packages/airflow/example_dags/example_branch_operator_decorator.py
[2024-06-27T21:34:10.812+0000] {processor.py:183} INFO - Processing /home/ubuntu/venv/lib/python3.12/site-packages/airflow/example_dags/example_branch_operator_decorator.py took 0.023 seconds
[2024-06-27T21:35:15.168+0000] {processor.py:161} INFO - Started process (PID=4266) to work on /home/ubuntu/venv/lib/python3.12/site-packages/airflow/example_dags/example_branch_operator_decorator.py
[2024-06-27T21:35:15.170+0000] {processor.py:830} INFO - Processing file /home/ubuntu/venv/lib/python3.12/site-packages/airflow/example_dags/example_branch_operator_decorator.py for tasks to queue
[2024-06-27T21:35:15.171+0000] {logging_mixin.py:188} INFO - [2024-06-27T21:35:15.170+0000] {dagbag.py:545} INFO - Filling up the DagBag from /home/ubuntu/venv/lib/python3.12/site-packages/airflow/example_dags/example_branch_operator_decorator.py
[2024-06-27T21:35:15.173+0000] {processor.py:842} WARNING - No viable dags retrieved from /home/ubuntu/venv/lib/python3.12/site-packages/airflow/example_dags/example_branch_operator_decorator.py
[2024-06-27T21:35:15.184+0000] {processor.py:183} INFO - Processing /home/ubuntu/venv/lib/python3.12/site-packages/airflow/example_dags/example_branch_operator_decorator.py took 0.022 seconds
[2024-06-27T21:36:18.097+0000] {processor.py:161} INFO - Started process (PID=4332) to work on /home/ubuntu/venv/lib/python3.12/site-packages/airflow/example_dags/example_branch_operator_decorator.py
[2024-06-27T21:36:18.099+0000] {processor.py:830} INFO - Processing file /home/ubuntu/venv/lib/python3.12/site-packages/airflow/example_dags/example_branch_operator_decorator.py for tasks to queue
[2024-06-27T21:36:18.100+0000] {logging_mixin.py:188} INFO - [2024-06-27T21:36:18.099+0000] {dagbag.py:545} INFO - Filling up the DagBag from /home/ubuntu/venv/lib/python3.12/site-packages/airflow/example_dags/example_branch_operator_decorator.py
[2024-06-27T21:36:18.102+0000] {processor.py:842} WARNING - No viable dags retrieved from /home/ubuntu/venv/lib/python3.12/site-packages/airflow/example_dags/example_branch_operator_decorator.py
[2024-06-27T21:36:18.113+0000] {processor.py:183} INFO - Processing /home/ubuntu/venv/lib/python3.12/site-packages/airflow/example_dags/example_branch_operator_decorator.py took 0.022 seconds
[2024-06-27T21:37:24.179+0000] {processor.py:161} INFO - Started process (PID=4398) to work on /home/ubuntu/venv/lib/python3.12/site-packages/airflow/example_dags/example_branch_operator_decorator.py
[2024-06-27T21:37:24.181+0000] {processor.py:830} INFO - Processing file /home/ubuntu/venv/lib/python3.12/site-packages/airflow/example_dags/example_branch_operator_decorator.py for tasks to queue
[2024-06-27T21:37:24.182+0000] {logging_mixin.py:188} INFO - [2024-06-27T21:37:24.181+0000] {dagbag.py:545} INFO - Filling up the DagBag from /home/ubuntu/venv/lib/python3.12/site-packages/airflow/example_dags/example_branch_operator_decorator.py
[2024-06-27T21:37:24.184+0000] {processor.py:842} WARNING - No viable dags retrieved from /home/ubuntu/venv/lib/python3.12/site-packages/airflow/example_dags/example_branch_operator_decorator.py
[2024-06-27T21:37:24.196+0000] {processor.py:183} INFO - Processing /home/ubuntu/venv/lib/python3.12/site-packages/airflow/example_dags/example_branch_operator_decorator.py took 0.023 seconds
[2024-06-27T21:38:36.954+0000] {processor.py:161} INFO - Started process (PID=4475) to work on /home/ubuntu/venv/lib/python3.12/site-packages/airflow/example_dags/example_branch_operator_decorator.py
[2024-06-27T21:38:36.956+0000] {processor.py:830} INFO - Processing file /home/ubuntu/venv/lib/python3.12/site-packages/airflow/example_dags/example_branch_operator_decorator.py for tasks to queue
[2024-06-27T21:38:36.957+0000] {logging_mixin.py:188} INFO - [2024-06-27T21:38:36.957+0000] {dagbag.py:545} INFO - Filling up the DagBag from /home/ubuntu/venv/lib/python3.12/site-packages/airflow/example_dags/example_branch_operator_decorator.py
[2024-06-27T21:38:36.960+0000] {processor.py:842} WARNING - No viable dags retrieved from /home/ubuntu/venv/lib/python3.12/site-packages/airflow/example_dags/example_branch_operator_decorator.py
[2024-06-27T21:38:36.971+0000] {processor.py:183} INFO - Processing /home/ubuntu/venv/lib/python3.12/site-packages/airflow/example_dags/example_branch_operator_decorator.py took 0.022 seconds
[2024-06-27T21:39:40.514+0000] {processor.py:161} INFO - Started process (PID=4542) to work on /home/ubuntu/venv/lib/python3.12/site-packages/airflow/example_dags/example_branch_operator_decorator.py
[2024-06-27T21:39:40.516+0000] {processor.py:830} INFO - Processing file /home/ubuntu/venv/lib/python3.12/site-packages/airflow/example_dags/example_branch_operator_decorator.py for tasks to queue
[2024-06-27T21:39:40.517+0000] {logging_mixin.py:188} INFO - [2024-06-27T21:39:40.516+0000] {dagbag.py:545} INFO - Filling up the DagBag from /home/ubuntu/venv/lib/python3.12/site-packages/airflow/example_dags/example_branch_operator_decorator.py
[2024-06-27T21:39:40.520+0000] {processor.py:842} WARNING - No viable dags retrieved from /home/ubuntu/venv/lib/python3.12/site-packages/airflow/example_dags/example_branch_operator_decorator.py
[2024-06-27T21:39:40.531+0000] {processor.py:183} INFO - Processing /home/ubuntu/venv/lib/python3.12/site-packages/airflow/example_dags/example_branch_operator_decorator.py took 0.023 seconds
[2024-06-27T21:40:44.652+0000] {processor.py:161} INFO - Started process (PID=4610) to work on /home/ubuntu/venv/lib/python3.12/site-packages/airflow/example_dags/example_branch_operator_decorator.py
[2024-06-27T21:40:44.653+0000] {processor.py:830} INFO - Processing file /home/ubuntu/venv/lib/python3.12/site-packages/airflow/example_dags/example_branch_operator_decorator.py for tasks to queue
[2024-06-27T21:40:44.654+0000] {logging_mixin.py:188} INFO - [2024-06-27T21:40:44.654+0000] {dagbag.py:545} INFO - Filling up the DagBag from /home/ubuntu/venv/lib/python3.12/site-packages/airflow/example_dags/example_branch_operator_decorator.py
[2024-06-27T21:40:44.657+0000] {processor.py:842} WARNING - No viable dags retrieved from /home/ubuntu/venv/lib/python3.12/site-packages/airflow/example_dags/example_branch_operator_decorator.py
[2024-06-27T21:40:44.668+0000] {processor.py:183} INFO - Processing /home/ubuntu/venv/lib/python3.12/site-packages/airflow/example_dags/example_branch_operator_decorator.py took 0.022 seconds
[2024-06-27T21:41:51.179+0000] {processor.py:161} INFO - Started process (PID=4679) to work on /home/ubuntu/venv/lib/python3.12/site-packages/airflow/example_dags/example_branch_operator_decorator.py
[2024-06-27T21:41:51.180+0000] {processor.py:830} INFO - Processing file /home/ubuntu/venv/lib/python3.12/site-packages/airflow/example_dags/example_branch_operator_decorator.py for tasks to queue
[2024-06-27T21:41:51.181+0000] {logging_mixin.py:188} INFO - [2024-06-27T21:41:51.181+0000] {dagbag.py:545} INFO - Filling up the DagBag from /home/ubuntu/venv/lib/python3.12/site-packages/airflow/example_dags/example_branch_operator_decorator.py
[2024-06-27T21:41:51.184+0000] {processor.py:842} WARNING - No viable dags retrieved from /home/ubuntu/venv/lib/python3.12/site-packages/airflow/example_dags/example_branch_operator_decorator.py
[2024-06-27T21:41:51.194+0000] {processor.py:183} INFO - Processing /home/ubuntu/venv/lib/python3.12/site-packages/airflow/example_dags/example_branch_operator_decorator.py took 0.022 seconds
[2024-06-27T21:42:55.228+0000] {processor.py:161} INFO - Started process (PID=4745) to work on /home/ubuntu/venv/lib/python3.12/site-packages/airflow/example_dags/example_branch_operator_decorator.py
[2024-06-27T21:42:55.230+0000] {processor.py:830} INFO - Processing file /home/ubuntu/venv/lib/python3.12/site-packages/airflow/example_dags/example_branch_operator_decorator.py for tasks to queue
[2024-06-27T21:42:55.231+0000] {logging_mixin.py:188} INFO - [2024-06-27T21:42:55.230+0000] {dagbag.py:545} INFO - Filling up the DagBag from /home/ubuntu/venv/lib/python3.12/site-packages/airflow/example_dags/example_branch_operator_decorator.py
[2024-06-27T21:42:55.233+0000] {processor.py:842} WARNING - No viable dags retrieved from /home/ubuntu/venv/lib/python3.12/site-packages/airflow/example_dags/example_branch_operator_decorator.py
[2024-06-27T21:42:55.244+0000] {processor.py:183} INFO - Processing /home/ubuntu/venv/lib/python3.12/site-packages/airflow/example_dags/example_branch_operator_decorator.py took 0.021 seconds
[2024-06-27T21:44:03.328+0000] {processor.py:161} INFO - Started process (PID=4814) to work on /home/ubuntu/venv/lib/python3.12/site-packages/airflow/example_dags/example_branch_operator_decorator.py
[2024-06-27T21:44:03.330+0000] {processor.py:830} INFO - Processing file /home/ubuntu/venv/lib/python3.12/site-packages/airflow/example_dags/example_branch_operator_decorator.py for tasks to queue
[2024-06-27T21:44:03.331+0000] {logging_mixin.py:188} INFO - [2024-06-27T21:44:03.330+0000] {dagbag.py:545} INFO - Filling up the DagBag from /home/ubuntu/venv/lib/python3.12/site-packages/airflow/example_dags/example_branch_operator_decorator.py
[2024-06-27T21:44:03.333+0000] {processor.py:842} WARNING - No viable dags retrieved from /home/ubuntu/venv/lib/python3.12/site-packages/airflow/example_dags/example_branch_operator_decorator.py
[2024-06-27T21:44:03.344+0000] {processor.py:183} INFO - Processing /home/ubuntu/venv/lib/python3.12/site-packages/airflow/example_dags/example_branch_operator_decorator.py took 0.022 seconds
[2024-06-27T21:45:11.257+0000] {processor.py:161} INFO - Started process (PID=4929) to work on /home/ubuntu/venv/lib/python3.12/site-packages/airflow/example_dags/example_branch_operator_decorator.py
[2024-06-27T21:45:11.259+0000] {processor.py:830} INFO - Processing file /home/ubuntu/venv/lib/python3.12/site-packages/airflow/example_dags/example_branch_operator_decorator.py for tasks to queue
[2024-06-27T21:45:11.260+0000] {logging_mixin.py:188} INFO - [2024-06-27T21:45:11.260+0000] {dagbag.py:545} INFO - Filling up the DagBag from /home/ubuntu/venv/lib/python3.12/site-packages/airflow/example_dags/example_branch_operator_decorator.py
[2024-06-27T21:45:11.263+0000] {processor.py:842} WARNING - No viable dags retrieved from /home/ubuntu/venv/lib/python3.12/site-packages/airflow/example_dags/example_branch_operator_decorator.py
[2024-06-27T21:45:11.273+0000] {processor.py:183} INFO - Processing /home/ubuntu/venv/lib/python3.12/site-packages/airflow/example_dags/example_branch_operator_decorator.py took 0.022 seconds
[2024-06-27T21:46:24.057+0000] {processor.py:161} INFO - Started process (PID=5000) to work on /home/ubuntu/venv/lib/python3.12/site-packages/airflow/example_dags/example_branch_operator_decorator.py
[2024-06-27T21:46:24.058+0000] {processor.py:830} INFO - Processing file /home/ubuntu/venv/lib/python3.12/site-packages/airflow/example_dags/example_branch_operator_decorator.py for tasks to queue
[2024-06-27T21:46:24.059+0000] {logging_mixin.py:188} INFO - [2024-06-27T21:46:24.059+0000] {dagbag.py:545} INFO - Filling up the DagBag from /home/ubuntu/venv/lib/python3.12/site-packages/airflow/example_dags/example_branch_operator_decorator.py
[2024-06-27T21:46:24.062+0000] {processor.py:842} WARNING - No viable dags retrieved from /home/ubuntu/venv/lib/python3.12/site-packages/airflow/example_dags/example_branch_operator_decorator.py
[2024-06-27T21:46:24.073+0000] {processor.py:183} INFO - Processing /home/ubuntu/venv/lib/python3.12/site-packages/airflow/example_dags/example_branch_operator_decorator.py took 0.022 seconds
[2024-06-27T21:47:17.950+0000] {processor.py:161} INFO - Started process (PID=5052) to work on /home/ubuntu/venv/lib/python3.12/site-packages/airflow/example_dags/example_branch_operator_decorator.py
[2024-06-27T21:47:17.951+0000] {processor.py:830} INFO - Processing file /home/ubuntu/venv/lib/python3.12/site-packages/airflow/example_dags/example_branch_operator_decorator.py for tasks to queue
[2024-06-27T21:47:17.952+0000] {logging_mixin.py:188} INFO - [2024-06-27T21:47:17.952+0000] {dagbag.py:545} INFO - Filling up the DagBag from /home/ubuntu/venv/lib/python3.12/site-packages/airflow/example_dags/example_branch_operator_decorator.py
[2024-06-27T21:47:17.955+0000] {processor.py:842} WARNING - No viable dags retrieved from /home/ubuntu/venv/lib/python3.12/site-packages/airflow/example_dags/example_branch_operator_decorator.py
[2024-06-27T21:47:17.966+0000] {processor.py:183} INFO - Processing /home/ubuntu/venv/lib/python3.12/site-packages/airflow/example_dags/example_branch_operator_decorator.py took 0.022 seconds
[2024-06-27T21:48:26.411+0000] {processor.py:161} INFO - Started process (PID=5248) to work on /home/ubuntu/venv/lib/python3.12/site-packages/airflow/example_dags/example_branch_operator_decorator.py
[2024-06-27T21:48:26.412+0000] {processor.py:830} INFO - Processing file /home/ubuntu/venv/lib/python3.12/site-packages/airflow/example_dags/example_branch_operator_decorator.py for tasks to queue
[2024-06-27T21:48:26.413+0000] {logging_mixin.py:188} INFO - [2024-06-27T21:48:26.412+0000] {dagbag.py:545} INFO - Filling up the DagBag from /home/ubuntu/venv/lib/python3.12/site-packages/airflow/example_dags/example_branch_operator_decorator.py
[2024-06-27T21:48:26.416+0000] {processor.py:842} WARNING - No viable dags retrieved from /home/ubuntu/venv/lib/python3.12/site-packages/airflow/example_dags/example_branch_operator_decorator.py
[2024-06-27T21:48:26.427+0000] {processor.py:183} INFO - Processing /home/ubuntu/venv/lib/python3.12/site-packages/airflow/example_dags/example_branch_operator_decorator.py took 0.024 seconds
[2024-06-27T21:49:28.693+0000] {processor.py:161} INFO - Started process (PID=5315) to work on /home/ubuntu/venv/lib/python3.12/site-packages/airflow/example_dags/example_branch_operator_decorator.py
[2024-06-27T21:49:28.695+0000] {processor.py:830} INFO - Processing file /home/ubuntu/venv/lib/python3.12/site-packages/airflow/example_dags/example_branch_operator_decorator.py for tasks to queue
[2024-06-27T21:49:28.696+0000] {logging_mixin.py:188} INFO - [2024-06-27T21:49:28.695+0000] {dagbag.py:545} INFO - Filling up the DagBag from /home/ubuntu/venv/lib/python3.12/site-packages/airflow/example_dags/example_branch_operator_decorator.py
[2024-06-27T21:49:28.699+0000] {processor.py:842} WARNING - No viable dags retrieved from /home/ubuntu/venv/lib/python3.12/site-packages/airflow/example_dags/example_branch_operator_decorator.py
[2024-06-27T21:49:28.710+0000] {processor.py:183} INFO - Processing /home/ubuntu/venv/lib/python3.12/site-packages/airflow/example_dags/example_branch_operator_decorator.py took 0.024 seconds
