[2024-06-27T21:19:35.617+0000] {processor.py:161} INFO - Started process (PID=2937) to work on /home/ubuntu/venv/lib/python3.12/site-packages/airflow/example_dags/example_trigger_target_dag.py
[2024-06-27T21:19:35.618+0000] {processor.py:830} INFO - Processing file /home/ubuntu/venv/lib/python3.12/site-packages/airflow/example_dags/example_trigger_target_dag.py for tasks to queue
[2024-06-27T21:19:35.620+0000] {logging_mixin.py:188} INFO - [2024-06-27T21:19:35.620+0000] {dagbag.py:545} INFO - Filling up the DagBag from /home/ubuntu/venv/lib/python3.12/site-packages/airflow/example_dags/example_trigger_target_dag.py
[2024-06-27T21:19:35.629+0000] {processor.py:840} INFO - DAG(s) 'example_trigger_target_dag' retrieved from /home/ubuntu/venv/lib/python3.12/site-packages/airflow/example_dags/example_trigger_target_dag.py
[2024-06-27T21:19:35.757+0000] {logging_mixin.py:188} INFO - [2024-06-27T21:19:35.756+0000] {override.py:1847} INFO - Created Permission View: can read on DAG:example_trigger_target_dag
[2024-06-27T21:19:35.770+0000] {logging_mixin.py:188} INFO - [2024-06-27T21:19:35.770+0000] {override.py:1847} INFO - Created Permission View: can delete on DAG:example_trigger_target_dag
[2024-06-27T21:19:35.779+0000] {logging_mixin.py:188} INFO - [2024-06-27T21:19:35.779+0000] {override.py:1847} INFO - Created Permission View: can edit on DAG:example_trigger_target_dag
[2024-06-27T21:19:35.780+0000] {logging_mixin.py:188} INFO - [2024-06-27T21:19:35.780+0000] {dag.py:3096} INFO - Sync 1 DAGs
[2024-06-27T21:19:35.792+0000] {logging_mixin.py:188} INFO - [2024-06-27T21:19:35.791+0000] {dag.py:3118} INFO - Creating ORM DAG for example_trigger_target_dag
[2024-06-27T21:19:35.792+0000] {logging_mixin.py:188} INFO - [2024-06-27T21:19:35.792+0000] {dag.py:3954} INFO - Setting next_dagrun for example_trigger_target_dag to None, run_after=None
[2024-06-27T21:19:35.812+0000] {processor.py:183} INFO - Processing /home/ubuntu/venv/lib/python3.12/site-packages/airflow/example_dags/example_trigger_target_dag.py took 0.200 seconds
[2024-06-27T21:20:34.103+0000] {processor.py:161} INFO - Started process (PID=2996) to work on /home/ubuntu/venv/lib/python3.12/site-packages/airflow/example_dags/example_trigger_target_dag.py
[2024-06-27T21:20:34.105+0000] {processor.py:830} INFO - Processing file /home/ubuntu/venv/lib/python3.12/site-packages/airflow/example_dags/example_trigger_target_dag.py for tasks to queue
[2024-06-27T21:20:34.107+0000] {logging_mixin.py:188} INFO - [2024-06-27T21:20:34.107+0000] {dagbag.py:545} INFO - Filling up the DagBag from /home/ubuntu/venv/lib/python3.12/site-packages/airflow/example_dags/example_trigger_target_dag.py
[2024-06-27T21:20:34.114+0000] {processor.py:840} INFO - DAG(s) 'example_trigger_target_dag' retrieved from /home/ubuntu/venv/lib/python3.12/site-packages/airflow/example_dags/example_trigger_target_dag.py
[2024-06-27T21:20:34.131+0000] {logging_mixin.py:188} INFO - [2024-06-27T21:20:34.131+0000] {dag.py:3096} INFO - Sync 1 DAGs
[2024-06-27T21:20:34.144+0000] {logging_mixin.py:188} INFO - [2024-06-27T21:20:34.144+0000] {dag.py:3954} INFO - Setting next_dagrun for example_trigger_target_dag to None, run_after=None
[2024-06-27T21:20:34.168+0000] {processor.py:183} INFO - Processing /home/ubuntu/venv/lib/python3.12/site-packages/airflow/example_dags/example_trigger_target_dag.py took 0.071 seconds
[2024-06-27T21:21:19.603+0000] {processor.py:161} INFO - Started process (PID=3325) to work on /home/ubuntu/venv/lib/python3.12/site-packages/airflow/example_dags/example_trigger_target_dag.py
[2024-06-27T21:21:19.605+0000] {processor.py:830} INFO - Processing file /home/ubuntu/venv/lib/python3.12/site-packages/airflow/example_dags/example_trigger_target_dag.py for tasks to queue
[2024-06-27T21:21:19.606+0000] {logging_mixin.py:188} INFO - [2024-06-27T21:21:19.606+0000] {dagbag.py:545} INFO - Filling up the DagBag from /home/ubuntu/venv/lib/python3.12/site-packages/airflow/example_dags/example_trigger_target_dag.py
[2024-06-27T21:21:19.613+0000] {processor.py:840} INFO - DAG(s) 'example_trigger_target_dag' retrieved from /home/ubuntu/venv/lib/python3.12/site-packages/airflow/example_dags/example_trigger_target_dag.py
[2024-06-27T21:21:19.629+0000] {logging_mixin.py:188} INFO - [2024-06-27T21:21:19.629+0000] {dag.py:3096} INFO - Sync 1 DAGs
[2024-06-27T21:21:19.642+0000] {logging_mixin.py:188} INFO - [2024-06-27T21:21:19.642+0000] {dag.py:3954} INFO - Setting next_dagrun for example_trigger_target_dag to None, run_after=None
[2024-06-27T21:21:19.664+0000] {processor.py:183} INFO - Processing /home/ubuntu/venv/lib/python3.12/site-packages/airflow/example_dags/example_trigger_target_dag.py took 0.067 seconds
[2024-06-27T21:21:59.747+0000] {processor.py:161} INFO - Started process (PID=3370) to work on /home/ubuntu/venv/lib/python3.12/site-packages/airflow/example_dags/example_trigger_target_dag.py
[2024-06-27T21:21:59.749+0000] {processor.py:830} INFO - Processing file /home/ubuntu/venv/lib/python3.12/site-packages/airflow/example_dags/example_trigger_target_dag.py for tasks to queue
[2024-06-27T21:21:59.751+0000] {logging_mixin.py:188} INFO - [2024-06-27T21:21:59.750+0000] {dagbag.py:545} INFO - Filling up the DagBag from /home/ubuntu/venv/lib/python3.12/site-packages/airflow/example_dags/example_trigger_target_dag.py
[2024-06-27T21:21:59.758+0000] {processor.py:840} INFO - DAG(s) 'example_trigger_target_dag' retrieved from /home/ubuntu/venv/lib/python3.12/site-packages/airflow/example_dags/example_trigger_target_dag.py
[2024-06-27T21:21:59.774+0000] {logging_mixin.py:188} INFO - [2024-06-27T21:21:59.774+0000] {dag.py:3096} INFO - Sync 1 DAGs
[2024-06-27T21:21:59.787+0000] {logging_mixin.py:188} INFO - [2024-06-27T21:21:59.786+0000] {dag.py:3954} INFO - Setting next_dagrun for example_trigger_target_dag to None, run_after=None
[2024-06-27T21:21:59.810+0000] {processor.py:183} INFO - Processing /home/ubuntu/venv/lib/python3.12/site-packages/airflow/example_dags/example_trigger_target_dag.py took 0.069 seconds
[2024-06-27T21:22:50.074+0000] {processor.py:161} INFO - Started process (PID=3435) to work on /home/ubuntu/venv/lib/python3.12/site-packages/airflow/example_dags/example_trigger_target_dag.py
[2024-06-27T21:22:50.075+0000] {processor.py:830} INFO - Processing file /home/ubuntu/venv/lib/python3.12/site-packages/airflow/example_dags/example_trigger_target_dag.py for tasks to queue
[2024-06-27T21:22:50.077+0000] {logging_mixin.py:188} INFO - [2024-06-27T21:22:50.076+0000] {dagbag.py:545} INFO - Filling up the DagBag from /home/ubuntu/venv/lib/python3.12/site-packages/airflow/example_dags/example_trigger_target_dag.py
[2024-06-27T21:22:50.083+0000] {processor.py:840} INFO - DAG(s) 'example_trigger_target_dag' retrieved from /home/ubuntu/venv/lib/python3.12/site-packages/airflow/example_dags/example_trigger_target_dag.py
[2024-06-27T21:22:50.099+0000] {logging_mixin.py:188} INFO - [2024-06-27T21:22:50.098+0000] {dag.py:3096} INFO - Sync 1 DAGs
[2024-06-27T21:22:50.111+0000] {logging_mixin.py:188} INFO - [2024-06-27T21:22:50.110+0000] {dag.py:3954} INFO - Setting next_dagrun for example_trigger_target_dag to None, run_after=None
[2024-06-27T21:22:50.134+0000] {processor.py:183} INFO - Processing /home/ubuntu/venv/lib/python3.12/site-packages/airflow/example_dags/example_trigger_target_dag.py took 0.066 seconds
[2024-06-27T21:23:29.010+0000] {processor.py:161} INFO - Started process (PID=3478) to work on /home/ubuntu/venv/lib/python3.12/site-packages/airflow/example_dags/example_trigger_target_dag.py
[2024-06-27T21:23:29.011+0000] {processor.py:830} INFO - Processing file /home/ubuntu/venv/lib/python3.12/site-packages/airflow/example_dags/example_trigger_target_dag.py for tasks to queue
[2024-06-27T21:23:29.013+0000] {logging_mixin.py:188} INFO - [2024-06-27T21:23:29.013+0000] {dagbag.py:545} INFO - Filling up the DagBag from /home/ubuntu/venv/lib/python3.12/site-packages/airflow/example_dags/example_trigger_target_dag.py
[2024-06-27T21:23:29.020+0000] {processor.py:840} INFO - DAG(s) 'example_trigger_target_dag' retrieved from /home/ubuntu/venv/lib/python3.12/site-packages/airflow/example_dags/example_trigger_target_dag.py
[2024-06-27T21:23:29.036+0000] {logging_mixin.py:188} INFO - [2024-06-27T21:23:29.036+0000] {dag.py:3096} INFO - Sync 1 DAGs
[2024-06-27T21:23:29.049+0000] {logging_mixin.py:188} INFO - [2024-06-27T21:23:29.048+0000] {dag.py:3954} INFO - Setting next_dagrun for example_trigger_target_dag to None, run_after=None
[2024-06-27T21:23:29.072+0000] {processor.py:183} INFO - Processing /home/ubuntu/venv/lib/python3.12/site-packages/airflow/example_dags/example_trigger_target_dag.py took 0.069 seconds
[2024-06-27T21:24:07.336+0000] {processor.py:161} INFO - Started process (PID=3519) to work on /home/ubuntu/venv/lib/python3.12/site-packages/airflow/example_dags/example_trigger_target_dag.py
[2024-06-27T21:24:07.338+0000] {processor.py:830} INFO - Processing file /home/ubuntu/venv/lib/python3.12/site-packages/airflow/example_dags/example_trigger_target_dag.py for tasks to queue
[2024-06-27T21:24:07.340+0000] {logging_mixin.py:188} INFO - [2024-06-27T21:24:07.339+0000] {dagbag.py:545} INFO - Filling up the DagBag from /home/ubuntu/venv/lib/python3.12/site-packages/airflow/example_dags/example_trigger_target_dag.py
[2024-06-27T21:24:07.346+0000] {processor.py:840} INFO - DAG(s) 'example_trigger_target_dag' retrieved from /home/ubuntu/venv/lib/python3.12/site-packages/airflow/example_dags/example_trigger_target_dag.py
[2024-06-27T21:24:07.362+0000] {logging_mixin.py:188} INFO - [2024-06-27T21:24:07.362+0000] {dag.py:3096} INFO - Sync 1 DAGs
[2024-06-27T21:24:07.374+0000] {logging_mixin.py:188} INFO - [2024-06-27T21:24:07.374+0000] {dag.py:3954} INFO - Setting next_dagrun for example_trigger_target_dag to None, run_after=None
[2024-06-27T21:24:07.398+0000] {processor.py:183} INFO - Processing /home/ubuntu/venv/lib/python3.12/site-packages/airflow/example_dags/example_trigger_target_dag.py took 0.068 seconds
[2024-06-27T21:24:47.741+0000] {processor.py:161} INFO - Started process (PID=3562) to work on /home/ubuntu/venv/lib/python3.12/site-packages/airflow/example_dags/example_trigger_target_dag.py
[2024-06-27T21:24:47.743+0000] {processor.py:830} INFO - Processing file /home/ubuntu/venv/lib/python3.12/site-packages/airflow/example_dags/example_trigger_target_dag.py for tasks to queue
[2024-06-27T21:24:47.744+0000] {logging_mixin.py:188} INFO - [2024-06-27T21:24:47.743+0000] {dagbag.py:545} INFO - Filling up the DagBag from /home/ubuntu/venv/lib/python3.12/site-packages/airflow/example_dags/example_trigger_target_dag.py
[2024-06-27T21:24:47.750+0000] {processor.py:840} INFO - DAG(s) 'example_trigger_target_dag' retrieved from /home/ubuntu/venv/lib/python3.12/site-packages/airflow/example_dags/example_trigger_target_dag.py
[2024-06-27T21:24:47.767+0000] {logging_mixin.py:188} INFO - [2024-06-27T21:24:47.766+0000] {dag.py:3096} INFO - Sync 1 DAGs
[2024-06-27T21:24:47.779+0000] {logging_mixin.py:188} INFO - [2024-06-27T21:24:47.779+0000] {dag.py:3954} INFO - Setting next_dagrun for example_trigger_target_dag to None, run_after=None
[2024-06-27T21:24:47.802+0000] {processor.py:183} INFO - Processing /home/ubuntu/venv/lib/python3.12/site-packages/airflow/example_dags/example_trigger_target_dag.py took 0.067 seconds
[2024-06-27T21:25:31.023+0000] {processor.py:161} INFO - Started process (PID=3615) to work on /home/ubuntu/venv/lib/python3.12/site-packages/airflow/example_dags/example_trigger_target_dag.py
[2024-06-27T21:25:31.025+0000] {processor.py:830} INFO - Processing file /home/ubuntu/venv/lib/python3.12/site-packages/airflow/example_dags/example_trigger_target_dag.py for tasks to queue
[2024-06-27T21:25:31.026+0000] {logging_mixin.py:188} INFO - [2024-06-27T21:25:31.025+0000] {dagbag.py:545} INFO - Filling up the DagBag from /home/ubuntu/venv/lib/python3.12/site-packages/airflow/example_dags/example_trigger_target_dag.py
[2024-06-27T21:25:31.032+0000] {processor.py:840} INFO - DAG(s) 'example_trigger_target_dag' retrieved from /home/ubuntu/venv/lib/python3.12/site-packages/airflow/example_dags/example_trigger_target_dag.py
[2024-06-27T21:25:31.050+0000] {logging_mixin.py:188} INFO - [2024-06-27T21:25:31.050+0000] {dag.py:3096} INFO - Sync 1 DAGs
[2024-06-27T21:25:31.064+0000] {logging_mixin.py:188} INFO - [2024-06-27T21:25:31.063+0000] {dag.py:3954} INFO - Setting next_dagrun for example_trigger_target_dag to None, run_after=None
[2024-06-27T21:25:31.089+0000] {processor.py:183} INFO - Processing /home/ubuntu/venv/lib/python3.12/site-packages/airflow/example_dags/example_trigger_target_dag.py took 0.072 seconds
[2024-06-27T21:26:12.442+0000] {processor.py:161} INFO - Started process (PID=3657) to work on /home/ubuntu/venv/lib/python3.12/site-packages/airflow/example_dags/example_trigger_target_dag.py
[2024-06-27T21:26:12.443+0000] {processor.py:830} INFO - Processing file /home/ubuntu/venv/lib/python3.12/site-packages/airflow/example_dags/example_trigger_target_dag.py for tasks to queue
[2024-06-27T21:26:12.444+0000] {logging_mixin.py:188} INFO - [2024-06-27T21:26:12.444+0000] {dagbag.py:545} INFO - Filling up the DagBag from /home/ubuntu/venv/lib/python3.12/site-packages/airflow/example_dags/example_trigger_target_dag.py
[2024-06-27T21:26:12.451+0000] {processor.py:840} INFO - DAG(s) 'example_trigger_target_dag' retrieved from /home/ubuntu/venv/lib/python3.12/site-packages/airflow/example_dags/example_trigger_target_dag.py
[2024-06-27T21:26:12.468+0000] {logging_mixin.py:188} INFO - [2024-06-27T21:26:12.468+0000] {dag.py:3096} INFO - Sync 1 DAGs
[2024-06-27T21:26:12.481+0000] {logging_mixin.py:188} INFO - [2024-06-27T21:26:12.481+0000] {dag.py:3954} INFO - Setting next_dagrun for example_trigger_target_dag to None, run_after=None
[2024-06-27T21:26:12.505+0000] {processor.py:183} INFO - Processing /home/ubuntu/venv/lib/python3.12/site-packages/airflow/example_dags/example_trigger_target_dag.py took 0.069 seconds
[2024-06-27T21:26:57.202+0000] {processor.py:161} INFO - Started process (PID=3702) to work on /home/ubuntu/venv/lib/python3.12/site-packages/airflow/example_dags/example_trigger_target_dag.py
[2024-06-27T21:26:57.203+0000] {processor.py:830} INFO - Processing file /home/ubuntu/venv/lib/python3.12/site-packages/airflow/example_dags/example_trigger_target_dag.py for tasks to queue
[2024-06-27T21:26:57.204+0000] {logging_mixin.py:188} INFO - [2024-06-27T21:26:57.204+0000] {dagbag.py:545} INFO - Filling up the DagBag from /home/ubuntu/venv/lib/python3.12/site-packages/airflow/example_dags/example_trigger_target_dag.py
[2024-06-27T21:26:57.211+0000] {processor.py:840} INFO - DAG(s) 'example_trigger_target_dag' retrieved from /home/ubuntu/venv/lib/python3.12/site-packages/airflow/example_dags/example_trigger_target_dag.py
[2024-06-27T21:26:57.228+0000] {logging_mixin.py:188} INFO - [2024-06-27T21:26:57.228+0000] {dag.py:3096} INFO - Sync 1 DAGs
[2024-06-27T21:26:57.241+0000] {logging_mixin.py:188} INFO - [2024-06-27T21:26:57.241+0000] {dag.py:3954} INFO - Setting next_dagrun for example_trigger_target_dag to None, run_after=None
[2024-06-27T21:26:57.265+0000] {processor.py:183} INFO - Processing /home/ubuntu/venv/lib/python3.12/site-packages/airflow/example_dags/example_trigger_target_dag.py took 0.069 seconds
[2024-06-27T21:27:38.371+0000] {processor.py:161} INFO - Started process (PID=3746) to work on /home/ubuntu/venv/lib/python3.12/site-packages/airflow/example_dags/example_trigger_target_dag.py
[2024-06-27T21:27:38.373+0000] {processor.py:830} INFO - Processing file /home/ubuntu/venv/lib/python3.12/site-packages/airflow/example_dags/example_trigger_target_dag.py for tasks to queue
[2024-06-27T21:27:38.374+0000] {logging_mixin.py:188} INFO - [2024-06-27T21:27:38.374+0000] {dagbag.py:545} INFO - Filling up the DagBag from /home/ubuntu/venv/lib/python3.12/site-packages/airflow/example_dags/example_trigger_target_dag.py
[2024-06-27T21:27:38.380+0000] {processor.py:840} INFO - DAG(s) 'example_trigger_target_dag' retrieved from /home/ubuntu/venv/lib/python3.12/site-packages/airflow/example_dags/example_trigger_target_dag.py
[2024-06-27T21:27:38.397+0000] {logging_mixin.py:188} INFO - [2024-06-27T21:27:38.397+0000] {dag.py:3096} INFO - Sync 1 DAGs
[2024-06-27T21:27:38.409+0000] {logging_mixin.py:188} INFO - [2024-06-27T21:27:38.409+0000] {dag.py:3954} INFO - Setting next_dagrun for example_trigger_target_dag to None, run_after=None
[2024-06-27T21:27:38.432+0000] {processor.py:183} INFO - Processing /home/ubuntu/venv/lib/python3.12/site-packages/airflow/example_dags/example_trigger_target_dag.py took 0.067 seconds
[2024-06-27T21:28:40.161+0000] {processor.py:161} INFO - Started process (PID=3822) to work on /home/ubuntu/venv/lib/python3.12/site-packages/airflow/example_dags/example_trigger_target_dag.py
[2024-06-27T21:28:40.162+0000] {processor.py:830} INFO - Processing file /home/ubuntu/venv/lib/python3.12/site-packages/airflow/example_dags/example_trigger_target_dag.py for tasks to queue
[2024-06-27T21:28:40.163+0000] {logging_mixin.py:188} INFO - [2024-06-27T21:28:40.163+0000] {dagbag.py:545} INFO - Filling up the DagBag from /home/ubuntu/venv/lib/python3.12/site-packages/airflow/example_dags/example_trigger_target_dag.py
[2024-06-27T21:28:40.170+0000] {processor.py:840} INFO - DAG(s) 'example_trigger_target_dag' retrieved from /home/ubuntu/venv/lib/python3.12/site-packages/airflow/example_dags/example_trigger_target_dag.py
[2024-06-27T21:28:40.186+0000] {logging_mixin.py:188} INFO - [2024-06-27T21:28:40.186+0000] {dag.py:3096} INFO - Sync 1 DAGs
[2024-06-27T21:28:40.199+0000] {logging_mixin.py:188} INFO - [2024-06-27T21:28:40.198+0000] {dag.py:3954} INFO - Setting next_dagrun for example_trigger_target_dag to None, run_after=None
[2024-06-27T21:28:40.222+0000] {processor.py:183} INFO - Processing /home/ubuntu/venv/lib/python3.12/site-packages/airflow/example_dags/example_trigger_target_dag.py took 0.067 seconds
[2024-06-27T21:29:22.668+0000] {processor.py:161} INFO - Started process (PID=3874) to work on /home/ubuntu/venv/lib/python3.12/site-packages/airflow/example_dags/example_trigger_target_dag.py
[2024-06-27T21:29:22.669+0000] {processor.py:830} INFO - Processing file /home/ubuntu/venv/lib/python3.12/site-packages/airflow/example_dags/example_trigger_target_dag.py for tasks to queue
[2024-06-27T21:29:22.670+0000] {logging_mixin.py:188} INFO - [2024-06-27T21:29:22.670+0000] {dagbag.py:545} INFO - Filling up the DagBag from /home/ubuntu/venv/lib/python3.12/site-packages/airflow/example_dags/example_trigger_target_dag.py
[2024-06-27T21:29:22.677+0000] {processor.py:840} INFO - DAG(s) 'example_trigger_target_dag' retrieved from /home/ubuntu/venv/lib/python3.12/site-packages/airflow/example_dags/example_trigger_target_dag.py
[2024-06-27T21:29:22.693+0000] {logging_mixin.py:188} INFO - [2024-06-27T21:29:22.693+0000] {dag.py:3096} INFO - Sync 1 DAGs
[2024-06-27T21:29:22.706+0000] {logging_mixin.py:188} INFO - [2024-06-27T21:29:22.705+0000] {dag.py:3954} INFO - Setting next_dagrun for example_trigger_target_dag to None, run_after=None
[2024-06-27T21:29:22.729+0000] {processor.py:183} INFO - Processing /home/ubuntu/venv/lib/python3.12/site-packages/airflow/example_dags/example_trigger_target_dag.py took 0.067 seconds
[2024-06-27T21:30:07.997+0000] {processor.py:161} INFO - Started process (PID=3925) to work on /home/ubuntu/venv/lib/python3.12/site-packages/airflow/example_dags/example_trigger_target_dag.py
[2024-06-27T21:30:07.999+0000] {processor.py:830} INFO - Processing file /home/ubuntu/venv/lib/python3.12/site-packages/airflow/example_dags/example_trigger_target_dag.py for tasks to queue
[2024-06-27T21:30:08.000+0000] {logging_mixin.py:188} INFO - [2024-06-27T21:30:07.999+0000] {dagbag.py:545} INFO - Filling up the DagBag from /home/ubuntu/venv/lib/python3.12/site-packages/airflow/example_dags/example_trigger_target_dag.py
[2024-06-27T21:30:08.007+0000] {processor.py:840} INFO - DAG(s) 'example_trigger_target_dag' retrieved from /home/ubuntu/venv/lib/python3.12/site-packages/airflow/example_dags/example_trigger_target_dag.py
[2024-06-27T21:30:08.023+0000] {logging_mixin.py:188} INFO - [2024-06-27T21:30:08.023+0000] {dag.py:3096} INFO - Sync 1 DAGs
[2024-06-27T21:30:08.036+0000] {logging_mixin.py:188} INFO - [2024-06-27T21:30:08.036+0000] {dag.py:3954} INFO - Setting next_dagrun for example_trigger_target_dag to None, run_after=None
[2024-06-27T21:30:08.059+0000] {processor.py:183} INFO - Processing /home/ubuntu/venv/lib/python3.12/site-packages/airflow/example_dags/example_trigger_target_dag.py took 0.068 seconds
[2024-06-27T21:30:50.643+0000] {processor.py:161} INFO - Started process (PID=3977) to work on /home/ubuntu/venv/lib/python3.12/site-packages/airflow/example_dags/example_trigger_target_dag.py
[2024-06-27T21:30:50.645+0000] {processor.py:830} INFO - Processing file /home/ubuntu/venv/lib/python3.12/site-packages/airflow/example_dags/example_trigger_target_dag.py for tasks to queue
[2024-06-27T21:30:50.647+0000] {logging_mixin.py:188} INFO - [2024-06-27T21:30:50.646+0000] {dagbag.py:545} INFO - Filling up the DagBag from /home/ubuntu/venv/lib/python3.12/site-packages/airflow/example_dags/example_trigger_target_dag.py
[2024-06-27T21:30:50.654+0000] {processor.py:840} INFO - DAG(s) 'example_trigger_target_dag' retrieved from /home/ubuntu/venv/lib/python3.12/site-packages/airflow/example_dags/example_trigger_target_dag.py
[2024-06-27T21:30:50.671+0000] {logging_mixin.py:188} INFO - [2024-06-27T21:30:50.671+0000] {dag.py:3096} INFO - Sync 1 DAGs
[2024-06-27T21:30:50.685+0000] {logging_mixin.py:188} INFO - [2024-06-27T21:30:50.684+0000] {dag.py:3954} INFO - Setting next_dagrun for example_trigger_target_dag to None, run_after=None
[2024-06-27T21:30:50.709+0000] {processor.py:183} INFO - Processing /home/ubuntu/venv/lib/python3.12/site-packages/airflow/example_dags/example_trigger_target_dag.py took 0.072 seconds
[2024-06-27T21:31:32.518+0000] {processor.py:161} INFO - Started process (PID=4019) to work on /home/ubuntu/venv/lib/python3.12/site-packages/airflow/example_dags/example_trigger_target_dag.py
[2024-06-27T21:31:32.520+0000] {processor.py:830} INFO - Processing file /home/ubuntu/venv/lib/python3.12/site-packages/airflow/example_dags/example_trigger_target_dag.py for tasks to queue
[2024-06-27T21:31:32.521+0000] {logging_mixin.py:188} INFO - [2024-06-27T21:31:32.520+0000] {dagbag.py:545} INFO - Filling up the DagBag from /home/ubuntu/venv/lib/python3.12/site-packages/airflow/example_dags/example_trigger_target_dag.py
[2024-06-27T21:31:32.528+0000] {processor.py:840} INFO - DAG(s) 'example_trigger_target_dag' retrieved from /home/ubuntu/venv/lib/python3.12/site-packages/airflow/example_dags/example_trigger_target_dag.py
[2024-06-27T21:31:32.544+0000] {logging_mixin.py:188} INFO - [2024-06-27T21:31:32.544+0000] {dag.py:3096} INFO - Sync 1 DAGs
[2024-06-27T21:31:32.556+0000] {logging_mixin.py:188} INFO - [2024-06-27T21:31:32.556+0000] {dag.py:3954} INFO - Setting next_dagrun for example_trigger_target_dag to None, run_after=None
[2024-06-27T21:31:32.579+0000] {processor.py:183} INFO - Processing /home/ubuntu/venv/lib/python3.12/site-packages/airflow/example_dags/example_trigger_target_dag.py took 0.067 seconds
[2024-06-27T21:32:18.209+0000] {processor.py:161} INFO - Started process (PID=4064) to work on /home/ubuntu/venv/lib/python3.12/site-packages/airflow/example_dags/example_trigger_target_dag.py
[2024-06-27T21:32:18.211+0000] {processor.py:830} INFO - Processing file /home/ubuntu/venv/lib/python3.12/site-packages/airflow/example_dags/example_trigger_target_dag.py for tasks to queue
[2024-06-27T21:32:18.212+0000] {logging_mixin.py:188} INFO - [2024-06-27T21:32:18.211+0000] {dagbag.py:545} INFO - Filling up the DagBag from /home/ubuntu/venv/lib/python3.12/site-packages/airflow/example_dags/example_trigger_target_dag.py
[2024-06-27T21:32:18.219+0000] {processor.py:840} INFO - DAG(s) 'example_trigger_target_dag' retrieved from /home/ubuntu/venv/lib/python3.12/site-packages/airflow/example_dags/example_trigger_target_dag.py
[2024-06-27T21:32:18.236+0000] {logging_mixin.py:188} INFO - [2024-06-27T21:32:18.235+0000] {dag.py:3096} INFO - Sync 1 DAGs
[2024-06-27T21:32:18.249+0000] {logging_mixin.py:188} INFO - [2024-06-27T21:32:18.249+0000] {dag.py:3954} INFO - Setting next_dagrun for example_trigger_target_dag to None, run_after=None
[2024-06-27T21:32:18.275+0000] {processor.py:183} INFO - Processing /home/ubuntu/venv/lib/python3.12/site-packages/airflow/example_dags/example_trigger_target_dag.py took 0.072 seconds
[2024-06-27T21:33:15.880+0000] {processor.py:161} INFO - Started process (PID=4136) to work on /home/ubuntu/venv/lib/python3.12/site-packages/airflow/example_dags/example_trigger_target_dag.py
[2024-06-27T21:33:15.882+0000] {processor.py:830} INFO - Processing file /home/ubuntu/venv/lib/python3.12/site-packages/airflow/example_dags/example_trigger_target_dag.py for tasks to queue
[2024-06-27T21:33:15.883+0000] {logging_mixin.py:188} INFO - [2024-06-27T21:33:15.882+0000] {dagbag.py:545} INFO - Filling up the DagBag from /home/ubuntu/venv/lib/python3.12/site-packages/airflow/example_dags/example_trigger_target_dag.py
[2024-06-27T21:33:15.890+0000] {processor.py:840} INFO - DAG(s) 'example_trigger_target_dag' retrieved from /home/ubuntu/venv/lib/python3.12/site-packages/airflow/example_dags/example_trigger_target_dag.py
[2024-06-27T21:33:15.906+0000] {logging_mixin.py:188} INFO - [2024-06-27T21:33:15.906+0000] {dag.py:3096} INFO - Sync 1 DAGs
[2024-06-27T21:33:15.919+0000] {logging_mixin.py:188} INFO - [2024-06-27T21:33:15.918+0000] {dag.py:3954} INFO - Setting next_dagrun for example_trigger_target_dag to None, run_after=None
[2024-06-27T21:33:15.942+0000] {processor.py:183} INFO - Processing /home/ubuntu/venv/lib/python3.12/site-packages/airflow/example_dags/example_trigger_target_dag.py took 0.068 seconds
[2024-06-27T21:34:03.017+0000] {processor.py:161} INFO - Started process (PID=4188) to work on /home/ubuntu/venv/lib/python3.12/site-packages/airflow/example_dags/example_trigger_target_dag.py
[2024-06-27T21:34:03.019+0000] {processor.py:830} INFO - Processing file /home/ubuntu/venv/lib/python3.12/site-packages/airflow/example_dags/example_trigger_target_dag.py for tasks to queue
[2024-06-27T21:34:03.020+0000] {logging_mixin.py:188} INFO - [2024-06-27T21:34:03.019+0000] {dagbag.py:545} INFO - Filling up the DagBag from /home/ubuntu/venv/lib/python3.12/site-packages/airflow/example_dags/example_trigger_target_dag.py
[2024-06-27T21:34:03.027+0000] {processor.py:840} INFO - DAG(s) 'example_trigger_target_dag' retrieved from /home/ubuntu/venv/lib/python3.12/site-packages/airflow/example_dags/example_trigger_target_dag.py
[2024-06-27T21:34:03.044+0000] {logging_mixin.py:188} INFO - [2024-06-27T21:34:03.044+0000] {dag.py:3096} INFO - Sync 1 DAGs
[2024-06-27T21:34:03.057+0000] {logging_mixin.py:188} INFO - [2024-06-27T21:34:03.056+0000] {dag.py:3954} INFO - Setting next_dagrun for example_trigger_target_dag to None, run_after=None
[2024-06-27T21:34:03.080+0000] {processor.py:183} INFO - Processing /home/ubuntu/venv/lib/python3.12/site-packages/airflow/example_dags/example_trigger_target_dag.py took 0.069 seconds
[2024-06-27T21:34:45.080+0000] {processor.py:161} INFO - Started process (PID=4232) to work on /home/ubuntu/venv/lib/python3.12/site-packages/airflow/example_dags/example_trigger_target_dag.py
[2024-06-27T21:34:45.082+0000] {processor.py:830} INFO - Processing file /home/ubuntu/venv/lib/python3.12/site-packages/airflow/example_dags/example_trigger_target_dag.py for tasks to queue
[2024-06-27T21:34:45.082+0000] {logging_mixin.py:188} INFO - [2024-06-27T21:34:45.082+0000] {dagbag.py:545} INFO - Filling up the DagBag from /home/ubuntu/venv/lib/python3.12/site-packages/airflow/example_dags/example_trigger_target_dag.py
[2024-06-27T21:34:45.089+0000] {processor.py:840} INFO - DAG(s) 'example_trigger_target_dag' retrieved from /home/ubuntu/venv/lib/python3.12/site-packages/airflow/example_dags/example_trigger_target_dag.py
[2024-06-27T21:34:45.105+0000] {logging_mixin.py:188} INFO - [2024-06-27T21:34:45.105+0000] {dag.py:3096} INFO - Sync 1 DAGs
[2024-06-27T21:34:45.117+0000] {logging_mixin.py:188} INFO - [2024-06-27T21:34:45.117+0000] {dag.py:3954} INFO - Setting next_dagrun for example_trigger_target_dag to None, run_after=None
[2024-06-27T21:34:45.141+0000] {processor.py:183} INFO - Processing /home/ubuntu/venv/lib/python3.12/site-packages/airflow/example_dags/example_trigger_target_dag.py took 0.066 seconds
[2024-06-27T21:35:26.988+0000] {processor.py:161} INFO - Started process (PID=4279) to work on /home/ubuntu/venv/lib/python3.12/site-packages/airflow/example_dags/example_trigger_target_dag.py
[2024-06-27T21:35:26.989+0000] {processor.py:830} INFO - Processing file /home/ubuntu/venv/lib/python3.12/site-packages/airflow/example_dags/example_trigger_target_dag.py for tasks to queue
[2024-06-27T21:35:26.990+0000] {logging_mixin.py:188} INFO - [2024-06-27T21:35:26.990+0000] {dagbag.py:545} INFO - Filling up the DagBag from /home/ubuntu/venv/lib/python3.12/site-packages/airflow/example_dags/example_trigger_target_dag.py
[2024-06-27T21:35:26.997+0000] {processor.py:840} INFO - DAG(s) 'example_trigger_target_dag' retrieved from /home/ubuntu/venv/lib/python3.12/site-packages/airflow/example_dags/example_trigger_target_dag.py
[2024-06-27T21:35:27.015+0000] {logging_mixin.py:188} INFO - [2024-06-27T21:35:27.014+0000] {dag.py:3096} INFO - Sync 1 DAGs
[2024-06-27T21:35:27.027+0000] {logging_mixin.py:188} INFO - [2024-06-27T21:35:27.027+0000] {dag.py:3954} INFO - Setting next_dagrun for example_trigger_target_dag to None, run_after=None
[2024-06-27T21:35:27.050+0000] {processor.py:183} INFO - Processing /home/ubuntu/venv/lib/python3.12/site-packages/airflow/example_dags/example_trigger_target_dag.py took 0.068 seconds
[2024-06-27T21:36:10.090+0000] {processor.py:161} INFO - Started process (PID=4324) to work on /home/ubuntu/venv/lib/python3.12/site-packages/airflow/example_dags/example_trigger_target_dag.py
[2024-06-27T21:36:10.091+0000] {processor.py:830} INFO - Processing file /home/ubuntu/venv/lib/python3.12/site-packages/airflow/example_dags/example_trigger_target_dag.py for tasks to queue
[2024-06-27T21:36:10.092+0000] {logging_mixin.py:188} INFO - [2024-06-27T21:36:10.092+0000] {dagbag.py:545} INFO - Filling up the DagBag from /home/ubuntu/venv/lib/python3.12/site-packages/airflow/example_dags/example_trigger_target_dag.py
[2024-06-27T21:36:10.099+0000] {processor.py:840} INFO - DAG(s) 'example_trigger_target_dag' retrieved from /home/ubuntu/venv/lib/python3.12/site-packages/airflow/example_dags/example_trigger_target_dag.py
[2024-06-27T21:36:10.116+0000] {logging_mixin.py:188} INFO - [2024-06-27T21:36:10.116+0000] {dag.py:3096} INFO - Sync 1 DAGs
[2024-06-27T21:36:10.129+0000] {logging_mixin.py:188} INFO - [2024-06-27T21:36:10.128+0000] {dag.py:3954} INFO - Setting next_dagrun for example_trigger_target_dag to None, run_after=None
[2024-06-27T21:36:10.152+0000] {processor.py:183} INFO - Processing /home/ubuntu/venv/lib/python3.12/site-packages/airflow/example_dags/example_trigger_target_dag.py took 0.068 seconds
[2024-06-27T21:36:53.344+0000] {processor.py:161} INFO - Started process (PID=4367) to work on /home/ubuntu/venv/lib/python3.12/site-packages/airflow/example_dags/example_trigger_target_dag.py
[2024-06-27T21:36:53.345+0000] {processor.py:830} INFO - Processing file /home/ubuntu/venv/lib/python3.12/site-packages/airflow/example_dags/example_trigger_target_dag.py for tasks to queue
[2024-06-27T21:36:53.346+0000] {logging_mixin.py:188} INFO - [2024-06-27T21:36:53.346+0000] {dagbag.py:545} INFO - Filling up the DagBag from /home/ubuntu/venv/lib/python3.12/site-packages/airflow/example_dags/example_trigger_target_dag.py
[2024-06-27T21:36:53.353+0000] {processor.py:840} INFO - DAG(s) 'example_trigger_target_dag' retrieved from /home/ubuntu/venv/lib/python3.12/site-packages/airflow/example_dags/example_trigger_target_dag.py
[2024-06-27T21:36:53.369+0000] {logging_mixin.py:188} INFO - [2024-06-27T21:36:53.369+0000] {dag.py:3096} INFO - Sync 1 DAGs
[2024-06-27T21:36:53.381+0000] {logging_mixin.py:188} INFO - [2024-06-27T21:36:53.381+0000] {dag.py:3954} INFO - Setting next_dagrun for example_trigger_target_dag to None, run_after=None
[2024-06-27T21:36:53.404+0000] {processor.py:183} INFO - Processing /home/ubuntu/venv/lib/python3.12/site-packages/airflow/example_dags/example_trigger_target_dag.py took 0.066 seconds
[2024-06-27T21:37:35.993+0000] {processor.py:161} INFO - Started process (PID=4411) to work on /home/ubuntu/venv/lib/python3.12/site-packages/airflow/example_dags/example_trigger_target_dag.py
[2024-06-27T21:37:35.995+0000] {processor.py:830} INFO - Processing file /home/ubuntu/venv/lib/python3.12/site-packages/airflow/example_dags/example_trigger_target_dag.py for tasks to queue
[2024-06-27T21:37:35.996+0000] {logging_mixin.py:188} INFO - [2024-06-27T21:37:35.995+0000] {dagbag.py:545} INFO - Filling up the DagBag from /home/ubuntu/venv/lib/python3.12/site-packages/airflow/example_dags/example_trigger_target_dag.py
[2024-06-27T21:37:36.003+0000] {processor.py:840} INFO - DAG(s) 'example_trigger_target_dag' retrieved from /home/ubuntu/venv/lib/python3.12/site-packages/airflow/example_dags/example_trigger_target_dag.py
[2024-06-27T21:37:36.020+0000] {logging_mixin.py:188} INFO - [2024-06-27T21:37:36.020+0000] {dag.py:3096} INFO - Sync 1 DAGs
[2024-06-27T21:37:36.033+0000] {logging_mixin.py:188} INFO - [2024-06-27T21:37:36.033+0000] {dag.py:3954} INFO - Setting next_dagrun for example_trigger_target_dag to None, run_after=None
[2024-06-27T21:37:36.056+0000] {processor.py:183} INFO - Processing /home/ubuntu/venv/lib/python3.12/site-packages/airflow/example_dags/example_trigger_target_dag.py took 0.069 seconds
[2024-06-27T21:38:28.547+0000] {processor.py:161} INFO - Started process (PID=4467) to work on /home/ubuntu/venv/lib/python3.12/site-packages/airflow/example_dags/example_trigger_target_dag.py
[2024-06-27T21:38:28.549+0000] {processor.py:830} INFO - Processing file /home/ubuntu/venv/lib/python3.12/site-packages/airflow/example_dags/example_trigger_target_dag.py for tasks to queue
[2024-06-27T21:38:28.550+0000] {logging_mixin.py:188} INFO - [2024-06-27T21:38:28.549+0000] {dagbag.py:545} INFO - Filling up the DagBag from /home/ubuntu/venv/lib/python3.12/site-packages/airflow/example_dags/example_trigger_target_dag.py
[2024-06-27T21:38:28.557+0000] {processor.py:840} INFO - DAG(s) 'example_trigger_target_dag' retrieved from /home/ubuntu/venv/lib/python3.12/site-packages/airflow/example_dags/example_trigger_target_dag.py
[2024-06-27T21:38:28.574+0000] {logging_mixin.py:188} INFO - [2024-06-27T21:38:28.574+0000] {dag.py:3096} INFO - Sync 1 DAGs
[2024-06-27T21:38:28.587+0000] {logging_mixin.py:188} INFO - [2024-06-27T21:38:28.587+0000] {dag.py:3954} INFO - Setting next_dagrun for example_trigger_target_dag to None, run_after=None
[2024-06-27T21:38:28.610+0000] {processor.py:183} INFO - Processing /home/ubuntu/venv/lib/python3.12/site-packages/airflow/example_dags/example_trigger_target_dag.py took 0.069 seconds
[2024-06-27T21:39:14.720+0000] {processor.py:161} INFO - Started process (PID=4515) to work on /home/ubuntu/venv/lib/python3.12/site-packages/airflow/example_dags/example_trigger_target_dag.py
[2024-06-27T21:39:14.722+0000] {processor.py:830} INFO - Processing file /home/ubuntu/venv/lib/python3.12/site-packages/airflow/example_dags/example_trigger_target_dag.py for tasks to queue
[2024-06-27T21:39:14.723+0000] {logging_mixin.py:188} INFO - [2024-06-27T21:39:14.722+0000] {dagbag.py:545} INFO - Filling up the DagBag from /home/ubuntu/venv/lib/python3.12/site-packages/airflow/example_dags/example_trigger_target_dag.py
[2024-06-27T21:39:14.730+0000] {processor.py:840} INFO - DAG(s) 'example_trigger_target_dag' retrieved from /home/ubuntu/venv/lib/python3.12/site-packages/airflow/example_dags/example_trigger_target_dag.py
[2024-06-27T21:39:14.746+0000] {logging_mixin.py:188} INFO - [2024-06-27T21:39:14.746+0000] {dag.py:3096} INFO - Sync 1 DAGs
[2024-06-27T21:39:14.758+0000] {logging_mixin.py:188} INFO - [2024-06-27T21:39:14.758+0000] {dag.py:3954} INFO - Setting next_dagrun for example_trigger_target_dag to None, run_after=None
[2024-06-27T21:39:14.781+0000] {processor.py:183} INFO - Processing /home/ubuntu/venv/lib/python3.12/site-packages/airflow/example_dags/example_trigger_target_dag.py took 0.066 seconds
[2024-06-27T21:40:05.444+0000] {processor.py:161} INFO - Started process (PID=4567) to work on /home/ubuntu/venv/lib/python3.12/site-packages/airflow/example_dags/example_trigger_target_dag.py
[2024-06-27T21:40:05.446+0000] {processor.py:830} INFO - Processing file /home/ubuntu/venv/lib/python3.12/site-packages/airflow/example_dags/example_trigger_target_dag.py for tasks to queue
[2024-06-27T21:40:05.446+0000] {logging_mixin.py:188} INFO - [2024-06-27T21:40:05.446+0000] {dagbag.py:545} INFO - Filling up the DagBag from /home/ubuntu/venv/lib/python3.12/site-packages/airflow/example_dags/example_trigger_target_dag.py
[2024-06-27T21:40:05.453+0000] {processor.py:840} INFO - DAG(s) 'example_trigger_target_dag' retrieved from /home/ubuntu/venv/lib/python3.12/site-packages/airflow/example_dags/example_trigger_target_dag.py
[2024-06-27T21:40:05.470+0000] {logging_mixin.py:188} INFO - [2024-06-27T21:40:05.470+0000] {dag.py:3096} INFO - Sync 1 DAGs
[2024-06-27T21:40:05.482+0000] {logging_mixin.py:188} INFO - [2024-06-27T21:40:05.482+0000] {dag.py:3954} INFO - Setting next_dagrun for example_trigger_target_dag to None, run_after=None
[2024-06-27T21:40:05.507+0000] {processor.py:183} INFO - Processing /home/ubuntu/venv/lib/python3.12/site-packages/airflow/example_dags/example_trigger_target_dag.py took 0.069 seconds
[2024-06-27T21:40:50.202+0000] {processor.py:161} INFO - Started process (PID=4615) to work on /home/ubuntu/venv/lib/python3.12/site-packages/airflow/example_dags/example_trigger_target_dag.py
[2024-06-27T21:40:50.203+0000] {processor.py:830} INFO - Processing file /home/ubuntu/venv/lib/python3.12/site-packages/airflow/example_dags/example_trigger_target_dag.py for tasks to queue
[2024-06-27T21:40:50.204+0000] {logging_mixin.py:188} INFO - [2024-06-27T21:40:50.204+0000] {dagbag.py:545} INFO - Filling up the DagBag from /home/ubuntu/venv/lib/python3.12/site-packages/airflow/example_dags/example_trigger_target_dag.py
[2024-06-27T21:40:50.211+0000] {processor.py:840} INFO - DAG(s) 'example_trigger_target_dag' retrieved from /home/ubuntu/venv/lib/python3.12/site-packages/airflow/example_dags/example_trigger_target_dag.py
[2024-06-27T21:40:50.228+0000] {logging_mixin.py:188} INFO - [2024-06-27T21:40:50.227+0000] {dag.py:3096} INFO - Sync 1 DAGs
[2024-06-27T21:40:50.240+0000] {logging_mixin.py:188} INFO - [2024-06-27T21:40:50.240+0000] {dag.py:3954} INFO - Setting next_dagrun for example_trigger_target_dag to None, run_after=None
[2024-06-27T21:40:50.263+0000] {processor.py:183} INFO - Processing /home/ubuntu/venv/lib/python3.12/site-packages/airflow/example_dags/example_trigger_target_dag.py took 0.068 seconds
[2024-06-27T21:41:33.217+0000] {processor.py:161} INFO - Started process (PID=4660) to work on /home/ubuntu/venv/lib/python3.12/site-packages/airflow/example_dags/example_trigger_target_dag.py
[2024-06-27T21:41:33.220+0000] {processor.py:830} INFO - Processing file /home/ubuntu/venv/lib/python3.12/site-packages/airflow/example_dags/example_trigger_target_dag.py for tasks to queue
[2024-06-27T21:41:33.221+0000] {logging_mixin.py:188} INFO - [2024-06-27T21:41:33.221+0000] {dagbag.py:545} INFO - Filling up the DagBag from /home/ubuntu/venv/lib/python3.12/site-packages/airflow/example_dags/example_trigger_target_dag.py
[2024-06-27T21:41:33.232+0000] {processor.py:840} INFO - DAG(s) 'example_trigger_target_dag' retrieved from /home/ubuntu/venv/lib/python3.12/site-packages/airflow/example_dags/example_trigger_target_dag.py
[2024-06-27T21:41:33.259+0000] {logging_mixin.py:188} INFO - [2024-06-27T21:41:33.259+0000] {dag.py:3096} INFO - Sync 1 DAGs
[2024-06-27T21:41:33.280+0000] {logging_mixin.py:188} INFO - [2024-06-27T21:41:33.280+0000] {dag.py:3954} INFO - Setting next_dagrun for example_trigger_target_dag to None, run_after=None
[2024-06-27T21:41:33.319+0000] {processor.py:183} INFO - Processing /home/ubuntu/venv/lib/python3.12/site-packages/airflow/example_dags/example_trigger_target_dag.py took 0.111 seconds
[2024-06-27T21:42:19.286+0000] {processor.py:161} INFO - Started process (PID=4707) to work on /home/ubuntu/venv/lib/python3.12/site-packages/airflow/example_dags/example_trigger_target_dag.py
[2024-06-27T21:42:19.288+0000] {processor.py:830} INFO - Processing file /home/ubuntu/venv/lib/python3.12/site-packages/airflow/example_dags/example_trigger_target_dag.py for tasks to queue
[2024-06-27T21:42:19.289+0000] {logging_mixin.py:188} INFO - [2024-06-27T21:42:19.288+0000] {dagbag.py:545} INFO - Filling up the DagBag from /home/ubuntu/venv/lib/python3.12/site-packages/airflow/example_dags/example_trigger_target_dag.py
[2024-06-27T21:42:19.295+0000] {processor.py:840} INFO - DAG(s) 'example_trigger_target_dag' retrieved from /home/ubuntu/venv/lib/python3.12/site-packages/airflow/example_dags/example_trigger_target_dag.py
[2024-06-27T21:42:19.312+0000] {logging_mixin.py:188} INFO - [2024-06-27T21:42:19.312+0000] {dag.py:3096} INFO - Sync 1 DAGs
[2024-06-27T21:42:19.324+0000] {logging_mixin.py:188} INFO - [2024-06-27T21:42:19.324+0000] {dag.py:3954} INFO - Setting next_dagrun for example_trigger_target_dag to None, run_after=None
[2024-06-27T21:42:19.347+0000] {processor.py:183} INFO - Processing /home/ubuntu/venv/lib/python3.12/site-packages/airflow/example_dags/example_trigger_target_dag.py took 0.066 seconds
[2024-06-27T21:43:00.997+0000] {processor.py:161} INFO - Started process (PID=4750) to work on /home/ubuntu/venv/lib/python3.12/site-packages/airflow/example_dags/example_trigger_target_dag.py
[2024-06-27T21:43:00.998+0000] {processor.py:830} INFO - Processing file /home/ubuntu/venv/lib/python3.12/site-packages/airflow/example_dags/example_trigger_target_dag.py for tasks to queue
[2024-06-27T21:43:00.999+0000] {logging_mixin.py:188} INFO - [2024-06-27T21:43:00.999+0000] {dagbag.py:545} INFO - Filling up the DagBag from /home/ubuntu/venv/lib/python3.12/site-packages/airflow/example_dags/example_trigger_target_dag.py
[2024-06-27T21:43:01.006+0000] {processor.py:840} INFO - DAG(s) 'example_trigger_target_dag' retrieved from /home/ubuntu/venv/lib/python3.12/site-packages/airflow/example_dags/example_trigger_target_dag.py
[2024-06-27T21:43:01.023+0000] {logging_mixin.py:188} INFO - [2024-06-27T21:43:01.022+0000] {dag.py:3096} INFO - Sync 1 DAGs
[2024-06-27T21:43:01.035+0000] {logging_mixin.py:188} INFO - [2024-06-27T21:43:01.035+0000] {dag.py:3954} INFO - Setting next_dagrun for example_trigger_target_dag to None, run_after=None
[2024-06-27T21:43:01.060+0000] {processor.py:183} INFO - Processing /home/ubuntu/venv/lib/python3.12/site-packages/airflow/example_dags/example_trigger_target_dag.py took 0.069 seconds
[2024-06-27T21:43:47.891+0000] {processor.py:161} INFO - Started process (PID=4797) to work on /home/ubuntu/venv/lib/python3.12/site-packages/airflow/example_dags/example_trigger_target_dag.py
[2024-06-27T21:43:47.894+0000] {processor.py:830} INFO - Processing file /home/ubuntu/venv/lib/python3.12/site-packages/airflow/example_dags/example_trigger_target_dag.py for tasks to queue
[2024-06-27T21:43:47.895+0000] {logging_mixin.py:188} INFO - [2024-06-27T21:43:47.894+0000] {dagbag.py:545} INFO - Filling up the DagBag from /home/ubuntu/venv/lib/python3.12/site-packages/airflow/example_dags/example_trigger_target_dag.py
[2024-06-27T21:43:47.903+0000] {processor.py:840} INFO - DAG(s) 'example_trigger_target_dag' retrieved from /home/ubuntu/venv/lib/python3.12/site-packages/airflow/example_dags/example_trigger_target_dag.py
[2024-06-27T21:43:47.920+0000] {logging_mixin.py:188} INFO - [2024-06-27T21:43:47.920+0000] {dag.py:3096} INFO - Sync 1 DAGs
[2024-06-27T21:43:47.933+0000] {logging_mixin.py:188} INFO - [2024-06-27T21:43:47.933+0000] {dag.py:3954} INFO - Setting next_dagrun for example_trigger_target_dag to None, run_after=None
[2024-06-27T21:43:47.957+0000] {processor.py:183} INFO - Processing /home/ubuntu/venv/lib/python3.12/site-packages/airflow/example_dags/example_trigger_target_dag.py took 0.075 seconds
[2024-06-27T21:44:30.421+0000] {processor.py:161} INFO - Started process (PID=4841) to work on /home/ubuntu/venv/lib/python3.12/site-packages/airflow/example_dags/example_trigger_target_dag.py
[2024-06-27T21:44:30.423+0000] {processor.py:830} INFO - Processing file /home/ubuntu/venv/lib/python3.12/site-packages/airflow/example_dags/example_trigger_target_dag.py for tasks to queue
[2024-06-27T21:44:30.423+0000] {logging_mixin.py:188} INFO - [2024-06-27T21:44:30.423+0000] {dagbag.py:545} INFO - Filling up the DagBag from /home/ubuntu/venv/lib/python3.12/site-packages/airflow/example_dags/example_trigger_target_dag.py
[2024-06-27T21:44:30.430+0000] {processor.py:840} INFO - DAG(s) 'example_trigger_target_dag' retrieved from /home/ubuntu/venv/lib/python3.12/site-packages/airflow/example_dags/example_trigger_target_dag.py
[2024-06-27T21:44:30.447+0000] {logging_mixin.py:188} INFO - [2024-06-27T21:44:30.447+0000] {dag.py:3096} INFO - Sync 1 DAGs
[2024-06-27T21:44:30.460+0000] {logging_mixin.py:188} INFO - [2024-06-27T21:44:30.460+0000] {dag.py:3954} INFO - Setting next_dagrun for example_trigger_target_dag to None, run_after=None
[2024-06-27T21:44:30.597+0000] {processor.py:183} INFO - Processing /home/ubuntu/venv/lib/python3.12/site-packages/airflow/example_dags/example_trigger_target_dag.py took 0.182 seconds
[2024-06-27T21:45:16.404+0000] {processor.py:161} INFO - Started process (PID=4936) to work on /home/ubuntu/venv/lib/python3.12/site-packages/airflow/example_dags/example_trigger_target_dag.py
[2024-06-27T21:45:16.406+0000] {processor.py:830} INFO - Processing file /home/ubuntu/venv/lib/python3.12/site-packages/airflow/example_dags/example_trigger_target_dag.py for tasks to queue
[2024-06-27T21:45:16.407+0000] {logging_mixin.py:188} INFO - [2024-06-27T21:45:16.406+0000] {dagbag.py:545} INFO - Filling up the DagBag from /home/ubuntu/venv/lib/python3.12/site-packages/airflow/example_dags/example_trigger_target_dag.py
[2024-06-27T21:45:16.413+0000] {processor.py:840} INFO - DAG(s) 'example_trigger_target_dag' retrieved from /home/ubuntu/venv/lib/python3.12/site-packages/airflow/example_dags/example_trigger_target_dag.py
[2024-06-27T21:45:16.430+0000] {logging_mixin.py:188} INFO - [2024-06-27T21:45:16.430+0000] {dag.py:3096} INFO - Sync 1 DAGs
[2024-06-27T21:45:16.443+0000] {logging_mixin.py:188} INFO - [2024-06-27T21:45:16.442+0000] {dag.py:3954} INFO - Setting next_dagrun for example_trigger_target_dag to None, run_after=None
[2024-06-27T21:45:16.466+0000] {processor.py:183} INFO - Processing /home/ubuntu/venv/lib/python3.12/site-packages/airflow/example_dags/example_trigger_target_dag.py took 0.068 seconds
[2024-06-27T21:46:02.146+0000] {processor.py:161} INFO - Started process (PID=4980) to work on /home/ubuntu/venv/lib/python3.12/site-packages/airflow/example_dags/example_trigger_target_dag.py
[2024-06-27T21:46:02.147+0000] {processor.py:830} INFO - Processing file /home/ubuntu/venv/lib/python3.12/site-packages/airflow/example_dags/example_trigger_target_dag.py for tasks to queue
[2024-06-27T21:46:02.148+0000] {logging_mixin.py:188} INFO - [2024-06-27T21:46:02.148+0000] {dagbag.py:545} INFO - Filling up the DagBag from /home/ubuntu/venv/lib/python3.12/site-packages/airflow/example_dags/example_trigger_target_dag.py
[2024-06-27T21:46:02.155+0000] {processor.py:840} INFO - DAG(s) 'example_trigger_target_dag' retrieved from /home/ubuntu/venv/lib/python3.12/site-packages/airflow/example_dags/example_trigger_target_dag.py
[2024-06-27T21:46:02.292+0000] {logging_mixin.py:188} INFO - [2024-06-27T21:46:02.291+0000] {dag.py:3096} INFO - Sync 1 DAGs
[2024-06-27T21:46:02.308+0000] {logging_mixin.py:188} INFO - [2024-06-27T21:46:02.308+0000] {dag.py:3954} INFO - Setting next_dagrun for example_trigger_target_dag to None, run_after=None
[2024-06-27T21:46:02.341+0000] {processor.py:183} INFO - Processing /home/ubuntu/venv/lib/python3.12/site-packages/airflow/example_dags/example_trigger_target_dag.py took 0.201 seconds
[2024-06-27T21:46:55.044+0000] {processor.py:161} INFO - Started process (PID=5030) to work on /home/ubuntu/venv/lib/python3.12/site-packages/airflow/example_dags/example_trigger_target_dag.py
[2024-06-27T21:46:55.046+0000] {processor.py:830} INFO - Processing file /home/ubuntu/venv/lib/python3.12/site-packages/airflow/example_dags/example_trigger_target_dag.py for tasks to queue
[2024-06-27T21:46:55.047+0000] {logging_mixin.py:188} INFO - [2024-06-27T21:46:55.046+0000] {dagbag.py:545} INFO - Filling up the DagBag from /home/ubuntu/venv/lib/python3.12/site-packages/airflow/example_dags/example_trigger_target_dag.py
[2024-06-27T21:46:55.054+0000] {processor.py:840} INFO - DAG(s) 'example_trigger_target_dag' retrieved from /home/ubuntu/venv/lib/python3.12/site-packages/airflow/example_dags/example_trigger_target_dag.py
[2024-06-27T21:46:55.071+0000] {logging_mixin.py:188} INFO - [2024-06-27T21:46:55.070+0000] {dag.py:3096} INFO - Sync 1 DAGs
[2024-06-27T21:46:55.084+0000] {logging_mixin.py:188} INFO - [2024-06-27T21:46:55.084+0000] {dag.py:3954} INFO - Setting next_dagrun for example_trigger_target_dag to None, run_after=None
[2024-06-27T21:46:55.110+0000] {processor.py:183} INFO - Processing /home/ubuntu/venv/lib/python3.12/site-packages/airflow/example_dags/example_trigger_target_dag.py took 0.072 seconds
[2024-06-27T21:47:42.545+0000] {processor.py:161} INFO - Started process (PID=5108) to work on /home/ubuntu/venv/lib/python3.12/site-packages/airflow/example_dags/example_trigger_target_dag.py
[2024-06-27T21:47:42.547+0000] {processor.py:830} INFO - Processing file /home/ubuntu/venv/lib/python3.12/site-packages/airflow/example_dags/example_trigger_target_dag.py for tasks to queue
[2024-06-27T21:47:42.548+0000] {logging_mixin.py:188} INFO - [2024-06-27T21:47:42.548+0000] {dagbag.py:545} INFO - Filling up the DagBag from /home/ubuntu/venv/lib/python3.12/site-packages/airflow/example_dags/example_trigger_target_dag.py
[2024-06-27T21:47:42.555+0000] {processor.py:840} INFO - DAG(s) 'example_trigger_target_dag' retrieved from /home/ubuntu/venv/lib/python3.12/site-packages/airflow/example_dags/example_trigger_target_dag.py
[2024-06-27T21:47:42.572+0000] {logging_mixin.py:188} INFO - [2024-06-27T21:47:42.572+0000] {dag.py:3096} INFO - Sync 1 DAGs
[2024-06-27T21:47:42.585+0000] {logging_mixin.py:188} INFO - [2024-06-27T21:47:42.584+0000] {dag.py:3954} INFO - Setting next_dagrun for example_trigger_target_dag to None, run_after=None
[2024-06-27T21:47:42.608+0000] {processor.py:183} INFO - Processing /home/ubuntu/venv/lib/python3.12/site-packages/airflow/example_dags/example_trigger_target_dag.py took 0.068 seconds
[2024-06-27T21:48:27.548+0000] {processor.py:161} INFO - Started process (PID=5249) to work on /home/ubuntu/venv/lib/python3.12/site-packages/airflow/example_dags/example_trigger_target_dag.py
[2024-06-27T21:48:27.550+0000] {processor.py:830} INFO - Processing file /home/ubuntu/venv/lib/python3.12/site-packages/airflow/example_dags/example_trigger_target_dag.py for tasks to queue
[2024-06-27T21:48:27.551+0000] {logging_mixin.py:188} INFO - [2024-06-27T21:48:27.551+0000] {dagbag.py:545} INFO - Filling up the DagBag from /home/ubuntu/venv/lib/python3.12/site-packages/airflow/example_dags/example_trigger_target_dag.py
[2024-06-27T21:48:27.557+0000] {processor.py:840} INFO - DAG(s) 'example_trigger_target_dag' retrieved from /home/ubuntu/venv/lib/python3.12/site-packages/airflow/example_dags/example_trigger_target_dag.py
[2024-06-27T21:48:27.574+0000] {logging_mixin.py:188} INFO - [2024-06-27T21:48:27.574+0000] {dag.py:3096} INFO - Sync 1 DAGs
[2024-06-27T21:48:27.587+0000] {logging_mixin.py:188} INFO - [2024-06-27T21:48:27.587+0000] {dag.py:3954} INFO - Setting next_dagrun for example_trigger_target_dag to None, run_after=None
[2024-06-27T21:48:27.609+0000] {processor.py:183} INFO - Processing /home/ubuntu/venv/lib/python3.12/site-packages/airflow/example_dags/example_trigger_target_dag.py took 0.069 seconds
[2024-06-27T21:49:09.377+0000] {processor.py:161} INFO - Started process (PID=5294) to work on /home/ubuntu/venv/lib/python3.12/site-packages/airflow/example_dags/example_trigger_target_dag.py
[2024-06-27T21:49:09.378+0000] {processor.py:830} INFO - Processing file /home/ubuntu/venv/lib/python3.12/site-packages/airflow/example_dags/example_trigger_target_dag.py for tasks to queue
[2024-06-27T21:49:09.379+0000] {logging_mixin.py:188} INFO - [2024-06-27T21:49:09.379+0000] {dagbag.py:545} INFO - Filling up the DagBag from /home/ubuntu/venv/lib/python3.12/site-packages/airflow/example_dags/example_trigger_target_dag.py
[2024-06-27T21:49:09.386+0000] {processor.py:840} INFO - DAG(s) 'example_trigger_target_dag' retrieved from /home/ubuntu/venv/lib/python3.12/site-packages/airflow/example_dags/example_trigger_target_dag.py
[2024-06-27T21:49:09.402+0000] {logging_mixin.py:188} INFO - [2024-06-27T21:49:09.402+0000] {dag.py:3096} INFO - Sync 1 DAGs
[2024-06-27T21:49:09.414+0000] {logging_mixin.py:188} INFO - [2024-06-27T21:49:09.414+0000] {dag.py:3954} INFO - Setting next_dagrun for example_trigger_target_dag to None, run_after=None
[2024-06-27T21:49:09.437+0000] {processor.py:183} INFO - Processing /home/ubuntu/venv/lib/python3.12/site-packages/airflow/example_dags/example_trigger_target_dag.py took 0.068 seconds
[2024-06-27T21:49:49.349+0000] {processor.py:161} INFO - Started process (PID=5336) to work on /home/ubuntu/venv/lib/python3.12/site-packages/airflow/example_dags/example_trigger_target_dag.py
[2024-06-27T21:49:49.351+0000] {processor.py:830} INFO - Processing file /home/ubuntu/venv/lib/python3.12/site-packages/airflow/example_dags/example_trigger_target_dag.py for tasks to queue
[2024-06-27T21:49:49.352+0000] {logging_mixin.py:188} INFO - [2024-06-27T21:49:49.351+0000] {dagbag.py:545} INFO - Filling up the DagBag from /home/ubuntu/venv/lib/python3.12/site-packages/airflow/example_dags/example_trigger_target_dag.py
[2024-06-27T21:49:49.358+0000] {processor.py:840} INFO - DAG(s) 'example_trigger_target_dag' retrieved from /home/ubuntu/venv/lib/python3.12/site-packages/airflow/example_dags/example_trigger_target_dag.py
[2024-06-27T21:49:49.375+0000] {logging_mixin.py:188} INFO - [2024-06-27T21:49:49.375+0000] {dag.py:3096} INFO - Sync 1 DAGs
[2024-06-27T21:49:49.387+0000] {logging_mixin.py:188} INFO - [2024-06-27T21:49:49.387+0000] {dag.py:3954} INFO - Setting next_dagrun for example_trigger_target_dag to None, run_after=None
[2024-06-27T21:49:49.410+0000] {processor.py:183} INFO - Processing /home/ubuntu/venv/lib/python3.12/site-packages/airflow/example_dags/example_trigger_target_dag.py took 0.068 seconds
