[2024-06-27T21:19:36.957+0000] {processor.py:161} INFO - Started process (PID=2938) to work on /home/ubuntu/venv/lib/python3.12/site-packages/airflow/example_dags/example_time_delta_sensor_async.py
[2024-06-27T21:19:36.958+0000] {processor.py:830} INFO - Processing file /home/ubuntu/venv/lib/python3.12/site-packages/airflow/example_dags/example_time_delta_sensor_async.py for tasks to queue
[2024-06-27T21:19:36.960+0000] {logging_mixin.py:188} INFO - [2024-06-27T21:19:36.959+0000] {dagbag.py:545} INFO - Filling up the DagBag from /home/ubuntu/venv/lib/python3.12/site-packages/airflow/example_dags/example_time_delta_sensor_async.py
[2024-06-27T21:19:36.968+0000] {processor.py:840} INFO - DAG(s) 'example_time_delta_sensor_async' retrieved from /home/ubuntu/venv/lib/python3.12/site-packages/airflow/example_dags/example_time_delta_sensor_async.py
[2024-06-27T21:19:37.097+0000] {logging_mixin.py:188} INFO - [2024-06-27T21:19:37.097+0000] {override.py:1847} INFO - Created Permission View: can read on DAG:example_time_delta_sensor_async
[2024-06-27T21:19:37.110+0000] {logging_mixin.py:188} INFO - [2024-06-27T21:19:37.110+0000] {override.py:1847} INFO - Created Permission View: can delete on DAG:example_time_delta_sensor_async
[2024-06-27T21:19:37.120+0000] {logging_mixin.py:188} INFO - [2024-06-27T21:19:37.119+0000] {override.py:1847} INFO - Created Permission View: can edit on DAG:example_time_delta_sensor_async
[2024-06-27T21:19:37.120+0000] {logging_mixin.py:188} INFO - [2024-06-27T21:19:37.120+0000] {dag.py:3096} INFO - Sync 1 DAGs
[2024-06-27T21:19:37.133+0000] {logging_mixin.py:188} INFO - [2024-06-27T21:19:37.133+0000] {dag.py:3118} INFO - Creating ORM DAG for example_time_delta_sensor_async
[2024-06-27T21:19:37.134+0000] {logging_mixin.py:188} INFO - [2024-06-27T21:19:37.134+0000] {dag.py:3954} INFO - Setting next_dagrun for example_time_delta_sensor_async to None, run_after=None
[2024-06-27T21:19:37.155+0000] {processor.py:183} INFO - Processing /home/ubuntu/venv/lib/python3.12/site-packages/airflow/example_dags/example_time_delta_sensor_async.py took 0.204 seconds
[2024-06-27T21:20:34.285+0000] {processor.py:161} INFO - Started process (PID=2997) to work on /home/ubuntu/venv/lib/python3.12/site-packages/airflow/example_dags/example_time_delta_sensor_async.py
[2024-06-27T21:20:34.287+0000] {processor.py:830} INFO - Processing file /home/ubuntu/venv/lib/python3.12/site-packages/airflow/example_dags/example_time_delta_sensor_async.py for tasks to queue
[2024-06-27T21:20:34.288+0000] {logging_mixin.py:188} INFO - [2024-06-27T21:20:34.288+0000] {dagbag.py:545} INFO - Filling up the DagBag from /home/ubuntu/venv/lib/python3.12/site-packages/airflow/example_dags/example_time_delta_sensor_async.py
[2024-06-27T21:20:34.294+0000] {processor.py:840} INFO - DAG(s) 'example_time_delta_sensor_async' retrieved from /home/ubuntu/venv/lib/python3.12/site-packages/airflow/example_dags/example_time_delta_sensor_async.py
[2024-06-27T21:20:34.311+0000] {logging_mixin.py:188} INFO - [2024-06-27T21:20:34.311+0000] {dag.py:3096} INFO - Sync 1 DAGs
[2024-06-27T21:20:34.324+0000] {logging_mixin.py:188} INFO - [2024-06-27T21:20:34.324+0000] {dag.py:3954} INFO - Setting next_dagrun for example_time_delta_sensor_async to None, run_after=None
[2024-06-27T21:20:34.348+0000] {processor.py:183} INFO - Processing /home/ubuntu/venv/lib/python3.12/site-packages/airflow/example_dags/example_time_delta_sensor_async.py took 0.068 seconds
[2024-06-27T21:21:20.738+0000] {processor.py:161} INFO - Started process (PID=3326) to work on /home/ubuntu/venv/lib/python3.12/site-packages/airflow/example_dags/example_time_delta_sensor_async.py
[2024-06-27T21:21:20.740+0000] {processor.py:830} INFO - Processing file /home/ubuntu/venv/lib/python3.12/site-packages/airflow/example_dags/example_time_delta_sensor_async.py for tasks to queue
[2024-06-27T21:21:20.742+0000] {logging_mixin.py:188} INFO - [2024-06-27T21:21:20.741+0000] {dagbag.py:545} INFO - Filling up the DagBag from /home/ubuntu/venv/lib/python3.12/site-packages/airflow/example_dags/example_time_delta_sensor_async.py
[2024-06-27T21:21:20.747+0000] {processor.py:840} INFO - DAG(s) 'example_time_delta_sensor_async' retrieved from /home/ubuntu/venv/lib/python3.12/site-packages/airflow/example_dags/example_time_delta_sensor_async.py
[2024-06-27T21:21:20.763+0000] {logging_mixin.py:188} INFO - [2024-06-27T21:21:20.763+0000] {dag.py:3096} INFO - Sync 1 DAGs
[2024-06-27T21:21:20.775+0000] {logging_mixin.py:188} INFO - [2024-06-27T21:21:20.775+0000] {dag.py:3954} INFO - Setting next_dagrun for example_time_delta_sensor_async to None, run_after=None
[2024-06-27T21:21:20.799+0000] {processor.py:183} INFO - Processing /home/ubuntu/venv/lib/python3.12/site-packages/airflow/example_dags/example_time_delta_sensor_async.py took 0.066 seconds
[2024-06-27T21:22:08.996+0000] {processor.py:161} INFO - Started process (PID=3379) to work on /home/ubuntu/venv/lib/python3.12/site-packages/airflow/example_dags/example_time_delta_sensor_async.py
[2024-06-27T21:22:08.998+0000] {processor.py:830} INFO - Processing file /home/ubuntu/venv/lib/python3.12/site-packages/airflow/example_dags/example_time_delta_sensor_async.py for tasks to queue
[2024-06-27T21:22:09.000+0000] {logging_mixin.py:188} INFO - [2024-06-27T21:22:08.999+0000] {dagbag.py:545} INFO - Filling up the DagBag from /home/ubuntu/venv/lib/python3.12/site-packages/airflow/example_dags/example_time_delta_sensor_async.py
[2024-06-27T21:22:09.005+0000] {processor.py:840} INFO - DAG(s) 'example_time_delta_sensor_async' retrieved from /home/ubuntu/venv/lib/python3.12/site-packages/airflow/example_dags/example_time_delta_sensor_async.py
[2024-06-27T21:22:09.022+0000] {logging_mixin.py:188} INFO - [2024-06-27T21:22:09.022+0000] {dag.py:3096} INFO - Sync 1 DAGs
[2024-06-27T21:22:09.036+0000] {logging_mixin.py:188} INFO - [2024-06-27T21:22:09.035+0000] {dag.py:3954} INFO - Setting next_dagrun for example_time_delta_sensor_async to None, run_after=None
[2024-06-27T21:22:09.060+0000] {processor.py:183} INFO - Processing /home/ubuntu/venv/lib/python3.12/site-packages/airflow/example_dags/example_time_delta_sensor_async.py took 0.070 seconds
[2024-06-27T21:22:51.220+0000] {processor.py:161} INFO - Started process (PID=3436) to work on /home/ubuntu/venv/lib/python3.12/site-packages/airflow/example_dags/example_time_delta_sensor_async.py
[2024-06-27T21:22:51.222+0000] {processor.py:830} INFO - Processing file /home/ubuntu/venv/lib/python3.12/site-packages/airflow/example_dags/example_time_delta_sensor_async.py for tasks to queue
[2024-06-27T21:22:51.224+0000] {logging_mixin.py:188} INFO - [2024-06-27T21:22:51.223+0000] {dagbag.py:545} INFO - Filling up the DagBag from /home/ubuntu/venv/lib/python3.12/site-packages/airflow/example_dags/example_time_delta_sensor_async.py
[2024-06-27T21:22:51.229+0000] {processor.py:840} INFO - DAG(s) 'example_time_delta_sensor_async' retrieved from /home/ubuntu/venv/lib/python3.12/site-packages/airflow/example_dags/example_time_delta_sensor_async.py
[2024-06-27T21:22:51.245+0000] {logging_mixin.py:188} INFO - [2024-06-27T21:22:51.245+0000] {dag.py:3096} INFO - Sync 1 DAGs
[2024-06-27T21:22:51.258+0000] {logging_mixin.py:188} INFO - [2024-06-27T21:22:51.258+0000] {dag.py:3954} INFO - Setting next_dagrun for example_time_delta_sensor_async to None, run_after=None
[2024-06-27T21:22:51.281+0000] {processor.py:183} INFO - Processing /home/ubuntu/venv/lib/python3.12/site-packages/airflow/example_dags/example_time_delta_sensor_async.py took 0.067 seconds
[2024-06-27T21:23:30.145+0000] {processor.py:161} INFO - Started process (PID=3479) to work on /home/ubuntu/venv/lib/python3.12/site-packages/airflow/example_dags/example_time_delta_sensor_async.py
[2024-06-27T21:23:30.146+0000] {processor.py:830} INFO - Processing file /home/ubuntu/venv/lib/python3.12/site-packages/airflow/example_dags/example_time_delta_sensor_async.py for tasks to queue
[2024-06-27T21:23:30.148+0000] {logging_mixin.py:188} INFO - [2024-06-27T21:23:30.147+0000] {dagbag.py:545} INFO - Filling up the DagBag from /home/ubuntu/venv/lib/python3.12/site-packages/airflow/example_dags/example_time_delta_sensor_async.py
[2024-06-27T21:23:30.153+0000] {processor.py:840} INFO - DAG(s) 'example_time_delta_sensor_async' retrieved from /home/ubuntu/venv/lib/python3.12/site-packages/airflow/example_dags/example_time_delta_sensor_async.py
[2024-06-27T21:23:30.170+0000] {logging_mixin.py:188} INFO - [2024-06-27T21:23:30.170+0000] {dag.py:3096} INFO - Sync 1 DAGs
[2024-06-27T21:23:30.183+0000] {logging_mixin.py:188} INFO - [2024-06-27T21:23:30.182+0000] {dag.py:3954} INFO - Setting next_dagrun for example_time_delta_sensor_async to None, run_after=None
[2024-06-27T21:23:30.206+0000] {processor.py:183} INFO - Processing /home/ubuntu/venv/lib/python3.12/site-packages/airflow/example_dags/example_time_delta_sensor_async.py took 0.067 seconds
[2024-06-27T21:24:08.483+0000] {processor.py:161} INFO - Started process (PID=3520) to work on /home/ubuntu/venv/lib/python3.12/site-packages/airflow/example_dags/example_time_delta_sensor_async.py
[2024-06-27T21:24:08.484+0000] {processor.py:830} INFO - Processing file /home/ubuntu/venv/lib/python3.12/site-packages/airflow/example_dags/example_time_delta_sensor_async.py for tasks to queue
[2024-06-27T21:24:08.486+0000] {logging_mixin.py:188} INFO - [2024-06-27T21:24:08.486+0000] {dagbag.py:545} INFO - Filling up the DagBag from /home/ubuntu/venv/lib/python3.12/site-packages/airflow/example_dags/example_time_delta_sensor_async.py
[2024-06-27T21:24:08.491+0000] {processor.py:840} INFO - DAG(s) 'example_time_delta_sensor_async' retrieved from /home/ubuntu/venv/lib/python3.12/site-packages/airflow/example_dags/example_time_delta_sensor_async.py
[2024-06-27T21:24:08.508+0000] {logging_mixin.py:188} INFO - [2024-06-27T21:24:08.507+0000] {dag.py:3096} INFO - Sync 1 DAGs
[2024-06-27T21:24:08.520+0000] {logging_mixin.py:188} INFO - [2024-06-27T21:24:08.519+0000] {dag.py:3954} INFO - Setting next_dagrun for example_time_delta_sensor_async to None, run_after=None
[2024-06-27T21:24:08.542+0000] {processor.py:183} INFO - Processing /home/ubuntu/venv/lib/python3.12/site-packages/airflow/example_dags/example_time_delta_sensor_async.py took 0.066 seconds
[2024-06-27T21:24:48.695+0000] {processor.py:161} INFO - Started process (PID=3563) to work on /home/ubuntu/venv/lib/python3.12/site-packages/airflow/example_dags/example_time_delta_sensor_async.py
[2024-06-27T21:24:48.697+0000] {processor.py:830} INFO - Processing file /home/ubuntu/venv/lib/python3.12/site-packages/airflow/example_dags/example_time_delta_sensor_async.py for tasks to queue
[2024-06-27T21:24:48.698+0000] {logging_mixin.py:188} INFO - [2024-06-27T21:24:48.697+0000] {dagbag.py:545} INFO - Filling up the DagBag from /home/ubuntu/venv/lib/python3.12/site-packages/airflow/example_dags/example_time_delta_sensor_async.py
[2024-06-27T21:24:48.703+0000] {processor.py:840} INFO - DAG(s) 'example_time_delta_sensor_async' retrieved from /home/ubuntu/venv/lib/python3.12/site-packages/airflow/example_dags/example_time_delta_sensor_async.py
[2024-06-27T21:24:48.720+0000] {logging_mixin.py:188} INFO - [2024-06-27T21:24:48.720+0000] {dag.py:3096} INFO - Sync 1 DAGs
[2024-06-27T21:24:48.733+0000] {logging_mixin.py:188} INFO - [2024-06-27T21:24:48.733+0000] {dag.py:3954} INFO - Setting next_dagrun for example_time_delta_sensor_async to None, run_after=None
[2024-06-27T21:24:48.756+0000] {processor.py:183} INFO - Processing /home/ubuntu/venv/lib/python3.12/site-packages/airflow/example_dags/example_time_delta_sensor_async.py took 0.067 seconds
[2024-06-27T21:25:32.160+0000] {processor.py:161} INFO - Started process (PID=3616) to work on /home/ubuntu/venv/lib/python3.12/site-packages/airflow/example_dags/example_time_delta_sensor_async.py
[2024-06-27T21:25:32.161+0000] {processor.py:830} INFO - Processing file /home/ubuntu/venv/lib/python3.12/site-packages/airflow/example_dags/example_time_delta_sensor_async.py for tasks to queue
[2024-06-27T21:25:32.162+0000] {logging_mixin.py:188} INFO - [2024-06-27T21:25:32.161+0000] {dagbag.py:545} INFO - Filling up the DagBag from /home/ubuntu/venv/lib/python3.12/site-packages/airflow/example_dags/example_time_delta_sensor_async.py
[2024-06-27T21:25:32.167+0000] {processor.py:840} INFO - DAG(s) 'example_time_delta_sensor_async' retrieved from /home/ubuntu/venv/lib/python3.12/site-packages/airflow/example_dags/example_time_delta_sensor_async.py
[2024-06-27T21:25:32.185+0000] {logging_mixin.py:188} INFO - [2024-06-27T21:25:32.185+0000] {dag.py:3096} INFO - Sync 1 DAGs
[2024-06-27T21:25:32.199+0000] {logging_mixin.py:188} INFO - [2024-06-27T21:25:32.198+0000] {dag.py:3954} INFO - Setting next_dagrun for example_time_delta_sensor_async to None, run_after=None
[2024-06-27T21:25:32.223+0000] {processor.py:183} INFO - Processing /home/ubuntu/venv/lib/python3.12/site-packages/airflow/example_dags/example_time_delta_sensor_async.py took 0.069 seconds
[2024-06-27T21:26:13.580+0000] {processor.py:161} INFO - Started process (PID=3658) to work on /home/ubuntu/venv/lib/python3.12/site-packages/airflow/example_dags/example_time_delta_sensor_async.py
[2024-06-27T21:26:13.581+0000] {processor.py:830} INFO - Processing file /home/ubuntu/venv/lib/python3.12/site-packages/airflow/example_dags/example_time_delta_sensor_async.py for tasks to queue
[2024-06-27T21:26:13.582+0000] {logging_mixin.py:188} INFO - [2024-06-27T21:26:13.582+0000] {dagbag.py:545} INFO - Filling up the DagBag from /home/ubuntu/venv/lib/python3.12/site-packages/airflow/example_dags/example_time_delta_sensor_async.py
[2024-06-27T21:26:13.587+0000] {processor.py:840} INFO - DAG(s) 'example_time_delta_sensor_async' retrieved from /home/ubuntu/venv/lib/python3.12/site-packages/airflow/example_dags/example_time_delta_sensor_async.py
[2024-06-27T21:26:13.605+0000] {logging_mixin.py:188} INFO - [2024-06-27T21:26:13.604+0000] {dag.py:3096} INFO - Sync 1 DAGs
[2024-06-27T21:26:13.617+0000] {logging_mixin.py:188} INFO - [2024-06-27T21:26:13.617+0000] {dag.py:3954} INFO - Setting next_dagrun for example_time_delta_sensor_async to None, run_after=None
[2024-06-27T21:26:13.640+0000] {processor.py:183} INFO - Processing /home/ubuntu/venv/lib/python3.12/site-packages/airflow/example_dags/example_time_delta_sensor_async.py took 0.066 seconds
[2024-06-27T21:26:57.862+0000] {processor.py:161} INFO - Started process (PID=3703) to work on /home/ubuntu/venv/lib/python3.12/site-packages/airflow/example_dags/example_time_delta_sensor_async.py
[2024-06-27T21:26:57.864+0000] {processor.py:830} INFO - Processing file /home/ubuntu/venv/lib/python3.12/site-packages/airflow/example_dags/example_time_delta_sensor_async.py for tasks to queue
[2024-06-27T21:26:57.865+0000] {logging_mixin.py:188} INFO - [2024-06-27T21:26:57.864+0000] {dagbag.py:545} INFO - Filling up the DagBag from /home/ubuntu/venv/lib/python3.12/site-packages/airflow/example_dags/example_time_delta_sensor_async.py
[2024-06-27T21:26:57.870+0000] {processor.py:840} INFO - DAG(s) 'example_time_delta_sensor_async' retrieved from /home/ubuntu/venv/lib/python3.12/site-packages/airflow/example_dags/example_time_delta_sensor_async.py
[2024-06-27T21:26:57.887+0000] {logging_mixin.py:188} INFO - [2024-06-27T21:26:57.887+0000] {dag.py:3096} INFO - Sync 1 DAGs
[2024-06-27T21:26:57.900+0000] {logging_mixin.py:188} INFO - [2024-06-27T21:26:57.900+0000] {dag.py:3954} INFO - Setting next_dagrun for example_time_delta_sensor_async to None, run_after=None
[2024-06-27T21:26:57.922+0000] {processor.py:183} INFO - Processing /home/ubuntu/venv/lib/python3.12/site-packages/airflow/example_dags/example_time_delta_sensor_async.py took 0.066 seconds
[2024-06-27T21:27:39.517+0000] {processor.py:161} INFO - Started process (PID=3747) to work on /home/ubuntu/venv/lib/python3.12/site-packages/airflow/example_dags/example_time_delta_sensor_async.py
[2024-06-27T21:27:39.518+0000] {processor.py:830} INFO - Processing file /home/ubuntu/venv/lib/python3.12/site-packages/airflow/example_dags/example_time_delta_sensor_async.py for tasks to queue
[2024-06-27T21:27:39.519+0000] {logging_mixin.py:188} INFO - [2024-06-27T21:27:39.519+0000] {dagbag.py:545} INFO - Filling up the DagBag from /home/ubuntu/venv/lib/python3.12/site-packages/airflow/example_dags/example_time_delta_sensor_async.py
[2024-06-27T21:27:39.524+0000] {processor.py:840} INFO - DAG(s) 'example_time_delta_sensor_async' retrieved from /home/ubuntu/venv/lib/python3.12/site-packages/airflow/example_dags/example_time_delta_sensor_async.py
[2024-06-27T21:27:39.541+0000] {logging_mixin.py:188} INFO - [2024-06-27T21:27:39.541+0000] {dag.py:3096} INFO - Sync 1 DAGs
[2024-06-27T21:27:39.553+0000] {logging_mixin.py:188} INFO - [2024-06-27T21:27:39.553+0000] {dag.py:3954} INFO - Setting next_dagrun for example_time_delta_sensor_async to None, run_after=None
[2024-06-27T21:27:39.576+0000] {processor.py:183} INFO - Processing /home/ubuntu/venv/lib/python3.12/site-packages/airflow/example_dags/example_time_delta_sensor_async.py took 0.065 seconds
[2024-06-27T21:28:41.312+0000] {processor.py:161} INFO - Started process (PID=3823) to work on /home/ubuntu/venv/lib/python3.12/site-packages/airflow/example_dags/example_time_delta_sensor_async.py
[2024-06-27T21:28:41.314+0000] {processor.py:830} INFO - Processing file /home/ubuntu/venv/lib/python3.12/site-packages/airflow/example_dags/example_time_delta_sensor_async.py for tasks to queue
[2024-06-27T21:28:41.315+0000] {logging_mixin.py:188} INFO - [2024-06-27T21:28:41.314+0000] {dagbag.py:545} INFO - Filling up the DagBag from /home/ubuntu/venv/lib/python3.12/site-packages/airflow/example_dags/example_time_delta_sensor_async.py
[2024-06-27T21:28:41.320+0000] {processor.py:840} INFO - DAG(s) 'example_time_delta_sensor_async' retrieved from /home/ubuntu/venv/lib/python3.12/site-packages/airflow/example_dags/example_time_delta_sensor_async.py
[2024-06-27T21:28:41.337+0000] {logging_mixin.py:188} INFO - [2024-06-27T21:28:41.337+0000] {dag.py:3096} INFO - Sync 1 DAGs
[2024-06-27T21:28:41.349+0000] {logging_mixin.py:188} INFO - [2024-06-27T21:28:41.349+0000] {dag.py:3954} INFO - Setting next_dagrun for example_time_delta_sensor_async to None, run_after=None
[2024-06-27T21:28:41.372+0000] {processor.py:183} INFO - Processing /home/ubuntu/venv/lib/python3.12/site-packages/airflow/example_dags/example_time_delta_sensor_async.py took 0.066 seconds
[2024-06-27T21:29:23.228+0000] {processor.py:161} INFO - Started process (PID=3875) to work on /home/ubuntu/venv/lib/python3.12/site-packages/airflow/example_dags/example_time_delta_sensor_async.py
[2024-06-27T21:29:23.230+0000] {processor.py:830} INFO - Processing file /home/ubuntu/venv/lib/python3.12/site-packages/airflow/example_dags/example_time_delta_sensor_async.py for tasks to queue
[2024-06-27T21:29:23.231+0000] {logging_mixin.py:188} INFO - [2024-06-27T21:29:23.230+0000] {dagbag.py:545} INFO - Filling up the DagBag from /home/ubuntu/venv/lib/python3.12/site-packages/airflow/example_dags/example_time_delta_sensor_async.py
[2024-06-27T21:29:23.236+0000] {processor.py:840} INFO - DAG(s) 'example_time_delta_sensor_async' retrieved from /home/ubuntu/venv/lib/python3.12/site-packages/airflow/example_dags/example_time_delta_sensor_async.py
[2024-06-27T21:29:23.253+0000] {logging_mixin.py:188} INFO - [2024-06-27T21:29:23.253+0000] {dag.py:3096} INFO - Sync 1 DAGs
[2024-06-27T21:29:23.265+0000] {logging_mixin.py:188} INFO - [2024-06-27T21:29:23.265+0000] {dag.py:3954} INFO - Setting next_dagrun for example_time_delta_sensor_async to None, run_after=None
[2024-06-27T21:29:23.288+0000] {processor.py:183} INFO - Processing /home/ubuntu/venv/lib/python3.12/site-packages/airflow/example_dags/example_time_delta_sensor_async.py took 0.066 seconds
[2024-06-27T21:30:09.134+0000] {processor.py:161} INFO - Started process (PID=3927) to work on /home/ubuntu/venv/lib/python3.12/site-packages/airflow/example_dags/example_time_delta_sensor_async.py
[2024-06-27T21:30:09.135+0000] {processor.py:830} INFO - Processing file /home/ubuntu/venv/lib/python3.12/site-packages/airflow/example_dags/example_time_delta_sensor_async.py for tasks to queue
[2024-06-27T21:30:09.136+0000] {logging_mixin.py:188} INFO - [2024-06-27T21:30:09.136+0000] {dagbag.py:545} INFO - Filling up the DagBag from /home/ubuntu/venv/lib/python3.12/site-packages/airflow/example_dags/example_time_delta_sensor_async.py
[2024-06-27T21:30:09.142+0000] {processor.py:840} INFO - DAG(s) 'example_time_delta_sensor_async' retrieved from /home/ubuntu/venv/lib/python3.12/site-packages/airflow/example_dags/example_time_delta_sensor_async.py
[2024-06-27T21:30:09.160+0000] {logging_mixin.py:188} INFO - [2024-06-27T21:30:09.159+0000] {dag.py:3096} INFO - Sync 1 DAGs
[2024-06-27T21:30:09.173+0000] {logging_mixin.py:188} INFO - [2024-06-27T21:30:09.172+0000] {dag.py:3954} INFO - Setting next_dagrun for example_time_delta_sensor_async to None, run_after=None
[2024-06-27T21:30:09.196+0000] {processor.py:183} INFO - Processing /home/ubuntu/venv/lib/python3.12/site-packages/airflow/example_dags/example_time_delta_sensor_async.py took 0.069 seconds
[2024-06-27T21:30:51.782+0000] {processor.py:161} INFO - Started process (PID=3978) to work on /home/ubuntu/venv/lib/python3.12/site-packages/airflow/example_dags/example_time_delta_sensor_async.py
[2024-06-27T21:30:51.783+0000] {processor.py:830} INFO - Processing file /home/ubuntu/venv/lib/python3.12/site-packages/airflow/example_dags/example_time_delta_sensor_async.py for tasks to queue
[2024-06-27T21:30:51.784+0000] {logging_mixin.py:188} INFO - [2024-06-27T21:30:51.784+0000] {dagbag.py:545} INFO - Filling up the DagBag from /home/ubuntu/venv/lib/python3.12/site-packages/airflow/example_dags/example_time_delta_sensor_async.py
[2024-06-27T21:30:51.789+0000] {processor.py:840} INFO - DAG(s) 'example_time_delta_sensor_async' retrieved from /home/ubuntu/venv/lib/python3.12/site-packages/airflow/example_dags/example_time_delta_sensor_async.py
[2024-06-27T21:30:51.807+0000] {logging_mixin.py:188} INFO - [2024-06-27T21:30:51.806+0000] {dag.py:3096} INFO - Sync 1 DAGs
[2024-06-27T21:30:51.820+0000] {logging_mixin.py:188} INFO - [2024-06-27T21:30:51.819+0000] {dag.py:3954} INFO - Setting next_dagrun for example_time_delta_sensor_async to None, run_after=None
[2024-06-27T21:30:51.843+0000] {processor.py:183} INFO - Processing /home/ubuntu/venv/lib/python3.12/site-packages/airflow/example_dags/example_time_delta_sensor_async.py took 0.067 seconds
[2024-06-27T21:31:33.658+0000] {processor.py:161} INFO - Started process (PID=4020) to work on /home/ubuntu/venv/lib/python3.12/site-packages/airflow/example_dags/example_time_delta_sensor_async.py
[2024-06-27T21:31:33.660+0000] {processor.py:830} INFO - Processing file /home/ubuntu/venv/lib/python3.12/site-packages/airflow/example_dags/example_time_delta_sensor_async.py for tasks to queue
[2024-06-27T21:31:33.661+0000] {logging_mixin.py:188} INFO - [2024-06-27T21:31:33.660+0000] {dagbag.py:545} INFO - Filling up the DagBag from /home/ubuntu/venv/lib/python3.12/site-packages/airflow/example_dags/example_time_delta_sensor_async.py
[2024-06-27T21:31:33.666+0000] {processor.py:840} INFO - DAG(s) 'example_time_delta_sensor_async' retrieved from /home/ubuntu/venv/lib/python3.12/site-packages/airflow/example_dags/example_time_delta_sensor_async.py
[2024-06-27T21:31:33.684+0000] {logging_mixin.py:188} INFO - [2024-06-27T21:31:33.683+0000] {dag.py:3096} INFO - Sync 1 DAGs
[2024-06-27T21:31:33.697+0000] {logging_mixin.py:188} INFO - [2024-06-27T21:31:33.696+0000] {dag.py:3954} INFO - Setting next_dagrun for example_time_delta_sensor_async to None, run_after=None
[2024-06-27T21:31:33.720+0000] {processor.py:183} INFO - Processing /home/ubuntu/venv/lib/python3.12/site-packages/airflow/example_dags/example_time_delta_sensor_async.py took 0.068 seconds
[2024-06-27T21:32:18.654+0000] {processor.py:161} INFO - Started process (PID=4065) to work on /home/ubuntu/venv/lib/python3.12/site-packages/airflow/example_dags/example_time_delta_sensor_async.py
[2024-06-27T21:32:18.655+0000] {processor.py:830} INFO - Processing file /home/ubuntu/venv/lib/python3.12/site-packages/airflow/example_dags/example_time_delta_sensor_async.py for tasks to queue
[2024-06-27T21:32:18.656+0000] {logging_mixin.py:188} INFO - [2024-06-27T21:32:18.656+0000] {dagbag.py:545} INFO - Filling up the DagBag from /home/ubuntu/venv/lib/python3.12/site-packages/airflow/example_dags/example_time_delta_sensor_async.py
[2024-06-27T21:32:18.661+0000] {processor.py:840} INFO - DAG(s) 'example_time_delta_sensor_async' retrieved from /home/ubuntu/venv/lib/python3.12/site-packages/airflow/example_dags/example_time_delta_sensor_async.py
[2024-06-27T21:32:18.680+0000] {logging_mixin.py:188} INFO - [2024-06-27T21:32:18.679+0000] {dag.py:3096} INFO - Sync 1 DAGs
[2024-06-27T21:32:18.693+0000] {logging_mixin.py:188} INFO - [2024-06-27T21:32:18.693+0000] {dag.py:3954} INFO - Setting next_dagrun for example_time_delta_sensor_async to None, run_after=None
[2024-06-27T21:32:18.716+0000] {processor.py:183} INFO - Processing /home/ubuntu/venv/lib/python3.12/site-packages/airflow/example_dags/example_time_delta_sensor_async.py took 0.069 seconds
[2024-06-27T21:33:17.017+0000] {processor.py:161} INFO - Started process (PID=4137) to work on /home/ubuntu/venv/lib/python3.12/site-packages/airflow/example_dags/example_time_delta_sensor_async.py
[2024-06-27T21:33:17.018+0000] {processor.py:830} INFO - Processing file /home/ubuntu/venv/lib/python3.12/site-packages/airflow/example_dags/example_time_delta_sensor_async.py for tasks to queue
[2024-06-27T21:33:17.019+0000] {logging_mixin.py:188} INFO - [2024-06-27T21:33:17.019+0000] {dagbag.py:545} INFO - Filling up the DagBag from /home/ubuntu/venv/lib/python3.12/site-packages/airflow/example_dags/example_time_delta_sensor_async.py
[2024-06-27T21:33:17.024+0000] {processor.py:840} INFO - DAG(s) 'example_time_delta_sensor_async' retrieved from /home/ubuntu/venv/lib/python3.12/site-packages/airflow/example_dags/example_time_delta_sensor_async.py
[2024-06-27T21:33:17.042+0000] {logging_mixin.py:188} INFO - [2024-06-27T21:33:17.041+0000] {dag.py:3096} INFO - Sync 1 DAGs
[2024-06-27T21:33:17.054+0000] {logging_mixin.py:188} INFO - [2024-06-27T21:33:17.054+0000] {dag.py:3954} INFO - Setting next_dagrun for example_time_delta_sensor_async to None, run_after=None
[2024-06-27T21:33:17.077+0000] {processor.py:183} INFO - Processing /home/ubuntu/venv/lib/python3.12/site-packages/airflow/example_dags/example_time_delta_sensor_async.py took 0.067 seconds
[2024-06-27T21:34:03.985+0000] {processor.py:161} INFO - Started process (PID=4189) to work on /home/ubuntu/venv/lib/python3.12/site-packages/airflow/example_dags/example_time_delta_sensor_async.py
[2024-06-27T21:34:03.987+0000] {processor.py:830} INFO - Processing file /home/ubuntu/venv/lib/python3.12/site-packages/airflow/example_dags/example_time_delta_sensor_async.py for tasks to queue
[2024-06-27T21:34:03.988+0000] {logging_mixin.py:188} INFO - [2024-06-27T21:34:03.987+0000] {dagbag.py:545} INFO - Filling up the DagBag from /home/ubuntu/venv/lib/python3.12/site-packages/airflow/example_dags/example_time_delta_sensor_async.py
[2024-06-27T21:34:03.993+0000] {processor.py:840} INFO - DAG(s) 'example_time_delta_sensor_async' retrieved from /home/ubuntu/venv/lib/python3.12/site-packages/airflow/example_dags/example_time_delta_sensor_async.py
[2024-06-27T21:34:04.011+0000] {logging_mixin.py:188} INFO - [2024-06-27T21:34:04.011+0000] {dag.py:3096} INFO - Sync 1 DAGs
[2024-06-27T21:34:04.024+0000] {logging_mixin.py:188} INFO - [2024-06-27T21:34:04.024+0000] {dag.py:3954} INFO - Setting next_dagrun for example_time_delta_sensor_async to None, run_after=None
[2024-06-27T21:34:04.048+0000] {processor.py:183} INFO - Processing /home/ubuntu/venv/lib/python3.12/site-packages/airflow/example_dags/example_time_delta_sensor_async.py took 0.069 seconds
[2024-06-27T21:34:46.226+0000] {processor.py:161} INFO - Started process (PID=4233) to work on /home/ubuntu/venv/lib/python3.12/site-packages/airflow/example_dags/example_time_delta_sensor_async.py
[2024-06-27T21:34:46.228+0000] {processor.py:830} INFO - Processing file /home/ubuntu/venv/lib/python3.12/site-packages/airflow/example_dags/example_time_delta_sensor_async.py for tasks to queue
[2024-06-27T21:34:46.229+0000] {logging_mixin.py:188} INFO - [2024-06-27T21:34:46.229+0000] {dagbag.py:545} INFO - Filling up the DagBag from /home/ubuntu/venv/lib/python3.12/site-packages/airflow/example_dags/example_time_delta_sensor_async.py
[2024-06-27T21:34:46.234+0000] {processor.py:840} INFO - DAG(s) 'example_time_delta_sensor_async' retrieved from /home/ubuntu/venv/lib/python3.12/site-packages/airflow/example_dags/example_time_delta_sensor_async.py
[2024-06-27T21:34:46.251+0000] {logging_mixin.py:188} INFO - [2024-06-27T21:34:46.251+0000] {dag.py:3096} INFO - Sync 1 DAGs
[2024-06-27T21:34:46.264+0000] {logging_mixin.py:188} INFO - [2024-06-27T21:34:46.263+0000] {dag.py:3954} INFO - Setting next_dagrun for example_time_delta_sensor_async to None, run_after=None
[2024-06-27T21:34:46.287+0000] {processor.py:183} INFO - Processing /home/ubuntu/venv/lib/python3.12/site-packages/airflow/example_dags/example_time_delta_sensor_async.py took 0.066 seconds
[2024-06-27T21:35:28.128+0000] {processor.py:161} INFO - Started process (PID=4280) to work on /home/ubuntu/venv/lib/python3.12/site-packages/airflow/example_dags/example_time_delta_sensor_async.py
[2024-06-27T21:35:28.129+0000] {processor.py:830} INFO - Processing file /home/ubuntu/venv/lib/python3.12/site-packages/airflow/example_dags/example_time_delta_sensor_async.py for tasks to queue
[2024-06-27T21:35:28.130+0000] {logging_mixin.py:188} INFO - [2024-06-27T21:35:28.130+0000] {dagbag.py:545} INFO - Filling up the DagBag from /home/ubuntu/venv/lib/python3.12/site-packages/airflow/example_dags/example_time_delta_sensor_async.py
[2024-06-27T21:35:28.135+0000] {processor.py:840} INFO - DAG(s) 'example_time_delta_sensor_async' retrieved from /home/ubuntu/venv/lib/python3.12/site-packages/airflow/example_dags/example_time_delta_sensor_async.py
[2024-06-27T21:35:28.153+0000] {logging_mixin.py:188} INFO - [2024-06-27T21:35:28.152+0000] {dag.py:3096} INFO - Sync 1 DAGs
[2024-06-27T21:35:28.165+0000] {logging_mixin.py:188} INFO - [2024-06-27T21:35:28.164+0000] {dag.py:3954} INFO - Setting next_dagrun for example_time_delta_sensor_async to None, run_after=None
[2024-06-27T21:35:28.186+0000] {processor.py:183} INFO - Processing /home/ubuntu/venv/lib/python3.12/site-packages/airflow/example_dags/example_time_delta_sensor_async.py took 0.064 seconds
[2024-06-27T21:36:10.890+0000] {processor.py:161} INFO - Started process (PID=4325) to work on /home/ubuntu/venv/lib/python3.12/site-packages/airflow/example_dags/example_time_delta_sensor_async.py
[2024-06-27T21:36:10.892+0000] {processor.py:830} INFO - Processing file /home/ubuntu/venv/lib/python3.12/site-packages/airflow/example_dags/example_time_delta_sensor_async.py for tasks to queue
[2024-06-27T21:36:10.893+0000] {logging_mixin.py:188} INFO - [2024-06-27T21:36:10.892+0000] {dagbag.py:545} INFO - Filling up the DagBag from /home/ubuntu/venv/lib/python3.12/site-packages/airflow/example_dags/example_time_delta_sensor_async.py
[2024-06-27T21:36:10.898+0000] {processor.py:840} INFO - DAG(s) 'example_time_delta_sensor_async' retrieved from /home/ubuntu/venv/lib/python3.12/site-packages/airflow/example_dags/example_time_delta_sensor_async.py
[2024-06-27T21:36:10.915+0000] {logging_mixin.py:188} INFO - [2024-06-27T21:36:10.915+0000] {dag.py:3096} INFO - Sync 1 DAGs
[2024-06-27T21:36:10.927+0000] {logging_mixin.py:188} INFO - [2024-06-27T21:36:10.927+0000] {dag.py:3954} INFO - Setting next_dagrun for example_time_delta_sensor_async to None, run_after=None
[2024-06-27T21:36:10.951+0000] {processor.py:183} INFO - Processing /home/ubuntu/venv/lib/python3.12/site-packages/airflow/example_dags/example_time_delta_sensor_async.py took 0.066 seconds
[2024-06-27T21:36:53.936+0000] {processor.py:161} INFO - Started process (PID=4368) to work on /home/ubuntu/venv/lib/python3.12/site-packages/airflow/example_dags/example_time_delta_sensor_async.py
[2024-06-27T21:36:53.937+0000] {processor.py:830} INFO - Processing file /home/ubuntu/venv/lib/python3.12/site-packages/airflow/example_dags/example_time_delta_sensor_async.py for tasks to queue
[2024-06-27T21:36:53.938+0000] {logging_mixin.py:188} INFO - [2024-06-27T21:36:53.938+0000] {dagbag.py:545} INFO - Filling up the DagBag from /home/ubuntu/venv/lib/python3.12/site-packages/airflow/example_dags/example_time_delta_sensor_async.py
[2024-06-27T21:36:53.944+0000] {processor.py:840} INFO - DAG(s) 'example_time_delta_sensor_async' retrieved from /home/ubuntu/venv/lib/python3.12/site-packages/airflow/example_dags/example_time_delta_sensor_async.py
[2024-06-27T21:36:53.961+0000] {logging_mixin.py:188} INFO - [2024-06-27T21:36:53.961+0000] {dag.py:3096} INFO - Sync 1 DAGs
[2024-06-27T21:36:53.973+0000] {logging_mixin.py:188} INFO - [2024-06-27T21:36:53.973+0000] {dag.py:3954} INFO - Setting next_dagrun for example_time_delta_sensor_async to None, run_after=None
[2024-06-27T21:36:53.995+0000] {processor.py:183} INFO - Processing /home/ubuntu/venv/lib/python3.12/site-packages/airflow/example_dags/example_time_delta_sensor_async.py took 0.065 seconds
[2024-06-27T21:37:37.132+0000] {processor.py:161} INFO - Started process (PID=4412) to work on /home/ubuntu/venv/lib/python3.12/site-packages/airflow/example_dags/example_time_delta_sensor_async.py
[2024-06-27T21:37:37.134+0000] {processor.py:830} INFO - Processing file /home/ubuntu/venv/lib/python3.12/site-packages/airflow/example_dags/example_time_delta_sensor_async.py for tasks to queue
[2024-06-27T21:37:37.134+0000] {logging_mixin.py:188} INFO - [2024-06-27T21:37:37.134+0000] {dagbag.py:545} INFO - Filling up the DagBag from /home/ubuntu/venv/lib/python3.12/site-packages/airflow/example_dags/example_time_delta_sensor_async.py
[2024-06-27T21:37:37.140+0000] {processor.py:840} INFO - DAG(s) 'example_time_delta_sensor_async' retrieved from /home/ubuntu/venv/lib/python3.12/site-packages/airflow/example_dags/example_time_delta_sensor_async.py
[2024-06-27T21:37:37.157+0000] {logging_mixin.py:188} INFO - [2024-06-27T21:37:37.157+0000] {dag.py:3096} INFO - Sync 1 DAGs
[2024-06-27T21:37:37.170+0000] {logging_mixin.py:188} INFO - [2024-06-27T21:37:37.170+0000] {dag.py:3954} INFO - Setting next_dagrun for example_time_delta_sensor_async to None, run_after=None
[2024-06-27T21:37:37.195+0000] {processor.py:183} INFO - Processing /home/ubuntu/venv/lib/python3.12/site-packages/airflow/example_dags/example_time_delta_sensor_async.py took 0.069 seconds
[2024-06-27T21:38:29.441+0000] {processor.py:161} INFO - Started process (PID=4468) to work on /home/ubuntu/venv/lib/python3.12/site-packages/airflow/example_dags/example_time_delta_sensor_async.py
[2024-06-27T21:38:29.442+0000] {processor.py:830} INFO - Processing file /home/ubuntu/venv/lib/python3.12/site-packages/airflow/example_dags/example_time_delta_sensor_async.py for tasks to queue
[2024-06-27T21:38:29.443+0000] {logging_mixin.py:188} INFO - [2024-06-27T21:38:29.443+0000] {dagbag.py:545} INFO - Filling up the DagBag from /home/ubuntu/venv/lib/python3.12/site-packages/airflow/example_dags/example_time_delta_sensor_async.py
[2024-06-27T21:38:29.449+0000] {processor.py:840} INFO - DAG(s) 'example_time_delta_sensor_async' retrieved from /home/ubuntu/venv/lib/python3.12/site-packages/airflow/example_dags/example_time_delta_sensor_async.py
[2024-06-27T21:38:29.466+0000] {logging_mixin.py:188} INFO - [2024-06-27T21:38:29.466+0000] {dag.py:3096} INFO - Sync 1 DAGs
[2024-06-27T21:38:29.479+0000] {logging_mixin.py:188} INFO - [2024-06-27T21:38:29.479+0000] {dag.py:3954} INFO - Setting next_dagrun for example_time_delta_sensor_async to None, run_after=None
[2024-06-27T21:38:29.502+0000] {processor.py:183} INFO - Processing /home/ubuntu/venv/lib/python3.12/site-packages/airflow/example_dags/example_time_delta_sensor_async.py took 0.067 seconds
[2024-06-27T21:39:15.856+0000] {processor.py:161} INFO - Started process (PID=4516) to work on /home/ubuntu/venv/lib/python3.12/site-packages/airflow/example_dags/example_time_delta_sensor_async.py
[2024-06-27T21:39:15.858+0000] {processor.py:830} INFO - Processing file /home/ubuntu/venv/lib/python3.12/site-packages/airflow/example_dags/example_time_delta_sensor_async.py for tasks to queue
[2024-06-27T21:39:15.859+0000] {logging_mixin.py:188} INFO - [2024-06-27T21:39:15.859+0000] {dagbag.py:545} INFO - Filling up the DagBag from /home/ubuntu/venv/lib/python3.12/site-packages/airflow/example_dags/example_time_delta_sensor_async.py
[2024-06-27T21:39:15.864+0000] {processor.py:840} INFO - DAG(s) 'example_time_delta_sensor_async' retrieved from /home/ubuntu/venv/lib/python3.12/site-packages/airflow/example_dags/example_time_delta_sensor_async.py
[2024-06-27T21:39:15.882+0000] {logging_mixin.py:188} INFO - [2024-06-27T21:39:15.882+0000] {dag.py:3096} INFO - Sync 1 DAGs
[2024-06-27T21:39:15.895+0000] {logging_mixin.py:188} INFO - [2024-06-27T21:39:15.895+0000] {dag.py:3954} INFO - Setting next_dagrun for example_time_delta_sensor_async to None, run_after=None
[2024-06-27T21:39:15.918+0000] {processor.py:183} INFO - Processing /home/ubuntu/venv/lib/python3.12/site-packages/airflow/example_dags/example_time_delta_sensor_async.py took 0.068 seconds
[2024-06-27T21:40:06.594+0000] {processor.py:161} INFO - Started process (PID=4568) to work on /home/ubuntu/venv/lib/python3.12/site-packages/airflow/example_dags/example_time_delta_sensor_async.py
[2024-06-27T21:40:06.595+0000] {processor.py:830} INFO - Processing file /home/ubuntu/venv/lib/python3.12/site-packages/airflow/example_dags/example_time_delta_sensor_async.py for tasks to queue
[2024-06-27T21:40:06.596+0000] {logging_mixin.py:188} INFO - [2024-06-27T21:40:06.596+0000] {dagbag.py:545} INFO - Filling up the DagBag from /home/ubuntu/venv/lib/python3.12/site-packages/airflow/example_dags/example_time_delta_sensor_async.py
[2024-06-27T21:40:06.601+0000] {processor.py:840} INFO - DAG(s) 'example_time_delta_sensor_async' retrieved from /home/ubuntu/venv/lib/python3.12/site-packages/airflow/example_dags/example_time_delta_sensor_async.py
[2024-06-27T21:40:06.618+0000] {logging_mixin.py:188} INFO - [2024-06-27T21:40:06.618+0000] {dag.py:3096} INFO - Sync 1 DAGs
[2024-06-27T21:40:06.631+0000] {logging_mixin.py:188} INFO - [2024-06-27T21:40:06.631+0000] {dag.py:3954} INFO - Setting next_dagrun for example_time_delta_sensor_async to None, run_after=None
[2024-06-27T21:40:06.654+0000] {processor.py:183} INFO - Processing /home/ubuntu/venv/lib/python3.12/site-packages/airflow/example_dags/example_time_delta_sensor_async.py took 0.066 seconds
[2024-06-27T21:40:51.337+0000] {processor.py:161} INFO - Started process (PID=4616) to work on /home/ubuntu/venv/lib/python3.12/site-packages/airflow/example_dags/example_time_delta_sensor_async.py
[2024-06-27T21:40:51.339+0000] {processor.py:830} INFO - Processing file /home/ubuntu/venv/lib/python3.12/site-packages/airflow/example_dags/example_time_delta_sensor_async.py for tasks to queue
[2024-06-27T21:40:51.340+0000] {logging_mixin.py:188} INFO - [2024-06-27T21:40:51.339+0000] {dagbag.py:545} INFO - Filling up the DagBag from /home/ubuntu/venv/lib/python3.12/site-packages/airflow/example_dags/example_time_delta_sensor_async.py
[2024-06-27T21:40:51.345+0000] {processor.py:840} INFO - DAG(s) 'example_time_delta_sensor_async' retrieved from /home/ubuntu/venv/lib/python3.12/site-packages/airflow/example_dags/example_time_delta_sensor_async.py
[2024-06-27T21:40:51.362+0000] {logging_mixin.py:188} INFO - [2024-06-27T21:40:51.362+0000] {dag.py:3096} INFO - Sync 1 DAGs
[2024-06-27T21:40:51.375+0000] {logging_mixin.py:188} INFO - [2024-06-27T21:40:51.374+0000] {dag.py:3954} INFO - Setting next_dagrun for example_time_delta_sensor_async to None, run_after=None
[2024-06-27T21:40:51.398+0000] {processor.py:183} INFO - Processing /home/ubuntu/venv/lib/python3.12/site-packages/airflow/example_dags/example_time_delta_sensor_async.py took 0.067 seconds
[2024-06-27T21:41:34.460+0000] {processor.py:161} INFO - Started process (PID=4662) to work on /home/ubuntu/venv/lib/python3.12/site-packages/airflow/example_dags/example_time_delta_sensor_async.py
[2024-06-27T21:41:34.462+0000] {processor.py:830} INFO - Processing file /home/ubuntu/venv/lib/python3.12/site-packages/airflow/example_dags/example_time_delta_sensor_async.py for tasks to queue
[2024-06-27T21:41:34.462+0000] {logging_mixin.py:188} INFO - [2024-06-27T21:41:34.462+0000] {dagbag.py:545} INFO - Filling up the DagBag from /home/ubuntu/venv/lib/python3.12/site-packages/airflow/example_dags/example_time_delta_sensor_async.py
[2024-06-27T21:41:34.468+0000] {processor.py:840} INFO - DAG(s) 'example_time_delta_sensor_async' retrieved from /home/ubuntu/venv/lib/python3.12/site-packages/airflow/example_dags/example_time_delta_sensor_async.py
[2024-06-27T21:41:34.485+0000] {logging_mixin.py:188} INFO - [2024-06-27T21:41:34.485+0000] {dag.py:3096} INFO - Sync 1 DAGs
[2024-06-27T21:41:34.498+0000] {logging_mixin.py:188} INFO - [2024-06-27T21:41:34.497+0000] {dag.py:3954} INFO - Setting next_dagrun for example_time_delta_sensor_async to None, run_after=None
[2024-06-27T21:41:34.520+0000] {processor.py:183} INFO - Processing /home/ubuntu/venv/lib/python3.12/site-packages/airflow/example_dags/example_time_delta_sensor_async.py took 0.066 seconds
[2024-06-27T21:42:19.877+0000] {processor.py:161} INFO - Started process (PID=4708) to work on /home/ubuntu/venv/lib/python3.12/site-packages/airflow/example_dags/example_time_delta_sensor_async.py
[2024-06-27T21:42:19.879+0000] {processor.py:830} INFO - Processing file /home/ubuntu/venv/lib/python3.12/site-packages/airflow/example_dags/example_time_delta_sensor_async.py for tasks to queue
[2024-06-27T21:42:19.880+0000] {logging_mixin.py:188} INFO - [2024-06-27T21:42:19.879+0000] {dagbag.py:545} INFO - Filling up the DagBag from /home/ubuntu/venv/lib/python3.12/site-packages/airflow/example_dags/example_time_delta_sensor_async.py
[2024-06-27T21:42:19.885+0000] {processor.py:840} INFO - DAG(s) 'example_time_delta_sensor_async' retrieved from /home/ubuntu/venv/lib/python3.12/site-packages/airflow/example_dags/example_time_delta_sensor_async.py
[2024-06-27T21:42:19.902+0000] {logging_mixin.py:188} INFO - [2024-06-27T21:42:19.902+0000] {dag.py:3096} INFO - Sync 1 DAGs
[2024-06-27T21:42:19.914+0000] {logging_mixin.py:188} INFO - [2024-06-27T21:42:19.914+0000] {dag.py:3954} INFO - Setting next_dagrun for example_time_delta_sensor_async to None, run_after=None
[2024-06-27T21:42:19.937+0000] {processor.py:183} INFO - Processing /home/ubuntu/venv/lib/python3.12/site-packages/airflow/example_dags/example_time_delta_sensor_async.py took 0.066 seconds
[2024-06-27T21:43:01.480+0000] {processor.py:161} INFO - Started process (PID=4751) to work on /home/ubuntu/venv/lib/python3.12/site-packages/airflow/example_dags/example_time_delta_sensor_async.py
[2024-06-27T21:43:01.481+0000] {processor.py:830} INFO - Processing file /home/ubuntu/venv/lib/python3.12/site-packages/airflow/example_dags/example_time_delta_sensor_async.py for tasks to queue
[2024-06-27T21:43:01.482+0000] {logging_mixin.py:188} INFO - [2024-06-27T21:43:01.482+0000] {dagbag.py:545} INFO - Filling up the DagBag from /home/ubuntu/venv/lib/python3.12/site-packages/airflow/example_dags/example_time_delta_sensor_async.py
[2024-06-27T21:43:01.487+0000] {processor.py:840} INFO - DAG(s) 'example_time_delta_sensor_async' retrieved from /home/ubuntu/venv/lib/python3.12/site-packages/airflow/example_dags/example_time_delta_sensor_async.py
[2024-06-27T21:43:01.505+0000] {logging_mixin.py:188} INFO - [2024-06-27T21:43:01.505+0000] {dag.py:3096} INFO - Sync 1 DAGs
[2024-06-27T21:43:01.517+0000] {logging_mixin.py:188} INFO - [2024-06-27T21:43:01.517+0000] {dag.py:3954} INFO - Setting next_dagrun for example_time_delta_sensor_async to None, run_after=None
[2024-06-27T21:43:01.541+0000] {processor.py:183} INFO - Processing /home/ubuntu/venv/lib/python3.12/site-packages/airflow/example_dags/example_time_delta_sensor_async.py took 0.067 seconds
[2024-06-27T21:43:49.034+0000] {processor.py:161} INFO - Started process (PID=4798) to work on /home/ubuntu/venv/lib/python3.12/site-packages/airflow/example_dags/example_time_delta_sensor_async.py
[2024-06-27T21:43:49.035+0000] {processor.py:830} INFO - Processing file /home/ubuntu/venv/lib/python3.12/site-packages/airflow/example_dags/example_time_delta_sensor_async.py for tasks to queue
[2024-06-27T21:43:49.036+0000] {logging_mixin.py:188} INFO - [2024-06-27T21:43:49.036+0000] {dagbag.py:545} INFO - Filling up the DagBag from /home/ubuntu/venv/lib/python3.12/site-packages/airflow/example_dags/example_time_delta_sensor_async.py
[2024-06-27T21:43:49.041+0000] {processor.py:840} INFO - DAG(s) 'example_time_delta_sensor_async' retrieved from /home/ubuntu/venv/lib/python3.12/site-packages/airflow/example_dags/example_time_delta_sensor_async.py
[2024-06-27T21:43:49.059+0000] {logging_mixin.py:188} INFO - [2024-06-27T21:43:49.058+0000] {dag.py:3096} INFO - Sync 1 DAGs
[2024-06-27T21:43:49.071+0000] {logging_mixin.py:188} INFO - [2024-06-27T21:43:49.070+0000] {dag.py:3954} INFO - Setting next_dagrun for example_time_delta_sensor_async to None, run_after=None
[2024-06-27T21:43:49.094+0000] {processor.py:183} INFO - Processing /home/ubuntu/venv/lib/python3.12/site-packages/airflow/example_dags/example_time_delta_sensor_async.py took 0.066 seconds
[2024-06-27T21:44:31.224+0000] {processor.py:161} INFO - Started process (PID=4862) to work on /home/ubuntu/venv/lib/python3.12/site-packages/airflow/example_dags/example_time_delta_sensor_async.py
[2024-06-27T21:44:31.226+0000] {processor.py:830} INFO - Processing file /home/ubuntu/venv/lib/python3.12/site-packages/airflow/example_dags/example_time_delta_sensor_async.py for tasks to queue
[2024-06-27T21:44:31.227+0000] {logging_mixin.py:188} INFO - [2024-06-27T21:44:31.226+0000] {dagbag.py:545} INFO - Filling up the DagBag from /home/ubuntu/venv/lib/python3.12/site-packages/airflow/example_dags/example_time_delta_sensor_async.py
[2024-06-27T21:44:31.232+0000] {processor.py:840} INFO - DAG(s) 'example_time_delta_sensor_async' retrieved from /home/ubuntu/venv/lib/python3.12/site-packages/airflow/example_dags/example_time_delta_sensor_async.py
[2024-06-27T21:44:31.249+0000] {logging_mixin.py:188} INFO - [2024-06-27T21:44:31.249+0000] {dag.py:3096} INFO - Sync 1 DAGs
[2024-06-27T21:44:31.262+0000] {logging_mixin.py:188} INFO - [2024-06-27T21:44:31.262+0000] {dag.py:3954} INFO - Setting next_dagrun for example_time_delta_sensor_async to None, run_after=None
[2024-06-27T21:44:31.397+0000] {processor.py:183} INFO - Processing /home/ubuntu/venv/lib/python3.12/site-packages/airflow/example_dags/example_time_delta_sensor_async.py took 0.179 seconds
[2024-06-27T21:45:16.745+0000] {processor.py:161} INFO - Started process (PID=4937) to work on /home/ubuntu/venv/lib/python3.12/site-packages/airflow/example_dags/example_time_delta_sensor_async.py
[2024-06-27T21:45:16.746+0000] {processor.py:830} INFO - Processing file /home/ubuntu/venv/lib/python3.12/site-packages/airflow/example_dags/example_time_delta_sensor_async.py for tasks to queue
[2024-06-27T21:45:16.747+0000] {logging_mixin.py:188} INFO - [2024-06-27T21:45:16.747+0000] {dagbag.py:545} INFO - Filling up the DagBag from /home/ubuntu/venv/lib/python3.12/site-packages/airflow/example_dags/example_time_delta_sensor_async.py
[2024-06-27T21:45:16.753+0000] {processor.py:840} INFO - DAG(s) 'example_time_delta_sensor_async' retrieved from /home/ubuntu/venv/lib/python3.12/site-packages/airflow/example_dags/example_time_delta_sensor_async.py
[2024-06-27T21:45:16.770+0000] {logging_mixin.py:188} INFO - [2024-06-27T21:45:16.770+0000] {dag.py:3096} INFO - Sync 1 DAGs
[2024-06-27T21:45:16.783+0000] {logging_mixin.py:188} INFO - [2024-06-27T21:45:16.783+0000] {dag.py:3954} INFO - Setting next_dagrun for example_time_delta_sensor_async to None, run_after=None
[2024-06-27T21:45:16.807+0000] {processor.py:183} INFO - Processing /home/ubuntu/venv/lib/python3.12/site-packages/airflow/example_dags/example_time_delta_sensor_async.py took 0.068 seconds
[2024-06-27T21:46:03.357+0000] {processor.py:161} INFO - Started process (PID=4981) to work on /home/ubuntu/venv/lib/python3.12/site-packages/airflow/example_dags/example_time_delta_sensor_async.py
[2024-06-27T21:46:03.358+0000] {processor.py:830} INFO - Processing file /home/ubuntu/venv/lib/python3.12/site-packages/airflow/example_dags/example_time_delta_sensor_async.py for tasks to queue
[2024-06-27T21:46:03.359+0000] {logging_mixin.py:188} INFO - [2024-06-27T21:46:03.359+0000] {dagbag.py:545} INFO - Filling up the DagBag from /home/ubuntu/venv/lib/python3.12/site-packages/airflow/example_dags/example_time_delta_sensor_async.py
[2024-06-27T21:46:03.365+0000] {processor.py:840} INFO - DAG(s) 'example_time_delta_sensor_async' retrieved from /home/ubuntu/venv/lib/python3.12/site-packages/airflow/example_dags/example_time_delta_sensor_async.py
[2024-06-27T21:46:03.509+0000] {logging_mixin.py:188} INFO - [2024-06-27T21:46:03.509+0000] {dag.py:3096} INFO - Sync 1 DAGs
[2024-06-27T21:46:03.520+0000] {logging_mixin.py:188} INFO - [2024-06-27T21:46:03.519+0000] {dag.py:3954} INFO - Setting next_dagrun for example_time_delta_sensor_async to None, run_after=None
[2024-06-27T21:46:03.541+0000] {processor.py:183} INFO - Processing /home/ubuntu/venv/lib/python3.12/site-packages/airflow/example_dags/example_time_delta_sensor_async.py took 0.191 seconds
[2024-06-27T21:46:56.191+0000] {processor.py:161} INFO - Started process (PID=5031) to work on /home/ubuntu/venv/lib/python3.12/site-packages/airflow/example_dags/example_time_delta_sensor_async.py
[2024-06-27T21:46:56.192+0000] {processor.py:830} INFO - Processing file /home/ubuntu/venv/lib/python3.12/site-packages/airflow/example_dags/example_time_delta_sensor_async.py for tasks to queue
[2024-06-27T21:46:56.193+0000] {logging_mixin.py:188} INFO - [2024-06-27T21:46:56.193+0000] {dagbag.py:545} INFO - Filling up the DagBag from /home/ubuntu/venv/lib/python3.12/site-packages/airflow/example_dags/example_time_delta_sensor_async.py
[2024-06-27T21:46:56.199+0000] {processor.py:840} INFO - DAG(s) 'example_time_delta_sensor_async' retrieved from /home/ubuntu/venv/lib/python3.12/site-packages/airflow/example_dags/example_time_delta_sensor_async.py
[2024-06-27T21:46:56.216+0000] {logging_mixin.py:188} INFO - [2024-06-27T21:46:56.216+0000] {dag.py:3096} INFO - Sync 1 DAGs
[2024-06-27T21:46:56.229+0000] {logging_mixin.py:188} INFO - [2024-06-27T21:46:56.229+0000] {dag.py:3954} INFO - Setting next_dagrun for example_time_delta_sensor_async to None, run_after=None
[2024-06-27T21:46:56.252+0000] {processor.py:183} INFO - Processing /home/ubuntu/venv/lib/python3.12/site-packages/airflow/example_dags/example_time_delta_sensor_async.py took 0.067 seconds
[2024-06-27T21:47:43.682+0000] {processor.py:161} INFO - Started process (PID=5109) to work on /home/ubuntu/venv/lib/python3.12/site-packages/airflow/example_dags/example_time_delta_sensor_async.py
[2024-06-27T21:47:43.683+0000] {processor.py:830} INFO - Processing file /home/ubuntu/venv/lib/python3.12/site-packages/airflow/example_dags/example_time_delta_sensor_async.py for tasks to queue
[2024-06-27T21:47:43.684+0000] {logging_mixin.py:188} INFO - [2024-06-27T21:47:43.684+0000] {dagbag.py:545} INFO - Filling up the DagBag from /home/ubuntu/venv/lib/python3.12/site-packages/airflow/example_dags/example_time_delta_sensor_async.py
[2024-06-27T21:47:43.690+0000] {processor.py:840} INFO - DAG(s) 'example_time_delta_sensor_async' retrieved from /home/ubuntu/venv/lib/python3.12/site-packages/airflow/example_dags/example_time_delta_sensor_async.py
[2024-06-27T21:47:43.707+0000] {logging_mixin.py:188} INFO - [2024-06-27T21:47:43.707+0000] {dag.py:3096} INFO - Sync 1 DAGs
[2024-06-27T21:47:43.720+0000] {logging_mixin.py:188} INFO - [2024-06-27T21:47:43.720+0000] {dag.py:3954} INFO - Setting next_dagrun for example_time_delta_sensor_async to None, run_after=None
[2024-06-27T21:47:43.743+0000] {processor.py:183} INFO - Processing /home/ubuntu/venv/lib/python3.12/site-packages/airflow/example_dags/example_time_delta_sensor_async.py took 0.067 seconds
[2024-06-27T21:48:27.934+0000] {processor.py:161} INFO - Started process (PID=5250) to work on /home/ubuntu/venv/lib/python3.12/site-packages/airflow/example_dags/example_time_delta_sensor_async.py
[2024-06-27T21:48:27.936+0000] {processor.py:830} INFO - Processing file /home/ubuntu/venv/lib/python3.12/site-packages/airflow/example_dags/example_time_delta_sensor_async.py for tasks to queue
[2024-06-27T21:48:27.937+0000] {logging_mixin.py:188} INFO - [2024-06-27T21:48:27.937+0000] {dagbag.py:545} INFO - Filling up the DagBag from /home/ubuntu/venv/lib/python3.12/site-packages/airflow/example_dags/example_time_delta_sensor_async.py
[2024-06-27T21:48:27.942+0000] {processor.py:840} INFO - DAG(s) 'example_time_delta_sensor_async' retrieved from /home/ubuntu/venv/lib/python3.12/site-packages/airflow/example_dags/example_time_delta_sensor_async.py
[2024-06-27T21:48:27.960+0000] {logging_mixin.py:188} INFO - [2024-06-27T21:48:27.959+0000] {dag.py:3096} INFO - Sync 1 DAGs
[2024-06-27T21:48:27.972+0000] {logging_mixin.py:188} INFO - [2024-06-27T21:48:27.972+0000] {dag.py:3954} INFO - Setting next_dagrun for example_time_delta_sensor_async to None, run_after=None
[2024-06-27T21:48:27.996+0000] {processor.py:183} INFO - Processing /home/ubuntu/venv/lib/python3.12/site-packages/airflow/example_dags/example_time_delta_sensor_async.py took 0.069 seconds
[2024-06-27T21:49:10.524+0000] {processor.py:161} INFO - Started process (PID=5295) to work on /home/ubuntu/venv/lib/python3.12/site-packages/airflow/example_dags/example_time_delta_sensor_async.py
[2024-06-27T21:49:10.526+0000] {processor.py:830} INFO - Processing file /home/ubuntu/venv/lib/python3.12/site-packages/airflow/example_dags/example_time_delta_sensor_async.py for tasks to queue
[2024-06-27T21:49:10.526+0000] {logging_mixin.py:188} INFO - [2024-06-27T21:49:10.526+0000] {dagbag.py:545} INFO - Filling up the DagBag from /home/ubuntu/venv/lib/python3.12/site-packages/airflow/example_dags/example_time_delta_sensor_async.py
[2024-06-27T21:49:10.531+0000] {processor.py:840} INFO - DAG(s) 'example_time_delta_sensor_async' retrieved from /home/ubuntu/venv/lib/python3.12/site-packages/airflow/example_dags/example_time_delta_sensor_async.py
[2024-06-27T21:49:10.548+0000] {logging_mixin.py:188} INFO - [2024-06-27T21:49:10.548+0000] {dag.py:3096} INFO - Sync 1 DAGs
[2024-06-27T21:49:10.561+0000] {logging_mixin.py:188} INFO - [2024-06-27T21:49:10.561+0000] {dag.py:3954} INFO - Setting next_dagrun for example_time_delta_sensor_async to None, run_after=None
[2024-06-27T21:49:10.583+0000] {processor.py:183} INFO - Processing /home/ubuntu/venv/lib/python3.12/site-packages/airflow/example_dags/example_time_delta_sensor_async.py took 0.067 seconds
[2024-06-27T21:49:50.492+0000] {processor.py:161} INFO - Started process (PID=5337) to work on /home/ubuntu/venv/lib/python3.12/site-packages/airflow/example_dags/example_time_delta_sensor_async.py
[2024-06-27T21:49:50.494+0000] {processor.py:830} INFO - Processing file /home/ubuntu/venv/lib/python3.12/site-packages/airflow/example_dags/example_time_delta_sensor_async.py for tasks to queue
[2024-06-27T21:49:50.495+0000] {logging_mixin.py:188} INFO - [2024-06-27T21:49:50.494+0000] {dagbag.py:545} INFO - Filling up the DagBag from /home/ubuntu/venv/lib/python3.12/site-packages/airflow/example_dags/example_time_delta_sensor_async.py
[2024-06-27T21:49:50.500+0000] {processor.py:840} INFO - DAG(s) 'example_time_delta_sensor_async' retrieved from /home/ubuntu/venv/lib/python3.12/site-packages/airflow/example_dags/example_time_delta_sensor_async.py
[2024-06-27T21:49:50.517+0000] {logging_mixin.py:188} INFO - [2024-06-27T21:49:50.517+0000] {dag.py:3096} INFO - Sync 1 DAGs
[2024-06-27T21:49:50.530+0000] {logging_mixin.py:188} INFO - [2024-06-27T21:49:50.529+0000] {dag.py:3954} INFO - Setting next_dagrun for example_time_delta_sensor_async to None, run_after=None
[2024-06-27T21:49:50.552+0000] {processor.py:183} INFO - Processing /home/ubuntu/venv/lib/python3.12/site-packages/airflow/example_dags/example_time_delta_sensor_async.py took 0.068 seconds
