[2024-06-27T21:20:15.033+0000] {processor.py:161} INFO - Started process (PID=2976) to work on /home/ubuntu/venv/lib/python3.12/site-packages/airflow/example_dags/example_complex.py
[2024-06-27T21:20:15.034+0000] {processor.py:830} INFO - Processing file /home/ubuntu/venv/lib/python3.12/site-packages/airflow/example_dags/example_complex.py for tasks to queue
[2024-06-27T21:20:15.036+0000] {logging_mixin.py:188} INFO - [2024-06-27T21:20:15.035+0000] {dagbag.py:545} INFO - Filling up the DagBag from /home/ubuntu/venv/lib/python3.12/site-packages/airflow/example_dags/example_complex.py
[2024-06-27T21:20:15.046+0000] {processor.py:840} INFO - DAG(s) 'example_complex' retrieved from /home/ubuntu/venv/lib/python3.12/site-packages/airflow/example_dags/example_complex.py
[2024-06-27T21:20:15.173+0000] {logging_mixin.py:188} INFO - [2024-06-27T21:20:15.173+0000] {override.py:1847} INFO - Created Permission View: can read on DAG:example_complex
[2024-06-27T21:20:15.186+0000] {logging_mixin.py:188} INFO - [2024-06-27T21:20:15.185+0000] {override.py:1847} INFO - Created Permission View: can delete on DAG:example_complex
[2024-06-27T21:20:15.195+0000] {logging_mixin.py:188} INFO - [2024-06-27T21:20:15.195+0000] {override.py:1847} INFO - Created Permission View: can edit on DAG:example_complex
[2024-06-27T21:20:15.196+0000] {logging_mixin.py:188} INFO - [2024-06-27T21:20:15.195+0000] {dag.py:3096} INFO - Sync 1 DAGs
[2024-06-27T21:20:15.206+0000] {logging_mixin.py:188} INFO - [2024-06-27T21:20:15.206+0000] {dag.py:3118} INFO - Creating ORM DAG for example_complex
[2024-06-27T21:20:15.207+0000] {logging_mixin.py:188} INFO - [2024-06-27T21:20:15.207+0000] {dag.py:3954} INFO - Setting next_dagrun for example_complex to None, run_after=None
[2024-06-27T21:20:15.231+0000] {processor.py:183} INFO - Processing /home/ubuntu/venv/lib/python3.12/site-packages/airflow/example_dags/example_complex.py took 0.204 seconds
[2024-06-27T21:21:06.047+0000] {processor.py:161} INFO - Started process (PID=3312) to work on /home/ubuntu/venv/lib/python3.12/site-packages/airflow/example_dags/example_complex.py
[2024-06-27T21:21:06.049+0000] {processor.py:830} INFO - Processing file /home/ubuntu/venv/lib/python3.12/site-packages/airflow/example_dags/example_complex.py for tasks to queue
[2024-06-27T21:21:06.051+0000] {logging_mixin.py:188} INFO - [2024-06-27T21:21:06.050+0000] {dagbag.py:545} INFO - Filling up the DagBag from /home/ubuntu/venv/lib/python3.12/site-packages/airflow/example_dags/example_complex.py
[2024-06-27T21:21:06.062+0000] {processor.py:840} INFO - DAG(s) 'example_complex' retrieved from /home/ubuntu/venv/lib/python3.12/site-packages/airflow/example_dags/example_complex.py
[2024-06-27T21:21:06.092+0000] {logging_mixin.py:188} INFO - [2024-06-27T21:21:06.092+0000] {dag.py:3096} INFO - Sync 1 DAGs
[2024-06-27T21:21:06.105+0000] {logging_mixin.py:188} INFO - [2024-06-27T21:21:06.105+0000] {dag.py:3954} INFO - Setting next_dagrun for example_complex to None, run_after=None
[2024-06-27T21:21:06.138+0000] {processor.py:183} INFO - Processing /home/ubuntu/venv/lib/python3.12/site-packages/airflow/example_dags/example_complex.py took 0.097 seconds
[2024-06-27T21:22:05.715+0000] {processor.py:161} INFO - Started process (PID=3376) to work on /home/ubuntu/venv/lib/python3.12/site-packages/airflow/example_dags/example_complex.py
[2024-06-27T21:22:05.717+0000] {processor.py:830} INFO - Processing file /home/ubuntu/venv/lib/python3.12/site-packages/airflow/example_dags/example_complex.py for tasks to queue
[2024-06-27T21:22:05.719+0000] {logging_mixin.py:188} INFO - [2024-06-27T21:22:05.718+0000] {dagbag.py:545} INFO - Filling up the DagBag from /home/ubuntu/venv/lib/python3.12/site-packages/airflow/example_dags/example_complex.py
[2024-06-27T21:22:05.729+0000] {processor.py:840} INFO - DAG(s) 'example_complex' retrieved from /home/ubuntu/venv/lib/python3.12/site-packages/airflow/example_dags/example_complex.py
[2024-06-27T21:22:05.759+0000] {logging_mixin.py:188} INFO - [2024-06-27T21:22:05.759+0000] {dag.py:3096} INFO - Sync 1 DAGs
[2024-06-27T21:22:05.771+0000] {logging_mixin.py:188} INFO - [2024-06-27T21:22:05.771+0000] {dag.py:3954} INFO - Setting next_dagrun for example_complex to None, run_after=None
[2024-06-27T21:22:05.794+0000] {processor.py:183} INFO - Processing /home/ubuntu/venv/lib/python3.12/site-packages/airflow/example_dags/example_complex.py took 0.084 seconds
[2024-06-27T21:23:06.456+0000] {processor.py:161} INFO - Started process (PID=3452) to work on /home/ubuntu/venv/lib/python3.12/site-packages/airflow/example_dags/example_complex.py
[2024-06-27T21:23:06.457+0000] {processor.py:830} INFO - Processing file /home/ubuntu/venv/lib/python3.12/site-packages/airflow/example_dags/example_complex.py for tasks to queue
[2024-06-27T21:23:06.459+0000] {logging_mixin.py:188} INFO - [2024-06-27T21:23:06.458+0000] {dagbag.py:545} INFO - Filling up the DagBag from /home/ubuntu/venv/lib/python3.12/site-packages/airflow/example_dags/example_complex.py
[2024-06-27T21:23:06.470+0000] {processor.py:840} INFO - DAG(s) 'example_complex' retrieved from /home/ubuntu/venv/lib/python3.12/site-packages/airflow/example_dags/example_complex.py
[2024-06-27T21:23:06.499+0000] {logging_mixin.py:188} INFO - [2024-06-27T21:23:06.498+0000] {dag.py:3096} INFO - Sync 1 DAGs
[2024-06-27T21:23:06.512+0000] {logging_mixin.py:188} INFO - [2024-06-27T21:23:06.512+0000] {dag.py:3954} INFO - Setting next_dagrun for example_complex to None, run_after=None
[2024-06-27T21:23:06.535+0000] {processor.py:183} INFO - Processing /home/ubuntu/venv/lib/python3.12/site-packages/airflow/example_dags/example_complex.py took 0.085 seconds
[2024-06-27T21:24:05.912+0000] {processor.py:161} INFO - Started process (PID=3516) to work on /home/ubuntu/venv/lib/python3.12/site-packages/airflow/example_dags/example_complex.py
[2024-06-27T21:24:05.914+0000] {processor.py:830} INFO - Processing file /home/ubuntu/venv/lib/python3.12/site-packages/airflow/example_dags/example_complex.py for tasks to queue
[2024-06-27T21:24:05.916+0000] {logging_mixin.py:188} INFO - [2024-06-27T21:24:05.915+0000] {dagbag.py:545} INFO - Filling up the DagBag from /home/ubuntu/venv/lib/python3.12/site-packages/airflow/example_dags/example_complex.py
[2024-06-27T21:24:05.927+0000] {processor.py:840} INFO - DAG(s) 'example_complex' retrieved from /home/ubuntu/venv/lib/python3.12/site-packages/airflow/example_dags/example_complex.py
[2024-06-27T21:24:05.957+0000] {logging_mixin.py:188} INFO - [2024-06-27T21:24:05.957+0000] {dag.py:3096} INFO - Sync 1 DAGs
[2024-06-27T21:24:05.970+0000] {logging_mixin.py:188} INFO - [2024-06-27T21:24:05.970+0000] {dag.py:3954} INFO - Setting next_dagrun for example_complex to None, run_after=None
[2024-06-27T21:24:05.994+0000] {processor.py:183} INFO - Processing /home/ubuntu/venv/lib/python3.12/site-packages/airflow/example_dags/example_complex.py took 0.088 seconds
[2024-06-27T21:25:07.968+0000] {processor.py:161} INFO - Started process (PID=3585) to work on /home/ubuntu/venv/lib/python3.12/site-packages/airflow/example_dags/example_complex.py
[2024-06-27T21:25:07.969+0000] {processor.py:830} INFO - Processing file /home/ubuntu/venv/lib/python3.12/site-packages/airflow/example_dags/example_complex.py for tasks to queue
[2024-06-27T21:25:07.970+0000] {logging_mixin.py:188} INFO - [2024-06-27T21:25:07.970+0000] {dagbag.py:545} INFO - Filling up the DagBag from /home/ubuntu/venv/lib/python3.12/site-packages/airflow/example_dags/example_complex.py
[2024-06-27T21:25:07.981+0000] {processor.py:840} INFO - DAG(s) 'example_complex' retrieved from /home/ubuntu/venv/lib/python3.12/site-packages/airflow/example_dags/example_complex.py
[2024-06-27T21:25:08.011+0000] {logging_mixin.py:188} INFO - [2024-06-27T21:25:08.011+0000] {dag.py:3096} INFO - Sync 1 DAGs
[2024-06-27T21:25:08.024+0000] {logging_mixin.py:188} INFO - [2024-06-27T21:25:08.023+0000] {dag.py:3954} INFO - Setting next_dagrun for example_complex to None, run_after=None
[2024-06-27T21:25:08.046+0000] {processor.py:183} INFO - Processing /home/ubuntu/venv/lib/python3.12/site-packages/airflow/example_dags/example_complex.py took 0.084 seconds
[2024-06-27T21:26:10.365+0000] {processor.py:161} INFO - Started process (PID=3654) to work on /home/ubuntu/venv/lib/python3.12/site-packages/airflow/example_dags/example_complex.py
[2024-06-27T21:26:10.366+0000] {processor.py:830} INFO - Processing file /home/ubuntu/venv/lib/python3.12/site-packages/airflow/example_dags/example_complex.py for tasks to queue
[2024-06-27T21:26:10.367+0000] {logging_mixin.py:188} INFO - [2024-06-27T21:26:10.367+0000] {dagbag.py:545} INFO - Filling up the DagBag from /home/ubuntu/venv/lib/python3.12/site-packages/airflow/example_dags/example_complex.py
[2024-06-27T21:26:10.378+0000] {processor.py:840} INFO - DAG(s) 'example_complex' retrieved from /home/ubuntu/venv/lib/python3.12/site-packages/airflow/example_dags/example_complex.py
[2024-06-27T21:26:10.409+0000] {logging_mixin.py:188} INFO - [2024-06-27T21:26:10.408+0000] {dag.py:3096} INFO - Sync 1 DAGs
[2024-06-27T21:26:10.422+0000] {logging_mixin.py:188} INFO - [2024-06-27T21:26:10.422+0000] {dag.py:3954} INFO - Setting next_dagrun for example_complex to None, run_after=None
[2024-06-27T21:26:10.446+0000] {processor.py:183} INFO - Processing /home/ubuntu/venv/lib/python3.12/site-packages/airflow/example_dags/example_complex.py took 0.087 seconds
[2024-06-27T21:27:15.493+0000] {processor.py:161} INFO - Started process (PID=3722) to work on /home/ubuntu/venv/lib/python3.12/site-packages/airflow/example_dags/example_complex.py
[2024-06-27T21:27:15.495+0000] {processor.py:830} INFO - Processing file /home/ubuntu/venv/lib/python3.12/site-packages/airflow/example_dags/example_complex.py for tasks to queue
[2024-06-27T21:27:15.496+0000] {logging_mixin.py:188} INFO - [2024-06-27T21:27:15.495+0000] {dagbag.py:545} INFO - Filling up the DagBag from /home/ubuntu/venv/lib/python3.12/site-packages/airflow/example_dags/example_complex.py
[2024-06-27T21:27:15.507+0000] {processor.py:840} INFO - DAG(s) 'example_complex' retrieved from /home/ubuntu/venv/lib/python3.12/site-packages/airflow/example_dags/example_complex.py
[2024-06-27T21:27:15.536+0000] {logging_mixin.py:188} INFO - [2024-06-27T21:27:15.536+0000] {dag.py:3096} INFO - Sync 1 DAGs
[2024-06-27T21:27:15.549+0000] {logging_mixin.py:188} INFO - [2024-06-27T21:27:15.548+0000] {dag.py:3954} INFO - Setting next_dagrun for example_complex to None, run_after=None
[2024-06-27T21:27:15.571+0000] {processor.py:183} INFO - Processing /home/ubuntu/venv/lib/python3.12/site-packages/airflow/example_dags/example_complex.py took 0.084 seconds
[2024-06-27T21:28:31.699+0000] {processor.py:161} INFO - Started process (PID=3814) to work on /home/ubuntu/venv/lib/python3.12/site-packages/airflow/example_dags/example_complex.py
[2024-06-27T21:28:31.701+0000] {processor.py:830} INFO - Processing file /home/ubuntu/venv/lib/python3.12/site-packages/airflow/example_dags/example_complex.py for tasks to queue
[2024-06-27T21:28:31.701+0000] {logging_mixin.py:188} INFO - [2024-06-27T21:28:31.701+0000] {dagbag.py:545} INFO - Filling up the DagBag from /home/ubuntu/venv/lib/python3.12/site-packages/airflow/example_dags/example_complex.py
[2024-06-27T21:28:31.712+0000] {processor.py:840} INFO - DAG(s) 'example_complex' retrieved from /home/ubuntu/venv/lib/python3.12/site-packages/airflow/example_dags/example_complex.py
[2024-06-27T21:28:31.742+0000] {logging_mixin.py:188} INFO - [2024-06-27T21:28:31.742+0000] {dag.py:3096} INFO - Sync 1 DAGs
[2024-06-27T21:28:31.754+0000] {logging_mixin.py:188} INFO - [2024-06-27T21:28:31.754+0000] {dag.py:3954} INFO - Setting next_dagrun for example_complex to None, run_after=None
[2024-06-27T21:28:31.777+0000] {processor.py:183} INFO - Processing /home/ubuntu/venv/lib/python3.12/site-packages/airflow/example_dags/example_complex.py took 0.083 seconds
[2024-06-27T21:29:34.613+0000] {processor.py:161} INFO - Started process (PID=3886) to work on /home/ubuntu/venv/lib/python3.12/site-packages/airflow/example_dags/example_complex.py
[2024-06-27T21:29:34.614+0000] {processor.py:830} INFO - Processing file /home/ubuntu/venv/lib/python3.12/site-packages/airflow/example_dags/example_complex.py for tasks to queue
[2024-06-27T21:29:34.615+0000] {logging_mixin.py:188} INFO - [2024-06-27T21:29:34.615+0000] {dagbag.py:545} INFO - Filling up the DagBag from /home/ubuntu/venv/lib/python3.12/site-packages/airflow/example_dags/example_complex.py
[2024-06-27T21:29:34.626+0000] {processor.py:840} INFO - DAG(s) 'example_complex' retrieved from /home/ubuntu/venv/lib/python3.12/site-packages/airflow/example_dags/example_complex.py
[2024-06-27T21:29:34.657+0000] {logging_mixin.py:188} INFO - [2024-06-27T21:29:34.656+0000] {dag.py:3096} INFO - Sync 1 DAGs
[2024-06-27T21:29:34.669+0000] {logging_mixin.py:188} INFO - [2024-06-27T21:29:34.669+0000] {dag.py:3954} INFO - Setting next_dagrun for example_complex to None, run_after=None
[2024-06-27T21:29:34.692+0000] {processor.py:183} INFO - Processing /home/ubuntu/venv/lib/python3.12/site-packages/airflow/example_dags/example_complex.py took 0.085 seconds
[2024-06-27T21:30:37.286+0000] {processor.py:161} INFO - Started process (PID=3963) to work on /home/ubuntu/venv/lib/python3.12/site-packages/airflow/example_dags/example_complex.py
[2024-06-27T21:30:37.287+0000] {processor.py:830} INFO - Processing file /home/ubuntu/venv/lib/python3.12/site-packages/airflow/example_dags/example_complex.py for tasks to queue
[2024-06-27T21:30:37.288+0000] {logging_mixin.py:188} INFO - [2024-06-27T21:30:37.288+0000] {dagbag.py:545} INFO - Filling up the DagBag from /home/ubuntu/venv/lib/python3.12/site-packages/airflow/example_dags/example_complex.py
[2024-06-27T21:30:37.299+0000] {processor.py:840} INFO - DAG(s) 'example_complex' retrieved from /home/ubuntu/venv/lib/python3.12/site-packages/airflow/example_dags/example_complex.py
[2024-06-27T21:30:37.329+0000] {logging_mixin.py:188} INFO - [2024-06-27T21:30:37.328+0000] {dag.py:3096} INFO - Sync 1 DAGs
[2024-06-27T21:30:37.342+0000] {logging_mixin.py:188} INFO - [2024-06-27T21:30:37.341+0000] {dag.py:3954} INFO - Setting next_dagrun for example_complex to None, run_after=None
[2024-06-27T21:30:37.365+0000] {processor.py:183} INFO - Processing /home/ubuntu/venv/lib/python3.12/site-packages/airflow/example_dags/example_complex.py took 0.085 seconds
[2024-06-27T21:31:41.056+0000] {processor.py:161} INFO - Started process (PID=4028) to work on /home/ubuntu/venv/lib/python3.12/site-packages/airflow/example_dags/example_complex.py
[2024-06-27T21:31:41.058+0000] {processor.py:830} INFO - Processing file /home/ubuntu/venv/lib/python3.12/site-packages/airflow/example_dags/example_complex.py for tasks to queue
[2024-06-27T21:31:41.059+0000] {logging_mixin.py:188} INFO - [2024-06-27T21:31:41.059+0000] {dagbag.py:545} INFO - Filling up the DagBag from /home/ubuntu/venv/lib/python3.12/site-packages/airflow/example_dags/example_complex.py
[2024-06-27T21:31:41.076+0000] {processor.py:840} INFO - DAG(s) 'example_complex' retrieved from /home/ubuntu/venv/lib/python3.12/site-packages/airflow/example_dags/example_complex.py
[2024-06-27T21:31:41.117+0000] {logging_mixin.py:188} INFO - [2024-06-27T21:31:41.117+0000] {dag.py:3096} INFO - Sync 1 DAGs
[2024-06-27T21:31:41.129+0000] {logging_mixin.py:188} INFO - [2024-06-27T21:31:41.129+0000] {dag.py:3954} INFO - Setting next_dagrun for example_complex to None, run_after=None
[2024-06-27T21:31:41.152+0000] {processor.py:183} INFO - Processing /home/ubuntu/venv/lib/python3.12/site-packages/airflow/example_dags/example_complex.py took 0.105 seconds
[2024-06-27T21:33:02.315+0000] {processor.py:161} INFO - Started process (PID=4121) to work on /home/ubuntu/venv/lib/python3.12/site-packages/airflow/example_dags/example_complex.py
[2024-06-27T21:33:02.316+0000] {processor.py:830} INFO - Processing file /home/ubuntu/venv/lib/python3.12/site-packages/airflow/example_dags/example_complex.py for tasks to queue
[2024-06-27T21:33:02.317+0000] {logging_mixin.py:188} INFO - [2024-06-27T21:33:02.317+0000] {dagbag.py:545} INFO - Filling up the DagBag from /home/ubuntu/venv/lib/python3.12/site-packages/airflow/example_dags/example_complex.py
[2024-06-27T21:33:02.328+0000] {processor.py:840} INFO - DAG(s) 'example_complex' retrieved from /home/ubuntu/venv/lib/python3.12/site-packages/airflow/example_dags/example_complex.py
[2024-06-27T21:33:02.357+0000] {logging_mixin.py:188} INFO - [2024-06-27T21:33:02.357+0000] {dag.py:3096} INFO - Sync 1 DAGs
[2024-06-27T21:33:02.370+0000] {logging_mixin.py:188} INFO - [2024-06-27T21:33:02.370+0000] {dag.py:3954} INFO - Setting next_dagrun for example_complex to None, run_after=None
[2024-06-27T21:33:02.393+0000] {processor.py:183} INFO - Processing /home/ubuntu/venv/lib/python3.12/site-packages/airflow/example_dags/example_complex.py took 0.085 seconds
[2024-06-27T21:34:09.655+0000] {processor.py:161} INFO - Started process (PID=4195) to work on /home/ubuntu/venv/lib/python3.12/site-packages/airflow/example_dags/example_complex.py
[2024-06-27T21:34:09.656+0000] {processor.py:830} INFO - Processing file /home/ubuntu/venv/lib/python3.12/site-packages/airflow/example_dags/example_complex.py for tasks to queue
[2024-06-27T21:34:09.657+0000] {logging_mixin.py:188} INFO - [2024-06-27T21:34:09.657+0000] {dagbag.py:545} INFO - Filling up the DagBag from /home/ubuntu/venv/lib/python3.12/site-packages/airflow/example_dags/example_complex.py
[2024-06-27T21:34:09.668+0000] {processor.py:840} INFO - DAG(s) 'example_complex' retrieved from /home/ubuntu/venv/lib/python3.12/site-packages/airflow/example_dags/example_complex.py
[2024-06-27T21:34:09.699+0000] {logging_mixin.py:188} INFO - [2024-06-27T21:34:09.699+0000] {dag.py:3096} INFO - Sync 1 DAGs
[2024-06-27T21:34:09.712+0000] {logging_mixin.py:188} INFO - [2024-06-27T21:34:09.711+0000] {dag.py:3954} INFO - Setting next_dagrun for example_complex to None, run_after=None
[2024-06-27T21:34:09.737+0000] {processor.py:183} INFO - Processing /home/ubuntu/venv/lib/python3.12/site-packages/airflow/example_dags/example_complex.py took 0.088 seconds
[2024-06-27T21:35:14.029+0000] {processor.py:161} INFO - Started process (PID=4265) to work on /home/ubuntu/venv/lib/python3.12/site-packages/airflow/example_dags/example_complex.py
[2024-06-27T21:35:14.031+0000] {processor.py:830} INFO - Processing file /home/ubuntu/venv/lib/python3.12/site-packages/airflow/example_dags/example_complex.py for tasks to queue
[2024-06-27T21:35:14.032+0000] {logging_mixin.py:188} INFO - [2024-06-27T21:35:14.031+0000] {dagbag.py:545} INFO - Filling up the DagBag from /home/ubuntu/venv/lib/python3.12/site-packages/airflow/example_dags/example_complex.py
[2024-06-27T21:35:14.043+0000] {processor.py:840} INFO - DAG(s) 'example_complex' retrieved from /home/ubuntu/venv/lib/python3.12/site-packages/airflow/example_dags/example_complex.py
[2024-06-27T21:35:14.072+0000] {logging_mixin.py:188} INFO - [2024-06-27T21:35:14.072+0000] {dag.py:3096} INFO - Sync 1 DAGs
[2024-06-27T21:35:14.085+0000] {logging_mixin.py:188} INFO - [2024-06-27T21:35:14.084+0000] {dag.py:3954} INFO - Setting next_dagrun for example_complex to None, run_after=None
[2024-06-27T21:35:14.106+0000] {processor.py:183} INFO - Processing /home/ubuntu/venv/lib/python3.12/site-packages/airflow/example_dags/example_complex.py took 0.083 seconds
[2024-06-27T21:36:17.083+0000] {processor.py:161} INFO - Started process (PID=4331) to work on /home/ubuntu/venv/lib/python3.12/site-packages/airflow/example_dags/example_complex.py
[2024-06-27T21:36:17.084+0000] {processor.py:830} INFO - Processing file /home/ubuntu/venv/lib/python3.12/site-packages/airflow/example_dags/example_complex.py for tasks to queue
[2024-06-27T21:36:17.085+0000] {logging_mixin.py:188} INFO - [2024-06-27T21:36:17.085+0000] {dagbag.py:545} INFO - Filling up the DagBag from /home/ubuntu/venv/lib/python3.12/site-packages/airflow/example_dags/example_complex.py
[2024-06-27T21:36:17.096+0000] {processor.py:840} INFO - DAG(s) 'example_complex' retrieved from /home/ubuntu/venv/lib/python3.12/site-packages/airflow/example_dags/example_complex.py
[2024-06-27T21:36:17.125+0000] {logging_mixin.py:188} INFO - [2024-06-27T21:36:17.125+0000] {dag.py:3096} INFO - Sync 1 DAGs
[2024-06-27T21:36:17.138+0000] {logging_mixin.py:188} INFO - [2024-06-27T21:36:17.138+0000] {dag.py:3954} INFO - Setting next_dagrun for example_complex to None, run_after=None
[2024-06-27T21:36:17.160+0000] {processor.py:183} INFO - Processing /home/ubuntu/venv/lib/python3.12/site-packages/airflow/example_dags/example_complex.py took 0.083 seconds
[2024-06-27T21:37:23.200+0000] {processor.py:161} INFO - Started process (PID=4397) to work on /home/ubuntu/venv/lib/python3.12/site-packages/airflow/example_dags/example_complex.py
[2024-06-27T21:37:23.202+0000] {processor.py:830} INFO - Processing file /home/ubuntu/venv/lib/python3.12/site-packages/airflow/example_dags/example_complex.py for tasks to queue
[2024-06-27T21:37:23.203+0000] {logging_mixin.py:188} INFO - [2024-06-27T21:37:23.203+0000] {dagbag.py:545} INFO - Filling up the DagBag from /home/ubuntu/venv/lib/python3.12/site-packages/airflow/example_dags/example_complex.py
[2024-06-27T21:37:23.214+0000] {processor.py:840} INFO - DAG(s) 'example_complex' retrieved from /home/ubuntu/venv/lib/python3.12/site-packages/airflow/example_dags/example_complex.py
[2024-06-27T21:37:23.243+0000] {logging_mixin.py:188} INFO - [2024-06-27T21:37:23.243+0000] {dag.py:3096} INFO - Sync 1 DAGs
[2024-06-27T21:37:23.256+0000] {logging_mixin.py:188} INFO - [2024-06-27T21:37:23.256+0000] {dag.py:3954} INFO - Setting next_dagrun for example_complex to None, run_after=None
[2024-06-27T21:37:23.281+0000] {processor.py:183} INFO - Processing /home/ubuntu/venv/lib/python3.12/site-packages/airflow/example_dags/example_complex.py took 0.086 seconds
[2024-06-27T21:38:35.817+0000] {processor.py:161} INFO - Started process (PID=4474) to work on /home/ubuntu/venv/lib/python3.12/site-packages/airflow/example_dags/example_complex.py
[2024-06-27T21:38:35.819+0000] {processor.py:830} INFO - Processing file /home/ubuntu/venv/lib/python3.12/site-packages/airflow/example_dags/example_complex.py for tasks to queue
[2024-06-27T21:38:35.820+0000] {logging_mixin.py:188} INFO - [2024-06-27T21:38:35.819+0000] {dagbag.py:545} INFO - Filling up the DagBag from /home/ubuntu/venv/lib/python3.12/site-packages/airflow/example_dags/example_complex.py
[2024-06-27T21:38:35.831+0000] {processor.py:840} INFO - DAG(s) 'example_complex' retrieved from /home/ubuntu/venv/lib/python3.12/site-packages/airflow/example_dags/example_complex.py
[2024-06-27T21:38:35.860+0000] {logging_mixin.py:188} INFO - [2024-06-27T21:38:35.860+0000] {dag.py:3096} INFO - Sync 1 DAGs
[2024-06-27T21:38:35.873+0000] {logging_mixin.py:188} INFO - [2024-06-27T21:38:35.872+0000] {dag.py:3954} INFO - Setting next_dagrun for example_complex to None, run_after=None
[2024-06-27T21:38:35.895+0000] {processor.py:183} INFO - Processing /home/ubuntu/venv/lib/python3.12/site-packages/airflow/example_dags/example_complex.py took 0.083 seconds
[2024-06-27T21:39:39.617+0000] {processor.py:161} INFO - Started process (PID=4541) to work on /home/ubuntu/venv/lib/python3.12/site-packages/airflow/example_dags/example_complex.py
[2024-06-27T21:39:39.618+0000] {processor.py:830} INFO - Processing file /home/ubuntu/venv/lib/python3.12/site-packages/airflow/example_dags/example_complex.py for tasks to queue
[2024-06-27T21:39:39.619+0000] {logging_mixin.py:188} INFO - [2024-06-27T21:39:39.619+0000] {dagbag.py:545} INFO - Filling up the DagBag from /home/ubuntu/venv/lib/python3.12/site-packages/airflow/example_dags/example_complex.py
[2024-06-27T21:39:39.630+0000] {processor.py:840} INFO - DAG(s) 'example_complex' retrieved from /home/ubuntu/venv/lib/python3.12/site-packages/airflow/example_dags/example_complex.py
[2024-06-27T21:39:39.660+0000] {logging_mixin.py:188} INFO - [2024-06-27T21:39:39.659+0000] {dag.py:3096} INFO - Sync 1 DAGs
[2024-06-27T21:39:39.673+0000] {logging_mixin.py:188} INFO - [2024-06-27T21:39:39.672+0000] {dag.py:3954} INFO - Setting next_dagrun for example_complex to None, run_after=None
[2024-06-27T21:39:39.695+0000] {processor.py:183} INFO - Processing /home/ubuntu/venv/lib/python3.12/site-packages/airflow/example_dags/example_complex.py took 0.084 seconds
[2024-06-27T21:40:43.509+0000] {processor.py:161} INFO - Started process (PID=4609) to work on /home/ubuntu/venv/lib/python3.12/site-packages/airflow/example_dags/example_complex.py
[2024-06-27T21:40:43.510+0000] {processor.py:830} INFO - Processing file /home/ubuntu/venv/lib/python3.12/site-packages/airflow/example_dags/example_complex.py for tasks to queue
[2024-06-27T21:40:43.511+0000] {logging_mixin.py:188} INFO - [2024-06-27T21:40:43.511+0000] {dagbag.py:545} INFO - Filling up the DagBag from /home/ubuntu/venv/lib/python3.12/site-packages/airflow/example_dags/example_complex.py
[2024-06-27T21:40:43.522+0000] {processor.py:840} INFO - DAG(s) 'example_complex' retrieved from /home/ubuntu/venv/lib/python3.12/site-packages/airflow/example_dags/example_complex.py
[2024-06-27T21:40:43.551+0000] {logging_mixin.py:188} INFO - [2024-06-27T21:40:43.551+0000] {dag.py:3096} INFO - Sync 1 DAGs
[2024-06-27T21:40:43.564+0000] {logging_mixin.py:188} INFO - [2024-06-27T21:40:43.564+0000] {dag.py:3954} INFO - Setting next_dagrun for example_complex to None, run_after=None
[2024-06-27T21:40:43.587+0000] {processor.py:183} INFO - Processing /home/ubuntu/venv/lib/python3.12/site-packages/airflow/example_dags/example_complex.py took 0.084 seconds
[2024-06-27T21:41:50.043+0000] {processor.py:161} INFO - Started process (PID=4678) to work on /home/ubuntu/venv/lib/python3.12/site-packages/airflow/example_dags/example_complex.py
[2024-06-27T21:41:50.044+0000] {processor.py:830} INFO - Processing file /home/ubuntu/venv/lib/python3.12/site-packages/airflow/example_dags/example_complex.py for tasks to queue
[2024-06-27T21:41:50.045+0000] {logging_mixin.py:188} INFO - [2024-06-27T21:41:50.045+0000] {dagbag.py:545} INFO - Filling up the DagBag from /home/ubuntu/venv/lib/python3.12/site-packages/airflow/example_dags/example_complex.py
[2024-06-27T21:41:50.056+0000] {processor.py:840} INFO - DAG(s) 'example_complex' retrieved from /home/ubuntu/venv/lib/python3.12/site-packages/airflow/example_dags/example_complex.py
[2024-06-27T21:41:50.085+0000] {logging_mixin.py:188} INFO - [2024-06-27T21:41:50.085+0000] {dag.py:3096} INFO - Sync 1 DAGs
[2024-06-27T21:41:50.098+0000] {logging_mixin.py:188} INFO - [2024-06-27T21:41:50.098+0000] {dag.py:3954} INFO - Setting next_dagrun for example_complex to None, run_after=None
[2024-06-27T21:41:50.121+0000] {processor.py:183} INFO - Processing /home/ubuntu/venv/lib/python3.12/site-packages/airflow/example_dags/example_complex.py took 0.084 seconds
[2024-06-27T21:42:54.088+0000] {processor.py:161} INFO - Started process (PID=4744) to work on /home/ubuntu/venv/lib/python3.12/site-packages/airflow/example_dags/example_complex.py
[2024-06-27T21:42:54.090+0000] {processor.py:830} INFO - Processing file /home/ubuntu/venv/lib/python3.12/site-packages/airflow/example_dags/example_complex.py for tasks to queue
[2024-06-27T21:42:54.091+0000] {logging_mixin.py:188} INFO - [2024-06-27T21:42:54.090+0000] {dagbag.py:545} INFO - Filling up the DagBag from /home/ubuntu/venv/lib/python3.12/site-packages/airflow/example_dags/example_complex.py
[2024-06-27T21:42:54.102+0000] {processor.py:840} INFO - DAG(s) 'example_complex' retrieved from /home/ubuntu/venv/lib/python3.12/site-packages/airflow/example_dags/example_complex.py
[2024-06-27T21:42:54.131+0000] {logging_mixin.py:188} INFO - [2024-06-27T21:42:54.131+0000] {dag.py:3096} INFO - Sync 1 DAGs
[2024-06-27T21:42:54.144+0000] {logging_mixin.py:188} INFO - [2024-06-27T21:42:54.143+0000] {dag.py:3954} INFO - Setting next_dagrun for example_complex to None, run_after=None
[2024-06-27T21:42:54.167+0000] {processor.py:183} INFO - Processing /home/ubuntu/venv/lib/python3.12/site-packages/airflow/example_dags/example_complex.py took 0.085 seconds
[2024-06-27T21:43:46.648+0000] {processor.py:161} INFO - Started process (PID=4796) to work on /home/ubuntu/venv/lib/python3.12/site-packages/airflow/example_dags/example_complex.py
[2024-06-27T21:43:46.650+0000] {processor.py:830} INFO - Processing file /home/ubuntu/venv/lib/python3.12/site-packages/airflow/example_dags/example_complex.py for tasks to queue
[2024-06-27T21:43:46.652+0000] {logging_mixin.py:188} INFO - [2024-06-27T21:43:46.651+0000] {dagbag.py:545} INFO - Filling up the DagBag from /home/ubuntu/venv/lib/python3.12/site-packages/airflow/example_dags/example_complex.py
[2024-06-27T21:43:46.670+0000] {processor.py:840} INFO - DAG(s) 'example_complex' retrieved from /home/ubuntu/venv/lib/python3.12/site-packages/airflow/example_dags/example_complex.py
[2024-06-27T21:43:46.718+0000] {logging_mixin.py:188} INFO - [2024-06-27T21:43:46.717+0000] {dag.py:3096} INFO - Sync 1 DAGs
[2024-06-27T21:43:46.738+0000] {logging_mixin.py:188} INFO - [2024-06-27T21:43:46.738+0000] {dag.py:3954} INFO - Setting next_dagrun for example_complex to None, run_after=None
[2024-06-27T21:43:46.774+0000] {processor.py:183} INFO - Processing /home/ubuntu/venv/lib/python3.12/site-packages/airflow/example_dags/example_complex.py took 0.136 seconds
[2024-06-27T21:44:51.815+0000] {processor.py:161} INFO - Started process (PID=4906) to work on /home/ubuntu/venv/lib/python3.12/site-packages/airflow/example_dags/example_complex.py
[2024-06-27T21:44:51.817+0000] {processor.py:830} INFO - Processing file /home/ubuntu/venv/lib/python3.12/site-packages/airflow/example_dags/example_complex.py for tasks to queue
[2024-06-27T21:44:51.818+0000] {logging_mixin.py:188} INFO - [2024-06-27T21:44:51.817+0000] {dagbag.py:545} INFO - Filling up the DagBag from /home/ubuntu/venv/lib/python3.12/site-packages/airflow/example_dags/example_complex.py
[2024-06-27T21:44:51.829+0000] {processor.py:840} INFO - DAG(s) 'example_complex' retrieved from /home/ubuntu/venv/lib/python3.12/site-packages/airflow/example_dags/example_complex.py
[2024-06-27T21:44:51.859+0000] {logging_mixin.py:188} INFO - [2024-06-27T21:44:51.858+0000] {dag.py:3096} INFO - Sync 1 DAGs
[2024-06-27T21:44:51.871+0000] {logging_mixin.py:188} INFO - [2024-06-27T21:44:51.871+0000] {dag.py:3954} INFO - Setting next_dagrun for example_complex to None, run_after=None
[2024-06-27T21:44:51.894+0000] {processor.py:183} INFO - Processing /home/ubuntu/venv/lib/python3.12/site-packages/airflow/example_dags/example_complex.py took 0.084 seconds
[2024-06-27T21:46:00.808+0000] {processor.py:161} INFO - Started process (PID=4979) to work on /home/ubuntu/venv/lib/python3.12/site-packages/airflow/example_dags/example_complex.py
[2024-06-27T21:46:00.810+0000] {processor.py:830} INFO - Processing file /home/ubuntu/venv/lib/python3.12/site-packages/airflow/example_dags/example_complex.py for tasks to queue
[2024-06-27T21:46:00.811+0000] {logging_mixin.py:188} INFO - [2024-06-27T21:46:00.810+0000] {dagbag.py:545} INFO - Filling up the DagBag from /home/ubuntu/venv/lib/python3.12/site-packages/airflow/example_dags/example_complex.py
[2024-06-27T21:46:00.997+0000] {processor.py:840} INFO - DAG(s) 'example_complex' retrieved from /home/ubuntu/venv/lib/python3.12/site-packages/airflow/example_dags/example_complex.py
[2024-06-27T21:46:01.036+0000] {logging_mixin.py:188} INFO - [2024-06-27T21:46:01.035+0000] {dag.py:3096} INFO - Sync 1 DAGs
[2024-06-27T21:46:01.046+0000] {logging_mixin.py:188} INFO - [2024-06-27T21:46:01.046+0000] {dag.py:3954} INFO - Setting next_dagrun for example_complex to None, run_after=None
[2024-06-27T21:46:01.068+0000] {processor.py:183} INFO - Processing /home/ubuntu/venv/lib/python3.12/site-packages/airflow/example_dags/example_complex.py took 0.265 seconds
[2024-06-27T21:47:16.813+0000] {processor.py:161} INFO - Started process (PID=5051) to work on /home/ubuntu/venv/lib/python3.12/site-packages/airflow/example_dags/example_complex.py
[2024-06-27T21:47:16.814+0000] {processor.py:830} INFO - Processing file /home/ubuntu/venv/lib/python3.12/site-packages/airflow/example_dags/example_complex.py for tasks to queue
[2024-06-27T21:47:16.815+0000] {logging_mixin.py:188} INFO - [2024-06-27T21:47:16.815+0000] {dagbag.py:545} INFO - Filling up the DagBag from /home/ubuntu/venv/lib/python3.12/site-packages/airflow/example_dags/example_complex.py
[2024-06-27T21:47:16.826+0000] {processor.py:840} INFO - DAG(s) 'example_complex' retrieved from /home/ubuntu/venv/lib/python3.12/site-packages/airflow/example_dags/example_complex.py
[2024-06-27T21:47:16.856+0000] {logging_mixin.py:188} INFO - [2024-06-27T21:47:16.856+0000] {dag.py:3096} INFO - Sync 1 DAGs
[2024-06-27T21:47:16.869+0000] {logging_mixin.py:188} INFO - [2024-06-27T21:47:16.868+0000] {dag.py:3954} INFO - Setting next_dagrun for example_complex to None, run_after=None
[2024-06-27T21:47:16.891+0000] {processor.py:183} INFO - Processing /home/ubuntu/venv/lib/python3.12/site-packages/airflow/example_dags/example_complex.py took 0.084 seconds
[2024-06-27T21:48:25.273+0000] {processor.py:161} INFO - Started process (PID=5247) to work on /home/ubuntu/venv/lib/python3.12/site-packages/airflow/example_dags/example_complex.py
[2024-06-27T21:48:25.274+0000] {processor.py:830} INFO - Processing file /home/ubuntu/venv/lib/python3.12/site-packages/airflow/example_dags/example_complex.py for tasks to queue
[2024-06-27T21:48:25.275+0000] {logging_mixin.py:188} INFO - [2024-06-27T21:48:25.275+0000] {dagbag.py:545} INFO - Filling up the DagBag from /home/ubuntu/venv/lib/python3.12/site-packages/airflow/example_dags/example_complex.py
[2024-06-27T21:48:25.287+0000] {processor.py:840} INFO - DAG(s) 'example_complex' retrieved from /home/ubuntu/venv/lib/python3.12/site-packages/airflow/example_dags/example_complex.py
[2024-06-27T21:48:25.316+0000] {logging_mixin.py:188} INFO - [2024-06-27T21:48:25.316+0000] {dag.py:3096} INFO - Sync 1 DAGs
[2024-06-27T21:48:25.329+0000] {logging_mixin.py:188} INFO - [2024-06-27T21:48:25.329+0000] {dag.py:3954} INFO - Setting next_dagrun for example_complex to None, run_after=None
[2024-06-27T21:48:25.353+0000] {processor.py:183} INFO - Processing /home/ubuntu/venv/lib/python3.12/site-packages/airflow/example_dags/example_complex.py took 0.087 seconds
[2024-06-27T21:49:27.556+0000] {processor.py:161} INFO - Started process (PID=5314) to work on /home/ubuntu/venv/lib/python3.12/site-packages/airflow/example_dags/example_complex.py
[2024-06-27T21:49:27.558+0000] {processor.py:830} INFO - Processing file /home/ubuntu/venv/lib/python3.12/site-packages/airflow/example_dags/example_complex.py for tasks to queue
[2024-06-27T21:49:27.559+0000] {logging_mixin.py:188} INFO - [2024-06-27T21:49:27.558+0000] {dagbag.py:545} INFO - Filling up the DagBag from /home/ubuntu/venv/lib/python3.12/site-packages/airflow/example_dags/example_complex.py
[2024-06-27T21:49:27.570+0000] {processor.py:840} INFO - DAG(s) 'example_complex' retrieved from /home/ubuntu/venv/lib/python3.12/site-packages/airflow/example_dags/example_complex.py
[2024-06-27T21:49:27.601+0000] {logging_mixin.py:188} INFO - [2024-06-27T21:49:27.601+0000] {dag.py:3096} INFO - Sync 1 DAGs
[2024-06-27T21:49:27.614+0000] {logging_mixin.py:188} INFO - [2024-06-27T21:49:27.614+0000] {dag.py:3954} INFO - Setting next_dagrun for example_complex to None, run_after=None
[2024-06-27T21:49:27.637+0000] {processor.py:183} INFO - Processing /home/ubuntu/venv/lib/python3.12/site-packages/airflow/example_dags/example_complex.py took 0.089 seconds
