[2024-06-27T21:20:17.517+0000] {processor.py:161} INFO - Started process (PID=2979) to work on /home/ubuntu/venv/lib/python3.12/site-packages/airflow/example_dags/example_branch_python_dop_operator_3.py
[2024-06-27T21:20:17.518+0000] {processor.py:830} INFO - Processing file /home/ubuntu/venv/lib/python3.12/site-packages/airflow/example_dags/example_branch_python_dop_operator_3.py for tasks to queue
[2024-06-27T21:20:17.520+0000] {logging_mixin.py:188} INFO - [2024-06-27T21:20:17.519+0000] {dagbag.py:545} INFO - Filling up the DagBag from /home/ubuntu/venv/lib/python3.12/site-packages/airflow/example_dags/example_branch_python_dop_operator_3.py
[2024-06-27T21:20:17.529+0000] {processor.py:840} INFO - DAG(s) 'example_branch_dop_operator_v3' retrieved from /home/ubuntu/venv/lib/python3.12/site-packages/airflow/example_dags/example_branch_python_dop_operator_3.py
[2024-06-27T21:20:17.647+0000] {logging_mixin.py:188} INFO - [2024-06-27T21:20:17.646+0000] {override.py:1847} INFO - Created Permission View: can read on DAG:example_branch_dop_operator_v3
[2024-06-27T21:20:17.660+0000] {logging_mixin.py:188} INFO - [2024-06-27T21:20:17.660+0000] {override.py:1847} INFO - Created Permission View: can delete on DAG:example_branch_dop_operator_v3
[2024-06-27T21:20:17.670+0000] {logging_mixin.py:188} INFO - [2024-06-27T21:20:17.670+0000] {override.py:1847} INFO - Created Permission View: can edit on DAG:example_branch_dop_operator_v3
[2024-06-27T21:20:17.670+0000] {logging_mixin.py:188} INFO - [2024-06-27T21:20:17.670+0000] {dag.py:3096} INFO - Sync 1 DAGs
[2024-06-27T21:20:17.681+0000] {logging_mixin.py:188} INFO - [2024-06-27T21:20:17.681+0000] {dag.py:3118} INFO - Creating ORM DAG for example_branch_dop_operator_v3
[2024-06-27T21:20:17.693+0000] {logging_mixin.py:188} INFO - [2024-06-27T21:20:17.693+0000] {dag.py:3954} INFO - Setting next_dagrun for example_branch_dop_operator_v3 to 2024-06-27 21:19:00+00:00, run_after=2024-06-27 21:20:00+00:00
[2024-06-27T21:20:17.717+0000] {processor.py:183} INFO - Processing /home/ubuntu/venv/lib/python3.12/site-packages/airflow/example_dags/example_branch_python_dop_operator_3.py took 0.206 seconds
[2024-06-27T21:21:08.211+0000] {processor.py:161} INFO - Started process (PID=3314) to work on /home/ubuntu/venv/lib/python3.12/site-packages/airflow/example_dags/example_branch_python_dop_operator_3.py
[2024-06-27T21:21:08.213+0000] {processor.py:830} INFO - Processing file /home/ubuntu/venv/lib/python3.12/site-packages/airflow/example_dags/example_branch_python_dop_operator_3.py for tasks to queue
[2024-06-27T21:21:08.215+0000] {logging_mixin.py:188} INFO - [2024-06-27T21:21:08.214+0000] {dagbag.py:545} INFO - Filling up the DagBag from /home/ubuntu/venv/lib/python3.12/site-packages/airflow/example_dags/example_branch_python_dop_operator_3.py
[2024-06-27T21:21:08.224+0000] {processor.py:840} INFO - DAG(s) 'example_branch_dop_operator_v3' retrieved from /home/ubuntu/venv/lib/python3.12/site-packages/airflow/example_dags/example_branch_python_dop_operator_3.py
[2024-06-27T21:21:08.240+0000] {logging_mixin.py:188} INFO - [2024-06-27T21:21:08.240+0000] {dag.py:3096} INFO - Sync 1 DAGs
[2024-06-27T21:21:08.263+0000] {logging_mixin.py:188} INFO - [2024-06-27T21:21:08.263+0000] {dag.py:3954} INFO - Setting next_dagrun for example_branch_dop_operator_v3 to 2024-06-27 21:20:00+00:00, run_after=2024-06-27 21:21:00+00:00
[2024-06-27T21:21:08.287+0000] {processor.py:183} INFO - Processing /home/ubuntu/venv/lib/python3.12/site-packages/airflow/example_dags/example_branch_python_dop_operator_3.py took 0.081 seconds
[2024-06-27T21:22:07.990+0000] {processor.py:161} INFO - Started process (PID=3378) to work on /home/ubuntu/venv/lib/python3.12/site-packages/airflow/example_dags/example_branch_python_dop_operator_3.py
[2024-06-27T21:22:07.991+0000] {processor.py:830} INFO - Processing file /home/ubuntu/venv/lib/python3.12/site-packages/airflow/example_dags/example_branch_python_dop_operator_3.py for tasks to queue
[2024-06-27T21:22:07.993+0000] {logging_mixin.py:188} INFO - [2024-06-27T21:22:07.993+0000] {dagbag.py:545} INFO - Filling up the DagBag from /home/ubuntu/venv/lib/python3.12/site-packages/airflow/example_dags/example_branch_python_dop_operator_3.py
[2024-06-27T21:22:08.002+0000] {processor.py:840} INFO - DAG(s) 'example_branch_dop_operator_v3' retrieved from /home/ubuntu/venv/lib/python3.12/site-packages/airflow/example_dags/example_branch_python_dop_operator_3.py
[2024-06-27T21:22:08.019+0000] {logging_mixin.py:188} INFO - [2024-06-27T21:22:08.019+0000] {dag.py:3096} INFO - Sync 1 DAGs
[2024-06-27T21:22:08.043+0000] {logging_mixin.py:188} INFO - [2024-06-27T21:22:08.043+0000] {dag.py:3954} INFO - Setting next_dagrun for example_branch_dop_operator_v3 to 2024-06-27 21:21:00+00:00, run_after=2024-06-27 21:22:00+00:00
[2024-06-27T21:22:08.071+0000] {processor.py:183} INFO - Processing /home/ubuntu/venv/lib/python3.12/site-packages/airflow/example_dags/example_branch_python_dop_operator_3.py took 0.088 seconds
[2024-06-27T21:23:08.731+0000] {processor.py:161} INFO - Started process (PID=3454) to work on /home/ubuntu/venv/lib/python3.12/site-packages/airflow/example_dags/example_branch_python_dop_operator_3.py
[2024-06-27T21:23:08.732+0000] {processor.py:830} INFO - Processing file /home/ubuntu/venv/lib/python3.12/site-packages/airflow/example_dags/example_branch_python_dop_operator_3.py for tasks to queue
[2024-06-27T21:23:08.734+0000] {logging_mixin.py:188} INFO - [2024-06-27T21:23:08.733+0000] {dagbag.py:545} INFO - Filling up the DagBag from /home/ubuntu/venv/lib/python3.12/site-packages/airflow/example_dags/example_branch_python_dop_operator_3.py
[2024-06-27T21:23:08.743+0000] {processor.py:840} INFO - DAG(s) 'example_branch_dop_operator_v3' retrieved from /home/ubuntu/venv/lib/python3.12/site-packages/airflow/example_dags/example_branch_python_dop_operator_3.py
[2024-06-27T21:23:08.760+0000] {logging_mixin.py:188} INFO - [2024-06-27T21:23:08.759+0000] {dag.py:3096} INFO - Sync 1 DAGs
[2024-06-27T21:23:08.783+0000] {logging_mixin.py:188} INFO - [2024-06-27T21:23:08.783+0000] {dag.py:3954} INFO - Setting next_dagrun for example_branch_dop_operator_v3 to 2024-06-27 21:22:00+00:00, run_after=2024-06-27 21:23:00+00:00
[2024-06-27T21:23:08.810+0000] {processor.py:183} INFO - Processing /home/ubuntu/venv/lib/python3.12/site-packages/airflow/example_dags/example_branch_python_dop_operator_3.py took 0.086 seconds
[2024-06-27T21:24:07.186+0000] {processor.py:161} INFO - Started process (PID=3518) to work on /home/ubuntu/venv/lib/python3.12/site-packages/airflow/example_dags/example_branch_python_dop_operator_3.py
[2024-06-27T21:24:07.187+0000] {processor.py:830} INFO - Processing file /home/ubuntu/venv/lib/python3.12/site-packages/airflow/example_dags/example_branch_python_dop_operator_3.py for tasks to queue
[2024-06-27T21:24:07.189+0000] {logging_mixin.py:188} INFO - [2024-06-27T21:24:07.188+0000] {dagbag.py:545} INFO - Filling up the DagBag from /home/ubuntu/venv/lib/python3.12/site-packages/airflow/example_dags/example_branch_python_dop_operator_3.py
[2024-06-27T21:24:07.198+0000] {processor.py:840} INFO - DAG(s) 'example_branch_dop_operator_v3' retrieved from /home/ubuntu/venv/lib/python3.12/site-packages/airflow/example_dags/example_branch_python_dop_operator_3.py
[2024-06-27T21:24:07.214+0000] {logging_mixin.py:188} INFO - [2024-06-27T21:24:07.214+0000] {dag.py:3096} INFO - Sync 1 DAGs
[2024-06-27T21:24:07.237+0000] {logging_mixin.py:188} INFO - [2024-06-27T21:24:07.237+0000] {dag.py:3954} INFO - Setting next_dagrun for example_branch_dop_operator_v3 to 2024-06-27 21:23:00+00:00, run_after=2024-06-27 21:24:00+00:00
[2024-06-27T21:24:07.261+0000] {processor.py:183} INFO - Processing /home/ubuntu/venv/lib/python3.12/site-packages/airflow/example_dags/example_branch_python_dop_operator_3.py took 0.081 seconds
[2024-06-27T21:25:09.284+0000] {processor.py:161} INFO - Started process (PID=3587) to work on /home/ubuntu/venv/lib/python3.12/site-packages/airflow/example_dags/example_branch_python_dop_operator_3.py
[2024-06-27T21:25:09.286+0000] {processor.py:830} INFO - Processing file /home/ubuntu/venv/lib/python3.12/site-packages/airflow/example_dags/example_branch_python_dop_operator_3.py for tasks to queue
[2024-06-27T21:25:09.287+0000] {logging_mixin.py:188} INFO - [2024-06-27T21:25:09.286+0000] {dagbag.py:545} INFO - Filling up the DagBag from /home/ubuntu/venv/lib/python3.12/site-packages/airflow/example_dags/example_branch_python_dop_operator_3.py
[2024-06-27T21:25:09.296+0000] {processor.py:840} INFO - DAG(s) 'example_branch_dop_operator_v3' retrieved from /home/ubuntu/venv/lib/python3.12/site-packages/airflow/example_dags/example_branch_python_dop_operator_3.py
[2024-06-27T21:25:09.313+0000] {logging_mixin.py:188} INFO - [2024-06-27T21:25:09.313+0000] {dag.py:3096} INFO - Sync 1 DAGs
[2024-06-27T21:25:09.336+0000] {logging_mixin.py:188} INFO - [2024-06-27T21:25:09.336+0000] {dag.py:3954} INFO - Setting next_dagrun for example_branch_dop_operator_v3 to 2024-06-27 21:24:00+00:00, run_after=2024-06-27 21:25:00+00:00
[2024-06-27T21:25:09.360+0000] {processor.py:183} INFO - Processing /home/ubuntu/venv/lib/python3.12/site-packages/airflow/example_dags/example_branch_python_dop_operator_3.py took 0.081 seconds
[2024-06-27T21:26:12.202+0000] {processor.py:161} INFO - Started process (PID=3656) to work on /home/ubuntu/venv/lib/python3.12/site-packages/airflow/example_dags/example_branch_python_dop_operator_3.py
[2024-06-27T21:26:12.203+0000] {processor.py:830} INFO - Processing file /home/ubuntu/venv/lib/python3.12/site-packages/airflow/example_dags/example_branch_python_dop_operator_3.py for tasks to queue
[2024-06-27T21:26:12.204+0000] {logging_mixin.py:188} INFO - [2024-06-27T21:26:12.204+0000] {dagbag.py:545} INFO - Filling up the DagBag from /home/ubuntu/venv/lib/python3.12/site-packages/airflow/example_dags/example_branch_python_dop_operator_3.py
[2024-06-27T21:26:12.214+0000] {processor.py:840} INFO - DAG(s) 'example_branch_dop_operator_v3' retrieved from /home/ubuntu/venv/lib/python3.12/site-packages/airflow/example_dags/example_branch_python_dop_operator_3.py
[2024-06-27T21:26:12.241+0000] {logging_mixin.py:188} INFO - [2024-06-27T21:26:12.240+0000] {dag.py:3096} INFO - Sync 1 DAGs
[2024-06-27T21:26:12.278+0000] {logging_mixin.py:188} INFO - [2024-06-27T21:26:12.278+0000] {dag.py:3954} INFO - Setting next_dagrun for example_branch_dop_operator_v3 to 2024-06-27 21:25:00+00:00, run_after=2024-06-27 21:26:00+00:00
[2024-06-27T21:26:12.314+0000] {processor.py:183} INFO - Processing /home/ubuntu/venv/lib/python3.12/site-packages/airflow/example_dags/example_branch_python_dop_operator_3.py took 0.118 seconds
[2024-06-27T21:27:17.765+0000] {processor.py:161} INFO - Started process (PID=3724) to work on /home/ubuntu/venv/lib/python3.12/site-packages/airflow/example_dags/example_branch_python_dop_operator_3.py
[2024-06-27T21:27:17.767+0000] {processor.py:830} INFO - Processing file /home/ubuntu/venv/lib/python3.12/site-packages/airflow/example_dags/example_branch_python_dop_operator_3.py for tasks to queue
[2024-06-27T21:27:17.768+0000] {logging_mixin.py:188} INFO - [2024-06-27T21:27:17.767+0000] {dagbag.py:545} INFO - Filling up the DagBag from /home/ubuntu/venv/lib/python3.12/site-packages/airflow/example_dags/example_branch_python_dop_operator_3.py
[2024-06-27T21:27:17.777+0000] {processor.py:840} INFO - DAG(s) 'example_branch_dop_operator_v3' retrieved from /home/ubuntu/venv/lib/python3.12/site-packages/airflow/example_dags/example_branch_python_dop_operator_3.py
[2024-06-27T21:27:17.795+0000] {logging_mixin.py:188} INFO - [2024-06-27T21:27:17.795+0000] {dag.py:3096} INFO - Sync 1 DAGs
[2024-06-27T21:27:17.818+0000] {logging_mixin.py:188} INFO - [2024-06-27T21:27:17.818+0000] {dag.py:3954} INFO - Setting next_dagrun for example_branch_dop_operator_v3 to 2024-06-27 21:26:00+00:00, run_after=2024-06-27 21:27:00+00:00
[2024-06-27T21:27:17.843+0000] {processor.py:183} INFO - Processing /home/ubuntu/venv/lib/python3.12/site-packages/airflow/example_dags/example_branch_python_dop_operator_3.py took 0.084 seconds
[2024-06-27T21:28:33.201+0000] {processor.py:161} INFO - Started process (PID=3816) to work on /home/ubuntu/venv/lib/python3.12/site-packages/airflow/example_dags/example_branch_python_dop_operator_3.py
[2024-06-27T21:28:33.203+0000] {processor.py:830} INFO - Processing file /home/ubuntu/venv/lib/python3.12/site-packages/airflow/example_dags/example_branch_python_dop_operator_3.py for tasks to queue
[2024-06-27T21:28:33.204+0000] {logging_mixin.py:188} INFO - [2024-06-27T21:28:33.203+0000] {dagbag.py:545} INFO - Filling up the DagBag from /home/ubuntu/venv/lib/python3.12/site-packages/airflow/example_dags/example_branch_python_dop_operator_3.py
[2024-06-27T21:28:33.213+0000] {processor.py:840} INFO - DAG(s) 'example_branch_dop_operator_v3' retrieved from /home/ubuntu/venv/lib/python3.12/site-packages/airflow/example_dags/example_branch_python_dop_operator_3.py
[2024-06-27T21:28:33.230+0000] {logging_mixin.py:188} INFO - [2024-06-27T21:28:33.230+0000] {dag.py:3096} INFO - Sync 1 DAGs
[2024-06-27T21:28:33.253+0000] {logging_mixin.py:188} INFO - [2024-06-27T21:28:33.252+0000] {dag.py:3954} INFO - Setting next_dagrun for example_branch_dop_operator_v3 to 2024-06-27 21:27:00+00:00, run_after=2024-06-27 21:28:00+00:00
[2024-06-27T21:28:33.275+0000] {processor.py:183} INFO - Processing /home/ubuntu/venv/lib/python3.12/site-packages/airflow/example_dags/example_branch_python_dop_operator_3.py took 0.079 seconds
[2024-06-27T21:29:35.935+0000] {processor.py:161} INFO - Started process (PID=3888) to work on /home/ubuntu/venv/lib/python3.12/site-packages/airflow/example_dags/example_branch_python_dop_operator_3.py
[2024-06-27T21:29:35.937+0000] {processor.py:830} INFO - Processing file /home/ubuntu/venv/lib/python3.12/site-packages/airflow/example_dags/example_branch_python_dop_operator_3.py for tasks to queue
[2024-06-27T21:29:35.938+0000] {logging_mixin.py:188} INFO - [2024-06-27T21:29:35.937+0000] {dagbag.py:545} INFO - Filling up the DagBag from /home/ubuntu/venv/lib/python3.12/site-packages/airflow/example_dags/example_branch_python_dop_operator_3.py
[2024-06-27T21:29:35.947+0000] {processor.py:840} INFO - DAG(s) 'example_branch_dop_operator_v3' retrieved from /home/ubuntu/venv/lib/python3.12/site-packages/airflow/example_dags/example_branch_python_dop_operator_3.py
[2024-06-27T21:29:35.964+0000] {logging_mixin.py:188} INFO - [2024-06-27T21:29:35.964+0000] {dag.py:3096} INFO - Sync 1 DAGs
[2024-06-27T21:29:35.988+0000] {logging_mixin.py:188} INFO - [2024-06-27T21:29:35.987+0000] {dag.py:3954} INFO - Setting next_dagrun for example_branch_dop_operator_v3 to 2024-06-27 21:28:00+00:00, run_after=2024-06-27 21:29:00+00:00
[2024-06-27T21:29:36.017+0000] {processor.py:183} INFO - Processing /home/ubuntu/venv/lib/python3.12/site-packages/airflow/example_dags/example_branch_python_dop_operator_3.py took 0.088 seconds
[2024-06-27T21:30:38.844+0000] {processor.py:161} INFO - Started process (PID=3965) to work on /home/ubuntu/venv/lib/python3.12/site-packages/airflow/example_dags/example_branch_python_dop_operator_3.py
[2024-06-27T21:30:38.845+0000] {processor.py:830} INFO - Processing file /home/ubuntu/venv/lib/python3.12/site-packages/airflow/example_dags/example_branch_python_dop_operator_3.py for tasks to queue
[2024-06-27T21:30:38.846+0000] {logging_mixin.py:188} INFO - [2024-06-27T21:30:38.846+0000] {dagbag.py:545} INFO - Filling up the DagBag from /home/ubuntu/venv/lib/python3.12/site-packages/airflow/example_dags/example_branch_python_dop_operator_3.py
[2024-06-27T21:30:38.855+0000] {processor.py:840} INFO - DAG(s) 'example_branch_dop_operator_v3' retrieved from /home/ubuntu/venv/lib/python3.12/site-packages/airflow/example_dags/example_branch_python_dop_operator_3.py
[2024-06-27T21:30:38.873+0000] {logging_mixin.py:188} INFO - [2024-06-27T21:30:38.873+0000] {dag.py:3096} INFO - Sync 1 DAGs
[2024-06-27T21:30:38.897+0000] {logging_mixin.py:188} INFO - [2024-06-27T21:30:38.897+0000] {dag.py:3954} INFO - Setting next_dagrun for example_branch_dop_operator_v3 to 2024-06-27 21:29:00+00:00, run_after=2024-06-27 21:30:00+00:00
[2024-06-27T21:30:38.921+0000] {processor.py:183} INFO - Processing /home/ubuntu/venv/lib/python3.12/site-packages/airflow/example_dags/example_branch_python_dop_operator_3.py took 0.084 seconds
[2024-06-27T21:31:43.423+0000] {processor.py:161} INFO - Started process (PID=4030) to work on /home/ubuntu/venv/lib/python3.12/site-packages/airflow/example_dags/example_branch_python_dop_operator_3.py
[2024-06-27T21:31:43.425+0000] {processor.py:830} INFO - Processing file /home/ubuntu/venv/lib/python3.12/site-packages/airflow/example_dags/example_branch_python_dop_operator_3.py for tasks to queue
[2024-06-27T21:31:43.426+0000] {logging_mixin.py:188} INFO - [2024-06-27T21:31:43.425+0000] {dagbag.py:545} INFO - Filling up the DagBag from /home/ubuntu/venv/lib/python3.12/site-packages/airflow/example_dags/example_branch_python_dop_operator_3.py
[2024-06-27T21:31:43.435+0000] {processor.py:840} INFO - DAG(s) 'example_branch_dop_operator_v3' retrieved from /home/ubuntu/venv/lib/python3.12/site-packages/airflow/example_dags/example_branch_python_dop_operator_3.py
[2024-06-27T21:31:43.452+0000] {logging_mixin.py:188} INFO - [2024-06-27T21:31:43.452+0000] {dag.py:3096} INFO - Sync 1 DAGs
[2024-06-27T21:31:43.475+0000] {logging_mixin.py:188} INFO - [2024-06-27T21:31:43.475+0000] {dag.py:3954} INFO - Setting next_dagrun for example_branch_dop_operator_v3 to 2024-06-27 21:30:00+00:00, run_after=2024-06-27 21:31:00+00:00
[2024-06-27T21:31:43.500+0000] {processor.py:183} INFO - Processing /home/ubuntu/venv/lib/python3.12/site-packages/airflow/example_dags/example_branch_python_dop_operator_3.py took 0.082 seconds
[2024-06-27T21:33:04.604+0000] {processor.py:161} INFO - Started process (PID=4123) to work on /home/ubuntu/venv/lib/python3.12/site-packages/airflow/example_dags/example_branch_python_dop_operator_3.py
[2024-06-27T21:33:04.605+0000] {processor.py:830} INFO - Processing file /home/ubuntu/venv/lib/python3.12/site-packages/airflow/example_dags/example_branch_python_dop_operator_3.py for tasks to queue
[2024-06-27T21:33:04.606+0000] {logging_mixin.py:188} INFO - [2024-06-27T21:33:04.606+0000] {dagbag.py:545} INFO - Filling up the DagBag from /home/ubuntu/venv/lib/python3.12/site-packages/airflow/example_dags/example_branch_python_dop_operator_3.py
[2024-06-27T21:33:04.616+0000] {processor.py:840} INFO - DAG(s) 'example_branch_dop_operator_v3' retrieved from /home/ubuntu/venv/lib/python3.12/site-packages/airflow/example_dags/example_branch_python_dop_operator_3.py
[2024-06-27T21:33:04.634+0000] {logging_mixin.py:188} INFO - [2024-06-27T21:33:04.633+0000] {dag.py:3096} INFO - Sync 1 DAGs
[2024-06-27T21:33:04.658+0000] {logging_mixin.py:188} INFO - [2024-06-27T21:33:04.657+0000] {dag.py:3954} INFO - Setting next_dagrun for example_branch_dop_operator_v3 to 2024-06-27 21:32:00+00:00, run_after=2024-06-27 21:33:00+00:00
[2024-06-27T21:33:04.681+0000] {processor.py:183} INFO - Processing /home/ubuntu/venv/lib/python3.12/site-packages/airflow/example_dags/example_branch_python_dop_operator_3.py took 0.084 seconds
[2024-06-27T21:34:11.930+0000] {processor.py:161} INFO - Started process (PID=4197) to work on /home/ubuntu/venv/lib/python3.12/site-packages/airflow/example_dags/example_branch_python_dop_operator_3.py
[2024-06-27T21:34:11.931+0000] {processor.py:830} INFO - Processing file /home/ubuntu/venv/lib/python3.12/site-packages/airflow/example_dags/example_branch_python_dop_operator_3.py for tasks to queue
[2024-06-27T21:34:11.932+0000] {logging_mixin.py:188} INFO - [2024-06-27T21:34:11.932+0000] {dagbag.py:545} INFO - Filling up the DagBag from /home/ubuntu/venv/lib/python3.12/site-packages/airflow/example_dags/example_branch_python_dop_operator_3.py
[2024-06-27T21:34:11.942+0000] {processor.py:840} INFO - DAG(s) 'example_branch_dop_operator_v3' retrieved from /home/ubuntu/venv/lib/python3.12/site-packages/airflow/example_dags/example_branch_python_dop_operator_3.py
[2024-06-27T21:34:11.959+0000] {logging_mixin.py:188} INFO - [2024-06-27T21:34:11.959+0000] {dag.py:3096} INFO - Sync 1 DAGs
[2024-06-27T21:34:11.982+0000] {logging_mixin.py:188} INFO - [2024-06-27T21:34:11.982+0000] {dag.py:3954} INFO - Setting next_dagrun for example_branch_dop_operator_v3 to 2024-06-27 21:33:00+00:00, run_after=2024-06-27 21:34:00+00:00
[2024-06-27T21:34:12.006+0000] {processor.py:183} INFO - Processing /home/ubuntu/venv/lib/python3.12/site-packages/airflow/example_dags/example_branch_python_dop_operator_3.py took 0.081 seconds
[2024-06-27T21:35:16.069+0000] {processor.py:161} INFO - Started process (PID=4267) to work on /home/ubuntu/venv/lib/python3.12/site-packages/airflow/example_dags/example_branch_python_dop_operator_3.py
[2024-06-27T21:35:16.070+0000] {processor.py:830} INFO - Processing file /home/ubuntu/venv/lib/python3.12/site-packages/airflow/example_dags/example_branch_python_dop_operator_3.py for tasks to queue
[2024-06-27T21:35:16.071+0000] {logging_mixin.py:188} INFO - [2024-06-27T21:35:16.070+0000] {dagbag.py:545} INFO - Filling up the DagBag from /home/ubuntu/venv/lib/python3.12/site-packages/airflow/example_dags/example_branch_python_dop_operator_3.py
[2024-06-27T21:35:16.080+0000] {processor.py:840} INFO - DAG(s) 'example_branch_dop_operator_v3' retrieved from /home/ubuntu/venv/lib/python3.12/site-packages/airflow/example_dags/example_branch_python_dop_operator_3.py
[2024-06-27T21:35:16.097+0000] {logging_mixin.py:188} INFO - [2024-06-27T21:35:16.097+0000] {dag.py:3096} INFO - Sync 1 DAGs
[2024-06-27T21:35:16.120+0000] {logging_mixin.py:188} INFO - [2024-06-27T21:35:16.119+0000] {dag.py:3954} INFO - Setting next_dagrun for example_branch_dop_operator_v3 to 2024-06-27 21:34:00+00:00, run_after=2024-06-27 21:35:00+00:00
[2024-06-27T21:35:16.142+0000] {processor.py:183} INFO - Processing /home/ubuntu/venv/lib/python3.12/site-packages/airflow/example_dags/example_branch_python_dop_operator_3.py took 0.079 seconds
[2024-06-27T21:36:19.243+0000] {processor.py:161} INFO - Started process (PID=4333) to work on /home/ubuntu/venv/lib/python3.12/site-packages/airflow/example_dags/example_branch_python_dop_operator_3.py
[2024-06-27T21:36:19.245+0000] {processor.py:830} INFO - Processing file /home/ubuntu/venv/lib/python3.12/site-packages/airflow/example_dags/example_branch_python_dop_operator_3.py for tasks to queue
[2024-06-27T21:36:19.246+0000] {logging_mixin.py:188} INFO - [2024-06-27T21:36:19.245+0000] {dagbag.py:545} INFO - Filling up the DagBag from /home/ubuntu/venv/lib/python3.12/site-packages/airflow/example_dags/example_branch_python_dop_operator_3.py
[2024-06-27T21:36:19.255+0000] {processor.py:840} INFO - DAG(s) 'example_branch_dop_operator_v3' retrieved from /home/ubuntu/venv/lib/python3.12/site-packages/airflow/example_dags/example_branch_python_dop_operator_3.py
[2024-06-27T21:36:19.272+0000] {logging_mixin.py:188} INFO - [2024-06-27T21:36:19.272+0000] {dag.py:3096} INFO - Sync 1 DAGs
[2024-06-27T21:36:19.295+0000] {logging_mixin.py:188} INFO - [2024-06-27T21:36:19.294+0000] {dag.py:3954} INFO - Setting next_dagrun for example_branch_dop_operator_v3 to 2024-06-27 21:35:00+00:00, run_after=2024-06-27 21:36:00+00:00
[2024-06-27T21:36:19.318+0000] {processor.py:183} INFO - Processing /home/ubuntu/venv/lib/python3.12/site-packages/airflow/example_dags/example_branch_python_dop_operator_3.py took 0.080 seconds
[2024-06-27T21:37:24.923+0000] {processor.py:161} INFO - Started process (PID=4399) to work on /home/ubuntu/venv/lib/python3.12/site-packages/airflow/example_dags/example_branch_python_dop_operator_3.py
[2024-06-27T21:37:24.925+0000] {processor.py:830} INFO - Processing file /home/ubuntu/venv/lib/python3.12/site-packages/airflow/example_dags/example_branch_python_dop_operator_3.py for tasks to queue
[2024-06-27T21:37:24.926+0000] {logging_mixin.py:188} INFO - [2024-06-27T21:37:24.925+0000] {dagbag.py:545} INFO - Filling up the DagBag from /home/ubuntu/venv/lib/python3.12/site-packages/airflow/example_dags/example_branch_python_dop_operator_3.py
[2024-06-27T21:37:24.935+0000] {processor.py:840} INFO - DAG(s) 'example_branch_dop_operator_v3' retrieved from /home/ubuntu/venv/lib/python3.12/site-packages/airflow/example_dags/example_branch_python_dop_operator_3.py
[2024-06-27T21:37:24.952+0000] {logging_mixin.py:188} INFO - [2024-06-27T21:37:24.952+0000] {dag.py:3096} INFO - Sync 1 DAGs
[2024-06-27T21:37:24.975+0000] {logging_mixin.py:188} INFO - [2024-06-27T21:37:24.975+0000] {dag.py:3954} INFO - Setting next_dagrun for example_branch_dop_operator_v3 to 2024-06-27 21:36:00+00:00, run_after=2024-06-27 21:37:00+00:00
[2024-06-27T21:37:24.998+0000] {processor.py:183} INFO - Processing /home/ubuntu/venv/lib/python3.12/site-packages/airflow/example_dags/example_branch_python_dop_operator_3.py took 0.081 seconds
[2024-06-27T21:38:37.541+0000] {processor.py:161} INFO - Started process (PID=4476) to work on /home/ubuntu/venv/lib/python3.12/site-packages/airflow/example_dags/example_branch_python_dop_operator_3.py
[2024-06-27T21:38:37.542+0000] {processor.py:830} INFO - Processing file /home/ubuntu/venv/lib/python3.12/site-packages/airflow/example_dags/example_branch_python_dop_operator_3.py for tasks to queue
[2024-06-27T21:38:37.543+0000] {logging_mixin.py:188} INFO - [2024-06-27T21:38:37.542+0000] {dagbag.py:545} INFO - Filling up the DagBag from /home/ubuntu/venv/lib/python3.12/site-packages/airflow/example_dags/example_branch_python_dop_operator_3.py
[2024-06-27T21:38:37.552+0000] {processor.py:840} INFO - DAG(s) 'example_branch_dop_operator_v3' retrieved from /home/ubuntu/venv/lib/python3.12/site-packages/airflow/example_dags/example_branch_python_dop_operator_3.py
[2024-06-27T21:38:37.569+0000] {logging_mixin.py:188} INFO - [2024-06-27T21:38:37.569+0000] {dag.py:3096} INFO - Sync 1 DAGs
[2024-06-27T21:38:37.592+0000] {logging_mixin.py:188} INFO - [2024-06-27T21:38:37.592+0000] {dag.py:3954} INFO - Setting next_dagrun for example_branch_dop_operator_v3 to 2024-06-27 21:37:00+00:00, run_after=2024-06-27 21:38:00+00:00
[2024-06-27T21:38:37.615+0000] {processor.py:183} INFO - Processing /home/ubuntu/venv/lib/python3.12/site-packages/airflow/example_dags/example_branch_python_dop_operator_3.py took 0.081 seconds
[2024-06-27T21:39:41.653+0000] {processor.py:161} INFO - Started process (PID=4543) to work on /home/ubuntu/venv/lib/python3.12/site-packages/airflow/example_dags/example_branch_python_dop_operator_3.py
[2024-06-27T21:39:41.655+0000] {processor.py:830} INFO - Processing file /home/ubuntu/venv/lib/python3.12/site-packages/airflow/example_dags/example_branch_python_dop_operator_3.py for tasks to queue
[2024-06-27T21:39:41.656+0000] {logging_mixin.py:188} INFO - [2024-06-27T21:39:41.655+0000] {dagbag.py:545} INFO - Filling up the DagBag from /home/ubuntu/venv/lib/python3.12/site-packages/airflow/example_dags/example_branch_python_dop_operator_3.py
[2024-06-27T21:39:41.665+0000] {processor.py:840} INFO - DAG(s) 'example_branch_dop_operator_v3' retrieved from /home/ubuntu/venv/lib/python3.12/site-packages/airflow/example_dags/example_branch_python_dop_operator_3.py
[2024-06-27T21:39:41.682+0000] {logging_mixin.py:188} INFO - [2024-06-27T21:39:41.681+0000] {dag.py:3096} INFO - Sync 1 DAGs
[2024-06-27T21:39:41.704+0000] {logging_mixin.py:188} INFO - [2024-06-27T21:39:41.704+0000] {dag.py:3954} INFO - Setting next_dagrun for example_branch_dop_operator_v3 to 2024-06-27 21:38:00+00:00, run_after=2024-06-27 21:39:00+00:00
[2024-06-27T21:39:41.734+0000] {processor.py:183} INFO - Processing /home/ubuntu/venv/lib/python3.12/site-packages/airflow/example_dags/example_branch_python_dop_operator_3.py took 0.087 seconds
[2024-06-27T21:40:45.789+0000] {processor.py:161} INFO - Started process (PID=4611) to work on /home/ubuntu/venv/lib/python3.12/site-packages/airflow/example_dags/example_branch_python_dop_operator_3.py
[2024-06-27T21:40:45.790+0000] {processor.py:830} INFO - Processing file /home/ubuntu/venv/lib/python3.12/site-packages/airflow/example_dags/example_branch_python_dop_operator_3.py for tasks to queue
[2024-06-27T21:40:45.791+0000] {logging_mixin.py:188} INFO - [2024-06-27T21:40:45.791+0000] {dagbag.py:545} INFO - Filling up the DagBag from /home/ubuntu/venv/lib/python3.12/site-packages/airflow/example_dags/example_branch_python_dop_operator_3.py
[2024-06-27T21:40:45.801+0000] {processor.py:840} INFO - DAG(s) 'example_branch_dop_operator_v3' retrieved from /home/ubuntu/venv/lib/python3.12/site-packages/airflow/example_dags/example_branch_python_dop_operator_3.py
[2024-06-27T21:40:45.818+0000] {logging_mixin.py:188} INFO - [2024-06-27T21:40:45.818+0000] {dag.py:3096} INFO - Sync 1 DAGs
[2024-06-27T21:40:45.842+0000] {logging_mixin.py:188} INFO - [2024-06-27T21:40:45.842+0000] {dag.py:3954} INFO - Setting next_dagrun for example_branch_dop_operator_v3 to 2024-06-27 21:39:00+00:00, run_after=2024-06-27 21:40:00+00:00
[2024-06-27T21:40:45.866+0000] {processor.py:183} INFO - Processing /home/ubuntu/venv/lib/python3.12/site-packages/airflow/example_dags/example_branch_python_dop_operator_3.py took 0.083 seconds
[2024-06-27T21:41:52.314+0000] {processor.py:161} INFO - Started process (PID=4680) to work on /home/ubuntu/venv/lib/python3.12/site-packages/airflow/example_dags/example_branch_python_dop_operator_3.py
[2024-06-27T21:41:52.316+0000] {processor.py:830} INFO - Processing file /home/ubuntu/venv/lib/python3.12/site-packages/airflow/example_dags/example_branch_python_dop_operator_3.py for tasks to queue
[2024-06-27T21:41:52.317+0000] {logging_mixin.py:188} INFO - [2024-06-27T21:41:52.316+0000] {dagbag.py:545} INFO - Filling up the DagBag from /home/ubuntu/venv/lib/python3.12/site-packages/airflow/example_dags/example_branch_python_dop_operator_3.py
[2024-06-27T21:41:52.326+0000] {processor.py:840} INFO - DAG(s) 'example_branch_dop_operator_v3' retrieved from /home/ubuntu/venv/lib/python3.12/site-packages/airflow/example_dags/example_branch_python_dop_operator_3.py
[2024-06-27T21:41:52.344+0000] {logging_mixin.py:188} INFO - [2024-06-27T21:41:52.343+0000] {dag.py:3096} INFO - Sync 1 DAGs
[2024-06-27T21:41:52.368+0000] {logging_mixin.py:188} INFO - [2024-06-27T21:41:52.367+0000] {dag.py:3954} INFO - Setting next_dagrun for example_branch_dop_operator_v3 to 2024-06-27 21:40:00+00:00, run_after=2024-06-27 21:41:00+00:00
[2024-06-27T21:41:52.391+0000] {processor.py:183} INFO - Processing /home/ubuntu/venv/lib/python3.12/site-packages/airflow/example_dags/example_branch_python_dop_operator_3.py took 0.082 seconds
[2024-06-27T21:42:56.233+0000] {processor.py:161} INFO - Started process (PID=4746) to work on /home/ubuntu/venv/lib/python3.12/site-packages/airflow/example_dags/example_branch_python_dop_operator_3.py
[2024-06-27T21:42:56.235+0000] {processor.py:830} INFO - Processing file /home/ubuntu/venv/lib/python3.12/site-packages/airflow/example_dags/example_branch_python_dop_operator_3.py for tasks to queue
[2024-06-27T21:42:56.236+0000] {logging_mixin.py:188} INFO - [2024-06-27T21:42:56.235+0000] {dagbag.py:545} INFO - Filling up the DagBag from /home/ubuntu/venv/lib/python3.12/site-packages/airflow/example_dags/example_branch_python_dop_operator_3.py
[2024-06-27T21:42:56.245+0000] {processor.py:840} INFO - DAG(s) 'example_branch_dop_operator_v3' retrieved from /home/ubuntu/venv/lib/python3.12/site-packages/airflow/example_dags/example_branch_python_dop_operator_3.py
[2024-06-27T21:42:56.262+0000] {logging_mixin.py:188} INFO - [2024-06-27T21:42:56.262+0000] {dag.py:3096} INFO - Sync 1 DAGs
[2024-06-27T21:42:56.285+0000] {logging_mixin.py:188} INFO - [2024-06-27T21:42:56.285+0000] {dag.py:3954} INFO - Setting next_dagrun for example_branch_dop_operator_v3 to 2024-06-27 21:41:00+00:00, run_after=2024-06-27 21:42:00+00:00
[2024-06-27T21:42:56.413+0000] {processor.py:183} INFO - Processing /home/ubuntu/venv/lib/python3.12/site-packages/airflow/example_dags/example_branch_python_dop_operator_3.py took 0.186 seconds
[2024-06-27T21:44:04.476+0000] {processor.py:161} INFO - Started process (PID=4815) to work on /home/ubuntu/venv/lib/python3.12/site-packages/airflow/example_dags/example_branch_python_dop_operator_3.py
[2024-06-27T21:44:04.477+0000] {processor.py:830} INFO - Processing file /home/ubuntu/venv/lib/python3.12/site-packages/airflow/example_dags/example_branch_python_dop_operator_3.py for tasks to queue
[2024-06-27T21:44:04.478+0000] {logging_mixin.py:188} INFO - [2024-06-27T21:44:04.478+0000] {dagbag.py:545} INFO - Filling up the DagBag from /home/ubuntu/venv/lib/python3.12/site-packages/airflow/example_dags/example_branch_python_dop_operator_3.py
[2024-06-27T21:44:04.488+0000] {processor.py:840} INFO - DAG(s) 'example_branch_dop_operator_v3' retrieved from /home/ubuntu/venv/lib/python3.12/site-packages/airflow/example_dags/example_branch_python_dop_operator_3.py
[2024-06-27T21:44:04.505+0000] {logging_mixin.py:188} INFO - [2024-06-27T21:44:04.504+0000] {dag.py:3096} INFO - Sync 1 DAGs
[2024-06-27T21:44:04.528+0000] {logging_mixin.py:188} INFO - [2024-06-27T21:44:04.528+0000] {dag.py:3954} INFO - Setting next_dagrun for example_branch_dop_operator_v3 to 2024-06-27 21:43:00+00:00, run_after=2024-06-27 21:44:00+00:00
[2024-06-27T21:44:04.553+0000] {processor.py:183} INFO - Processing /home/ubuntu/venv/lib/python3.12/site-packages/airflow/example_dags/example_branch_python_dop_operator_3.py took 0.083 seconds
[2024-06-27T21:45:12.404+0000] {processor.py:161} INFO - Started process (PID=4931) to work on /home/ubuntu/venv/lib/python3.12/site-packages/airflow/example_dags/example_branch_python_dop_operator_3.py
[2024-06-27T21:45:12.406+0000] {processor.py:830} INFO - Processing file /home/ubuntu/venv/lib/python3.12/site-packages/airflow/example_dags/example_branch_python_dop_operator_3.py for tasks to queue
[2024-06-27T21:45:12.407+0000] {logging_mixin.py:188} INFO - [2024-06-27T21:45:12.406+0000] {dagbag.py:545} INFO - Filling up the DagBag from /home/ubuntu/venv/lib/python3.12/site-packages/airflow/example_dags/example_branch_python_dop_operator_3.py
[2024-06-27T21:45:12.416+0000] {processor.py:840} INFO - DAG(s) 'example_branch_dop_operator_v3' retrieved from /home/ubuntu/venv/lib/python3.12/site-packages/airflow/example_dags/example_branch_python_dop_operator_3.py
[2024-06-27T21:45:12.433+0000] {logging_mixin.py:188} INFO - [2024-06-27T21:45:12.433+0000] {dag.py:3096} INFO - Sync 1 DAGs
[2024-06-27T21:45:12.456+0000] {logging_mixin.py:188} INFO - [2024-06-27T21:45:12.455+0000] {dag.py:3954} INFO - Setting next_dagrun for example_branch_dop_operator_v3 to 2024-06-27 21:44:00+00:00, run_after=2024-06-27 21:45:00+00:00
[2024-06-27T21:45:12.479+0000] {processor.py:183} INFO - Processing /home/ubuntu/venv/lib/python3.12/site-packages/airflow/example_dags/example_branch_python_dop_operator_3.py took 0.081 seconds
[2024-06-27T21:46:25.203+0000] {processor.py:161} INFO - Started process (PID=5001) to work on /home/ubuntu/venv/lib/python3.12/site-packages/airflow/example_dags/example_branch_python_dop_operator_3.py
[2024-06-27T21:46:25.205+0000] {processor.py:830} INFO - Processing file /home/ubuntu/venv/lib/python3.12/site-packages/airflow/example_dags/example_branch_python_dop_operator_3.py for tasks to queue
[2024-06-27T21:46:25.206+0000] {logging_mixin.py:188} INFO - [2024-06-27T21:46:25.206+0000] {dagbag.py:545} INFO - Filling up the DagBag from /home/ubuntu/venv/lib/python3.12/site-packages/airflow/example_dags/example_branch_python_dop_operator_3.py
[2024-06-27T21:46:25.215+0000] {processor.py:840} INFO - DAG(s) 'example_branch_dop_operator_v3' retrieved from /home/ubuntu/venv/lib/python3.12/site-packages/airflow/example_dags/example_branch_python_dop_operator_3.py
[2024-06-27T21:46:25.232+0000] {logging_mixin.py:188} INFO - [2024-06-27T21:46:25.232+0000] {dag.py:3096} INFO - Sync 1 DAGs
[2024-06-27T21:46:25.255+0000] {logging_mixin.py:188} INFO - [2024-06-27T21:46:25.255+0000] {dag.py:3954} INFO - Setting next_dagrun for example_branch_dop_operator_v3 to 2024-06-27 21:45:00+00:00, run_after=2024-06-27 21:46:00+00:00
[2024-06-27T21:46:25.279+0000] {processor.py:183} INFO - Processing /home/ubuntu/venv/lib/python3.12/site-packages/airflow/example_dags/example_branch_python_dop_operator_3.py took 0.081 seconds
[2024-06-27T21:47:38.534+0000] {processor.py:161} INFO - Started process (PID=5103) to work on /home/ubuntu/venv/lib/python3.12/site-packages/airflow/example_dags/example_branch_python_dop_operator_3.py
[2024-06-27T21:47:38.535+0000] {processor.py:830} INFO - Processing file /home/ubuntu/venv/lib/python3.12/site-packages/airflow/example_dags/example_branch_python_dop_operator_3.py for tasks to queue
[2024-06-27T21:47:38.536+0000] {logging_mixin.py:188} INFO - [2024-06-27T21:47:38.536+0000] {dagbag.py:545} INFO - Filling up the DagBag from /home/ubuntu/venv/lib/python3.12/site-packages/airflow/example_dags/example_branch_python_dop_operator_3.py
[2024-06-27T21:47:38.546+0000] {processor.py:840} INFO - DAG(s) 'example_branch_dop_operator_v3' retrieved from /home/ubuntu/venv/lib/python3.12/site-packages/airflow/example_dags/example_branch_python_dop_operator_3.py
[2024-06-27T21:47:38.563+0000] {logging_mixin.py:188} INFO - [2024-06-27T21:47:38.563+0000] {dag.py:3096} INFO - Sync 1 DAGs
[2024-06-27T21:47:38.586+0000] {logging_mixin.py:188} INFO - [2024-06-27T21:47:38.586+0000] {dag.py:3954} INFO - Setting next_dagrun for example_branch_dop_operator_v3 to 2024-06-27 21:46:00+00:00, run_after=2024-06-27 21:47:00+00:00
[2024-06-27T21:47:38.609+0000] {processor.py:183} INFO - Processing /home/ubuntu/venv/lib/python3.12/site-packages/airflow/example_dags/example_branch_python_dop_operator_3.py took 0.081 seconds
[2024-06-27T21:48:44.728+0000] {processor.py:161} INFO - Started process (PID=5269) to work on /home/ubuntu/venv/lib/python3.12/site-packages/airflow/example_dags/example_branch_python_dop_operator_3.py
[2024-06-27T21:48:44.729+0000] {processor.py:830} INFO - Processing file /home/ubuntu/venv/lib/python3.12/site-packages/airflow/example_dags/example_branch_python_dop_operator_3.py for tasks to queue
[2024-06-27T21:48:44.730+0000] {logging_mixin.py:188} INFO - [2024-06-27T21:48:44.730+0000] {dagbag.py:545} INFO - Filling up the DagBag from /home/ubuntu/venv/lib/python3.12/site-packages/airflow/example_dags/example_branch_python_dop_operator_3.py
[2024-06-27T21:48:44.739+0000] {processor.py:840} INFO - DAG(s) 'example_branch_dop_operator_v3' retrieved from /home/ubuntu/venv/lib/python3.12/site-packages/airflow/example_dags/example_branch_python_dop_operator_3.py
[2024-06-27T21:48:44.756+0000] {logging_mixin.py:188} INFO - [2024-06-27T21:48:44.756+0000] {dag.py:3096} INFO - Sync 1 DAGs
[2024-06-27T21:48:44.779+0000] {logging_mixin.py:188} INFO - [2024-06-27T21:48:44.779+0000] {dag.py:3954} INFO - Setting next_dagrun for example_branch_dop_operator_v3 to 2024-06-27 21:47:00+00:00, run_after=2024-06-27 21:48:00+00:00
[2024-06-27T21:48:44.802+0000] {processor.py:183} INFO - Processing /home/ubuntu/venv/lib/python3.12/site-packages/airflow/example_dags/example_branch_python_dop_operator_3.py took 0.083 seconds
[2024-06-27T21:49:44.669+0000] {processor.py:161} INFO - Started process (PID=5331) to work on /home/ubuntu/venv/lib/python3.12/site-packages/airflow/example_dags/example_branch_python_dop_operator_3.py
[2024-06-27T21:49:44.671+0000] {processor.py:830} INFO - Processing file /home/ubuntu/venv/lib/python3.12/site-packages/airflow/example_dags/example_branch_python_dop_operator_3.py for tasks to queue
[2024-06-27T21:49:44.671+0000] {logging_mixin.py:188} INFO - [2024-06-27T21:49:44.671+0000] {dagbag.py:545} INFO - Filling up the DagBag from /home/ubuntu/venv/lib/python3.12/site-packages/airflow/example_dags/example_branch_python_dop_operator_3.py
[2024-06-27T21:49:44.681+0000] {processor.py:840} INFO - DAG(s) 'example_branch_dop_operator_v3' retrieved from /home/ubuntu/venv/lib/python3.12/site-packages/airflow/example_dags/example_branch_python_dop_operator_3.py
[2024-06-27T21:49:44.698+0000] {logging_mixin.py:188} INFO - [2024-06-27T21:49:44.697+0000] {dag.py:3096} INFO - Sync 1 DAGs
[2024-06-27T21:49:44.721+0000] {logging_mixin.py:188} INFO - [2024-06-27T21:49:44.721+0000] {dag.py:3954} INFO - Setting next_dagrun for example_branch_dop_operator_v3 to 2024-06-27 21:48:00+00:00, run_after=2024-06-27 21:49:00+00:00
[2024-06-27T21:49:44.743+0000] {processor.py:183} INFO - Processing /home/ubuntu/venv/lib/python3.12/site-packages/airflow/example_dags/example_branch_python_dop_operator_3.py took 0.082 seconds
