[2024-06-27T21:19:47.244+0000] {processor.py:161} INFO - Started process (PID=2946) to work on /home/ubuntu/venv/lib/python3.12/site-packages/airflow/example_dags/example_skip_dag.py
[2024-06-27T21:19:47.245+0000] {processor.py:830} INFO - Processing file /home/ubuntu/venv/lib/python3.12/site-packages/airflow/example_dags/example_skip_dag.py for tasks to queue
[2024-06-27T21:19:47.246+0000] {logging_mixin.py:188} INFO - [2024-06-27T21:19:47.246+0000] {dagbag.py:545} INFO - Filling up the DagBag from /home/ubuntu/venv/lib/python3.12/site-packages/airflow/example_dags/example_skip_dag.py
[2024-06-27T21:19:47.254+0000] {processor.py:840} INFO - DAG(s) 'example_skip_dag' retrieved from /home/ubuntu/venv/lib/python3.12/site-packages/airflow/example_dags/example_skip_dag.py
[2024-06-27T21:19:47.378+0000] {logging_mixin.py:188} INFO - [2024-06-27T21:19:47.377+0000] {override.py:1847} INFO - Created Permission View: can read on DAG:example_skip_dag
[2024-06-27T21:19:47.393+0000] {logging_mixin.py:188} INFO - [2024-06-27T21:19:47.392+0000] {override.py:1847} INFO - Created Permission View: can delete on DAG:example_skip_dag
[2024-06-27T21:19:47.402+0000] {logging_mixin.py:188} INFO - [2024-06-27T21:19:47.402+0000] {override.py:1847} INFO - Created Permission View: can edit on DAG:example_skip_dag
[2024-06-27T21:19:47.402+0000] {logging_mixin.py:188} INFO - [2024-06-27T21:19:47.402+0000] {dag.py:3096} INFO - Sync 1 DAGs
[2024-06-27T21:19:47.413+0000] {logging_mixin.py:188} INFO - [2024-06-27T21:19:47.413+0000] {dag.py:3118} INFO - Creating ORM DAG for example_skip_dag
[2024-06-27T21:19:47.423+0000] {logging_mixin.py:188} INFO - [2024-06-27T21:19:47.423+0000] {dag.py:3954} INFO - Setting next_dagrun for example_skip_dag to 2024-06-26 00:00:00+00:00, run_after=2024-06-27 00:00:00+00:00
[2024-06-27T21:19:47.446+0000] {processor.py:183} INFO - Processing /home/ubuntu/venv/lib/python3.12/site-packages/airflow/example_dags/example_skip_dag.py took 0.208 seconds
[2024-06-27T21:20:42.252+0000] {processor.py:161} INFO - Started process (PID=3138) to work on /home/ubuntu/venv/lib/python3.12/site-packages/airflow/example_dags/example_skip_dag.py
[2024-06-27T21:20:42.256+0000] {processor.py:830} INFO - Processing file /home/ubuntu/venv/lib/python3.12/site-packages/airflow/example_dags/example_skip_dag.py for tasks to queue
[2024-06-27T21:20:42.258+0000] {logging_mixin.py:188} INFO - [2024-06-27T21:20:42.258+0000] {dagbag.py:545} INFO - Filling up the DagBag from /home/ubuntu/venv/lib/python3.12/site-packages/airflow/example_dags/example_skip_dag.py
[2024-06-27T21:20:42.266+0000] {processor.py:840} INFO - DAG(s) 'example_skip_dag' retrieved from /home/ubuntu/venv/lib/python3.12/site-packages/airflow/example_dags/example_skip_dag.py
[2024-06-27T21:20:42.284+0000] {logging_mixin.py:188} INFO - [2024-06-27T21:20:42.283+0000] {dag.py:3096} INFO - Sync 1 DAGs
[2024-06-27T21:20:42.307+0000] {logging_mixin.py:188} INFO - [2024-06-27T21:20:42.307+0000] {dag.py:3954} INFO - Setting next_dagrun for example_skip_dag to 2024-06-26 00:00:00+00:00, run_after=2024-06-27 00:00:00+00:00
[2024-06-27T21:20:42.338+0000] {processor.py:183} INFO - Processing /home/ubuntu/venv/lib/python3.12/site-packages/airflow/example_dags/example_skip_dag.py took 0.091 seconds
[2024-06-27T21:21:32.761+0000] {processor.py:161} INFO - Started process (PID=3341) to work on /home/ubuntu/venv/lib/python3.12/site-packages/airflow/example_dags/example_skip_dag.py
[2024-06-27T21:21:32.763+0000] {processor.py:830} INFO - Processing file /home/ubuntu/venv/lib/python3.12/site-packages/airflow/example_dags/example_skip_dag.py for tasks to queue
[2024-06-27T21:21:32.765+0000] {logging_mixin.py:188} INFO - [2024-06-27T21:21:32.764+0000] {dagbag.py:545} INFO - Filling up the DagBag from /home/ubuntu/venv/lib/python3.12/site-packages/airflow/example_dags/example_skip_dag.py
[2024-06-27T21:21:32.772+0000] {processor.py:840} INFO - DAG(s) 'example_skip_dag' retrieved from /home/ubuntu/venv/lib/python3.12/site-packages/airflow/example_dags/example_skip_dag.py
[2024-06-27T21:21:32.790+0000] {logging_mixin.py:188} INFO - [2024-06-27T21:21:32.789+0000] {dag.py:3096} INFO - Sync 1 DAGs
[2024-06-27T21:21:32.810+0000] {logging_mixin.py:188} INFO - [2024-06-27T21:21:32.810+0000] {dag.py:3954} INFO - Setting next_dagrun for example_skip_dag to 2024-06-26 00:00:00+00:00, run_after=2024-06-27 00:00:00+00:00
[2024-06-27T21:21:32.834+0000] {processor.py:183} INFO - Processing /home/ubuntu/venv/lib/python3.12/site-packages/airflow/example_dags/example_skip_dag.py took 0.079 seconds
[2024-06-27T21:22:16.992+0000] {processor.py:161} INFO - Started process (PID=3399) to work on /home/ubuntu/venv/lib/python3.12/site-packages/airflow/example_dags/example_skip_dag.py
[2024-06-27T21:22:16.994+0000] {processor.py:830} INFO - Processing file /home/ubuntu/venv/lib/python3.12/site-packages/airflow/example_dags/example_skip_dag.py for tasks to queue
[2024-06-27T21:22:16.996+0000] {logging_mixin.py:188} INFO - [2024-06-27T21:22:16.995+0000] {dagbag.py:545} INFO - Filling up the DagBag from /home/ubuntu/venv/lib/python3.12/site-packages/airflow/example_dags/example_skip_dag.py
[2024-06-27T21:22:17.003+0000] {processor.py:840} INFO - DAG(s) 'example_skip_dag' retrieved from /home/ubuntu/venv/lib/python3.12/site-packages/airflow/example_dags/example_skip_dag.py
[2024-06-27T21:22:17.022+0000] {logging_mixin.py:188} INFO - [2024-06-27T21:22:17.021+0000] {dag.py:3096} INFO - Sync 1 DAGs
[2024-06-27T21:22:17.042+0000] {logging_mixin.py:188} INFO - [2024-06-27T21:22:17.042+0000] {dag.py:3954} INFO - Setting next_dagrun for example_skip_dag to 2024-06-26 00:00:00+00:00, run_after=2024-06-27 00:00:00+00:00
[2024-06-27T21:22:17.065+0000] {processor.py:183} INFO - Processing /home/ubuntu/venv/lib/python3.12/site-packages/airflow/example_dags/example_skip_dag.py took 0.079 seconds
[2024-06-27T21:22:58.590+0000] {processor.py:161} INFO - Started process (PID=3444) to work on /home/ubuntu/venv/lib/python3.12/site-packages/airflow/example_dags/example_skip_dag.py
[2024-06-27T21:22:58.592+0000] {processor.py:830} INFO - Processing file /home/ubuntu/venv/lib/python3.12/site-packages/airflow/example_dags/example_skip_dag.py for tasks to queue
[2024-06-27T21:22:58.593+0000] {logging_mixin.py:188} INFO - [2024-06-27T21:22:58.593+0000] {dagbag.py:545} INFO - Filling up the DagBag from /home/ubuntu/venv/lib/python3.12/site-packages/airflow/example_dags/example_skip_dag.py
[2024-06-27T21:22:58.601+0000] {processor.py:840} INFO - DAG(s) 'example_skip_dag' retrieved from /home/ubuntu/venv/lib/python3.12/site-packages/airflow/example_dags/example_skip_dag.py
[2024-06-27T21:22:58.618+0000] {logging_mixin.py:188} INFO - [2024-06-27T21:22:58.618+0000] {dag.py:3096} INFO - Sync 1 DAGs
[2024-06-27T21:22:58.637+0000] {logging_mixin.py:188} INFO - [2024-06-27T21:22:58.637+0000] {dag.py:3954} INFO - Setting next_dagrun for example_skip_dag to 2024-06-26 00:00:00+00:00, run_after=2024-06-27 00:00:00+00:00
[2024-06-27T21:22:58.661+0000] {processor.py:183} INFO - Processing /home/ubuntu/venv/lib/python3.12/site-packages/airflow/example_dags/example_skip_dag.py took 0.076 seconds
[2024-06-27T21:23:36.872+0000] {processor.py:161} INFO - Started process (PID=3487) to work on /home/ubuntu/venv/lib/python3.12/site-packages/airflow/example_dags/example_skip_dag.py
[2024-06-27T21:23:36.874+0000] {processor.py:830} INFO - Processing file /home/ubuntu/venv/lib/python3.12/site-packages/airflow/example_dags/example_skip_dag.py for tasks to queue
[2024-06-27T21:23:36.875+0000] {logging_mixin.py:188} INFO - [2024-06-27T21:23:36.875+0000] {dagbag.py:545} INFO - Filling up the DagBag from /home/ubuntu/venv/lib/python3.12/site-packages/airflow/example_dags/example_skip_dag.py
[2024-06-27T21:23:36.882+0000] {processor.py:840} INFO - DAG(s) 'example_skip_dag' retrieved from /home/ubuntu/venv/lib/python3.12/site-packages/airflow/example_dags/example_skip_dag.py
[2024-06-27T21:23:36.900+0000] {logging_mixin.py:188} INFO - [2024-06-27T21:23:36.900+0000] {dag.py:3096} INFO - Sync 1 DAGs
[2024-06-27T21:23:36.920+0000] {logging_mixin.py:188} INFO - [2024-06-27T21:23:36.920+0000] {dag.py:3954} INFO - Setting next_dagrun for example_skip_dag to 2024-06-26 00:00:00+00:00, run_after=2024-06-27 00:00:00+00:00
[2024-06-27T21:23:36.944+0000] {processor.py:183} INFO - Processing /home/ubuntu/venv/lib/python3.12/site-packages/airflow/example_dags/example_skip_dag.py took 0.078 seconds
[2024-06-27T21:24:17.023+0000] {processor.py:161} INFO - Started process (PID=3528) to work on /home/ubuntu/venv/lib/python3.12/site-packages/airflow/example_dags/example_skip_dag.py
[2024-06-27T21:24:17.024+0000] {processor.py:830} INFO - Processing file /home/ubuntu/venv/lib/python3.12/site-packages/airflow/example_dags/example_skip_dag.py for tasks to queue
[2024-06-27T21:24:17.026+0000] {logging_mixin.py:188} INFO - [2024-06-27T21:24:17.025+0000] {dagbag.py:545} INFO - Filling up the DagBag from /home/ubuntu/venv/lib/python3.12/site-packages/airflow/example_dags/example_skip_dag.py
[2024-06-27T21:24:17.033+0000] {processor.py:840} INFO - DAG(s) 'example_skip_dag' retrieved from /home/ubuntu/venv/lib/python3.12/site-packages/airflow/example_dags/example_skip_dag.py
[2024-06-27T21:24:17.050+0000] {logging_mixin.py:188} INFO - [2024-06-27T21:24:17.050+0000] {dag.py:3096} INFO - Sync 1 DAGs
[2024-06-27T21:24:17.070+0000] {logging_mixin.py:188} INFO - [2024-06-27T21:24:17.070+0000] {dag.py:3954} INFO - Setting next_dagrun for example_skip_dag to 2024-06-26 00:00:00+00:00, run_after=2024-06-27 00:00:00+00:00
[2024-06-27T21:24:17.093+0000] {processor.py:183} INFO - Processing /home/ubuntu/venv/lib/python3.12/site-packages/airflow/example_dags/example_skip_dag.py took 0.076 seconds
[2024-06-27T21:24:56.746+0000] {processor.py:161} INFO - Started process (PID=3571) to work on /home/ubuntu/venv/lib/python3.12/site-packages/airflow/example_dags/example_skip_dag.py
[2024-06-27T21:24:56.747+0000] {processor.py:830} INFO - Processing file /home/ubuntu/venv/lib/python3.12/site-packages/airflow/example_dags/example_skip_dag.py for tasks to queue
[2024-06-27T21:24:56.748+0000] {logging_mixin.py:188} INFO - [2024-06-27T21:24:56.748+0000] {dagbag.py:545} INFO - Filling up the DagBag from /home/ubuntu/venv/lib/python3.12/site-packages/airflow/example_dags/example_skip_dag.py
[2024-06-27T21:24:56.756+0000] {processor.py:840} INFO - DAG(s) 'example_skip_dag' retrieved from /home/ubuntu/venv/lib/python3.12/site-packages/airflow/example_dags/example_skip_dag.py
[2024-06-27T21:24:56.774+0000] {logging_mixin.py:188} INFO - [2024-06-27T21:24:56.774+0000] {dag.py:3096} INFO - Sync 1 DAGs
[2024-06-27T21:24:56.794+0000] {logging_mixin.py:188} INFO - [2024-06-27T21:24:56.794+0000] {dag.py:3954} INFO - Setting next_dagrun for example_skip_dag to 2024-06-26 00:00:00+00:00, run_after=2024-06-27 00:00:00+00:00
[2024-06-27T21:24:56.817+0000] {processor.py:183} INFO - Processing /home/ubuntu/venv/lib/python3.12/site-packages/airflow/example_dags/example_skip_dag.py took 0.076 seconds
[2024-06-27T21:25:40.170+0000] {processor.py:161} INFO - Started process (PID=3624) to work on /home/ubuntu/venv/lib/python3.12/site-packages/airflow/example_dags/example_skip_dag.py
[2024-06-27T21:25:40.172+0000] {processor.py:830} INFO - Processing file /home/ubuntu/venv/lib/python3.12/site-packages/airflow/example_dags/example_skip_dag.py for tasks to queue
[2024-06-27T21:25:40.173+0000] {logging_mixin.py:188} INFO - [2024-06-27T21:25:40.172+0000] {dagbag.py:545} INFO - Filling up the DagBag from /home/ubuntu/venv/lib/python3.12/site-packages/airflow/example_dags/example_skip_dag.py
[2024-06-27T21:25:40.181+0000] {processor.py:840} INFO - DAG(s) 'example_skip_dag' retrieved from /home/ubuntu/venv/lib/python3.12/site-packages/airflow/example_dags/example_skip_dag.py
[2024-06-27T21:25:40.200+0000] {logging_mixin.py:188} INFO - [2024-06-27T21:25:40.200+0000] {dag.py:3096} INFO - Sync 1 DAGs
[2024-06-27T21:25:40.222+0000] {logging_mixin.py:188} INFO - [2024-06-27T21:25:40.221+0000] {dag.py:3954} INFO - Setting next_dagrun for example_skip_dag to 2024-06-26 00:00:00+00:00, run_after=2024-06-27 00:00:00+00:00
[2024-06-27T21:25:40.246+0000] {processor.py:183} INFO - Processing /home/ubuntu/venv/lib/python3.12/site-packages/airflow/example_dags/example_skip_dag.py took 0.082 seconds
[2024-06-27T21:26:21.348+0000] {processor.py:161} INFO - Started process (PID=3666) to work on /home/ubuntu/venv/lib/python3.12/site-packages/airflow/example_dags/example_skip_dag.py
[2024-06-27T21:26:21.350+0000] {processor.py:830} INFO - Processing file /home/ubuntu/venv/lib/python3.12/site-packages/airflow/example_dags/example_skip_dag.py for tasks to queue
[2024-06-27T21:26:21.351+0000] {logging_mixin.py:188} INFO - [2024-06-27T21:26:21.350+0000] {dagbag.py:545} INFO - Filling up the DagBag from /home/ubuntu/venv/lib/python3.12/site-packages/airflow/example_dags/example_skip_dag.py
[2024-06-27T21:26:21.359+0000] {processor.py:840} INFO - DAG(s) 'example_skip_dag' retrieved from /home/ubuntu/venv/lib/python3.12/site-packages/airflow/example_dags/example_skip_dag.py
[2024-06-27T21:26:21.377+0000] {logging_mixin.py:188} INFO - [2024-06-27T21:26:21.377+0000] {dag.py:3096} INFO - Sync 1 DAGs
[2024-06-27T21:26:21.397+0000] {logging_mixin.py:188} INFO - [2024-06-27T21:26:21.397+0000] {dag.py:3954} INFO - Setting next_dagrun for example_skip_dag to 2024-06-26 00:00:00+00:00, run_after=2024-06-27 00:00:00+00:00
[2024-06-27T21:26:21.419+0000] {processor.py:183} INFO - Processing /home/ubuntu/venv/lib/python3.12/site-packages/airflow/example_dags/example_skip_dag.py took 0.077 seconds
[2024-06-27T21:27:05.771+0000] {processor.py:161} INFO - Started process (PID=3711) to work on /home/ubuntu/venv/lib/python3.12/site-packages/airflow/example_dags/example_skip_dag.py
[2024-06-27T21:27:05.772+0000] {processor.py:830} INFO - Processing file /home/ubuntu/venv/lib/python3.12/site-packages/airflow/example_dags/example_skip_dag.py for tasks to queue
[2024-06-27T21:27:05.773+0000] {logging_mixin.py:188} INFO - [2024-06-27T21:27:05.773+0000] {dagbag.py:545} INFO - Filling up the DagBag from /home/ubuntu/venv/lib/python3.12/site-packages/airflow/example_dags/example_skip_dag.py
[2024-06-27T21:27:05.781+0000] {processor.py:840} INFO - DAG(s) 'example_skip_dag' retrieved from /home/ubuntu/venv/lib/python3.12/site-packages/airflow/example_dags/example_skip_dag.py
[2024-06-27T21:27:05.798+0000] {logging_mixin.py:188} INFO - [2024-06-27T21:27:05.798+0000] {dag.py:3096} INFO - Sync 1 DAGs
[2024-06-27T21:27:05.818+0000] {logging_mixin.py:188} INFO - [2024-06-27T21:27:05.818+0000] {dag.py:3954} INFO - Setting next_dagrun for example_skip_dag to 2024-06-26 00:00:00+00:00, run_after=2024-06-27 00:00:00+00:00
[2024-06-27T21:27:05.844+0000] {processor.py:183} INFO - Processing /home/ubuntu/venv/lib/python3.12/site-packages/airflow/example_dags/example_skip_dag.py took 0.079 seconds
[2024-06-27T21:27:48.050+0000] {processor.py:161} INFO - Started process (PID=3755) to work on /home/ubuntu/venv/lib/python3.12/site-packages/airflow/example_dags/example_skip_dag.py
[2024-06-27T21:27:48.052+0000] {processor.py:830} INFO - Processing file /home/ubuntu/venv/lib/python3.12/site-packages/airflow/example_dags/example_skip_dag.py for tasks to queue
[2024-06-27T21:27:48.053+0000] {logging_mixin.py:188} INFO - [2024-06-27T21:27:48.052+0000] {dagbag.py:545} INFO - Filling up the DagBag from /home/ubuntu/venv/lib/python3.12/site-packages/airflow/example_dags/example_skip_dag.py
[2024-06-27T21:27:48.061+0000] {processor.py:840} INFO - DAG(s) 'example_skip_dag' retrieved from /home/ubuntu/venv/lib/python3.12/site-packages/airflow/example_dags/example_skip_dag.py
[2024-06-27T21:27:48.080+0000] {logging_mixin.py:188} INFO - [2024-06-27T21:27:48.079+0000] {dag.py:3096} INFO - Sync 1 DAGs
[2024-06-27T21:27:48.101+0000] {logging_mixin.py:188} INFO - [2024-06-27T21:27:48.100+0000] {dag.py:3954} INFO - Setting next_dagrun for example_skip_dag to 2024-06-26 00:00:00+00:00, run_after=2024-06-27 00:00:00+00:00
[2024-06-27T21:27:48.124+0000] {processor.py:183} INFO - Processing /home/ubuntu/venv/lib/python3.12/site-packages/airflow/example_dags/example_skip_dag.py took 0.080 seconds
[2024-06-27T21:28:53.162+0000] {processor.py:161} INFO - Started process (PID=3843) to work on /home/ubuntu/venv/lib/python3.12/site-packages/airflow/example_dags/example_skip_dag.py
[2024-06-27T21:28:53.163+0000] {processor.py:830} INFO - Processing file /home/ubuntu/venv/lib/python3.12/site-packages/airflow/example_dags/example_skip_dag.py for tasks to queue
[2024-06-27T21:28:53.164+0000] {logging_mixin.py:188} INFO - [2024-06-27T21:28:53.164+0000] {dagbag.py:545} INFO - Filling up the DagBag from /home/ubuntu/venv/lib/python3.12/site-packages/airflow/example_dags/example_skip_dag.py
[2024-06-27T21:28:53.172+0000] {processor.py:840} INFO - DAG(s) 'example_skip_dag' retrieved from /home/ubuntu/venv/lib/python3.12/site-packages/airflow/example_dags/example_skip_dag.py
[2024-06-27T21:28:53.190+0000] {logging_mixin.py:188} INFO - [2024-06-27T21:28:53.190+0000] {dag.py:3096} INFO - Sync 1 DAGs
[2024-06-27T21:28:53.211+0000] {logging_mixin.py:188} INFO - [2024-06-27T21:28:53.211+0000] {dag.py:3954} INFO - Setting next_dagrun for example_skip_dag to 2024-06-26 00:00:00+00:00, run_after=2024-06-27 00:00:00+00:00
[2024-06-27T21:28:53.234+0000] {processor.py:183} INFO - Processing /home/ubuntu/venv/lib/python3.12/site-packages/airflow/example_dags/example_skip_dag.py took 0.078 seconds
[2024-06-27T21:29:43.391+0000] {processor.py:161} INFO - Started process (PID=3896) to work on /home/ubuntu/venv/lib/python3.12/site-packages/airflow/example_dags/example_skip_dag.py
[2024-06-27T21:29:43.392+0000] {processor.py:830} INFO - Processing file /home/ubuntu/venv/lib/python3.12/site-packages/airflow/example_dags/example_skip_dag.py for tasks to queue
[2024-06-27T21:29:43.393+0000] {logging_mixin.py:188} INFO - [2024-06-27T21:29:43.393+0000] {dagbag.py:545} INFO - Filling up the DagBag from /home/ubuntu/venv/lib/python3.12/site-packages/airflow/example_dags/example_skip_dag.py
[2024-06-27T21:29:43.401+0000] {processor.py:840} INFO - DAG(s) 'example_skip_dag' retrieved from /home/ubuntu/venv/lib/python3.12/site-packages/airflow/example_dags/example_skip_dag.py
[2024-06-27T21:29:43.419+0000] {logging_mixin.py:188} INFO - [2024-06-27T21:29:43.419+0000] {dag.py:3096} INFO - Sync 1 DAGs
[2024-06-27T21:29:43.439+0000] {logging_mixin.py:188} INFO - [2024-06-27T21:29:43.439+0000] {dag.py:3954} INFO - Setting next_dagrun for example_skip_dag to 2024-06-26 00:00:00+00:00, run_after=2024-06-27 00:00:00+00:00
[2024-06-27T21:29:43.462+0000] {processor.py:183} INFO - Processing /home/ubuntu/venv/lib/python3.12/site-packages/airflow/example_dags/example_skip_dag.py took 0.077 seconds
[2024-06-27T21:30:25.671+0000] {processor.py:161} INFO - Started process (PID=3950) to work on /home/ubuntu/venv/lib/python3.12/site-packages/airflow/example_dags/example_skip_dag.py
[2024-06-27T21:30:25.672+0000] {processor.py:830} INFO - Processing file /home/ubuntu/venv/lib/python3.12/site-packages/airflow/example_dags/example_skip_dag.py for tasks to queue
[2024-06-27T21:30:25.673+0000] {logging_mixin.py:188} INFO - [2024-06-27T21:30:25.673+0000] {dagbag.py:545} INFO - Filling up the DagBag from /home/ubuntu/venv/lib/python3.12/site-packages/airflow/example_dags/example_skip_dag.py
[2024-06-27T21:30:25.681+0000] {processor.py:840} INFO - DAG(s) 'example_skip_dag' retrieved from /home/ubuntu/venv/lib/python3.12/site-packages/airflow/example_dags/example_skip_dag.py
[2024-06-27T21:30:25.699+0000] {logging_mixin.py:188} INFO - [2024-06-27T21:30:25.699+0000] {dag.py:3096} INFO - Sync 1 DAGs
[2024-06-27T21:30:25.718+0000] {logging_mixin.py:188} INFO - [2024-06-27T21:30:25.718+0000] {dag.py:3954} INFO - Setting next_dagrun for example_skip_dag to 2024-06-26 00:00:00+00:00, run_after=2024-06-27 00:00:00+00:00
[2024-06-27T21:30:25.742+0000] {processor.py:183} INFO - Processing /home/ubuntu/venv/lib/python3.12/site-packages/airflow/example_dags/example_skip_dag.py took 0.077 seconds
[2024-06-27T21:31:07.679+0000] {processor.py:161} INFO - Started process (PID=3994) to work on /home/ubuntu/venv/lib/python3.12/site-packages/airflow/example_dags/example_skip_dag.py
[2024-06-27T21:31:07.680+0000] {processor.py:830} INFO - Processing file /home/ubuntu/venv/lib/python3.12/site-packages/airflow/example_dags/example_skip_dag.py for tasks to queue
[2024-06-27T21:31:07.681+0000] {logging_mixin.py:188} INFO - [2024-06-27T21:31:07.681+0000] {dagbag.py:545} INFO - Filling up the DagBag from /home/ubuntu/venv/lib/python3.12/site-packages/airflow/example_dags/example_skip_dag.py
[2024-06-27T21:31:07.689+0000] {processor.py:840} INFO - DAG(s) 'example_skip_dag' retrieved from /home/ubuntu/venv/lib/python3.12/site-packages/airflow/example_dags/example_skip_dag.py
[2024-06-27T21:31:07.707+0000] {logging_mixin.py:188} INFO - [2024-06-27T21:31:07.707+0000] {dag.py:3096} INFO - Sync 1 DAGs
[2024-06-27T21:31:07.727+0000] {logging_mixin.py:188} INFO - [2024-06-27T21:31:07.727+0000] {dag.py:3954} INFO - Setting next_dagrun for example_skip_dag to 2024-06-26 00:00:00+00:00, run_after=2024-06-27 00:00:00+00:00
[2024-06-27T21:31:07.750+0000] {processor.py:183} INFO - Processing /home/ubuntu/venv/lib/python3.12/site-packages/airflow/example_dags/example_skip_dag.py took 0.077 seconds
[2024-06-27T21:31:51.229+0000] {processor.py:161} INFO - Started process (PID=4038) to work on /home/ubuntu/venv/lib/python3.12/site-packages/airflow/example_dags/example_skip_dag.py
[2024-06-27T21:31:51.230+0000] {processor.py:830} INFO - Processing file /home/ubuntu/venv/lib/python3.12/site-packages/airflow/example_dags/example_skip_dag.py for tasks to queue
[2024-06-27T21:31:51.231+0000] {logging_mixin.py:188} INFO - [2024-06-27T21:31:51.231+0000] {dagbag.py:545} INFO - Filling up the DagBag from /home/ubuntu/venv/lib/python3.12/site-packages/airflow/example_dags/example_skip_dag.py
[2024-06-27T21:31:51.240+0000] {processor.py:840} INFO - DAG(s) 'example_skip_dag' retrieved from /home/ubuntu/venv/lib/python3.12/site-packages/airflow/example_dags/example_skip_dag.py
[2024-06-27T21:31:51.257+0000] {logging_mixin.py:188} INFO - [2024-06-27T21:31:51.257+0000] {dag.py:3096} INFO - Sync 1 DAGs
[2024-06-27T21:31:51.277+0000] {logging_mixin.py:188} INFO - [2024-06-27T21:31:51.277+0000] {dag.py:3954} INFO - Setting next_dagrun for example_skip_dag to 2024-06-26 00:00:00+00:00, run_after=2024-06-27 00:00:00+00:00
[2024-06-27T21:31:51.300+0000] {processor.py:183} INFO - Processing /home/ubuntu/venv/lib/python3.12/site-packages/airflow/example_dags/example_skip_dag.py took 0.077 seconds
[2024-06-27T21:32:41.259+0000] {processor.py:161} INFO - Started process (PID=4093) to work on /home/ubuntu/venv/lib/python3.12/site-packages/airflow/example_dags/example_skip_dag.py
[2024-06-27T21:32:41.260+0000] {processor.py:830} INFO - Processing file /home/ubuntu/venv/lib/python3.12/site-packages/airflow/example_dags/example_skip_dag.py for tasks to queue
[2024-06-27T21:32:41.261+0000] {logging_mixin.py:188} INFO - [2024-06-27T21:32:41.261+0000] {dagbag.py:545} INFO - Filling up the DagBag from /home/ubuntu/venv/lib/python3.12/site-packages/airflow/example_dags/example_skip_dag.py
[2024-06-27T21:32:41.269+0000] {processor.py:840} INFO - DAG(s) 'example_skip_dag' retrieved from /home/ubuntu/venv/lib/python3.12/site-packages/airflow/example_dags/example_skip_dag.py
[2024-06-27T21:32:41.287+0000] {logging_mixin.py:188} INFO - [2024-06-27T21:32:41.286+0000] {dag.py:3096} INFO - Sync 1 DAGs
[2024-06-27T21:32:41.307+0000] {logging_mixin.py:188} INFO - [2024-06-27T21:32:41.306+0000] {dag.py:3954} INFO - Setting next_dagrun for example_skip_dag to 2024-06-26 00:00:00+00:00, run_after=2024-06-27 00:00:00+00:00
[2024-06-27T21:32:41.330+0000] {processor.py:183} INFO - Processing /home/ubuntu/venv/lib/python3.12/site-packages/airflow/example_dags/example_skip_dag.py took 0.077 seconds
[2024-06-27T21:33:35.387+0000] {processor.py:161} INFO - Started process (PID=4159) to work on /home/ubuntu/venv/lib/python3.12/site-packages/airflow/example_dags/example_skip_dag.py
[2024-06-27T21:33:35.389+0000] {processor.py:830} INFO - Processing file /home/ubuntu/venv/lib/python3.12/site-packages/airflow/example_dags/example_skip_dag.py for tasks to queue
[2024-06-27T21:33:35.390+0000] {logging_mixin.py:188} INFO - [2024-06-27T21:33:35.389+0000] {dagbag.py:545} INFO - Filling up the DagBag from /home/ubuntu/venv/lib/python3.12/site-packages/airflow/example_dags/example_skip_dag.py
[2024-06-27T21:33:35.398+0000] {processor.py:840} INFO - DAG(s) 'example_skip_dag' retrieved from /home/ubuntu/venv/lib/python3.12/site-packages/airflow/example_dags/example_skip_dag.py
[2024-06-27T21:33:35.415+0000] {logging_mixin.py:188} INFO - [2024-06-27T21:33:35.415+0000] {dag.py:3096} INFO - Sync 1 DAGs
[2024-06-27T21:33:35.436+0000] {logging_mixin.py:188} INFO - [2024-06-27T21:33:35.436+0000] {dag.py:3954} INFO - Setting next_dagrun for example_skip_dag to 2024-06-26 00:00:00+00:00, run_after=2024-06-27 00:00:00+00:00
[2024-06-27T21:33:35.459+0000] {processor.py:183} INFO - Processing /home/ubuntu/venv/lib/python3.12/site-packages/airflow/example_dags/example_skip_dag.py took 0.077 seconds
[2024-06-27T21:34:19.353+0000] {processor.py:161} INFO - Started process (PID=4204) to work on /home/ubuntu/venv/lib/python3.12/site-packages/airflow/example_dags/example_skip_dag.py
[2024-06-27T21:34:19.355+0000] {processor.py:830} INFO - Processing file /home/ubuntu/venv/lib/python3.12/site-packages/airflow/example_dags/example_skip_dag.py for tasks to queue
[2024-06-27T21:34:19.356+0000] {logging_mixin.py:188} INFO - [2024-06-27T21:34:19.356+0000] {dagbag.py:545} INFO - Filling up the DagBag from /home/ubuntu/venv/lib/python3.12/site-packages/airflow/example_dags/example_skip_dag.py
[2024-06-27T21:34:19.364+0000] {processor.py:840} INFO - DAG(s) 'example_skip_dag' retrieved from /home/ubuntu/venv/lib/python3.12/site-packages/airflow/example_dags/example_skip_dag.py
[2024-06-27T21:34:19.382+0000] {logging_mixin.py:188} INFO - [2024-06-27T21:34:19.382+0000] {dag.py:3096} INFO - Sync 1 DAGs
[2024-06-27T21:34:19.403+0000] {logging_mixin.py:188} INFO - [2024-06-27T21:34:19.402+0000] {dag.py:3954} INFO - Setting next_dagrun for example_skip_dag to 2024-06-26 00:00:00+00:00, run_after=2024-06-27 00:00:00+00:00
[2024-06-27T21:34:19.426+0000] {processor.py:183} INFO - Processing /home/ubuntu/venv/lib/python3.12/site-packages/airflow/example_dags/example_skip_dag.py took 0.078 seconds
[2024-06-27T21:35:02.910+0000] {processor.py:161} INFO - Started process (PID=4252) to work on /home/ubuntu/venv/lib/python3.12/site-packages/airflow/example_dags/example_skip_dag.py
[2024-06-27T21:35:02.912+0000] {processor.py:830} INFO - Processing file /home/ubuntu/venv/lib/python3.12/site-packages/airflow/example_dags/example_skip_dag.py for tasks to queue
[2024-06-27T21:35:02.913+0000] {logging_mixin.py:188} INFO - [2024-06-27T21:35:02.912+0000] {dagbag.py:545} INFO - Filling up the DagBag from /home/ubuntu/venv/lib/python3.12/site-packages/airflow/example_dags/example_skip_dag.py
[2024-06-27T21:35:02.921+0000] {processor.py:840} INFO - DAG(s) 'example_skip_dag' retrieved from /home/ubuntu/venv/lib/python3.12/site-packages/airflow/example_dags/example_skip_dag.py
[2024-06-27T21:35:02.939+0000] {logging_mixin.py:188} INFO - [2024-06-27T21:35:02.938+0000] {dag.py:3096} INFO - Sync 1 DAGs
[2024-06-27T21:35:02.959+0000] {logging_mixin.py:188} INFO - [2024-06-27T21:35:02.959+0000] {dag.py:3954} INFO - Setting next_dagrun for example_skip_dag to 2024-06-26 00:00:00+00:00, run_after=2024-06-27 00:00:00+00:00
[2024-06-27T21:35:02.982+0000] {processor.py:183} INFO - Processing /home/ubuntu/venv/lib/python3.12/site-packages/airflow/example_dags/example_skip_dag.py took 0.077 seconds
[2024-06-27T21:35:45.457+0000] {processor.py:161} INFO - Started process (PID=4299) to work on /home/ubuntu/venv/lib/python3.12/site-packages/airflow/example_dags/example_skip_dag.py
[2024-06-27T21:35:45.458+0000] {processor.py:830} INFO - Processing file /home/ubuntu/venv/lib/python3.12/site-packages/airflow/example_dags/example_skip_dag.py for tasks to queue
[2024-06-27T21:35:45.459+0000] {logging_mixin.py:188} INFO - [2024-06-27T21:35:45.459+0000] {dagbag.py:545} INFO - Filling up the DagBag from /home/ubuntu/venv/lib/python3.12/site-packages/airflow/example_dags/example_skip_dag.py
[2024-06-27T21:35:45.467+0000] {processor.py:840} INFO - DAG(s) 'example_skip_dag' retrieved from /home/ubuntu/venv/lib/python3.12/site-packages/airflow/example_dags/example_skip_dag.py
[2024-06-27T21:35:45.485+0000] {logging_mixin.py:188} INFO - [2024-06-27T21:35:45.485+0000] {dag.py:3096} INFO - Sync 1 DAGs
[2024-06-27T21:35:45.506+0000] {logging_mixin.py:188} INFO - [2024-06-27T21:35:45.506+0000] {dag.py:3954} INFO - Setting next_dagrun for example_skip_dag to 2024-06-26 00:00:00+00:00, run_after=2024-06-27 00:00:00+00:00
[2024-06-27T21:35:45.529+0000] {processor.py:183} INFO - Processing /home/ubuntu/venv/lib/python3.12/site-packages/airflow/example_dags/example_skip_dag.py took 0.078 seconds
[2024-06-27T21:36:27.126+0000] {processor.py:161} INFO - Started process (PID=4341) to work on /home/ubuntu/venv/lib/python3.12/site-packages/airflow/example_dags/example_skip_dag.py
[2024-06-27T21:36:27.128+0000] {processor.py:830} INFO - Processing file /home/ubuntu/venv/lib/python3.12/site-packages/airflow/example_dags/example_skip_dag.py for tasks to queue
[2024-06-27T21:36:27.129+0000] {logging_mixin.py:188} INFO - [2024-06-27T21:36:27.128+0000] {dagbag.py:545} INFO - Filling up the DagBag from /home/ubuntu/venv/lib/python3.12/site-packages/airflow/example_dags/example_skip_dag.py
[2024-06-27T21:36:27.137+0000] {processor.py:840} INFO - DAG(s) 'example_skip_dag' retrieved from /home/ubuntu/venv/lib/python3.12/site-packages/airflow/example_dags/example_skip_dag.py
[2024-06-27T21:36:27.155+0000] {logging_mixin.py:188} INFO - [2024-06-27T21:36:27.155+0000] {dag.py:3096} INFO - Sync 1 DAGs
[2024-06-27T21:36:27.176+0000] {logging_mixin.py:188} INFO - [2024-06-27T21:36:27.176+0000] {dag.py:3954} INFO - Setting next_dagrun for example_skip_dag to 2024-06-26 00:00:00+00:00, run_after=2024-06-27 00:00:00+00:00
[2024-06-27T21:36:27.200+0000] {processor.py:183} INFO - Processing /home/ubuntu/venv/lib/python3.12/site-packages/airflow/example_dags/example_skip_dag.py took 0.079 seconds
[2024-06-27T21:37:11.455+0000] {processor.py:161} INFO - Started process (PID=4386) to work on /home/ubuntu/venv/lib/python3.12/site-packages/airflow/example_dags/example_skip_dag.py
[2024-06-27T21:37:11.457+0000] {processor.py:830} INFO - Processing file /home/ubuntu/venv/lib/python3.12/site-packages/airflow/example_dags/example_skip_dag.py for tasks to queue
[2024-06-27T21:37:11.459+0000] {logging_mixin.py:188} INFO - [2024-06-27T21:37:11.458+0000] {dagbag.py:545} INFO - Filling up the DagBag from /home/ubuntu/venv/lib/python3.12/site-packages/airflow/example_dags/example_skip_dag.py
[2024-06-27T21:37:11.472+0000] {processor.py:840} INFO - DAG(s) 'example_skip_dag' retrieved from /home/ubuntu/venv/lib/python3.12/site-packages/airflow/example_dags/example_skip_dag.py
[2024-06-27T21:37:11.497+0000] {logging_mixin.py:188} INFO - [2024-06-27T21:37:11.497+0000] {dag.py:3096} INFO - Sync 1 DAGs
[2024-06-27T21:37:11.518+0000] {logging_mixin.py:188} INFO - [2024-06-27T21:37:11.518+0000] {dag.py:3954} INFO - Setting next_dagrun for example_skip_dag to 2024-06-26 00:00:00+00:00, run_after=2024-06-27 00:00:00+00:00
[2024-06-27T21:37:11.543+0000] {processor.py:183} INFO - Processing /home/ubuntu/venv/lib/python3.12/site-packages/airflow/example_dags/example_skip_dag.py took 0.097 seconds
[2024-06-27T21:37:59.025+0000] {processor.py:161} INFO - Started process (PID=4438) to work on /home/ubuntu/venv/lib/python3.12/site-packages/airflow/example_dags/example_skip_dag.py
[2024-06-27T21:37:59.027+0000] {processor.py:830} INFO - Processing file /home/ubuntu/venv/lib/python3.12/site-packages/airflow/example_dags/example_skip_dag.py for tasks to queue
[2024-06-27T21:37:59.028+0000] {logging_mixin.py:188} INFO - [2024-06-27T21:37:59.027+0000] {dagbag.py:545} INFO - Filling up the DagBag from /home/ubuntu/venv/lib/python3.12/site-packages/airflow/example_dags/example_skip_dag.py
[2024-06-27T21:37:59.036+0000] {processor.py:840} INFO - DAG(s) 'example_skip_dag' retrieved from /home/ubuntu/venv/lib/python3.12/site-packages/airflow/example_dags/example_skip_dag.py
[2024-06-27T21:37:59.055+0000] {logging_mixin.py:188} INFO - [2024-06-27T21:37:59.054+0000] {dag.py:3096} INFO - Sync 1 DAGs
[2024-06-27T21:37:59.075+0000] {logging_mixin.py:188} INFO - [2024-06-27T21:37:59.075+0000] {dag.py:3954} INFO - Setting next_dagrun for example_skip_dag to 2024-06-26 00:00:00+00:00, run_after=2024-06-27 00:00:00+00:00
[2024-06-27T21:37:59.097+0000] {processor.py:183} INFO - Processing /home/ubuntu/venv/lib/python3.12/site-packages/airflow/example_dags/example_skip_dag.py took 0.078 seconds
[2024-06-27T21:38:47.838+0000] {processor.py:161} INFO - Started process (PID=4488) to work on /home/ubuntu/venv/lib/python3.12/site-packages/airflow/example_dags/example_skip_dag.py
[2024-06-27T21:38:47.839+0000] {processor.py:830} INFO - Processing file /home/ubuntu/venv/lib/python3.12/site-packages/airflow/example_dags/example_skip_dag.py for tasks to queue
[2024-06-27T21:38:47.840+0000] {logging_mixin.py:188} INFO - [2024-06-27T21:38:47.840+0000] {dagbag.py:545} INFO - Filling up the DagBag from /home/ubuntu/venv/lib/python3.12/site-packages/airflow/example_dags/example_skip_dag.py
[2024-06-27T21:38:47.849+0000] {processor.py:840} INFO - DAG(s) 'example_skip_dag' retrieved from /home/ubuntu/venv/lib/python3.12/site-packages/airflow/example_dags/example_skip_dag.py
[2024-06-27T21:38:47.867+0000] {logging_mixin.py:188} INFO - [2024-06-27T21:38:47.867+0000] {dag.py:3096} INFO - Sync 1 DAGs
[2024-06-27T21:38:47.887+0000] {logging_mixin.py:188} INFO - [2024-06-27T21:38:47.887+0000] {dag.py:3954} INFO - Setting next_dagrun for example_skip_dag to 2024-06-26 00:00:00+00:00, run_after=2024-06-27 00:00:00+00:00
[2024-06-27T21:38:47.911+0000] {processor.py:183} INFO - Processing /home/ubuntu/venv/lib/python3.12/site-packages/airflow/example_dags/example_skip_dag.py took 0.080 seconds
[2024-06-27T21:39:31.514+0000] {processor.py:161} INFO - Started process (PID=4533) to work on /home/ubuntu/venv/lib/python3.12/site-packages/airflow/example_dags/example_skip_dag.py
[2024-06-27T21:39:31.515+0000] {processor.py:830} INFO - Processing file /home/ubuntu/venv/lib/python3.12/site-packages/airflow/example_dags/example_skip_dag.py for tasks to queue
[2024-06-27T21:39:31.516+0000] {logging_mixin.py:188} INFO - [2024-06-27T21:39:31.516+0000] {dagbag.py:545} INFO - Filling up the DagBag from /home/ubuntu/venv/lib/python3.12/site-packages/airflow/example_dags/example_skip_dag.py
[2024-06-27T21:39:31.524+0000] {processor.py:840} INFO - DAG(s) 'example_skip_dag' retrieved from /home/ubuntu/venv/lib/python3.12/site-packages/airflow/example_dags/example_skip_dag.py
[2024-06-27T21:39:31.542+0000] {logging_mixin.py:188} INFO - [2024-06-27T21:39:31.542+0000] {dag.py:3096} INFO - Sync 1 DAGs
[2024-06-27T21:39:31.562+0000] {logging_mixin.py:188} INFO - [2024-06-27T21:39:31.562+0000] {dag.py:3954} INFO - Setting next_dagrun for example_skip_dag to 2024-06-26 00:00:00+00:00, run_after=2024-06-27 00:00:00+00:00
[2024-06-27T21:39:31.585+0000] {processor.py:183} INFO - Processing /home/ubuntu/venv/lib/python3.12/site-packages/airflow/example_dags/example_skip_dag.py took 0.077 seconds
[2024-06-27T21:40:14.365+0000] {processor.py:161} INFO - Started process (PID=4580) to work on /home/ubuntu/venv/lib/python3.12/site-packages/airflow/example_dags/example_skip_dag.py
[2024-06-27T21:40:14.366+0000] {processor.py:830} INFO - Processing file /home/ubuntu/venv/lib/python3.12/site-packages/airflow/example_dags/example_skip_dag.py for tasks to queue
[2024-06-27T21:40:14.367+0000] {logging_mixin.py:188} INFO - [2024-06-27T21:40:14.367+0000] {dagbag.py:545} INFO - Filling up the DagBag from /home/ubuntu/venv/lib/python3.12/site-packages/airflow/example_dags/example_skip_dag.py
[2024-06-27T21:40:14.375+0000] {processor.py:840} INFO - DAG(s) 'example_skip_dag' retrieved from /home/ubuntu/venv/lib/python3.12/site-packages/airflow/example_dags/example_skip_dag.py
[2024-06-27T21:40:14.393+0000] {logging_mixin.py:188} INFO - [2024-06-27T21:40:14.393+0000] {dag.py:3096} INFO - Sync 1 DAGs
[2024-06-27T21:40:14.413+0000] {logging_mixin.py:188} INFO - [2024-06-27T21:40:14.413+0000] {dag.py:3954} INFO - Setting next_dagrun for example_skip_dag to 2024-06-26 00:00:00+00:00, run_after=2024-06-27 00:00:00+00:00
[2024-06-27T21:40:14.443+0000] {processor.py:183} INFO - Processing /home/ubuntu/venv/lib/python3.12/site-packages/airflow/example_dags/example_skip_dag.py took 0.085 seconds
[2024-06-27T21:40:58.224+0000] {processor.py:161} INFO - Started process (PID=4624) to work on /home/ubuntu/venv/lib/python3.12/site-packages/airflow/example_dags/example_skip_dag.py
[2024-06-27T21:40:58.225+0000] {processor.py:830} INFO - Processing file /home/ubuntu/venv/lib/python3.12/site-packages/airflow/example_dags/example_skip_dag.py for tasks to queue
[2024-06-27T21:40:58.226+0000] {logging_mixin.py:188} INFO - [2024-06-27T21:40:58.226+0000] {dagbag.py:545} INFO - Filling up the DagBag from /home/ubuntu/venv/lib/python3.12/site-packages/airflow/example_dags/example_skip_dag.py
[2024-06-27T21:40:58.234+0000] {processor.py:840} INFO - DAG(s) 'example_skip_dag' retrieved from /home/ubuntu/venv/lib/python3.12/site-packages/airflow/example_dags/example_skip_dag.py
[2024-06-27T21:40:58.253+0000] {logging_mixin.py:188} INFO - [2024-06-27T21:40:58.253+0000] {dag.py:3096} INFO - Sync 1 DAGs
[2024-06-27T21:40:58.274+0000] {logging_mixin.py:188} INFO - [2024-06-27T21:40:58.274+0000] {dag.py:3954} INFO - Setting next_dagrun for example_skip_dag to 2024-06-26 00:00:00+00:00, run_after=2024-06-27 00:00:00+00:00
[2024-06-27T21:40:58.298+0000] {processor.py:183} INFO - Processing /home/ubuntu/venv/lib/python3.12/site-packages/airflow/example_dags/example_skip_dag.py took 0.080 seconds
[2024-06-27T21:41:43.010+0000] {processor.py:161} INFO - Started process (PID=4671) to work on /home/ubuntu/venv/lib/python3.12/site-packages/airflow/example_dags/example_skip_dag.py
[2024-06-27T21:41:43.011+0000] {processor.py:830} INFO - Processing file /home/ubuntu/venv/lib/python3.12/site-packages/airflow/example_dags/example_skip_dag.py for tasks to queue
[2024-06-27T21:41:43.012+0000] {logging_mixin.py:188} INFO - [2024-06-27T21:41:43.012+0000] {dagbag.py:545} INFO - Filling up the DagBag from /home/ubuntu/venv/lib/python3.12/site-packages/airflow/example_dags/example_skip_dag.py
[2024-06-27T21:41:43.020+0000] {processor.py:840} INFO - DAG(s) 'example_skip_dag' retrieved from /home/ubuntu/venv/lib/python3.12/site-packages/airflow/example_dags/example_skip_dag.py
[2024-06-27T21:41:43.038+0000] {logging_mixin.py:188} INFO - [2024-06-27T21:41:43.038+0000] {dag.py:3096} INFO - Sync 1 DAGs
[2024-06-27T21:41:43.059+0000] {logging_mixin.py:188} INFO - [2024-06-27T21:41:43.059+0000] {dag.py:3954} INFO - Setting next_dagrun for example_skip_dag to 2024-06-26 00:00:00+00:00, run_after=2024-06-27 00:00:00+00:00
[2024-06-27T21:41:43.194+0000] {processor.py:183} INFO - Processing /home/ubuntu/venv/lib/python3.12/site-packages/airflow/example_dags/example_skip_dag.py took 0.190 seconds
[2024-06-27T21:42:27.309+0000] {processor.py:161} INFO - Started process (PID=4716) to work on /home/ubuntu/venv/lib/python3.12/site-packages/airflow/example_dags/example_skip_dag.py
[2024-06-27T21:42:27.311+0000] {processor.py:830} INFO - Processing file /home/ubuntu/venv/lib/python3.12/site-packages/airflow/example_dags/example_skip_dag.py for tasks to queue
[2024-06-27T21:42:27.312+0000] {logging_mixin.py:188} INFO - [2024-06-27T21:42:27.311+0000] {dagbag.py:545} INFO - Filling up the DagBag from /home/ubuntu/venv/lib/python3.12/site-packages/airflow/example_dags/example_skip_dag.py
[2024-06-27T21:42:27.319+0000] {processor.py:840} INFO - DAG(s) 'example_skip_dag' retrieved from /home/ubuntu/venv/lib/python3.12/site-packages/airflow/example_dags/example_skip_dag.py
[2024-06-27T21:42:27.337+0000] {logging_mixin.py:188} INFO - [2024-06-27T21:42:27.337+0000] {dag.py:3096} INFO - Sync 1 DAGs
[2024-06-27T21:42:27.358+0000] {logging_mixin.py:188} INFO - [2024-06-27T21:42:27.357+0000] {dag.py:3954} INFO - Setting next_dagrun for example_skip_dag to 2024-06-26 00:00:00+00:00, run_after=2024-06-27 00:00:00+00:00
[2024-06-27T21:42:27.380+0000] {processor.py:183} INFO - Processing /home/ubuntu/venv/lib/python3.12/site-packages/airflow/example_dags/example_skip_dag.py took 0.077 seconds
[2024-06-27T21:43:10.453+0000] {processor.py:161} INFO - Started process (PID=4759) to work on /home/ubuntu/venv/lib/python3.12/site-packages/airflow/example_dags/example_skip_dag.py
[2024-06-27T21:43:10.454+0000] {processor.py:830} INFO - Processing file /home/ubuntu/venv/lib/python3.12/site-packages/airflow/example_dags/example_skip_dag.py for tasks to queue
[2024-06-27T21:43:10.455+0000] {logging_mixin.py:188} INFO - [2024-06-27T21:43:10.454+0000] {dagbag.py:545} INFO - Filling up the DagBag from /home/ubuntu/venv/lib/python3.12/site-packages/airflow/example_dags/example_skip_dag.py
[2024-06-27T21:43:10.463+0000] {processor.py:840} INFO - DAG(s) 'example_skip_dag' retrieved from /home/ubuntu/venv/lib/python3.12/site-packages/airflow/example_dags/example_skip_dag.py
[2024-06-27T21:43:10.480+0000] {logging_mixin.py:188} INFO - [2024-06-27T21:43:10.480+0000] {dag.py:3096} INFO - Sync 1 DAGs
[2024-06-27T21:43:10.501+0000] {logging_mixin.py:188} INFO - [2024-06-27T21:43:10.500+0000] {dag.py:3954} INFO - Setting next_dagrun for example_skip_dag to 2024-06-26 00:00:00+00:00, run_after=2024-06-27 00:00:00+00:00
[2024-06-27T21:43:10.636+0000] {processor.py:183} INFO - Processing /home/ubuntu/venv/lib/python3.12/site-packages/airflow/example_dags/example_skip_dag.py took 0.189 seconds
[2024-06-27T21:43:56.778+0000] {processor.py:161} INFO - Started process (PID=4806) to work on /home/ubuntu/venv/lib/python3.12/site-packages/airflow/example_dags/example_skip_dag.py
[2024-06-27T21:43:56.779+0000] {processor.py:830} INFO - Processing file /home/ubuntu/venv/lib/python3.12/site-packages/airflow/example_dags/example_skip_dag.py for tasks to queue
[2024-06-27T21:43:56.780+0000] {logging_mixin.py:188} INFO - [2024-06-27T21:43:56.779+0000] {dagbag.py:545} INFO - Filling up the DagBag from /home/ubuntu/venv/lib/python3.12/site-packages/airflow/example_dags/example_skip_dag.py
[2024-06-27T21:43:56.788+0000] {processor.py:840} INFO - DAG(s) 'example_skip_dag' retrieved from /home/ubuntu/venv/lib/python3.12/site-packages/airflow/example_dags/example_skip_dag.py
[2024-06-27T21:43:56.805+0000] {logging_mixin.py:188} INFO - [2024-06-27T21:43:56.805+0000] {dag.py:3096} INFO - Sync 1 DAGs
[2024-06-27T21:43:56.825+0000] {logging_mixin.py:188} INFO - [2024-06-27T21:43:56.825+0000] {dag.py:3954} INFO - Setting next_dagrun for example_skip_dag to 2024-06-26 00:00:00+00:00, run_after=2024-06-27 00:00:00+00:00
[2024-06-27T21:43:56.856+0000] {processor.py:183} INFO - Processing /home/ubuntu/venv/lib/python3.12/site-packages/airflow/example_dags/example_skip_dag.py took 0.085 seconds
[2024-06-27T21:44:39.768+0000] {processor.py:161} INFO - Started process (PID=4895) to work on /home/ubuntu/venv/lib/python3.12/site-packages/airflow/example_dags/example_skip_dag.py
[2024-06-27T21:44:39.769+0000] {processor.py:830} INFO - Processing file /home/ubuntu/venv/lib/python3.12/site-packages/airflow/example_dags/example_skip_dag.py for tasks to queue
[2024-06-27T21:44:39.770+0000] {logging_mixin.py:188} INFO - [2024-06-27T21:44:39.769+0000] {dagbag.py:545} INFO - Filling up the DagBag from /home/ubuntu/venv/lib/python3.12/site-packages/airflow/example_dags/example_skip_dag.py
[2024-06-27T21:44:39.778+0000] {processor.py:840} INFO - DAG(s) 'example_skip_dag' retrieved from /home/ubuntu/venv/lib/python3.12/site-packages/airflow/example_dags/example_skip_dag.py
[2024-06-27T21:44:39.796+0000] {logging_mixin.py:188} INFO - [2024-06-27T21:44:39.796+0000] {dag.py:3096} INFO - Sync 1 DAGs
[2024-06-27T21:44:39.937+0000] {logging_mixin.py:188} INFO - [2024-06-27T21:44:39.937+0000] {dag.py:3954} INFO - Setting next_dagrun for example_skip_dag to 2024-06-26 00:00:00+00:00, run_after=2024-06-27 00:00:00+00:00
[2024-06-27T21:44:39.959+0000] {processor.py:183} INFO - Processing /home/ubuntu/venv/lib/python3.12/site-packages/airflow/example_dags/example_skip_dag.py took 0.198 seconds
[2024-06-27T21:45:24.800+0000] {processor.py:161} INFO - Started process (PID=4945) to work on /home/ubuntu/venv/lib/python3.12/site-packages/airflow/example_dags/example_skip_dag.py
[2024-06-27T21:45:24.801+0000] {processor.py:830} INFO - Processing file /home/ubuntu/venv/lib/python3.12/site-packages/airflow/example_dags/example_skip_dag.py for tasks to queue
[2024-06-27T21:45:24.802+0000] {logging_mixin.py:188} INFO - [2024-06-27T21:45:24.801+0000] {dagbag.py:545} INFO - Filling up the DagBag from /home/ubuntu/venv/lib/python3.12/site-packages/airflow/example_dags/example_skip_dag.py
[2024-06-27T21:45:24.810+0000] {processor.py:840} INFO - DAG(s) 'example_skip_dag' retrieved from /home/ubuntu/venv/lib/python3.12/site-packages/airflow/example_dags/example_skip_dag.py
[2024-06-27T21:45:24.828+0000] {logging_mixin.py:188} INFO - [2024-06-27T21:45:24.828+0000] {dag.py:3096} INFO - Sync 1 DAGs
[2024-06-27T21:45:24.848+0000] {logging_mixin.py:188} INFO - [2024-06-27T21:45:24.847+0000] {dag.py:3954} INFO - Setting next_dagrun for example_skip_dag to 2024-06-26 00:00:00+00:00, run_after=2024-06-27 00:00:00+00:00
[2024-06-27T21:45:24.870+0000] {processor.py:183} INFO - Processing /home/ubuntu/venv/lib/python3.12/site-packages/airflow/example_dags/example_skip_dag.py took 0.077 seconds
[2024-06-27T21:46:12.425+0000] {processor.py:161} INFO - Started process (PID=4989) to work on /home/ubuntu/venv/lib/python3.12/site-packages/airflow/example_dags/example_skip_dag.py
[2024-06-27T21:46:12.426+0000] {processor.py:830} INFO - Processing file /home/ubuntu/venv/lib/python3.12/site-packages/airflow/example_dags/example_skip_dag.py for tasks to queue
[2024-06-27T21:46:12.427+0000] {logging_mixin.py:188} INFO - [2024-06-27T21:46:12.427+0000] {dagbag.py:545} INFO - Filling up the DagBag from /home/ubuntu/venv/lib/python3.12/site-packages/airflow/example_dags/example_skip_dag.py
[2024-06-27T21:46:12.556+0000] {processor.py:840} INFO - DAG(s) 'example_skip_dag' retrieved from /home/ubuntu/venv/lib/python3.12/site-packages/airflow/example_dags/example_skip_dag.py
[2024-06-27T21:46:12.569+0000] {logging_mixin.py:188} INFO - [2024-06-27T21:46:12.569+0000] {dag.py:3096} INFO - Sync 1 DAGs
[2024-06-27T21:46:12.586+0000] {logging_mixin.py:188} INFO - [2024-06-27T21:46:12.586+0000] {dag.py:3954} INFO - Setting next_dagrun for example_skip_dag to 2024-06-26 00:00:00+00:00, run_after=2024-06-27 00:00:00+00:00
[2024-06-27T21:46:12.607+0000] {processor.py:183} INFO - Processing /home/ubuntu/venv/lib/python3.12/site-packages/airflow/example_dags/example_skip_dag.py took 0.188 seconds
[2024-06-27T21:47:04.060+0000] {processor.py:161} INFO - Started process (PID=5039) to work on /home/ubuntu/venv/lib/python3.12/site-packages/airflow/example_dags/example_skip_dag.py
[2024-06-27T21:47:04.063+0000] {processor.py:830} INFO - Processing file /home/ubuntu/venv/lib/python3.12/site-packages/airflow/example_dags/example_skip_dag.py for tasks to queue
[2024-06-27T21:47:04.066+0000] {logging_mixin.py:188} INFO - [2024-06-27T21:47:04.066+0000] {dagbag.py:545} INFO - Filling up the DagBag from /home/ubuntu/venv/lib/python3.12/site-packages/airflow/example_dags/example_skip_dag.py
[2024-06-27T21:47:04.079+0000] {processor.py:840} INFO - DAG(s) 'example_skip_dag' retrieved from /home/ubuntu/venv/lib/python3.12/site-packages/airflow/example_dags/example_skip_dag.py
[2024-06-27T21:47:04.108+0000] {logging_mixin.py:188} INFO - [2024-06-27T21:47:04.107+0000] {dag.py:3096} INFO - Sync 1 DAGs
[2024-06-27T21:47:04.142+0000] {logging_mixin.py:188} INFO - [2024-06-27T21:47:04.142+0000] {dag.py:3954} INFO - Setting next_dagrun for example_skip_dag to 2024-06-26 00:00:00+00:00, run_after=2024-06-27 00:00:00+00:00
[2024-06-27T21:47:04.178+0000] {processor.py:183} INFO - Processing /home/ubuntu/venv/lib/python3.12/site-packages/airflow/example_dags/example_skip_dag.py took 0.127 seconds
[2024-06-27T21:47:50.749+0000] {processor.py:161} INFO - Started process (PID=5117) to work on /home/ubuntu/venv/lib/python3.12/site-packages/airflow/example_dags/example_skip_dag.py
[2024-06-27T21:47:50.751+0000] {processor.py:830} INFO - Processing file /home/ubuntu/venv/lib/python3.12/site-packages/airflow/example_dags/example_skip_dag.py for tasks to queue
[2024-06-27T21:47:50.752+0000] {logging_mixin.py:188} INFO - [2024-06-27T21:47:50.751+0000] {dagbag.py:545} INFO - Filling up the DagBag from /home/ubuntu/venv/lib/python3.12/site-packages/airflow/example_dags/example_skip_dag.py
[2024-06-27T21:47:50.759+0000] {processor.py:840} INFO - DAG(s) 'example_skip_dag' retrieved from /home/ubuntu/venv/lib/python3.12/site-packages/airflow/example_dags/example_skip_dag.py
[2024-06-27T21:47:50.777+0000] {logging_mixin.py:188} INFO - [2024-06-27T21:47:50.777+0000] {dag.py:3096} INFO - Sync 1 DAGs
[2024-06-27T21:47:50.797+0000] {logging_mixin.py:188} INFO - [2024-06-27T21:47:50.797+0000] {dag.py:3954} INFO - Setting next_dagrun for example_skip_dag to 2024-06-26 00:00:00+00:00, run_after=2024-06-27 00:00:00+00:00
[2024-06-27T21:47:50.820+0000] {processor.py:183} INFO - Processing /home/ubuntu/venv/lib/python3.12/site-packages/airflow/example_dags/example_skip_dag.py took 0.077 seconds
[2024-06-27T21:48:34.677+0000] {processor.py:161} INFO - Started process (PID=5259) to work on /home/ubuntu/venv/lib/python3.12/site-packages/airflow/example_dags/example_skip_dag.py
[2024-06-27T21:48:34.679+0000] {processor.py:830} INFO - Processing file /home/ubuntu/venv/lib/python3.12/site-packages/airflow/example_dags/example_skip_dag.py for tasks to queue
[2024-06-27T21:48:34.679+0000] {logging_mixin.py:188} INFO - [2024-06-27T21:48:34.679+0000] {dagbag.py:545} INFO - Filling up the DagBag from /home/ubuntu/venv/lib/python3.12/site-packages/airflow/example_dags/example_skip_dag.py
[2024-06-27T21:48:34.687+0000] {processor.py:840} INFO - DAG(s) 'example_skip_dag' retrieved from /home/ubuntu/venv/lib/python3.12/site-packages/airflow/example_dags/example_skip_dag.py
[2024-06-27T21:48:34.705+0000] {logging_mixin.py:188} INFO - [2024-06-27T21:48:34.704+0000] {dag.py:3096} INFO - Sync 1 DAGs
[2024-06-27T21:48:34.725+0000] {logging_mixin.py:188} INFO - [2024-06-27T21:48:34.725+0000] {dag.py:3954} INFO - Setting next_dagrun for example_skip_dag to 2024-06-26 00:00:00+00:00, run_after=2024-06-27 00:00:00+00:00
[2024-06-27T21:48:34.747+0000] {processor.py:183} INFO - Processing /home/ubuntu/venv/lib/python3.12/site-packages/airflow/example_dags/example_skip_dag.py took 0.078 seconds
[2024-06-27T21:49:18.066+0000] {processor.py:161} INFO - Started process (PID=5303) to work on /home/ubuntu/venv/lib/python3.12/site-packages/airflow/example_dags/example_skip_dag.py
[2024-06-27T21:49:18.068+0000] {processor.py:830} INFO - Processing file /home/ubuntu/venv/lib/python3.12/site-packages/airflow/example_dags/example_skip_dag.py for tasks to queue
[2024-06-27T21:49:18.070+0000] {logging_mixin.py:188} INFO - [2024-06-27T21:49:18.069+0000] {dagbag.py:545} INFO - Filling up the DagBag from /home/ubuntu/venv/lib/python3.12/site-packages/airflow/example_dags/example_skip_dag.py
[2024-06-27T21:49:18.082+0000] {processor.py:840} INFO - DAG(s) 'example_skip_dag' retrieved from /home/ubuntu/venv/lib/python3.12/site-packages/airflow/example_dags/example_skip_dag.py
[2024-06-27T21:49:18.111+0000] {logging_mixin.py:188} INFO - [2024-06-27T21:49:18.110+0000] {dag.py:3096} INFO - Sync 1 DAGs
[2024-06-27T21:49:18.144+0000] {logging_mixin.py:188} INFO - [2024-06-27T21:49:18.143+0000] {dag.py:3954} INFO - Setting next_dagrun for example_skip_dag to 2024-06-26 00:00:00+00:00, run_after=2024-06-27 00:00:00+00:00
[2024-06-27T21:49:18.176+0000] {processor.py:183} INFO - Processing /home/ubuntu/venv/lib/python3.12/site-packages/airflow/example_dags/example_skip_dag.py took 0.124 seconds
[2024-06-27T21:49:59.062+0000] {processor.py:161} INFO - Started process (PID=5345) to work on /home/ubuntu/venv/lib/python3.12/site-packages/airflow/example_dags/example_skip_dag.py
[2024-06-27T21:49:59.064+0000] {processor.py:830} INFO - Processing file /home/ubuntu/venv/lib/python3.12/site-packages/airflow/example_dags/example_skip_dag.py for tasks to queue
[2024-06-27T21:49:59.065+0000] {logging_mixin.py:188} INFO - [2024-06-27T21:49:59.064+0000] {dagbag.py:545} INFO - Filling up the DagBag from /home/ubuntu/venv/lib/python3.12/site-packages/airflow/example_dags/example_skip_dag.py
[2024-06-27T21:49:59.072+0000] {processor.py:840} INFO - DAG(s) 'example_skip_dag' retrieved from /home/ubuntu/venv/lib/python3.12/site-packages/airflow/example_dags/example_skip_dag.py
[2024-06-27T21:49:59.090+0000] {logging_mixin.py:188} INFO - [2024-06-27T21:49:59.090+0000] {dag.py:3096} INFO - Sync 1 DAGs
[2024-06-27T21:49:59.110+0000] {logging_mixin.py:188} INFO - [2024-06-27T21:49:59.110+0000] {dag.py:3954} INFO - Setting next_dagrun for example_skip_dag to 2024-06-26 00:00:00+00:00, run_after=2024-06-27 00:00:00+00:00
[2024-06-27T21:49:59.132+0000] {processor.py:183} INFO - Processing /home/ubuntu/venv/lib/python3.12/site-packages/airflow/example_dags/example_skip_dag.py took 0.078 seconds
