[2024-06-27T21:20:20.190+0000] {processor.py:161} INFO - Started process (PID=2981) to work on /home/ubuntu/venv/lib/python3.12/site-packages/airflow/example_dags/example_branch_datetime_operator.py
[2024-06-27T21:20:20.191+0000] {processor.py:830} INFO - Processing file /home/ubuntu/venv/lib/python3.12/site-packages/airflow/example_dags/example_branch_datetime_operator.py for tasks to queue
[2024-06-27T21:20:20.193+0000] {logging_mixin.py:188} INFO - [2024-06-27T21:20:20.193+0000] {dagbag.py:545} INFO - Filling up the DagBag from /home/ubuntu/venv/lib/python3.12/site-packages/airflow/example_dags/example_branch_datetime_operator.py
[2024-06-27T21:20:20.204+0000] {processor.py:840} INFO - DAG(s) 'example_branch_datetime_operator', 'example_branch_datetime_operator_2', 'example_branch_datetime_operator_3' retrieved from /home/ubuntu/venv/lib/python3.12/site-packages/airflow/example_dags/example_branch_datetime_operator.py
[2024-06-27T21:20:20.323+0000] {logging_mixin.py:188} INFO - [2024-06-27T21:20:20.323+0000] {override.py:1847} INFO - Created Permission View: can read on DAG:example_branch_datetime_operator
[2024-06-27T21:20:20.336+0000] {logging_mixin.py:188} INFO - [2024-06-27T21:20:20.336+0000] {override.py:1847} INFO - Created Permission View: can delete on DAG:example_branch_datetime_operator
[2024-06-27T21:20:20.346+0000] {logging_mixin.py:188} INFO - [2024-06-27T21:20:20.345+0000] {override.py:1847} INFO - Created Permission View: can edit on DAG:example_branch_datetime_operator
[2024-06-27T21:20:20.367+0000] {logging_mixin.py:188} INFO - [2024-06-27T21:20:20.367+0000] {override.py:1847} INFO - Created Permission View: can read on DAG:example_branch_datetime_operator_2
[2024-06-27T21:20:20.377+0000] {logging_mixin.py:188} INFO - [2024-06-27T21:20:20.377+0000] {override.py:1847} INFO - Created Permission View: can delete on DAG:example_branch_datetime_operator_2
[2024-06-27T21:20:20.386+0000] {logging_mixin.py:188} INFO - [2024-06-27T21:20:20.386+0000] {override.py:1847} INFO - Created Permission View: can edit on DAG:example_branch_datetime_operator_2
[2024-06-27T21:20:20.408+0000] {logging_mixin.py:188} INFO - [2024-06-27T21:20:20.408+0000] {override.py:1847} INFO - Created Permission View: can read on DAG:example_branch_datetime_operator_3
[2024-06-27T21:20:20.418+0000] {logging_mixin.py:188} INFO - [2024-06-27T21:20:20.418+0000] {override.py:1847} INFO - Created Permission View: can delete on DAG:example_branch_datetime_operator_3
[2024-06-27T21:20:20.427+0000] {logging_mixin.py:188} INFO - [2024-06-27T21:20:20.427+0000] {override.py:1847} INFO - Created Permission View: can edit on DAG:example_branch_datetime_operator_3
[2024-06-27T21:20:20.428+0000] {logging_mixin.py:188} INFO - [2024-06-27T21:20:20.428+0000] {dag.py:3096} INFO - Sync 3 DAGs
[2024-06-27T21:20:20.438+0000] {logging_mixin.py:188} INFO - [2024-06-27T21:20:20.438+0000] {dag.py:3118} INFO - Creating ORM DAG for example_branch_datetime_operator_3
[2024-06-27T21:20:20.439+0000] {logging_mixin.py:188} INFO - [2024-06-27T21:20:20.439+0000] {dag.py:3118} INFO - Creating ORM DAG for example_branch_datetime_operator
[2024-06-27T21:20:20.440+0000] {logging_mixin.py:188} INFO - [2024-06-27T21:20:20.440+0000] {dag.py:3118} INFO - Creating ORM DAG for example_branch_datetime_operator_2
[2024-06-27T21:20:20.450+0000] {logging_mixin.py:188} INFO - [2024-06-27T21:20:20.450+0000] {dag.py:3954} INFO - Setting next_dagrun for example_branch_datetime_operator to 2024-06-26 00:00:00+00:00, run_after=2024-06-27 00:00:00+00:00
[2024-06-27T21:20:20.452+0000] {logging_mixin.py:188} INFO - [2024-06-27T21:20:20.452+0000] {dag.py:3954} INFO - Setting next_dagrun for example_branch_datetime_operator_2 to 2024-06-26 00:00:00+00:00, run_after=2024-06-27 00:00:00+00:00
[2024-06-27T21:20:20.454+0000] {logging_mixin.py:188} INFO - [2024-06-27T21:20:20.453+0000] {dag.py:3954} INFO - Setting next_dagrun for example_branch_datetime_operator_3 to 2024-06-26 00:00:00+00:00, run_after=2024-06-27 00:00:00+00:00
[2024-06-27T21:20:20.479+0000] {processor.py:183} INFO - Processing /home/ubuntu/venv/lib/python3.12/site-packages/airflow/example_dags/example_branch_datetime_operator.py took 0.295 seconds
[2024-06-27T21:21:26.324+0000] {processor.py:161} INFO - Started process (PID=3333) to work on /home/ubuntu/venv/lib/python3.12/site-packages/airflow/example_dags/example_branch_datetime_operator.py
[2024-06-27T21:21:26.326+0000] {processor.py:830} INFO - Processing file /home/ubuntu/venv/lib/python3.12/site-packages/airflow/example_dags/example_branch_datetime_operator.py for tasks to queue
[2024-06-27T21:21:26.327+0000] {logging_mixin.py:188} INFO - [2024-06-27T21:21:26.327+0000] {dagbag.py:545} INFO - Filling up the DagBag from /home/ubuntu/venv/lib/python3.12/site-packages/airflow/example_dags/example_branch_datetime_operator.py
[2024-06-27T21:21:26.338+0000] {processor.py:840} INFO - DAG(s) 'example_branch_datetime_operator_2', 'example_branch_datetime_operator', 'example_branch_datetime_operator_3' retrieved from /home/ubuntu/venv/lib/python3.12/site-packages/airflow/example_dags/example_branch_datetime_operator.py
[2024-06-27T21:21:26.360+0000] {logging_mixin.py:188} INFO - [2024-06-27T21:21:26.360+0000] {dag.py:3096} INFO - Sync 3 DAGs
[2024-06-27T21:21:26.382+0000] {logging_mixin.py:188} INFO - [2024-06-27T21:21:26.382+0000] {dag.py:3954} INFO - Setting next_dagrun for example_branch_datetime_operator to 2024-06-26 00:00:00+00:00, run_after=2024-06-27 00:00:00+00:00
[2024-06-27T21:21:26.387+0000] {logging_mixin.py:188} INFO - [2024-06-27T21:21:26.387+0000] {dag.py:3954} INFO - Setting next_dagrun for example_branch_datetime_operator_2 to 2024-06-26 00:00:00+00:00, run_after=2024-06-27 00:00:00+00:00
[2024-06-27T21:21:26.389+0000] {logging_mixin.py:188} INFO - [2024-06-27T21:21:26.389+0000] {dag.py:3954} INFO - Setting next_dagrun for example_branch_datetime_operator_3 to 2024-06-26 00:00:00+00:00, run_after=2024-06-27 00:00:00+00:00
[2024-06-27T21:21:26.410+0000] {processor.py:183} INFO - Processing /home/ubuntu/venv/lib/python3.12/site-packages/airflow/example_dags/example_branch_datetime_operator.py took 0.091 seconds
[2024-06-27T21:22:25.137+0000] {processor.py:161} INFO - Started process (PID=3407) to work on /home/ubuntu/venv/lib/python3.12/site-packages/airflow/example_dags/example_branch_datetime_operator.py
[2024-06-27T21:22:25.139+0000] {processor.py:830} INFO - Processing file /home/ubuntu/venv/lib/python3.12/site-packages/airflow/example_dags/example_branch_datetime_operator.py for tasks to queue
[2024-06-27T21:22:25.141+0000] {logging_mixin.py:188} INFO - [2024-06-27T21:22:25.140+0000] {dagbag.py:545} INFO - Filling up the DagBag from /home/ubuntu/venv/lib/python3.12/site-packages/airflow/example_dags/example_branch_datetime_operator.py
[2024-06-27T21:22:25.151+0000] {processor.py:840} INFO - DAG(s) 'example_branch_datetime_operator_2', 'example_branch_datetime_operator_3', 'example_branch_datetime_operator' retrieved from /home/ubuntu/venv/lib/python3.12/site-packages/airflow/example_dags/example_branch_datetime_operator.py
[2024-06-27T21:22:25.174+0000] {logging_mixin.py:188} INFO - [2024-06-27T21:22:25.174+0000] {dag.py:3096} INFO - Sync 3 DAGs
[2024-06-27T21:22:25.196+0000] {logging_mixin.py:188} INFO - [2024-06-27T21:22:25.196+0000] {dag.py:3954} INFO - Setting next_dagrun for example_branch_datetime_operator to 2024-06-26 00:00:00+00:00, run_after=2024-06-27 00:00:00+00:00
[2024-06-27T21:22:25.201+0000] {logging_mixin.py:188} INFO - [2024-06-27T21:22:25.201+0000] {dag.py:3954} INFO - Setting next_dagrun for example_branch_datetime_operator_2 to 2024-06-26 00:00:00+00:00, run_after=2024-06-27 00:00:00+00:00
[2024-06-27T21:22:25.203+0000] {logging_mixin.py:188} INFO - [2024-06-27T21:22:25.203+0000] {dag.py:3954} INFO - Setting next_dagrun for example_branch_datetime_operator_3 to 2024-06-26 00:00:00+00:00, run_after=2024-06-27 00:00:00+00:00
[2024-06-27T21:22:25.223+0000] {processor.py:183} INFO - Processing /home/ubuntu/venv/lib/python3.12/site-packages/airflow/example_dags/example_branch_datetime_operator.py took 0.091 seconds
[2024-06-27T21:23:24.790+0000] {processor.py:161} INFO - Started process (PID=3472) to work on /home/ubuntu/venv/lib/python3.12/site-packages/airflow/example_dags/example_branch_datetime_operator.py
[2024-06-27T21:23:24.791+0000] {processor.py:830} INFO - Processing file /home/ubuntu/venv/lib/python3.12/site-packages/airflow/example_dags/example_branch_datetime_operator.py for tasks to queue
[2024-06-27T21:23:24.793+0000] {logging_mixin.py:188} INFO - [2024-06-27T21:23:24.793+0000] {dagbag.py:545} INFO - Filling up the DagBag from /home/ubuntu/venv/lib/python3.12/site-packages/airflow/example_dags/example_branch_datetime_operator.py
[2024-06-27T21:23:24.804+0000] {processor.py:840} INFO - DAG(s) 'example_branch_datetime_operator_3', 'example_branch_datetime_operator', 'example_branch_datetime_operator_2' retrieved from /home/ubuntu/venv/lib/python3.12/site-packages/airflow/example_dags/example_branch_datetime_operator.py
[2024-06-27T21:23:24.827+0000] {logging_mixin.py:188} INFO - [2024-06-27T21:23:24.826+0000] {dag.py:3096} INFO - Sync 3 DAGs
[2024-06-27T21:23:24.850+0000] {logging_mixin.py:188} INFO - [2024-06-27T21:23:24.850+0000] {dag.py:3954} INFO - Setting next_dagrun for example_branch_datetime_operator to 2024-06-26 00:00:00+00:00, run_after=2024-06-27 00:00:00+00:00
[2024-06-27T21:23:24.855+0000] {logging_mixin.py:188} INFO - [2024-06-27T21:23:24.855+0000] {dag.py:3954} INFO - Setting next_dagrun for example_branch_datetime_operator_2 to 2024-06-26 00:00:00+00:00, run_after=2024-06-27 00:00:00+00:00
[2024-06-27T21:23:24.857+0000] {logging_mixin.py:188} INFO - [2024-06-27T21:23:24.857+0000] {dag.py:3954} INFO - Setting next_dagrun for example_branch_datetime_operator_3 to 2024-06-26 00:00:00+00:00, run_after=2024-06-27 00:00:00+00:00
[2024-06-27T21:23:24.880+0000] {processor.py:183} INFO - Processing /home/ubuntu/venv/lib/python3.12/site-packages/airflow/example_dags/example_branch_datetime_operator.py took 0.097 seconds
[2024-06-27T21:24:22.758+0000] {processor.py:161} INFO - Started process (PID=3535) to work on /home/ubuntu/venv/lib/python3.12/site-packages/airflow/example_dags/example_branch_datetime_operator.py
[2024-06-27T21:24:22.760+0000] {processor.py:830} INFO - Processing file /home/ubuntu/venv/lib/python3.12/site-packages/airflow/example_dags/example_branch_datetime_operator.py for tasks to queue
[2024-06-27T21:24:22.761+0000] {logging_mixin.py:188} INFO - [2024-06-27T21:24:22.761+0000] {dagbag.py:545} INFO - Filling up the DagBag from /home/ubuntu/venv/lib/python3.12/site-packages/airflow/example_dags/example_branch_datetime_operator.py
[2024-06-27T21:24:22.772+0000] {processor.py:840} INFO - DAG(s) 'example_branch_datetime_operator', 'example_branch_datetime_operator_3', 'example_branch_datetime_operator_2' retrieved from /home/ubuntu/venv/lib/python3.12/site-packages/airflow/example_dags/example_branch_datetime_operator.py
[2024-06-27T21:24:22.794+0000] {logging_mixin.py:188} INFO - [2024-06-27T21:24:22.794+0000] {dag.py:3096} INFO - Sync 3 DAGs
[2024-06-27T21:24:22.816+0000] {logging_mixin.py:188} INFO - [2024-06-27T21:24:22.816+0000] {dag.py:3954} INFO - Setting next_dagrun for example_branch_datetime_operator to 2024-06-26 00:00:00+00:00, run_after=2024-06-27 00:00:00+00:00
[2024-06-27T21:24:22.822+0000] {logging_mixin.py:188} INFO - [2024-06-27T21:24:22.822+0000] {dag.py:3954} INFO - Setting next_dagrun for example_branch_datetime_operator_2 to 2024-06-26 00:00:00+00:00, run_after=2024-06-27 00:00:00+00:00
[2024-06-27T21:24:22.824+0000] {logging_mixin.py:188} INFO - [2024-06-27T21:24:22.824+0000] {dag.py:3954} INFO - Setting next_dagrun for example_branch_datetime_operator_3 to 2024-06-26 00:00:00+00:00, run_after=2024-06-27 00:00:00+00:00
[2024-06-27T21:24:22.844+0000] {processor.py:183} INFO - Processing /home/ubuntu/venv/lib/python3.12/site-packages/airflow/example_dags/example_branch_datetime_operator.py took 0.092 seconds
[2024-06-27T21:25:25.875+0000] {processor.py:161} INFO - Started process (PID=3609) to work on /home/ubuntu/venv/lib/python3.12/site-packages/airflow/example_dags/example_branch_datetime_operator.py
[2024-06-27T21:25:25.877+0000] {processor.py:830} INFO - Processing file /home/ubuntu/venv/lib/python3.12/site-packages/airflow/example_dags/example_branch_datetime_operator.py for tasks to queue
[2024-06-27T21:25:25.878+0000] {logging_mixin.py:188} INFO - [2024-06-27T21:25:25.878+0000] {dagbag.py:545} INFO - Filling up the DagBag from /home/ubuntu/venv/lib/python3.12/site-packages/airflow/example_dags/example_branch_datetime_operator.py
[2024-06-27T21:25:25.889+0000] {processor.py:840} INFO - DAG(s) 'example_branch_datetime_operator_3', 'example_branch_datetime_operator_2', 'example_branch_datetime_operator' retrieved from /home/ubuntu/venv/lib/python3.12/site-packages/airflow/example_dags/example_branch_datetime_operator.py
[2024-06-27T21:25:25.913+0000] {logging_mixin.py:188} INFO - [2024-06-27T21:25:25.913+0000] {dag.py:3096} INFO - Sync 3 DAGs
[2024-06-27T21:25:25.937+0000] {logging_mixin.py:188} INFO - [2024-06-27T21:25:25.937+0000] {dag.py:3954} INFO - Setting next_dagrun for example_branch_datetime_operator to 2024-06-26 00:00:00+00:00, run_after=2024-06-27 00:00:00+00:00
[2024-06-27T21:25:25.942+0000] {logging_mixin.py:188} INFO - [2024-06-27T21:25:25.942+0000] {dag.py:3954} INFO - Setting next_dagrun for example_branch_datetime_operator_2 to 2024-06-26 00:00:00+00:00, run_after=2024-06-27 00:00:00+00:00
[2024-06-27T21:25:25.944+0000] {logging_mixin.py:188} INFO - [2024-06-27T21:25:25.944+0000] {dag.py:3954} INFO - Setting next_dagrun for example_branch_datetime_operator_3 to 2024-06-26 00:00:00+00:00, run_after=2024-06-27 00:00:00+00:00
[2024-06-27T21:25:25.965+0000] {processor.py:183} INFO - Processing /home/ubuntu/venv/lib/python3.12/site-packages/airflow/example_dags/example_branch_datetime_operator.py took 0.097 seconds
[2024-06-27T21:26:29.504+0000] {processor.py:161} INFO - Started process (PID=3674) to work on /home/ubuntu/venv/lib/python3.12/site-packages/airflow/example_dags/example_branch_datetime_operator.py
[2024-06-27T21:26:29.506+0000] {processor.py:830} INFO - Processing file /home/ubuntu/venv/lib/python3.12/site-packages/airflow/example_dags/example_branch_datetime_operator.py for tasks to queue
[2024-06-27T21:26:29.507+0000] {logging_mixin.py:188} INFO - [2024-06-27T21:26:29.506+0000] {dagbag.py:545} INFO - Filling up the DagBag from /home/ubuntu/venv/lib/python3.12/site-packages/airflow/example_dags/example_branch_datetime_operator.py
[2024-06-27T21:26:29.517+0000] {processor.py:840} INFO - DAG(s) 'example_branch_datetime_operator_3', 'example_branch_datetime_operator', 'example_branch_datetime_operator_2' retrieved from /home/ubuntu/venv/lib/python3.12/site-packages/airflow/example_dags/example_branch_datetime_operator.py
[2024-06-27T21:26:29.540+0000] {logging_mixin.py:188} INFO - [2024-06-27T21:26:29.540+0000] {dag.py:3096} INFO - Sync 3 DAGs
[2024-06-27T21:26:29.562+0000] {logging_mixin.py:188} INFO - [2024-06-27T21:26:29.562+0000] {dag.py:3954} INFO - Setting next_dagrun for example_branch_datetime_operator to 2024-06-26 00:00:00+00:00, run_after=2024-06-27 00:00:00+00:00
[2024-06-27T21:26:29.567+0000] {logging_mixin.py:188} INFO - [2024-06-27T21:26:29.567+0000] {dag.py:3954} INFO - Setting next_dagrun for example_branch_datetime_operator_2 to 2024-06-26 00:00:00+00:00, run_after=2024-06-27 00:00:00+00:00
[2024-06-27T21:26:29.569+0000] {logging_mixin.py:188} INFO - [2024-06-27T21:26:29.569+0000] {dag.py:3954} INFO - Setting next_dagrun for example_branch_datetime_operator_3 to 2024-06-26 00:00:00+00:00, run_after=2024-06-27 00:00:00+00:00
[2024-06-27T21:26:29.589+0000] {processor.py:183} INFO - Processing /home/ubuntu/venv/lib/python3.12/site-packages/airflow/example_dags/example_branch_datetime_operator.py took 0.091 seconds
[2024-06-27T21:27:33.225+0000] {processor.py:161} INFO - Started process (PID=3741) to work on /home/ubuntu/venv/lib/python3.12/site-packages/airflow/example_dags/example_branch_datetime_operator.py
[2024-06-27T21:27:33.226+0000] {processor.py:830} INFO - Processing file /home/ubuntu/venv/lib/python3.12/site-packages/airflow/example_dags/example_branch_datetime_operator.py for tasks to queue
[2024-06-27T21:27:33.227+0000] {logging_mixin.py:188} INFO - [2024-06-27T21:27:33.227+0000] {dagbag.py:545} INFO - Filling up the DagBag from /home/ubuntu/venv/lib/python3.12/site-packages/airflow/example_dags/example_branch_datetime_operator.py
[2024-06-27T21:27:33.238+0000] {processor.py:840} INFO - DAG(s) 'example_branch_datetime_operator_2', 'example_branch_datetime_operator_3', 'example_branch_datetime_operator' retrieved from /home/ubuntu/venv/lib/python3.12/site-packages/airflow/example_dags/example_branch_datetime_operator.py
[2024-06-27T21:27:33.261+0000] {logging_mixin.py:188} INFO - [2024-06-27T21:27:33.261+0000] {dag.py:3096} INFO - Sync 3 DAGs
[2024-06-27T21:27:33.283+0000] {logging_mixin.py:188} INFO - [2024-06-27T21:27:33.283+0000] {dag.py:3954} INFO - Setting next_dagrun for example_branch_datetime_operator to 2024-06-26 00:00:00+00:00, run_after=2024-06-27 00:00:00+00:00
[2024-06-27T21:27:33.288+0000] {logging_mixin.py:188} INFO - [2024-06-27T21:27:33.288+0000] {dag.py:3954} INFO - Setting next_dagrun for example_branch_datetime_operator_2 to 2024-06-26 00:00:00+00:00, run_after=2024-06-27 00:00:00+00:00
[2024-06-27T21:27:33.290+0000] {logging_mixin.py:188} INFO - [2024-06-27T21:27:33.290+0000] {dag.py:3954} INFO - Setting next_dagrun for example_branch_datetime_operator_3 to 2024-06-26 00:00:00+00:00, run_after=2024-06-27 00:00:00+00:00
[2024-06-27T21:27:33.311+0000] {processor.py:183} INFO - Processing /home/ubuntu/venv/lib/python3.12/site-packages/airflow/example_dags/example_branch_datetime_operator.py took 0.092 seconds
[2024-06-27T21:29:07.075+0000] {processor.py:161} INFO - Started process (PID=3858) to work on /home/ubuntu/venv/lib/python3.12/site-packages/airflow/example_dags/example_branch_datetime_operator.py
[2024-06-27T21:29:07.078+0000] {processor.py:830} INFO - Processing file /home/ubuntu/venv/lib/python3.12/site-packages/airflow/example_dags/example_branch_datetime_operator.py for tasks to queue
[2024-06-27T21:29:07.079+0000] {logging_mixin.py:188} INFO - [2024-06-27T21:29:07.078+0000] {dagbag.py:545} INFO - Filling up the DagBag from /home/ubuntu/venv/lib/python3.12/site-packages/airflow/example_dags/example_branch_datetime_operator.py
[2024-06-27T21:29:07.089+0000] {processor.py:840} INFO - DAG(s) 'example_branch_datetime_operator', 'example_branch_datetime_operator_3', 'example_branch_datetime_operator_2' retrieved from /home/ubuntu/venv/lib/python3.12/site-packages/airflow/example_dags/example_branch_datetime_operator.py
[2024-06-27T21:29:07.113+0000] {logging_mixin.py:188} INFO - [2024-06-27T21:29:07.112+0000] {dag.py:3096} INFO - Sync 3 DAGs
[2024-06-27T21:29:07.135+0000] {logging_mixin.py:188} INFO - [2024-06-27T21:29:07.135+0000] {dag.py:3954} INFO - Setting next_dagrun for example_branch_datetime_operator to 2024-06-26 00:00:00+00:00, run_after=2024-06-27 00:00:00+00:00
[2024-06-27T21:29:07.140+0000] {logging_mixin.py:188} INFO - [2024-06-27T21:29:07.140+0000] {dag.py:3954} INFO - Setting next_dagrun for example_branch_datetime_operator_2 to 2024-06-26 00:00:00+00:00, run_after=2024-06-27 00:00:00+00:00
[2024-06-27T21:29:07.142+0000] {logging_mixin.py:188} INFO - [2024-06-27T21:29:07.142+0000] {dag.py:3954} INFO - Setting next_dagrun for example_branch_datetime_operator_3 to 2024-06-26 00:00:00+00:00, run_after=2024-06-27 00:00:00+00:00
[2024-06-27T21:29:07.163+0000] {processor.py:183} INFO - Processing /home/ubuntu/venv/lib/python3.12/site-packages/airflow/example_dags/example_branch_datetime_operator.py took 0.094 seconds
[2024-06-27T21:30:14.280+0000] {processor.py:161} INFO - Started process (PID=3939) to work on /home/ubuntu/venv/lib/python3.12/site-packages/airflow/example_dags/example_branch_datetime_operator.py
[2024-06-27T21:30:14.282+0000] {processor.py:830} INFO - Processing file /home/ubuntu/venv/lib/python3.12/site-packages/airflow/example_dags/example_branch_datetime_operator.py for tasks to queue
[2024-06-27T21:30:14.283+0000] {logging_mixin.py:188} INFO - [2024-06-27T21:30:14.282+0000] {dagbag.py:545} INFO - Filling up the DagBag from /home/ubuntu/venv/lib/python3.12/site-packages/airflow/example_dags/example_branch_datetime_operator.py
[2024-06-27T21:30:14.294+0000] {processor.py:840} INFO - DAG(s) 'example_branch_datetime_operator_3', 'example_branch_datetime_operator', 'example_branch_datetime_operator_2' retrieved from /home/ubuntu/venv/lib/python3.12/site-packages/airflow/example_dags/example_branch_datetime_operator.py
[2024-06-27T21:30:14.318+0000] {logging_mixin.py:188} INFO - [2024-06-27T21:30:14.317+0000] {dag.py:3096} INFO - Sync 3 DAGs
[2024-06-27T21:30:14.341+0000] {logging_mixin.py:188} INFO - [2024-06-27T21:30:14.341+0000] {dag.py:3954} INFO - Setting next_dagrun for example_branch_datetime_operator to 2024-06-26 00:00:00+00:00, run_after=2024-06-27 00:00:00+00:00
[2024-06-27T21:30:14.346+0000] {logging_mixin.py:188} INFO - [2024-06-27T21:30:14.346+0000] {dag.py:3954} INFO - Setting next_dagrun for example_branch_datetime_operator_2 to 2024-06-26 00:00:00+00:00, run_after=2024-06-27 00:00:00+00:00
[2024-06-27T21:30:14.349+0000] {logging_mixin.py:188} INFO - [2024-06-27T21:30:14.348+0000] {dag.py:3954} INFO - Setting next_dagrun for example_branch_datetime_operator_3 to 2024-06-26 00:00:00+00:00, run_after=2024-06-27 00:00:00+00:00
[2024-06-27T21:30:14.370+0000] {processor.py:183} INFO - Processing /home/ubuntu/venv/lib/python3.12/site-packages/airflow/example_dags/example_branch_datetime_operator.py took 0.096 seconds
[2024-06-27T21:31:17.147+0000] {processor.py:161} INFO - Started process (PID=4003) to work on /home/ubuntu/venv/lib/python3.12/site-packages/airflow/example_dags/example_branch_datetime_operator.py
[2024-06-27T21:31:17.149+0000] {processor.py:830} INFO - Processing file /home/ubuntu/venv/lib/python3.12/site-packages/airflow/example_dags/example_branch_datetime_operator.py for tasks to queue
[2024-06-27T21:31:17.150+0000] {logging_mixin.py:188} INFO - [2024-06-27T21:31:17.150+0000] {dagbag.py:545} INFO - Filling up the DagBag from /home/ubuntu/venv/lib/python3.12/site-packages/airflow/example_dags/example_branch_datetime_operator.py
[2024-06-27T21:31:17.161+0000] {processor.py:840} INFO - DAG(s) 'example_branch_datetime_operator_3', 'example_branch_datetime_operator_2', 'example_branch_datetime_operator' retrieved from /home/ubuntu/venv/lib/python3.12/site-packages/airflow/example_dags/example_branch_datetime_operator.py
[2024-06-27T21:31:17.184+0000] {logging_mixin.py:188} INFO - [2024-06-27T21:31:17.184+0000] {dag.py:3096} INFO - Sync 3 DAGs
[2024-06-27T21:31:17.207+0000] {logging_mixin.py:188} INFO - [2024-06-27T21:31:17.207+0000] {dag.py:3954} INFO - Setting next_dagrun for example_branch_datetime_operator to 2024-06-26 00:00:00+00:00, run_after=2024-06-27 00:00:00+00:00
[2024-06-27T21:31:17.212+0000] {logging_mixin.py:188} INFO - [2024-06-27T21:31:17.212+0000] {dag.py:3954} INFO - Setting next_dagrun for example_branch_datetime_operator_2 to 2024-06-26 00:00:00+00:00, run_after=2024-06-27 00:00:00+00:00
[2024-06-27T21:31:17.214+0000] {logging_mixin.py:188} INFO - [2024-06-27T21:31:17.214+0000] {dag.py:3954} INFO - Setting next_dagrun for example_branch_datetime_operator_3 to 2024-06-26 00:00:00+00:00, run_after=2024-06-27 00:00:00+00:00
[2024-06-27T21:31:17.235+0000] {processor.py:183} INFO - Processing /home/ubuntu/venv/lib/python3.12/site-packages/airflow/example_dags/example_branch_datetime_operator.py took 0.094 seconds
[2024-06-27T21:32:28.775+0000] {processor.py:161} INFO - Started process (PID=4079) to work on /home/ubuntu/venv/lib/python3.12/site-packages/airflow/example_dags/example_branch_datetime_operator.py
[2024-06-27T21:32:28.776+0000] {processor.py:830} INFO - Processing file /home/ubuntu/venv/lib/python3.12/site-packages/airflow/example_dags/example_branch_datetime_operator.py for tasks to queue
[2024-06-27T21:32:28.777+0000] {logging_mixin.py:188} INFO - [2024-06-27T21:32:28.777+0000] {dagbag.py:545} INFO - Filling up the DagBag from /home/ubuntu/venv/lib/python3.12/site-packages/airflow/example_dags/example_branch_datetime_operator.py
[2024-06-27T21:32:28.788+0000] {processor.py:840} INFO - DAG(s) 'example_branch_datetime_operator', 'example_branch_datetime_operator_3', 'example_branch_datetime_operator_2' retrieved from /home/ubuntu/venv/lib/python3.12/site-packages/airflow/example_dags/example_branch_datetime_operator.py
[2024-06-27T21:32:28.811+0000] {logging_mixin.py:188} INFO - [2024-06-27T21:32:28.811+0000] {dag.py:3096} INFO - Sync 3 DAGs
[2024-06-27T21:32:28.833+0000] {logging_mixin.py:188} INFO - [2024-06-27T21:32:28.833+0000] {dag.py:3954} INFO - Setting next_dagrun for example_branch_datetime_operator to 2024-06-26 00:00:00+00:00, run_after=2024-06-27 00:00:00+00:00
[2024-06-27T21:32:28.838+0000] {logging_mixin.py:188} INFO - [2024-06-27T21:32:28.838+0000] {dag.py:3954} INFO - Setting next_dagrun for example_branch_datetime_operator_2 to 2024-06-26 00:00:00+00:00, run_after=2024-06-27 00:00:00+00:00
[2024-06-27T21:32:28.841+0000] {logging_mixin.py:188} INFO - [2024-06-27T21:32:28.840+0000] {dag.py:3954} INFO - Setting next_dagrun for example_branch_datetime_operator_3 to 2024-06-26 00:00:00+00:00, run_after=2024-06-27 00:00:00+00:00
[2024-06-27T21:32:28.861+0000] {processor.py:183} INFO - Processing /home/ubuntu/venv/lib/python3.12/site-packages/airflow/example_dags/example_branch_datetime_operator.py took 0.093 seconds
[2024-06-27T21:33:25.376+0000] {processor.py:161} INFO - Started process (PID=4148) to work on /home/ubuntu/venv/lib/python3.12/site-packages/airflow/example_dags/example_branch_datetime_operator.py
[2024-06-27T21:33:25.378+0000] {processor.py:830} INFO - Processing file /home/ubuntu/venv/lib/python3.12/site-packages/airflow/example_dags/example_branch_datetime_operator.py for tasks to queue
[2024-06-27T21:33:25.379+0000] {logging_mixin.py:188} INFO - [2024-06-27T21:33:25.378+0000] {dagbag.py:545} INFO - Filling up the DagBag from /home/ubuntu/venv/lib/python3.12/site-packages/airflow/example_dags/example_branch_datetime_operator.py
[2024-06-27T21:33:25.390+0000] {processor.py:840} INFO - DAG(s) 'example_branch_datetime_operator_3', 'example_branch_datetime_operator', 'example_branch_datetime_operator_2' retrieved from /home/ubuntu/venv/lib/python3.12/site-packages/airflow/example_dags/example_branch_datetime_operator.py
[2024-06-27T21:33:25.413+0000] {logging_mixin.py:188} INFO - [2024-06-27T21:33:25.413+0000] {dag.py:3096} INFO - Sync 3 DAGs
[2024-06-27T21:33:25.436+0000] {logging_mixin.py:188} INFO - [2024-06-27T21:33:25.436+0000] {dag.py:3954} INFO - Setting next_dagrun for example_branch_datetime_operator to 2024-06-26 00:00:00+00:00, run_after=2024-06-27 00:00:00+00:00
[2024-06-27T21:33:25.441+0000] {logging_mixin.py:188} INFO - [2024-06-27T21:33:25.441+0000] {dag.py:3954} INFO - Setting next_dagrun for example_branch_datetime_operator_2 to 2024-06-26 00:00:00+00:00, run_after=2024-06-27 00:00:00+00:00
[2024-06-27T21:33:25.443+0000] {logging_mixin.py:188} INFO - [2024-06-27T21:33:25.443+0000] {dag.py:3954} INFO - Setting next_dagrun for example_branch_datetime_operator_3 to 2024-06-26 00:00:00+00:00, run_after=2024-06-27 00:00:00+00:00
[2024-06-27T21:33:25.464+0000] {processor.py:183} INFO - Processing /home/ubuntu/venv/lib/python3.12/site-packages/airflow/example_dags/example_branch_datetime_operator.py took 0.093 seconds
[2024-06-27T21:34:30.671+0000] {processor.py:161} INFO - Started process (PID=4216) to work on /home/ubuntu/venv/lib/python3.12/site-packages/airflow/example_dags/example_branch_datetime_operator.py
[2024-06-27T21:34:30.673+0000] {processor.py:830} INFO - Processing file /home/ubuntu/venv/lib/python3.12/site-packages/airflow/example_dags/example_branch_datetime_operator.py for tasks to queue
[2024-06-27T21:34:30.674+0000] {logging_mixin.py:188} INFO - [2024-06-27T21:34:30.673+0000] {dagbag.py:545} INFO - Filling up the DagBag from /home/ubuntu/venv/lib/python3.12/site-packages/airflow/example_dags/example_branch_datetime_operator.py
[2024-06-27T21:34:30.685+0000] {processor.py:840} INFO - DAG(s) 'example_branch_datetime_operator', 'example_branch_datetime_operator_2', 'example_branch_datetime_operator_3' retrieved from /home/ubuntu/venv/lib/python3.12/site-packages/airflow/example_dags/example_branch_datetime_operator.py
[2024-06-27T21:34:30.708+0000] {logging_mixin.py:188} INFO - [2024-06-27T21:34:30.708+0000] {dag.py:3096} INFO - Sync 3 DAGs
[2024-06-27T21:34:30.730+0000] {logging_mixin.py:188} INFO - [2024-06-27T21:34:30.730+0000] {dag.py:3954} INFO - Setting next_dagrun for example_branch_datetime_operator to 2024-06-26 00:00:00+00:00, run_after=2024-06-27 00:00:00+00:00
[2024-06-27T21:34:30.736+0000] {logging_mixin.py:188} INFO - [2024-06-27T21:34:30.736+0000] {dag.py:3954} INFO - Setting next_dagrun for example_branch_datetime_operator_2 to 2024-06-26 00:00:00+00:00, run_after=2024-06-27 00:00:00+00:00
[2024-06-27T21:34:30.738+0000] {logging_mixin.py:188} INFO - [2024-06-27T21:34:30.738+0000] {dag.py:3954} INFO - Setting next_dagrun for example_branch_datetime_operator_3 to 2024-06-26 00:00:00+00:00, run_after=2024-06-27 00:00:00+00:00
[2024-06-27T21:34:30.759+0000] {processor.py:183} INFO - Processing /home/ubuntu/venv/lib/python3.12/site-packages/airflow/example_dags/example_branch_datetime_operator.py took 0.094 seconds
[2024-06-27T21:35:34.181+0000] {processor.py:161} INFO - Started process (PID=4286) to work on /home/ubuntu/venv/lib/python3.12/site-packages/airflow/example_dags/example_branch_datetime_operator.py
[2024-06-27T21:35:34.182+0000] {processor.py:830} INFO - Processing file /home/ubuntu/venv/lib/python3.12/site-packages/airflow/example_dags/example_branch_datetime_operator.py for tasks to queue
[2024-06-27T21:35:34.183+0000] {logging_mixin.py:188} INFO - [2024-06-27T21:35:34.183+0000] {dagbag.py:545} INFO - Filling up the DagBag from /home/ubuntu/venv/lib/python3.12/site-packages/airflow/example_dags/example_branch_datetime_operator.py
[2024-06-27T21:35:34.194+0000] {processor.py:840} INFO - DAG(s) 'example_branch_datetime_operator', 'example_branch_datetime_operator_3', 'example_branch_datetime_operator_2' retrieved from /home/ubuntu/venv/lib/python3.12/site-packages/airflow/example_dags/example_branch_datetime_operator.py
[2024-06-27T21:35:34.217+0000] {logging_mixin.py:188} INFO - [2024-06-27T21:35:34.216+0000] {dag.py:3096} INFO - Sync 3 DAGs
[2024-06-27T21:35:34.238+0000] {logging_mixin.py:188} INFO - [2024-06-27T21:35:34.238+0000] {dag.py:3954} INFO - Setting next_dagrun for example_branch_datetime_operator to 2024-06-26 00:00:00+00:00, run_after=2024-06-27 00:00:00+00:00
[2024-06-27T21:35:34.243+0000] {logging_mixin.py:188} INFO - [2024-06-27T21:35:34.243+0000] {dag.py:3954} INFO - Setting next_dagrun for example_branch_datetime_operator_2 to 2024-06-26 00:00:00+00:00, run_after=2024-06-27 00:00:00+00:00
[2024-06-27T21:35:34.245+0000] {logging_mixin.py:188} INFO - [2024-06-27T21:35:34.245+0000] {dag.py:3954} INFO - Setting next_dagrun for example_branch_datetime_operator_3 to 2024-06-26 00:00:00+00:00, run_after=2024-06-27 00:00:00+00:00
[2024-06-27T21:35:34.266+0000] {processor.py:183} INFO - Processing /home/ubuntu/venv/lib/python3.12/site-packages/airflow/example_dags/example_branch_datetime_operator.py took 0.091 seconds
[2024-06-27T21:36:37.361+0000] {processor.py:161} INFO - Started process (PID=4351) to work on /home/ubuntu/venv/lib/python3.12/site-packages/airflow/example_dags/example_branch_datetime_operator.py
[2024-06-27T21:36:37.363+0000] {processor.py:830} INFO - Processing file /home/ubuntu/venv/lib/python3.12/site-packages/airflow/example_dags/example_branch_datetime_operator.py for tasks to queue
[2024-06-27T21:36:37.364+0000] {logging_mixin.py:188} INFO - [2024-06-27T21:36:37.363+0000] {dagbag.py:545} INFO - Filling up the DagBag from /home/ubuntu/venv/lib/python3.12/site-packages/airflow/example_dags/example_branch_datetime_operator.py
[2024-06-27T21:36:37.375+0000] {processor.py:840} INFO - DAG(s) 'example_branch_datetime_operator', 'example_branch_datetime_operator_3', 'example_branch_datetime_operator_2' retrieved from /home/ubuntu/venv/lib/python3.12/site-packages/airflow/example_dags/example_branch_datetime_operator.py
[2024-06-27T21:36:37.398+0000] {logging_mixin.py:188} INFO - [2024-06-27T21:36:37.398+0000] {dag.py:3096} INFO - Sync 3 DAGs
[2024-06-27T21:36:37.420+0000] {logging_mixin.py:188} INFO - [2024-06-27T21:36:37.420+0000] {dag.py:3954} INFO - Setting next_dagrun for example_branch_datetime_operator to 2024-06-26 00:00:00+00:00, run_after=2024-06-27 00:00:00+00:00
[2024-06-27T21:36:37.425+0000] {logging_mixin.py:188} INFO - [2024-06-27T21:36:37.425+0000] {dag.py:3954} INFO - Setting next_dagrun for example_branch_datetime_operator_2 to 2024-06-26 00:00:00+00:00, run_after=2024-06-27 00:00:00+00:00
[2024-06-27T21:36:37.427+0000] {logging_mixin.py:188} INFO - [2024-06-27T21:36:37.427+0000] {dag.py:3954} INFO - Setting next_dagrun for example_branch_datetime_operator_3 to 2024-06-26 00:00:00+00:00, run_after=2024-06-27 00:00:00+00:00
[2024-06-27T21:36:37.448+0000] {processor.py:183} INFO - Processing /home/ubuntu/venv/lib/python3.12/site-packages/airflow/example_dags/example_branch_datetime_operator.py took 0.093 seconds
[2024-06-27T21:37:42.966+0000] {processor.py:161} INFO - Started process (PID=4418) to work on /home/ubuntu/venv/lib/python3.12/site-packages/airflow/example_dags/example_branch_datetime_operator.py
[2024-06-27T21:37:42.968+0000] {processor.py:830} INFO - Processing file /home/ubuntu/venv/lib/python3.12/site-packages/airflow/example_dags/example_branch_datetime_operator.py for tasks to queue
[2024-06-27T21:37:42.969+0000] {logging_mixin.py:188} INFO - [2024-06-27T21:37:42.968+0000] {dagbag.py:545} INFO - Filling up the DagBag from /home/ubuntu/venv/lib/python3.12/site-packages/airflow/example_dags/example_branch_datetime_operator.py
[2024-06-27T21:37:42.980+0000] {processor.py:840} INFO - DAG(s) 'example_branch_datetime_operator', 'example_branch_datetime_operator_2', 'example_branch_datetime_operator_3' retrieved from /home/ubuntu/venv/lib/python3.12/site-packages/airflow/example_dags/example_branch_datetime_operator.py
[2024-06-27T21:37:43.003+0000] {logging_mixin.py:188} INFO - [2024-06-27T21:37:43.002+0000] {dag.py:3096} INFO - Sync 3 DAGs
[2024-06-27T21:37:43.025+0000] {logging_mixin.py:188} INFO - [2024-06-27T21:37:43.024+0000] {dag.py:3954} INFO - Setting next_dagrun for example_branch_datetime_operator to 2024-06-26 00:00:00+00:00, run_after=2024-06-27 00:00:00+00:00
[2024-06-27T21:37:43.029+0000] {logging_mixin.py:188} INFO - [2024-06-27T21:37:43.029+0000] {dag.py:3954} INFO - Setting next_dagrun for example_branch_datetime_operator_2 to 2024-06-26 00:00:00+00:00, run_after=2024-06-27 00:00:00+00:00
[2024-06-27T21:37:43.031+0000] {logging_mixin.py:188} INFO - [2024-06-27T21:37:43.031+0000] {dag.py:3954} INFO - Setting next_dagrun for example_branch_datetime_operator_3 to 2024-06-26 00:00:00+00:00, run_after=2024-06-27 00:00:00+00:00
[2024-06-27T21:37:43.052+0000] {processor.py:183} INFO - Processing /home/ubuntu/venv/lib/python3.12/site-packages/airflow/example_dags/example_branch_datetime_operator.py took 0.092 seconds
[2024-06-27T21:38:39.580+0000] {processor.py:161} INFO - Started process (PID=4479) to work on /home/ubuntu/venv/lib/python3.12/site-packages/airflow/example_dags/example_branch_datetime_operator.py
[2024-06-27T21:38:39.581+0000] {processor.py:830} INFO - Processing file /home/ubuntu/venv/lib/python3.12/site-packages/airflow/example_dags/example_branch_datetime_operator.py for tasks to queue
[2024-06-27T21:38:39.582+0000] {logging_mixin.py:188} INFO - [2024-06-27T21:38:39.581+0000] {dagbag.py:545} INFO - Filling up the DagBag from /home/ubuntu/venv/lib/python3.12/site-packages/airflow/example_dags/example_branch_datetime_operator.py
[2024-06-27T21:38:39.593+0000] {processor.py:840} INFO - DAG(s) 'example_branch_datetime_operator_2', 'example_branch_datetime_operator', 'example_branch_datetime_operator_3' retrieved from /home/ubuntu/venv/lib/python3.12/site-packages/airflow/example_dags/example_branch_datetime_operator.py
[2024-06-27T21:38:39.615+0000] {logging_mixin.py:188} INFO - [2024-06-27T21:38:39.615+0000] {dag.py:3096} INFO - Sync 3 DAGs
[2024-06-27T21:38:39.637+0000] {logging_mixin.py:188} INFO - [2024-06-27T21:38:39.637+0000] {dag.py:3954} INFO - Setting next_dagrun for example_branch_datetime_operator to 2024-06-26 00:00:00+00:00, run_after=2024-06-27 00:00:00+00:00
[2024-06-27T21:38:39.642+0000] {logging_mixin.py:188} INFO - [2024-06-27T21:38:39.642+0000] {dag.py:3954} INFO - Setting next_dagrun for example_branch_datetime_operator_2 to 2024-06-26 00:00:00+00:00, run_after=2024-06-27 00:00:00+00:00
[2024-06-27T21:38:39.644+0000] {logging_mixin.py:188} INFO - [2024-06-27T21:38:39.644+0000] {dag.py:3954} INFO - Setting next_dagrun for example_branch_datetime_operator_3 to 2024-06-26 00:00:00+00:00, run_after=2024-06-27 00:00:00+00:00
[2024-06-27T21:38:39.667+0000] {processor.py:183} INFO - Processing /home/ubuntu/venv/lib/python3.12/site-packages/airflow/example_dags/example_branch_datetime_operator.py took 0.093 seconds
[2024-06-27T21:39:42.945+0000] {processor.py:161} INFO - Started process (PID=4545) to work on /home/ubuntu/venv/lib/python3.12/site-packages/airflow/example_dags/example_branch_datetime_operator.py
[2024-06-27T21:39:42.947+0000] {processor.py:830} INFO - Processing file /home/ubuntu/venv/lib/python3.12/site-packages/airflow/example_dags/example_branch_datetime_operator.py for tasks to queue
[2024-06-27T21:39:42.948+0000] {logging_mixin.py:188} INFO - [2024-06-27T21:39:42.947+0000] {dagbag.py:545} INFO - Filling up the DagBag from /home/ubuntu/venv/lib/python3.12/site-packages/airflow/example_dags/example_branch_datetime_operator.py
[2024-06-27T21:39:42.959+0000] {processor.py:840} INFO - DAG(s) 'example_branch_datetime_operator_2', 'example_branch_datetime_operator_3', 'example_branch_datetime_operator' retrieved from /home/ubuntu/venv/lib/python3.12/site-packages/airflow/example_dags/example_branch_datetime_operator.py
[2024-06-27T21:39:42.981+0000] {logging_mixin.py:188} INFO - [2024-06-27T21:39:42.981+0000] {dag.py:3096} INFO - Sync 3 DAGs
[2024-06-27T21:39:43.003+0000] {logging_mixin.py:188} INFO - [2024-06-27T21:39:43.003+0000] {dag.py:3954} INFO - Setting next_dagrun for example_branch_datetime_operator to 2024-06-26 00:00:00+00:00, run_after=2024-06-27 00:00:00+00:00
[2024-06-27T21:39:43.008+0000] {logging_mixin.py:188} INFO - [2024-06-27T21:39:43.008+0000] {dag.py:3954} INFO - Setting next_dagrun for example_branch_datetime_operator_2 to 2024-06-26 00:00:00+00:00, run_after=2024-06-27 00:00:00+00:00
[2024-06-27T21:39:43.010+0000] {logging_mixin.py:188} INFO - [2024-06-27T21:39:43.010+0000] {dag.py:3954} INFO - Setting next_dagrun for example_branch_datetime_operator_3 to 2024-06-26 00:00:00+00:00, run_after=2024-06-27 00:00:00+00:00
[2024-06-27T21:39:43.031+0000] {processor.py:183} INFO - Processing /home/ubuntu/venv/lib/python3.12/site-packages/airflow/example_dags/example_branch_datetime_operator.py took 0.092 seconds
[2024-06-27T21:40:47.930+0000] {processor.py:161} INFO - Started process (PID=4613) to work on /home/ubuntu/venv/lib/python3.12/site-packages/airflow/example_dags/example_branch_datetime_operator.py
[2024-06-27T21:40:47.931+0000] {processor.py:830} INFO - Processing file /home/ubuntu/venv/lib/python3.12/site-packages/airflow/example_dags/example_branch_datetime_operator.py for tasks to queue
[2024-06-27T21:40:47.932+0000] {logging_mixin.py:188} INFO - [2024-06-27T21:40:47.932+0000] {dagbag.py:545} INFO - Filling up the DagBag from /home/ubuntu/venv/lib/python3.12/site-packages/airflow/example_dags/example_branch_datetime_operator.py
[2024-06-27T21:40:47.943+0000] {processor.py:840} INFO - DAG(s) 'example_branch_datetime_operator_2', 'example_branch_datetime_operator', 'example_branch_datetime_operator_3' retrieved from /home/ubuntu/venv/lib/python3.12/site-packages/airflow/example_dags/example_branch_datetime_operator.py
[2024-06-27T21:40:47.966+0000] {logging_mixin.py:188} INFO - [2024-06-27T21:40:47.965+0000] {dag.py:3096} INFO - Sync 3 DAGs
[2024-06-27T21:40:47.988+0000] {logging_mixin.py:188} INFO - [2024-06-27T21:40:47.987+0000] {dag.py:3954} INFO - Setting next_dagrun for example_branch_datetime_operator to 2024-06-26 00:00:00+00:00, run_after=2024-06-27 00:00:00+00:00
[2024-06-27T21:40:47.992+0000] {logging_mixin.py:188} INFO - [2024-06-27T21:40:47.992+0000] {dag.py:3954} INFO - Setting next_dagrun for example_branch_datetime_operator_2 to 2024-06-26 00:00:00+00:00, run_after=2024-06-27 00:00:00+00:00
[2024-06-27T21:40:47.995+0000] {logging_mixin.py:188} INFO - [2024-06-27T21:40:47.994+0000] {dag.py:3954} INFO - Setting next_dagrun for example_branch_datetime_operator_3 to 2024-06-26 00:00:00+00:00, run_after=2024-06-27 00:00:00+00:00
[2024-06-27T21:40:48.015+0000] {processor.py:183} INFO - Processing /home/ubuntu/venv/lib/python3.12/site-packages/airflow/example_dags/example_branch_datetime_operator.py took 0.092 seconds
[2024-06-27T21:41:54.042+0000] {processor.py:161} INFO - Started process (PID=4682) to work on /home/ubuntu/venv/lib/python3.12/site-packages/airflow/example_dags/example_branch_datetime_operator.py
[2024-06-27T21:41:54.044+0000] {processor.py:830} INFO - Processing file /home/ubuntu/venv/lib/python3.12/site-packages/airflow/example_dags/example_branch_datetime_operator.py for tasks to queue
[2024-06-27T21:41:54.044+0000] {logging_mixin.py:188} INFO - [2024-06-27T21:41:54.044+0000] {dagbag.py:545} INFO - Filling up the DagBag from /home/ubuntu/venv/lib/python3.12/site-packages/airflow/example_dags/example_branch_datetime_operator.py
[2024-06-27T21:41:54.055+0000] {processor.py:840} INFO - DAG(s) 'example_branch_datetime_operator_3', 'example_branch_datetime_operator', 'example_branch_datetime_operator_2' retrieved from /home/ubuntu/venv/lib/python3.12/site-packages/airflow/example_dags/example_branch_datetime_operator.py
[2024-06-27T21:41:54.079+0000] {logging_mixin.py:188} INFO - [2024-06-27T21:41:54.078+0000] {dag.py:3096} INFO - Sync 3 DAGs
[2024-06-27T21:41:54.101+0000] {logging_mixin.py:188} INFO - [2024-06-27T21:41:54.101+0000] {dag.py:3954} INFO - Setting next_dagrun for example_branch_datetime_operator to 2024-06-26 00:00:00+00:00, run_after=2024-06-27 00:00:00+00:00
[2024-06-27T21:41:54.106+0000] {logging_mixin.py:188} INFO - [2024-06-27T21:41:54.106+0000] {dag.py:3954} INFO - Setting next_dagrun for example_branch_datetime_operator_2 to 2024-06-26 00:00:00+00:00, run_after=2024-06-27 00:00:00+00:00
[2024-06-27T21:41:54.108+0000] {logging_mixin.py:188} INFO - [2024-06-27T21:41:54.108+0000] {dag.py:3954} INFO - Setting next_dagrun for example_branch_datetime_operator_3 to 2024-06-26 00:00:00+00:00, run_after=2024-06-27 00:00:00+00:00
[2024-06-27T21:41:54.128+0000] {processor.py:183} INFO - Processing /home/ubuntu/venv/lib/python3.12/site-packages/airflow/example_dags/example_branch_datetime_operator.py took 0.092 seconds
[2024-06-27T21:42:58.722+0000] {processor.py:161} INFO - Started process (PID=4748) to work on /home/ubuntu/venv/lib/python3.12/site-packages/airflow/example_dags/example_branch_datetime_operator.py
[2024-06-27T21:42:58.723+0000] {processor.py:830} INFO - Processing file /home/ubuntu/venv/lib/python3.12/site-packages/airflow/example_dags/example_branch_datetime_operator.py for tasks to queue
[2024-06-27T21:42:58.724+0000] {logging_mixin.py:188} INFO - [2024-06-27T21:42:58.724+0000] {dagbag.py:545} INFO - Filling up the DagBag from /home/ubuntu/venv/lib/python3.12/site-packages/airflow/example_dags/example_branch_datetime_operator.py
[2024-06-27T21:42:58.735+0000] {processor.py:840} INFO - DAG(s) 'example_branch_datetime_operator_3', 'example_branch_datetime_operator', 'example_branch_datetime_operator_2' retrieved from /home/ubuntu/venv/lib/python3.12/site-packages/airflow/example_dags/example_branch_datetime_operator.py
[2024-06-27T21:42:58.758+0000] {logging_mixin.py:188} INFO - [2024-06-27T21:42:58.757+0000] {dag.py:3096} INFO - Sync 3 DAGs
[2024-06-27T21:42:58.780+0000] {logging_mixin.py:188} INFO - [2024-06-27T21:42:58.779+0000] {dag.py:3954} INFO - Setting next_dagrun for example_branch_datetime_operator to 2024-06-26 00:00:00+00:00, run_after=2024-06-27 00:00:00+00:00
[2024-06-27T21:42:58.785+0000] {logging_mixin.py:188} INFO - [2024-06-27T21:42:58.785+0000] {dag.py:3954} INFO - Setting next_dagrun for example_branch_datetime_operator_2 to 2024-06-26 00:00:00+00:00, run_after=2024-06-27 00:00:00+00:00
[2024-06-27T21:42:58.787+0000] {logging_mixin.py:188} INFO - [2024-06-27T21:42:58.787+0000] {dag.py:3954} INFO - Setting next_dagrun for example_branch_datetime_operator_3 to 2024-06-26 00:00:00+00:00, run_after=2024-06-27 00:00:00+00:00
[2024-06-27T21:42:58.919+0000] {processor.py:183} INFO - Processing /home/ubuntu/venv/lib/python3.12/site-packages/airflow/example_dags/example_branch_datetime_operator.py took 0.203 seconds
[2024-06-27T21:44:05.778+0000] {processor.py:161} INFO - Started process (PID=4817) to work on /home/ubuntu/venv/lib/python3.12/site-packages/airflow/example_dags/example_branch_datetime_operator.py
[2024-06-27T21:44:05.779+0000] {processor.py:830} INFO - Processing file /home/ubuntu/venv/lib/python3.12/site-packages/airflow/example_dags/example_branch_datetime_operator.py for tasks to queue
[2024-06-27T21:44:05.780+0000] {logging_mixin.py:188} INFO - [2024-06-27T21:44:05.780+0000] {dagbag.py:545} INFO - Filling up the DagBag from /home/ubuntu/venv/lib/python3.12/site-packages/airflow/example_dags/example_branch_datetime_operator.py
[2024-06-27T21:44:05.791+0000] {processor.py:840} INFO - DAG(s) 'example_branch_datetime_operator_2', 'example_branch_datetime_operator', 'example_branch_datetime_operator_3' retrieved from /home/ubuntu/venv/lib/python3.12/site-packages/airflow/example_dags/example_branch_datetime_operator.py
[2024-06-27T21:44:05.815+0000] {logging_mixin.py:188} INFO - [2024-06-27T21:44:05.814+0000] {dag.py:3096} INFO - Sync 3 DAGs
[2024-06-27T21:44:05.837+0000] {logging_mixin.py:188} INFO - [2024-06-27T21:44:05.837+0000] {dag.py:3954} INFO - Setting next_dagrun for example_branch_datetime_operator to 2024-06-26 00:00:00+00:00, run_after=2024-06-27 00:00:00+00:00
[2024-06-27T21:44:05.842+0000] {logging_mixin.py:188} INFO - [2024-06-27T21:44:05.842+0000] {dag.py:3954} INFO - Setting next_dagrun for example_branch_datetime_operator_2 to 2024-06-26 00:00:00+00:00, run_after=2024-06-27 00:00:00+00:00
[2024-06-27T21:44:05.844+0000] {logging_mixin.py:188} INFO - [2024-06-27T21:44:05.844+0000] {dag.py:3954} INFO - Setting next_dagrun for example_branch_datetime_operator_3 to 2024-06-26 00:00:00+00:00, run_after=2024-06-27 00:00:00+00:00
[2024-06-27T21:44:05.867+0000] {processor.py:183} INFO - Processing /home/ubuntu/venv/lib/python3.12/site-packages/airflow/example_dags/example_branch_datetime_operator.py took 0.095 seconds
[2024-06-27T21:45:14.676+0000] {processor.py:161} INFO - Started process (PID=4934) to work on /home/ubuntu/venv/lib/python3.12/site-packages/airflow/example_dags/example_branch_datetime_operator.py
[2024-06-27T21:45:14.678+0000] {processor.py:830} INFO - Processing file /home/ubuntu/venv/lib/python3.12/site-packages/airflow/example_dags/example_branch_datetime_operator.py for tasks to queue
[2024-06-27T21:45:14.679+0000] {logging_mixin.py:188} INFO - [2024-06-27T21:45:14.678+0000] {dagbag.py:545} INFO - Filling up the DagBag from /home/ubuntu/venv/lib/python3.12/site-packages/airflow/example_dags/example_branch_datetime_operator.py
[2024-06-27T21:45:14.690+0000] {processor.py:840} INFO - DAG(s) 'example_branch_datetime_operator_2', 'example_branch_datetime_operator_3', 'example_branch_datetime_operator' retrieved from /home/ubuntu/venv/lib/python3.12/site-packages/airflow/example_dags/example_branch_datetime_operator.py
[2024-06-27T21:45:14.713+0000] {logging_mixin.py:188} INFO - [2024-06-27T21:45:14.713+0000] {dag.py:3096} INFO - Sync 3 DAGs
[2024-06-27T21:45:14.736+0000] {logging_mixin.py:188} INFO - [2024-06-27T21:45:14.735+0000] {dag.py:3954} INFO - Setting next_dagrun for example_branch_datetime_operator to 2024-06-26 00:00:00+00:00, run_after=2024-06-27 00:00:00+00:00
[2024-06-27T21:45:14.741+0000] {logging_mixin.py:188} INFO - [2024-06-27T21:45:14.740+0000] {dag.py:3954} INFO - Setting next_dagrun for example_branch_datetime_operator_2 to 2024-06-26 00:00:00+00:00, run_after=2024-06-27 00:00:00+00:00
[2024-06-27T21:45:14.743+0000] {logging_mixin.py:188} INFO - [2024-06-27T21:45:14.743+0000] {dag.py:3954} INFO - Setting next_dagrun for example_branch_datetime_operator_3 to 2024-06-26 00:00:00+00:00, run_after=2024-06-27 00:00:00+00:00
[2024-06-27T21:45:14.764+0000] {processor.py:183} INFO - Processing /home/ubuntu/venv/lib/python3.12/site-packages/airflow/example_dags/example_branch_datetime_operator.py took 0.094 seconds
[2024-06-27T21:46:27.478+0000] {processor.py:161} INFO - Started process (PID=5003) to work on /home/ubuntu/venv/lib/python3.12/site-packages/airflow/example_dags/example_branch_datetime_operator.py
[2024-06-27T21:46:27.479+0000] {processor.py:830} INFO - Processing file /home/ubuntu/venv/lib/python3.12/site-packages/airflow/example_dags/example_branch_datetime_operator.py for tasks to queue
[2024-06-27T21:46:27.480+0000] {logging_mixin.py:188} INFO - [2024-06-27T21:46:27.480+0000] {dagbag.py:545} INFO - Filling up the DagBag from /home/ubuntu/venv/lib/python3.12/site-packages/airflow/example_dags/example_branch_datetime_operator.py
[2024-06-27T21:46:27.491+0000] {processor.py:840} INFO - DAG(s) 'example_branch_datetime_operator', 'example_branch_datetime_operator_3', 'example_branch_datetime_operator_2' retrieved from /home/ubuntu/venv/lib/python3.12/site-packages/airflow/example_dags/example_branch_datetime_operator.py
[2024-06-27T21:46:27.515+0000] {logging_mixin.py:188} INFO - [2024-06-27T21:46:27.514+0000] {dag.py:3096} INFO - Sync 3 DAGs
[2024-06-27T21:46:27.537+0000] {logging_mixin.py:188} INFO - [2024-06-27T21:46:27.536+0000] {dag.py:3954} INFO - Setting next_dagrun for example_branch_datetime_operator to 2024-06-26 00:00:00+00:00, run_after=2024-06-27 00:00:00+00:00
[2024-06-27T21:46:27.542+0000] {logging_mixin.py:188} INFO - [2024-06-27T21:46:27.541+0000] {dag.py:3954} INFO - Setting next_dagrun for example_branch_datetime_operator_2 to 2024-06-26 00:00:00+00:00, run_after=2024-06-27 00:00:00+00:00
[2024-06-27T21:46:27.544+0000] {logging_mixin.py:188} INFO - [2024-06-27T21:46:27.543+0000] {dag.py:3954} INFO - Setting next_dagrun for example_branch_datetime_operator_3 to 2024-06-26 00:00:00+00:00, run_after=2024-06-27 00:00:00+00:00
[2024-06-27T21:46:27.566+0000] {processor.py:183} INFO - Processing /home/ubuntu/venv/lib/python3.12/site-packages/airflow/example_dags/example_branch_datetime_operator.py took 0.094 seconds
[2024-06-27T21:47:40.612+0000] {processor.py:161} INFO - Started process (PID=5106) to work on /home/ubuntu/venv/lib/python3.12/site-packages/airflow/example_dags/example_branch_datetime_operator.py
[2024-06-27T21:47:40.613+0000] {processor.py:830} INFO - Processing file /home/ubuntu/venv/lib/python3.12/site-packages/airflow/example_dags/example_branch_datetime_operator.py for tasks to queue
[2024-06-27T21:47:40.614+0000] {logging_mixin.py:188} INFO - [2024-06-27T21:47:40.614+0000] {dagbag.py:545} INFO - Filling up the DagBag from /home/ubuntu/venv/lib/python3.12/site-packages/airflow/example_dags/example_branch_datetime_operator.py
[2024-06-27T21:47:40.626+0000] {processor.py:840} INFO - DAG(s) 'example_branch_datetime_operator_3', 'example_branch_datetime_operator', 'example_branch_datetime_operator_2' retrieved from /home/ubuntu/venv/lib/python3.12/site-packages/airflow/example_dags/example_branch_datetime_operator.py
[2024-06-27T21:47:40.650+0000] {logging_mixin.py:188} INFO - [2024-06-27T21:47:40.650+0000] {dag.py:3096} INFO - Sync 3 DAGs
[2024-06-27T21:47:40.673+0000] {logging_mixin.py:188} INFO - [2024-06-27T21:47:40.673+0000] {dag.py:3954} INFO - Setting next_dagrun for example_branch_datetime_operator to 2024-06-26 00:00:00+00:00, run_after=2024-06-27 00:00:00+00:00
[2024-06-27T21:47:40.678+0000] {logging_mixin.py:188} INFO - [2024-06-27T21:47:40.678+0000] {dag.py:3954} INFO - Setting next_dagrun for example_branch_datetime_operator_2 to 2024-06-26 00:00:00+00:00, run_after=2024-06-27 00:00:00+00:00
[2024-06-27T21:47:40.680+0000] {logging_mixin.py:188} INFO - [2024-06-27T21:47:40.680+0000] {dag.py:3954} INFO - Setting next_dagrun for example_branch_datetime_operator_3 to 2024-06-26 00:00:00+00:00, run_after=2024-06-27 00:00:00+00:00
[2024-06-27T21:47:40.700+0000] {processor.py:183} INFO - Processing /home/ubuntu/venv/lib/python3.12/site-packages/airflow/example_dags/example_branch_datetime_operator.py took 0.094 seconds
[2024-06-27T21:48:47.001+0000] {processor.py:161} INFO - Started process (PID=5271) to work on /home/ubuntu/venv/lib/python3.12/site-packages/airflow/example_dags/example_branch_datetime_operator.py
[2024-06-27T21:48:47.003+0000] {processor.py:830} INFO - Processing file /home/ubuntu/venv/lib/python3.12/site-packages/airflow/example_dags/example_branch_datetime_operator.py for tasks to queue
[2024-06-27T21:48:47.003+0000] {logging_mixin.py:188} INFO - [2024-06-27T21:48:47.003+0000] {dagbag.py:545} INFO - Filling up the DagBag from /home/ubuntu/venv/lib/python3.12/site-packages/airflow/example_dags/example_branch_datetime_operator.py
[2024-06-27T21:48:47.014+0000] {processor.py:840} INFO - DAG(s) 'example_branch_datetime_operator_2', 'example_branch_datetime_operator', 'example_branch_datetime_operator_3' retrieved from /home/ubuntu/venv/lib/python3.12/site-packages/airflow/example_dags/example_branch_datetime_operator.py
[2024-06-27T21:48:47.037+0000] {logging_mixin.py:188} INFO - [2024-06-27T21:48:47.037+0000] {dag.py:3096} INFO - Sync 3 DAGs
[2024-06-27T21:48:47.059+0000] {logging_mixin.py:188} INFO - [2024-06-27T21:48:47.059+0000] {dag.py:3954} INFO - Setting next_dagrun for example_branch_datetime_operator to 2024-06-26 00:00:00+00:00, run_after=2024-06-27 00:00:00+00:00
[2024-06-27T21:48:47.064+0000] {logging_mixin.py:188} INFO - [2024-06-27T21:48:47.064+0000] {dag.py:3954} INFO - Setting next_dagrun for example_branch_datetime_operator_2 to 2024-06-26 00:00:00+00:00, run_after=2024-06-27 00:00:00+00:00
[2024-06-27T21:48:47.066+0000] {logging_mixin.py:188} INFO - [2024-06-27T21:48:47.066+0000] {dag.py:3954} INFO - Setting next_dagrun for example_branch_datetime_operator_3 to 2024-06-26 00:00:00+00:00, run_after=2024-06-27 00:00:00+00:00
[2024-06-27T21:48:47.087+0000] {processor.py:183} INFO - Processing /home/ubuntu/venv/lib/python3.12/site-packages/airflow/example_dags/example_branch_datetime_operator.py took 0.094 seconds
[2024-06-27T21:49:46.555+0000] {processor.py:161} INFO - Started process (PID=5333) to work on /home/ubuntu/venv/lib/python3.12/site-packages/airflow/example_dags/example_branch_datetime_operator.py
[2024-06-27T21:49:46.557+0000] {processor.py:830} INFO - Processing file /home/ubuntu/venv/lib/python3.12/site-packages/airflow/example_dags/example_branch_datetime_operator.py for tasks to queue
[2024-06-27T21:49:46.557+0000] {logging_mixin.py:188} INFO - [2024-06-27T21:49:46.557+0000] {dagbag.py:545} INFO - Filling up the DagBag from /home/ubuntu/venv/lib/python3.12/site-packages/airflow/example_dags/example_branch_datetime_operator.py
[2024-06-27T21:49:46.568+0000] {processor.py:840} INFO - DAG(s) 'example_branch_datetime_operator_2', 'example_branch_datetime_operator', 'example_branch_datetime_operator_3' retrieved from /home/ubuntu/venv/lib/python3.12/site-packages/airflow/example_dags/example_branch_datetime_operator.py
[2024-06-27T21:49:46.591+0000] {logging_mixin.py:188} INFO - [2024-06-27T21:49:46.591+0000] {dag.py:3096} INFO - Sync 3 DAGs
[2024-06-27T21:49:46.613+0000] {logging_mixin.py:188} INFO - [2024-06-27T21:49:46.613+0000] {dag.py:3954} INFO - Setting next_dagrun for example_branch_datetime_operator to 2024-06-26 00:00:00+00:00, run_after=2024-06-27 00:00:00+00:00
[2024-06-27T21:49:46.618+0000] {logging_mixin.py:188} INFO - [2024-06-27T21:49:46.618+0000] {dag.py:3954} INFO - Setting next_dagrun for example_branch_datetime_operator_2 to 2024-06-26 00:00:00+00:00, run_after=2024-06-27 00:00:00+00:00
[2024-06-27T21:49:46.620+0000] {logging_mixin.py:188} INFO - [2024-06-27T21:49:46.620+0000] {dag.py:3954} INFO - Setting next_dagrun for example_branch_datetime_operator_3 to 2024-06-26 00:00:00+00:00, run_after=2024-06-27 00:00:00+00:00
[2024-06-27T21:49:46.641+0000] {processor.py:183} INFO - Processing /home/ubuntu/venv/lib/python3.12/site-packages/airflow/example_dags/example_branch_datetime_operator.py took 0.094 seconds
