[2024-06-27T21:20:11.034+0000] {processor.py:161} INFO - Started process (PID=2971) to work on /home/ubuntu/venv/lib/python3.12/site-packages/airflow/example_dags/example_kubernetes_executor.py
[2024-06-27T21:20:11.035+0000] {processor.py:830} INFO - Processing file /home/ubuntu/venv/lib/python3.12/site-packages/airflow/example_dags/example_kubernetes_executor.py for tasks to queue
[2024-06-27T21:20:11.037+0000] {logging_mixin.py:188} INFO - [2024-06-27T21:20:11.036+0000] {dagbag.py:545} INFO - Filling up the DagBag from /home/ubuntu/venv/lib/python3.12/site-packages/airflow/example_dags/example_kubernetes_executor.py
[2024-06-27T21:20:11.039+0000] {logging_mixin.py:188} INFO - [2024-06-27T21:20:11.039+0000] {example_kubernetes_executor.py:39} WARNING - The example_kubernetes_executor example DAG requires the kubernetes provider. Please install it with: pip install apache-airflow[cncf.kubernetes]
[2024-06-27T21:20:11.040+0000] {processor.py:842} WARNING - No viable dags retrieved from /home/ubuntu/venv/lib/python3.12/site-packages/airflow/example_dags/example_kubernetes_executor.py
[2024-06-27T21:20:11.051+0000] {processor.py:183} INFO - Processing /home/ubuntu/venv/lib/python3.12/site-packages/airflow/example_dags/example_kubernetes_executor.py took 0.023 seconds
[2024-06-27T21:21:03.064+0000] {processor.py:161} INFO - Started process (PID=3308) to work on /home/ubuntu/venv/lib/python3.12/site-packages/airflow/example_dags/example_kubernetes_executor.py
[2024-06-27T21:21:03.065+0000] {processor.py:830} INFO - Processing file /home/ubuntu/venv/lib/python3.12/site-packages/airflow/example_dags/example_kubernetes_executor.py for tasks to queue
[2024-06-27T21:21:03.067+0000] {logging_mixin.py:188} INFO - [2024-06-27T21:21:03.066+0000] {dagbag.py:545} INFO - Filling up the DagBag from /home/ubuntu/venv/lib/python3.12/site-packages/airflow/example_dags/example_kubernetes_executor.py
[2024-06-27T21:21:03.070+0000] {logging_mixin.py:188} INFO - [2024-06-27T21:21:03.070+0000] {example_kubernetes_executor.py:39} WARNING - The example_kubernetes_executor example DAG requires the kubernetes provider. Please install it with: pip install apache-airflow[cncf.kubernetes]
[2024-06-27T21:21:03.070+0000] {processor.py:842} WARNING - No viable dags retrieved from /home/ubuntu/venv/lib/python3.12/site-packages/airflow/example_dags/example_kubernetes_executor.py
[2024-06-27T21:21:03.081+0000] {processor.py:183} INFO - Processing /home/ubuntu/venv/lib/python3.12/site-packages/airflow/example_dags/example_kubernetes_executor.py took 0.024 seconds
[2024-06-27T21:22:03.164+0000] {processor.py:161} INFO - Started process (PID=3373) to work on /home/ubuntu/venv/lib/python3.12/site-packages/airflow/example_dags/example_kubernetes_executor.py
[2024-06-27T21:22:03.166+0000] {processor.py:830} INFO - Processing file /home/ubuntu/venv/lib/python3.12/site-packages/airflow/example_dags/example_kubernetes_executor.py for tasks to queue
[2024-06-27T21:22:03.167+0000] {logging_mixin.py:188} INFO - [2024-06-27T21:22:03.167+0000] {dagbag.py:545} INFO - Filling up the DagBag from /home/ubuntu/venv/lib/python3.12/site-packages/airflow/example_dags/example_kubernetes_executor.py
[2024-06-27T21:22:03.170+0000] {logging_mixin.py:188} INFO - [2024-06-27T21:22:03.170+0000] {example_kubernetes_executor.py:39} WARNING - The example_kubernetes_executor example DAG requires the kubernetes provider. Please install it with: pip install apache-airflow[cncf.kubernetes]
[2024-06-27T21:22:03.171+0000] {processor.py:842} WARNING - No viable dags retrieved from /home/ubuntu/venv/lib/python3.12/site-packages/airflow/example_dags/example_kubernetes_executor.py
[2024-06-27T21:22:03.181+0000] {processor.py:183} INFO - Processing /home/ubuntu/venv/lib/python3.12/site-packages/airflow/example_dags/example_kubernetes_executor.py took 0.023 seconds
[2024-06-27T21:23:03.794+0000] {processor.py:161} INFO - Started process (PID=3449) to work on /home/ubuntu/venv/lib/python3.12/site-packages/airflow/example_dags/example_kubernetes_executor.py
[2024-06-27T21:23:03.796+0000] {processor.py:830} INFO - Processing file /home/ubuntu/venv/lib/python3.12/site-packages/airflow/example_dags/example_kubernetes_executor.py for tasks to queue
[2024-06-27T21:23:03.798+0000] {logging_mixin.py:188} INFO - [2024-06-27T21:23:03.798+0000] {dagbag.py:545} INFO - Filling up the DagBag from /home/ubuntu/venv/lib/python3.12/site-packages/airflow/example_dags/example_kubernetes_executor.py
[2024-06-27T21:23:03.801+0000] {logging_mixin.py:188} INFO - [2024-06-27T21:23:03.801+0000] {example_kubernetes_executor.py:39} WARNING - The example_kubernetes_executor example DAG requires the kubernetes provider. Please install it with: pip install apache-airflow[cncf.kubernetes]
[2024-06-27T21:23:03.801+0000] {processor.py:842} WARNING - No viable dags retrieved from /home/ubuntu/venv/lib/python3.12/site-packages/airflow/example_dags/example_kubernetes_executor.py
[2024-06-27T21:23:03.813+0000] {processor.py:183} INFO - Processing /home/ubuntu/venv/lib/python3.12/site-packages/airflow/example_dags/example_kubernetes_executor.py took 0.025 seconds
[2024-06-27T21:24:02.190+0000] {processor.py:161} INFO - Started process (PID=3513) to work on /home/ubuntu/venv/lib/python3.12/site-packages/airflow/example_dags/example_kubernetes_executor.py
[2024-06-27T21:24:02.192+0000] {processor.py:830} INFO - Processing file /home/ubuntu/venv/lib/python3.12/site-packages/airflow/example_dags/example_kubernetes_executor.py for tasks to queue
[2024-06-27T21:24:02.194+0000] {logging_mixin.py:188} INFO - [2024-06-27T21:24:02.193+0000] {dagbag.py:545} INFO - Filling up the DagBag from /home/ubuntu/venv/lib/python3.12/site-packages/airflow/example_dags/example_kubernetes_executor.py
[2024-06-27T21:24:02.197+0000] {logging_mixin.py:188} INFO - [2024-06-27T21:24:02.197+0000] {example_kubernetes_executor.py:39} WARNING - The example_kubernetes_executor example DAG requires the kubernetes provider. Please install it with: pip install apache-airflow[cncf.kubernetes]
[2024-06-27T21:24:02.197+0000] {processor.py:842} WARNING - No viable dags retrieved from /home/ubuntu/venv/lib/python3.12/site-packages/airflow/example_dags/example_kubernetes_executor.py
[2024-06-27T21:24:02.208+0000] {processor.py:183} INFO - Processing /home/ubuntu/venv/lib/python3.12/site-packages/airflow/example_dags/example_kubernetes_executor.py took 0.024 seconds
[2024-06-27T21:25:04.137+0000] {processor.py:161} INFO - Started process (PID=3582) to work on /home/ubuntu/venv/lib/python3.12/site-packages/airflow/example_dags/example_kubernetes_executor.py
[2024-06-27T21:25:04.138+0000] {processor.py:830} INFO - Processing file /home/ubuntu/venv/lib/python3.12/site-packages/airflow/example_dags/example_kubernetes_executor.py for tasks to queue
[2024-06-27T21:25:04.139+0000] {logging_mixin.py:188} INFO - [2024-06-27T21:25:04.139+0000] {dagbag.py:545} INFO - Filling up the DagBag from /home/ubuntu/venv/lib/python3.12/site-packages/airflow/example_dags/example_kubernetes_executor.py
[2024-06-27T21:25:04.142+0000] {logging_mixin.py:188} INFO - [2024-06-27T21:25:04.142+0000] {example_kubernetes_executor.py:39} WARNING - The example_kubernetes_executor example DAG requires the kubernetes provider. Please install it with: pip install apache-airflow[cncf.kubernetes]
[2024-06-27T21:25:04.142+0000] {processor.py:842} WARNING - No viable dags retrieved from /home/ubuntu/venv/lib/python3.12/site-packages/airflow/example_dags/example_kubernetes_executor.py
[2024-06-27T21:25:04.154+0000] {processor.py:183} INFO - Processing /home/ubuntu/venv/lib/python3.12/site-packages/airflow/example_dags/example_kubernetes_executor.py took 0.023 seconds
[2024-06-27T21:26:07.055+0000] {processor.py:161} INFO - Started process (PID=3651) to work on /home/ubuntu/venv/lib/python3.12/site-packages/airflow/example_dags/example_kubernetes_executor.py
[2024-06-27T21:26:07.057+0000] {processor.py:830} INFO - Processing file /home/ubuntu/venv/lib/python3.12/site-packages/airflow/example_dags/example_kubernetes_executor.py for tasks to queue
[2024-06-27T21:26:07.058+0000] {logging_mixin.py:188} INFO - [2024-06-27T21:26:07.057+0000] {dagbag.py:545} INFO - Filling up the DagBag from /home/ubuntu/venv/lib/python3.12/site-packages/airflow/example_dags/example_kubernetes_executor.py
[2024-06-27T21:26:07.061+0000] {logging_mixin.py:188} INFO - [2024-06-27T21:26:07.061+0000] {example_kubernetes_executor.py:39} WARNING - The example_kubernetes_executor example DAG requires the kubernetes provider. Please install it with: pip install apache-airflow[cncf.kubernetes]
[2024-06-27T21:26:07.061+0000] {processor.py:842} WARNING - No viable dags retrieved from /home/ubuntu/venv/lib/python3.12/site-packages/airflow/example_dags/example_kubernetes_executor.py
[2024-06-27T21:26:07.072+0000] {processor.py:183} INFO - Processing /home/ubuntu/venv/lib/python3.12/site-packages/airflow/example_dags/example_kubernetes_executor.py took 0.023 seconds
[2024-06-27T21:27:12.646+0000] {processor.py:161} INFO - Started process (PID=3719) to work on /home/ubuntu/venv/lib/python3.12/site-packages/airflow/example_dags/example_kubernetes_executor.py
[2024-06-27T21:27:12.647+0000] {processor.py:830} INFO - Processing file /home/ubuntu/venv/lib/python3.12/site-packages/airflow/example_dags/example_kubernetes_executor.py for tasks to queue
[2024-06-27T21:27:12.648+0000] {logging_mixin.py:188} INFO - [2024-06-27T21:27:12.648+0000] {dagbag.py:545} INFO - Filling up the DagBag from /home/ubuntu/venv/lib/python3.12/site-packages/airflow/example_dags/example_kubernetes_executor.py
[2024-06-27T21:27:12.651+0000] {logging_mixin.py:188} INFO - [2024-06-27T21:27:12.651+0000] {example_kubernetes_executor.py:39} WARNING - The example_kubernetes_executor example DAG requires the kubernetes provider. Please install it with: pip install apache-airflow[cncf.kubernetes]
[2024-06-27T21:27:12.652+0000] {processor.py:842} WARNING - No viable dags retrieved from /home/ubuntu/venv/lib/python3.12/site-packages/airflow/example_dags/example_kubernetes_executor.py
[2024-06-27T21:27:12.663+0000] {processor.py:183} INFO - Processing /home/ubuntu/venv/lib/python3.12/site-packages/airflow/example_dags/example_kubernetes_executor.py took 0.023 seconds
[2024-06-27T21:28:24.347+0000] {processor.py:161} INFO - Started process (PID=3799) to work on /home/ubuntu/venv/lib/python3.12/site-packages/airflow/example_dags/example_kubernetes_executor.py
[2024-06-27T21:28:24.349+0000] {processor.py:830} INFO - Processing file /home/ubuntu/venv/lib/python3.12/site-packages/airflow/example_dags/example_kubernetes_executor.py for tasks to queue
[2024-06-27T21:28:24.350+0000] {logging_mixin.py:188} INFO - [2024-06-27T21:28:24.349+0000] {dagbag.py:545} INFO - Filling up the DagBag from /home/ubuntu/venv/lib/python3.12/site-packages/airflow/example_dags/example_kubernetes_executor.py
[2024-06-27T21:28:24.353+0000] {logging_mixin.py:188} INFO - [2024-06-27T21:28:24.353+0000] {example_kubernetes_executor.py:39} WARNING - The example_kubernetes_executor example DAG requires the kubernetes provider. Please install it with: pip install apache-airflow[cncf.kubernetes]
[2024-06-27T21:28:24.353+0000] {processor.py:842} WARNING - No viable dags retrieved from /home/ubuntu/venv/lib/python3.12/site-packages/airflow/example_dags/example_kubernetes_executor.py
[2024-06-27T21:28:24.364+0000] {processor.py:183} INFO - Processing /home/ubuntu/venv/lib/python3.12/site-packages/airflow/example_dags/example_kubernetes_executor.py took 0.023 seconds
[2024-06-27T21:29:30.789+0000] {processor.py:161} INFO - Started process (PID=3883) to work on /home/ubuntu/venv/lib/python3.12/site-packages/airflow/example_dags/example_kubernetes_executor.py
[2024-06-27T21:29:30.790+0000] {processor.py:830} INFO - Processing file /home/ubuntu/venv/lib/python3.12/site-packages/airflow/example_dags/example_kubernetes_executor.py for tasks to queue
[2024-06-27T21:29:30.791+0000] {logging_mixin.py:188} INFO - [2024-06-27T21:29:30.791+0000] {dagbag.py:545} INFO - Filling up the DagBag from /home/ubuntu/venv/lib/python3.12/site-packages/airflow/example_dags/example_kubernetes_executor.py
[2024-06-27T21:29:30.794+0000] {logging_mixin.py:188} INFO - [2024-06-27T21:29:30.794+0000] {example_kubernetes_executor.py:39} WARNING - The example_kubernetes_executor example DAG requires the kubernetes provider. Please install it with: pip install apache-airflow[cncf.kubernetes]
[2024-06-27T21:29:30.794+0000] {processor.py:842} WARNING - No viable dags retrieved from /home/ubuntu/venv/lib/python3.12/site-packages/airflow/example_dags/example_kubernetes_executor.py
[2024-06-27T21:29:30.806+0000] {processor.py:183} INFO - Processing /home/ubuntu/venv/lib/python3.12/site-packages/airflow/example_dags/example_kubernetes_executor.py took 0.023 seconds
[2024-06-27T21:30:34.846+0000] {processor.py:161} INFO - Started process (PID=3960) to work on /home/ubuntu/venv/lib/python3.12/site-packages/airflow/example_dags/example_kubernetes_executor.py
[2024-06-27T21:30:34.848+0000] {processor.py:830} INFO - Processing file /home/ubuntu/venv/lib/python3.12/site-packages/airflow/example_dags/example_kubernetes_executor.py for tasks to queue
[2024-06-27T21:30:34.849+0000] {logging_mixin.py:188} INFO - [2024-06-27T21:30:34.849+0000] {dagbag.py:545} INFO - Filling up the DagBag from /home/ubuntu/venv/lib/python3.12/site-packages/airflow/example_dags/example_kubernetes_executor.py
[2024-06-27T21:30:34.852+0000] {logging_mixin.py:188} INFO - [2024-06-27T21:30:34.852+0000] {example_kubernetes_executor.py:39} WARNING - The example_kubernetes_executor example DAG requires the kubernetes provider. Please install it with: pip install apache-airflow[cncf.kubernetes]
[2024-06-27T21:30:34.852+0000] {processor.py:842} WARNING - No viable dags retrieved from /home/ubuntu/venv/lib/python3.12/site-packages/airflow/example_dags/example_kubernetes_executor.py
[2024-06-27T21:30:34.863+0000] {processor.py:183} INFO - Processing /home/ubuntu/venv/lib/python3.12/site-packages/airflow/example_dags/example_kubernetes_executor.py took 0.026 seconds
[2024-06-27T21:31:38.099+0000] {processor.py:161} INFO - Started process (PID=4025) to work on /home/ubuntu/venv/lib/python3.12/site-packages/airflow/example_dags/example_kubernetes_executor.py
[2024-06-27T21:31:38.100+0000] {processor.py:830} INFO - Processing file /home/ubuntu/venv/lib/python3.12/site-packages/airflow/example_dags/example_kubernetes_executor.py for tasks to queue
[2024-06-27T21:31:38.101+0000] {logging_mixin.py:188} INFO - [2024-06-27T21:31:38.101+0000] {dagbag.py:545} INFO - Filling up the DagBag from /home/ubuntu/venv/lib/python3.12/site-packages/airflow/example_dags/example_kubernetes_executor.py
[2024-06-27T21:31:38.104+0000] {logging_mixin.py:188} INFO - [2024-06-27T21:31:38.104+0000] {example_kubernetes_executor.py:39} WARNING - The example_kubernetes_executor example DAG requires the kubernetes provider. Please install it with: pip install apache-airflow[cncf.kubernetes]
[2024-06-27T21:31:38.104+0000] {processor.py:842} WARNING - No viable dags retrieved from /home/ubuntu/venv/lib/python3.12/site-packages/airflow/example_dags/example_kubernetes_executor.py
[2024-06-27T21:31:38.115+0000] {processor.py:183} INFO - Processing /home/ubuntu/venv/lib/python3.12/site-packages/airflow/example_dags/example_kubernetes_executor.py took 0.023 seconds
[2024-06-27T21:32:56.710+0000] {processor.py:161} INFO - Started process (PID=4112) to work on /home/ubuntu/venv/lib/python3.12/site-packages/airflow/example_dags/example_kubernetes_executor.py
[2024-06-27T21:32:56.712+0000] {processor.py:830} INFO - Processing file /home/ubuntu/venv/lib/python3.12/site-packages/airflow/example_dags/example_kubernetes_executor.py for tasks to queue
[2024-06-27T21:32:56.713+0000] {logging_mixin.py:188} INFO - [2024-06-27T21:32:56.712+0000] {dagbag.py:545} INFO - Filling up the DagBag from /home/ubuntu/venv/lib/python3.12/site-packages/airflow/example_dags/example_kubernetes_executor.py
[2024-06-27T21:32:56.716+0000] {logging_mixin.py:188} INFO - [2024-06-27T21:32:56.715+0000] {example_kubernetes_executor.py:39} WARNING - The example_kubernetes_executor example DAG requires the kubernetes provider. Please install it with: pip install apache-airflow[cncf.kubernetes]
[2024-06-27T21:32:56.716+0000] {processor.py:842} WARNING - No viable dags retrieved from /home/ubuntu/venv/lib/python3.12/site-packages/airflow/example_dags/example_kubernetes_executor.py
[2024-06-27T21:32:56.727+0000] {processor.py:183} INFO - Processing /home/ubuntu/venv/lib/python3.12/site-packages/airflow/example_dags/example_kubernetes_executor.py took 0.023 seconds
[2024-06-27T21:33:48.545+0000] {processor.py:161} INFO - Started process (PID=4172) to work on /home/ubuntu/venv/lib/python3.12/site-packages/airflow/example_dags/example_kubernetes_executor.py
[2024-06-27T21:33:48.547+0000] {processor.py:830} INFO - Processing file /home/ubuntu/venv/lib/python3.12/site-packages/airflow/example_dags/example_kubernetes_executor.py for tasks to queue
[2024-06-27T21:33:48.548+0000] {logging_mixin.py:188} INFO - [2024-06-27T21:33:48.548+0000] {dagbag.py:545} INFO - Filling up the DagBag from /home/ubuntu/venv/lib/python3.12/site-packages/airflow/example_dags/example_kubernetes_executor.py
[2024-06-27T21:33:48.551+0000] {logging_mixin.py:188} INFO - [2024-06-27T21:33:48.551+0000] {example_kubernetes_executor.py:39} WARNING - The example_kubernetes_executor example DAG requires the kubernetes provider. Please install it with: pip install apache-airflow[cncf.kubernetes]
[2024-06-27T21:33:48.551+0000] {processor.py:842} WARNING - No viable dags retrieved from /home/ubuntu/venv/lib/python3.12/site-packages/airflow/example_dags/example_kubernetes_executor.py
[2024-06-27T21:33:48.562+0000] {processor.py:183} INFO - Processing /home/ubuntu/venv/lib/python3.12/site-packages/airflow/example_dags/example_kubernetes_executor.py took 0.023 seconds
[2024-06-27T21:34:52.513+0000] {processor.py:161} INFO - Started process (PID=4239) to work on /home/ubuntu/venv/lib/python3.12/site-packages/airflow/example_dags/example_kubernetes_executor.py
[2024-06-27T21:34:52.514+0000] {processor.py:830} INFO - Processing file /home/ubuntu/venv/lib/python3.12/site-packages/airflow/example_dags/example_kubernetes_executor.py for tasks to queue
[2024-06-27T21:34:52.515+0000] {logging_mixin.py:188} INFO - [2024-06-27T21:34:52.515+0000] {dagbag.py:545} INFO - Filling up the DagBag from /home/ubuntu/venv/lib/python3.12/site-packages/airflow/example_dags/example_kubernetes_executor.py
[2024-06-27T21:34:52.518+0000] {logging_mixin.py:188} INFO - [2024-06-27T21:34:52.518+0000] {example_kubernetes_executor.py:39} WARNING - The example_kubernetes_executor example DAG requires the kubernetes provider. Please install it with: pip install apache-airflow[cncf.kubernetes]
[2024-06-27T21:34:52.519+0000] {processor.py:842} WARNING - No viable dags retrieved from /home/ubuntu/venv/lib/python3.12/site-packages/airflow/example_dags/example_kubernetes_executor.py
[2024-06-27T21:34:52.529+0000] {processor.py:183} INFO - Processing /home/ubuntu/venv/lib/python3.12/site-packages/airflow/example_dags/example_kubernetes_executor.py took 0.023 seconds
[2024-06-27T21:35:55.752+0000] {processor.py:161} INFO - Started process (PID=4310) to work on /home/ubuntu/venv/lib/python3.12/site-packages/airflow/example_dags/example_kubernetes_executor.py
[2024-06-27T21:35:55.754+0000] {processor.py:830} INFO - Processing file /home/ubuntu/venv/lib/python3.12/site-packages/airflow/example_dags/example_kubernetes_executor.py for tasks to queue
[2024-06-27T21:35:55.755+0000] {logging_mixin.py:188} INFO - [2024-06-27T21:35:55.754+0000] {dagbag.py:545} INFO - Filling up the DagBag from /home/ubuntu/venv/lib/python3.12/site-packages/airflow/example_dags/example_kubernetes_executor.py
[2024-06-27T21:35:55.757+0000] {logging_mixin.py:188} INFO - [2024-06-27T21:35:55.757+0000] {example_kubernetes_executor.py:39} WARNING - The example_kubernetes_executor example DAG requires the kubernetes provider. Please install it with: pip install apache-airflow[cncf.kubernetes]
[2024-06-27T21:35:55.758+0000] {processor.py:842} WARNING - No viable dags retrieved from /home/ubuntu/venv/lib/python3.12/site-packages/airflow/example_dags/example_kubernetes_executor.py
[2024-06-27T21:35:55.769+0000] {processor.py:183} INFO - Processing /home/ubuntu/venv/lib/python3.12/site-packages/airflow/example_dags/example_kubernetes_executor.py took 0.022 seconds
[2024-06-27T21:37:01.366+0000] {processor.py:161} INFO - Started process (PID=4376) to work on /home/ubuntu/venv/lib/python3.12/site-packages/airflow/example_dags/example_kubernetes_executor.py
[2024-06-27T21:37:01.367+0000] {processor.py:830} INFO - Processing file /home/ubuntu/venv/lib/python3.12/site-packages/airflow/example_dags/example_kubernetes_executor.py for tasks to queue
[2024-06-27T21:37:01.368+0000] {logging_mixin.py:188} INFO - [2024-06-27T21:37:01.368+0000] {dagbag.py:545} INFO - Filling up the DagBag from /home/ubuntu/venv/lib/python3.12/site-packages/airflow/example_dags/example_kubernetes_executor.py
[2024-06-27T21:37:01.371+0000] {logging_mixin.py:188} INFO - [2024-06-27T21:37:01.371+0000] {example_kubernetes_executor.py:39} WARNING - The example_kubernetes_executor example DAG requires the kubernetes provider. Please install it with: pip install apache-airflow[cncf.kubernetes]
[2024-06-27T21:37:01.371+0000] {processor.py:842} WARNING - No viable dags retrieved from /home/ubuntu/venv/lib/python3.12/site-packages/airflow/example_dags/example_kubernetes_executor.py
[2024-06-27T21:37:01.382+0000] {processor.py:183} INFO - Processing /home/ubuntu/venv/lib/python3.12/site-packages/airflow/example_dags/example_kubernetes_executor.py took 0.023 seconds
[2024-06-27T21:38:14.395+0000] {processor.py:161} INFO - Started process (PID=4453) to work on /home/ubuntu/venv/lib/python3.12/site-packages/airflow/example_dags/example_kubernetes_executor.py
[2024-06-27T21:38:14.397+0000] {processor.py:830} INFO - Processing file /home/ubuntu/venv/lib/python3.12/site-packages/airflow/example_dags/example_kubernetes_executor.py for tasks to queue
[2024-06-27T21:38:14.398+0000] {logging_mixin.py:188} INFO - [2024-06-27T21:38:14.397+0000] {dagbag.py:545} INFO - Filling up the DagBag from /home/ubuntu/venv/lib/python3.12/site-packages/airflow/example_dags/example_kubernetes_executor.py
[2024-06-27T21:38:14.401+0000] {logging_mixin.py:188} INFO - [2024-06-27T21:38:14.401+0000] {example_kubernetes_executor.py:39} WARNING - The example_kubernetes_executor example DAG requires the kubernetes provider. Please install it with: pip install apache-airflow[cncf.kubernetes]
[2024-06-27T21:38:14.401+0000] {processor.py:842} WARNING - No viable dags retrieved from /home/ubuntu/venv/lib/python3.12/site-packages/airflow/example_dags/example_kubernetes_executor.py
[2024-06-27T21:38:14.412+0000] {processor.py:183} INFO - Processing /home/ubuntu/venv/lib/python3.12/site-packages/airflow/example_dags/example_kubernetes_executor.py took 0.026 seconds
[2024-06-27T21:39:22.513+0000] {processor.py:161} INFO - Started process (PID=4523) to work on /home/ubuntu/venv/lib/python3.12/site-packages/airflow/example_dags/example_kubernetes_executor.py
[2024-06-27T21:39:22.515+0000] {processor.py:830} INFO - Processing file /home/ubuntu/venv/lib/python3.12/site-packages/airflow/example_dags/example_kubernetes_executor.py for tasks to queue
[2024-06-27T21:39:22.516+0000] {logging_mixin.py:188} INFO - [2024-06-27T21:39:22.515+0000] {dagbag.py:545} INFO - Filling up the DagBag from /home/ubuntu/venv/lib/python3.12/site-packages/airflow/example_dags/example_kubernetes_executor.py
[2024-06-27T21:39:22.519+0000] {logging_mixin.py:188} INFO - [2024-06-27T21:39:22.519+0000] {example_kubernetes_executor.py:39} WARNING - The example_kubernetes_executor example DAG requires the kubernetes provider. Please install it with: pip install apache-airflow[cncf.kubernetes]
[2024-06-27T21:39:22.520+0000] {processor.py:842} WARNING - No viable dags retrieved from /home/ubuntu/venv/lib/python3.12/site-packages/airflow/example_dags/example_kubernetes_executor.py
[2024-06-27T21:39:22.537+0000] {processor.py:183} INFO - Processing /home/ubuntu/venv/lib/python3.12/site-packages/airflow/example_dags/example_kubernetes_executor.py took 0.030 seconds
[2024-06-27T21:40:23.548+0000] {processor.py:161} INFO - Started process (PID=4590) to work on /home/ubuntu/venv/lib/python3.12/site-packages/airflow/example_dags/example_kubernetes_executor.py
[2024-06-27T21:40:23.550+0000] {processor.py:830} INFO - Processing file /home/ubuntu/venv/lib/python3.12/site-packages/airflow/example_dags/example_kubernetes_executor.py for tasks to queue
[2024-06-27T21:40:23.551+0000] {logging_mixin.py:188} INFO - [2024-06-27T21:40:23.550+0000] {dagbag.py:545} INFO - Filling up the DagBag from /home/ubuntu/venv/lib/python3.12/site-packages/airflow/example_dags/example_kubernetes_executor.py
[2024-06-27T21:40:23.554+0000] {logging_mixin.py:188} INFO - [2024-06-27T21:40:23.553+0000] {example_kubernetes_executor.py:39} WARNING - The example_kubernetes_executor example DAG requires the kubernetes provider. Please install it with: pip install apache-airflow[cncf.kubernetes]
[2024-06-27T21:40:23.554+0000] {processor.py:842} WARNING - No viable dags retrieved from /home/ubuntu/venv/lib/python3.12/site-packages/airflow/example_dags/example_kubernetes_executor.py
[2024-06-27T21:40:23.565+0000] {processor.py:183} INFO - Processing /home/ubuntu/venv/lib/python3.12/site-packages/airflow/example_dags/example_kubernetes_executor.py took 0.023 seconds
[2024-06-27T21:41:30.048+0000] {processor.py:161} INFO - Started process (PID=4657) to work on /home/ubuntu/venv/lib/python3.12/site-packages/airflow/example_dags/example_kubernetes_executor.py
[2024-06-27T21:41:30.049+0000] {processor.py:830} INFO - Processing file /home/ubuntu/venv/lib/python3.12/site-packages/airflow/example_dags/example_kubernetes_executor.py for tasks to queue
[2024-06-27T21:41:30.050+0000] {logging_mixin.py:188} INFO - [2024-06-27T21:41:30.050+0000] {dagbag.py:545} INFO - Filling up the DagBag from /home/ubuntu/venv/lib/python3.12/site-packages/airflow/example_dags/example_kubernetes_executor.py
[2024-06-27T21:41:30.053+0000] {logging_mixin.py:188} INFO - [2024-06-27T21:41:30.053+0000] {example_kubernetes_executor.py:39} WARNING - The example_kubernetes_executor example DAG requires the kubernetes provider. Please install it with: pip install apache-airflow[cncf.kubernetes]
[2024-06-27T21:41:30.053+0000] {processor.py:842} WARNING - No viable dags retrieved from /home/ubuntu/venv/lib/python3.12/site-packages/airflow/example_dags/example_kubernetes_executor.py
[2024-06-27T21:41:30.064+0000] {processor.py:183} INFO - Processing /home/ubuntu/venv/lib/python3.12/site-packages/airflow/example_dags/example_kubernetes_executor.py took 0.022 seconds
[2024-06-27T21:42:36.468+0000] {processor.py:161} INFO - Started process (PID=4727) to work on /home/ubuntu/venv/lib/python3.12/site-packages/airflow/example_dags/example_kubernetes_executor.py
[2024-06-27T21:42:36.470+0000] {processor.py:830} INFO - Processing file /home/ubuntu/venv/lib/python3.12/site-packages/airflow/example_dags/example_kubernetes_executor.py for tasks to queue
[2024-06-27T21:42:36.471+0000] {logging_mixin.py:188} INFO - [2024-06-27T21:42:36.470+0000] {dagbag.py:545} INFO - Filling up the DagBag from /home/ubuntu/venv/lib/python3.12/site-packages/airflow/example_dags/example_kubernetes_executor.py
[2024-06-27T21:42:36.474+0000] {logging_mixin.py:188} INFO - [2024-06-27T21:42:36.474+0000] {example_kubernetes_executor.py:39} WARNING - The example_kubernetes_executor example DAG requires the kubernetes provider. Please install it with: pip install apache-airflow[cncf.kubernetes]
[2024-06-27T21:42:36.474+0000] {processor.py:842} WARNING - No viable dags retrieved from /home/ubuntu/venv/lib/python3.12/site-packages/airflow/example_dags/example_kubernetes_executor.py
[2024-06-27T21:42:36.485+0000] {processor.py:183} INFO - Processing /home/ubuntu/venv/lib/python3.12/site-packages/airflow/example_dags/example_kubernetes_executor.py took 0.022 seconds
[2024-06-27T21:43:42.771+0000] {processor.py:161} INFO - Started process (PID=4793) to work on /home/ubuntu/venv/lib/python3.12/site-packages/airflow/example_dags/example_kubernetes_executor.py
[2024-06-27T21:43:42.772+0000] {processor.py:830} INFO - Processing file /home/ubuntu/venv/lib/python3.12/site-packages/airflow/example_dags/example_kubernetes_executor.py for tasks to queue
[2024-06-27T21:43:42.773+0000] {logging_mixin.py:188} INFO - [2024-06-27T21:43:42.773+0000] {dagbag.py:545} INFO - Filling up the DagBag from /home/ubuntu/venv/lib/python3.12/site-packages/airflow/example_dags/example_kubernetes_executor.py
[2024-06-27T21:43:42.776+0000] {logging_mixin.py:188} INFO - [2024-06-27T21:43:42.776+0000] {example_kubernetes_executor.py:39} WARNING - The example_kubernetes_executor example DAG requires the kubernetes provider. Please install it with: pip install apache-airflow[cncf.kubernetes]
[2024-06-27T21:43:42.776+0000] {processor.py:842} WARNING - No viable dags retrieved from /home/ubuntu/venv/lib/python3.12/site-packages/airflow/example_dags/example_kubernetes_executor.py
[2024-06-27T21:43:42.787+0000] {processor.py:183} INFO - Processing /home/ubuntu/venv/lib/python3.12/site-packages/airflow/example_dags/example_kubernetes_executor.py took 0.022 seconds
[2024-06-27T21:44:48.146+0000] {processor.py:161} INFO - Started process (PID=4903) to work on /home/ubuntu/venv/lib/python3.12/site-packages/airflow/example_dags/example_kubernetes_executor.py
[2024-06-27T21:44:48.147+0000] {processor.py:830} INFO - Processing file /home/ubuntu/venv/lib/python3.12/site-packages/airflow/example_dags/example_kubernetes_executor.py for tasks to queue
[2024-06-27T21:44:48.148+0000] {logging_mixin.py:188} INFO - [2024-06-27T21:44:48.148+0000] {dagbag.py:545} INFO - Filling up the DagBag from /home/ubuntu/venv/lib/python3.12/site-packages/airflow/example_dags/example_kubernetes_executor.py
[2024-06-27T21:44:48.151+0000] {logging_mixin.py:188} INFO - [2024-06-27T21:44:48.151+0000] {example_kubernetes_executor.py:39} WARNING - The example_kubernetes_executor example DAG requires the kubernetes provider. Please install it with: pip install apache-airflow[cncf.kubernetes]
[2024-06-27T21:44:48.151+0000] {processor.py:842} WARNING - No viable dags retrieved from /home/ubuntu/venv/lib/python3.12/site-packages/airflow/example_dags/example_kubernetes_executor.py
[2024-06-27T21:44:48.162+0000] {processor.py:183} INFO - Processing /home/ubuntu/venv/lib/python3.12/site-packages/airflow/example_dags/example_kubernetes_executor.py took 0.022 seconds
[2024-06-27T21:45:57.714+0000] {processor.py:161} INFO - Started process (PID=4976) to work on /home/ubuntu/venv/lib/python3.12/site-packages/airflow/example_dags/example_kubernetes_executor.py
[2024-06-27T21:45:57.716+0000] {processor.py:830} INFO - Processing file /home/ubuntu/venv/lib/python3.12/site-packages/airflow/example_dags/example_kubernetes_executor.py for tasks to queue
[2024-06-27T21:45:57.717+0000] {logging_mixin.py:188} INFO - [2024-06-27T21:45:57.717+0000] {dagbag.py:545} INFO - Filling up the DagBag from /home/ubuntu/venv/lib/python3.12/site-packages/airflow/example_dags/example_kubernetes_executor.py
[2024-06-27T21:45:57.722+0000] {logging_mixin.py:188} INFO - [2024-06-27T21:45:57.722+0000] {example_kubernetes_executor.py:39} WARNING - The example_kubernetes_executor example DAG requires the kubernetes provider. Please install it with: pip install apache-airflow[cncf.kubernetes]
[2024-06-27T21:45:57.723+0000] {processor.py:842} WARNING - No viable dags retrieved from /home/ubuntu/venv/lib/python3.12/site-packages/airflow/example_dags/example_kubernetes_executor.py
[2024-06-27T21:45:57.741+0000] {processor.py:183} INFO - Processing /home/ubuntu/venv/lib/python3.12/site-packages/airflow/example_dags/example_kubernetes_executor.py took 0.037 seconds
[2024-06-27T21:46:49.896+0000] {processor.py:161} INFO - Started process (PID=5025) to work on /home/ubuntu/venv/lib/python3.12/site-packages/airflow/example_dags/example_kubernetes_executor.py
[2024-06-27T21:46:49.897+0000] {processor.py:830} INFO - Processing file /home/ubuntu/venv/lib/python3.12/site-packages/airflow/example_dags/example_kubernetes_executor.py for tasks to queue
[2024-06-27T21:46:49.898+0000] {logging_mixin.py:188} INFO - [2024-06-27T21:46:49.898+0000] {dagbag.py:545} INFO - Filling up the DagBag from /home/ubuntu/venv/lib/python3.12/site-packages/airflow/example_dags/example_kubernetes_executor.py
[2024-06-27T21:46:49.901+0000] {logging_mixin.py:188} INFO - [2024-06-27T21:46:49.901+0000] {example_kubernetes_executor.py:39} WARNING - The example_kubernetes_executor example DAG requires the kubernetes provider. Please install it with: pip install apache-airflow[cncf.kubernetes]
[2024-06-27T21:46:49.902+0000] {processor.py:842} WARNING - No viable dags retrieved from /home/ubuntu/venv/lib/python3.12/site-packages/airflow/example_dags/example_kubernetes_executor.py
[2024-06-27T21:46:49.913+0000] {processor.py:183} INFO - Processing /home/ubuntu/venv/lib/python3.12/site-packages/airflow/example_dags/example_kubernetes_executor.py took 0.023 seconds
[2024-06-27T21:47:59.134+0000] {processor.py:161} INFO - Started process (PID=5171) to work on /home/ubuntu/venv/lib/python3.12/site-packages/airflow/example_dags/example_kubernetes_executor.py
[2024-06-27T21:47:59.136+0000] {processor.py:830} INFO - Processing file /home/ubuntu/venv/lib/python3.12/site-packages/airflow/example_dags/example_kubernetes_executor.py for tasks to queue
[2024-06-27T21:47:59.137+0000] {logging_mixin.py:188} INFO - [2024-06-27T21:47:59.137+0000] {dagbag.py:545} INFO - Filling up the DagBag from /home/ubuntu/venv/lib/python3.12/site-packages/airflow/example_dags/example_kubernetes_executor.py
[2024-06-27T21:47:59.140+0000] {logging_mixin.py:188} INFO - [2024-06-27T21:47:59.140+0000] {example_kubernetes_executor.py:39} WARNING - The example_kubernetes_executor example DAG requires the kubernetes provider. Please install it with: pip install apache-airflow[cncf.kubernetes]
[2024-06-27T21:47:59.141+0000] {processor.py:842} WARNING - No viable dags retrieved from /home/ubuntu/venv/lib/python3.12/site-packages/airflow/example_dags/example_kubernetes_executor.py
[2024-06-27T21:47:59.152+0000] {processor.py:183} INFO - Processing /home/ubuntu/venv/lib/python3.12/site-packages/airflow/example_dags/example_kubernetes_executor.py took 0.025 seconds
[2024-06-27T21:49:04.227+0000] {processor.py:161} INFO - Started process (PID=5289) to work on /home/ubuntu/venv/lib/python3.12/site-packages/airflow/example_dags/example_kubernetes_executor.py
[2024-06-27T21:49:04.228+0000] {processor.py:830} INFO - Processing file /home/ubuntu/venv/lib/python3.12/site-packages/airflow/example_dags/example_kubernetes_executor.py for tasks to queue
[2024-06-27T21:49:04.229+0000] {logging_mixin.py:188} INFO - [2024-06-27T21:49:04.229+0000] {dagbag.py:545} INFO - Filling up the DagBag from /home/ubuntu/venv/lib/python3.12/site-packages/airflow/example_dags/example_kubernetes_executor.py
[2024-06-27T21:49:04.232+0000] {logging_mixin.py:188} INFO - [2024-06-27T21:49:04.232+0000] {example_kubernetes_executor.py:39} WARNING - The example_kubernetes_executor example DAG requires the kubernetes provider. Please install it with: pip install apache-airflow[cncf.kubernetes]
[2024-06-27T21:49:04.233+0000] {processor.py:842} WARNING - No viable dags retrieved from /home/ubuntu/venv/lib/python3.12/site-packages/airflow/example_dags/example_kubernetes_executor.py
[2024-06-27T21:49:04.244+0000] {processor.py:183} INFO - Processing /home/ubuntu/venv/lib/python3.12/site-packages/airflow/example_dags/example_kubernetes_executor.py took 0.025 seconds
[2024-06-27T21:50:04.494+0000] {processor.py:161} INFO - Started process (PID=5351) to work on /home/ubuntu/venv/lib/python3.12/site-packages/airflow/example_dags/example_kubernetes_executor.py
[2024-06-27T21:50:04.496+0000] {processor.py:830} INFO - Processing file /home/ubuntu/venv/lib/python3.12/site-packages/airflow/example_dags/example_kubernetes_executor.py for tasks to queue
[2024-06-27T21:50:04.497+0000] {logging_mixin.py:188} INFO - [2024-06-27T21:50:04.496+0000] {dagbag.py:545} INFO - Filling up the DagBag from /home/ubuntu/venv/lib/python3.12/site-packages/airflow/example_dags/example_kubernetes_executor.py
[2024-06-27T21:50:04.500+0000] {logging_mixin.py:188} INFO - [2024-06-27T21:50:04.500+0000] {example_kubernetes_executor.py:39} WARNING - The example_kubernetes_executor example DAG requires the kubernetes provider. Please install it with: pip install apache-airflow[cncf.kubernetes]
[2024-06-27T21:50:04.500+0000] {processor.py:842} WARNING - No viable dags retrieved from /home/ubuntu/venv/lib/python3.12/site-packages/airflow/example_dags/example_kubernetes_executor.py
[2024-06-27T21:50:04.512+0000] {processor.py:183} INFO - Processing /home/ubuntu/venv/lib/python3.12/site-packages/airflow/example_dags/example_kubernetes_executor.py took 0.026 seconds
