[2024-06-27T21:19:44.572+0000] {processor.py:161} INFO - Started process (PID=2944) to work on /home/ubuntu/venv/lib/python3.12/site-packages/airflow/example_dags/example_subdag_operator.py
[2024-06-27T21:19:44.573+0000] {processor.py:830} INFO - Processing file /home/ubuntu/venv/lib/python3.12/site-packages/airflow/example_dags/example_subdag_operator.py for tasks to queue
[2024-06-27T21:19:44.574+0000] {logging_mixin.py:188} INFO - [2024-06-27T21:19:44.574+0000] {dagbag.py:545} INFO - Filling up the DagBag from /home/ubuntu/venv/lib/python3.12/site-packages/airflow/example_dags/example_subdag_operator.py
[2024-06-27T21:19:44.595+0000] {processor.py:840} INFO - DAG(s) 'example_subdag_operator.section-1', 'example_subdag_operator.section-2', 'example_subdag_operator' retrieved from /home/ubuntu/venv/lib/python3.12/site-packages/airflow/example_dags/example_subdag_operator.py
[2024-06-27T21:19:44.711+0000] {logging_mixin.py:188} INFO - [2024-06-27T21:19:44.710+0000] {override.py:1847} INFO - Created Permission View: can read on DAG:example_subdag_operator
[2024-06-27T21:19:44.724+0000] {logging_mixin.py:188} INFO - [2024-06-27T21:19:44.724+0000] {override.py:1847} INFO - Created Permission View: can delete on DAG:example_subdag_operator
[2024-06-27T21:19:44.733+0000] {logging_mixin.py:188} INFO - [2024-06-27T21:19:44.733+0000] {override.py:1847} INFO - Created Permission View: can edit on DAG:example_subdag_operator
[2024-06-27T21:19:44.734+0000] {logging_mixin.py:188} INFO - [2024-06-27T21:19:44.734+0000] {dag.py:3096} INFO - Sync 3 DAGs
[2024-06-27T21:19:44.744+0000] {logging_mixin.py:188} INFO - [2024-06-27T21:19:44.744+0000] {dag.py:3118} INFO - Creating ORM DAG for example_subdag_operator
[2024-06-27T21:19:44.745+0000] {logging_mixin.py:188} INFO - [2024-06-27T21:19:44.745+0000] {dag.py:3118} INFO - Creating ORM DAG for example_subdag_operator.section-2
[2024-06-27T21:19:44.746+0000] {logging_mixin.py:188} INFO - [2024-06-27T21:19:44.746+0000] {dag.py:3118} INFO - Creating ORM DAG for example_subdag_operator.section-1
[2024-06-27T21:19:44.754+0000] {logging_mixin.py:188} INFO - [2024-06-27T21:19:44.754+0000] {dag.py:3954} INFO - Setting next_dagrun for example_subdag_operator to 2022-01-01 00:00:00+00:00, run_after=2022-01-01 00:00:00+00:00
[2024-06-27T21:19:44.755+0000] {logging_mixin.py:188} INFO - [2024-06-27T21:19:44.754+0000] {dag.py:3954} INFO - Setting next_dagrun for example_subdag_operator.section-1 to None, run_after=None
[2024-06-27T21:19:44.755+0000] {logging_mixin.py:188} INFO - [2024-06-27T21:19:44.755+0000] {dag.py:3954} INFO - Setting next_dagrun for example_subdag_operator.section-2 to None, run_after=None
[2024-06-27T21:19:44.761+0000] {logging_mixin.py:188} INFO - [2024-06-27T21:19:44.761+0000] {dag.py:3096} INFO - Sync 2 DAGs
[2024-06-27T21:19:44.765+0000] {logging_mixin.py:188} INFO - [2024-06-27T21:19:44.765+0000] {dag.py:3954} INFO - Setting next_dagrun for example_subdag_operator.section-1 to None, run_after=None
[2024-06-27T21:19:44.767+0000] {logging_mixin.py:188} INFO - [2024-06-27T21:19:44.767+0000] {dag.py:3954} INFO - Setting next_dagrun for example_subdag_operator.section-2 to None, run_after=None
[2024-06-27T21:19:44.786+0000] {processor.py:183} INFO - Processing /home/ubuntu/venv/lib/python3.12/site-packages/airflow/example_dags/example_subdag_operator.py took 0.219 seconds
[2024-06-27T21:20:40.086+0000] {processor.py:161} INFO - Started process (PID=3136) to work on /home/ubuntu/venv/lib/python3.12/site-packages/airflow/example_dags/example_subdag_operator.py
[2024-06-27T21:20:40.088+0000] {processor.py:830} INFO - Processing file /home/ubuntu/venv/lib/python3.12/site-packages/airflow/example_dags/example_subdag_operator.py for tasks to queue
[2024-06-27T21:20:40.091+0000] {logging_mixin.py:188} INFO - [2024-06-27T21:20:40.090+0000] {dagbag.py:545} INFO - Filling up the DagBag from /home/ubuntu/venv/lib/python3.12/site-packages/airflow/example_dags/example_subdag_operator.py
[2024-06-27T21:20:40.113+0000] {processor.py:840} INFO - DAG(s) 'example_subdag_operator.section-1', 'example_subdag_operator.section-2', 'example_subdag_operator' retrieved from /home/ubuntu/venv/lib/python3.12/site-packages/airflow/example_dags/example_subdag_operator.py
[2024-06-27T21:20:40.129+0000] {logging_mixin.py:188} INFO - [2024-06-27T21:20:40.129+0000] {dag.py:3096} INFO - Sync 3 DAGs
[2024-06-27T21:20:40.151+0000] {logging_mixin.py:188} INFO - [2024-06-27T21:20:40.151+0000] {dag.py:3954} INFO - Setting next_dagrun for example_subdag_operator to 2022-01-01 00:00:00+00:00, run_after=2022-01-01 00:00:00+00:00
[2024-06-27T21:20:40.154+0000] {logging_mixin.py:188} INFO - [2024-06-27T21:20:40.154+0000] {dag.py:3954} INFO - Setting next_dagrun for example_subdag_operator.section-1 to None, run_after=None
[2024-06-27T21:20:40.155+0000] {logging_mixin.py:188} INFO - [2024-06-27T21:20:40.155+0000] {dag.py:3954} INFO - Setting next_dagrun for example_subdag_operator.section-2 to None, run_after=None
[2024-06-27T21:20:40.161+0000] {logging_mixin.py:188} INFO - [2024-06-27T21:20:40.161+0000] {dag.py:3096} INFO - Sync 2 DAGs
[2024-06-27T21:20:40.165+0000] {logging_mixin.py:188} INFO - [2024-06-27T21:20:40.165+0000] {dag.py:3954} INFO - Setting next_dagrun for example_subdag_operator.section-1 to None, run_after=None
[2024-06-27T21:20:40.166+0000] {logging_mixin.py:188} INFO - [2024-06-27T21:20:40.166+0000] {dag.py:3954} INFO - Setting next_dagrun for example_subdag_operator.section-2 to None, run_after=None
[2024-06-27T21:20:40.192+0000] {processor.py:183} INFO - Processing /home/ubuntu/venv/lib/python3.12/site-packages/airflow/example_dags/example_subdag_operator.py took 0.113 seconds
[2024-06-27T21:21:31.033+0000] {processor.py:161} INFO - Started process (PID=3339) to work on /home/ubuntu/venv/lib/python3.12/site-packages/airflow/example_dags/example_subdag_operator.py
[2024-06-27T21:21:31.035+0000] {processor.py:830} INFO - Processing file /home/ubuntu/venv/lib/python3.12/site-packages/airflow/example_dags/example_subdag_operator.py for tasks to queue
[2024-06-27T21:21:31.036+0000] {logging_mixin.py:188} INFO - [2024-06-27T21:21:31.036+0000] {dagbag.py:545} INFO - Filling up the DagBag from /home/ubuntu/venv/lib/python3.12/site-packages/airflow/example_dags/example_subdag_operator.py
[2024-06-27T21:21:31.057+0000] {processor.py:840} INFO - DAG(s) 'example_subdag_operator.section-1', 'example_subdag_operator.section-2', 'example_subdag_operator' retrieved from /home/ubuntu/venv/lib/python3.12/site-packages/airflow/example_dags/example_subdag_operator.py
[2024-06-27T21:21:31.073+0000] {logging_mixin.py:188} INFO - [2024-06-27T21:21:31.073+0000] {dag.py:3096} INFO - Sync 3 DAGs
[2024-06-27T21:21:31.093+0000] {logging_mixin.py:188} INFO - [2024-06-27T21:21:31.092+0000] {dag.py:3954} INFO - Setting next_dagrun for example_subdag_operator to 2022-01-01 00:00:00+00:00, run_after=2022-01-01 00:00:00+00:00
[2024-06-27T21:21:31.096+0000] {logging_mixin.py:188} INFO - [2024-06-27T21:21:31.096+0000] {dag.py:3954} INFO - Setting next_dagrun for example_subdag_operator.section-1 to None, run_after=None
[2024-06-27T21:21:31.097+0000] {logging_mixin.py:188} INFO - [2024-06-27T21:21:31.097+0000] {dag.py:3954} INFO - Setting next_dagrun for example_subdag_operator.section-2 to None, run_after=None
[2024-06-27T21:21:31.103+0000] {logging_mixin.py:188} INFO - [2024-06-27T21:21:31.103+0000] {dag.py:3096} INFO - Sync 2 DAGs
[2024-06-27T21:21:31.107+0000] {logging_mixin.py:188} INFO - [2024-06-27T21:21:31.107+0000] {dag.py:3954} INFO - Setting next_dagrun for example_subdag_operator.section-1 to None, run_after=None
[2024-06-27T21:21:31.107+0000] {logging_mixin.py:188} INFO - [2024-06-27T21:21:31.107+0000] {dag.py:3954} INFO - Setting next_dagrun for example_subdag_operator.section-2 to None, run_after=None
[2024-06-27T21:21:31.123+0000] {processor.py:183} INFO - Processing /home/ubuntu/venv/lib/python3.12/site-packages/airflow/example_dags/example_subdag_operator.py took 0.095 seconds
[2024-06-27T21:22:15.289+0000] {processor.py:161} INFO - Started process (PID=3397) to work on /home/ubuntu/venv/lib/python3.12/site-packages/airflow/example_dags/example_subdag_operator.py
[2024-06-27T21:22:15.292+0000] {processor.py:830} INFO - Processing file /home/ubuntu/venv/lib/python3.12/site-packages/airflow/example_dags/example_subdag_operator.py for tasks to queue
[2024-06-27T21:22:15.294+0000] {logging_mixin.py:188} INFO - [2024-06-27T21:22:15.294+0000] {dagbag.py:545} INFO - Filling up the DagBag from /home/ubuntu/venv/lib/python3.12/site-packages/airflow/example_dags/example_subdag_operator.py
[2024-06-27T21:22:15.315+0000] {processor.py:840} INFO - DAG(s) 'example_subdag_operator.section-1', 'example_subdag_operator.section-2', 'example_subdag_operator' retrieved from /home/ubuntu/venv/lib/python3.12/site-packages/airflow/example_dags/example_subdag_operator.py
[2024-06-27T21:22:15.332+0000] {logging_mixin.py:188} INFO - [2024-06-27T21:22:15.331+0000] {dag.py:3096} INFO - Sync 3 DAGs
[2024-06-27T21:22:15.352+0000] {logging_mixin.py:188} INFO - [2024-06-27T21:22:15.352+0000] {dag.py:3954} INFO - Setting next_dagrun for example_subdag_operator to 2022-01-01 00:00:00+00:00, run_after=2022-01-01 00:00:00+00:00
[2024-06-27T21:22:15.355+0000] {logging_mixin.py:188} INFO - [2024-06-27T21:22:15.355+0000] {dag.py:3954} INFO - Setting next_dagrun for example_subdag_operator.section-1 to None, run_after=None
[2024-06-27T21:22:15.356+0000] {logging_mixin.py:188} INFO - [2024-06-27T21:22:15.356+0000] {dag.py:3954} INFO - Setting next_dagrun for example_subdag_operator.section-2 to None, run_after=None
[2024-06-27T21:22:15.362+0000] {logging_mixin.py:188} INFO - [2024-06-27T21:22:15.362+0000] {dag.py:3096} INFO - Sync 2 DAGs
[2024-06-27T21:22:15.366+0000] {logging_mixin.py:188} INFO - [2024-06-27T21:22:15.366+0000] {dag.py:3954} INFO - Setting next_dagrun for example_subdag_operator.section-1 to None, run_after=None
[2024-06-27T21:22:15.367+0000] {logging_mixin.py:188} INFO - [2024-06-27T21:22:15.366+0000] {dag.py:3954} INFO - Setting next_dagrun for example_subdag_operator.section-2 to None, run_after=None
[2024-06-27T21:22:15.382+0000] {processor.py:183} INFO - Processing /home/ubuntu/venv/lib/python3.12/site-packages/airflow/example_dags/example_subdag_operator.py took 0.098 seconds
[2024-06-27T21:22:56.313+0000] {processor.py:161} INFO - Started process (PID=3442) to work on /home/ubuntu/venv/lib/python3.12/site-packages/airflow/example_dags/example_subdag_operator.py
[2024-06-27T21:22:56.315+0000] {processor.py:830} INFO - Processing file /home/ubuntu/venv/lib/python3.12/site-packages/airflow/example_dags/example_subdag_operator.py for tasks to queue
[2024-06-27T21:22:56.317+0000] {logging_mixin.py:188} INFO - [2024-06-27T21:22:56.316+0000] {dagbag.py:545} INFO - Filling up the DagBag from /home/ubuntu/venv/lib/python3.12/site-packages/airflow/example_dags/example_subdag_operator.py
[2024-06-27T21:22:56.338+0000] {processor.py:840} INFO - DAG(s) 'example_subdag_operator.section-1', 'example_subdag_operator.section-2', 'example_subdag_operator' retrieved from /home/ubuntu/venv/lib/python3.12/site-packages/airflow/example_dags/example_subdag_operator.py
[2024-06-27T21:22:56.353+0000] {logging_mixin.py:188} INFO - [2024-06-27T21:22:56.353+0000] {dag.py:3096} INFO - Sync 3 DAGs
[2024-06-27T21:22:56.373+0000] {logging_mixin.py:188} INFO - [2024-06-27T21:22:56.373+0000] {dag.py:3954} INFO - Setting next_dagrun for example_subdag_operator to 2022-01-01 00:00:00+00:00, run_after=2022-01-01 00:00:00+00:00
[2024-06-27T21:22:56.376+0000] {logging_mixin.py:188} INFO - [2024-06-27T21:22:56.376+0000] {dag.py:3954} INFO - Setting next_dagrun for example_subdag_operator.section-1 to None, run_after=None
[2024-06-27T21:22:56.377+0000] {logging_mixin.py:188} INFO - [2024-06-27T21:22:56.377+0000] {dag.py:3954} INFO - Setting next_dagrun for example_subdag_operator.section-2 to None, run_after=None
[2024-06-27T21:22:56.383+0000] {logging_mixin.py:188} INFO - [2024-06-27T21:22:56.383+0000] {dag.py:3096} INFO - Sync 2 DAGs
[2024-06-27T21:22:56.387+0000] {logging_mixin.py:188} INFO - [2024-06-27T21:22:56.387+0000] {dag.py:3954} INFO - Setting next_dagrun for example_subdag_operator.section-1 to None, run_after=None
[2024-06-27T21:22:56.388+0000] {logging_mixin.py:188} INFO - [2024-06-27T21:22:56.387+0000] {dag.py:3954} INFO - Setting next_dagrun for example_subdag_operator.section-2 to None, run_after=None
[2024-06-27T21:22:56.402+0000] {processor.py:183} INFO - Processing /home/ubuntu/venv/lib/python3.12/site-packages/airflow/example_dags/example_subdag_operator.py took 0.095 seconds
[2024-06-27T21:23:35.994+0000] {processor.py:161} INFO - Started process (PID=3485) to work on /home/ubuntu/venv/lib/python3.12/site-packages/airflow/example_dags/example_subdag_operator.py
[2024-06-27T21:23:35.995+0000] {processor.py:830} INFO - Processing file /home/ubuntu/venv/lib/python3.12/site-packages/airflow/example_dags/example_subdag_operator.py for tasks to queue
[2024-06-27T21:23:35.997+0000] {logging_mixin.py:188} INFO - [2024-06-27T21:23:35.997+0000] {dagbag.py:545} INFO - Filling up the DagBag from /home/ubuntu/venv/lib/python3.12/site-packages/airflow/example_dags/example_subdag_operator.py
[2024-06-27T21:23:36.018+0000] {processor.py:840} INFO - DAG(s) 'example_subdag_operator.section-1', 'example_subdag_operator.section-2', 'example_subdag_operator' retrieved from /home/ubuntu/venv/lib/python3.12/site-packages/airflow/example_dags/example_subdag_operator.py
[2024-06-27T21:23:36.034+0000] {logging_mixin.py:188} INFO - [2024-06-27T21:23:36.034+0000] {dag.py:3096} INFO - Sync 3 DAGs
[2024-06-27T21:23:36.054+0000] {logging_mixin.py:188} INFO - [2024-06-27T21:23:36.053+0000] {dag.py:3954} INFO - Setting next_dagrun for example_subdag_operator to 2022-01-01 00:00:00+00:00, run_after=2022-01-01 00:00:00+00:00
[2024-06-27T21:23:36.057+0000] {logging_mixin.py:188} INFO - [2024-06-27T21:23:36.057+0000] {dag.py:3954} INFO - Setting next_dagrun for example_subdag_operator.section-1 to None, run_after=None
[2024-06-27T21:23:36.058+0000] {logging_mixin.py:188} INFO - [2024-06-27T21:23:36.058+0000] {dag.py:3954} INFO - Setting next_dagrun for example_subdag_operator.section-2 to None, run_after=None
[2024-06-27T21:23:36.064+0000] {logging_mixin.py:188} INFO - [2024-06-27T21:23:36.063+0000] {dag.py:3096} INFO - Sync 2 DAGs
[2024-06-27T21:23:36.068+0000] {logging_mixin.py:188} INFO - [2024-06-27T21:23:36.067+0000] {dag.py:3954} INFO - Setting next_dagrun for example_subdag_operator.section-1 to None, run_after=None
[2024-06-27T21:23:36.068+0000] {logging_mixin.py:188} INFO - [2024-06-27T21:23:36.068+0000] {dag.py:3954} INFO - Setting next_dagrun for example_subdag_operator.section-2 to None, run_after=None
[2024-06-27T21:23:36.083+0000] {processor.py:183} INFO - Processing /home/ubuntu/venv/lib/python3.12/site-packages/airflow/example_dags/example_subdag_operator.py took 0.096 seconds
[2024-06-27T21:24:14.748+0000] {processor.py:161} INFO - Started process (PID=3526) to work on /home/ubuntu/venv/lib/python3.12/site-packages/airflow/example_dags/example_subdag_operator.py
[2024-06-27T21:24:14.750+0000] {processor.py:830} INFO - Processing file /home/ubuntu/venv/lib/python3.12/site-packages/airflow/example_dags/example_subdag_operator.py for tasks to queue
[2024-06-27T21:24:14.752+0000] {logging_mixin.py:188} INFO - [2024-06-27T21:24:14.751+0000] {dagbag.py:545} INFO - Filling up the DagBag from /home/ubuntu/venv/lib/python3.12/site-packages/airflow/example_dags/example_subdag_operator.py
[2024-06-27T21:24:14.772+0000] {processor.py:840} INFO - DAG(s) 'example_subdag_operator.section-1', 'example_subdag_operator.section-2', 'example_subdag_operator' retrieved from /home/ubuntu/venv/lib/python3.12/site-packages/airflow/example_dags/example_subdag_operator.py
[2024-06-27T21:24:14.788+0000] {logging_mixin.py:188} INFO - [2024-06-27T21:24:14.787+0000] {dag.py:3096} INFO - Sync 3 DAGs
[2024-06-27T21:24:14.807+0000] {logging_mixin.py:188} INFO - [2024-06-27T21:24:14.807+0000] {dag.py:3954} INFO - Setting next_dagrun for example_subdag_operator to 2022-01-01 00:00:00+00:00, run_after=2022-01-01 00:00:00+00:00
[2024-06-27T21:24:14.812+0000] {logging_mixin.py:188} INFO - [2024-06-27T21:24:14.811+0000] {dag.py:3954} INFO - Setting next_dagrun for example_subdag_operator.section-1 to None, run_after=None
[2024-06-27T21:24:14.812+0000] {logging_mixin.py:188} INFO - [2024-06-27T21:24:14.812+0000] {dag.py:3954} INFO - Setting next_dagrun for example_subdag_operator.section-2 to None, run_after=None
[2024-06-27T21:24:14.818+0000] {logging_mixin.py:188} INFO - [2024-06-27T21:24:14.818+0000] {dag.py:3096} INFO - Sync 2 DAGs
[2024-06-27T21:24:14.822+0000] {logging_mixin.py:188} INFO - [2024-06-27T21:24:14.822+0000] {dag.py:3954} INFO - Setting next_dagrun for example_subdag_operator.section-1 to None, run_after=None
[2024-06-27T21:24:14.822+0000] {logging_mixin.py:188} INFO - [2024-06-27T21:24:14.822+0000] {dag.py:3954} INFO - Setting next_dagrun for example_subdag_operator.section-2 to None, run_after=None
[2024-06-27T21:24:14.838+0000] {processor.py:183} INFO - Processing /home/ubuntu/venv/lib/python3.12/site-packages/airflow/example_dags/example_subdag_operator.py took 0.095 seconds
[2024-06-27T21:24:54.989+0000] {processor.py:161} INFO - Started process (PID=3569) to work on /home/ubuntu/venv/lib/python3.12/site-packages/airflow/example_dags/example_subdag_operator.py
[2024-06-27T21:24:54.990+0000] {processor.py:830} INFO - Processing file /home/ubuntu/venv/lib/python3.12/site-packages/airflow/example_dags/example_subdag_operator.py for tasks to queue
[2024-06-27T21:24:54.991+0000] {logging_mixin.py:188} INFO - [2024-06-27T21:24:54.990+0000] {dagbag.py:545} INFO - Filling up the DagBag from /home/ubuntu/venv/lib/python3.12/site-packages/airflow/example_dags/example_subdag_operator.py
[2024-06-27T21:24:55.012+0000] {processor.py:840} INFO - DAG(s) 'example_subdag_operator.section-1', 'example_subdag_operator.section-2', 'example_subdag_operator' retrieved from /home/ubuntu/venv/lib/python3.12/site-packages/airflow/example_dags/example_subdag_operator.py
[2024-06-27T21:24:55.028+0000] {logging_mixin.py:188} INFO - [2024-06-27T21:24:55.028+0000] {dag.py:3096} INFO - Sync 3 DAGs
[2024-06-27T21:24:55.048+0000] {logging_mixin.py:188} INFO - [2024-06-27T21:24:55.048+0000] {dag.py:3954} INFO - Setting next_dagrun for example_subdag_operator to 2022-01-01 00:00:00+00:00, run_after=2022-01-01 00:00:00+00:00
[2024-06-27T21:24:55.051+0000] {logging_mixin.py:188} INFO - [2024-06-27T21:24:55.051+0000] {dag.py:3954} INFO - Setting next_dagrun for example_subdag_operator.section-1 to None, run_after=None
[2024-06-27T21:24:55.052+0000] {logging_mixin.py:188} INFO - [2024-06-27T21:24:55.052+0000] {dag.py:3954} INFO - Setting next_dagrun for example_subdag_operator.section-2 to None, run_after=None
[2024-06-27T21:24:55.058+0000] {logging_mixin.py:188} INFO - [2024-06-27T21:24:55.058+0000] {dag.py:3096} INFO - Sync 2 DAGs
[2024-06-27T21:24:55.062+0000] {logging_mixin.py:188} INFO - [2024-06-27T21:24:55.062+0000] {dag.py:3954} INFO - Setting next_dagrun for example_subdag_operator.section-1 to None, run_after=None
[2024-06-27T21:24:55.062+0000] {logging_mixin.py:188} INFO - [2024-06-27T21:24:55.062+0000] {dag.py:3954} INFO - Setting next_dagrun for example_subdag_operator.section-2 to None, run_after=None
[2024-06-27T21:24:55.078+0000] {processor.py:183} INFO - Processing /home/ubuntu/venv/lib/python3.12/site-packages/airflow/example_dags/example_subdag_operator.py took 0.095 seconds
[2024-06-27T21:25:38.299+0000] {processor.py:161} INFO - Started process (PID=3622) to work on /home/ubuntu/venv/lib/python3.12/site-packages/airflow/example_dags/example_subdag_operator.py
[2024-06-27T21:25:38.301+0000] {processor.py:830} INFO - Processing file /home/ubuntu/venv/lib/python3.12/site-packages/airflow/example_dags/example_subdag_operator.py for tasks to queue
[2024-06-27T21:25:38.302+0000] {logging_mixin.py:188} INFO - [2024-06-27T21:25:38.301+0000] {dagbag.py:545} INFO - Filling up the DagBag from /home/ubuntu/venv/lib/python3.12/site-packages/airflow/example_dags/example_subdag_operator.py
[2024-06-27T21:25:38.323+0000] {processor.py:840} INFO - DAG(s) 'example_subdag_operator.section-1', 'example_subdag_operator.section-2', 'example_subdag_operator' retrieved from /home/ubuntu/venv/lib/python3.12/site-packages/airflow/example_dags/example_subdag_operator.py
[2024-06-27T21:25:38.339+0000] {logging_mixin.py:188} INFO - [2024-06-27T21:25:38.339+0000] {dag.py:3096} INFO - Sync 3 DAGs
[2024-06-27T21:25:38.360+0000] {logging_mixin.py:188} INFO - [2024-06-27T21:25:38.359+0000] {dag.py:3954} INFO - Setting next_dagrun for example_subdag_operator to 2022-01-01 00:00:00+00:00, run_after=2022-01-01 00:00:00+00:00
[2024-06-27T21:25:38.363+0000] {logging_mixin.py:188} INFO - [2024-06-27T21:25:38.363+0000] {dag.py:3954} INFO - Setting next_dagrun for example_subdag_operator.section-1 to None, run_after=None
[2024-06-27T21:25:38.364+0000] {logging_mixin.py:188} INFO - [2024-06-27T21:25:38.364+0000] {dag.py:3954} INFO - Setting next_dagrun for example_subdag_operator.section-2 to None, run_after=None
[2024-06-27T21:25:38.370+0000] {logging_mixin.py:188} INFO - [2024-06-27T21:25:38.369+0000] {dag.py:3096} INFO - Sync 2 DAGs
[2024-06-27T21:25:38.374+0000] {logging_mixin.py:188} INFO - [2024-06-27T21:25:38.373+0000] {dag.py:3954} INFO - Setting next_dagrun for example_subdag_operator.section-1 to None, run_after=None
[2024-06-27T21:25:38.374+0000] {logging_mixin.py:188} INFO - [2024-06-27T21:25:38.374+0000] {dag.py:3954} INFO - Setting next_dagrun for example_subdag_operator.section-2 to None, run_after=None
[2024-06-27T21:25:38.393+0000] {processor.py:183} INFO - Processing /home/ubuntu/venv/lib/python3.12/site-packages/airflow/example_dags/example_subdag_operator.py took 0.099 seconds
[2024-06-27T21:26:19.363+0000] {processor.py:161} INFO - Started process (PID=3664) to work on /home/ubuntu/venv/lib/python3.12/site-packages/airflow/example_dags/example_subdag_operator.py
[2024-06-27T21:26:19.364+0000] {processor.py:830} INFO - Processing file /home/ubuntu/venv/lib/python3.12/site-packages/airflow/example_dags/example_subdag_operator.py for tasks to queue
[2024-06-27T21:26:19.365+0000] {logging_mixin.py:188} INFO - [2024-06-27T21:26:19.365+0000] {dagbag.py:545} INFO - Filling up the DagBag from /home/ubuntu/venv/lib/python3.12/site-packages/airflow/example_dags/example_subdag_operator.py
[2024-06-27T21:26:19.387+0000] {processor.py:840} INFO - DAG(s) 'example_subdag_operator.section-1', 'example_subdag_operator.section-2', 'example_subdag_operator' retrieved from /home/ubuntu/venv/lib/python3.12/site-packages/airflow/example_dags/example_subdag_operator.py
[2024-06-27T21:26:19.403+0000] {logging_mixin.py:188} INFO - [2024-06-27T21:26:19.403+0000] {dag.py:3096} INFO - Sync 3 DAGs
[2024-06-27T21:26:19.423+0000] {logging_mixin.py:188} INFO - [2024-06-27T21:26:19.423+0000] {dag.py:3954} INFO - Setting next_dagrun for example_subdag_operator to 2022-01-01 00:00:00+00:00, run_after=2022-01-01 00:00:00+00:00
[2024-06-27T21:26:19.426+0000] {logging_mixin.py:188} INFO - [2024-06-27T21:26:19.426+0000] {dag.py:3954} INFO - Setting next_dagrun for example_subdag_operator.section-1 to None, run_after=None
[2024-06-27T21:26:19.427+0000] {logging_mixin.py:188} INFO - [2024-06-27T21:26:19.427+0000] {dag.py:3954} INFO - Setting next_dagrun for example_subdag_operator.section-2 to None, run_after=None
[2024-06-27T21:26:19.433+0000] {logging_mixin.py:188} INFO - [2024-06-27T21:26:19.433+0000] {dag.py:3096} INFO - Sync 2 DAGs
[2024-06-27T21:26:19.437+0000] {logging_mixin.py:188} INFO - [2024-06-27T21:26:19.437+0000] {dag.py:3954} INFO - Setting next_dagrun for example_subdag_operator.section-1 to None, run_after=None
[2024-06-27T21:26:19.437+0000] {logging_mixin.py:188} INFO - [2024-06-27T21:26:19.437+0000] {dag.py:3954} INFO - Setting next_dagrun for example_subdag_operator.section-2 to None, run_after=None
[2024-06-27T21:26:19.453+0000] {processor.py:183} INFO - Processing /home/ubuntu/venv/lib/python3.12/site-packages/airflow/example_dags/example_subdag_operator.py took 0.096 seconds
[2024-06-27T21:27:03.495+0000] {processor.py:161} INFO - Started process (PID=3709) to work on /home/ubuntu/venv/lib/python3.12/site-packages/airflow/example_dags/example_subdag_operator.py
[2024-06-27T21:27:03.497+0000] {processor.py:830} INFO - Processing file /home/ubuntu/venv/lib/python3.12/site-packages/airflow/example_dags/example_subdag_operator.py for tasks to queue
[2024-06-27T21:27:03.498+0000] {logging_mixin.py:188} INFO - [2024-06-27T21:27:03.497+0000] {dagbag.py:545} INFO - Filling up the DagBag from /home/ubuntu/venv/lib/python3.12/site-packages/airflow/example_dags/example_subdag_operator.py
[2024-06-27T21:27:03.519+0000] {processor.py:840} INFO - DAG(s) 'example_subdag_operator.section-1', 'example_subdag_operator.section-2', 'example_subdag_operator' retrieved from /home/ubuntu/venv/lib/python3.12/site-packages/airflow/example_dags/example_subdag_operator.py
[2024-06-27T21:27:03.535+0000] {logging_mixin.py:188} INFO - [2024-06-27T21:27:03.535+0000] {dag.py:3096} INFO - Sync 3 DAGs
[2024-06-27T21:27:03.555+0000] {logging_mixin.py:188} INFO - [2024-06-27T21:27:03.555+0000] {dag.py:3954} INFO - Setting next_dagrun for example_subdag_operator to 2022-01-01 00:00:00+00:00, run_after=2022-01-01 00:00:00+00:00
[2024-06-27T21:27:03.558+0000] {logging_mixin.py:188} INFO - [2024-06-27T21:27:03.558+0000] {dag.py:3954} INFO - Setting next_dagrun for example_subdag_operator.section-1 to None, run_after=None
[2024-06-27T21:27:03.559+0000] {logging_mixin.py:188} INFO - [2024-06-27T21:27:03.559+0000] {dag.py:3954} INFO - Setting next_dagrun for example_subdag_operator.section-2 to None, run_after=None
[2024-06-27T21:27:03.565+0000] {logging_mixin.py:188} INFO - [2024-06-27T21:27:03.565+0000] {dag.py:3096} INFO - Sync 2 DAGs
[2024-06-27T21:27:03.569+0000] {logging_mixin.py:188} INFO - [2024-06-27T21:27:03.569+0000] {dag.py:3954} INFO - Setting next_dagrun for example_subdag_operator.section-1 to None, run_after=None
[2024-06-27T21:27:03.569+0000] {logging_mixin.py:188} INFO - [2024-06-27T21:27:03.569+0000] {dag.py:3954} INFO - Setting next_dagrun for example_subdag_operator.section-2 to None, run_after=None
[2024-06-27T21:27:03.585+0000] {processor.py:183} INFO - Processing /home/ubuntu/venv/lib/python3.12/site-packages/airflow/example_dags/example_subdag_operator.py took 0.095 seconds
[2024-06-27T21:27:45.678+0000] {processor.py:161} INFO - Started process (PID=3753) to work on /home/ubuntu/venv/lib/python3.12/site-packages/airflow/example_dags/example_subdag_operator.py
[2024-06-27T21:27:45.680+0000] {processor.py:830} INFO - Processing file /home/ubuntu/venv/lib/python3.12/site-packages/airflow/example_dags/example_subdag_operator.py for tasks to queue
[2024-06-27T21:27:45.681+0000] {logging_mixin.py:188} INFO - [2024-06-27T21:27:45.680+0000] {dagbag.py:545} INFO - Filling up the DagBag from /home/ubuntu/venv/lib/python3.12/site-packages/airflow/example_dags/example_subdag_operator.py
[2024-06-27T21:27:45.703+0000] {processor.py:840} INFO - DAG(s) 'example_subdag_operator.section-1', 'example_subdag_operator.section-2', 'example_subdag_operator' retrieved from /home/ubuntu/venv/lib/python3.12/site-packages/airflow/example_dags/example_subdag_operator.py
[2024-06-27T21:27:45.720+0000] {logging_mixin.py:188} INFO - [2024-06-27T21:27:45.720+0000] {dag.py:3096} INFO - Sync 3 DAGs
[2024-06-27T21:27:45.741+0000] {logging_mixin.py:188} INFO - [2024-06-27T21:27:45.741+0000] {dag.py:3954} INFO - Setting next_dagrun for example_subdag_operator to 2022-01-01 00:00:00+00:00, run_after=2022-01-01 00:00:00+00:00
[2024-06-27T21:27:45.745+0000] {logging_mixin.py:188} INFO - [2024-06-27T21:27:45.745+0000] {dag.py:3954} INFO - Setting next_dagrun for example_subdag_operator.section-1 to None, run_after=None
[2024-06-27T21:27:45.746+0000] {logging_mixin.py:188} INFO - [2024-06-27T21:27:45.746+0000] {dag.py:3954} INFO - Setting next_dagrun for example_subdag_operator.section-2 to None, run_after=None
[2024-06-27T21:27:45.752+0000] {logging_mixin.py:188} INFO - [2024-06-27T21:27:45.752+0000] {dag.py:3096} INFO - Sync 2 DAGs
[2024-06-27T21:27:45.756+0000] {logging_mixin.py:188} INFO - [2024-06-27T21:27:45.756+0000] {dag.py:3954} INFO - Setting next_dagrun for example_subdag_operator.section-1 to None, run_after=None
[2024-06-27T21:27:45.757+0000] {logging_mixin.py:188} INFO - [2024-06-27T21:27:45.757+0000] {dag.py:3954} INFO - Setting next_dagrun for example_subdag_operator.section-2 to None, run_after=None
[2024-06-27T21:27:45.774+0000] {processor.py:183} INFO - Processing /home/ubuntu/venv/lib/python3.12/site-packages/airflow/example_dags/example_subdag_operator.py took 0.102 seconds
[2024-06-27T21:28:50.789+0000] {processor.py:161} INFO - Started process (PID=3841) to work on /home/ubuntu/venv/lib/python3.12/site-packages/airflow/example_dags/example_subdag_operator.py
[2024-06-27T21:28:50.791+0000] {processor.py:830} INFO - Processing file /home/ubuntu/venv/lib/python3.12/site-packages/airflow/example_dags/example_subdag_operator.py for tasks to queue
[2024-06-27T21:28:50.792+0000] {logging_mixin.py:188} INFO - [2024-06-27T21:28:50.791+0000] {dagbag.py:545} INFO - Filling up the DagBag from /home/ubuntu/venv/lib/python3.12/site-packages/airflow/example_dags/example_subdag_operator.py
[2024-06-27T21:28:50.814+0000] {processor.py:840} INFO - DAG(s) 'example_subdag_operator.section-1', 'example_subdag_operator.section-2', 'example_subdag_operator' retrieved from /home/ubuntu/venv/lib/python3.12/site-packages/airflow/example_dags/example_subdag_operator.py
[2024-06-27T21:28:50.830+0000] {logging_mixin.py:188} INFO - [2024-06-27T21:28:50.830+0000] {dag.py:3096} INFO - Sync 3 DAGs
[2024-06-27T21:28:50.855+0000] {logging_mixin.py:188} INFO - [2024-06-27T21:28:50.854+0000] {dag.py:3954} INFO - Setting next_dagrun for example_subdag_operator to 2022-01-01 00:00:00+00:00, run_after=2022-01-01 00:00:00+00:00
[2024-06-27T21:28:50.858+0000] {logging_mixin.py:188} INFO - [2024-06-27T21:28:50.858+0000] {dag.py:3954} INFO - Setting next_dagrun for example_subdag_operator.section-1 to None, run_after=None
[2024-06-27T21:28:50.859+0000] {logging_mixin.py:188} INFO - [2024-06-27T21:28:50.859+0000] {dag.py:3954} INFO - Setting next_dagrun for example_subdag_operator.section-2 to None, run_after=None
[2024-06-27T21:28:50.865+0000] {logging_mixin.py:188} INFO - [2024-06-27T21:28:50.865+0000] {dag.py:3096} INFO - Sync 2 DAGs
[2024-06-27T21:28:50.869+0000] {logging_mixin.py:188} INFO - [2024-06-27T21:28:50.869+0000] {dag.py:3954} INFO - Setting next_dagrun for example_subdag_operator.section-1 to None, run_after=None
[2024-06-27T21:28:50.869+0000] {logging_mixin.py:188} INFO - [2024-06-27T21:28:50.869+0000] {dag.py:3954} INFO - Setting next_dagrun for example_subdag_operator.section-2 to None, run_after=None
[2024-06-27T21:28:50.885+0000] {processor.py:183} INFO - Processing /home/ubuntu/venv/lib/python3.12/site-packages/airflow/example_dags/example_subdag_operator.py took 0.102 seconds
[2024-06-27T21:29:41.008+0000] {processor.py:161} INFO - Started process (PID=3894) to work on /home/ubuntu/venv/lib/python3.12/site-packages/airflow/example_dags/example_subdag_operator.py
[2024-06-27T21:29:41.009+0000] {processor.py:830} INFO - Processing file /home/ubuntu/venv/lib/python3.12/site-packages/airflow/example_dags/example_subdag_operator.py for tasks to queue
[2024-06-27T21:29:41.010+0000] {logging_mixin.py:188} INFO - [2024-06-27T21:29:41.010+0000] {dagbag.py:545} INFO - Filling up the DagBag from /home/ubuntu/venv/lib/python3.12/site-packages/airflow/example_dags/example_subdag_operator.py
[2024-06-27T21:29:41.031+0000] {processor.py:840} INFO - DAG(s) 'example_subdag_operator.section-1', 'example_subdag_operator.section-2', 'example_subdag_operator' retrieved from /home/ubuntu/venv/lib/python3.12/site-packages/airflow/example_dags/example_subdag_operator.py
[2024-06-27T21:29:41.047+0000] {logging_mixin.py:188} INFO - [2024-06-27T21:29:41.047+0000] {dag.py:3096} INFO - Sync 3 DAGs
[2024-06-27T21:29:41.068+0000] {logging_mixin.py:188} INFO - [2024-06-27T21:29:41.067+0000] {dag.py:3954} INFO - Setting next_dagrun for example_subdag_operator to 2022-01-01 00:00:00+00:00, run_after=2022-01-01 00:00:00+00:00
[2024-06-27T21:29:41.071+0000] {logging_mixin.py:188} INFO - [2024-06-27T21:29:41.071+0000] {dag.py:3954} INFO - Setting next_dagrun for example_subdag_operator.section-1 to None, run_after=None
[2024-06-27T21:29:41.072+0000] {logging_mixin.py:188} INFO - [2024-06-27T21:29:41.072+0000] {dag.py:3954} INFO - Setting next_dagrun for example_subdag_operator.section-2 to None, run_after=None
[2024-06-27T21:29:41.078+0000] {logging_mixin.py:188} INFO - [2024-06-27T21:29:41.078+0000] {dag.py:3096} INFO - Sync 2 DAGs
[2024-06-27T21:29:41.082+0000] {logging_mixin.py:188} INFO - [2024-06-27T21:29:41.081+0000] {dag.py:3954} INFO - Setting next_dagrun for example_subdag_operator.section-1 to None, run_after=None
[2024-06-27T21:29:41.082+0000] {logging_mixin.py:188} INFO - [2024-06-27T21:29:41.082+0000] {dag.py:3954} INFO - Setting next_dagrun for example_subdag_operator.section-2 to None, run_after=None
[2024-06-27T21:29:41.100+0000] {processor.py:183} INFO - Processing /home/ubuntu/venv/lib/python3.12/site-packages/airflow/example_dags/example_subdag_operator.py took 0.098 seconds
[2024-06-27T21:30:23.294+0000] {processor.py:161} INFO - Started process (PID=3948) to work on /home/ubuntu/venv/lib/python3.12/site-packages/airflow/example_dags/example_subdag_operator.py
[2024-06-27T21:30:23.295+0000] {processor.py:830} INFO - Processing file /home/ubuntu/venv/lib/python3.12/site-packages/airflow/example_dags/example_subdag_operator.py for tasks to queue
[2024-06-27T21:30:23.296+0000] {logging_mixin.py:188} INFO - [2024-06-27T21:30:23.296+0000] {dagbag.py:545} INFO - Filling up the DagBag from /home/ubuntu/venv/lib/python3.12/site-packages/airflow/example_dags/example_subdag_operator.py
[2024-06-27T21:30:23.318+0000] {processor.py:840} INFO - DAG(s) 'example_subdag_operator.section-1', 'example_subdag_operator.section-2', 'example_subdag_operator' retrieved from /home/ubuntu/venv/lib/python3.12/site-packages/airflow/example_dags/example_subdag_operator.py
[2024-06-27T21:30:23.334+0000] {logging_mixin.py:188} INFO - [2024-06-27T21:30:23.334+0000] {dag.py:3096} INFO - Sync 3 DAGs
[2024-06-27T21:30:23.355+0000] {logging_mixin.py:188} INFO - [2024-06-27T21:30:23.354+0000] {dag.py:3954} INFO - Setting next_dagrun for example_subdag_operator to 2022-01-01 00:00:00+00:00, run_after=2022-01-01 00:00:00+00:00
[2024-06-27T21:30:23.358+0000] {logging_mixin.py:188} INFO - [2024-06-27T21:30:23.358+0000] {dag.py:3954} INFO - Setting next_dagrun for example_subdag_operator.section-1 to None, run_after=None
[2024-06-27T21:30:23.359+0000] {logging_mixin.py:188} INFO - [2024-06-27T21:30:23.359+0000] {dag.py:3954} INFO - Setting next_dagrun for example_subdag_operator.section-2 to None, run_after=None
[2024-06-27T21:30:23.365+0000] {logging_mixin.py:188} INFO - [2024-06-27T21:30:23.365+0000] {dag.py:3096} INFO - Sync 2 DAGs
[2024-06-27T21:30:23.369+0000] {logging_mixin.py:188} INFO - [2024-06-27T21:30:23.369+0000] {dag.py:3954} INFO - Setting next_dagrun for example_subdag_operator.section-1 to None, run_after=None
[2024-06-27T21:30:23.369+0000] {logging_mixin.py:188} INFO - [2024-06-27T21:30:23.369+0000] {dag.py:3954} INFO - Setting next_dagrun for example_subdag_operator.section-2 to None, run_after=None
[2024-06-27T21:30:23.386+0000] {processor.py:183} INFO - Processing /home/ubuntu/venv/lib/python3.12/site-packages/airflow/example_dags/example_subdag_operator.py took 0.098 seconds
[2024-06-27T21:31:05.714+0000] {processor.py:161} INFO - Started process (PID=3992) to work on /home/ubuntu/venv/lib/python3.12/site-packages/airflow/example_dags/example_subdag_operator.py
[2024-06-27T21:31:05.716+0000] {processor.py:830} INFO - Processing file /home/ubuntu/venv/lib/python3.12/site-packages/airflow/example_dags/example_subdag_operator.py for tasks to queue
[2024-06-27T21:31:05.717+0000] {logging_mixin.py:188} INFO - [2024-06-27T21:31:05.717+0000] {dagbag.py:545} INFO - Filling up the DagBag from /home/ubuntu/venv/lib/python3.12/site-packages/airflow/example_dags/example_subdag_operator.py
[2024-06-27T21:31:05.739+0000] {processor.py:840} INFO - DAG(s) 'example_subdag_operator.section-1', 'example_subdag_operator.section-2', 'example_subdag_operator' retrieved from /home/ubuntu/venv/lib/python3.12/site-packages/airflow/example_dags/example_subdag_operator.py
[2024-06-27T21:31:05.755+0000] {logging_mixin.py:188} INFO - [2024-06-27T21:31:05.754+0000] {dag.py:3096} INFO - Sync 3 DAGs
[2024-06-27T21:31:05.775+0000] {logging_mixin.py:188} INFO - [2024-06-27T21:31:05.775+0000] {dag.py:3954} INFO - Setting next_dagrun for example_subdag_operator to 2022-01-01 00:00:00+00:00, run_after=2022-01-01 00:00:00+00:00
[2024-06-27T21:31:05.778+0000] {logging_mixin.py:188} INFO - [2024-06-27T21:31:05.778+0000] {dag.py:3954} INFO - Setting next_dagrun for example_subdag_operator.section-1 to None, run_after=None
[2024-06-27T21:31:05.779+0000] {logging_mixin.py:188} INFO - [2024-06-27T21:31:05.779+0000] {dag.py:3954} INFO - Setting next_dagrun for example_subdag_operator.section-2 to None, run_after=None
[2024-06-27T21:31:05.785+0000] {logging_mixin.py:188} INFO - [2024-06-27T21:31:05.785+0000] {dag.py:3096} INFO - Sync 2 DAGs
[2024-06-27T21:31:05.789+0000] {logging_mixin.py:188} INFO - [2024-06-27T21:31:05.789+0000] {dag.py:3954} INFO - Setting next_dagrun for example_subdag_operator.section-1 to None, run_after=None
[2024-06-27T21:31:05.790+0000] {logging_mixin.py:188} INFO - [2024-06-27T21:31:05.790+0000] {dag.py:3954} INFO - Setting next_dagrun for example_subdag_operator.section-2 to None, run_after=None
[2024-06-27T21:31:05.806+0000] {processor.py:183} INFO - Processing /home/ubuntu/venv/lib/python3.12/site-packages/airflow/example_dags/example_subdag_operator.py took 0.097 seconds
[2024-06-27T21:31:49.376+0000] {processor.py:161} INFO - Started process (PID=4036) to work on /home/ubuntu/venv/lib/python3.12/site-packages/airflow/example_dags/example_subdag_operator.py
[2024-06-27T21:31:49.378+0000] {processor.py:830} INFO - Processing file /home/ubuntu/venv/lib/python3.12/site-packages/airflow/example_dags/example_subdag_operator.py for tasks to queue
[2024-06-27T21:31:49.379+0000] {logging_mixin.py:188} INFO - [2024-06-27T21:31:49.378+0000] {dagbag.py:545} INFO - Filling up the DagBag from /home/ubuntu/venv/lib/python3.12/site-packages/airflow/example_dags/example_subdag_operator.py
[2024-06-27T21:31:49.401+0000] {processor.py:840} INFO - DAG(s) 'example_subdag_operator.section-1', 'example_subdag_operator.section-2', 'example_subdag_operator' retrieved from /home/ubuntu/venv/lib/python3.12/site-packages/airflow/example_dags/example_subdag_operator.py
[2024-06-27T21:31:49.417+0000] {logging_mixin.py:188} INFO - [2024-06-27T21:31:49.417+0000] {dag.py:3096} INFO - Sync 3 DAGs
[2024-06-27T21:31:49.438+0000] {logging_mixin.py:188} INFO - [2024-06-27T21:31:49.438+0000] {dag.py:3954} INFO - Setting next_dagrun for example_subdag_operator to 2022-01-01 00:00:00+00:00, run_after=2022-01-01 00:00:00+00:00
[2024-06-27T21:31:49.441+0000] {logging_mixin.py:188} INFO - [2024-06-27T21:31:49.441+0000] {dag.py:3954} INFO - Setting next_dagrun for example_subdag_operator.section-1 to None, run_after=None
[2024-06-27T21:31:49.442+0000] {logging_mixin.py:188} INFO - [2024-06-27T21:31:49.442+0000] {dag.py:3954} INFO - Setting next_dagrun for example_subdag_operator.section-2 to None, run_after=None
[2024-06-27T21:31:49.449+0000] {logging_mixin.py:188} INFO - [2024-06-27T21:31:49.449+0000] {dag.py:3096} INFO - Sync 2 DAGs
[2024-06-27T21:31:49.453+0000] {logging_mixin.py:188} INFO - [2024-06-27T21:31:49.453+0000] {dag.py:3954} INFO - Setting next_dagrun for example_subdag_operator.section-1 to None, run_after=None
[2024-06-27T21:31:49.454+0000] {logging_mixin.py:188} INFO - [2024-06-27T21:31:49.454+0000] {dag.py:3954} INFO - Setting next_dagrun for example_subdag_operator.section-2 to None, run_after=None
[2024-06-27T21:31:49.470+0000] {processor.py:183} INFO - Processing /home/ubuntu/venv/lib/python3.12/site-packages/airflow/example_dags/example_subdag_operator.py took 0.099 seconds
[2024-06-27T21:32:38.935+0000] {processor.py:161} INFO - Started process (PID=4090) to work on /home/ubuntu/venv/lib/python3.12/site-packages/airflow/example_dags/example_subdag_operator.py
[2024-06-27T21:32:38.936+0000] {processor.py:830} INFO - Processing file /home/ubuntu/venv/lib/python3.12/site-packages/airflow/example_dags/example_subdag_operator.py for tasks to queue
[2024-06-27T21:32:38.937+0000] {logging_mixin.py:188} INFO - [2024-06-27T21:32:38.937+0000] {dagbag.py:545} INFO - Filling up the DagBag from /home/ubuntu/venv/lib/python3.12/site-packages/airflow/example_dags/example_subdag_operator.py
[2024-06-27T21:32:38.958+0000] {processor.py:840} INFO - DAG(s) 'example_subdag_operator.section-1', 'example_subdag_operator.section-2', 'example_subdag_operator' retrieved from /home/ubuntu/venv/lib/python3.12/site-packages/airflow/example_dags/example_subdag_operator.py
[2024-06-27T21:32:38.974+0000] {logging_mixin.py:188} INFO - [2024-06-27T21:32:38.974+0000] {dag.py:3096} INFO - Sync 3 DAGs
[2024-06-27T21:32:38.994+0000] {logging_mixin.py:188} INFO - [2024-06-27T21:32:38.993+0000] {dag.py:3954} INFO - Setting next_dagrun for example_subdag_operator to 2022-01-01 00:00:00+00:00, run_after=2022-01-01 00:00:00+00:00
[2024-06-27T21:32:38.997+0000] {logging_mixin.py:188} INFO - [2024-06-27T21:32:38.997+0000] {dag.py:3954} INFO - Setting next_dagrun for example_subdag_operator.section-1 to None, run_after=None
[2024-06-27T21:32:38.998+0000] {logging_mixin.py:188} INFO - [2024-06-27T21:32:38.998+0000] {dag.py:3954} INFO - Setting next_dagrun for example_subdag_operator.section-2 to None, run_after=None
[2024-06-27T21:32:39.004+0000] {logging_mixin.py:188} INFO - [2024-06-27T21:32:39.004+0000] {dag.py:3096} INFO - Sync 2 DAGs
[2024-06-27T21:32:39.008+0000] {logging_mixin.py:188} INFO - [2024-06-27T21:32:39.008+0000] {dag.py:3954} INFO - Setting next_dagrun for example_subdag_operator.section-1 to None, run_after=None
[2024-06-27T21:32:39.008+0000] {logging_mixin.py:188} INFO - [2024-06-27T21:32:39.008+0000] {dag.py:3954} INFO - Setting next_dagrun for example_subdag_operator.section-2 to None, run_after=None
[2024-06-27T21:32:39.024+0000] {processor.py:183} INFO - Processing /home/ubuntu/venv/lib/python3.12/site-packages/airflow/example_dags/example_subdag_operator.py took 0.095 seconds
[2024-06-27T21:33:32.997+0000] {processor.py:161} INFO - Started process (PID=4157) to work on /home/ubuntu/venv/lib/python3.12/site-packages/airflow/example_dags/example_subdag_operator.py
[2024-06-27T21:33:32.999+0000] {processor.py:830} INFO - Processing file /home/ubuntu/venv/lib/python3.12/site-packages/airflow/example_dags/example_subdag_operator.py for tasks to queue
[2024-06-27T21:33:32.999+0000] {logging_mixin.py:188} INFO - [2024-06-27T21:33:32.999+0000] {dagbag.py:545} INFO - Filling up the DagBag from /home/ubuntu/venv/lib/python3.12/site-packages/airflow/example_dags/example_subdag_operator.py
[2024-06-27T21:33:33.021+0000] {processor.py:840} INFO - DAG(s) 'example_subdag_operator.section-1', 'example_subdag_operator.section-2', 'example_subdag_operator' retrieved from /home/ubuntu/venv/lib/python3.12/site-packages/airflow/example_dags/example_subdag_operator.py
[2024-06-27T21:33:33.037+0000] {logging_mixin.py:188} INFO - [2024-06-27T21:33:33.037+0000] {dag.py:3096} INFO - Sync 3 DAGs
[2024-06-27T21:33:33.058+0000] {logging_mixin.py:188} INFO - [2024-06-27T21:33:33.057+0000] {dag.py:3954} INFO - Setting next_dagrun for example_subdag_operator to 2022-01-01 00:00:00+00:00, run_after=2022-01-01 00:00:00+00:00
[2024-06-27T21:33:33.061+0000] {logging_mixin.py:188} INFO - [2024-06-27T21:33:33.061+0000] {dag.py:3954} INFO - Setting next_dagrun for example_subdag_operator.section-1 to None, run_after=None
[2024-06-27T21:33:33.062+0000] {logging_mixin.py:188} INFO - [2024-06-27T21:33:33.062+0000] {dag.py:3954} INFO - Setting next_dagrun for example_subdag_operator.section-2 to None, run_after=None
[2024-06-27T21:33:33.068+0000] {logging_mixin.py:188} INFO - [2024-06-27T21:33:33.068+0000] {dag.py:3096} INFO - Sync 2 DAGs
[2024-06-27T21:33:33.072+0000] {logging_mixin.py:188} INFO - [2024-06-27T21:33:33.072+0000] {dag.py:3954} INFO - Setting next_dagrun for example_subdag_operator.section-1 to None, run_after=None
[2024-06-27T21:33:33.072+0000] {logging_mixin.py:188} INFO - [2024-06-27T21:33:33.072+0000] {dag.py:3954} INFO - Setting next_dagrun for example_subdag_operator.section-2 to None, run_after=None
[2024-06-27T21:33:33.088+0000] {processor.py:183} INFO - Processing /home/ubuntu/venv/lib/python3.12/site-packages/airflow/example_dags/example_subdag_operator.py took 0.098 seconds
[2024-06-27T21:34:17.625+0000] {processor.py:161} INFO - Started process (PID=4202) to work on /home/ubuntu/venv/lib/python3.12/site-packages/airflow/example_dags/example_subdag_operator.py
[2024-06-27T21:34:17.626+0000] {processor.py:830} INFO - Processing file /home/ubuntu/venv/lib/python3.12/site-packages/airflow/example_dags/example_subdag_operator.py for tasks to queue
[2024-06-27T21:34:17.627+0000] {logging_mixin.py:188} INFO - [2024-06-27T21:34:17.627+0000] {dagbag.py:545} INFO - Filling up the DagBag from /home/ubuntu/venv/lib/python3.12/site-packages/airflow/example_dags/example_subdag_operator.py
[2024-06-27T21:34:17.648+0000] {processor.py:840} INFO - DAG(s) 'example_subdag_operator.section-1', 'example_subdag_operator.section-2', 'example_subdag_operator' retrieved from /home/ubuntu/venv/lib/python3.12/site-packages/airflow/example_dags/example_subdag_operator.py
[2024-06-27T21:34:17.665+0000] {logging_mixin.py:188} INFO - [2024-06-27T21:34:17.664+0000] {dag.py:3096} INFO - Sync 3 DAGs
[2024-06-27T21:34:17.684+0000] {logging_mixin.py:188} INFO - [2024-06-27T21:34:17.684+0000] {dag.py:3954} INFO - Setting next_dagrun for example_subdag_operator to 2022-01-01 00:00:00+00:00, run_after=2022-01-01 00:00:00+00:00
[2024-06-27T21:34:17.688+0000] {logging_mixin.py:188} INFO - [2024-06-27T21:34:17.688+0000] {dag.py:3954} INFO - Setting next_dagrun for example_subdag_operator.section-1 to None, run_after=None
[2024-06-27T21:34:17.689+0000] {logging_mixin.py:188} INFO - [2024-06-27T21:34:17.689+0000] {dag.py:3954} INFO - Setting next_dagrun for example_subdag_operator.section-2 to None, run_after=None
[2024-06-27T21:34:17.695+0000] {logging_mixin.py:188} INFO - [2024-06-27T21:34:17.694+0000] {dag.py:3096} INFO - Sync 2 DAGs
[2024-06-27T21:34:17.698+0000] {logging_mixin.py:188} INFO - [2024-06-27T21:34:17.698+0000] {dag.py:3954} INFO - Setting next_dagrun for example_subdag_operator.section-1 to None, run_after=None
[2024-06-27T21:34:17.699+0000] {logging_mixin.py:188} INFO - [2024-06-27T21:34:17.699+0000] {dag.py:3954} INFO - Setting next_dagrun for example_subdag_operator.section-2 to None, run_after=None
[2024-06-27T21:34:17.717+0000] {processor.py:183} INFO - Processing /home/ubuntu/venv/lib/python3.12/site-packages/airflow/example_dags/example_subdag_operator.py took 0.098 seconds
[2024-06-27T21:35:00.531+0000] {processor.py:161} INFO - Started process (PID=4247) to work on /home/ubuntu/venv/lib/python3.12/site-packages/airflow/example_dags/example_subdag_operator.py
[2024-06-27T21:35:00.533+0000] {processor.py:830} INFO - Processing file /home/ubuntu/venv/lib/python3.12/site-packages/airflow/example_dags/example_subdag_operator.py for tasks to queue
[2024-06-27T21:35:00.534+0000] {logging_mixin.py:188} INFO - [2024-06-27T21:35:00.533+0000] {dagbag.py:545} INFO - Filling up the DagBag from /home/ubuntu/venv/lib/python3.12/site-packages/airflow/example_dags/example_subdag_operator.py
[2024-06-27T21:35:00.569+0000] {processor.py:840} INFO - DAG(s) 'example_subdag_operator.section-1', 'example_subdag_operator.section-2', 'example_subdag_operator' retrieved from /home/ubuntu/venv/lib/python3.12/site-packages/airflow/example_dags/example_subdag_operator.py
[2024-06-27T21:35:00.597+0000] {logging_mixin.py:188} INFO - [2024-06-27T21:35:00.596+0000] {dag.py:3096} INFO - Sync 3 DAGs
[2024-06-27T21:35:00.629+0000] {logging_mixin.py:188} INFO - [2024-06-27T21:35:00.629+0000] {dag.py:3954} INFO - Setting next_dagrun for example_subdag_operator to 2022-01-01 00:00:00+00:00, run_after=2022-01-01 00:00:00+00:00
[2024-06-27T21:35:00.635+0000] {logging_mixin.py:188} INFO - [2024-06-27T21:35:00.634+0000] {dag.py:3954} INFO - Setting next_dagrun for example_subdag_operator.section-1 to None, run_after=None
[2024-06-27T21:35:00.636+0000] {logging_mixin.py:188} INFO - [2024-06-27T21:35:00.636+0000] {dag.py:3954} INFO - Setting next_dagrun for example_subdag_operator.section-2 to None, run_after=None
[2024-06-27T21:35:00.646+0000] {logging_mixin.py:188} INFO - [2024-06-27T21:35:00.646+0000] {dag.py:3096} INFO - Sync 2 DAGs
[2024-06-27T21:35:00.653+0000] {logging_mixin.py:188} INFO - [2024-06-27T21:35:00.652+0000] {dag.py:3954} INFO - Setting next_dagrun for example_subdag_operator.section-1 to None, run_after=None
[2024-06-27T21:35:00.653+0000] {logging_mixin.py:188} INFO - [2024-06-27T21:35:00.653+0000] {dag.py:3954} INFO - Setting next_dagrun for example_subdag_operator.section-2 to None, run_after=None
[2024-06-27T21:35:00.677+0000] {processor.py:183} INFO - Processing /home/ubuntu/venv/lib/python3.12/site-packages/airflow/example_dags/example_subdag_operator.py took 0.157 seconds
[2024-06-27T21:35:44.033+0000] {processor.py:161} INFO - Started process (PID=4297) to work on /home/ubuntu/venv/lib/python3.12/site-packages/airflow/example_dags/example_subdag_operator.py
[2024-06-27T21:35:44.035+0000] {processor.py:830} INFO - Processing file /home/ubuntu/venv/lib/python3.12/site-packages/airflow/example_dags/example_subdag_operator.py for tasks to queue
[2024-06-27T21:35:44.036+0000] {logging_mixin.py:188} INFO - [2024-06-27T21:35:44.035+0000] {dagbag.py:545} INFO - Filling up the DagBag from /home/ubuntu/venv/lib/python3.12/site-packages/airflow/example_dags/example_subdag_operator.py
[2024-06-27T21:35:44.057+0000] {processor.py:840} INFO - DAG(s) 'example_subdag_operator.section-1', 'example_subdag_operator.section-2', 'example_subdag_operator' retrieved from /home/ubuntu/venv/lib/python3.12/site-packages/airflow/example_dags/example_subdag_operator.py
[2024-06-27T21:35:44.074+0000] {logging_mixin.py:188} INFO - [2024-06-27T21:35:44.073+0000] {dag.py:3096} INFO - Sync 3 DAGs
[2024-06-27T21:35:44.094+0000] {logging_mixin.py:188} INFO - [2024-06-27T21:35:44.094+0000] {dag.py:3954} INFO - Setting next_dagrun for example_subdag_operator to 2022-01-01 00:00:00+00:00, run_after=2022-01-01 00:00:00+00:00
[2024-06-27T21:35:44.098+0000] {logging_mixin.py:188} INFO - [2024-06-27T21:35:44.098+0000] {dag.py:3954} INFO - Setting next_dagrun for example_subdag_operator.section-1 to None, run_after=None
[2024-06-27T21:35:44.099+0000] {logging_mixin.py:188} INFO - [2024-06-27T21:35:44.099+0000] {dag.py:3954} INFO - Setting next_dagrun for example_subdag_operator.section-2 to None, run_after=None
[2024-06-27T21:35:44.105+0000] {logging_mixin.py:188} INFO - [2024-06-27T21:35:44.105+0000] {dag.py:3096} INFO - Sync 2 DAGs
[2024-06-27T21:35:44.109+0000] {logging_mixin.py:188} INFO - [2024-06-27T21:35:44.109+0000] {dag.py:3954} INFO - Setting next_dagrun for example_subdag_operator.section-1 to None, run_after=None
[2024-06-27T21:35:44.109+0000] {logging_mixin.py:188} INFO - [2024-06-27T21:35:44.109+0000] {dag.py:3954} INFO - Setting next_dagrun for example_subdag_operator.section-2 to None, run_after=None
[2024-06-27T21:35:44.126+0000] {processor.py:183} INFO - Processing /home/ubuntu/venv/lib/python3.12/site-packages/airflow/example_dags/example_subdag_operator.py took 0.099 seconds
[2024-06-27T21:36:24.945+0000] {processor.py:161} INFO - Started process (PID=4339) to work on /home/ubuntu/venv/lib/python3.12/site-packages/airflow/example_dags/example_subdag_operator.py
[2024-06-27T21:36:24.947+0000] {processor.py:830} INFO - Processing file /home/ubuntu/venv/lib/python3.12/site-packages/airflow/example_dags/example_subdag_operator.py for tasks to queue
[2024-06-27T21:36:24.948+0000] {logging_mixin.py:188} INFO - [2024-06-27T21:36:24.947+0000] {dagbag.py:545} INFO - Filling up the DagBag from /home/ubuntu/venv/lib/python3.12/site-packages/airflow/example_dags/example_subdag_operator.py
[2024-06-27T21:36:24.969+0000] {processor.py:840} INFO - DAG(s) 'example_subdag_operator.section-1', 'example_subdag_operator.section-2', 'example_subdag_operator' retrieved from /home/ubuntu/venv/lib/python3.12/site-packages/airflow/example_dags/example_subdag_operator.py
[2024-06-27T21:36:24.985+0000] {logging_mixin.py:188} INFO - [2024-06-27T21:36:24.984+0000] {dag.py:3096} INFO - Sync 3 DAGs
[2024-06-27T21:36:25.004+0000] {logging_mixin.py:188} INFO - [2024-06-27T21:36:25.004+0000] {dag.py:3954} INFO - Setting next_dagrun for example_subdag_operator to 2022-01-01 00:00:00+00:00, run_after=2022-01-01 00:00:00+00:00
[2024-06-27T21:36:25.008+0000] {logging_mixin.py:188} INFO - [2024-06-27T21:36:25.008+0000] {dag.py:3954} INFO - Setting next_dagrun for example_subdag_operator.section-1 to None, run_after=None
[2024-06-27T21:36:25.009+0000] {logging_mixin.py:188} INFO - [2024-06-27T21:36:25.009+0000] {dag.py:3954} INFO - Setting next_dagrun for example_subdag_operator.section-2 to None, run_after=None
[2024-06-27T21:36:25.015+0000] {logging_mixin.py:188} INFO - [2024-06-27T21:36:25.014+0000] {dag.py:3096} INFO - Sync 2 DAGs
[2024-06-27T21:36:25.019+0000] {logging_mixin.py:188} INFO - [2024-06-27T21:36:25.018+0000] {dag.py:3954} INFO - Setting next_dagrun for example_subdag_operator.section-1 to None, run_after=None
[2024-06-27T21:36:25.019+0000] {logging_mixin.py:188} INFO - [2024-06-27T21:36:25.019+0000] {dag.py:3954} INFO - Setting next_dagrun for example_subdag_operator.section-2 to None, run_after=None
[2024-06-27T21:36:25.035+0000] {processor.py:183} INFO - Processing /home/ubuntu/venv/lib/python3.12/site-packages/airflow/example_dags/example_subdag_operator.py took 0.095 seconds
[2024-06-27T21:37:09.385+0000] {processor.py:161} INFO - Started process (PID=4384) to work on /home/ubuntu/venv/lib/python3.12/site-packages/airflow/example_dags/example_subdag_operator.py
[2024-06-27T21:37:09.388+0000] {processor.py:830} INFO - Processing file /home/ubuntu/venv/lib/python3.12/site-packages/airflow/example_dags/example_subdag_operator.py for tasks to queue
[2024-06-27T21:37:09.389+0000] {logging_mixin.py:188} INFO - [2024-06-27T21:37:09.388+0000] {dagbag.py:545} INFO - Filling up the DagBag from /home/ubuntu/venv/lib/python3.12/site-packages/airflow/example_dags/example_subdag_operator.py
[2024-06-27T21:37:09.410+0000] {processor.py:840} INFO - DAG(s) 'example_subdag_operator.section-1', 'example_subdag_operator.section-2', 'example_subdag_operator' retrieved from /home/ubuntu/venv/lib/python3.12/site-packages/airflow/example_dags/example_subdag_operator.py
[2024-06-27T21:37:09.426+0000] {logging_mixin.py:188} INFO - [2024-06-27T21:37:09.426+0000] {dag.py:3096} INFO - Sync 3 DAGs
[2024-06-27T21:37:09.446+0000] {logging_mixin.py:188} INFO - [2024-06-27T21:37:09.446+0000] {dag.py:3954} INFO - Setting next_dagrun for example_subdag_operator to 2022-01-01 00:00:00+00:00, run_after=2022-01-01 00:00:00+00:00
[2024-06-27T21:37:09.450+0000] {logging_mixin.py:188} INFO - [2024-06-27T21:37:09.449+0000] {dag.py:3954} INFO - Setting next_dagrun for example_subdag_operator.section-1 to None, run_after=None
[2024-06-27T21:37:09.451+0000] {logging_mixin.py:188} INFO - [2024-06-27T21:37:09.450+0000] {dag.py:3954} INFO - Setting next_dagrun for example_subdag_operator.section-2 to None, run_after=None
[2024-06-27T21:37:09.458+0000] {logging_mixin.py:188} INFO - [2024-06-27T21:37:09.458+0000] {dag.py:3096} INFO - Sync 2 DAGs
[2024-06-27T21:37:09.462+0000] {logging_mixin.py:188} INFO - [2024-06-27T21:37:09.462+0000] {dag.py:3954} INFO - Setting next_dagrun for example_subdag_operator.section-1 to None, run_after=None
[2024-06-27T21:37:09.463+0000] {logging_mixin.py:188} INFO - [2024-06-27T21:37:09.463+0000] {dag.py:3954} INFO - Setting next_dagrun for example_subdag_operator.section-2 to None, run_after=None
[2024-06-27T21:37:09.480+0000] {processor.py:183} INFO - Processing /home/ubuntu/venv/lib/python3.12/site-packages/airflow/example_dags/example_subdag_operator.py took 0.103 seconds
[2024-06-27T21:37:56.966+0000] {processor.py:161} INFO - Started process (PID=4436) to work on /home/ubuntu/venv/lib/python3.12/site-packages/airflow/example_dags/example_subdag_operator.py
[2024-06-27T21:37:56.967+0000] {processor.py:830} INFO - Processing file /home/ubuntu/venv/lib/python3.12/site-packages/airflow/example_dags/example_subdag_operator.py for tasks to queue
[2024-06-27T21:37:56.968+0000] {logging_mixin.py:188} INFO - [2024-06-27T21:37:56.967+0000] {dagbag.py:545} INFO - Filling up the DagBag from /home/ubuntu/venv/lib/python3.12/site-packages/airflow/example_dags/example_subdag_operator.py
[2024-06-27T21:37:56.989+0000] {processor.py:840} INFO - DAG(s) 'example_subdag_operator.section-1', 'example_subdag_operator.section-2', 'example_subdag_operator' retrieved from /home/ubuntu/venv/lib/python3.12/site-packages/airflow/example_dags/example_subdag_operator.py
[2024-06-27T21:37:57.005+0000] {logging_mixin.py:188} INFO - [2024-06-27T21:37:57.005+0000] {dag.py:3096} INFO - Sync 3 DAGs
[2024-06-27T21:37:57.025+0000] {logging_mixin.py:188} INFO - [2024-06-27T21:37:57.025+0000] {dag.py:3954} INFO - Setting next_dagrun for example_subdag_operator to 2022-01-01 00:00:00+00:00, run_after=2022-01-01 00:00:00+00:00
[2024-06-27T21:37:57.028+0000] {logging_mixin.py:188} INFO - [2024-06-27T21:37:57.028+0000] {dag.py:3954} INFO - Setting next_dagrun for example_subdag_operator.section-1 to None, run_after=None
[2024-06-27T21:37:57.029+0000] {logging_mixin.py:188} INFO - [2024-06-27T21:37:57.029+0000] {dag.py:3954} INFO - Setting next_dagrun for example_subdag_operator.section-2 to None, run_after=None
[2024-06-27T21:37:57.035+0000] {logging_mixin.py:188} INFO - [2024-06-27T21:37:57.035+0000] {dag.py:3096} INFO - Sync 2 DAGs
[2024-06-27T21:37:57.039+0000] {logging_mixin.py:188} INFO - [2024-06-27T21:37:57.039+0000] {dag.py:3954} INFO - Setting next_dagrun for example_subdag_operator.section-1 to None, run_after=None
[2024-06-27T21:37:57.039+0000] {logging_mixin.py:188} INFO - [2024-06-27T21:37:57.039+0000] {dag.py:3954} INFO - Setting next_dagrun for example_subdag_operator.section-2 to None, run_after=None
[2024-06-27T21:37:57.055+0000] {processor.py:183} INFO - Processing /home/ubuntu/venv/lib/python3.12/site-packages/airflow/example_dags/example_subdag_operator.py took 0.096 seconds
[2024-06-27T21:38:46.110+0000] {processor.py:161} INFO - Started process (PID=4486) to work on /home/ubuntu/venv/lib/python3.12/site-packages/airflow/example_dags/example_subdag_operator.py
[2024-06-27T21:38:46.111+0000] {processor.py:830} INFO - Processing file /home/ubuntu/venv/lib/python3.12/site-packages/airflow/example_dags/example_subdag_operator.py for tasks to queue
[2024-06-27T21:38:46.112+0000] {logging_mixin.py:188} INFO - [2024-06-27T21:38:46.112+0000] {dagbag.py:545} INFO - Filling up the DagBag from /home/ubuntu/venv/lib/python3.12/site-packages/airflow/example_dags/example_subdag_operator.py
[2024-06-27T21:38:46.133+0000] {processor.py:840} INFO - DAG(s) 'example_subdag_operator.section-1', 'example_subdag_operator.section-2', 'example_subdag_operator' retrieved from /home/ubuntu/venv/lib/python3.12/site-packages/airflow/example_dags/example_subdag_operator.py
[2024-06-27T21:38:46.149+0000] {logging_mixin.py:188} INFO - [2024-06-27T21:38:46.149+0000] {dag.py:3096} INFO - Sync 3 DAGs
[2024-06-27T21:38:46.168+0000] {logging_mixin.py:188} INFO - [2024-06-27T21:38:46.168+0000] {dag.py:3954} INFO - Setting next_dagrun for example_subdag_operator to 2022-01-01 00:00:00+00:00, run_after=2022-01-01 00:00:00+00:00
[2024-06-27T21:38:46.171+0000] {logging_mixin.py:188} INFO - [2024-06-27T21:38:46.171+0000] {dag.py:3954} INFO - Setting next_dagrun for example_subdag_operator.section-1 to None, run_after=None
[2024-06-27T21:38:46.172+0000] {logging_mixin.py:188} INFO - [2024-06-27T21:38:46.172+0000] {dag.py:3954} INFO - Setting next_dagrun for example_subdag_operator.section-2 to None, run_after=None
[2024-06-27T21:38:46.179+0000] {logging_mixin.py:188} INFO - [2024-06-27T21:38:46.179+0000] {dag.py:3096} INFO - Sync 2 DAGs
[2024-06-27T21:38:46.183+0000] {logging_mixin.py:188} INFO - [2024-06-27T21:38:46.183+0000] {dag.py:3954} INFO - Setting next_dagrun for example_subdag_operator.section-1 to None, run_after=None
[2024-06-27T21:38:46.183+0000] {logging_mixin.py:188} INFO - [2024-06-27T21:38:46.183+0000] {dag.py:3954} INFO - Setting next_dagrun for example_subdag_operator.section-2 to None, run_after=None
[2024-06-27T21:38:46.314+0000] {processor.py:183} INFO - Processing /home/ubuntu/venv/lib/python3.12/site-packages/airflow/example_dags/example_subdag_operator.py took 0.210 seconds
[2024-06-27T21:39:29.318+0000] {processor.py:161} INFO - Started process (PID=4531) to work on /home/ubuntu/venv/lib/python3.12/site-packages/airflow/example_dags/example_subdag_operator.py
[2024-06-27T21:39:29.320+0000] {processor.py:830} INFO - Processing file /home/ubuntu/venv/lib/python3.12/site-packages/airflow/example_dags/example_subdag_operator.py for tasks to queue
[2024-06-27T21:39:29.321+0000] {logging_mixin.py:188} INFO - [2024-06-27T21:39:29.320+0000] {dagbag.py:545} INFO - Filling up the DagBag from /home/ubuntu/venv/lib/python3.12/site-packages/airflow/example_dags/example_subdag_operator.py
[2024-06-27T21:39:29.342+0000] {processor.py:840} INFO - DAG(s) 'example_subdag_operator.section-1', 'example_subdag_operator.section-2', 'example_subdag_operator' retrieved from /home/ubuntu/venv/lib/python3.12/site-packages/airflow/example_dags/example_subdag_operator.py
[2024-06-27T21:39:29.358+0000] {logging_mixin.py:188} INFO - [2024-06-27T21:39:29.358+0000] {dag.py:3096} INFO - Sync 3 DAGs
[2024-06-27T21:39:29.377+0000] {logging_mixin.py:188} INFO - [2024-06-27T21:39:29.377+0000] {dag.py:3954} INFO - Setting next_dagrun for example_subdag_operator to 2022-01-01 00:00:00+00:00, run_after=2022-01-01 00:00:00+00:00
[2024-06-27T21:39:29.381+0000] {logging_mixin.py:188} INFO - [2024-06-27T21:39:29.380+0000] {dag.py:3954} INFO - Setting next_dagrun for example_subdag_operator.section-1 to None, run_after=None
[2024-06-27T21:39:29.382+0000] {logging_mixin.py:188} INFO - [2024-06-27T21:39:29.381+0000] {dag.py:3954} INFO - Setting next_dagrun for example_subdag_operator.section-2 to None, run_after=None
[2024-06-27T21:39:29.387+0000] {logging_mixin.py:188} INFO - [2024-06-27T21:39:29.387+0000] {dag.py:3096} INFO - Sync 2 DAGs
[2024-06-27T21:39:29.391+0000] {logging_mixin.py:188} INFO - [2024-06-27T21:39:29.391+0000] {dag.py:3954} INFO - Setting next_dagrun for example_subdag_operator.section-1 to None, run_after=None
[2024-06-27T21:39:29.392+0000] {logging_mixin.py:188} INFO - [2024-06-27T21:39:29.391+0000] {dag.py:3954} INFO - Setting next_dagrun for example_subdag_operator.section-2 to None, run_after=None
[2024-06-27T21:39:29.406+0000] {processor.py:183} INFO - Processing /home/ubuntu/venv/lib/python3.12/site-packages/airflow/example_dags/example_subdag_operator.py took 0.094 seconds
[2024-06-27T21:40:12.172+0000] {processor.py:161} INFO - Started process (PID=4578) to work on /home/ubuntu/venv/lib/python3.12/site-packages/airflow/example_dags/example_subdag_operator.py
[2024-06-27T21:40:12.175+0000] {processor.py:830} INFO - Processing file /home/ubuntu/venv/lib/python3.12/site-packages/airflow/example_dags/example_subdag_operator.py for tasks to queue
[2024-06-27T21:40:12.176+0000] {logging_mixin.py:188} INFO - [2024-06-27T21:40:12.176+0000] {dagbag.py:545} INFO - Filling up the DagBag from /home/ubuntu/venv/lib/python3.12/site-packages/airflow/example_dags/example_subdag_operator.py
[2024-06-27T21:40:12.198+0000] {processor.py:840} INFO - DAG(s) 'example_subdag_operator.section-1', 'example_subdag_operator.section-2', 'example_subdag_operator' retrieved from /home/ubuntu/venv/lib/python3.12/site-packages/airflow/example_dags/example_subdag_operator.py
[2024-06-27T21:40:12.214+0000] {logging_mixin.py:188} INFO - [2024-06-27T21:40:12.214+0000] {dag.py:3096} INFO - Sync 3 DAGs
[2024-06-27T21:40:12.235+0000] {logging_mixin.py:188} INFO - [2024-06-27T21:40:12.234+0000] {dag.py:3954} INFO - Setting next_dagrun for example_subdag_operator to 2022-01-01 00:00:00+00:00, run_after=2022-01-01 00:00:00+00:00
[2024-06-27T21:40:12.238+0000] {logging_mixin.py:188} INFO - [2024-06-27T21:40:12.238+0000] {dag.py:3954} INFO - Setting next_dagrun for example_subdag_operator.section-1 to None, run_after=None
[2024-06-27T21:40:12.239+0000] {logging_mixin.py:188} INFO - [2024-06-27T21:40:12.239+0000] {dag.py:3954} INFO - Setting next_dagrun for example_subdag_operator.section-2 to None, run_after=None
[2024-06-27T21:40:12.245+0000] {logging_mixin.py:188} INFO - [2024-06-27T21:40:12.245+0000] {dag.py:3096} INFO - Sync 2 DAGs
[2024-06-27T21:40:12.250+0000] {logging_mixin.py:188} INFO - [2024-06-27T21:40:12.249+0000] {dag.py:3954} INFO - Setting next_dagrun for example_subdag_operator.section-1 to None, run_after=None
[2024-06-27T21:40:12.250+0000] {logging_mixin.py:188} INFO - [2024-06-27T21:40:12.250+0000] {dag.py:3954} INFO - Setting next_dagrun for example_subdag_operator.section-2 to None, run_after=None
[2024-06-27T21:40:12.268+0000] {processor.py:183} INFO - Processing /home/ubuntu/venv/lib/python3.12/site-packages/airflow/example_dags/example_subdag_operator.py took 0.103 seconds
[2024-06-27T21:40:56.486+0000] {processor.py:161} INFO - Started process (PID=4622) to work on /home/ubuntu/venv/lib/python3.12/site-packages/airflow/example_dags/example_subdag_operator.py
[2024-06-27T21:40:56.487+0000] {processor.py:830} INFO - Processing file /home/ubuntu/venv/lib/python3.12/site-packages/airflow/example_dags/example_subdag_operator.py for tasks to queue
[2024-06-27T21:40:56.488+0000] {logging_mixin.py:188} INFO - [2024-06-27T21:40:56.488+0000] {dagbag.py:545} INFO - Filling up the DagBag from /home/ubuntu/venv/lib/python3.12/site-packages/airflow/example_dags/example_subdag_operator.py
[2024-06-27T21:40:56.510+0000] {processor.py:840} INFO - DAG(s) 'example_subdag_operator.section-1', 'example_subdag_operator.section-2', 'example_subdag_operator' retrieved from /home/ubuntu/venv/lib/python3.12/site-packages/airflow/example_dags/example_subdag_operator.py
[2024-06-27T21:40:56.525+0000] {logging_mixin.py:188} INFO - [2024-06-27T21:40:56.525+0000] {dag.py:3096} INFO - Sync 3 DAGs
[2024-06-27T21:40:56.545+0000] {logging_mixin.py:188} INFO - [2024-06-27T21:40:56.545+0000] {dag.py:3954} INFO - Setting next_dagrun for example_subdag_operator to 2022-01-01 00:00:00+00:00, run_after=2022-01-01 00:00:00+00:00
[2024-06-27T21:40:56.549+0000] {logging_mixin.py:188} INFO - [2024-06-27T21:40:56.548+0000] {dag.py:3954} INFO - Setting next_dagrun for example_subdag_operator.section-1 to None, run_after=None
[2024-06-27T21:40:56.550+0000] {logging_mixin.py:188} INFO - [2024-06-27T21:40:56.549+0000] {dag.py:3954} INFO - Setting next_dagrun for example_subdag_operator.section-2 to None, run_after=None
[2024-06-27T21:40:56.555+0000] {logging_mixin.py:188} INFO - [2024-06-27T21:40:56.555+0000] {dag.py:3096} INFO - Sync 2 DAGs
[2024-06-27T21:40:56.559+0000] {logging_mixin.py:188} INFO - [2024-06-27T21:40:56.559+0000] {dag.py:3954} INFO - Setting next_dagrun for example_subdag_operator.section-1 to None, run_after=None
[2024-06-27T21:40:56.560+0000] {logging_mixin.py:188} INFO - [2024-06-27T21:40:56.560+0000] {dag.py:3954} INFO - Setting next_dagrun for example_subdag_operator.section-2 to None, run_after=None
[2024-06-27T21:40:56.575+0000] {processor.py:183} INFO - Processing /home/ubuntu/venv/lib/python3.12/site-packages/airflow/example_dags/example_subdag_operator.py took 0.095 seconds
[2024-06-27T21:41:40.950+0000] {processor.py:161} INFO - Started process (PID=4669) to work on /home/ubuntu/venv/lib/python3.12/site-packages/airflow/example_dags/example_subdag_operator.py
[2024-06-27T21:41:40.952+0000] {processor.py:830} INFO - Processing file /home/ubuntu/venv/lib/python3.12/site-packages/airflow/example_dags/example_subdag_operator.py for tasks to queue
[2024-06-27T21:41:40.952+0000] {logging_mixin.py:188} INFO - [2024-06-27T21:41:40.952+0000] {dagbag.py:545} INFO - Filling up the DagBag from /home/ubuntu/venv/lib/python3.12/site-packages/airflow/example_dags/example_subdag_operator.py
[2024-06-27T21:41:40.973+0000] {processor.py:840} INFO - DAG(s) 'example_subdag_operator.section-1', 'example_subdag_operator.section-2', 'example_subdag_operator' retrieved from /home/ubuntu/venv/lib/python3.12/site-packages/airflow/example_dags/example_subdag_operator.py
[2024-06-27T21:41:40.989+0000] {logging_mixin.py:188} INFO - [2024-06-27T21:41:40.989+0000] {dag.py:3096} INFO - Sync 3 DAGs
[2024-06-27T21:41:41.010+0000] {logging_mixin.py:188} INFO - [2024-06-27T21:41:41.009+0000] {dag.py:3954} INFO - Setting next_dagrun for example_subdag_operator to 2022-01-01 00:00:00+00:00, run_after=2022-01-01 00:00:00+00:00
[2024-06-27T21:41:41.013+0000] {logging_mixin.py:188} INFO - [2024-06-27T21:41:41.013+0000] {dag.py:3954} INFO - Setting next_dagrun for example_subdag_operator.section-1 to None, run_after=None
[2024-06-27T21:41:41.014+0000] {logging_mixin.py:188} INFO - [2024-06-27T21:41:41.014+0000] {dag.py:3954} INFO - Setting next_dagrun for example_subdag_operator.section-2 to None, run_after=None
[2024-06-27T21:41:41.136+0000] {logging_mixin.py:188} INFO - [2024-06-27T21:41:41.136+0000] {dag.py:3096} INFO - Sync 2 DAGs
[2024-06-27T21:41:41.140+0000] {logging_mixin.py:188} INFO - [2024-06-27T21:41:41.140+0000] {dag.py:3954} INFO - Setting next_dagrun for example_subdag_operator.section-1 to None, run_after=None
[2024-06-27T21:41:41.141+0000] {logging_mixin.py:188} INFO - [2024-06-27T21:41:41.141+0000] {dag.py:3954} INFO - Setting next_dagrun for example_subdag_operator.section-2 to None, run_after=None
[2024-06-27T21:41:41.156+0000] {processor.py:183} INFO - Processing /home/ubuntu/venv/lib/python3.12/site-packages/airflow/example_dags/example_subdag_operator.py took 0.211 seconds
[2024-06-27T21:42:25.025+0000] {processor.py:161} INFO - Started process (PID=4714) to work on /home/ubuntu/venv/lib/python3.12/site-packages/airflow/example_dags/example_subdag_operator.py
[2024-06-27T21:42:25.026+0000] {processor.py:830} INFO - Processing file /home/ubuntu/venv/lib/python3.12/site-packages/airflow/example_dags/example_subdag_operator.py for tasks to queue
[2024-06-27T21:42:25.027+0000] {logging_mixin.py:188} INFO - [2024-06-27T21:42:25.027+0000] {dagbag.py:545} INFO - Filling up the DagBag from /home/ubuntu/venv/lib/python3.12/site-packages/airflow/example_dags/example_subdag_operator.py
[2024-06-27T21:42:25.048+0000] {processor.py:840} INFO - DAG(s) 'example_subdag_operator.section-1', 'example_subdag_operator.section-2', 'example_subdag_operator' retrieved from /home/ubuntu/venv/lib/python3.12/site-packages/airflow/example_dags/example_subdag_operator.py
[2024-06-27T21:42:25.064+0000] {logging_mixin.py:188} INFO - [2024-06-27T21:42:25.064+0000] {dag.py:3096} INFO - Sync 3 DAGs
[2024-06-27T21:42:25.084+0000] {logging_mixin.py:188} INFO - [2024-06-27T21:42:25.084+0000] {dag.py:3954} INFO - Setting next_dagrun for example_subdag_operator to 2022-01-01 00:00:00+00:00, run_after=2022-01-01 00:00:00+00:00
[2024-06-27T21:42:25.087+0000] {logging_mixin.py:188} INFO - [2024-06-27T21:42:25.087+0000] {dag.py:3954} INFO - Setting next_dagrun for example_subdag_operator.section-1 to None, run_after=None
[2024-06-27T21:42:25.088+0000] {logging_mixin.py:188} INFO - [2024-06-27T21:42:25.088+0000] {dag.py:3954} INFO - Setting next_dagrun for example_subdag_operator.section-2 to None, run_after=None
[2024-06-27T21:42:25.094+0000] {logging_mixin.py:188} INFO - [2024-06-27T21:42:25.094+0000] {dag.py:3096} INFO - Sync 2 DAGs
[2024-06-27T21:42:25.098+0000] {logging_mixin.py:188} INFO - [2024-06-27T21:42:25.098+0000] {dag.py:3954} INFO - Setting next_dagrun for example_subdag_operator.section-1 to None, run_after=None
[2024-06-27T21:42:25.098+0000] {logging_mixin.py:188} INFO - [2024-06-27T21:42:25.098+0000] {dag.py:3954} INFO - Setting next_dagrun for example_subdag_operator.section-2 to None, run_after=None
[2024-06-27T21:42:25.114+0000] {processor.py:183} INFO - Processing /home/ubuntu/venv/lib/python3.12/site-packages/airflow/example_dags/example_subdag_operator.py took 0.095 seconds
[2024-06-27T21:43:07.880+0000] {processor.py:161} INFO - Started process (PID=4757) to work on /home/ubuntu/venv/lib/python3.12/site-packages/airflow/example_dags/example_subdag_operator.py
[2024-06-27T21:43:07.882+0000] {processor.py:830} INFO - Processing file /home/ubuntu/venv/lib/python3.12/site-packages/airflow/example_dags/example_subdag_operator.py for tasks to queue
[2024-06-27T21:43:07.883+0000] {logging_mixin.py:188} INFO - [2024-06-27T21:43:07.882+0000] {dagbag.py:545} INFO - Filling up the DagBag from /home/ubuntu/venv/lib/python3.12/site-packages/airflow/example_dags/example_subdag_operator.py
[2024-06-27T21:43:07.904+0000] {processor.py:840} INFO - DAG(s) 'example_subdag_operator.section-1', 'example_subdag_operator.section-2', 'example_subdag_operator' retrieved from /home/ubuntu/venv/lib/python3.12/site-packages/airflow/example_dags/example_subdag_operator.py
[2024-06-27T21:43:07.920+0000] {logging_mixin.py:188} INFO - [2024-06-27T21:43:07.920+0000] {dag.py:3096} INFO - Sync 3 DAGs
[2024-06-27T21:43:07.942+0000] {logging_mixin.py:188} INFO - [2024-06-27T21:43:07.942+0000] {dag.py:3954} INFO - Setting next_dagrun for example_subdag_operator to 2022-01-01 00:00:00+00:00, run_after=2022-01-01 00:00:00+00:00
[2024-06-27T21:43:07.945+0000] {logging_mixin.py:188} INFO - [2024-06-27T21:43:07.945+0000] {dag.py:3954} INFO - Setting next_dagrun for example_subdag_operator.section-1 to None, run_after=None
[2024-06-27T21:43:07.946+0000] {logging_mixin.py:188} INFO - [2024-06-27T21:43:07.946+0000] {dag.py:3954} INFO - Setting next_dagrun for example_subdag_operator.section-2 to None, run_after=None
[2024-06-27T21:43:08.071+0000] {logging_mixin.py:188} INFO - [2024-06-27T21:43:08.070+0000] {dag.py:3096} INFO - Sync 2 DAGs
[2024-06-27T21:43:08.075+0000] {logging_mixin.py:188} INFO - [2024-06-27T21:43:08.075+0000] {dag.py:3954} INFO - Setting next_dagrun for example_subdag_operator.section-1 to None, run_after=None
[2024-06-27T21:43:08.075+0000] {logging_mixin.py:188} INFO - [2024-06-27T21:43:08.075+0000] {dag.py:3954} INFO - Setting next_dagrun for example_subdag_operator.section-2 to None, run_after=None
[2024-06-27T21:43:08.090+0000] {processor.py:183} INFO - Processing /home/ubuntu/venv/lib/python3.12/site-packages/airflow/example_dags/example_subdag_operator.py took 0.216 seconds
[2024-06-27T21:43:55.317+0000] {processor.py:161} INFO - Started process (PID=4804) to work on /home/ubuntu/venv/lib/python3.12/site-packages/airflow/example_dags/example_subdag_operator.py
[2024-06-27T21:43:55.319+0000] {processor.py:830} INFO - Processing file /home/ubuntu/venv/lib/python3.12/site-packages/airflow/example_dags/example_subdag_operator.py for tasks to queue
[2024-06-27T21:43:55.320+0000] {logging_mixin.py:188} INFO - [2024-06-27T21:43:55.319+0000] {dagbag.py:545} INFO - Filling up the DagBag from /home/ubuntu/venv/lib/python3.12/site-packages/airflow/example_dags/example_subdag_operator.py
[2024-06-27T21:43:55.341+0000] {processor.py:840} INFO - DAG(s) 'example_subdag_operator.section-1', 'example_subdag_operator.section-2', 'example_subdag_operator' retrieved from /home/ubuntu/venv/lib/python3.12/site-packages/airflow/example_dags/example_subdag_operator.py
[2024-06-27T21:43:55.357+0000] {logging_mixin.py:188} INFO - [2024-06-27T21:43:55.357+0000] {dag.py:3096} INFO - Sync 3 DAGs
[2024-06-27T21:43:55.377+0000] {logging_mixin.py:188} INFO - [2024-06-27T21:43:55.376+0000] {dag.py:3954} INFO - Setting next_dagrun for example_subdag_operator to 2022-01-01 00:00:00+00:00, run_after=2022-01-01 00:00:00+00:00
[2024-06-27T21:43:55.380+0000] {logging_mixin.py:188} INFO - [2024-06-27T21:43:55.380+0000] {dag.py:3954} INFO - Setting next_dagrun for example_subdag_operator.section-1 to None, run_after=None
[2024-06-27T21:43:55.381+0000] {logging_mixin.py:188} INFO - [2024-06-27T21:43:55.381+0000] {dag.py:3954} INFO - Setting next_dagrun for example_subdag_operator.section-2 to None, run_after=None
[2024-06-27T21:43:55.387+0000] {logging_mixin.py:188} INFO - [2024-06-27T21:43:55.387+0000] {dag.py:3096} INFO - Sync 2 DAGs
[2024-06-27T21:43:55.391+0000] {logging_mixin.py:188} INFO - [2024-06-27T21:43:55.390+0000] {dag.py:3954} INFO - Setting next_dagrun for example_subdag_operator.section-1 to None, run_after=None
[2024-06-27T21:43:55.391+0000] {logging_mixin.py:188} INFO - [2024-06-27T21:43:55.391+0000] {dag.py:3954} INFO - Setting next_dagrun for example_subdag_operator.section-2 to None, run_after=None
[2024-06-27T21:43:55.407+0000] {processor.py:183} INFO - Processing /home/ubuntu/venv/lib/python3.12/site-packages/airflow/example_dags/example_subdag_operator.py took 0.095 seconds
[2024-06-27T21:44:37.909+0000] {processor.py:161} INFO - Started process (PID=4889) to work on /home/ubuntu/venv/lib/python3.12/site-packages/airflow/example_dags/example_subdag_operator.py
[2024-06-27T21:44:37.910+0000] {processor.py:830} INFO - Processing file /home/ubuntu/venv/lib/python3.12/site-packages/airflow/example_dags/example_subdag_operator.py for tasks to queue
[2024-06-27T21:44:37.911+0000] {logging_mixin.py:188} INFO - [2024-06-27T21:44:37.911+0000] {dagbag.py:545} INFO - Filling up the DagBag from /home/ubuntu/venv/lib/python3.12/site-packages/airflow/example_dags/example_subdag_operator.py
[2024-06-27T21:44:37.933+0000] {processor.py:840} INFO - DAG(s) 'example_subdag_operator.section-1', 'example_subdag_operator.section-2', 'example_subdag_operator' retrieved from /home/ubuntu/venv/lib/python3.12/site-packages/airflow/example_dags/example_subdag_operator.py
[2024-06-27T21:44:37.949+0000] {logging_mixin.py:188} INFO - [2024-06-27T21:44:37.949+0000] {dag.py:3096} INFO - Sync 3 DAGs
[2024-06-27T21:44:38.075+0000] {logging_mixin.py:188} INFO - [2024-06-27T21:44:38.074+0000] {dag.py:3954} INFO - Setting next_dagrun for example_subdag_operator to 2022-01-01 00:00:00+00:00, run_after=2022-01-01 00:00:00+00:00
[2024-06-27T21:44:38.078+0000] {logging_mixin.py:188} INFO - [2024-06-27T21:44:38.078+0000] {dag.py:3954} INFO - Setting next_dagrun for example_subdag_operator.section-1 to None, run_after=None
[2024-06-27T21:44:38.079+0000] {logging_mixin.py:188} INFO - [2024-06-27T21:44:38.079+0000] {dag.py:3954} INFO - Setting next_dagrun for example_subdag_operator.section-2 to None, run_after=None
[2024-06-27T21:44:38.084+0000] {logging_mixin.py:188} INFO - [2024-06-27T21:44:38.084+0000] {dag.py:3096} INFO - Sync 2 DAGs
[2024-06-27T21:44:38.088+0000] {logging_mixin.py:188} INFO - [2024-06-27T21:44:38.088+0000] {dag.py:3954} INFO - Setting next_dagrun for example_subdag_operator.section-1 to None, run_after=None
[2024-06-27T21:44:38.088+0000] {logging_mixin.py:188} INFO - [2024-06-27T21:44:38.088+0000] {dag.py:3954} INFO - Setting next_dagrun for example_subdag_operator.section-2 to None, run_after=None
[2024-06-27T21:44:38.103+0000] {processor.py:183} INFO - Processing /home/ubuntu/venv/lib/python3.12/site-packages/airflow/example_dags/example_subdag_operator.py took 0.201 seconds
[2024-06-27T21:45:22.698+0000] {processor.py:161} INFO - Started process (PID=4943) to work on /home/ubuntu/venv/lib/python3.12/site-packages/airflow/example_dags/example_subdag_operator.py
[2024-06-27T21:45:22.699+0000] {processor.py:830} INFO - Processing file /home/ubuntu/venv/lib/python3.12/site-packages/airflow/example_dags/example_subdag_operator.py for tasks to queue
[2024-06-27T21:45:22.700+0000] {logging_mixin.py:188} INFO - [2024-06-27T21:45:22.699+0000] {dagbag.py:545} INFO - Filling up the DagBag from /home/ubuntu/venv/lib/python3.12/site-packages/airflow/example_dags/example_subdag_operator.py
[2024-06-27T21:45:22.721+0000] {processor.py:840} INFO - DAG(s) 'example_subdag_operator.section-1', 'example_subdag_operator.section-2', 'example_subdag_operator' retrieved from /home/ubuntu/venv/lib/python3.12/site-packages/airflow/example_dags/example_subdag_operator.py
[2024-06-27T21:45:22.737+0000] {logging_mixin.py:188} INFO - [2024-06-27T21:45:22.737+0000] {dag.py:3096} INFO - Sync 3 DAGs
[2024-06-27T21:45:22.757+0000] {logging_mixin.py:188} INFO - [2024-06-27T21:45:22.757+0000] {dag.py:3954} INFO - Setting next_dagrun for example_subdag_operator to 2022-01-01 00:00:00+00:00, run_after=2022-01-01 00:00:00+00:00
[2024-06-27T21:45:22.760+0000] {logging_mixin.py:188} INFO - [2024-06-27T21:45:22.760+0000] {dag.py:3954} INFO - Setting next_dagrun for example_subdag_operator.section-1 to None, run_after=None
[2024-06-27T21:45:22.761+0000] {logging_mixin.py:188} INFO - [2024-06-27T21:45:22.761+0000] {dag.py:3954} INFO - Setting next_dagrun for example_subdag_operator.section-2 to None, run_after=None
[2024-06-27T21:45:22.767+0000] {logging_mixin.py:188} INFO - [2024-06-27T21:45:22.767+0000] {dag.py:3096} INFO - Sync 2 DAGs
[2024-06-27T21:45:22.771+0000] {logging_mixin.py:188} INFO - [2024-06-27T21:45:22.771+0000] {dag.py:3954} INFO - Setting next_dagrun for example_subdag_operator.section-1 to None, run_after=None
[2024-06-27T21:45:22.771+0000] {logging_mixin.py:188} INFO - [2024-06-27T21:45:22.771+0000] {dag.py:3954} INFO - Setting next_dagrun for example_subdag_operator.section-2 to None, run_after=None
[2024-06-27T21:45:22.788+0000] {processor.py:183} INFO - Processing /home/ubuntu/venv/lib/python3.12/site-packages/airflow/example_dags/example_subdag_operator.py took 0.097 seconds
[2024-06-27T21:46:09.850+0000] {processor.py:161} INFO - Started process (PID=4987) to work on /home/ubuntu/venv/lib/python3.12/site-packages/airflow/example_dags/example_subdag_operator.py
[2024-06-27T21:46:09.851+0000] {processor.py:830} INFO - Processing file /home/ubuntu/venv/lib/python3.12/site-packages/airflow/example_dags/example_subdag_operator.py for tasks to queue
[2024-06-27T21:46:09.852+0000] {logging_mixin.py:188} INFO - [2024-06-27T21:46:09.852+0000] {dagbag.py:545} INFO - Filling up the DagBag from /home/ubuntu/venv/lib/python3.12/site-packages/airflow/example_dags/example_subdag_operator.py
[2024-06-27T21:46:09.983+0000] {processor.py:840} INFO - DAG(s) 'example_subdag_operator.section-1', 'example_subdag_operator.section-2', 'example_subdag_operator' retrieved from /home/ubuntu/venv/lib/python3.12/site-packages/airflow/example_dags/example_subdag_operator.py
[2024-06-27T21:46:09.996+0000] {logging_mixin.py:188} INFO - [2024-06-27T21:46:09.996+0000] {dag.py:3096} INFO - Sync 3 DAGs
[2024-06-27T21:46:10.013+0000] {logging_mixin.py:188} INFO - [2024-06-27T21:46:10.013+0000] {dag.py:3954} INFO - Setting next_dagrun for example_subdag_operator to 2022-01-01 00:00:00+00:00, run_after=2022-01-01 00:00:00+00:00
[2024-06-27T21:46:10.016+0000] {logging_mixin.py:188} INFO - [2024-06-27T21:46:10.016+0000] {dag.py:3954} INFO - Setting next_dagrun for example_subdag_operator.section-1 to None, run_after=None
[2024-06-27T21:46:10.017+0000] {logging_mixin.py:188} INFO - [2024-06-27T21:46:10.017+0000] {dag.py:3954} INFO - Setting next_dagrun for example_subdag_operator.section-2 to None, run_after=None
[2024-06-27T21:46:10.022+0000] {logging_mixin.py:188} INFO - [2024-06-27T21:46:10.022+0000] {dag.py:3096} INFO - Sync 2 DAGs
[2024-06-27T21:46:10.026+0000] {logging_mixin.py:188} INFO - [2024-06-27T21:46:10.026+0000] {dag.py:3954} INFO - Setting next_dagrun for example_subdag_operator.section-1 to None, run_after=None
[2024-06-27T21:46:10.027+0000] {logging_mixin.py:188} INFO - [2024-06-27T21:46:10.027+0000] {dag.py:3954} INFO - Setting next_dagrun for example_subdag_operator.section-2 to None, run_after=None
[2024-06-27T21:46:10.042+0000] {processor.py:183} INFO - Processing /home/ubuntu/venv/lib/python3.12/site-packages/airflow/example_dags/example_subdag_operator.py took 0.198 seconds
[2024-06-27T21:47:02.460+0000] {processor.py:161} INFO - Started process (PID=5037) to work on /home/ubuntu/venv/lib/python3.12/site-packages/airflow/example_dags/example_subdag_operator.py
[2024-06-27T21:47:02.462+0000] {processor.py:830} INFO - Processing file /home/ubuntu/venv/lib/python3.12/site-packages/airflow/example_dags/example_subdag_operator.py for tasks to queue
[2024-06-27T21:47:02.462+0000] {logging_mixin.py:188} INFO - [2024-06-27T21:47:02.462+0000] {dagbag.py:545} INFO - Filling up the DagBag from /home/ubuntu/venv/lib/python3.12/site-packages/airflow/example_dags/example_subdag_operator.py
[2024-06-27T21:47:02.484+0000] {processor.py:840} INFO - DAG(s) 'example_subdag_operator.section-1', 'example_subdag_operator.section-2', 'example_subdag_operator' retrieved from /home/ubuntu/venv/lib/python3.12/site-packages/airflow/example_dags/example_subdag_operator.py
[2024-06-27T21:47:02.501+0000] {logging_mixin.py:188} INFO - [2024-06-27T21:47:02.501+0000] {dag.py:3096} INFO - Sync 3 DAGs
[2024-06-27T21:47:02.522+0000] {logging_mixin.py:188} INFO - [2024-06-27T21:47:02.522+0000] {dag.py:3954} INFO - Setting next_dagrun for example_subdag_operator to 2022-01-01 00:00:00+00:00, run_after=2022-01-01 00:00:00+00:00
[2024-06-27T21:47:02.526+0000] {logging_mixin.py:188} INFO - [2024-06-27T21:47:02.526+0000] {dag.py:3954} INFO - Setting next_dagrun for example_subdag_operator.section-1 to None, run_after=None
[2024-06-27T21:47:02.527+0000] {logging_mixin.py:188} INFO - [2024-06-27T21:47:02.527+0000] {dag.py:3954} INFO - Setting next_dagrun for example_subdag_operator.section-2 to None, run_after=None
[2024-06-27T21:47:02.533+0000] {logging_mixin.py:188} INFO - [2024-06-27T21:47:02.533+0000] {dag.py:3096} INFO - Sync 2 DAGs
[2024-06-27T21:47:02.537+0000] {logging_mixin.py:188} INFO - [2024-06-27T21:47:02.537+0000] {dag.py:3954} INFO - Setting next_dagrun for example_subdag_operator.section-1 to None, run_after=None
[2024-06-27T21:47:02.538+0000] {logging_mixin.py:188} INFO - [2024-06-27T21:47:02.537+0000] {dag.py:3954} INFO - Setting next_dagrun for example_subdag_operator.section-2 to None, run_after=None
[2024-06-27T21:47:02.553+0000] {processor.py:183} INFO - Processing /home/ubuntu/venv/lib/python3.12/site-packages/airflow/example_dags/example_subdag_operator.py took 0.100 seconds
[2024-06-27T21:47:49.376+0000] {processor.py:161} INFO - Started process (PID=5115) to work on /home/ubuntu/venv/lib/python3.12/site-packages/airflow/example_dags/example_subdag_operator.py
[2024-06-27T21:47:49.377+0000] {processor.py:830} INFO - Processing file /home/ubuntu/venv/lib/python3.12/site-packages/airflow/example_dags/example_subdag_operator.py for tasks to queue
[2024-06-27T21:47:49.378+0000] {logging_mixin.py:188} INFO - [2024-06-27T21:47:49.378+0000] {dagbag.py:545} INFO - Filling up the DagBag from /home/ubuntu/venv/lib/python3.12/site-packages/airflow/example_dags/example_subdag_operator.py
[2024-06-27T21:47:49.399+0000] {processor.py:840} INFO - DAG(s) 'example_subdag_operator.section-1', 'example_subdag_operator.section-2', 'example_subdag_operator' retrieved from /home/ubuntu/venv/lib/python3.12/site-packages/airflow/example_dags/example_subdag_operator.py
[2024-06-27T21:47:49.415+0000] {logging_mixin.py:188} INFO - [2024-06-27T21:47:49.415+0000] {dag.py:3096} INFO - Sync 3 DAGs
[2024-06-27T21:47:49.435+0000] {logging_mixin.py:188} INFO - [2024-06-27T21:47:49.435+0000] {dag.py:3954} INFO - Setting next_dagrun for example_subdag_operator to 2022-01-01 00:00:00+00:00, run_after=2022-01-01 00:00:00+00:00
[2024-06-27T21:47:49.439+0000] {logging_mixin.py:188} INFO - [2024-06-27T21:47:49.438+0000] {dag.py:3954} INFO - Setting next_dagrun for example_subdag_operator.section-1 to None, run_after=None
[2024-06-27T21:47:49.440+0000] {logging_mixin.py:188} INFO - [2024-06-27T21:47:49.439+0000] {dag.py:3954} INFO - Setting next_dagrun for example_subdag_operator.section-2 to None, run_after=None
[2024-06-27T21:47:49.445+0000] {logging_mixin.py:188} INFO - [2024-06-27T21:47:49.445+0000] {dag.py:3096} INFO - Sync 2 DAGs
[2024-06-27T21:47:49.449+0000] {logging_mixin.py:188} INFO - [2024-06-27T21:47:49.449+0000] {dag.py:3954} INFO - Setting next_dagrun for example_subdag_operator.section-1 to None, run_after=None
[2024-06-27T21:47:49.450+0000] {logging_mixin.py:188} INFO - [2024-06-27T21:47:49.450+0000] {dag.py:3954} INFO - Setting next_dagrun for example_subdag_operator.section-2 to None, run_after=None
[2024-06-27T21:47:49.465+0000] {processor.py:183} INFO - Processing /home/ubuntu/venv/lib/python3.12/site-packages/airflow/example_dags/example_subdag_operator.py took 0.097 seconds
[2024-06-27T21:48:33.082+0000] {processor.py:161} INFO - Started process (PID=5257) to work on /home/ubuntu/venv/lib/python3.12/site-packages/airflow/example_dags/example_subdag_operator.py
[2024-06-27T21:48:33.083+0000] {processor.py:830} INFO - Processing file /home/ubuntu/venv/lib/python3.12/site-packages/airflow/example_dags/example_subdag_operator.py for tasks to queue
[2024-06-27T21:48:33.084+0000] {logging_mixin.py:188} INFO - [2024-06-27T21:48:33.084+0000] {dagbag.py:545} INFO - Filling up the DagBag from /home/ubuntu/venv/lib/python3.12/site-packages/airflow/example_dags/example_subdag_operator.py
[2024-06-27T21:48:33.105+0000] {processor.py:840} INFO - DAG(s) 'example_subdag_operator.section-1', 'example_subdag_operator.section-2', 'example_subdag_operator' retrieved from /home/ubuntu/venv/lib/python3.12/site-packages/airflow/example_dags/example_subdag_operator.py
[2024-06-27T21:48:33.122+0000] {logging_mixin.py:188} INFO - [2024-06-27T21:48:33.121+0000] {dag.py:3096} INFO - Sync 3 DAGs
[2024-06-27T21:48:33.143+0000] {logging_mixin.py:188} INFO - [2024-06-27T21:48:33.143+0000] {dag.py:3954} INFO - Setting next_dagrun for example_subdag_operator to 2022-01-01 00:00:00+00:00, run_after=2022-01-01 00:00:00+00:00
[2024-06-27T21:48:33.147+0000] {logging_mixin.py:188} INFO - [2024-06-27T21:48:33.147+0000] {dag.py:3954} INFO - Setting next_dagrun for example_subdag_operator.section-1 to None, run_after=None
[2024-06-27T21:48:33.148+0000] {logging_mixin.py:188} INFO - [2024-06-27T21:48:33.148+0000] {dag.py:3954} INFO - Setting next_dagrun for example_subdag_operator.section-2 to None, run_after=None
[2024-06-27T21:48:33.154+0000] {logging_mixin.py:188} INFO - [2024-06-27T21:48:33.154+0000] {dag.py:3096} INFO - Sync 2 DAGs
[2024-06-27T21:48:33.159+0000] {logging_mixin.py:188} INFO - [2024-06-27T21:48:33.158+0000] {dag.py:3954} INFO - Setting next_dagrun for example_subdag_operator.section-1 to None, run_after=None
[2024-06-27T21:48:33.159+0000] {logging_mixin.py:188} INFO - [2024-06-27T21:48:33.159+0000] {dag.py:3954} INFO - Setting next_dagrun for example_subdag_operator.section-2 to None, run_after=None
[2024-06-27T21:48:33.182+0000] {processor.py:183} INFO - Processing /home/ubuntu/venv/lib/python3.12/site-packages/airflow/example_dags/example_subdag_operator.py took 0.108 seconds
[2024-06-27T21:49:15.671+0000] {processor.py:161} INFO - Started process (PID=5301) to work on /home/ubuntu/venv/lib/python3.12/site-packages/airflow/example_dags/example_subdag_operator.py
[2024-06-27T21:49:15.673+0000] {processor.py:830} INFO - Processing file /home/ubuntu/venv/lib/python3.12/site-packages/airflow/example_dags/example_subdag_operator.py for tasks to queue
[2024-06-27T21:49:15.674+0000] {logging_mixin.py:188} INFO - [2024-06-27T21:49:15.673+0000] {dagbag.py:545} INFO - Filling up the DagBag from /home/ubuntu/venv/lib/python3.12/site-packages/airflow/example_dags/example_subdag_operator.py
[2024-06-27T21:49:15.696+0000] {processor.py:840} INFO - DAG(s) 'example_subdag_operator.section-1', 'example_subdag_operator.section-2', 'example_subdag_operator' retrieved from /home/ubuntu/venv/lib/python3.12/site-packages/airflow/example_dags/example_subdag_operator.py
[2024-06-27T21:49:15.712+0000] {logging_mixin.py:188} INFO - [2024-06-27T21:49:15.712+0000] {dag.py:3096} INFO - Sync 3 DAGs
[2024-06-27T21:49:15.733+0000] {logging_mixin.py:188} INFO - [2024-06-27T21:49:15.733+0000] {dag.py:3954} INFO - Setting next_dagrun for example_subdag_operator to 2022-01-01 00:00:00+00:00, run_after=2022-01-01 00:00:00+00:00
[2024-06-27T21:49:15.737+0000] {logging_mixin.py:188} INFO - [2024-06-27T21:49:15.737+0000] {dag.py:3954} INFO - Setting next_dagrun for example_subdag_operator.section-1 to None, run_after=None
[2024-06-27T21:49:15.738+0000] {logging_mixin.py:188} INFO - [2024-06-27T21:49:15.738+0000] {dag.py:3954} INFO - Setting next_dagrun for example_subdag_operator.section-2 to None, run_after=None
[2024-06-27T21:49:15.744+0000] {logging_mixin.py:188} INFO - [2024-06-27T21:49:15.744+0000] {dag.py:3096} INFO - Sync 2 DAGs
[2024-06-27T21:49:15.749+0000] {logging_mixin.py:188} INFO - [2024-06-27T21:49:15.749+0000] {dag.py:3954} INFO - Setting next_dagrun for example_subdag_operator.section-1 to None, run_after=None
[2024-06-27T21:49:15.750+0000] {logging_mixin.py:188} INFO - [2024-06-27T21:49:15.750+0000] {dag.py:3954} INFO - Setting next_dagrun for example_subdag_operator.section-2 to None, run_after=None
[2024-06-27T21:49:15.766+0000] {processor.py:183} INFO - Processing /home/ubuntu/venv/lib/python3.12/site-packages/airflow/example_dags/example_subdag_operator.py took 0.103 seconds
[2024-06-27T21:49:56.784+0000] {processor.py:161} INFO - Started process (PID=5343) to work on /home/ubuntu/venv/lib/python3.12/site-packages/airflow/example_dags/example_subdag_operator.py
[2024-06-27T21:49:56.786+0000] {processor.py:830} INFO - Processing file /home/ubuntu/venv/lib/python3.12/site-packages/airflow/example_dags/example_subdag_operator.py for tasks to queue
[2024-06-27T21:49:56.787+0000] {logging_mixin.py:188} INFO - [2024-06-27T21:49:56.787+0000] {dagbag.py:545} INFO - Filling up the DagBag from /home/ubuntu/venv/lib/python3.12/site-packages/airflow/example_dags/example_subdag_operator.py
[2024-06-27T21:49:56.808+0000] {processor.py:840} INFO - DAG(s) 'example_subdag_operator.section-1', 'example_subdag_operator.section-2', 'example_subdag_operator' retrieved from /home/ubuntu/venv/lib/python3.12/site-packages/airflow/example_dags/example_subdag_operator.py
[2024-06-27T21:49:56.824+0000] {logging_mixin.py:188} INFO - [2024-06-27T21:49:56.824+0000] {dag.py:3096} INFO - Sync 3 DAGs
[2024-06-27T21:49:56.844+0000] {logging_mixin.py:188} INFO - [2024-06-27T21:49:56.843+0000] {dag.py:3954} INFO - Setting next_dagrun for example_subdag_operator to 2022-01-01 00:00:00+00:00, run_after=2022-01-01 00:00:00+00:00
[2024-06-27T21:49:56.847+0000] {logging_mixin.py:188} INFO - [2024-06-27T21:49:56.847+0000] {dag.py:3954} INFO - Setting next_dagrun for example_subdag_operator.section-1 to None, run_after=None
[2024-06-27T21:49:56.848+0000] {logging_mixin.py:188} INFO - [2024-06-27T21:49:56.848+0000] {dag.py:3954} INFO - Setting next_dagrun for example_subdag_operator.section-2 to None, run_after=None
[2024-06-27T21:49:56.854+0000] {logging_mixin.py:188} INFO - [2024-06-27T21:49:56.854+0000] {dag.py:3096} INFO - Sync 2 DAGs
[2024-06-27T21:49:56.857+0000] {logging_mixin.py:188} INFO - [2024-06-27T21:49:56.857+0000] {dag.py:3954} INFO - Setting next_dagrun for example_subdag_operator.section-1 to None, run_after=None
[2024-06-27T21:49:56.858+0000] {logging_mixin.py:188} INFO - [2024-06-27T21:49:56.858+0000] {dag.py:3954} INFO - Setting next_dagrun for example_subdag_operator.section-2 to None, run_after=None
[2024-06-27T21:49:56.873+0000] {processor.py:183} INFO - Processing /home/ubuntu/venv/lib/python3.12/site-packages/airflow/example_dags/example_subdag_operator.py took 0.096 seconds
