[2024-06-27T21:19:48.569+0000] {processor.py:161} INFO - Started process (PID=2947) to work on /home/ubuntu/venv/lib/python3.12/site-packages/airflow/example_dags/example_task_group.py
[2024-06-27T21:19:48.570+0000] {processor.py:830} INFO - Processing file /home/ubuntu/venv/lib/python3.12/site-packages/airflow/example_dags/example_task_group.py for tasks to queue
[2024-06-27T21:19:48.572+0000] {logging_mixin.py:188} INFO - [2024-06-27T21:19:48.571+0000] {dagbag.py:545} INFO - Filling up the DagBag from /home/ubuntu/venv/lib/python3.12/site-packages/airflow/example_dags/example_task_group.py
[2024-06-27T21:19:48.580+0000] {processor.py:840} INFO - DAG(s) 'example_task_group' retrieved from /home/ubuntu/venv/lib/python3.12/site-packages/airflow/example_dags/example_task_group.py
[2024-06-27T21:19:48.698+0000] {logging_mixin.py:188} INFO - [2024-06-27T21:19:48.698+0000] {override.py:1847} INFO - Created Permission View: can read on DAG:example_task_group
[2024-06-27T21:19:48.712+0000] {logging_mixin.py:188} INFO - [2024-06-27T21:19:48.712+0000] {override.py:1847} INFO - Created Permission View: can delete on DAG:example_task_group
[2024-06-27T21:19:48.722+0000] {logging_mixin.py:188} INFO - [2024-06-27T21:19:48.721+0000] {override.py:1847} INFO - Created Permission View: can edit on DAG:example_task_group
[2024-06-27T21:19:48.722+0000] {logging_mixin.py:188} INFO - [2024-06-27T21:19:48.722+0000] {dag.py:3096} INFO - Sync 1 DAGs
[2024-06-27T21:19:48.733+0000] {logging_mixin.py:188} INFO - [2024-06-27T21:19:48.732+0000] {dag.py:3118} INFO - Creating ORM DAG for example_task_group
[2024-06-27T21:19:48.741+0000] {logging_mixin.py:188} INFO - [2024-06-27T21:19:48.741+0000] {dag.py:3954} INFO - Setting next_dagrun for example_task_group to 2024-06-26 00:00:00+00:00, run_after=2024-06-27 00:00:00+00:00
[2024-06-27T21:19:48.765+0000] {processor.py:183} INFO - Processing /home/ubuntu/venv/lib/python3.12/site-packages/airflow/example_dags/example_task_group.py took 0.201 seconds
[2024-06-27T21:20:43.401+0000] {processor.py:161} INFO - Started process (PID=3195) to work on /home/ubuntu/venv/lib/python3.12/site-packages/airflow/example_dags/example_task_group.py
[2024-06-27T21:20:43.403+0000] {processor.py:830} INFO - Processing file /home/ubuntu/venv/lib/python3.12/site-packages/airflow/example_dags/example_task_group.py for tasks to queue
[2024-06-27T21:20:43.405+0000] {logging_mixin.py:188} INFO - [2024-06-27T21:20:43.404+0000] {dagbag.py:545} INFO - Filling up the DagBag from /home/ubuntu/venv/lib/python3.12/site-packages/airflow/example_dags/example_task_group.py
[2024-06-27T21:20:43.417+0000] {processor.py:840} INFO - DAG(s) 'example_task_group' retrieved from /home/ubuntu/venv/lib/python3.12/site-packages/airflow/example_dags/example_task_group.py
[2024-06-27T21:20:43.437+0000] {logging_mixin.py:188} INFO - [2024-06-27T21:20:43.436+0000] {dag.py:3096} INFO - Sync 1 DAGs
[2024-06-27T21:20:43.460+0000] {logging_mixin.py:188} INFO - [2024-06-27T21:20:43.460+0000] {dag.py:3954} INFO - Setting next_dagrun for example_task_group to 2024-06-26 00:00:00+00:00, run_after=2024-06-27 00:00:00+00:00
[2024-06-27T21:20:43.497+0000] {processor.py:183} INFO - Processing /home/ubuntu/venv/lib/python3.12/site-packages/airflow/example_dags/example_task_group.py took 0.106 seconds
[2024-06-27T21:21:33.908+0000] {processor.py:161} INFO - Started process (PID=3342) to work on /home/ubuntu/venv/lib/python3.12/site-packages/airflow/example_dags/example_task_group.py
[2024-06-27T21:21:33.909+0000] {processor.py:830} INFO - Processing file /home/ubuntu/venv/lib/python3.12/site-packages/airflow/example_dags/example_task_group.py for tasks to queue
[2024-06-27T21:21:33.911+0000] {logging_mixin.py:188} INFO - [2024-06-27T21:21:33.911+0000] {dagbag.py:545} INFO - Filling up the DagBag from /home/ubuntu/venv/lib/python3.12/site-packages/airflow/example_dags/example_task_group.py
[2024-06-27T21:21:33.919+0000] {processor.py:840} INFO - DAG(s) 'example_task_group' retrieved from /home/ubuntu/venv/lib/python3.12/site-packages/airflow/example_dags/example_task_group.py
[2024-06-27T21:21:33.937+0000] {logging_mixin.py:188} INFO - [2024-06-27T21:21:33.937+0000] {dag.py:3096} INFO - Sync 1 DAGs
[2024-06-27T21:21:33.957+0000] {logging_mixin.py:188} INFO - [2024-06-27T21:21:33.957+0000] {dag.py:3954} INFO - Setting next_dagrun for example_task_group to 2024-06-26 00:00:00+00:00, run_after=2024-06-27 00:00:00+00:00
[2024-06-27T21:21:33.979+0000] {processor.py:183} INFO - Processing /home/ubuntu/venv/lib/python3.12/site-packages/airflow/example_dags/example_task_group.py took 0.077 seconds
[2024-06-27T21:22:18.129+0000] {processor.py:161} INFO - Started process (PID=3400) to work on /home/ubuntu/venv/lib/python3.12/site-packages/airflow/example_dags/example_task_group.py
[2024-06-27T21:22:18.130+0000] {processor.py:830} INFO - Processing file /home/ubuntu/venv/lib/python3.12/site-packages/airflow/example_dags/example_task_group.py for tasks to queue
[2024-06-27T21:22:18.132+0000] {logging_mixin.py:188} INFO - [2024-06-27T21:22:18.132+0000] {dagbag.py:545} INFO - Filling up the DagBag from /home/ubuntu/venv/lib/python3.12/site-packages/airflow/example_dags/example_task_group.py
[2024-06-27T21:22:18.140+0000] {processor.py:840} INFO - DAG(s) 'example_task_group' retrieved from /home/ubuntu/venv/lib/python3.12/site-packages/airflow/example_dags/example_task_group.py
[2024-06-27T21:22:18.159+0000] {logging_mixin.py:188} INFO - [2024-06-27T21:22:18.158+0000] {dag.py:3096} INFO - Sync 1 DAGs
[2024-06-27T21:22:18.179+0000] {logging_mixin.py:188} INFO - [2024-06-27T21:22:18.178+0000] {dag.py:3954} INFO - Setting next_dagrun for example_task_group to 2024-06-26 00:00:00+00:00, run_after=2024-06-27 00:00:00+00:00
[2024-06-27T21:22:18.201+0000] {processor.py:183} INFO - Processing /home/ubuntu/venv/lib/python3.12/site-packages/airflow/example_dags/example_task_group.py took 0.078 seconds
[2024-06-27T21:22:59.727+0000] {processor.py:161} INFO - Started process (PID=3445) to work on /home/ubuntu/venv/lib/python3.12/site-packages/airflow/example_dags/example_task_group.py
[2024-06-27T21:22:59.728+0000] {processor.py:830} INFO - Processing file /home/ubuntu/venv/lib/python3.12/site-packages/airflow/example_dags/example_task_group.py for tasks to queue
[2024-06-27T21:22:59.730+0000] {logging_mixin.py:188} INFO - [2024-06-27T21:22:59.730+0000] {dagbag.py:545} INFO - Filling up the DagBag from /home/ubuntu/venv/lib/python3.12/site-packages/airflow/example_dags/example_task_group.py
[2024-06-27T21:22:59.738+0000] {processor.py:840} INFO - DAG(s) 'example_task_group' retrieved from /home/ubuntu/venv/lib/python3.12/site-packages/airflow/example_dags/example_task_group.py
[2024-06-27T21:22:59.756+0000] {logging_mixin.py:188} INFO - [2024-06-27T21:22:59.756+0000] {dag.py:3096} INFO - Sync 1 DAGs
[2024-06-27T21:22:59.776+0000] {logging_mixin.py:188} INFO - [2024-06-27T21:22:59.775+0000] {dag.py:3954} INFO - Setting next_dagrun for example_task_group to 2024-06-26 00:00:00+00:00, run_after=2024-06-27 00:00:00+00:00
[2024-06-27T21:22:59.798+0000] {processor.py:183} INFO - Processing /home/ubuntu/venv/lib/python3.12/site-packages/airflow/example_dags/example_task_group.py took 0.077 seconds
[2024-06-27T21:23:58.190+0000] {processor.py:161} INFO - Started process (PID=3509) to work on /home/ubuntu/venv/lib/python3.12/site-packages/airflow/example_dags/example_task_group.py
[2024-06-27T21:23:58.192+0000] {processor.py:830} INFO - Processing file /home/ubuntu/venv/lib/python3.12/site-packages/airflow/example_dags/example_task_group.py for tasks to queue
[2024-06-27T21:23:58.193+0000] {logging_mixin.py:188} INFO - [2024-06-27T21:23:58.193+0000] {dagbag.py:545} INFO - Filling up the DagBag from /home/ubuntu/venv/lib/python3.12/site-packages/airflow/example_dags/example_task_group.py
[2024-06-27T21:23:58.201+0000] {processor.py:840} INFO - DAG(s) 'example_task_group' retrieved from /home/ubuntu/venv/lib/python3.12/site-packages/airflow/example_dags/example_task_group.py
[2024-06-27T21:23:58.219+0000] {logging_mixin.py:188} INFO - [2024-06-27T21:23:58.219+0000] {dag.py:3096} INFO - Sync 1 DAGs
[2024-06-27T21:23:58.239+0000] {logging_mixin.py:188} INFO - [2024-06-27T21:23:58.238+0000] {dag.py:3954} INFO - Setting next_dagrun for example_task_group to 2024-06-26 00:00:00+00:00, run_after=2024-06-27 00:00:00+00:00
[2024-06-27T21:23:58.262+0000] {processor.py:183} INFO - Processing /home/ubuntu/venv/lib/python3.12/site-packages/airflow/example_dags/example_task_group.py took 0.078 seconds
[2024-06-27T21:24:57.879+0000] {processor.py:161} INFO - Started process (PID=3572) to work on /home/ubuntu/venv/lib/python3.12/site-packages/airflow/example_dags/example_task_group.py
[2024-06-27T21:24:57.880+0000] {processor.py:830} INFO - Processing file /home/ubuntu/venv/lib/python3.12/site-packages/airflow/example_dags/example_task_group.py for tasks to queue
[2024-06-27T21:24:57.881+0000] {logging_mixin.py:188} INFO - [2024-06-27T21:24:57.881+0000] {dagbag.py:545} INFO - Filling up the DagBag from /home/ubuntu/venv/lib/python3.12/site-packages/airflow/example_dags/example_task_group.py
[2024-06-27T21:24:57.890+0000] {processor.py:840} INFO - DAG(s) 'example_task_group' retrieved from /home/ubuntu/venv/lib/python3.12/site-packages/airflow/example_dags/example_task_group.py
[2024-06-27T21:24:57.908+0000] {logging_mixin.py:188} INFO - [2024-06-27T21:24:57.908+0000] {dag.py:3096} INFO - Sync 1 DAGs
[2024-06-27T21:24:57.928+0000] {logging_mixin.py:188} INFO - [2024-06-27T21:24:57.928+0000] {dag.py:3954} INFO - Setting next_dagrun for example_task_group to 2024-06-26 00:00:00+00:00, run_after=2024-06-27 00:00:00+00:00
[2024-06-27T21:24:57.952+0000] {processor.py:183} INFO - Processing /home/ubuntu/venv/lib/python3.12/site-packages/airflow/example_dags/example_task_group.py took 0.079 seconds
[2024-06-27T21:25:41.318+0000] {processor.py:161} INFO - Started process (PID=3625) to work on /home/ubuntu/venv/lib/python3.12/site-packages/airflow/example_dags/example_task_group.py
[2024-06-27T21:25:41.319+0000] {processor.py:830} INFO - Processing file /home/ubuntu/venv/lib/python3.12/site-packages/airflow/example_dags/example_task_group.py for tasks to queue
[2024-06-27T21:25:41.320+0000] {logging_mixin.py:188} INFO - [2024-06-27T21:25:41.320+0000] {dagbag.py:545} INFO - Filling up the DagBag from /home/ubuntu/venv/lib/python3.12/site-packages/airflow/example_dags/example_task_group.py
[2024-06-27T21:25:41.329+0000] {processor.py:840} INFO - DAG(s) 'example_task_group' retrieved from /home/ubuntu/venv/lib/python3.12/site-packages/airflow/example_dags/example_task_group.py
[2024-06-27T21:25:41.347+0000] {logging_mixin.py:188} INFO - [2024-06-27T21:25:41.347+0000] {dag.py:3096} INFO - Sync 1 DAGs
[2024-06-27T21:25:41.368+0000] {logging_mixin.py:188} INFO - [2024-06-27T21:25:41.368+0000] {dag.py:3954} INFO - Setting next_dagrun for example_task_group to 2024-06-26 00:00:00+00:00, run_after=2024-06-27 00:00:00+00:00
[2024-06-27T21:25:41.392+0000] {processor.py:183} INFO - Processing /home/ubuntu/venv/lib/python3.12/site-packages/airflow/example_dags/example_task_group.py took 0.080 seconds
[2024-06-27T21:26:22.495+0000] {processor.py:161} INFO - Started process (PID=3667) to work on /home/ubuntu/venv/lib/python3.12/site-packages/airflow/example_dags/example_task_group.py
[2024-06-27T21:26:22.496+0000] {processor.py:830} INFO - Processing file /home/ubuntu/venv/lib/python3.12/site-packages/airflow/example_dags/example_task_group.py for tasks to queue
[2024-06-27T21:26:22.497+0000] {logging_mixin.py:188} INFO - [2024-06-27T21:26:22.497+0000] {dagbag.py:545} INFO - Filling up the DagBag from /home/ubuntu/venv/lib/python3.12/site-packages/airflow/example_dags/example_task_group.py
[2024-06-27T21:26:22.506+0000] {processor.py:840} INFO - DAG(s) 'example_task_group' retrieved from /home/ubuntu/venv/lib/python3.12/site-packages/airflow/example_dags/example_task_group.py
[2024-06-27T21:26:22.525+0000] {logging_mixin.py:188} INFO - [2024-06-27T21:26:22.525+0000] {dag.py:3096} INFO - Sync 1 DAGs
[2024-06-27T21:26:22.545+0000] {logging_mixin.py:188} INFO - [2024-06-27T21:26:22.545+0000] {dag.py:3954} INFO - Setting next_dagrun for example_task_group to 2024-06-26 00:00:00+00:00, run_after=2024-06-27 00:00:00+00:00
[2024-06-27T21:26:22.568+0000] {processor.py:183} INFO - Processing /home/ubuntu/venv/lib/python3.12/site-packages/airflow/example_dags/example_task_group.py took 0.079 seconds
[2024-06-27T21:27:06.907+0000] {processor.py:161} INFO - Started process (PID=3712) to work on /home/ubuntu/venv/lib/python3.12/site-packages/airflow/example_dags/example_task_group.py
[2024-06-27T21:27:06.908+0000] {processor.py:830} INFO - Processing file /home/ubuntu/venv/lib/python3.12/site-packages/airflow/example_dags/example_task_group.py for tasks to queue
[2024-06-27T21:27:06.909+0000] {logging_mixin.py:188} INFO - [2024-06-27T21:27:06.908+0000] {dagbag.py:545} INFO - Filling up the DagBag from /home/ubuntu/venv/lib/python3.12/site-packages/airflow/example_dags/example_task_group.py
[2024-06-27T21:27:06.918+0000] {processor.py:840} INFO - DAG(s) 'example_task_group' retrieved from /home/ubuntu/venv/lib/python3.12/site-packages/airflow/example_dags/example_task_group.py
[2024-06-27T21:27:06.936+0000] {logging_mixin.py:188} INFO - [2024-06-27T21:27:06.935+0000] {dag.py:3096} INFO - Sync 1 DAGs
[2024-06-27T21:27:06.955+0000] {logging_mixin.py:188} INFO - [2024-06-27T21:27:06.955+0000] {dag.py:3954} INFO - Setting next_dagrun for example_task_group to 2024-06-26 00:00:00+00:00, run_after=2024-06-27 00:00:00+00:00
[2024-06-27T21:27:06.978+0000] {processor.py:183} INFO - Processing /home/ubuntu/venv/lib/python3.12/site-packages/airflow/example_dags/example_task_group.py took 0.078 seconds
[2024-06-27T21:27:48.539+0000] {processor.py:161} INFO - Started process (PID=3756) to work on /home/ubuntu/venv/lib/python3.12/site-packages/airflow/example_dags/example_task_group.py
[2024-06-27T21:27:48.541+0000] {processor.py:830} INFO - Processing file /home/ubuntu/venv/lib/python3.12/site-packages/airflow/example_dags/example_task_group.py for tasks to queue
[2024-06-27T21:27:48.542+0000] {logging_mixin.py:188} INFO - [2024-06-27T21:27:48.541+0000] {dagbag.py:545} INFO - Filling up the DagBag from /home/ubuntu/venv/lib/python3.12/site-packages/airflow/example_dags/example_task_group.py
[2024-06-27T21:27:48.551+0000] {processor.py:840} INFO - DAG(s) 'example_task_group' retrieved from /home/ubuntu/venv/lib/python3.12/site-packages/airflow/example_dags/example_task_group.py
[2024-06-27T21:27:48.568+0000] {logging_mixin.py:188} INFO - [2024-06-27T21:27:48.568+0000] {dag.py:3096} INFO - Sync 1 DAGs
[2024-06-27T21:27:48.587+0000] {logging_mixin.py:188} INFO - [2024-06-27T21:27:48.587+0000] {dag.py:3954} INFO - Setting next_dagrun for example_task_group to 2024-06-26 00:00:00+00:00, run_after=2024-06-27 00:00:00+00:00
[2024-06-27T21:27:48.611+0000] {processor.py:183} INFO - Processing /home/ubuntu/venv/lib/python3.12/site-packages/airflow/example_dags/example_task_group.py took 0.078 seconds
[2024-06-27T21:28:54.298+0000] {processor.py:161} INFO - Started process (PID=3844) to work on /home/ubuntu/venv/lib/python3.12/site-packages/airflow/example_dags/example_task_group.py
[2024-06-27T21:28:54.300+0000] {processor.py:830} INFO - Processing file /home/ubuntu/venv/lib/python3.12/site-packages/airflow/example_dags/example_task_group.py for tasks to queue
[2024-06-27T21:28:54.301+0000] {logging_mixin.py:188} INFO - [2024-06-27T21:28:54.300+0000] {dagbag.py:545} INFO - Filling up the DagBag from /home/ubuntu/venv/lib/python3.12/site-packages/airflow/example_dags/example_task_group.py
[2024-06-27T21:28:54.309+0000] {processor.py:840} INFO - DAG(s) 'example_task_group' retrieved from /home/ubuntu/venv/lib/python3.12/site-packages/airflow/example_dags/example_task_group.py
[2024-06-27T21:28:54.328+0000] {logging_mixin.py:188} INFO - [2024-06-27T21:28:54.327+0000] {dag.py:3096} INFO - Sync 1 DAGs
[2024-06-27T21:28:54.348+0000] {logging_mixin.py:188} INFO - [2024-06-27T21:28:54.348+0000] {dag.py:3954} INFO - Setting next_dagrun for example_task_group to 2024-06-26 00:00:00+00:00, run_after=2024-06-27 00:00:00+00:00
[2024-06-27T21:28:54.372+0000] {processor.py:183} INFO - Processing /home/ubuntu/venv/lib/python3.12/site-packages/airflow/example_dags/example_task_group.py took 0.079 seconds
[2024-06-27T21:29:44.526+0000] {processor.py:161} INFO - Started process (PID=3897) to work on /home/ubuntu/venv/lib/python3.12/site-packages/airflow/example_dags/example_task_group.py
[2024-06-27T21:29:44.528+0000] {processor.py:830} INFO - Processing file /home/ubuntu/venv/lib/python3.12/site-packages/airflow/example_dags/example_task_group.py for tasks to queue
[2024-06-27T21:29:44.529+0000] {logging_mixin.py:188} INFO - [2024-06-27T21:29:44.528+0000] {dagbag.py:545} INFO - Filling up the DagBag from /home/ubuntu/venv/lib/python3.12/site-packages/airflow/example_dags/example_task_group.py
[2024-06-27T21:29:44.537+0000] {processor.py:840} INFO - DAG(s) 'example_task_group' retrieved from /home/ubuntu/venv/lib/python3.12/site-packages/airflow/example_dags/example_task_group.py
[2024-06-27T21:29:44.555+0000] {logging_mixin.py:188} INFO - [2024-06-27T21:29:44.555+0000] {dag.py:3096} INFO - Sync 1 DAGs
[2024-06-27T21:29:44.575+0000] {logging_mixin.py:188} INFO - [2024-06-27T21:29:44.575+0000] {dag.py:3954} INFO - Setting next_dagrun for example_task_group to 2024-06-26 00:00:00+00:00, run_after=2024-06-27 00:00:00+00:00
[2024-06-27T21:29:44.598+0000] {processor.py:183} INFO - Processing /home/ubuntu/venv/lib/python3.12/site-packages/airflow/example_dags/example_task_group.py took 0.078 seconds
[2024-06-27T21:30:26.807+0000] {processor.py:161} INFO - Started process (PID=3951) to work on /home/ubuntu/venv/lib/python3.12/site-packages/airflow/example_dags/example_task_group.py
[2024-06-27T21:30:26.808+0000] {processor.py:830} INFO - Processing file /home/ubuntu/venv/lib/python3.12/site-packages/airflow/example_dags/example_task_group.py for tasks to queue
[2024-06-27T21:30:26.809+0000] {logging_mixin.py:188} INFO - [2024-06-27T21:30:26.809+0000] {dagbag.py:545} INFO - Filling up the DagBag from /home/ubuntu/venv/lib/python3.12/site-packages/airflow/example_dags/example_task_group.py
[2024-06-27T21:30:26.818+0000] {processor.py:840} INFO - DAG(s) 'example_task_group' retrieved from /home/ubuntu/venv/lib/python3.12/site-packages/airflow/example_dags/example_task_group.py
[2024-06-27T21:30:26.836+0000] {logging_mixin.py:188} INFO - [2024-06-27T21:30:26.836+0000] {dag.py:3096} INFO - Sync 1 DAGs
[2024-06-27T21:30:26.856+0000] {logging_mixin.py:188} INFO - [2024-06-27T21:30:26.856+0000] {dag.py:3954} INFO - Setting next_dagrun for example_task_group to 2024-06-26 00:00:00+00:00, run_after=2024-06-27 00:00:00+00:00
[2024-06-27T21:30:26.880+0000] {processor.py:183} INFO - Processing /home/ubuntu/venv/lib/python3.12/site-packages/airflow/example_dags/example_task_group.py took 0.079 seconds
[2024-06-27T21:31:08.579+0000] {processor.py:161} INFO - Started process (PID=3995) to work on /home/ubuntu/venv/lib/python3.12/site-packages/airflow/example_dags/example_task_group.py
[2024-06-27T21:31:08.587+0000] {processor.py:830} INFO - Processing file /home/ubuntu/venv/lib/python3.12/site-packages/airflow/example_dags/example_task_group.py for tasks to queue
[2024-06-27T21:31:08.588+0000] {logging_mixin.py:188} INFO - [2024-06-27T21:31:08.587+0000] {dagbag.py:545} INFO - Filling up the DagBag from /home/ubuntu/venv/lib/python3.12/site-packages/airflow/example_dags/example_task_group.py
[2024-06-27T21:31:08.597+0000] {processor.py:840} INFO - DAG(s) 'example_task_group' retrieved from /home/ubuntu/venv/lib/python3.12/site-packages/airflow/example_dags/example_task_group.py
[2024-06-27T21:31:08.616+0000] {logging_mixin.py:188} INFO - [2024-06-27T21:31:08.616+0000] {dag.py:3096} INFO - Sync 1 DAGs
[2024-06-27T21:31:08.637+0000] {logging_mixin.py:188} INFO - [2024-06-27T21:31:08.637+0000] {dag.py:3954} INFO - Setting next_dagrun for example_task_group to 2024-06-26 00:00:00+00:00, run_after=2024-06-27 00:00:00+00:00
[2024-06-27T21:31:08.661+0000] {processor.py:183} INFO - Processing /home/ubuntu/venv/lib/python3.12/site-packages/airflow/example_dags/example_task_group.py took 0.088 seconds
[2024-06-27T21:31:52.367+0000] {processor.py:161} INFO - Started process (PID=4039) to work on /home/ubuntu/venv/lib/python3.12/site-packages/airflow/example_dags/example_task_group.py
[2024-06-27T21:31:52.369+0000] {processor.py:830} INFO - Processing file /home/ubuntu/venv/lib/python3.12/site-packages/airflow/example_dags/example_task_group.py for tasks to queue
[2024-06-27T21:31:52.370+0000] {logging_mixin.py:188} INFO - [2024-06-27T21:31:52.370+0000] {dagbag.py:545} INFO - Filling up the DagBag from /home/ubuntu/venv/lib/python3.12/site-packages/airflow/example_dags/example_task_group.py
[2024-06-27T21:31:52.379+0000] {processor.py:840} INFO - DAG(s) 'example_task_group' retrieved from /home/ubuntu/venv/lib/python3.12/site-packages/airflow/example_dags/example_task_group.py
[2024-06-27T21:31:52.397+0000] {logging_mixin.py:188} INFO - [2024-06-27T21:31:52.397+0000] {dag.py:3096} INFO - Sync 1 DAGs
[2024-06-27T21:31:52.418+0000] {logging_mixin.py:188} INFO - [2024-06-27T21:31:52.418+0000] {dag.py:3954} INFO - Setting next_dagrun for example_task_group to 2024-06-26 00:00:00+00:00, run_after=2024-06-27 00:00:00+00:00
[2024-06-27T21:31:52.442+0000] {processor.py:183} INFO - Processing /home/ubuntu/venv/lib/python3.12/site-packages/airflow/example_dags/example_task_group.py took 0.081 seconds
[2024-06-27T21:32:44.256+0000] {processor.py:161} INFO - Started process (PID=4100) to work on /home/ubuntu/venv/lib/python3.12/site-packages/airflow/example_dags/example_task_group.py
[2024-06-27T21:32:44.259+0000] {processor.py:830} INFO - Processing file /home/ubuntu/venv/lib/python3.12/site-packages/airflow/example_dags/example_task_group.py for tasks to queue
[2024-06-27T21:32:44.260+0000] {logging_mixin.py:188} INFO - [2024-06-27T21:32:44.259+0000] {dagbag.py:545} INFO - Filling up the DagBag from /home/ubuntu/venv/lib/python3.12/site-packages/airflow/example_dags/example_task_group.py
[2024-06-27T21:32:44.274+0000] {processor.py:840} INFO - DAG(s) 'example_task_group' retrieved from /home/ubuntu/venv/lib/python3.12/site-packages/airflow/example_dags/example_task_group.py
[2024-06-27T21:32:44.304+0000] {logging_mixin.py:188} INFO - [2024-06-27T21:32:44.303+0000] {dag.py:3096} INFO - Sync 1 DAGs
[2024-06-27T21:32:44.337+0000] {logging_mixin.py:188} INFO - [2024-06-27T21:32:44.336+0000] {dag.py:3954} INFO - Setting next_dagrun for example_task_group to 2024-06-26 00:00:00+00:00, run_after=2024-06-27 00:00:00+00:00
[2024-06-27T21:32:44.363+0000] {processor.py:183} INFO - Processing /home/ubuntu/venv/lib/python3.12/site-packages/airflow/example_dags/example_task_group.py took 0.117 seconds
[2024-06-27T21:33:36.523+0000] {processor.py:161} INFO - Started process (PID=4160) to work on /home/ubuntu/venv/lib/python3.12/site-packages/airflow/example_dags/example_task_group.py
[2024-06-27T21:33:36.525+0000] {processor.py:830} INFO - Processing file /home/ubuntu/venv/lib/python3.12/site-packages/airflow/example_dags/example_task_group.py for tasks to queue
[2024-06-27T21:33:36.526+0000] {logging_mixin.py:188} INFO - [2024-06-27T21:33:36.525+0000] {dagbag.py:545} INFO - Filling up the DagBag from /home/ubuntu/venv/lib/python3.12/site-packages/airflow/example_dags/example_task_group.py
[2024-06-27T21:33:36.535+0000] {processor.py:840} INFO - DAG(s) 'example_task_group' retrieved from /home/ubuntu/venv/lib/python3.12/site-packages/airflow/example_dags/example_task_group.py
[2024-06-27T21:33:36.553+0000] {logging_mixin.py:188} INFO - [2024-06-27T21:33:36.552+0000] {dag.py:3096} INFO - Sync 1 DAGs
[2024-06-27T21:33:36.574+0000] {logging_mixin.py:188} INFO - [2024-06-27T21:33:36.573+0000] {dag.py:3954} INFO - Setting next_dagrun for example_task_group to 2024-06-26 00:00:00+00:00, run_after=2024-06-27 00:00:00+00:00
[2024-06-27T21:33:36.596+0000] {processor.py:183} INFO - Processing /home/ubuntu/venv/lib/python3.12/site-packages/airflow/example_dags/example_task_group.py took 0.079 seconds
[2024-06-27T21:34:20.499+0000] {processor.py:161} INFO - Started process (PID=4205) to work on /home/ubuntu/venv/lib/python3.12/site-packages/airflow/example_dags/example_task_group.py
[2024-06-27T21:34:20.501+0000] {processor.py:830} INFO - Processing file /home/ubuntu/venv/lib/python3.12/site-packages/airflow/example_dags/example_task_group.py for tasks to queue
[2024-06-27T21:34:20.501+0000] {logging_mixin.py:188} INFO - [2024-06-27T21:34:20.501+0000] {dagbag.py:545} INFO - Filling up the DagBag from /home/ubuntu/venv/lib/python3.12/site-packages/airflow/example_dags/example_task_group.py
[2024-06-27T21:34:20.510+0000] {processor.py:840} INFO - DAG(s) 'example_task_group' retrieved from /home/ubuntu/venv/lib/python3.12/site-packages/airflow/example_dags/example_task_group.py
[2024-06-27T21:34:20.529+0000] {logging_mixin.py:188} INFO - [2024-06-27T21:34:20.529+0000] {dag.py:3096} INFO - Sync 1 DAGs
[2024-06-27T21:34:20.549+0000] {logging_mixin.py:188} INFO - [2024-06-27T21:34:20.549+0000] {dag.py:3954} INFO - Setting next_dagrun for example_task_group to 2024-06-26 00:00:00+00:00, run_after=2024-06-27 00:00:00+00:00
[2024-06-27T21:34:20.571+0000] {processor.py:183} INFO - Processing /home/ubuntu/venv/lib/python3.12/site-packages/airflow/example_dags/example_task_group.py took 0.078 seconds
[2024-06-27T21:35:03.888+0000] {processor.py:161} INFO - Started process (PID=4253) to work on /home/ubuntu/venv/lib/python3.12/site-packages/airflow/example_dags/example_task_group.py
[2024-06-27T21:35:03.890+0000] {processor.py:830} INFO - Processing file /home/ubuntu/venv/lib/python3.12/site-packages/airflow/example_dags/example_task_group.py for tasks to queue
[2024-06-27T21:35:03.891+0000] {logging_mixin.py:188} INFO - [2024-06-27T21:35:03.890+0000] {dagbag.py:545} INFO - Filling up the DagBag from /home/ubuntu/venv/lib/python3.12/site-packages/airflow/example_dags/example_task_group.py
[2024-06-27T21:35:03.900+0000] {processor.py:840} INFO - DAG(s) 'example_task_group' retrieved from /home/ubuntu/venv/lib/python3.12/site-packages/airflow/example_dags/example_task_group.py
[2024-06-27T21:35:03.918+0000] {logging_mixin.py:188} INFO - [2024-06-27T21:35:03.918+0000] {dag.py:3096} INFO - Sync 1 DAGs
[2024-06-27T21:35:03.939+0000] {logging_mixin.py:188} INFO - [2024-06-27T21:35:03.938+0000] {dag.py:3954} INFO - Setting next_dagrun for example_task_group to 2024-06-26 00:00:00+00:00, run_after=2024-06-27 00:00:00+00:00
[2024-06-27T21:35:03.963+0000] {processor.py:183} INFO - Processing /home/ubuntu/venv/lib/python3.12/site-packages/airflow/example_dags/example_task_group.py took 0.081 seconds
[2024-06-27T21:35:46.592+0000] {processor.py:161} INFO - Started process (PID=4300) to work on /home/ubuntu/venv/lib/python3.12/site-packages/airflow/example_dags/example_task_group.py
[2024-06-27T21:35:46.594+0000] {processor.py:830} INFO - Processing file /home/ubuntu/venv/lib/python3.12/site-packages/airflow/example_dags/example_task_group.py for tasks to queue
[2024-06-27T21:35:46.595+0000] {logging_mixin.py:188} INFO - [2024-06-27T21:35:46.594+0000] {dagbag.py:545} INFO - Filling up the DagBag from /home/ubuntu/venv/lib/python3.12/site-packages/airflow/example_dags/example_task_group.py
[2024-06-27T21:35:46.604+0000] {processor.py:840} INFO - DAG(s) 'example_task_group' retrieved from /home/ubuntu/venv/lib/python3.12/site-packages/airflow/example_dags/example_task_group.py
[2024-06-27T21:35:46.621+0000] {logging_mixin.py:188} INFO - [2024-06-27T21:35:46.621+0000] {dag.py:3096} INFO - Sync 1 DAGs
[2024-06-27T21:35:46.641+0000] {logging_mixin.py:188} INFO - [2024-06-27T21:35:46.641+0000] {dag.py:3954} INFO - Setting next_dagrun for example_task_group to 2024-06-26 00:00:00+00:00, run_after=2024-06-27 00:00:00+00:00
[2024-06-27T21:35:46.664+0000] {processor.py:183} INFO - Processing /home/ubuntu/venv/lib/python3.12/site-packages/airflow/example_dags/example_task_group.py took 0.078 seconds
[2024-06-27T21:36:28.268+0000] {processor.py:161} INFO - Started process (PID=4342) to work on /home/ubuntu/venv/lib/python3.12/site-packages/airflow/example_dags/example_task_group.py
[2024-06-27T21:36:28.270+0000] {processor.py:830} INFO - Processing file /home/ubuntu/venv/lib/python3.12/site-packages/airflow/example_dags/example_task_group.py for tasks to queue
[2024-06-27T21:36:28.270+0000] {logging_mixin.py:188} INFO - [2024-06-27T21:36:28.270+0000] {dagbag.py:545} INFO - Filling up the DagBag from /home/ubuntu/venv/lib/python3.12/site-packages/airflow/example_dags/example_task_group.py
[2024-06-27T21:36:28.279+0000] {processor.py:840} INFO - DAG(s) 'example_task_group' retrieved from /home/ubuntu/venv/lib/python3.12/site-packages/airflow/example_dags/example_task_group.py
[2024-06-27T21:36:28.297+0000] {logging_mixin.py:188} INFO - [2024-06-27T21:36:28.297+0000] {dag.py:3096} INFO - Sync 1 DAGs
[2024-06-27T21:36:28.317+0000] {logging_mixin.py:188} INFO - [2024-06-27T21:36:28.317+0000] {dag.py:3954} INFO - Setting next_dagrun for example_task_group to 2024-06-26 00:00:00+00:00, run_after=2024-06-27 00:00:00+00:00
[2024-06-27T21:36:28.339+0000] {processor.py:183} INFO - Processing /home/ubuntu/venv/lib/python3.12/site-packages/airflow/example_dags/example_task_group.py took 0.077 seconds
[2024-06-27T21:37:12.688+0000] {processor.py:161} INFO - Started process (PID=4387) to work on /home/ubuntu/venv/lib/python3.12/site-packages/airflow/example_dags/example_task_group.py
[2024-06-27T21:37:12.690+0000] {processor.py:830} INFO - Processing file /home/ubuntu/venv/lib/python3.12/site-packages/airflow/example_dags/example_task_group.py for tasks to queue
[2024-06-27T21:37:12.690+0000] {logging_mixin.py:188} INFO - [2024-06-27T21:37:12.690+0000] {dagbag.py:545} INFO - Filling up the DagBag from /home/ubuntu/venv/lib/python3.12/site-packages/airflow/example_dags/example_task_group.py
[2024-06-27T21:37:12.699+0000] {processor.py:840} INFO - DAG(s) 'example_task_group' retrieved from /home/ubuntu/venv/lib/python3.12/site-packages/airflow/example_dags/example_task_group.py
[2024-06-27T21:37:12.717+0000] {logging_mixin.py:188} INFO - [2024-06-27T21:37:12.716+0000] {dag.py:3096} INFO - Sync 1 DAGs
[2024-06-27T21:37:12.736+0000] {logging_mixin.py:188} INFO - [2024-06-27T21:37:12.736+0000] {dag.py:3954} INFO - Setting next_dagrun for example_task_group to 2024-06-26 00:00:00+00:00, run_after=2024-06-27 00:00:00+00:00
[2024-06-27T21:37:12.767+0000] {processor.py:183} INFO - Processing /home/ubuntu/venv/lib/python3.12/site-packages/airflow/example_dags/example_task_group.py took 0.085 seconds
[2024-06-27T21:38:00.164+0000] {processor.py:161} INFO - Started process (PID=4439) to work on /home/ubuntu/venv/lib/python3.12/site-packages/airflow/example_dags/example_task_group.py
[2024-06-27T21:38:00.165+0000] {processor.py:830} INFO - Processing file /home/ubuntu/venv/lib/python3.12/site-packages/airflow/example_dags/example_task_group.py for tasks to queue
[2024-06-27T21:38:00.166+0000] {logging_mixin.py:188} INFO - [2024-06-27T21:38:00.166+0000] {dagbag.py:545} INFO - Filling up the DagBag from /home/ubuntu/venv/lib/python3.12/site-packages/airflow/example_dags/example_task_group.py
[2024-06-27T21:38:00.175+0000] {processor.py:840} INFO - DAG(s) 'example_task_group' retrieved from /home/ubuntu/venv/lib/python3.12/site-packages/airflow/example_dags/example_task_group.py
[2024-06-27T21:38:00.193+0000] {logging_mixin.py:188} INFO - [2024-06-27T21:38:00.193+0000] {dag.py:3096} INFO - Sync 1 DAGs
[2024-06-27T21:38:00.213+0000] {logging_mixin.py:188} INFO - [2024-06-27T21:38:00.213+0000] {dag.py:3954} INFO - Setting next_dagrun for example_task_group to 2024-06-26 00:00:00+00:00, run_after=2024-06-27 00:00:00+00:00
[2024-06-27T21:38:00.235+0000] {processor.py:183} INFO - Processing /home/ubuntu/venv/lib/python3.12/site-packages/airflow/example_dags/example_task_group.py took 0.078 seconds
[2024-06-27T21:38:48.984+0000] {processor.py:161} INFO - Started process (PID=4489) to work on /home/ubuntu/venv/lib/python3.12/site-packages/airflow/example_dags/example_task_group.py
[2024-06-27T21:38:48.985+0000] {processor.py:830} INFO - Processing file /home/ubuntu/venv/lib/python3.12/site-packages/airflow/example_dags/example_task_group.py for tasks to queue
[2024-06-27T21:38:48.986+0000] {logging_mixin.py:188} INFO - [2024-06-27T21:38:48.986+0000] {dagbag.py:545} INFO - Filling up the DagBag from /home/ubuntu/venv/lib/python3.12/site-packages/airflow/example_dags/example_task_group.py
[2024-06-27T21:38:48.995+0000] {processor.py:840} INFO - DAG(s) 'example_task_group' retrieved from /home/ubuntu/venv/lib/python3.12/site-packages/airflow/example_dags/example_task_group.py
[2024-06-27T21:38:49.013+0000] {logging_mixin.py:188} INFO - [2024-06-27T21:38:49.013+0000] {dag.py:3096} INFO - Sync 1 DAGs
[2024-06-27T21:38:49.033+0000] {logging_mixin.py:188} INFO - [2024-06-27T21:38:49.033+0000] {dag.py:3954} INFO - Setting next_dagrun for example_task_group to 2024-06-26 00:00:00+00:00, run_after=2024-06-27 00:00:00+00:00
[2024-06-27T21:38:49.163+0000] {processor.py:183} INFO - Processing /home/ubuntu/venv/lib/python3.12/site-packages/airflow/example_dags/example_task_group.py took 0.186 seconds
[2024-06-27T21:39:32.650+0000] {processor.py:161} INFO - Started process (PID=4534) to work on /home/ubuntu/venv/lib/python3.12/site-packages/airflow/example_dags/example_task_group.py
[2024-06-27T21:39:32.651+0000] {processor.py:830} INFO - Processing file /home/ubuntu/venv/lib/python3.12/site-packages/airflow/example_dags/example_task_group.py for tasks to queue
[2024-06-27T21:39:32.652+0000] {logging_mixin.py:188} INFO - [2024-06-27T21:39:32.652+0000] {dagbag.py:545} INFO - Filling up the DagBag from /home/ubuntu/venv/lib/python3.12/site-packages/airflow/example_dags/example_task_group.py
[2024-06-27T21:39:32.661+0000] {processor.py:840} INFO - DAG(s) 'example_task_group' retrieved from /home/ubuntu/venv/lib/python3.12/site-packages/airflow/example_dags/example_task_group.py
[2024-06-27T21:39:32.679+0000] {logging_mixin.py:188} INFO - [2024-06-27T21:39:32.678+0000] {dag.py:3096} INFO - Sync 1 DAGs
[2024-06-27T21:39:32.699+0000] {logging_mixin.py:188} INFO - [2024-06-27T21:39:32.698+0000] {dag.py:3954} INFO - Setting next_dagrun for example_task_group to 2024-06-26 00:00:00+00:00, run_after=2024-06-27 00:00:00+00:00
[2024-06-27T21:39:32.722+0000] {processor.py:183} INFO - Processing /home/ubuntu/venv/lib/python3.12/site-packages/airflow/example_dags/example_task_group.py took 0.078 seconds
[2024-06-27T21:40:15.501+0000] {processor.py:161} INFO - Started process (PID=4581) to work on /home/ubuntu/venv/lib/python3.12/site-packages/airflow/example_dags/example_task_group.py
[2024-06-27T21:40:15.502+0000] {processor.py:830} INFO - Processing file /home/ubuntu/venv/lib/python3.12/site-packages/airflow/example_dags/example_task_group.py for tasks to queue
[2024-06-27T21:40:15.503+0000] {logging_mixin.py:188} INFO - [2024-06-27T21:40:15.503+0000] {dagbag.py:545} INFO - Filling up the DagBag from /home/ubuntu/venv/lib/python3.12/site-packages/airflow/example_dags/example_task_group.py
[2024-06-27T21:40:15.512+0000] {processor.py:840} INFO - DAG(s) 'example_task_group' retrieved from /home/ubuntu/venv/lib/python3.12/site-packages/airflow/example_dags/example_task_group.py
[2024-06-27T21:40:15.530+0000] {logging_mixin.py:188} INFO - [2024-06-27T21:40:15.530+0000] {dag.py:3096} INFO - Sync 1 DAGs
[2024-06-27T21:40:15.551+0000] {logging_mixin.py:188} INFO - [2024-06-27T21:40:15.550+0000] {dag.py:3954} INFO - Setting next_dagrun for example_task_group to 2024-06-26 00:00:00+00:00, run_after=2024-06-27 00:00:00+00:00
[2024-06-27T21:40:15.575+0000] {processor.py:183} INFO - Processing /home/ubuntu/venv/lib/python3.12/site-packages/airflow/example_dags/example_task_group.py took 0.080 seconds
[2024-06-27T21:40:58.651+0000] {processor.py:161} INFO - Started process (PID=4625) to work on /home/ubuntu/venv/lib/python3.12/site-packages/airflow/example_dags/example_task_group.py
[2024-06-27T21:40:58.652+0000] {processor.py:830} INFO - Processing file /home/ubuntu/venv/lib/python3.12/site-packages/airflow/example_dags/example_task_group.py for tasks to queue
[2024-06-27T21:40:58.653+0000] {logging_mixin.py:188} INFO - [2024-06-27T21:40:58.653+0000] {dagbag.py:545} INFO - Filling up the DagBag from /home/ubuntu/venv/lib/python3.12/site-packages/airflow/example_dags/example_task_group.py
[2024-06-27T21:40:58.662+0000] {processor.py:840} INFO - DAG(s) 'example_task_group' retrieved from /home/ubuntu/venv/lib/python3.12/site-packages/airflow/example_dags/example_task_group.py
[2024-06-27T21:40:58.680+0000] {logging_mixin.py:188} INFO - [2024-06-27T21:40:58.680+0000] {dag.py:3096} INFO - Sync 1 DAGs
[2024-06-27T21:40:58.700+0000] {logging_mixin.py:188} INFO - [2024-06-27T21:40:58.700+0000] {dag.py:3954} INFO - Setting next_dagrun for example_task_group to 2024-06-26 00:00:00+00:00, run_after=2024-06-27 00:00:00+00:00
[2024-06-27T21:40:58.722+0000] {processor.py:183} INFO - Processing /home/ubuntu/venv/lib/python3.12/site-packages/airflow/example_dags/example_task_group.py took 0.077 seconds
[2024-06-27T21:41:43.709+0000] {processor.py:161} INFO - Started process (PID=4672) to work on /home/ubuntu/venv/lib/python3.12/site-packages/airflow/example_dags/example_task_group.py
[2024-06-27T21:41:43.710+0000] {processor.py:830} INFO - Processing file /home/ubuntu/venv/lib/python3.12/site-packages/airflow/example_dags/example_task_group.py for tasks to queue
[2024-06-27T21:41:43.711+0000] {logging_mixin.py:188} INFO - [2024-06-27T21:41:43.711+0000] {dagbag.py:545} INFO - Filling up the DagBag from /home/ubuntu/venv/lib/python3.12/site-packages/airflow/example_dags/example_task_group.py
[2024-06-27T21:41:43.720+0000] {processor.py:840} INFO - DAG(s) 'example_task_group' retrieved from /home/ubuntu/venv/lib/python3.12/site-packages/airflow/example_dags/example_task_group.py
[2024-06-27T21:41:43.738+0000] {logging_mixin.py:188} INFO - [2024-06-27T21:41:43.737+0000] {dag.py:3096} INFO - Sync 1 DAGs
[2024-06-27T21:41:43.759+0000] {logging_mixin.py:188} INFO - [2024-06-27T21:41:43.758+0000] {dag.py:3954} INFO - Setting next_dagrun for example_task_group to 2024-06-26 00:00:00+00:00, run_after=2024-06-27 00:00:00+00:00
[2024-06-27T21:41:43.891+0000] {processor.py:183} INFO - Processing /home/ubuntu/venv/lib/python3.12/site-packages/airflow/example_dags/example_task_group.py took 0.188 seconds
[2024-06-27T21:42:27.949+0000] {processor.py:161} INFO - Started process (PID=4717) to work on /home/ubuntu/venv/lib/python3.12/site-packages/airflow/example_dags/example_task_group.py
[2024-06-27T21:42:27.951+0000] {processor.py:830} INFO - Processing file /home/ubuntu/venv/lib/python3.12/site-packages/airflow/example_dags/example_task_group.py for tasks to queue
[2024-06-27T21:42:27.951+0000] {logging_mixin.py:188} INFO - [2024-06-27T21:42:27.951+0000] {dagbag.py:545} INFO - Filling up the DagBag from /home/ubuntu/venv/lib/python3.12/site-packages/airflow/example_dags/example_task_group.py
[2024-06-27T21:42:27.960+0000] {processor.py:840} INFO - DAG(s) 'example_task_group' retrieved from /home/ubuntu/venv/lib/python3.12/site-packages/airflow/example_dags/example_task_group.py
[2024-06-27T21:42:27.978+0000] {logging_mixin.py:188} INFO - [2024-06-27T21:42:27.978+0000] {dag.py:3096} INFO - Sync 1 DAGs
[2024-06-27T21:42:27.998+0000] {logging_mixin.py:188} INFO - [2024-06-27T21:42:27.998+0000] {dag.py:3954} INFO - Setting next_dagrun for example_task_group to 2024-06-26 00:00:00+00:00, run_after=2024-06-27 00:00:00+00:00
[2024-06-27T21:42:28.021+0000] {processor.py:183} INFO - Processing /home/ubuntu/venv/lib/python3.12/site-packages/airflow/example_dags/example_task_group.py took 0.078 seconds
[2024-06-27T21:43:11.689+0000] {processor.py:161} INFO - Started process (PID=4760) to work on /home/ubuntu/venv/lib/python3.12/site-packages/airflow/example_dags/example_task_group.py
[2024-06-27T21:43:11.690+0000] {processor.py:830} INFO - Processing file /home/ubuntu/venv/lib/python3.12/site-packages/airflow/example_dags/example_task_group.py for tasks to queue
[2024-06-27T21:43:11.691+0000] {logging_mixin.py:188} INFO - [2024-06-27T21:43:11.691+0000] {dagbag.py:545} INFO - Filling up the DagBag from /home/ubuntu/venv/lib/python3.12/site-packages/airflow/example_dags/example_task_group.py
[2024-06-27T21:43:11.701+0000] {processor.py:840} INFO - DAG(s) 'example_task_group' retrieved from /home/ubuntu/venv/lib/python3.12/site-packages/airflow/example_dags/example_task_group.py
[2024-06-27T21:43:11.719+0000] {logging_mixin.py:188} INFO - [2024-06-27T21:43:11.719+0000] {dag.py:3096} INFO - Sync 1 DAGs
[2024-06-27T21:43:11.740+0000] {logging_mixin.py:188} INFO - [2024-06-27T21:43:11.740+0000] {dag.py:3954} INFO - Setting next_dagrun for example_task_group to 2024-06-26 00:00:00+00:00, run_after=2024-06-27 00:00:00+00:00
[2024-06-27T21:43:11.871+0000] {processor.py:183} INFO - Processing /home/ubuntu/venv/lib/python3.12/site-packages/airflow/example_dags/example_task_group.py took 0.188 seconds
[2024-06-27T21:43:57.913+0000] {processor.py:161} INFO - Started process (PID=4807) to work on /home/ubuntu/venv/lib/python3.12/site-packages/airflow/example_dags/example_task_group.py
[2024-06-27T21:43:57.915+0000] {processor.py:830} INFO - Processing file /home/ubuntu/venv/lib/python3.12/site-packages/airflow/example_dags/example_task_group.py for tasks to queue
[2024-06-27T21:43:57.916+0000] {logging_mixin.py:188} INFO - [2024-06-27T21:43:57.916+0000] {dagbag.py:545} INFO - Filling up the DagBag from /home/ubuntu/venv/lib/python3.12/site-packages/airflow/example_dags/example_task_group.py
[2024-06-27T21:43:57.925+0000] {processor.py:840} INFO - DAG(s) 'example_task_group' retrieved from /home/ubuntu/venv/lib/python3.12/site-packages/airflow/example_dags/example_task_group.py
[2024-06-27T21:43:57.943+0000] {logging_mixin.py:188} INFO - [2024-06-27T21:43:57.943+0000] {dag.py:3096} INFO - Sync 1 DAGs
[2024-06-27T21:43:57.963+0000] {logging_mixin.py:188} INFO - [2024-06-27T21:43:57.963+0000] {dag.py:3954} INFO - Setting next_dagrun for example_task_group to 2024-06-26 00:00:00+00:00, run_after=2024-06-27 00:00:00+00:00
[2024-06-27T21:43:57.987+0000] {processor.py:183} INFO - Processing /home/ubuntu/venv/lib/python3.12/site-packages/airflow/example_dags/example_task_group.py took 0.079 seconds
[2024-06-27T21:44:41.115+0000] {processor.py:161} INFO - Started process (PID=4896) to work on /home/ubuntu/venv/lib/python3.12/site-packages/airflow/example_dags/example_task_group.py
[2024-06-27T21:44:41.117+0000] {processor.py:830} INFO - Processing file /home/ubuntu/venv/lib/python3.12/site-packages/airflow/example_dags/example_task_group.py for tasks to queue
[2024-06-27T21:44:41.117+0000] {logging_mixin.py:188} INFO - [2024-06-27T21:44:41.117+0000] {dagbag.py:545} INFO - Filling up the DagBag from /home/ubuntu/venv/lib/python3.12/site-packages/airflow/example_dags/example_task_group.py
[2024-06-27T21:44:41.126+0000] {processor.py:840} INFO - DAG(s) 'example_task_group' retrieved from /home/ubuntu/venv/lib/python3.12/site-packages/airflow/example_dags/example_task_group.py
[2024-06-27T21:44:41.144+0000] {logging_mixin.py:188} INFO - [2024-06-27T21:44:41.144+0000] {dag.py:3096} INFO - Sync 1 DAGs
[2024-06-27T21:44:41.275+0000] {logging_mixin.py:188} INFO - [2024-06-27T21:44:41.275+0000] {dag.py:3954} INFO - Setting next_dagrun for example_task_group to 2024-06-26 00:00:00+00:00, run_after=2024-06-27 00:00:00+00:00
[2024-06-27T21:44:41.296+0000] {processor.py:183} INFO - Processing /home/ubuntu/venv/lib/python3.12/site-packages/airflow/example_dags/example_task_group.py took 0.187 seconds
[2024-06-27T21:45:25.938+0000] {processor.py:161} INFO - Started process (PID=4946) to work on /home/ubuntu/venv/lib/python3.12/site-packages/airflow/example_dags/example_task_group.py
[2024-06-27T21:45:25.939+0000] {processor.py:830} INFO - Processing file /home/ubuntu/venv/lib/python3.12/site-packages/airflow/example_dags/example_task_group.py for tasks to queue
[2024-06-27T21:45:25.940+0000] {logging_mixin.py:188} INFO - [2024-06-27T21:45:25.939+0000] {dagbag.py:545} INFO - Filling up the DagBag from /home/ubuntu/venv/lib/python3.12/site-packages/airflow/example_dags/example_task_group.py
[2024-06-27T21:45:25.949+0000] {processor.py:840} INFO - DAG(s) 'example_task_group' retrieved from /home/ubuntu/venv/lib/python3.12/site-packages/airflow/example_dags/example_task_group.py
[2024-06-27T21:45:25.967+0000] {logging_mixin.py:188} INFO - [2024-06-27T21:45:25.966+0000] {dag.py:3096} INFO - Sync 1 DAGs
[2024-06-27T21:45:25.987+0000] {logging_mixin.py:188} INFO - [2024-06-27T21:45:25.987+0000] {dag.py:3954} INFO - Setting next_dagrun for example_task_group to 2024-06-26 00:00:00+00:00, run_after=2024-06-27 00:00:00+00:00
[2024-06-27T21:45:26.010+0000] {processor.py:183} INFO - Processing /home/ubuntu/venv/lib/python3.12/site-packages/airflow/example_dags/example_task_group.py took 0.079 seconds
[2024-06-27T21:46:13.661+0000] {processor.py:161} INFO - Started process (PID=4990) to work on /home/ubuntu/venv/lib/python3.12/site-packages/airflow/example_dags/example_task_group.py
[2024-06-27T21:46:13.662+0000] {processor.py:830} INFO - Processing file /home/ubuntu/venv/lib/python3.12/site-packages/airflow/example_dags/example_task_group.py for tasks to queue
[2024-06-27T21:46:13.663+0000] {logging_mixin.py:188} INFO - [2024-06-27T21:46:13.663+0000] {dagbag.py:545} INFO - Filling up the DagBag from /home/ubuntu/venv/lib/python3.12/site-packages/airflow/example_dags/example_task_group.py
[2024-06-27T21:46:13.791+0000] {processor.py:840} INFO - DAG(s) 'example_task_group' retrieved from /home/ubuntu/venv/lib/python3.12/site-packages/airflow/example_dags/example_task_group.py
[2024-06-27T21:46:13.804+0000] {logging_mixin.py:188} INFO - [2024-06-27T21:46:13.804+0000] {dag.py:3096} INFO - Sync 1 DAGs
[2024-06-27T21:46:13.821+0000] {logging_mixin.py:188} INFO - [2024-06-27T21:46:13.821+0000] {dag.py:3954} INFO - Setting next_dagrun for example_task_group to 2024-06-26 00:00:00+00:00, run_after=2024-06-27 00:00:00+00:00
[2024-06-27T21:46:13.842+0000] {processor.py:183} INFO - Processing /home/ubuntu/venv/lib/python3.12/site-packages/airflow/example_dags/example_task_group.py took 0.187 seconds
[2024-06-27T21:47:05.294+0000] {processor.py:161} INFO - Started process (PID=5040) to work on /home/ubuntu/venv/lib/python3.12/site-packages/airflow/example_dags/example_task_group.py
[2024-06-27T21:47:05.295+0000] {processor.py:830} INFO - Processing file /home/ubuntu/venv/lib/python3.12/site-packages/airflow/example_dags/example_task_group.py for tasks to queue
[2024-06-27T21:47:05.296+0000] {logging_mixin.py:188} INFO - [2024-06-27T21:47:05.295+0000] {dagbag.py:545} INFO - Filling up the DagBag from /home/ubuntu/venv/lib/python3.12/site-packages/airflow/example_dags/example_task_group.py
[2024-06-27T21:47:05.304+0000] {processor.py:840} INFO - DAG(s) 'example_task_group' retrieved from /home/ubuntu/venv/lib/python3.12/site-packages/airflow/example_dags/example_task_group.py
[2024-06-27T21:47:05.322+0000] {logging_mixin.py:188} INFO - [2024-06-27T21:47:05.322+0000] {dag.py:3096} INFO - Sync 1 DAGs
[2024-06-27T21:47:05.343+0000] {logging_mixin.py:188} INFO - [2024-06-27T21:47:05.343+0000] {dag.py:3954} INFO - Setting next_dagrun for example_task_group to 2024-06-26 00:00:00+00:00, run_after=2024-06-27 00:00:00+00:00
[2024-06-27T21:47:05.366+0000] {processor.py:183} INFO - Processing /home/ubuntu/venv/lib/python3.12/site-packages/airflow/example_dags/example_task_group.py took 0.079 seconds
[2024-06-27T21:47:51.692+0000] {processor.py:161} INFO - Started process (PID=5118) to work on /home/ubuntu/venv/lib/python3.12/site-packages/airflow/example_dags/example_task_group.py
[2024-06-27T21:47:51.694+0000] {processor.py:830} INFO - Processing file /home/ubuntu/venv/lib/python3.12/site-packages/airflow/example_dags/example_task_group.py for tasks to queue
[2024-06-27T21:47:51.695+0000] {logging_mixin.py:188} INFO - [2024-06-27T21:47:51.694+0000] {dagbag.py:545} INFO - Filling up the DagBag from /home/ubuntu/venv/lib/python3.12/site-packages/airflow/example_dags/example_task_group.py
[2024-06-27T21:47:51.704+0000] {processor.py:840} INFO - DAG(s) 'example_task_group' retrieved from /home/ubuntu/venv/lib/python3.12/site-packages/airflow/example_dags/example_task_group.py
[2024-06-27T21:47:51.723+0000] {logging_mixin.py:188} INFO - [2024-06-27T21:47:51.723+0000] {dag.py:3096} INFO - Sync 1 DAGs
[2024-06-27T21:47:51.744+0000] {logging_mixin.py:188} INFO - [2024-06-27T21:47:51.744+0000] {dag.py:3954} INFO - Setting next_dagrun for example_task_group to 2024-06-26 00:00:00+00:00, run_after=2024-06-27 00:00:00+00:00
[2024-06-27T21:47:51.767+0000] {processor.py:183} INFO - Processing /home/ubuntu/venv/lib/python3.12/site-packages/airflow/example_dags/example_task_group.py took 0.081 seconds
[2024-06-27T21:48:35.814+0000] {processor.py:161} INFO - Started process (PID=5260) to work on /home/ubuntu/venv/lib/python3.12/site-packages/airflow/example_dags/example_task_group.py
[2024-06-27T21:48:35.815+0000] {processor.py:830} INFO - Processing file /home/ubuntu/venv/lib/python3.12/site-packages/airflow/example_dags/example_task_group.py for tasks to queue
[2024-06-27T21:48:35.816+0000] {logging_mixin.py:188} INFO - [2024-06-27T21:48:35.816+0000] {dagbag.py:545} INFO - Filling up the DagBag from /home/ubuntu/venv/lib/python3.12/site-packages/airflow/example_dags/example_task_group.py
[2024-06-27T21:48:35.825+0000] {processor.py:840} INFO - DAG(s) 'example_task_group' retrieved from /home/ubuntu/venv/lib/python3.12/site-packages/airflow/example_dags/example_task_group.py
[2024-06-27T21:48:35.843+0000] {logging_mixin.py:188} INFO - [2024-06-27T21:48:35.843+0000] {dag.py:3096} INFO - Sync 1 DAGs
[2024-06-27T21:48:35.863+0000] {logging_mixin.py:188} INFO - [2024-06-27T21:48:35.863+0000] {dag.py:3954} INFO - Setting next_dagrun for example_task_group to 2024-06-26 00:00:00+00:00, run_after=2024-06-27 00:00:00+00:00
[2024-06-27T21:48:35.886+0000] {processor.py:183} INFO - Processing /home/ubuntu/venv/lib/python3.12/site-packages/airflow/example_dags/example_task_group.py took 0.080 seconds
[2024-06-27T21:49:19.068+0000] {processor.py:161} INFO - Started process (PID=5304) to work on /home/ubuntu/venv/lib/python3.12/site-packages/airflow/example_dags/example_task_group.py
[2024-06-27T21:49:19.070+0000] {processor.py:830} INFO - Processing file /home/ubuntu/venv/lib/python3.12/site-packages/airflow/example_dags/example_task_group.py for tasks to queue
[2024-06-27T21:49:19.071+0000] {logging_mixin.py:188} INFO - [2024-06-27T21:49:19.070+0000] {dagbag.py:545} INFO - Filling up the DagBag from /home/ubuntu/venv/lib/python3.12/site-packages/airflow/example_dags/example_task_group.py
[2024-06-27T21:49:19.079+0000] {processor.py:840} INFO - DAG(s) 'example_task_group' retrieved from /home/ubuntu/venv/lib/python3.12/site-packages/airflow/example_dags/example_task_group.py
[2024-06-27T21:49:19.097+0000] {logging_mixin.py:188} INFO - [2024-06-27T21:49:19.097+0000] {dag.py:3096} INFO - Sync 1 DAGs
[2024-06-27T21:49:19.117+0000] {logging_mixin.py:188} INFO - [2024-06-27T21:49:19.117+0000] {dag.py:3954} INFO - Setting next_dagrun for example_task_group to 2024-06-26 00:00:00+00:00, run_after=2024-06-27 00:00:00+00:00
[2024-06-27T21:49:19.141+0000] {processor.py:183} INFO - Processing /home/ubuntu/venv/lib/python3.12/site-packages/airflow/example_dags/example_task_group.py took 0.080 seconds
