[2024-06-27T21:19:57.841+0000] {processor.py:161} INFO - Started process (PID=2956) to work on /home/ubuntu/venv/lib/python3.12/site-packages/airflow/example_dags/example_params_ui_tutorial.py
[2024-06-27T21:19:57.842+0000] {processor.py:830} INFO - Processing file /home/ubuntu/venv/lib/python3.12/site-packages/airflow/example_dags/example_params_ui_tutorial.py for tasks to queue
[2024-06-27T21:19:57.844+0000] {logging_mixin.py:188} INFO - [2024-06-27T21:19:57.843+0000] {dagbag.py:545} INFO - Filling up the DagBag from /home/ubuntu/venv/lib/python3.12/site-packages/airflow/example_dags/example_params_ui_tutorial.py
[2024-06-27T21:19:57.858+0000] {processor.py:840} INFO - DAG(s) 'example_params_ui_tutorial' retrieved from /home/ubuntu/venv/lib/python3.12/site-packages/airflow/example_dags/example_params_ui_tutorial.py
[2024-06-27T21:19:58.004+0000] {logging_mixin.py:188} INFO - [2024-06-27T21:19:58.003+0000] {override.py:1847} INFO - Created Permission View: can read on DAG:example_params_ui_tutorial
[2024-06-27T21:19:58.020+0000] {logging_mixin.py:188} INFO - [2024-06-27T21:19:58.020+0000] {override.py:1847} INFO - Created Permission View: can delete on DAG:example_params_ui_tutorial
[2024-06-27T21:19:58.029+0000] {logging_mixin.py:188} INFO - [2024-06-27T21:19:58.029+0000] {override.py:1847} INFO - Created Permission View: can edit on DAG:example_params_ui_tutorial
[2024-06-27T21:19:58.030+0000] {logging_mixin.py:188} INFO - [2024-06-27T21:19:58.029+0000] {dag.py:3096} INFO - Sync 1 DAGs
[2024-06-27T21:19:58.040+0000] {logging_mixin.py:188} INFO - [2024-06-27T21:19:58.040+0000] {dag.py:3118} INFO - Creating ORM DAG for example_params_ui_tutorial
[2024-06-27T21:19:58.041+0000] {logging_mixin.py:188} INFO - [2024-06-27T21:19:58.040+0000] {dag.py:3954} INFO - Setting next_dagrun for example_params_ui_tutorial to None, run_after=None
[2024-06-27T21:19:58.063+0000] {processor.py:183} INFO - Processing /home/ubuntu/venv/lib/python3.12/site-packages/airflow/example_dags/example_params_ui_tutorial.py took 0.228 seconds
[2024-06-27T21:20:52.671+0000] {processor.py:161} INFO - Started process (PID=3296) to work on /home/ubuntu/venv/lib/python3.12/site-packages/airflow/example_dags/example_params_ui_tutorial.py
[2024-06-27T21:20:52.672+0000] {processor.py:830} INFO - Processing file /home/ubuntu/venv/lib/python3.12/site-packages/airflow/example_dags/example_params_ui_tutorial.py for tasks to queue
[2024-06-27T21:20:52.675+0000] {logging_mixin.py:188} INFO - [2024-06-27T21:20:52.675+0000] {dagbag.py:545} INFO - Filling up the DagBag from /home/ubuntu/venv/lib/python3.12/site-packages/airflow/example_dags/example_params_ui_tutorial.py
[2024-06-27T21:20:52.692+0000] {processor.py:840} INFO - DAG(s) 'example_params_ui_tutorial' retrieved from /home/ubuntu/venv/lib/python3.12/site-packages/airflow/example_dags/example_params_ui_tutorial.py
[2024-06-27T21:20:52.743+0000] {logging_mixin.py:188} INFO - [2024-06-27T21:20:52.743+0000] {dag.py:3096} INFO - Sync 1 DAGs
[2024-06-27T21:20:52.756+0000] {logging_mixin.py:188} INFO - [2024-06-27T21:20:52.756+0000] {dag.py:3954} INFO - Setting next_dagrun for example_params_ui_tutorial to None, run_after=None
[2024-06-27T21:20:52.786+0000] {processor.py:183} INFO - Processing /home/ubuntu/venv/lib/python3.12/site-packages/airflow/example_dags/example_params_ui_tutorial.py took 0.123 seconds
[2024-06-27T21:21:40.750+0000] {processor.py:161} INFO - Started process (PID=3350) to work on /home/ubuntu/venv/lib/python3.12/site-packages/airflow/example_dags/example_params_ui_tutorial.py
[2024-06-27T21:21:40.751+0000] {processor.py:830} INFO - Processing file /home/ubuntu/venv/lib/python3.12/site-packages/airflow/example_dags/example_params_ui_tutorial.py for tasks to queue
[2024-06-27T21:21:40.753+0000] {logging_mixin.py:188} INFO - [2024-06-27T21:21:40.752+0000] {dagbag.py:545} INFO - Filling up the DagBag from /home/ubuntu/venv/lib/python3.12/site-packages/airflow/example_dags/example_params_ui_tutorial.py
[2024-06-27T21:21:40.765+0000] {processor.py:840} INFO - DAG(s) 'example_params_ui_tutorial' retrieved from /home/ubuntu/venv/lib/python3.12/site-packages/airflow/example_dags/example_params_ui_tutorial.py
[2024-06-27T21:21:40.811+0000] {logging_mixin.py:188} INFO - [2024-06-27T21:21:40.810+0000] {dag.py:3096} INFO - Sync 1 DAGs
[2024-06-27T21:21:40.823+0000] {logging_mixin.py:188} INFO - [2024-06-27T21:21:40.823+0000] {dag.py:3954} INFO - Setting next_dagrun for example_params_ui_tutorial to None, run_after=None
[2024-06-27T21:21:40.845+0000] {processor.py:183} INFO - Processing /home/ubuntu/venv/lib/python3.12/site-packages/airflow/example_dags/example_params_ui_tutorial.py took 0.101 seconds
[2024-06-27T21:22:40.280+0000] {processor.py:161} INFO - Started process (PID=3426) to work on /home/ubuntu/venv/lib/python3.12/site-packages/airflow/example_dags/example_params_ui_tutorial.py
[2024-06-27T21:22:40.281+0000] {processor.py:830} INFO - Processing file /home/ubuntu/venv/lib/python3.12/site-packages/airflow/example_dags/example_params_ui_tutorial.py for tasks to queue
[2024-06-27T21:22:40.283+0000] {logging_mixin.py:188} INFO - [2024-06-27T21:22:40.283+0000] {dagbag.py:545} INFO - Filling up the DagBag from /home/ubuntu/venv/lib/python3.12/site-packages/airflow/example_dags/example_params_ui_tutorial.py
[2024-06-27T21:22:40.296+0000] {processor.py:840} INFO - DAG(s) 'example_params_ui_tutorial' retrieved from /home/ubuntu/venv/lib/python3.12/site-packages/airflow/example_dags/example_params_ui_tutorial.py
[2024-06-27T21:22:40.341+0000] {logging_mixin.py:188} INFO - [2024-06-27T21:22:40.341+0000] {dag.py:3096} INFO - Sync 1 DAGs
[2024-06-27T21:22:40.354+0000] {logging_mixin.py:188} INFO - [2024-06-27T21:22:40.354+0000] {dag.py:3954} INFO - Setting next_dagrun for example_params_ui_tutorial to None, run_after=None
[2024-06-27T21:22:40.376+0000] {processor.py:183} INFO - Processing /home/ubuntu/venv/lib/python3.12/site-packages/airflow/example_dags/example_params_ui_tutorial.py took 0.102 seconds
[2024-06-27T21:23:39.149+0000] {processor.py:161} INFO - Started process (PID=3489) to work on /home/ubuntu/venv/lib/python3.12/site-packages/airflow/example_dags/example_params_ui_tutorial.py
[2024-06-27T21:23:39.150+0000] {processor.py:830} INFO - Processing file /home/ubuntu/venv/lib/python3.12/site-packages/airflow/example_dags/example_params_ui_tutorial.py for tasks to queue
[2024-06-27T21:23:39.152+0000] {logging_mixin.py:188} INFO - [2024-06-27T21:23:39.151+0000] {dagbag.py:545} INFO - Filling up the DagBag from /home/ubuntu/venv/lib/python3.12/site-packages/airflow/example_dags/example_params_ui_tutorial.py
[2024-06-27T21:23:39.164+0000] {processor.py:840} INFO - DAG(s) 'example_params_ui_tutorial' retrieved from /home/ubuntu/venv/lib/python3.12/site-packages/airflow/example_dags/example_params_ui_tutorial.py
[2024-06-27T21:23:39.210+0000] {logging_mixin.py:188} INFO - [2024-06-27T21:23:39.209+0000] {dag.py:3096} INFO - Sync 1 DAGs
[2024-06-27T21:23:39.222+0000] {logging_mixin.py:188} INFO - [2024-06-27T21:23:39.222+0000] {dag.py:3954} INFO - Setting next_dagrun for example_params_ui_tutorial to None, run_after=None
[2024-06-27T21:23:39.245+0000] {processor.py:183} INFO - Processing /home/ubuntu/venv/lib/python3.12/site-packages/airflow/example_dags/example_params_ui_tutorial.py took 0.102 seconds
[2024-06-27T21:24:38.201+0000] {processor.py:161} INFO - Started process (PID=3553) to work on /home/ubuntu/venv/lib/python3.12/site-packages/airflow/example_dags/example_params_ui_tutorial.py
[2024-06-27T21:24:38.203+0000] {processor.py:830} INFO - Processing file /home/ubuntu/venv/lib/python3.12/site-packages/airflow/example_dags/example_params_ui_tutorial.py for tasks to queue
[2024-06-27T21:24:38.204+0000] {logging_mixin.py:188} INFO - [2024-06-27T21:24:38.203+0000] {dagbag.py:545} INFO - Filling up the DagBag from /home/ubuntu/venv/lib/python3.12/site-packages/airflow/example_dags/example_params_ui_tutorial.py
[2024-06-27T21:24:38.217+0000] {processor.py:840} INFO - DAG(s) 'example_params_ui_tutorial' retrieved from /home/ubuntu/venv/lib/python3.12/site-packages/airflow/example_dags/example_params_ui_tutorial.py
[2024-06-27T21:24:38.263+0000] {logging_mixin.py:188} INFO - [2024-06-27T21:24:38.262+0000] {dag.py:3096} INFO - Sync 1 DAGs
[2024-06-27T21:24:38.275+0000] {logging_mixin.py:188} INFO - [2024-06-27T21:24:38.275+0000] {dag.py:3954} INFO - Setting next_dagrun for example_params_ui_tutorial to None, run_after=None
[2024-06-27T21:24:38.298+0000] {processor.py:183} INFO - Processing /home/ubuntu/venv/lib/python3.12/site-packages/airflow/example_dags/example_params_ui_tutorial.py took 0.103 seconds
[2024-06-27T21:25:23.311+0000] {processor.py:161} INFO - Started process (PID=3606) to work on /home/ubuntu/venv/lib/python3.12/site-packages/airflow/example_dags/example_params_ui_tutorial.py
[2024-06-27T21:25:23.312+0000] {processor.py:830} INFO - Processing file /home/ubuntu/venv/lib/python3.12/site-packages/airflow/example_dags/example_params_ui_tutorial.py for tasks to queue
[2024-06-27T21:25:23.313+0000] {logging_mixin.py:188} INFO - [2024-06-27T21:25:23.313+0000] {dagbag.py:545} INFO - Filling up the DagBag from /home/ubuntu/venv/lib/python3.12/site-packages/airflow/example_dags/example_params_ui_tutorial.py
[2024-06-27T21:25:23.327+0000] {processor.py:840} INFO - DAG(s) 'example_params_ui_tutorial' retrieved from /home/ubuntu/venv/lib/python3.12/site-packages/airflow/example_dags/example_params_ui_tutorial.py
[2024-06-27T21:25:23.383+0000] {logging_mixin.py:188} INFO - [2024-06-27T21:25:23.383+0000] {dag.py:3096} INFO - Sync 1 DAGs
[2024-06-27T21:25:23.396+0000] {logging_mixin.py:188} INFO - [2024-06-27T21:25:23.396+0000] {dag.py:3954} INFO - Setting next_dagrun for example_params_ui_tutorial to None, run_after=None
[2024-06-27T21:25:23.421+0000] {processor.py:183} INFO - Processing /home/ubuntu/venv/lib/python3.12/site-packages/airflow/example_dags/example_params_ui_tutorial.py took 0.116 seconds
[2024-06-27T21:26:26.348+0000] {processor.py:161} INFO - Started process (PID=3671) to work on /home/ubuntu/venv/lib/python3.12/site-packages/airflow/example_dags/example_params_ui_tutorial.py
[2024-06-27T21:26:26.350+0000] {processor.py:830} INFO - Processing file /home/ubuntu/venv/lib/python3.12/site-packages/airflow/example_dags/example_params_ui_tutorial.py for tasks to queue
[2024-06-27T21:26:26.351+0000] {logging_mixin.py:188} INFO - [2024-06-27T21:26:26.350+0000] {dagbag.py:545} INFO - Filling up the DagBag from /home/ubuntu/venv/lib/python3.12/site-packages/airflow/example_dags/example_params_ui_tutorial.py
[2024-06-27T21:26:26.364+0000] {processor.py:840} INFO - DAG(s) 'example_params_ui_tutorial' retrieved from /home/ubuntu/venv/lib/python3.12/site-packages/airflow/example_dags/example_params_ui_tutorial.py
[2024-06-27T21:26:26.410+0000] {logging_mixin.py:188} INFO - [2024-06-27T21:26:26.409+0000] {dag.py:3096} INFO - Sync 1 DAGs
[2024-06-27T21:26:26.422+0000] {logging_mixin.py:188} INFO - [2024-06-27T21:26:26.422+0000] {dag.py:3954} INFO - Setting next_dagrun for example_params_ui_tutorial to None, run_after=None
[2024-06-27T21:26:26.445+0000] {processor.py:183} INFO - Processing /home/ubuntu/venv/lib/python3.12/site-packages/airflow/example_dags/example_params_ui_tutorial.py took 0.103 seconds
[2024-06-27T21:27:10.059+0000] {processor.py:161} INFO - Started process (PID=3716) to work on /home/ubuntu/venv/lib/python3.12/site-packages/airflow/example_dags/example_params_ui_tutorial.py
[2024-06-27T21:27:10.060+0000] {processor.py:830} INFO - Processing file /home/ubuntu/venv/lib/python3.12/site-packages/airflow/example_dags/example_params_ui_tutorial.py for tasks to queue
[2024-06-27T21:27:10.061+0000] {logging_mixin.py:188} INFO - [2024-06-27T21:27:10.060+0000] {dagbag.py:545} INFO - Filling up the DagBag from /home/ubuntu/venv/lib/python3.12/site-packages/airflow/example_dags/example_params_ui_tutorial.py
[2024-06-27T21:27:10.074+0000] {processor.py:840} INFO - DAG(s) 'example_params_ui_tutorial' retrieved from /home/ubuntu/venv/lib/python3.12/site-packages/airflow/example_dags/example_params_ui_tutorial.py
[2024-06-27T21:27:10.119+0000] {logging_mixin.py:188} INFO - [2024-06-27T21:27:10.119+0000] {dag.py:3096} INFO - Sync 1 DAGs
[2024-06-27T21:27:10.132+0000] {logging_mixin.py:188} INFO - [2024-06-27T21:27:10.131+0000] {dag.py:3954} INFO - Setting next_dagrun for example_params_ui_tutorial to None, run_after=None
[2024-06-27T21:27:10.155+0000] {processor.py:183} INFO - Processing /home/ubuntu/venv/lib/python3.12/site-packages/airflow/example_dags/example_params_ui_tutorial.py took 0.102 seconds
[2024-06-27T21:28:21.767+0000] {processor.py:161} INFO - Started process (PID=3796) to work on /home/ubuntu/venv/lib/python3.12/site-packages/airflow/example_dags/example_params_ui_tutorial.py
[2024-06-27T21:28:21.769+0000] {processor.py:830} INFO - Processing file /home/ubuntu/venv/lib/python3.12/site-packages/airflow/example_dags/example_params_ui_tutorial.py for tasks to queue
[2024-06-27T21:28:21.770+0000] {logging_mixin.py:188} INFO - [2024-06-27T21:28:21.769+0000] {dagbag.py:545} INFO - Filling up the DagBag from /home/ubuntu/venv/lib/python3.12/site-packages/airflow/example_dags/example_params_ui_tutorial.py
[2024-06-27T21:28:21.782+0000] {processor.py:840} INFO - DAG(s) 'example_params_ui_tutorial' retrieved from /home/ubuntu/venv/lib/python3.12/site-packages/airflow/example_dags/example_params_ui_tutorial.py
[2024-06-27T21:28:21.829+0000] {logging_mixin.py:188} INFO - [2024-06-27T21:28:21.828+0000] {dag.py:3096} INFO - Sync 1 DAGs
[2024-06-27T21:28:21.841+0000] {logging_mixin.py:188} INFO - [2024-06-27T21:28:21.840+0000] {dag.py:3954} INFO - Setting next_dagrun for example_params_ui_tutorial to None, run_after=None
[2024-06-27T21:28:21.870+0000] {processor.py:183} INFO - Processing /home/ubuntu/venv/lib/python3.12/site-packages/airflow/example_dags/example_params_ui_tutorial.py took 0.109 seconds
[2024-06-27T21:29:27.461+0000] {processor.py:161} INFO - Started process (PID=3880) to work on /home/ubuntu/venv/lib/python3.12/site-packages/airflow/example_dags/example_params_ui_tutorial.py
[2024-06-27T21:29:27.463+0000] {processor.py:830} INFO - Processing file /home/ubuntu/venv/lib/python3.12/site-packages/airflow/example_dags/example_params_ui_tutorial.py for tasks to queue
[2024-06-27T21:29:27.464+0000] {logging_mixin.py:188} INFO - [2024-06-27T21:29:27.463+0000] {dagbag.py:545} INFO - Filling up the DagBag from /home/ubuntu/venv/lib/python3.12/site-packages/airflow/example_dags/example_params_ui_tutorial.py
[2024-06-27T21:29:27.476+0000] {processor.py:840} INFO - DAG(s) 'example_params_ui_tutorial' retrieved from /home/ubuntu/venv/lib/python3.12/site-packages/airflow/example_dags/example_params_ui_tutorial.py
[2024-06-27T21:29:27.524+0000] {logging_mixin.py:188} INFO - [2024-06-27T21:29:27.524+0000] {dag.py:3096} INFO - Sync 1 DAGs
[2024-06-27T21:29:27.546+0000] {logging_mixin.py:188} INFO - [2024-06-27T21:29:27.545+0000] {dag.py:3954} INFO - Setting next_dagrun for example_params_ui_tutorial to None, run_after=None
[2024-06-27T21:29:27.582+0000] {processor.py:183} INFO - Processing /home/ubuntu/venv/lib/python3.12/site-packages/airflow/example_dags/example_params_ui_tutorial.py took 0.127 seconds
[2024-06-27T21:30:30.720+0000] {processor.py:161} INFO - Started process (PID=3956) to work on /home/ubuntu/venv/lib/python3.12/site-packages/airflow/example_dags/example_params_ui_tutorial.py
[2024-06-27T21:30:30.721+0000] {processor.py:830} INFO - Processing file /home/ubuntu/venv/lib/python3.12/site-packages/airflow/example_dags/example_params_ui_tutorial.py for tasks to queue
[2024-06-27T21:30:30.722+0000] {logging_mixin.py:188} INFO - [2024-06-27T21:30:30.722+0000] {dagbag.py:545} INFO - Filling up the DagBag from /home/ubuntu/venv/lib/python3.12/site-packages/airflow/example_dags/example_params_ui_tutorial.py
[2024-06-27T21:30:30.735+0000] {processor.py:840} INFO - DAG(s) 'example_params_ui_tutorial' retrieved from /home/ubuntu/venv/lib/python3.12/site-packages/airflow/example_dags/example_params_ui_tutorial.py
[2024-06-27T21:30:30.782+0000] {logging_mixin.py:188} INFO - [2024-06-27T21:30:30.781+0000] {dag.py:3096} INFO - Sync 1 DAGs
[2024-06-27T21:30:30.794+0000] {logging_mixin.py:188} INFO - [2024-06-27T21:30:30.794+0000] {dag.py:3954} INFO - Setting next_dagrun for example_params_ui_tutorial to None, run_after=None
[2024-06-27T21:30:30.818+0000] {processor.py:183} INFO - Processing /home/ubuntu/venv/lib/python3.12/site-packages/airflow/example_dags/example_params_ui_tutorial.py took 0.104 seconds
[2024-06-27T21:31:34.244+0000] {processor.py:161} INFO - Started process (PID=4021) to work on /home/ubuntu/venv/lib/python3.12/site-packages/airflow/example_dags/example_params_ui_tutorial.py
[2024-06-27T21:31:34.246+0000] {processor.py:830} INFO - Processing file /home/ubuntu/venv/lib/python3.12/site-packages/airflow/example_dags/example_params_ui_tutorial.py for tasks to queue
[2024-06-27T21:31:34.247+0000] {logging_mixin.py:188} INFO - [2024-06-27T21:31:34.246+0000] {dagbag.py:545} INFO - Filling up the DagBag from /home/ubuntu/venv/lib/python3.12/site-packages/airflow/example_dags/example_params_ui_tutorial.py
[2024-06-27T21:31:34.259+0000] {processor.py:840} INFO - DAG(s) 'example_params_ui_tutorial' retrieved from /home/ubuntu/venv/lib/python3.12/site-packages/airflow/example_dags/example_params_ui_tutorial.py
[2024-06-27T21:31:34.305+0000] {logging_mixin.py:188} INFO - [2024-06-27T21:31:34.305+0000] {dag.py:3096} INFO - Sync 1 DAGs
[2024-06-27T21:31:34.317+0000] {logging_mixin.py:188} INFO - [2024-06-27T21:31:34.317+0000] {dag.py:3954} INFO - Setting next_dagrun for example_params_ui_tutorial to None, run_after=None
[2024-06-27T21:31:34.340+0000] {processor.py:183} INFO - Processing /home/ubuntu/venv/lib/python3.12/site-packages/airflow/example_dags/example_params_ui_tutorial.py took 0.101 seconds
[2024-06-27T21:32:23.777+0000] {processor.py:161} INFO - Started process (PID=4070) to work on /home/ubuntu/venv/lib/python3.12/site-packages/airflow/example_dags/example_params_ui_tutorial.py
[2024-06-27T21:32:23.779+0000] {processor.py:830} INFO - Processing file /home/ubuntu/venv/lib/python3.12/site-packages/airflow/example_dags/example_params_ui_tutorial.py for tasks to queue
[2024-06-27T21:32:23.780+0000] {logging_mixin.py:188} INFO - [2024-06-27T21:32:23.779+0000] {dagbag.py:545} INFO - Filling up the DagBag from /home/ubuntu/venv/lib/python3.12/site-packages/airflow/example_dags/example_params_ui_tutorial.py
[2024-06-27T21:32:23.793+0000] {processor.py:840} INFO - DAG(s) 'example_params_ui_tutorial' retrieved from /home/ubuntu/venv/lib/python3.12/site-packages/airflow/example_dags/example_params_ui_tutorial.py
[2024-06-27T21:32:23.840+0000] {logging_mixin.py:188} INFO - [2024-06-27T21:32:23.839+0000] {dag.py:3096} INFO - Sync 1 DAGs
[2024-06-27T21:32:23.852+0000] {logging_mixin.py:188} INFO - [2024-06-27T21:32:23.852+0000] {dag.py:3954} INFO - Setting next_dagrun for example_params_ui_tutorial to None, run_after=None
[2024-06-27T21:32:23.875+0000] {processor.py:183} INFO - Processing /home/ubuntu/venv/lib/python3.12/site-packages/airflow/example_dags/example_params_ui_tutorial.py took 0.104 seconds
[2024-06-27T21:33:21.028+0000] {processor.py:161} INFO - Started process (PID=4141) to work on /home/ubuntu/venv/lib/python3.12/site-packages/airflow/example_dags/example_params_ui_tutorial.py
[2024-06-27T21:33:21.030+0000] {processor.py:830} INFO - Processing file /home/ubuntu/venv/lib/python3.12/site-packages/airflow/example_dags/example_params_ui_tutorial.py for tasks to queue
[2024-06-27T21:33:21.031+0000] {logging_mixin.py:188} INFO - [2024-06-27T21:33:21.030+0000] {dagbag.py:545} INFO - Filling up the DagBag from /home/ubuntu/venv/lib/python3.12/site-packages/airflow/example_dags/example_params_ui_tutorial.py
[2024-06-27T21:33:21.044+0000] {processor.py:840} INFO - DAG(s) 'example_params_ui_tutorial' retrieved from /home/ubuntu/venv/lib/python3.12/site-packages/airflow/example_dags/example_params_ui_tutorial.py
[2024-06-27T21:33:21.090+0000] {logging_mixin.py:188} INFO - [2024-06-27T21:33:21.090+0000] {dag.py:3096} INFO - Sync 1 DAGs
[2024-06-27T21:33:21.103+0000] {logging_mixin.py:188} INFO - [2024-06-27T21:33:21.103+0000] {dag.py:3954} INFO - Setting next_dagrun for example_params_ui_tutorial to None, run_after=None
[2024-06-27T21:33:21.126+0000] {processor.py:183} INFO - Processing /home/ubuntu/venv/lib/python3.12/site-packages/airflow/example_dags/example_params_ui_tutorial.py took 0.104 seconds
[2024-06-27T21:34:08.549+0000] {processor.py:161} INFO - Started process (PID=4193) to work on /home/ubuntu/venv/lib/python3.12/site-packages/airflow/example_dags/example_params_ui_tutorial.py
[2024-06-27T21:34:08.550+0000] {processor.py:830} INFO - Processing file /home/ubuntu/venv/lib/python3.12/site-packages/airflow/example_dags/example_params_ui_tutorial.py for tasks to queue
[2024-06-27T21:34:08.551+0000] {logging_mixin.py:188} INFO - [2024-06-27T21:34:08.551+0000] {dagbag.py:545} INFO - Filling up the DagBag from /home/ubuntu/venv/lib/python3.12/site-packages/airflow/example_dags/example_params_ui_tutorial.py
[2024-06-27T21:34:08.564+0000] {processor.py:840} INFO - DAG(s) 'example_params_ui_tutorial' retrieved from /home/ubuntu/venv/lib/python3.12/site-packages/airflow/example_dags/example_params_ui_tutorial.py
[2024-06-27T21:34:08.610+0000] {logging_mixin.py:188} INFO - [2024-06-27T21:34:08.610+0000] {dag.py:3096} INFO - Sync 1 DAGs
[2024-06-27T21:34:08.623+0000] {logging_mixin.py:188} INFO - [2024-06-27T21:34:08.623+0000] {dag.py:3954} INFO - Setting next_dagrun for example_params_ui_tutorial to None, run_after=None
[2024-06-27T21:34:08.647+0000] {processor.py:183} INFO - Processing /home/ubuntu/venv/lib/python3.12/site-packages/airflow/example_dags/example_params_ui_tutorial.py took 0.105 seconds
[2024-06-27T21:35:12.070+0000] {processor.py:161} INFO - Started process (PID=4262) to work on /home/ubuntu/venv/lib/python3.12/site-packages/airflow/example_dags/example_params_ui_tutorial.py
[2024-06-27T21:35:12.072+0000] {processor.py:830} INFO - Processing file /home/ubuntu/venv/lib/python3.12/site-packages/airflow/example_dags/example_params_ui_tutorial.py for tasks to queue
[2024-06-27T21:35:12.073+0000] {logging_mixin.py:188} INFO - [2024-06-27T21:35:12.072+0000] {dagbag.py:545} INFO - Filling up the DagBag from /home/ubuntu/venv/lib/python3.12/site-packages/airflow/example_dags/example_params_ui_tutorial.py
[2024-06-27T21:35:12.086+0000] {processor.py:840} INFO - DAG(s) 'example_params_ui_tutorial' retrieved from /home/ubuntu/venv/lib/python3.12/site-packages/airflow/example_dags/example_params_ui_tutorial.py
[2024-06-27T21:35:12.133+0000] {logging_mixin.py:188} INFO - [2024-06-27T21:35:12.133+0000] {dag.py:3096} INFO - Sync 1 DAGs
[2024-06-27T21:35:12.146+0000] {logging_mixin.py:188} INFO - [2024-06-27T21:35:12.145+0000] {dag.py:3954} INFO - Setting next_dagrun for example_params_ui_tutorial to None, run_after=None
[2024-06-27T21:35:12.170+0000] {processor.py:183} INFO - Processing /home/ubuntu/venv/lib/python3.12/site-packages/airflow/example_dags/example_params_ui_tutorial.py took 0.106 seconds
[2024-06-27T21:36:14.706+0000] {processor.py:161} INFO - Started process (PID=4329) to work on /home/ubuntu/venv/lib/python3.12/site-packages/airflow/example_dags/example_params_ui_tutorial.py
[2024-06-27T21:36:14.708+0000] {processor.py:830} INFO - Processing file /home/ubuntu/venv/lib/python3.12/site-packages/airflow/example_dags/example_params_ui_tutorial.py for tasks to queue
[2024-06-27T21:36:14.709+0000] {logging_mixin.py:188} INFO - [2024-06-27T21:36:14.708+0000] {dagbag.py:545} INFO - Filling up the DagBag from /home/ubuntu/venv/lib/python3.12/site-packages/airflow/example_dags/example_params_ui_tutorial.py
[2024-06-27T21:36:14.722+0000] {processor.py:840} INFO - DAG(s) 'example_params_ui_tutorial' retrieved from /home/ubuntu/venv/lib/python3.12/site-packages/airflow/example_dags/example_params_ui_tutorial.py
[2024-06-27T21:36:14.769+0000] {logging_mixin.py:188} INFO - [2024-06-27T21:36:14.769+0000] {dag.py:3096} INFO - Sync 1 DAGs
[2024-06-27T21:36:14.781+0000] {logging_mixin.py:188} INFO - [2024-06-27T21:36:14.781+0000] {dag.py:3954} INFO - Setting next_dagrun for example_params_ui_tutorial to None, run_after=None
[2024-06-27T21:36:14.804+0000] {processor.py:183} INFO - Processing /home/ubuntu/venv/lib/python3.12/site-packages/airflow/example_dags/example_params_ui_tutorial.py took 0.104 seconds
[2024-06-27T21:37:18.928+0000] {processor.py:161} INFO - Started process (PID=4393) to work on /home/ubuntu/venv/lib/python3.12/site-packages/airflow/example_dags/example_params_ui_tutorial.py
[2024-06-27T21:37:18.930+0000] {processor.py:830} INFO - Processing file /home/ubuntu/venv/lib/python3.12/site-packages/airflow/example_dags/example_params_ui_tutorial.py for tasks to queue
[2024-06-27T21:37:18.931+0000] {logging_mixin.py:188} INFO - [2024-06-27T21:37:18.930+0000] {dagbag.py:545} INFO - Filling up the DagBag from /home/ubuntu/venv/lib/python3.12/site-packages/airflow/example_dags/example_params_ui_tutorial.py
[2024-06-27T21:37:18.943+0000] {processor.py:840} INFO - DAG(s) 'example_params_ui_tutorial' retrieved from /home/ubuntu/venv/lib/python3.12/site-packages/airflow/example_dags/example_params_ui_tutorial.py
[2024-06-27T21:37:18.989+0000] {logging_mixin.py:188} INFO - [2024-06-27T21:37:18.989+0000] {dag.py:3096} INFO - Sync 1 DAGs
[2024-06-27T21:37:19.002+0000] {logging_mixin.py:188} INFO - [2024-06-27T21:37:19.002+0000] {dag.py:3954} INFO - Setting next_dagrun for example_params_ui_tutorial to None, run_after=None
[2024-06-27T21:37:19.027+0000] {processor.py:183} INFO - Processing /home/ubuntu/venv/lib/python3.12/site-packages/airflow/example_dags/example_params_ui_tutorial.py took 0.105 seconds
[2024-06-27T21:38:06.344+0000] {processor.py:161} INFO - Started process (PID=4445) to work on /home/ubuntu/venv/lib/python3.12/site-packages/airflow/example_dags/example_params_ui_tutorial.py
[2024-06-27T21:38:06.346+0000] {processor.py:830} INFO - Processing file /home/ubuntu/venv/lib/python3.12/site-packages/airflow/example_dags/example_params_ui_tutorial.py for tasks to queue
[2024-06-27T21:38:06.347+0000] {logging_mixin.py:188} INFO - [2024-06-27T21:38:06.346+0000] {dagbag.py:545} INFO - Filling up the DagBag from /home/ubuntu/venv/lib/python3.12/site-packages/airflow/example_dags/example_params_ui_tutorial.py
[2024-06-27T21:38:06.360+0000] {processor.py:840} INFO - DAG(s) 'example_params_ui_tutorial' retrieved from /home/ubuntu/venv/lib/python3.12/site-packages/airflow/example_dags/example_params_ui_tutorial.py
[2024-06-27T21:38:06.406+0000] {logging_mixin.py:188} INFO - [2024-06-27T21:38:06.406+0000] {dag.py:3096} INFO - Sync 1 DAGs
[2024-06-27T21:38:06.419+0000] {logging_mixin.py:188} INFO - [2024-06-27T21:38:06.418+0000] {dag.py:3954} INFO - Setting next_dagrun for example_params_ui_tutorial to None, run_after=None
[2024-06-27T21:38:06.441+0000] {processor.py:183} INFO - Processing /home/ubuntu/venv/lib/python3.12/site-packages/airflow/example_dags/example_params_ui_tutorial.py took 0.103 seconds
[2024-06-27T21:38:55.268+0000] {processor.py:161} INFO - Started process (PID=4495) to work on /home/ubuntu/venv/lib/python3.12/site-packages/airflow/example_dags/example_params_ui_tutorial.py
[2024-06-27T21:38:55.269+0000] {processor.py:830} INFO - Processing file /home/ubuntu/venv/lib/python3.12/site-packages/airflow/example_dags/example_params_ui_tutorial.py for tasks to queue
[2024-06-27T21:38:55.270+0000] {logging_mixin.py:188} INFO - [2024-06-27T21:38:55.270+0000] {dagbag.py:545} INFO - Filling up the DagBag from /home/ubuntu/venv/lib/python3.12/site-packages/airflow/example_dags/example_params_ui_tutorial.py
[2024-06-27T21:38:55.283+0000] {processor.py:840} INFO - DAG(s) 'example_params_ui_tutorial' retrieved from /home/ubuntu/venv/lib/python3.12/site-packages/airflow/example_dags/example_params_ui_tutorial.py
[2024-06-27T21:38:55.328+0000] {logging_mixin.py:188} INFO - [2024-06-27T21:38:55.328+0000] {dag.py:3096} INFO - Sync 1 DAGs
[2024-06-27T21:38:55.342+0000] {logging_mixin.py:188} INFO - [2024-06-27T21:38:55.341+0000] {dag.py:3954} INFO - Setting next_dagrun for example_params_ui_tutorial to None, run_after=None
[2024-06-27T21:38:55.364+0000] {processor.py:183} INFO - Processing /home/ubuntu/venv/lib/python3.12/site-packages/airflow/example_dags/example_params_ui_tutorial.py took 0.102 seconds
[2024-06-27T21:39:56.351+0000] {processor.py:161} INFO - Started process (PID=4558) to work on /home/ubuntu/venv/lib/python3.12/site-packages/airflow/example_dags/example_params_ui_tutorial.py
[2024-06-27T21:39:56.353+0000] {processor.py:830} INFO - Processing file /home/ubuntu/venv/lib/python3.12/site-packages/airflow/example_dags/example_params_ui_tutorial.py for tasks to queue
[2024-06-27T21:39:56.354+0000] {logging_mixin.py:188} INFO - [2024-06-27T21:39:56.353+0000] {dagbag.py:545} INFO - Filling up the DagBag from /home/ubuntu/venv/lib/python3.12/site-packages/airflow/example_dags/example_params_ui_tutorial.py
[2024-06-27T21:39:56.366+0000] {processor.py:840} INFO - DAG(s) 'example_params_ui_tutorial' retrieved from /home/ubuntu/venv/lib/python3.12/site-packages/airflow/example_dags/example_params_ui_tutorial.py
[2024-06-27T21:39:56.412+0000] {logging_mixin.py:188} INFO - [2024-06-27T21:39:56.411+0000] {dag.py:3096} INFO - Sync 1 DAGs
[2024-06-27T21:39:56.424+0000] {logging_mixin.py:188} INFO - [2024-06-27T21:39:56.424+0000] {dag.py:3954} INFO - Setting next_dagrun for example_params_ui_tutorial to None, run_after=None
[2024-06-27T21:39:56.446+0000] {processor.py:183} INFO - Processing /home/ubuntu/venv/lib/python3.12/site-packages/airflow/example_dags/example_params_ui_tutorial.py took 0.100 seconds
[2024-06-27T21:40:41.533+0000] {processor.py:161} INFO - Started process (PID=4607) to work on /home/ubuntu/venv/lib/python3.12/site-packages/airflow/example_dags/example_params_ui_tutorial.py
[2024-06-27T21:40:41.535+0000] {processor.py:830} INFO - Processing file /home/ubuntu/venv/lib/python3.12/site-packages/airflow/example_dags/example_params_ui_tutorial.py for tasks to queue
[2024-06-27T21:40:41.536+0000] {logging_mixin.py:188} INFO - [2024-06-27T21:40:41.536+0000] {dagbag.py:545} INFO - Filling up the DagBag from /home/ubuntu/venv/lib/python3.12/site-packages/airflow/example_dags/example_params_ui_tutorial.py
[2024-06-27T21:40:41.549+0000] {processor.py:840} INFO - DAG(s) 'example_params_ui_tutorial' retrieved from /home/ubuntu/venv/lib/python3.12/site-packages/airflow/example_dags/example_params_ui_tutorial.py
[2024-06-27T21:40:41.596+0000] {logging_mixin.py:188} INFO - [2024-06-27T21:40:41.596+0000] {dag.py:3096} INFO - Sync 1 DAGs
[2024-06-27T21:40:41.609+0000] {logging_mixin.py:188} INFO - [2024-06-27T21:40:41.609+0000] {dag.py:3954} INFO - Setting next_dagrun for example_params_ui_tutorial to None, run_after=None
[2024-06-27T21:40:41.632+0000] {processor.py:183} INFO - Processing /home/ubuntu/venv/lib/python3.12/site-packages/airflow/example_dags/example_params_ui_tutorial.py took 0.105 seconds
[2024-06-27T21:41:25.461+0000] {processor.py:161} INFO - Started process (PID=4652) to work on /home/ubuntu/venv/lib/python3.12/site-packages/airflow/example_dags/example_params_ui_tutorial.py
[2024-06-27T21:41:25.462+0000] {processor.py:830} INFO - Processing file /home/ubuntu/venv/lib/python3.12/site-packages/airflow/example_dags/example_params_ui_tutorial.py for tasks to queue
[2024-06-27T21:41:25.463+0000] {logging_mixin.py:188} INFO - [2024-06-27T21:41:25.463+0000] {dagbag.py:545} INFO - Filling up the DagBag from /home/ubuntu/venv/lib/python3.12/site-packages/airflow/example_dags/example_params_ui_tutorial.py
[2024-06-27T21:41:25.476+0000] {processor.py:840} INFO - DAG(s) 'example_params_ui_tutorial' retrieved from /home/ubuntu/venv/lib/python3.12/site-packages/airflow/example_dags/example_params_ui_tutorial.py
[2024-06-27T21:41:25.522+0000] {logging_mixin.py:188} INFO - [2024-06-27T21:41:25.522+0000] {dag.py:3096} INFO - Sync 1 DAGs
[2024-06-27T21:41:25.534+0000] {logging_mixin.py:188} INFO - [2024-06-27T21:41:25.534+0000] {dag.py:3954} INFO - Setting next_dagrun for example_params_ui_tutorial to None, run_after=None
[2024-06-27T21:41:25.557+0000] {processor.py:183} INFO - Processing /home/ubuntu/venv/lib/python3.12/site-packages/airflow/example_dags/example_params_ui_tutorial.py took 0.102 seconds
[2024-06-27T21:42:10.630+0000] {processor.py:161} INFO - Started process (PID=4698) to work on /home/ubuntu/venv/lib/python3.12/site-packages/airflow/example_dags/example_params_ui_tutorial.py
[2024-06-27T21:42:10.631+0000] {processor.py:830} INFO - Processing file /home/ubuntu/venv/lib/python3.12/site-packages/airflow/example_dags/example_params_ui_tutorial.py for tasks to queue
[2024-06-27T21:42:10.632+0000] {logging_mixin.py:188} INFO - [2024-06-27T21:42:10.632+0000] {dagbag.py:545} INFO - Filling up the DagBag from /home/ubuntu/venv/lib/python3.12/site-packages/airflow/example_dags/example_params_ui_tutorial.py
[2024-06-27T21:42:10.645+0000] {processor.py:840} INFO - DAG(s) 'example_params_ui_tutorial' retrieved from /home/ubuntu/venv/lib/python3.12/site-packages/airflow/example_dags/example_params_ui_tutorial.py
[2024-06-27T21:42:10.690+0000] {logging_mixin.py:188} INFO - [2024-06-27T21:42:10.690+0000] {dag.py:3096} INFO - Sync 1 DAGs
[2024-06-27T21:42:10.703+0000] {logging_mixin.py:188} INFO - [2024-06-27T21:42:10.702+0000] {dag.py:3954} INFO - Setting next_dagrun for example_params_ui_tutorial to None, run_after=None
[2024-06-27T21:42:10.725+0000] {processor.py:183} INFO - Processing /home/ubuntu/venv/lib/python3.12/site-packages/airflow/example_dags/example_params_ui_tutorial.py took 0.101 seconds
[2024-06-27T21:43:14.997+0000] {processor.py:161} INFO - Started process (PID=4764) to work on /home/ubuntu/venv/lib/python3.12/site-packages/airflow/example_dags/example_params_ui_tutorial.py
[2024-06-27T21:43:14.999+0000] {processor.py:830} INFO - Processing file /home/ubuntu/venv/lib/python3.12/site-packages/airflow/example_dags/example_params_ui_tutorial.py for tasks to queue
[2024-06-27T21:43:15.000+0000] {logging_mixin.py:188} INFO - [2024-06-27T21:43:14.999+0000] {dagbag.py:545} INFO - Filling up the DagBag from /home/ubuntu/venv/lib/python3.12/site-packages/airflow/example_dags/example_params_ui_tutorial.py
[2024-06-27T21:43:15.013+0000] {processor.py:840} INFO - DAG(s) 'example_params_ui_tutorial' retrieved from /home/ubuntu/venv/lib/python3.12/site-packages/airflow/example_dags/example_params_ui_tutorial.py
[2024-06-27T21:43:15.060+0000] {logging_mixin.py:188} INFO - [2024-06-27T21:43:15.059+0000] {dag.py:3096} INFO - Sync 1 DAGs
[2024-06-27T21:43:15.187+0000] {logging_mixin.py:188} INFO - [2024-06-27T21:43:15.186+0000] {dag.py:3954} INFO - Setting next_dagrun for example_params_ui_tutorial to None, run_after=None
[2024-06-27T21:43:15.208+0000] {processor.py:183} INFO - Processing /home/ubuntu/venv/lib/python3.12/site-packages/airflow/example_dags/example_params_ui_tutorial.py took 0.217 seconds
[2024-06-27T21:44:00.643+0000] {processor.py:161} INFO - Started process (PID=4811) to work on /home/ubuntu/venv/lib/python3.12/site-packages/airflow/example_dags/example_params_ui_tutorial.py
[2024-06-27T21:44:00.644+0000] {processor.py:830} INFO - Processing file /home/ubuntu/venv/lib/python3.12/site-packages/airflow/example_dags/example_params_ui_tutorial.py for tasks to queue
[2024-06-27T21:44:00.645+0000] {logging_mixin.py:188} INFO - [2024-06-27T21:44:00.645+0000] {dagbag.py:545} INFO - Filling up the DagBag from /home/ubuntu/venv/lib/python3.12/site-packages/airflow/example_dags/example_params_ui_tutorial.py
[2024-06-27T21:44:00.658+0000] {processor.py:840} INFO - DAG(s) 'example_params_ui_tutorial' retrieved from /home/ubuntu/venv/lib/python3.12/site-packages/airflow/example_dags/example_params_ui_tutorial.py
[2024-06-27T21:44:00.706+0000] {logging_mixin.py:188} INFO - [2024-06-27T21:44:00.706+0000] {dag.py:3096} INFO - Sync 1 DAGs
[2024-06-27T21:44:00.718+0000] {logging_mixin.py:188} INFO - [2024-06-27T21:44:00.718+0000] {dag.py:3954} INFO - Setting next_dagrun for example_params_ui_tutorial to None, run_after=None
[2024-06-27T21:44:00.742+0000] {processor.py:183} INFO - Processing /home/ubuntu/venv/lib/python3.12/site-packages/airflow/example_dags/example_params_ui_tutorial.py took 0.105 seconds
[2024-06-27T21:45:08.398+0000] {processor.py:161} INFO - Started process (PID=4926) to work on /home/ubuntu/venv/lib/python3.12/site-packages/airflow/example_dags/example_params_ui_tutorial.py
[2024-06-27T21:45:08.400+0000] {processor.py:830} INFO - Processing file /home/ubuntu/venv/lib/python3.12/site-packages/airflow/example_dags/example_params_ui_tutorial.py for tasks to queue
[2024-06-27T21:45:08.401+0000] {logging_mixin.py:188} INFO - [2024-06-27T21:45:08.400+0000] {dagbag.py:545} INFO - Filling up the DagBag from /home/ubuntu/venv/lib/python3.12/site-packages/airflow/example_dags/example_params_ui_tutorial.py
[2024-06-27T21:45:08.413+0000] {processor.py:840} INFO - DAG(s) 'example_params_ui_tutorial' retrieved from /home/ubuntu/venv/lib/python3.12/site-packages/airflow/example_dags/example_params_ui_tutorial.py
[2024-06-27T21:45:08.460+0000] {logging_mixin.py:188} INFO - [2024-06-27T21:45:08.459+0000] {dag.py:3096} INFO - Sync 1 DAGs
[2024-06-27T21:45:08.472+0000] {logging_mixin.py:188} INFO - [2024-06-27T21:45:08.472+0000] {dag.py:3954} INFO - Setting next_dagrun for example_params_ui_tutorial to None, run_after=None
[2024-06-27T21:45:08.495+0000] {processor.py:183} INFO - Processing /home/ubuntu/venv/lib/python3.12/site-packages/airflow/example_dags/example_params_ui_tutorial.py took 0.102 seconds
[2024-06-27T21:46:17.393+0000] {processor.py:161} INFO - Started process (PID=4993) to work on /home/ubuntu/venv/lib/python3.12/site-packages/airflow/example_dags/example_params_ui_tutorial.py
[2024-06-27T21:46:17.394+0000] {processor.py:830} INFO - Processing file /home/ubuntu/venv/lib/python3.12/site-packages/airflow/example_dags/example_params_ui_tutorial.py for tasks to queue
[2024-06-27T21:46:17.395+0000] {logging_mixin.py:188} INFO - [2024-06-27T21:46:17.394+0000] {dagbag.py:545} INFO - Filling up the DagBag from /home/ubuntu/venv/lib/python3.12/site-packages/airflow/example_dags/example_params_ui_tutorial.py
[2024-06-27T21:46:17.407+0000] {processor.py:840} INFO - DAG(s) 'example_params_ui_tutorial' retrieved from /home/ubuntu/venv/lib/python3.12/site-packages/airflow/example_dags/example_params_ui_tutorial.py
[2024-06-27T21:46:17.454+0000] {logging_mixin.py:188} INFO - [2024-06-27T21:46:17.454+0000] {dag.py:3096} INFO - Sync 1 DAGs
[2024-06-27T21:46:17.466+0000] {logging_mixin.py:188} INFO - [2024-06-27T21:46:17.466+0000] {dag.py:3954} INFO - Setting next_dagrun for example_params_ui_tutorial to None, run_after=None
[2024-06-27T21:46:17.489+0000] {processor.py:183} INFO - Processing /home/ubuntu/venv/lib/python3.12/site-packages/airflow/example_dags/example_params_ui_tutorial.py took 0.103 seconds
[2024-06-27T21:47:08.823+0000] {processor.py:161} INFO - Started process (PID=5043) to work on /home/ubuntu/venv/lib/python3.12/site-packages/airflow/example_dags/example_params_ui_tutorial.py
[2024-06-27T21:47:08.824+0000] {processor.py:830} INFO - Processing file /home/ubuntu/venv/lib/python3.12/site-packages/airflow/example_dags/example_params_ui_tutorial.py for tasks to queue
[2024-06-27T21:47:08.825+0000] {logging_mixin.py:188} INFO - [2024-06-27T21:47:08.825+0000] {dagbag.py:545} INFO - Filling up the DagBag from /home/ubuntu/venv/lib/python3.12/site-packages/airflow/example_dags/example_params_ui_tutorial.py
[2024-06-27T21:47:08.838+0000] {processor.py:840} INFO - DAG(s) 'example_params_ui_tutorial' retrieved from /home/ubuntu/venv/lib/python3.12/site-packages/airflow/example_dags/example_params_ui_tutorial.py
[2024-06-27T21:47:08.885+0000] {logging_mixin.py:188} INFO - [2024-06-27T21:47:08.885+0000] {dag.py:3096} INFO - Sync 1 DAGs
[2024-06-27T21:47:08.898+0000] {logging_mixin.py:188} INFO - [2024-06-27T21:47:08.898+0000] {dag.py:3954} INFO - Setting next_dagrun for example_params_ui_tutorial to None, run_after=None
[2024-06-27T21:47:08.921+0000] {processor.py:183} INFO - Processing /home/ubuntu/venv/lib/python3.12/site-packages/airflow/example_dags/example_params_ui_tutorial.py took 0.104 seconds
[2024-06-27T21:47:55.116+0000] {processor.py:161} INFO - Started process (PID=5162) to work on /home/ubuntu/venv/lib/python3.12/site-packages/airflow/example_dags/example_params_ui_tutorial.py
[2024-06-27T21:47:55.117+0000] {processor.py:830} INFO - Processing file /home/ubuntu/venv/lib/python3.12/site-packages/airflow/example_dags/example_params_ui_tutorial.py for tasks to queue
[2024-06-27T21:47:55.119+0000] {logging_mixin.py:188} INFO - [2024-06-27T21:47:55.118+0000] {dagbag.py:545} INFO - Filling up the DagBag from /home/ubuntu/venv/lib/python3.12/site-packages/airflow/example_dags/example_params_ui_tutorial.py
[2024-06-27T21:47:55.132+0000] {processor.py:840} INFO - DAG(s) 'example_params_ui_tutorial' retrieved from /home/ubuntu/venv/lib/python3.12/site-packages/airflow/example_dags/example_params_ui_tutorial.py
[2024-06-27T21:47:55.179+0000] {logging_mixin.py:188} INFO - [2024-06-27T21:47:55.178+0000] {dag.py:3096} INFO - Sync 1 DAGs
[2024-06-27T21:47:55.191+0000] {logging_mixin.py:188} INFO - [2024-06-27T21:47:55.191+0000] {dag.py:3954} INFO - Setting next_dagrun for example_params_ui_tutorial to None, run_after=None
[2024-06-27T21:47:55.215+0000] {processor.py:183} INFO - Processing /home/ubuntu/venv/lib/python3.12/site-packages/airflow/example_dags/example_params_ui_tutorial.py took 0.105 seconds
[2024-06-27T21:48:38.333+0000] {processor.py:161} INFO - Started process (PID=5263) to work on /home/ubuntu/venv/lib/python3.12/site-packages/airflow/example_dags/example_params_ui_tutorial.py
[2024-06-27T21:48:38.335+0000] {processor.py:830} INFO - Processing file /home/ubuntu/venv/lib/python3.12/site-packages/airflow/example_dags/example_params_ui_tutorial.py for tasks to queue
[2024-06-27T21:48:38.336+0000] {logging_mixin.py:188} INFO - [2024-06-27T21:48:38.335+0000] {dagbag.py:545} INFO - Filling up the DagBag from /home/ubuntu/venv/lib/python3.12/site-packages/airflow/example_dags/example_params_ui_tutorial.py
[2024-06-27T21:48:38.349+0000] {processor.py:840} INFO - DAG(s) 'example_params_ui_tutorial' retrieved from /home/ubuntu/venv/lib/python3.12/site-packages/airflow/example_dags/example_params_ui_tutorial.py
[2024-06-27T21:48:38.394+0000] {logging_mixin.py:188} INFO - [2024-06-27T21:48:38.394+0000] {dag.py:3096} INFO - Sync 1 DAGs
[2024-06-27T21:48:38.407+0000] {logging_mixin.py:188} INFO - [2024-06-27T21:48:38.406+0000] {dag.py:3954} INFO - Setting next_dagrun for example_params_ui_tutorial to None, run_after=None
[2024-06-27T21:48:38.429+0000] {processor.py:183} INFO - Processing /home/ubuntu/venv/lib/python3.12/site-packages/airflow/example_dags/example_params_ui_tutorial.py took 0.103 seconds
[2024-06-27T21:49:22.216+0000] {processor.py:161} INFO - Started process (PID=5308) to work on /home/ubuntu/venv/lib/python3.12/site-packages/airflow/example_dags/example_params_ui_tutorial.py
[2024-06-27T21:49:22.218+0000] {processor.py:830} INFO - Processing file /home/ubuntu/venv/lib/python3.12/site-packages/airflow/example_dags/example_params_ui_tutorial.py for tasks to queue
[2024-06-27T21:49:22.219+0000] {logging_mixin.py:188} INFO - [2024-06-27T21:49:22.218+0000] {dagbag.py:545} INFO - Filling up the DagBag from /home/ubuntu/venv/lib/python3.12/site-packages/airflow/example_dags/example_params_ui_tutorial.py
[2024-06-27T21:49:22.232+0000] {processor.py:840} INFO - DAG(s) 'example_params_ui_tutorial' retrieved from /home/ubuntu/venv/lib/python3.12/site-packages/airflow/example_dags/example_params_ui_tutorial.py
[2024-06-27T21:49:22.278+0000] {logging_mixin.py:188} INFO - [2024-06-27T21:49:22.278+0000] {dag.py:3096} INFO - Sync 1 DAGs
[2024-06-27T21:49:22.290+0000] {logging_mixin.py:188} INFO - [2024-06-27T21:49:22.290+0000] {dag.py:3954} INFO - Setting next_dagrun for example_params_ui_tutorial to None, run_after=None
[2024-06-27T21:49:22.315+0000] {processor.py:183} INFO - Processing /home/ubuntu/venv/lib/python3.12/site-packages/airflow/example_dags/example_params_ui_tutorial.py took 0.107 seconds
