[2024-06-27T21:19:59.178+0000] {processor.py:161} INFO - Started process (PID=2957) to work on /home/ubuntu/venv/lib/python3.12/site-packages/airflow/example_dags/example_python_operator.py
[2024-06-27T21:19:59.179+0000] {processor.py:830} INFO - Processing file /home/ubuntu/venv/lib/python3.12/site-packages/airflow/example_dags/example_python_operator.py for tasks to queue
[2024-06-27T21:19:59.181+0000] {logging_mixin.py:188} INFO - [2024-06-27T21:19:59.180+0000] {dagbag.py:545} INFO - Filling up the DagBag from /home/ubuntu/venv/lib/python3.12/site-packages/airflow/example_dags/example_python_operator.py
[2024-06-27T21:19:59.190+0000] {logging_mixin.py:188} INFO - [2024-06-27T21:19:59.190+0000] {example_python_operator.py:93} WARNING - The virtalenv_python example task requires virtualenv, please install it.
[2024-06-27T21:19:59.190+0000] {processor.py:840} INFO - DAG(s) 'example_python_operator' retrieved from /home/ubuntu/venv/lib/python3.12/site-packages/airflow/example_dags/example_python_operator.py
[2024-06-27T21:19:59.307+0000] {logging_mixin.py:188} INFO - [2024-06-27T21:19:59.306+0000] {override.py:1847} INFO - Created Permission View: can read on DAG:example_python_operator
[2024-06-27T21:19:59.319+0000] {logging_mixin.py:188} INFO - [2024-06-27T21:19:59.318+0000] {override.py:1847} INFO - Created Permission View: can delete on DAG:example_python_operator
[2024-06-27T21:19:59.328+0000] {logging_mixin.py:188} INFO - [2024-06-27T21:19:59.328+0000] {override.py:1847} INFO - Created Permission View: can edit on DAG:example_python_operator
[2024-06-27T21:19:59.329+0000] {logging_mixin.py:188} INFO - [2024-06-27T21:19:59.329+0000] {dag.py:3096} INFO - Sync 1 DAGs
[2024-06-27T21:19:59.339+0000] {logging_mixin.py:188} INFO - [2024-06-27T21:19:59.339+0000] {dag.py:3118} INFO - Creating ORM DAG for example_python_operator
[2024-06-27T21:19:59.340+0000] {logging_mixin.py:188} INFO - [2024-06-27T21:19:59.340+0000] {dag.py:3954} INFO - Setting next_dagrun for example_python_operator to None, run_after=None
[2024-06-27T21:19:59.362+0000] {processor.py:183} INFO - Processing /home/ubuntu/venv/lib/python3.12/site-packages/airflow/example_dags/example_python_operator.py took 0.190 seconds
[2024-06-27T21:20:53.924+0000] {processor.py:161} INFO - Started process (PID=3298) to work on /home/ubuntu/venv/lib/python3.12/site-packages/airflow/example_dags/example_python_operator.py
[2024-06-27T21:20:53.926+0000] {processor.py:830} INFO - Processing file /home/ubuntu/venv/lib/python3.12/site-packages/airflow/example_dags/example_python_operator.py for tasks to queue
[2024-06-27T21:20:53.927+0000] {logging_mixin.py:188} INFO - [2024-06-27T21:20:53.927+0000] {dagbag.py:545} INFO - Filling up the DagBag from /home/ubuntu/venv/lib/python3.12/site-packages/airflow/example_dags/example_python_operator.py
[2024-06-27T21:20:53.940+0000] {logging_mixin.py:188} INFO - [2024-06-27T21:20:53.940+0000] {example_python_operator.py:93} WARNING - The virtalenv_python example task requires virtualenv, please install it.
[2024-06-27T21:20:53.940+0000] {processor.py:840} INFO - DAG(s) 'example_python_operator' retrieved from /home/ubuntu/venv/lib/python3.12/site-packages/airflow/example_dags/example_python_operator.py
[2024-06-27T21:20:53.960+0000] {logging_mixin.py:188} INFO - [2024-06-27T21:20:53.960+0000] {dag.py:3096} INFO - Sync 1 DAGs
[2024-06-27T21:20:53.974+0000] {logging_mixin.py:188} INFO - [2024-06-27T21:20:53.973+0000] {dag.py:3954} INFO - Setting next_dagrun for example_python_operator to None, run_after=None
[2024-06-27T21:20:54.012+0000] {processor.py:183} INFO - Processing /home/ubuntu/venv/lib/python3.12/site-packages/airflow/example_dags/example_python_operator.py took 0.095 seconds
[2024-06-27T21:21:41.986+0000] {processor.py:161} INFO - Started process (PID=3351) to work on /home/ubuntu/venv/lib/python3.12/site-packages/airflow/example_dags/example_python_operator.py
[2024-06-27T21:21:41.988+0000] {processor.py:830} INFO - Processing file /home/ubuntu/venv/lib/python3.12/site-packages/airflow/example_dags/example_python_operator.py for tasks to queue
[2024-06-27T21:21:41.989+0000] {logging_mixin.py:188} INFO - [2024-06-27T21:21:41.989+0000] {dagbag.py:545} INFO - Filling up the DagBag from /home/ubuntu/venv/lib/python3.12/site-packages/airflow/example_dags/example_python_operator.py
[2024-06-27T21:21:41.996+0000] {logging_mixin.py:188} INFO - [2024-06-27T21:21:41.996+0000] {example_python_operator.py:93} WARNING - The virtalenv_python example task requires virtualenv, please install it.
[2024-06-27T21:21:41.997+0000] {processor.py:840} INFO - DAG(s) 'example_python_operator' retrieved from /home/ubuntu/venv/lib/python3.12/site-packages/airflow/example_dags/example_python_operator.py
[2024-06-27T21:21:42.015+0000] {logging_mixin.py:188} INFO - [2024-06-27T21:21:42.015+0000] {dag.py:3096} INFO - Sync 1 DAGs
[2024-06-27T21:21:42.027+0000] {logging_mixin.py:188} INFO - [2024-06-27T21:21:42.027+0000] {dag.py:3954} INFO - Setting next_dagrun for example_python_operator to None, run_after=None
[2024-06-27T21:21:42.049+0000] {processor.py:183} INFO - Processing /home/ubuntu/venv/lib/python3.12/site-packages/airflow/example_dags/example_python_operator.py took 0.069 seconds
[2024-06-27T21:22:41.519+0000] {processor.py:161} INFO - Started process (PID=3427) to work on /home/ubuntu/venv/lib/python3.12/site-packages/airflow/example_dags/example_python_operator.py
[2024-06-27T21:22:41.521+0000] {processor.py:830} INFO - Processing file /home/ubuntu/venv/lib/python3.12/site-packages/airflow/example_dags/example_python_operator.py for tasks to queue
[2024-06-27T21:22:41.522+0000] {logging_mixin.py:188} INFO - [2024-06-27T21:22:41.522+0000] {dagbag.py:545} INFO - Filling up the DagBag from /home/ubuntu/venv/lib/python3.12/site-packages/airflow/example_dags/example_python_operator.py
[2024-06-27T21:22:41.529+0000] {logging_mixin.py:188} INFO - [2024-06-27T21:22:41.529+0000] {example_python_operator.py:93} WARNING - The virtalenv_python example task requires virtualenv, please install it.
[2024-06-27T21:22:41.530+0000] {processor.py:840} INFO - DAG(s) 'example_python_operator' retrieved from /home/ubuntu/venv/lib/python3.12/site-packages/airflow/example_dags/example_python_operator.py
[2024-06-27T21:22:41.548+0000] {logging_mixin.py:188} INFO - [2024-06-27T21:22:41.548+0000] {dag.py:3096} INFO - Sync 1 DAGs
[2024-06-27T21:22:41.561+0000] {logging_mixin.py:188} INFO - [2024-06-27T21:22:41.560+0000] {dag.py:3954} INFO - Setting next_dagrun for example_python_operator to None, run_after=None
[2024-06-27T21:22:41.583+0000] {processor.py:183} INFO - Processing /home/ubuntu/venv/lib/python3.12/site-packages/airflow/example_dags/example_python_operator.py took 0.070 seconds
[2024-06-27T21:23:40.386+0000] {processor.py:161} INFO - Started process (PID=3491) to work on /home/ubuntu/venv/lib/python3.12/site-packages/airflow/example_dags/example_python_operator.py
[2024-06-27T21:23:40.387+0000] {processor.py:830} INFO - Processing file /home/ubuntu/venv/lib/python3.12/site-packages/airflow/example_dags/example_python_operator.py for tasks to queue
[2024-06-27T21:23:40.389+0000] {logging_mixin.py:188} INFO - [2024-06-27T21:23:40.388+0000] {dagbag.py:545} INFO - Filling up the DagBag from /home/ubuntu/venv/lib/python3.12/site-packages/airflow/example_dags/example_python_operator.py
[2024-06-27T21:23:40.396+0000] {logging_mixin.py:188} INFO - [2024-06-27T21:23:40.396+0000] {example_python_operator.py:93} WARNING - The virtalenv_python example task requires virtualenv, please install it.
[2024-06-27T21:23:40.396+0000] {processor.py:840} INFO - DAG(s) 'example_python_operator' retrieved from /home/ubuntu/venv/lib/python3.12/site-packages/airflow/example_dags/example_python_operator.py
[2024-06-27T21:23:40.415+0000] {logging_mixin.py:188} INFO - [2024-06-27T21:23:40.415+0000] {dag.py:3096} INFO - Sync 1 DAGs
[2024-06-27T21:23:40.427+0000] {logging_mixin.py:188} INFO - [2024-06-27T21:23:40.427+0000] {dag.py:3954} INFO - Setting next_dagrun for example_python_operator to None, run_after=None
[2024-06-27T21:23:40.452+0000] {processor.py:183} INFO - Processing /home/ubuntu/venv/lib/python3.12/site-packages/airflow/example_dags/example_python_operator.py took 0.072 seconds
[2024-06-27T21:24:39.448+0000] {processor.py:161} INFO - Started process (PID=3554) to work on /home/ubuntu/venv/lib/python3.12/site-packages/airflow/example_dags/example_python_operator.py
[2024-06-27T21:24:39.450+0000] {processor.py:830} INFO - Processing file /home/ubuntu/venv/lib/python3.12/site-packages/airflow/example_dags/example_python_operator.py for tasks to queue
[2024-06-27T21:24:39.450+0000] {logging_mixin.py:188} INFO - [2024-06-27T21:24:39.450+0000] {dagbag.py:545} INFO - Filling up the DagBag from /home/ubuntu/venv/lib/python3.12/site-packages/airflow/example_dags/example_python_operator.py
[2024-06-27T21:24:39.457+0000] {logging_mixin.py:188} INFO - [2024-06-27T21:24:39.457+0000] {example_python_operator.py:93} WARNING - The virtalenv_python example task requires virtualenv, please install it.
[2024-06-27T21:24:39.458+0000] {processor.py:840} INFO - DAG(s) 'example_python_operator' retrieved from /home/ubuntu/venv/lib/python3.12/site-packages/airflow/example_dags/example_python_operator.py
[2024-06-27T21:24:39.477+0000] {logging_mixin.py:188} INFO - [2024-06-27T21:24:39.477+0000] {dag.py:3096} INFO - Sync 1 DAGs
[2024-06-27T21:24:39.490+0000] {logging_mixin.py:188} INFO - [2024-06-27T21:24:39.489+0000] {dag.py:3954} INFO - Setting next_dagrun for example_python_operator to None, run_after=None
[2024-06-27T21:24:39.513+0000] {processor.py:183} INFO - Processing /home/ubuntu/venv/lib/python3.12/site-packages/airflow/example_dags/example_python_operator.py took 0.071 seconds
[2024-06-27T21:25:23.927+0000] {processor.py:161} INFO - Started process (PID=3607) to work on /home/ubuntu/venv/lib/python3.12/site-packages/airflow/example_dags/example_python_operator.py
[2024-06-27T21:25:23.928+0000] {processor.py:830} INFO - Processing file /home/ubuntu/venv/lib/python3.12/site-packages/airflow/example_dags/example_python_operator.py for tasks to queue
[2024-06-27T21:25:23.929+0000] {logging_mixin.py:188} INFO - [2024-06-27T21:25:23.929+0000] {dagbag.py:545} INFO - Filling up the DagBag from /home/ubuntu/venv/lib/python3.12/site-packages/airflow/example_dags/example_python_operator.py
[2024-06-27T21:25:23.936+0000] {logging_mixin.py:188} INFO - [2024-06-27T21:25:23.936+0000] {example_python_operator.py:93} WARNING - The virtalenv_python example task requires virtualenv, please install it.
[2024-06-27T21:25:23.937+0000] {processor.py:840} INFO - DAG(s) 'example_python_operator' retrieved from /home/ubuntu/venv/lib/python3.12/site-packages/airflow/example_dags/example_python_operator.py
[2024-06-27T21:25:23.957+0000] {logging_mixin.py:188} INFO - [2024-06-27T21:25:23.957+0000] {dag.py:3096} INFO - Sync 1 DAGs
[2024-06-27T21:25:23.970+0000] {logging_mixin.py:188} INFO - [2024-06-27T21:25:23.970+0000] {dag.py:3954} INFO - Setting next_dagrun for example_python_operator to None, run_after=None
[2024-06-27T21:25:23.995+0000] {processor.py:183} INFO - Processing /home/ubuntu/venv/lib/python3.12/site-packages/airflow/example_dags/example_python_operator.py took 0.075 seconds
[2024-06-27T21:26:27.584+0000] {processor.py:161} INFO - Started process (PID=3672) to work on /home/ubuntu/venv/lib/python3.12/site-packages/airflow/example_dags/example_python_operator.py
[2024-06-27T21:26:27.585+0000] {processor.py:830} INFO - Processing file /home/ubuntu/venv/lib/python3.12/site-packages/airflow/example_dags/example_python_operator.py for tasks to queue
[2024-06-27T21:26:27.586+0000] {logging_mixin.py:188} INFO - [2024-06-27T21:26:27.586+0000] {dagbag.py:545} INFO - Filling up the DagBag from /home/ubuntu/venv/lib/python3.12/site-packages/airflow/example_dags/example_python_operator.py
[2024-06-27T21:26:27.593+0000] {logging_mixin.py:188} INFO - [2024-06-27T21:26:27.593+0000] {example_python_operator.py:93} WARNING - The virtalenv_python example task requires virtualenv, please install it.
[2024-06-27T21:26:27.594+0000] {processor.py:840} INFO - DAG(s) 'example_python_operator' retrieved from /home/ubuntu/venv/lib/python3.12/site-packages/airflow/example_dags/example_python_operator.py
[2024-06-27T21:26:27.613+0000] {logging_mixin.py:188} INFO - [2024-06-27T21:26:27.613+0000] {dag.py:3096} INFO - Sync 1 DAGs
[2024-06-27T21:26:27.626+0000] {logging_mixin.py:188} INFO - [2024-06-27T21:26:27.625+0000] {dag.py:3954} INFO - Setting next_dagrun for example_python_operator to None, run_after=None
[2024-06-27T21:26:27.649+0000] {processor.py:183} INFO - Processing /home/ubuntu/venv/lib/python3.12/site-packages/airflow/example_dags/example_python_operator.py took 0.072 seconds
[2024-06-27T21:27:31.543+0000] {processor.py:161} INFO - Started process (PID=3739) to work on /home/ubuntu/venv/lib/python3.12/site-packages/airflow/example_dags/example_python_operator.py
[2024-06-27T21:27:31.544+0000] {processor.py:830} INFO - Processing file /home/ubuntu/venv/lib/python3.12/site-packages/airflow/example_dags/example_python_operator.py for tasks to queue
[2024-06-27T21:27:31.545+0000] {logging_mixin.py:188} INFO - [2024-06-27T21:27:31.545+0000] {dagbag.py:545} INFO - Filling up the DagBag from /home/ubuntu/venv/lib/python3.12/site-packages/airflow/example_dags/example_python_operator.py
[2024-06-27T21:27:31.552+0000] {logging_mixin.py:188} INFO - [2024-06-27T21:27:31.552+0000] {example_python_operator.py:93} WARNING - The virtalenv_python example task requires virtualenv, please install it.
[2024-06-27T21:27:31.553+0000] {processor.py:840} INFO - DAG(s) 'example_python_operator' retrieved from /home/ubuntu/venv/lib/python3.12/site-packages/airflow/example_dags/example_python_operator.py
[2024-06-27T21:27:31.572+0000] {logging_mixin.py:188} INFO - [2024-06-27T21:27:31.572+0000] {dag.py:3096} INFO - Sync 1 DAGs
[2024-06-27T21:27:31.585+0000] {logging_mixin.py:188} INFO - [2024-06-27T21:27:31.584+0000] {dag.py:3954} INFO - Setting next_dagrun for example_python_operator to None, run_after=None
[2024-06-27T21:27:31.609+0000] {processor.py:183} INFO - Processing /home/ubuntu/venv/lib/python3.12/site-packages/airflow/example_dags/example_python_operator.py took 0.072 seconds
[2024-06-27T21:28:59.200+0000] {processor.py:161} INFO - Started process (PID=3849) to work on /home/ubuntu/venv/lib/python3.12/site-packages/airflow/example_dags/example_python_operator.py
[2024-06-27T21:28:59.203+0000] {processor.py:830} INFO - Processing file /home/ubuntu/venv/lib/python3.12/site-packages/airflow/example_dags/example_python_operator.py for tasks to queue
[2024-06-27T21:28:59.204+0000] {logging_mixin.py:188} INFO - [2024-06-27T21:28:59.204+0000] {dagbag.py:545} INFO - Filling up the DagBag from /home/ubuntu/venv/lib/python3.12/site-packages/airflow/example_dags/example_python_operator.py
[2024-06-27T21:28:59.211+0000] {logging_mixin.py:188} INFO - [2024-06-27T21:28:59.211+0000] {example_python_operator.py:93} WARNING - The virtalenv_python example task requires virtualenv, please install it.
[2024-06-27T21:28:59.212+0000] {processor.py:840} INFO - DAG(s) 'example_python_operator' retrieved from /home/ubuntu/venv/lib/python3.12/site-packages/airflow/example_dags/example_python_operator.py
[2024-06-27T21:28:59.231+0000] {logging_mixin.py:188} INFO - [2024-06-27T21:28:59.231+0000] {dag.py:3096} INFO - Sync 1 DAGs
[2024-06-27T21:28:59.244+0000] {logging_mixin.py:188} INFO - [2024-06-27T21:28:59.244+0000] {dag.py:3954} INFO - Setting next_dagrun for example_python_operator to None, run_after=None
[2024-06-27T21:28:59.268+0000] {processor.py:183} INFO - Processing /home/ubuntu/venv/lib/python3.12/site-packages/airflow/example_dags/example_python_operator.py took 0.074 seconds
[2024-06-27T21:29:48.874+0000] {processor.py:161} INFO - Started process (PID=3902) to work on /home/ubuntu/venv/lib/python3.12/site-packages/airflow/example_dags/example_python_operator.py
[2024-06-27T21:29:48.876+0000] {processor.py:830} INFO - Processing file /home/ubuntu/venv/lib/python3.12/site-packages/airflow/example_dags/example_python_operator.py for tasks to queue
[2024-06-27T21:29:48.877+0000] {logging_mixin.py:188} INFO - [2024-06-27T21:29:48.876+0000] {dagbag.py:545} INFO - Filling up the DagBag from /home/ubuntu/venv/lib/python3.12/site-packages/airflow/example_dags/example_python_operator.py
[2024-06-27T21:29:48.883+0000] {logging_mixin.py:188} INFO - [2024-06-27T21:29:48.883+0000] {example_python_operator.py:93} WARNING - The virtalenv_python example task requires virtualenv, please install it.
[2024-06-27T21:29:48.884+0000] {processor.py:840} INFO - DAG(s) 'example_python_operator' retrieved from /home/ubuntu/venv/lib/python3.12/site-packages/airflow/example_dags/example_python_operator.py
[2024-06-27T21:29:48.902+0000] {logging_mixin.py:188} INFO - [2024-06-27T21:29:48.902+0000] {dag.py:3096} INFO - Sync 1 DAGs
[2024-06-27T21:29:48.915+0000] {logging_mixin.py:188} INFO - [2024-06-27T21:29:48.915+0000] {dag.py:3954} INFO - Setting next_dagrun for example_python_operator to None, run_after=None
[2024-06-27T21:29:48.938+0000] {processor.py:183} INFO - Processing /home/ubuntu/venv/lib/python3.12/site-packages/airflow/example_dags/example_python_operator.py took 0.070 seconds
[2024-06-27T21:30:31.960+0000] {processor.py:161} INFO - Started process (PID=3957) to work on /home/ubuntu/venv/lib/python3.12/site-packages/airflow/example_dags/example_python_operator.py
[2024-06-27T21:30:31.961+0000] {processor.py:830} INFO - Processing file /home/ubuntu/venv/lib/python3.12/site-packages/airflow/example_dags/example_python_operator.py for tasks to queue
[2024-06-27T21:30:31.962+0000] {logging_mixin.py:188} INFO - [2024-06-27T21:30:31.962+0000] {dagbag.py:545} INFO - Filling up the DagBag from /home/ubuntu/venv/lib/python3.12/site-packages/airflow/example_dags/example_python_operator.py
[2024-06-27T21:30:31.969+0000] {logging_mixin.py:188} INFO - [2024-06-27T21:30:31.969+0000] {example_python_operator.py:93} WARNING - The virtalenv_python example task requires virtualenv, please install it.
[2024-06-27T21:30:31.970+0000] {processor.py:840} INFO - DAG(s) 'example_python_operator' retrieved from /home/ubuntu/venv/lib/python3.12/site-packages/airflow/example_dags/example_python_operator.py
[2024-06-27T21:30:31.989+0000] {logging_mixin.py:188} INFO - [2024-06-27T21:30:31.989+0000] {dag.py:3096} INFO - Sync 1 DAGs
[2024-06-27T21:30:32.008+0000] {logging_mixin.py:188} INFO - [2024-06-27T21:30:32.007+0000] {dag.py:3954} INFO - Setting next_dagrun for example_python_operator to None, run_after=None
[2024-06-27T21:30:32.042+0000] {processor.py:183} INFO - Processing /home/ubuntu/venv/lib/python3.12/site-packages/airflow/example_dags/example_python_operator.py took 0.088 seconds
[2024-06-27T21:31:35.494+0000] {processor.py:161} INFO - Started process (PID=4022) to work on /home/ubuntu/venv/lib/python3.12/site-packages/airflow/example_dags/example_python_operator.py
[2024-06-27T21:31:35.496+0000] {processor.py:830} INFO - Processing file /home/ubuntu/venv/lib/python3.12/site-packages/airflow/example_dags/example_python_operator.py for tasks to queue
[2024-06-27T21:31:35.497+0000] {logging_mixin.py:188} INFO - [2024-06-27T21:31:35.496+0000] {dagbag.py:545} INFO - Filling up the DagBag from /home/ubuntu/venv/lib/python3.12/site-packages/airflow/example_dags/example_python_operator.py
[2024-06-27T21:31:35.503+0000] {logging_mixin.py:188} INFO - [2024-06-27T21:31:35.503+0000] {example_python_operator.py:93} WARNING - The virtalenv_python example task requires virtualenv, please install it.
[2024-06-27T21:31:35.504+0000] {processor.py:840} INFO - DAG(s) 'example_python_operator' retrieved from /home/ubuntu/venv/lib/python3.12/site-packages/airflow/example_dags/example_python_operator.py
[2024-06-27T21:31:35.523+0000] {logging_mixin.py:188} INFO - [2024-06-27T21:31:35.523+0000] {dag.py:3096} INFO - Sync 1 DAGs
[2024-06-27T21:31:35.535+0000] {logging_mixin.py:188} INFO - [2024-06-27T21:31:35.535+0000] {dag.py:3954} INFO - Setting next_dagrun for example_python_operator to None, run_after=None
[2024-06-27T21:31:35.558+0000] {processor.py:183} INFO - Processing /home/ubuntu/venv/lib/python3.12/site-packages/airflow/example_dags/example_python_operator.py took 0.070 seconds
[2024-06-27T21:32:26.710+0000] {processor.py:161} INFO - Started process (PID=4077) to work on /home/ubuntu/venv/lib/python3.12/site-packages/airflow/example_dags/example_python_operator.py
[2024-06-27T21:32:26.711+0000] {processor.py:830} INFO - Processing file /home/ubuntu/venv/lib/python3.12/site-packages/airflow/example_dags/example_python_operator.py for tasks to queue
[2024-06-27T21:32:26.712+0000] {logging_mixin.py:188} INFO - [2024-06-27T21:32:26.712+0000] {dagbag.py:545} INFO - Filling up the DagBag from /home/ubuntu/venv/lib/python3.12/site-packages/airflow/example_dags/example_python_operator.py
[2024-06-27T21:32:26.719+0000] {logging_mixin.py:188} INFO - [2024-06-27T21:32:26.719+0000] {example_python_operator.py:93} WARNING - The virtalenv_python example task requires virtualenv, please install it.
[2024-06-27T21:32:26.720+0000] {processor.py:840} INFO - DAG(s) 'example_python_operator' retrieved from /home/ubuntu/venv/lib/python3.12/site-packages/airflow/example_dags/example_python_operator.py
[2024-06-27T21:32:26.739+0000] {logging_mixin.py:188} INFO - [2024-06-27T21:32:26.739+0000] {dag.py:3096} INFO - Sync 1 DAGs
[2024-06-27T21:32:26.752+0000] {logging_mixin.py:188} INFO - [2024-06-27T21:32:26.752+0000] {dag.py:3954} INFO - Setting next_dagrun for example_python_operator to None, run_after=None
[2024-06-27T21:32:26.775+0000] {processor.py:183} INFO - Processing /home/ubuntu/venv/lib/python3.12/site-packages/airflow/example_dags/example_python_operator.py took 0.071 seconds
[2024-06-27T21:33:22.265+0000] {processor.py:161} INFO - Started process (PID=4142) to work on /home/ubuntu/venv/lib/python3.12/site-packages/airflow/example_dags/example_python_operator.py
[2024-06-27T21:33:22.266+0000] {processor.py:830} INFO - Processing file /home/ubuntu/venv/lib/python3.12/site-packages/airflow/example_dags/example_python_operator.py for tasks to queue
[2024-06-27T21:33:22.267+0000] {logging_mixin.py:188} INFO - [2024-06-27T21:33:22.267+0000] {dagbag.py:545} INFO - Filling up the DagBag from /home/ubuntu/venv/lib/python3.12/site-packages/airflow/example_dags/example_python_operator.py
[2024-06-27T21:33:22.274+0000] {logging_mixin.py:188} INFO - [2024-06-27T21:33:22.274+0000] {example_python_operator.py:93} WARNING - The virtalenv_python example task requires virtualenv, please install it.
[2024-06-27T21:33:22.275+0000] {processor.py:840} INFO - DAG(s) 'example_python_operator' retrieved from /home/ubuntu/venv/lib/python3.12/site-packages/airflow/example_dags/example_python_operator.py
[2024-06-27T21:33:22.294+0000] {logging_mixin.py:188} INFO - [2024-06-27T21:33:22.294+0000] {dag.py:3096} INFO - Sync 1 DAGs
[2024-06-27T21:33:22.307+0000] {logging_mixin.py:188} INFO - [2024-06-27T21:33:22.306+0000] {dag.py:3954} INFO - Setting next_dagrun for example_python_operator to None, run_after=None
[2024-06-27T21:33:22.331+0000] {processor.py:183} INFO - Processing /home/ubuntu/venv/lib/python3.12/site-packages/airflow/example_dags/example_python_operator.py took 0.072 seconds
[2024-06-27T21:34:09.135+0000] {processor.py:161} INFO - Started process (PID=4194) to work on /home/ubuntu/venv/lib/python3.12/site-packages/airflow/example_dags/example_python_operator.py
[2024-06-27T21:34:09.136+0000] {processor.py:830} INFO - Processing file /home/ubuntu/venv/lib/python3.12/site-packages/airflow/example_dags/example_python_operator.py for tasks to queue
[2024-06-27T21:34:09.137+0000] {logging_mixin.py:188} INFO - [2024-06-27T21:34:09.137+0000] {dagbag.py:545} INFO - Filling up the DagBag from /home/ubuntu/venv/lib/python3.12/site-packages/airflow/example_dags/example_python_operator.py
[2024-06-27T21:34:09.144+0000] {logging_mixin.py:188} INFO - [2024-06-27T21:34:09.144+0000] {example_python_operator.py:93} WARNING - The virtalenv_python example task requires virtualenv, please install it.
[2024-06-27T21:34:09.145+0000] {processor.py:840} INFO - DAG(s) 'example_python_operator' retrieved from /home/ubuntu/venv/lib/python3.12/site-packages/airflow/example_dags/example_python_operator.py
[2024-06-27T21:34:09.164+0000] {logging_mixin.py:188} INFO - [2024-06-27T21:34:09.163+0000] {dag.py:3096} INFO - Sync 1 DAGs
[2024-06-27T21:34:09.176+0000] {logging_mixin.py:188} INFO - [2024-06-27T21:34:09.176+0000] {dag.py:3954} INFO - Setting next_dagrun for example_python_operator to None, run_after=None
[2024-06-27T21:34:09.199+0000] {processor.py:183} INFO - Processing /home/ubuntu/venv/lib/python3.12/site-packages/airflow/example_dags/example_python_operator.py took 0.071 seconds
[2024-06-27T21:35:13.307+0000] {processor.py:161} INFO - Started process (PID=4263) to work on /home/ubuntu/venv/lib/python3.12/site-packages/airflow/example_dags/example_python_operator.py
[2024-06-27T21:35:13.308+0000] {processor.py:830} INFO - Processing file /home/ubuntu/venv/lib/python3.12/site-packages/airflow/example_dags/example_python_operator.py for tasks to queue
[2024-06-27T21:35:13.309+0000] {logging_mixin.py:188} INFO - [2024-06-27T21:35:13.309+0000] {dagbag.py:545} INFO - Filling up the DagBag from /home/ubuntu/venv/lib/python3.12/site-packages/airflow/example_dags/example_python_operator.py
[2024-06-27T21:35:13.316+0000] {logging_mixin.py:188} INFO - [2024-06-27T21:35:13.316+0000] {example_python_operator.py:93} WARNING - The virtalenv_python example task requires virtualenv, please install it.
[2024-06-27T21:35:13.317+0000] {processor.py:840} INFO - DAG(s) 'example_python_operator' retrieved from /home/ubuntu/venv/lib/python3.12/site-packages/airflow/example_dags/example_python_operator.py
[2024-06-27T21:35:13.335+0000] {logging_mixin.py:188} INFO - [2024-06-27T21:35:13.335+0000] {dag.py:3096} INFO - Sync 1 DAGs
[2024-06-27T21:35:13.348+0000] {logging_mixin.py:188} INFO - [2024-06-27T21:35:13.348+0000] {dag.py:3954} INFO - Setting next_dagrun for example_python_operator to None, run_after=None
[2024-06-27T21:35:13.372+0000] {processor.py:183} INFO - Processing /home/ubuntu/venv/lib/python3.12/site-packages/airflow/example_dags/example_python_operator.py took 0.071 seconds
[2024-06-27T21:36:15.946+0000] {processor.py:161} INFO - Started process (PID=4330) to work on /home/ubuntu/venv/lib/python3.12/site-packages/airflow/example_dags/example_python_operator.py
[2024-06-27T21:36:15.948+0000] {processor.py:830} INFO - Processing file /home/ubuntu/venv/lib/python3.12/site-packages/airflow/example_dags/example_python_operator.py for tasks to queue
[2024-06-27T21:36:15.949+0000] {logging_mixin.py:188} INFO - [2024-06-27T21:36:15.948+0000] {dagbag.py:545} INFO - Filling up the DagBag from /home/ubuntu/venv/lib/python3.12/site-packages/airflow/example_dags/example_python_operator.py
[2024-06-27T21:36:15.956+0000] {logging_mixin.py:188} INFO - [2024-06-27T21:36:15.955+0000] {example_python_operator.py:93} WARNING - The virtalenv_python example task requires virtualenv, please install it.
[2024-06-27T21:36:15.956+0000] {processor.py:840} INFO - DAG(s) 'example_python_operator' retrieved from /home/ubuntu/venv/lib/python3.12/site-packages/airflow/example_dags/example_python_operator.py
[2024-06-27T21:36:15.975+0000] {logging_mixin.py:188} INFO - [2024-06-27T21:36:15.975+0000] {dag.py:3096} INFO - Sync 1 DAGs
[2024-06-27T21:36:15.987+0000] {logging_mixin.py:188} INFO - [2024-06-27T21:36:15.987+0000] {dag.py:3954} INFO - Setting next_dagrun for example_python_operator to None, run_after=None
[2024-06-27T21:36:16.009+0000] {processor.py:183} INFO - Processing /home/ubuntu/venv/lib/python3.12/site-packages/airflow/example_dags/example_python_operator.py took 0.069 seconds
[2024-06-27T21:37:19.776+0000] {processor.py:161} INFO - Started process (PID=4394) to work on /home/ubuntu/venv/lib/python3.12/site-packages/airflow/example_dags/example_python_operator.py
[2024-06-27T21:37:19.778+0000] {processor.py:830} INFO - Processing file /home/ubuntu/venv/lib/python3.12/site-packages/airflow/example_dags/example_python_operator.py for tasks to queue
[2024-06-27T21:37:19.779+0000] {logging_mixin.py:188} INFO - [2024-06-27T21:37:19.779+0000] {dagbag.py:545} INFO - Filling up the DagBag from /home/ubuntu/venv/lib/python3.12/site-packages/airflow/example_dags/example_python_operator.py
[2024-06-27T21:37:19.786+0000] {logging_mixin.py:188} INFO - [2024-06-27T21:37:19.786+0000] {example_python_operator.py:93} WARNING - The virtalenv_python example task requires virtualenv, please install it.
[2024-06-27T21:37:19.786+0000] {processor.py:840} INFO - DAG(s) 'example_python_operator' retrieved from /home/ubuntu/venv/lib/python3.12/site-packages/airflow/example_dags/example_python_operator.py
[2024-06-27T21:37:19.805+0000] {logging_mixin.py:188} INFO - [2024-06-27T21:37:19.805+0000] {dag.py:3096} INFO - Sync 1 DAGs
[2024-06-27T21:37:19.818+0000] {logging_mixin.py:188} INFO - [2024-06-27T21:37:19.818+0000] {dag.py:3954} INFO - Setting next_dagrun for example_python_operator to None, run_after=None
[2024-06-27T21:37:19.842+0000] {processor.py:183} INFO - Processing /home/ubuntu/venv/lib/python3.12/site-packages/airflow/example_dags/example_python_operator.py took 0.071 seconds
[2024-06-27T21:38:07.592+0000] {processor.py:161} INFO - Started process (PID=4446) to work on /home/ubuntu/venv/lib/python3.12/site-packages/airflow/example_dags/example_python_operator.py
[2024-06-27T21:38:07.594+0000] {processor.py:830} INFO - Processing file /home/ubuntu/venv/lib/python3.12/site-packages/airflow/example_dags/example_python_operator.py for tasks to queue
[2024-06-27T21:38:07.595+0000] {logging_mixin.py:188} INFO - [2024-06-27T21:38:07.595+0000] {dagbag.py:545} INFO - Filling up the DagBag from /home/ubuntu/venv/lib/python3.12/site-packages/airflow/example_dags/example_python_operator.py
[2024-06-27T21:38:07.602+0000] {logging_mixin.py:188} INFO - [2024-06-27T21:38:07.602+0000] {example_python_operator.py:93} WARNING - The virtalenv_python example task requires virtualenv, please install it.
[2024-06-27T21:38:07.603+0000] {processor.py:840} INFO - DAG(s) 'example_python_operator' retrieved from /home/ubuntu/venv/lib/python3.12/site-packages/airflow/example_dags/example_python_operator.py
[2024-06-27T21:38:07.630+0000] {logging_mixin.py:188} INFO - [2024-06-27T21:38:07.630+0000] {dag.py:3096} INFO - Sync 1 DAGs
[2024-06-27T21:38:07.643+0000] {logging_mixin.py:188} INFO - [2024-06-27T21:38:07.643+0000] {dag.py:3954} INFO - Setting next_dagrun for example_python_operator to None, run_after=None
[2024-06-27T21:38:07.666+0000] {processor.py:183} INFO - Processing /home/ubuntu/venv/lib/python3.12/site-packages/airflow/example_dags/example_python_operator.py took 0.079 seconds
[2024-06-27T21:38:56.506+0000] {processor.py:161} INFO - Started process (PID=4496) to work on /home/ubuntu/venv/lib/python3.12/site-packages/airflow/example_dags/example_python_operator.py
[2024-06-27T21:38:56.507+0000] {processor.py:830} INFO - Processing file /home/ubuntu/venv/lib/python3.12/site-packages/airflow/example_dags/example_python_operator.py for tasks to queue
[2024-06-27T21:38:56.508+0000] {logging_mixin.py:188} INFO - [2024-06-27T21:38:56.507+0000] {dagbag.py:545} INFO - Filling up the DagBag from /home/ubuntu/venv/lib/python3.12/site-packages/airflow/example_dags/example_python_operator.py
[2024-06-27T21:38:56.515+0000] {logging_mixin.py:188} INFO - [2024-06-27T21:38:56.515+0000] {example_python_operator.py:93} WARNING - The virtalenv_python example task requires virtualenv, please install it.
[2024-06-27T21:38:56.515+0000] {processor.py:840} INFO - DAG(s) 'example_python_operator' retrieved from /home/ubuntu/venv/lib/python3.12/site-packages/airflow/example_dags/example_python_operator.py
[2024-06-27T21:38:56.534+0000] {logging_mixin.py:188} INFO - [2024-06-27T21:38:56.534+0000] {dag.py:3096} INFO - Sync 1 DAGs
[2024-06-27T21:38:56.547+0000] {logging_mixin.py:188} INFO - [2024-06-27T21:38:56.546+0000] {dag.py:3954} INFO - Setting next_dagrun for example_python_operator to None, run_after=None
[2024-06-27T21:38:56.569+0000] {processor.py:183} INFO - Processing /home/ubuntu/venv/lib/python3.12/site-packages/airflow/example_dags/example_python_operator.py took 0.070 seconds
[2024-06-27T21:39:57.589+0000] {processor.py:161} INFO - Started process (PID=4559) to work on /home/ubuntu/venv/lib/python3.12/site-packages/airflow/example_dags/example_python_operator.py
[2024-06-27T21:39:57.590+0000] {processor.py:830} INFO - Processing file /home/ubuntu/venv/lib/python3.12/site-packages/airflow/example_dags/example_python_operator.py for tasks to queue
[2024-06-27T21:39:57.591+0000] {logging_mixin.py:188} INFO - [2024-06-27T21:39:57.591+0000] {dagbag.py:545} INFO - Filling up the DagBag from /home/ubuntu/venv/lib/python3.12/site-packages/airflow/example_dags/example_python_operator.py
[2024-06-27T21:39:57.598+0000] {logging_mixin.py:188} INFO - [2024-06-27T21:39:57.598+0000] {example_python_operator.py:93} WARNING - The virtalenv_python example task requires virtualenv, please install it.
[2024-06-27T21:39:57.598+0000] {processor.py:840} INFO - DAG(s) 'example_python_operator' retrieved from /home/ubuntu/venv/lib/python3.12/site-packages/airflow/example_dags/example_python_operator.py
[2024-06-27T21:39:57.617+0000] {logging_mixin.py:188} INFO - [2024-06-27T21:39:57.617+0000] {dag.py:3096} INFO - Sync 1 DAGs
[2024-06-27T21:39:57.629+0000] {logging_mixin.py:188} INFO - [2024-06-27T21:39:57.629+0000] {dag.py:3954} INFO - Setting next_dagrun for example_python_operator to None, run_after=None
[2024-06-27T21:39:57.651+0000] {processor.py:183} INFO - Processing /home/ubuntu/venv/lib/python3.12/site-packages/airflow/example_dags/example_python_operator.py took 0.068 seconds
[2024-06-27T21:41:03.371+0000] {processor.py:161} INFO - Started process (PID=4630) to work on /home/ubuntu/venv/lib/python3.12/site-packages/airflow/example_dags/example_python_operator.py
[2024-06-27T21:41:03.373+0000] {processor.py:830} INFO - Processing file /home/ubuntu/venv/lib/python3.12/site-packages/airflow/example_dags/example_python_operator.py for tasks to queue
[2024-06-27T21:41:03.374+0000] {logging_mixin.py:188} INFO - [2024-06-27T21:41:03.373+0000] {dagbag.py:545} INFO - Filling up the DagBag from /home/ubuntu/venv/lib/python3.12/site-packages/airflow/example_dags/example_python_operator.py
[2024-06-27T21:41:03.381+0000] {logging_mixin.py:188} INFO - [2024-06-27T21:41:03.381+0000] {example_python_operator.py:93} WARNING - The virtalenv_python example task requires virtualenv, please install it.
[2024-06-27T21:41:03.382+0000] {processor.py:840} INFO - DAG(s) 'example_python_operator' retrieved from /home/ubuntu/venv/lib/python3.12/site-packages/airflow/example_dags/example_python_operator.py
[2024-06-27T21:41:03.401+0000] {logging_mixin.py:188} INFO - [2024-06-27T21:41:03.400+0000] {dag.py:3096} INFO - Sync 1 DAGs
[2024-06-27T21:41:03.414+0000] {logging_mixin.py:188} INFO - [2024-06-27T21:41:03.413+0000] {dag.py:3954} INFO - Setting next_dagrun for example_python_operator to None, run_after=None
[2024-06-27T21:41:03.437+0000] {processor.py:183} INFO - Processing /home/ubuntu/venv/lib/python3.12/site-packages/airflow/example_dags/example_python_operator.py took 0.072 seconds
[2024-06-27T21:42:11.868+0000] {processor.py:161} INFO - Started process (PID=4699) to work on /home/ubuntu/venv/lib/python3.12/site-packages/airflow/example_dags/example_python_operator.py
[2024-06-27T21:42:11.870+0000] {processor.py:830} INFO - Processing file /home/ubuntu/venv/lib/python3.12/site-packages/airflow/example_dags/example_python_operator.py for tasks to queue
[2024-06-27T21:42:11.871+0000] {logging_mixin.py:188} INFO - [2024-06-27T21:42:11.870+0000] {dagbag.py:545} INFO - Filling up the DagBag from /home/ubuntu/venv/lib/python3.12/site-packages/airflow/example_dags/example_python_operator.py
[2024-06-27T21:42:11.877+0000] {logging_mixin.py:188} INFO - [2024-06-27T21:42:11.877+0000] {example_python_operator.py:93} WARNING - The virtalenv_python example task requires virtualenv, please install it.
[2024-06-27T21:42:11.878+0000] {processor.py:840} INFO - DAG(s) 'example_python_operator' retrieved from /home/ubuntu/venv/lib/python3.12/site-packages/airflow/example_dags/example_python_operator.py
[2024-06-27T21:42:11.897+0000] {logging_mixin.py:188} INFO - [2024-06-27T21:42:11.896+0000] {dag.py:3096} INFO - Sync 1 DAGs
[2024-06-27T21:42:11.909+0000] {logging_mixin.py:188} INFO - [2024-06-27T21:42:11.908+0000] {dag.py:3954} INFO - Setting next_dagrun for example_python_operator to None, run_after=None
[2024-06-27T21:42:11.931+0000] {processor.py:183} INFO - Processing /home/ubuntu/venv/lib/python3.12/site-packages/airflow/example_dags/example_python_operator.py took 0.069 seconds
[2024-06-27T21:43:16.347+0000] {processor.py:161} INFO - Started process (PID=4765) to work on /home/ubuntu/venv/lib/python3.12/site-packages/airflow/example_dags/example_python_operator.py
[2024-06-27T21:43:16.349+0000] {processor.py:830} INFO - Processing file /home/ubuntu/venv/lib/python3.12/site-packages/airflow/example_dags/example_python_operator.py for tasks to queue
[2024-06-27T21:43:16.350+0000] {logging_mixin.py:188} INFO - [2024-06-27T21:43:16.349+0000] {dagbag.py:545} INFO - Filling up the DagBag from /home/ubuntu/venv/lib/python3.12/site-packages/airflow/example_dags/example_python_operator.py
[2024-06-27T21:43:16.357+0000] {logging_mixin.py:188} INFO - [2024-06-27T21:43:16.356+0000] {example_python_operator.py:93} WARNING - The virtalenv_python example task requires virtualenv, please install it.
[2024-06-27T21:43:16.357+0000] {processor.py:840} INFO - DAG(s) 'example_python_operator' retrieved from /home/ubuntu/venv/lib/python3.12/site-packages/airflow/example_dags/example_python_operator.py
[2024-06-27T21:43:16.377+0000] {logging_mixin.py:188} INFO - [2024-06-27T21:43:16.376+0000] {dag.py:3096} INFO - Sync 1 DAGs
[2024-06-27T21:43:16.390+0000] {logging_mixin.py:188} INFO - [2024-06-27T21:43:16.390+0000] {dag.py:3954} INFO - Setting next_dagrun for example_python_operator to None, run_after=None
[2024-06-27T21:43:16.522+0000] {processor.py:183} INFO - Processing /home/ubuntu/venv/lib/python3.12/site-packages/airflow/example_dags/example_python_operator.py took 0.181 seconds
[2024-06-27T21:44:01.883+0000] {processor.py:161} INFO - Started process (PID=4812) to work on /home/ubuntu/venv/lib/python3.12/site-packages/airflow/example_dags/example_python_operator.py
[2024-06-27T21:44:01.885+0000] {processor.py:830} INFO - Processing file /home/ubuntu/venv/lib/python3.12/site-packages/airflow/example_dags/example_python_operator.py for tasks to queue
[2024-06-27T21:44:01.885+0000] {logging_mixin.py:188} INFO - [2024-06-27T21:44:01.885+0000] {dagbag.py:545} INFO - Filling up the DagBag from /home/ubuntu/venv/lib/python3.12/site-packages/airflow/example_dags/example_python_operator.py
[2024-06-27T21:44:01.892+0000] {logging_mixin.py:188} INFO - [2024-06-27T21:44:01.892+0000] {example_python_operator.py:93} WARNING - The virtalenv_python example task requires virtualenv, please install it.
[2024-06-27T21:44:01.893+0000] {processor.py:840} INFO - DAG(s) 'example_python_operator' retrieved from /home/ubuntu/venv/lib/python3.12/site-packages/airflow/example_dags/example_python_operator.py
[2024-06-27T21:44:01.913+0000] {logging_mixin.py:188} INFO - [2024-06-27T21:44:01.913+0000] {dag.py:3096} INFO - Sync 1 DAGs
[2024-06-27T21:44:01.925+0000] {logging_mixin.py:188} INFO - [2024-06-27T21:44:01.925+0000] {dag.py:3954} INFO - Setting next_dagrun for example_python_operator to None, run_after=None
[2024-06-27T21:44:01.951+0000] {processor.py:183} INFO - Processing /home/ubuntu/venv/lib/python3.12/site-packages/airflow/example_dags/example_python_operator.py took 0.074 seconds
[2024-06-27T21:45:09.635+0000] {processor.py:161} INFO - Started process (PID=4927) to work on /home/ubuntu/venv/lib/python3.12/site-packages/airflow/example_dags/example_python_operator.py
[2024-06-27T21:45:09.637+0000] {processor.py:830} INFO - Processing file /home/ubuntu/venv/lib/python3.12/site-packages/airflow/example_dags/example_python_operator.py for tasks to queue
[2024-06-27T21:45:09.638+0000] {logging_mixin.py:188} INFO - [2024-06-27T21:45:09.637+0000] {dagbag.py:545} INFO - Filling up the DagBag from /home/ubuntu/venv/lib/python3.12/site-packages/airflow/example_dags/example_python_operator.py
[2024-06-27T21:45:09.644+0000] {logging_mixin.py:188} INFO - [2024-06-27T21:45:09.644+0000] {example_python_operator.py:93} WARNING - The virtalenv_python example task requires virtualenv, please install it.
[2024-06-27T21:45:09.645+0000] {processor.py:840} INFO - DAG(s) 'example_python_operator' retrieved from /home/ubuntu/venv/lib/python3.12/site-packages/airflow/example_dags/example_python_operator.py
[2024-06-27T21:45:09.664+0000] {logging_mixin.py:188} INFO - [2024-06-27T21:45:09.664+0000] {dag.py:3096} INFO - Sync 1 DAGs
[2024-06-27T21:45:09.677+0000] {logging_mixin.py:188} INFO - [2024-06-27T21:45:09.676+0000] {dag.py:3954} INFO - Setting next_dagrun for example_python_operator to None, run_after=None
[2024-06-27T21:45:09.699+0000] {processor.py:183} INFO - Processing /home/ubuntu/venv/lib/python3.12/site-packages/airflow/example_dags/example_python_operator.py took 0.070 seconds
[2024-06-27T21:46:18.599+0000] {processor.py:161} INFO - Started process (PID=4994) to work on /home/ubuntu/venv/lib/python3.12/site-packages/airflow/example_dags/example_python_operator.py
[2024-06-27T21:46:18.601+0000] {processor.py:830} INFO - Processing file /home/ubuntu/venv/lib/python3.12/site-packages/airflow/example_dags/example_python_operator.py for tasks to queue
[2024-06-27T21:46:18.602+0000] {logging_mixin.py:188} INFO - [2024-06-27T21:46:18.601+0000] {dagbag.py:545} INFO - Filling up the DagBag from /home/ubuntu/venv/lib/python3.12/site-packages/airflow/example_dags/example_python_operator.py
[2024-06-27T21:46:18.609+0000] {logging_mixin.py:188} INFO - [2024-06-27T21:46:18.609+0000] {example_python_operator.py:93} WARNING - The virtalenv_python example task requires virtualenv, please install it.
[2024-06-27T21:46:18.609+0000] {processor.py:840} INFO - DAG(s) 'example_python_operator' retrieved from /home/ubuntu/venv/lib/python3.12/site-packages/airflow/example_dags/example_python_operator.py
[2024-06-27T21:46:18.629+0000] {logging_mixin.py:188} INFO - [2024-06-27T21:46:18.629+0000] {dag.py:3096} INFO - Sync 1 DAGs
[2024-06-27T21:46:18.642+0000] {logging_mixin.py:188} INFO - [2024-06-27T21:46:18.642+0000] {dag.py:3954} INFO - Setting next_dagrun for example_python_operator to None, run_after=None
[2024-06-27T21:46:18.666+0000] {processor.py:183} INFO - Processing /home/ubuntu/venv/lib/python3.12/site-packages/airflow/example_dags/example_python_operator.py took 0.073 seconds
[2024-06-27T21:47:09.178+0000] {processor.py:161} INFO - Started process (PID=5044) to work on /home/ubuntu/venv/lib/python3.12/site-packages/airflow/example_dags/example_python_operator.py
[2024-06-27T21:47:09.179+0000] {processor.py:830} INFO - Processing file /home/ubuntu/venv/lib/python3.12/site-packages/airflow/example_dags/example_python_operator.py for tasks to queue
[2024-06-27T21:47:09.180+0000] {logging_mixin.py:188} INFO - [2024-06-27T21:47:09.180+0000] {dagbag.py:545} INFO - Filling up the DagBag from /home/ubuntu/venv/lib/python3.12/site-packages/airflow/example_dags/example_python_operator.py
[2024-06-27T21:47:09.188+0000] {logging_mixin.py:188} INFO - [2024-06-27T21:47:09.187+0000] {example_python_operator.py:93} WARNING - The virtalenv_python example task requires virtualenv, please install it.
[2024-06-27T21:47:09.188+0000] {processor.py:840} INFO - DAG(s) 'example_python_operator' retrieved from /home/ubuntu/venv/lib/python3.12/site-packages/airflow/example_dags/example_python_operator.py
[2024-06-27T21:47:09.208+0000] {logging_mixin.py:188} INFO - [2024-06-27T21:47:09.207+0000] {dag.py:3096} INFO - Sync 1 DAGs
[2024-06-27T21:47:09.220+0000] {logging_mixin.py:188} INFO - [2024-06-27T21:47:09.220+0000] {dag.py:3954} INFO - Setting next_dagrun for example_python_operator to None, run_after=None
[2024-06-27T21:47:09.242+0000] {processor.py:183} INFO - Processing /home/ubuntu/venv/lib/python3.12/site-packages/airflow/example_dags/example_python_operator.py took 0.071 seconds
[2024-06-27T21:47:56.355+0000] {processor.py:161} INFO - Started process (PID=5168) to work on /home/ubuntu/venv/lib/python3.12/site-packages/airflow/example_dags/example_python_operator.py
[2024-06-27T21:47:56.356+0000] {processor.py:830} INFO - Processing file /home/ubuntu/venv/lib/python3.12/site-packages/airflow/example_dags/example_python_operator.py for tasks to queue
[2024-06-27T21:47:56.357+0000] {logging_mixin.py:188} INFO - [2024-06-27T21:47:56.356+0000] {dagbag.py:545} INFO - Filling up the DagBag from /home/ubuntu/venv/lib/python3.12/site-packages/airflow/example_dags/example_python_operator.py
[2024-06-27T21:47:56.364+0000] {logging_mixin.py:188} INFO - [2024-06-27T21:47:56.364+0000] {example_python_operator.py:93} WARNING - The virtalenv_python example task requires virtualenv, please install it.
[2024-06-27T21:47:56.365+0000] {processor.py:840} INFO - DAG(s) 'example_python_operator' retrieved from /home/ubuntu/venv/lib/python3.12/site-packages/airflow/example_dags/example_python_operator.py
[2024-06-27T21:47:56.384+0000] {logging_mixin.py:188} INFO - [2024-06-27T21:47:56.383+0000] {dag.py:3096} INFO - Sync 1 DAGs
[2024-06-27T21:47:56.396+0000] {logging_mixin.py:188} INFO - [2024-06-27T21:47:56.396+0000] {dag.py:3954} INFO - Setting next_dagrun for example_python_operator to None, run_after=None
[2024-06-27T21:47:56.419+0000] {processor.py:183} INFO - Processing /home/ubuntu/venv/lib/python3.12/site-packages/airflow/example_dags/example_python_operator.py took 0.071 seconds
[2024-06-27T21:48:39.580+0000] {processor.py:161} INFO - Started process (PID=5264) to work on /home/ubuntu/venv/lib/python3.12/site-packages/airflow/example_dags/example_python_operator.py
[2024-06-27T21:48:39.582+0000] {processor.py:830} INFO - Processing file /home/ubuntu/venv/lib/python3.12/site-packages/airflow/example_dags/example_python_operator.py for tasks to queue
[2024-06-27T21:48:39.583+0000] {logging_mixin.py:188} INFO - [2024-06-27T21:48:39.582+0000] {dagbag.py:545} INFO - Filling up the DagBag from /home/ubuntu/venv/lib/python3.12/site-packages/airflow/example_dags/example_python_operator.py
[2024-06-27T21:48:39.590+0000] {logging_mixin.py:188} INFO - [2024-06-27T21:48:39.590+0000] {example_python_operator.py:93} WARNING - The virtalenv_python example task requires virtualenv, please install it.
[2024-06-27T21:48:39.591+0000] {processor.py:840} INFO - DAG(s) 'example_python_operator' retrieved from /home/ubuntu/venv/lib/python3.12/site-packages/airflow/example_dags/example_python_operator.py
[2024-06-27T21:48:39.610+0000] {logging_mixin.py:188} INFO - [2024-06-27T21:48:39.609+0000] {dag.py:3096} INFO - Sync 1 DAGs
[2024-06-27T21:48:39.622+0000] {logging_mixin.py:188} INFO - [2024-06-27T21:48:39.622+0000] {dag.py:3954} INFO - Setting next_dagrun for example_python_operator to None, run_after=None
[2024-06-27T21:48:39.647+0000] {processor.py:183} INFO - Processing /home/ubuntu/venv/lib/python3.12/site-packages/airflow/example_dags/example_python_operator.py took 0.074 seconds
[2024-06-27T21:49:39.672+0000] {processor.py:161} INFO - Started process (PID=5326) to work on /home/ubuntu/venv/lib/python3.12/site-packages/airflow/example_dags/example_python_operator.py
[2024-06-27T21:49:39.673+0000] {processor.py:830} INFO - Processing file /home/ubuntu/venv/lib/python3.12/site-packages/airflow/example_dags/example_python_operator.py for tasks to queue
[2024-06-27T21:49:39.674+0000] {logging_mixin.py:188} INFO - [2024-06-27T21:49:39.673+0000] {dagbag.py:545} INFO - Filling up the DagBag from /home/ubuntu/venv/lib/python3.12/site-packages/airflow/example_dags/example_python_operator.py
[2024-06-27T21:49:39.681+0000] {logging_mixin.py:188} INFO - [2024-06-27T21:49:39.681+0000] {example_python_operator.py:93} WARNING - The virtalenv_python example task requires virtualenv, please install it.
[2024-06-27T21:49:39.682+0000] {processor.py:840} INFO - DAG(s) 'example_python_operator' retrieved from /home/ubuntu/venv/lib/python3.12/site-packages/airflow/example_dags/example_python_operator.py
[2024-06-27T21:49:39.701+0000] {logging_mixin.py:188} INFO - [2024-06-27T21:49:39.700+0000] {dag.py:3096} INFO - Sync 1 DAGs
[2024-06-27T21:49:39.713+0000] {logging_mixin.py:188} INFO - [2024-06-27T21:49:39.713+0000] {dag.py:3954} INFO - Setting next_dagrun for example_python_operator to None, run_after=None
[2024-06-27T21:49:39.735+0000] {processor.py:183} INFO - Processing /home/ubuntu/venv/lib/python3.12/site-packages/airflow/example_dags/example_python_operator.py took 0.071 seconds
