[2024-06-27T21:20:13.808+0000] {processor.py:161} INFO - Started process (PID=2975) to work on /home/ubuntu/venv/lib/python3.12/site-packages/airflow/example_dags/example_dag_decorator.py
[2024-06-27T21:20:13.809+0000] {processor.py:830} INFO - Processing file /home/ubuntu/venv/lib/python3.12/site-packages/airflow/example_dags/example_dag_decorator.py for tasks to queue
[2024-06-27T21:20:13.811+0000] {logging_mixin.py:188} INFO - [2024-06-27T21:20:13.810+0000] {dagbag.py:545} INFO - Filling up the DagBag from /home/ubuntu/venv/lib/python3.12/site-packages/airflow/example_dags/example_dag_decorator.py
[2024-06-27T21:20:13.905+0000] {processor.py:840} INFO - DAG(s) 'example_dag_decorator' retrieved from /home/ubuntu/venv/lib/python3.12/site-packages/airflow/example_dags/example_dag_decorator.py
[2024-06-27T21:20:14.021+0000] {logging_mixin.py:188} INFO - [2024-06-27T21:20:14.021+0000] {override.py:1847} INFO - Created Permission View: can read on DAG:example_dag_decorator
[2024-06-27T21:20:14.034+0000] {logging_mixin.py:188} INFO - [2024-06-27T21:20:14.034+0000] {override.py:1847} INFO - Created Permission View: can delete on DAG:example_dag_decorator
[2024-06-27T21:20:14.046+0000] {logging_mixin.py:188} INFO - [2024-06-27T21:20:14.045+0000] {override.py:1847} INFO - Created Permission View: can edit on DAG:example_dag_decorator
[2024-06-27T21:20:14.046+0000] {logging_mixin.py:188} INFO - [2024-06-27T21:20:14.046+0000] {dag.py:3096} INFO - Sync 1 DAGs
[2024-06-27T21:20:14.057+0000] {logging_mixin.py:188} INFO - [2024-06-27T21:20:14.057+0000] {dag.py:3118} INFO - Creating ORM DAG for example_dag_decorator
[2024-06-27T21:20:14.058+0000] {logging_mixin.py:188} INFO - [2024-06-27T21:20:14.058+0000] {dag.py:3954} INFO - Setting next_dagrun for example_dag_decorator to None, run_after=None
[2024-06-27T21:20:14.081+0000] {processor.py:183} INFO - Processing /home/ubuntu/venv/lib/python3.12/site-packages/airflow/example_dags/example_dag_decorator.py took 0.278 seconds
[2024-06-27T21:21:04.707+0000] {processor.py:161} INFO - Started process (PID=3311) to work on /home/ubuntu/venv/lib/python3.12/site-packages/airflow/example_dags/example_dag_decorator.py
[2024-06-27T21:21:04.709+0000] {processor.py:830} INFO - Processing file /home/ubuntu/venv/lib/python3.12/site-packages/airflow/example_dags/example_dag_decorator.py for tasks to queue
[2024-06-27T21:21:04.710+0000] {logging_mixin.py:188} INFO - [2024-06-27T21:21:04.710+0000] {dagbag.py:545} INFO - Filling up the DagBag from /home/ubuntu/venv/lib/python3.12/site-packages/airflow/example_dags/example_dag_decorator.py
[2024-06-27T21:21:04.806+0000] {processor.py:840} INFO - DAG(s) 'example_dag_decorator' retrieved from /home/ubuntu/venv/lib/python3.12/site-packages/airflow/example_dags/example_dag_decorator.py
[2024-06-27T21:21:04.912+0000] {logging_mixin.py:188} INFO - [2024-06-27T21:21:04.911+0000] {dag.py:3096} INFO - Sync 1 DAGs
[2024-06-27T21:21:04.921+0000] {logging_mixin.py:188} INFO - [2024-06-27T21:21:04.921+0000] {dag.py:3954} INFO - Setting next_dagrun for example_dag_decorator to None, run_after=None
[2024-06-27T21:21:04.945+0000] {processor.py:183} INFO - Processing /home/ubuntu/venv/lib/python3.12/site-packages/airflow/example_dags/example_dag_decorator.py took 0.244 seconds
[2024-06-27T21:22:04.996+0000] {processor.py:161} INFO - Started process (PID=3375) to work on /home/ubuntu/venv/lib/python3.12/site-packages/airflow/example_dags/example_dag_decorator.py
[2024-06-27T21:22:04.997+0000] {processor.py:830} INFO - Processing file /home/ubuntu/venv/lib/python3.12/site-packages/airflow/example_dags/example_dag_decorator.py for tasks to queue
[2024-06-27T21:22:04.999+0000] {logging_mixin.py:188} INFO - [2024-06-27T21:22:04.998+0000] {dagbag.py:545} INFO - Filling up the DagBag from /home/ubuntu/venv/lib/python3.12/site-packages/airflow/example_dags/example_dag_decorator.py
[2024-06-27T21:22:05.095+0000] {processor.py:840} INFO - DAG(s) 'example_dag_decorator' retrieved from /home/ubuntu/venv/lib/python3.12/site-packages/airflow/example_dags/example_dag_decorator.py
[2024-06-27T21:22:05.199+0000] {logging_mixin.py:188} INFO - [2024-06-27T21:22:05.198+0000] {dag.py:3096} INFO - Sync 1 DAGs
[2024-06-27T21:22:05.208+0000] {logging_mixin.py:188} INFO - [2024-06-27T21:22:05.208+0000] {dag.py:3954} INFO - Setting next_dagrun for example_dag_decorator to None, run_after=None
[2024-06-27T21:22:05.231+0000] {processor.py:183} INFO - Processing /home/ubuntu/venv/lib/python3.12/site-packages/airflow/example_dags/example_dag_decorator.py took 0.241 seconds
[2024-06-27T21:23:05.521+0000] {processor.py:161} INFO - Started process (PID=3451) to work on /home/ubuntu/venv/lib/python3.12/site-packages/airflow/example_dags/example_dag_decorator.py
[2024-06-27T21:23:05.522+0000] {processor.py:830} INFO - Processing file /home/ubuntu/venv/lib/python3.12/site-packages/airflow/example_dags/example_dag_decorator.py for tasks to queue
[2024-06-27T21:23:05.524+0000] {logging_mixin.py:188} INFO - [2024-06-27T21:23:05.523+0000] {dagbag.py:545} INFO - Filling up the DagBag from /home/ubuntu/venv/lib/python3.12/site-packages/airflow/example_dags/example_dag_decorator.py
[2024-06-27T21:23:05.618+0000] {processor.py:840} INFO - DAG(s) 'example_dag_decorator' retrieved from /home/ubuntu/venv/lib/python3.12/site-packages/airflow/example_dags/example_dag_decorator.py
[2024-06-27T21:23:05.726+0000] {logging_mixin.py:188} INFO - [2024-06-27T21:23:05.726+0000] {dag.py:3096} INFO - Sync 1 DAGs
[2024-06-27T21:23:05.736+0000] {logging_mixin.py:188} INFO - [2024-06-27T21:23:05.735+0000] {dag.py:3954} INFO - Setting next_dagrun for example_dag_decorator to None, run_after=None
[2024-06-27T21:23:05.758+0000] {processor.py:183} INFO - Processing /home/ubuntu/venv/lib/python3.12/site-packages/airflow/example_dags/example_dag_decorator.py took 0.244 seconds
[2024-06-27T21:24:04.575+0000] {processor.py:161} INFO - Started process (PID=3515) to work on /home/ubuntu/venv/lib/python3.12/site-packages/airflow/example_dags/example_dag_decorator.py
[2024-06-27T21:24:04.577+0000] {processor.py:830} INFO - Processing file /home/ubuntu/venv/lib/python3.12/site-packages/airflow/example_dags/example_dag_decorator.py for tasks to queue
[2024-06-27T21:24:04.579+0000] {logging_mixin.py:188} INFO - [2024-06-27T21:24:04.579+0000] {dagbag.py:545} INFO - Filling up the DagBag from /home/ubuntu/venv/lib/python3.12/site-packages/airflow/example_dags/example_dag_decorator.py
[2024-06-27T21:24:04.675+0000] {processor.py:840} INFO - DAG(s) 'example_dag_decorator' retrieved from /home/ubuntu/venv/lib/python3.12/site-packages/airflow/example_dags/example_dag_decorator.py
[2024-06-27T21:24:04.784+0000] {logging_mixin.py:188} INFO - [2024-06-27T21:24:04.784+0000] {dag.py:3096} INFO - Sync 1 DAGs
[2024-06-27T21:24:04.795+0000] {logging_mixin.py:188} INFO - [2024-06-27T21:24:04.794+0000] {dag.py:3954} INFO - Setting next_dagrun for example_dag_decorator to None, run_after=None
[2024-06-27T21:24:04.818+0000] {processor.py:183} INFO - Processing /home/ubuntu/venv/lib/python3.12/site-packages/airflow/example_dags/example_dag_decorator.py took 0.250 seconds
[2024-06-27T21:25:06.530+0000] {processor.py:161} INFO - Started process (PID=3584) to work on /home/ubuntu/venv/lib/python3.12/site-packages/airflow/example_dags/example_dag_decorator.py
[2024-06-27T21:25:06.532+0000] {processor.py:830} INFO - Processing file /home/ubuntu/venv/lib/python3.12/site-packages/airflow/example_dags/example_dag_decorator.py for tasks to queue
[2024-06-27T21:25:06.533+0000] {logging_mixin.py:188} INFO - [2024-06-27T21:25:06.533+0000] {dagbag.py:545} INFO - Filling up the DagBag from /home/ubuntu/venv/lib/python3.12/site-packages/airflow/example_dags/example_dag_decorator.py
[2024-06-27T21:25:06.630+0000] {processor.py:840} INFO - DAG(s) 'example_dag_decorator' retrieved from /home/ubuntu/venv/lib/python3.12/site-packages/airflow/example_dags/example_dag_decorator.py
[2024-06-27T21:25:06.737+0000] {logging_mixin.py:188} INFO - [2024-06-27T21:25:06.737+0000] {dag.py:3096} INFO - Sync 1 DAGs
[2024-06-27T21:25:06.871+0000] {logging_mixin.py:188} INFO - [2024-06-27T21:25:06.871+0000] {dag.py:3954} INFO - Setting next_dagrun for example_dag_decorator to None, run_after=None
[2024-06-27T21:25:06.894+0000] {processor.py:183} INFO - Processing /home/ubuntu/venv/lib/python3.12/site-packages/airflow/example_dags/example_dag_decorator.py took 0.370 seconds
[2024-06-27T21:26:08.824+0000] {processor.py:161} INFO - Started process (PID=3653) to work on /home/ubuntu/venv/lib/python3.12/site-packages/airflow/example_dags/example_dag_decorator.py
[2024-06-27T21:26:08.825+0000] {processor.py:830} INFO - Processing file /home/ubuntu/venv/lib/python3.12/site-packages/airflow/example_dags/example_dag_decorator.py for tasks to queue
[2024-06-27T21:26:08.826+0000] {logging_mixin.py:188} INFO - [2024-06-27T21:26:08.826+0000] {dagbag.py:545} INFO - Filling up the DagBag from /home/ubuntu/venv/lib/python3.12/site-packages/airflow/example_dags/example_dag_decorator.py
[2024-06-27T21:26:08.950+0000] {processor.py:840} INFO - DAG(s) 'example_dag_decorator' retrieved from /home/ubuntu/venv/lib/python3.12/site-packages/airflow/example_dags/example_dag_decorator.py
[2024-06-27T21:26:09.088+0000] {logging_mixin.py:188} INFO - [2024-06-27T21:26:09.088+0000] {dag.py:3096} INFO - Sync 1 DAGs
[2024-06-27T21:26:09.098+0000] {logging_mixin.py:188} INFO - [2024-06-27T21:26:09.098+0000] {dag.py:3954} INFO - Setting next_dagrun for example_dag_decorator to None, run_after=None
[2024-06-27T21:26:09.241+0000] {processor.py:183} INFO - Processing /home/ubuntu/venv/lib/python3.12/site-packages/airflow/example_dags/example_dag_decorator.py took 0.423 seconds
[2024-06-27T21:27:14.256+0000] {processor.py:161} INFO - Started process (PID=3721) to work on /home/ubuntu/venv/lib/python3.12/site-packages/airflow/example_dags/example_dag_decorator.py
[2024-06-27T21:27:14.257+0000] {processor.py:830} INFO - Processing file /home/ubuntu/venv/lib/python3.12/site-packages/airflow/example_dags/example_dag_decorator.py for tasks to queue
[2024-06-27T21:27:14.258+0000] {logging_mixin.py:188} INFO - [2024-06-27T21:27:14.258+0000] {dagbag.py:545} INFO - Filling up the DagBag from /home/ubuntu/venv/lib/python3.12/site-packages/airflow/example_dags/example_dag_decorator.py
[2024-06-27T21:27:14.352+0000] {processor.py:840} INFO - DAG(s) 'example_dag_decorator' retrieved from /home/ubuntu/venv/lib/python3.12/site-packages/airflow/example_dags/example_dag_decorator.py
[2024-06-27T21:27:14.372+0000] {logging_mixin.py:188} INFO - [2024-06-27T21:27:14.372+0000] {dag.py:3096} INFO - Sync 1 DAGs
[2024-06-27T21:27:14.384+0000] {logging_mixin.py:188} INFO - [2024-06-27T21:27:14.384+0000] {dag.py:3954} INFO - Setting next_dagrun for example_dag_decorator to None, run_after=None
[2024-06-27T21:27:14.407+0000] {processor.py:183} INFO - Processing /home/ubuntu/venv/lib/python3.12/site-packages/airflow/example_dags/example_dag_decorator.py took 0.157 seconds
[2024-06-27T21:28:28.490+0000] {processor.py:161} INFO - Started process (PID=3807) to work on /home/ubuntu/venv/lib/python3.12/site-packages/airflow/example_dags/example_dag_decorator.py
[2024-06-27T21:28:28.491+0000] {processor.py:830} INFO - Processing file /home/ubuntu/venv/lib/python3.12/site-packages/airflow/example_dags/example_dag_decorator.py for tasks to queue
[2024-06-27T21:28:28.492+0000] {logging_mixin.py:188} INFO - [2024-06-27T21:28:28.492+0000] {dagbag.py:545} INFO - Filling up the DagBag from /home/ubuntu/venv/lib/python3.12/site-packages/airflow/example_dags/example_dag_decorator.py
[2024-06-27T21:28:28.590+0000] {processor.py:840} INFO - DAG(s) 'example_dag_decorator' retrieved from /home/ubuntu/venv/lib/python3.12/site-packages/airflow/example_dags/example_dag_decorator.py
[2024-06-27T21:28:28.819+0000] {logging_mixin.py:188} INFO - [2024-06-27T21:28:28.819+0000] {dag.py:3096} INFO - Sync 1 DAGs
[2024-06-27T21:28:28.828+0000] {logging_mixin.py:188} INFO - [2024-06-27T21:28:28.828+0000] {dag.py:3954} INFO - Setting next_dagrun for example_dag_decorator to None, run_after=None
[2024-06-27T21:28:28.849+0000] {processor.py:183} INFO - Processing /home/ubuntu/venv/lib/python3.12/site-packages/airflow/example_dags/example_dag_decorator.py took 0.366 seconds
[2024-06-27T21:29:33.173+0000] {processor.py:161} INFO - Started process (PID=3885) to work on /home/ubuntu/venv/lib/python3.12/site-packages/airflow/example_dags/example_dag_decorator.py
[2024-06-27T21:29:33.175+0000] {processor.py:830} INFO - Processing file /home/ubuntu/venv/lib/python3.12/site-packages/airflow/example_dags/example_dag_decorator.py for tasks to queue
[2024-06-27T21:29:33.176+0000] {logging_mixin.py:188} INFO - [2024-06-27T21:29:33.175+0000] {dagbag.py:545} INFO - Filling up the DagBag from /home/ubuntu/venv/lib/python3.12/site-packages/airflow/example_dags/example_dag_decorator.py
[2024-06-27T21:29:33.270+0000] {processor.py:840} INFO - DAG(s) 'example_dag_decorator' retrieved from /home/ubuntu/venv/lib/python3.12/site-packages/airflow/example_dags/example_dag_decorator.py
[2024-06-27T21:29:33.497+0000] {logging_mixin.py:188} INFO - [2024-06-27T21:29:33.497+0000] {dag.py:3096} INFO - Sync 1 DAGs
[2024-06-27T21:29:33.506+0000] {logging_mixin.py:188} INFO - [2024-06-27T21:29:33.506+0000] {dag.py:3954} INFO - Setting next_dagrun for example_dag_decorator to None, run_after=None
[2024-06-27T21:29:33.528+0000] {processor.py:183} INFO - Processing /home/ubuntu/venv/lib/python3.12/site-packages/airflow/example_dags/example_dag_decorator.py took 0.360 seconds
[2024-06-27T21:30:36.643+0000] {processor.py:161} INFO - Started process (PID=3962) to work on /home/ubuntu/venv/lib/python3.12/site-packages/airflow/example_dags/example_dag_decorator.py
[2024-06-27T21:30:36.645+0000] {processor.py:830} INFO - Processing file /home/ubuntu/venv/lib/python3.12/site-packages/airflow/example_dags/example_dag_decorator.py for tasks to queue
[2024-06-27T21:30:36.645+0000] {logging_mixin.py:188} INFO - [2024-06-27T21:30:36.645+0000] {dagbag.py:545} INFO - Filling up the DagBag from /home/ubuntu/venv/lib/python3.12/site-packages/airflow/example_dags/example_dag_decorator.py
[2024-06-27T21:30:36.743+0000] {processor.py:840} INFO - DAG(s) 'example_dag_decorator' retrieved from /home/ubuntu/venv/lib/python3.12/site-packages/airflow/example_dags/example_dag_decorator.py
[2024-06-27T21:30:36.976+0000] {logging_mixin.py:188} INFO - [2024-06-27T21:30:36.976+0000] {dag.py:3096} INFO - Sync 1 DAGs
[2024-06-27T21:30:36.986+0000] {logging_mixin.py:188} INFO - [2024-06-27T21:30:36.986+0000] {dag.py:3954} INFO - Setting next_dagrun for example_dag_decorator to None, run_after=None
[2024-06-27T21:30:37.009+0000] {processor.py:183} INFO - Processing /home/ubuntu/venv/lib/python3.12/site-packages/airflow/example_dags/example_dag_decorator.py took 0.372 seconds
[2024-06-27T21:31:39.493+0000] {processor.py:161} INFO - Started process (PID=4027) to work on /home/ubuntu/venv/lib/python3.12/site-packages/airflow/example_dags/example_dag_decorator.py
[2024-06-27T21:31:39.495+0000] {processor.py:830} INFO - Processing file /home/ubuntu/venv/lib/python3.12/site-packages/airflow/example_dags/example_dag_decorator.py for tasks to queue
[2024-06-27T21:31:39.496+0000] {logging_mixin.py:188} INFO - [2024-06-27T21:31:39.495+0000] {dagbag.py:545} INFO - Filling up the DagBag from /home/ubuntu/venv/lib/python3.12/site-packages/airflow/example_dags/example_dag_decorator.py
[2024-06-27T21:31:39.589+0000] {processor.py:840} INFO - DAG(s) 'example_dag_decorator' retrieved from /home/ubuntu/venv/lib/python3.12/site-packages/airflow/example_dags/example_dag_decorator.py
[2024-06-27T21:31:39.871+0000] {logging_mixin.py:188} INFO - [2024-06-27T21:31:39.870+0000] {dag.py:3096} INFO - Sync 1 DAGs
[2024-06-27T21:31:39.881+0000] {logging_mixin.py:188} INFO - [2024-06-27T21:31:39.881+0000] {dag.py:3954} INFO - Setting next_dagrun for example_dag_decorator to None, run_after=None
[2024-06-27T21:31:39.902+0000] {processor.py:183} INFO - Processing /home/ubuntu/venv/lib/python3.12/site-packages/airflow/example_dags/example_dag_decorator.py took 0.415 seconds
[2024-06-27T21:32:59.111+0000] {processor.py:161} INFO - Started process (PID=4114) to work on /home/ubuntu/venv/lib/python3.12/site-packages/airflow/example_dags/example_dag_decorator.py
[2024-06-27T21:32:59.112+0000] {processor.py:830} INFO - Processing file /home/ubuntu/venv/lib/python3.12/site-packages/airflow/example_dags/example_dag_decorator.py for tasks to queue
[2024-06-27T21:32:59.113+0000] {logging_mixin.py:188} INFO - [2024-06-27T21:32:59.113+0000] {dagbag.py:545} INFO - Filling up the DagBag from /home/ubuntu/venv/lib/python3.12/site-packages/airflow/example_dags/example_dag_decorator.py
[2024-06-27T21:32:59.207+0000] {processor.py:840} INFO - DAG(s) 'example_dag_decorator' retrieved from /home/ubuntu/venv/lib/python3.12/site-packages/airflow/example_dags/example_dag_decorator.py
[2024-06-27T21:32:59.426+0000] {logging_mixin.py:188} INFO - [2024-06-27T21:32:59.425+0000] {dag.py:3096} INFO - Sync 1 DAGs
[2024-06-27T21:32:59.436+0000] {logging_mixin.py:188} INFO - [2024-06-27T21:32:59.436+0000] {dag.py:3954} INFO - Setting next_dagrun for example_dag_decorator to None, run_after=None
[2024-06-27T21:32:59.457+0000] {processor.py:183} INFO - Processing /home/ubuntu/venv/lib/python3.12/site-packages/airflow/example_dags/example_dag_decorator.py took 0.352 seconds
[2024-06-27T21:33:50.942+0000] {processor.py:161} INFO - Started process (PID=4174) to work on /home/ubuntu/venv/lib/python3.12/site-packages/airflow/example_dags/example_dag_decorator.py
[2024-06-27T21:33:50.945+0000] {processor.py:830} INFO - Processing file /home/ubuntu/venv/lib/python3.12/site-packages/airflow/example_dags/example_dag_decorator.py for tasks to queue
[2024-06-27T21:33:50.946+0000] {logging_mixin.py:188} INFO - [2024-06-27T21:33:50.946+0000] {dagbag.py:545} INFO - Filling up the DagBag from /home/ubuntu/venv/lib/python3.12/site-packages/airflow/example_dags/example_dag_decorator.py
[2024-06-27T21:33:51.052+0000] {processor.py:840} INFO - DAG(s) 'example_dag_decorator' retrieved from /home/ubuntu/venv/lib/python3.12/site-packages/airflow/example_dags/example_dag_decorator.py
[2024-06-27T21:33:51.317+0000] {logging_mixin.py:188} INFO - [2024-06-27T21:33:51.316+0000] {dag.py:3096} INFO - Sync 1 DAGs
[2024-06-27T21:33:51.332+0000] {logging_mixin.py:188} INFO - [2024-06-27T21:33:51.331+0000] {dag.py:3954} INFO - Setting next_dagrun for example_dag_decorator to None, run_after=None
[2024-06-27T21:33:51.366+0000] {processor.py:183} INFO - Processing /home/ubuntu/venv/lib/python3.12/site-packages/airflow/example_dags/example_dag_decorator.py took 0.434 seconds
[2024-06-27T21:34:54.889+0000] {processor.py:161} INFO - Started process (PID=4241) to work on /home/ubuntu/venv/lib/python3.12/site-packages/airflow/example_dags/example_dag_decorator.py
[2024-06-27T21:34:54.890+0000] {processor.py:830} INFO - Processing file /home/ubuntu/venv/lib/python3.12/site-packages/airflow/example_dags/example_dag_decorator.py for tasks to queue
[2024-06-27T21:34:54.891+0000] {logging_mixin.py:188} INFO - [2024-06-27T21:34:54.891+0000] {dagbag.py:545} INFO - Filling up the DagBag from /home/ubuntu/venv/lib/python3.12/site-packages/airflow/example_dags/example_dag_decorator.py
[2024-06-27T21:34:54.985+0000] {processor.py:840} INFO - DAG(s) 'example_dag_decorator' retrieved from /home/ubuntu/venv/lib/python3.12/site-packages/airflow/example_dags/example_dag_decorator.py
[2024-06-27T21:34:55.203+0000] {logging_mixin.py:188} INFO - [2024-06-27T21:34:55.203+0000] {dag.py:3096} INFO - Sync 1 DAGs
[2024-06-27T21:34:55.212+0000] {logging_mixin.py:188} INFO - [2024-06-27T21:34:55.211+0000] {dag.py:3954} INFO - Setting next_dagrun for example_dag_decorator to None, run_after=None
[2024-06-27T21:34:55.233+0000] {processor.py:183} INFO - Processing /home/ubuntu/venv/lib/python3.12/site-packages/airflow/example_dags/example_dag_decorator.py took 0.350 seconds
[2024-06-27T21:35:57.190+0000] {processor.py:161} INFO - Started process (PID=4312) to work on /home/ubuntu/venv/lib/python3.12/site-packages/airflow/example_dags/example_dag_decorator.py
[2024-06-27T21:35:57.192+0000] {processor.py:830} INFO - Processing file /home/ubuntu/venv/lib/python3.12/site-packages/airflow/example_dags/example_dag_decorator.py for tasks to queue
[2024-06-27T21:35:57.192+0000] {logging_mixin.py:188} INFO - [2024-06-27T21:35:57.192+0000] {dagbag.py:545} INFO - Filling up the DagBag from /home/ubuntu/venv/lib/python3.12/site-packages/airflow/example_dags/example_dag_decorator.py
[2024-06-27T21:35:57.286+0000] {processor.py:840} INFO - DAG(s) 'example_dag_decorator' retrieved from /home/ubuntu/venv/lib/python3.12/site-packages/airflow/example_dags/example_dag_decorator.py
[2024-06-27T21:35:57.497+0000] {logging_mixin.py:188} INFO - [2024-06-27T21:35:57.496+0000] {dag.py:3096} INFO - Sync 1 DAGs
[2024-06-27T21:35:57.506+0000] {logging_mixin.py:188} INFO - [2024-06-27T21:35:57.505+0000] {dag.py:3954} INFO - Setting next_dagrun for example_dag_decorator to None, run_after=None
[2024-06-27T21:35:57.527+0000] {processor.py:183} INFO - Processing /home/ubuntu/venv/lib/python3.12/site-packages/airflow/example_dags/example_dag_decorator.py took 0.343 seconds
[2024-06-27T21:37:03.740+0000] {processor.py:161} INFO - Started process (PID=4378) to work on /home/ubuntu/venv/lib/python3.12/site-packages/airflow/example_dags/example_dag_decorator.py
[2024-06-27T21:37:03.742+0000] {processor.py:830} INFO - Processing file /home/ubuntu/venv/lib/python3.12/site-packages/airflow/example_dags/example_dag_decorator.py for tasks to queue
[2024-06-27T21:37:03.743+0000] {logging_mixin.py:188} INFO - [2024-06-27T21:37:03.742+0000] {dagbag.py:545} INFO - Filling up the DagBag from /home/ubuntu/venv/lib/python3.12/site-packages/airflow/example_dags/example_dag_decorator.py
[2024-06-27T21:37:03.838+0000] {processor.py:840} INFO - DAG(s) 'example_dag_decorator' retrieved from /home/ubuntu/venv/lib/python3.12/site-packages/airflow/example_dags/example_dag_decorator.py
[2024-06-27T21:37:04.058+0000] {logging_mixin.py:188} INFO - [2024-06-27T21:37:04.057+0000] {dag.py:3096} INFO - Sync 1 DAGs
[2024-06-27T21:37:04.068+0000] {logging_mixin.py:188} INFO - [2024-06-27T21:37:04.068+0000] {dag.py:3954} INFO - Setting next_dagrun for example_dag_decorator to None, run_after=None
[2024-06-27T21:37:04.092+0000] {processor.py:183} INFO - Processing /home/ubuntu/venv/lib/python3.12/site-packages/airflow/example_dags/example_dag_decorator.py took 0.358 seconds
[2024-06-27T21:38:16.690+0000] {processor.py:161} INFO - Started process (PID=4455) to work on /home/ubuntu/venv/lib/python3.12/site-packages/airflow/example_dags/example_dag_decorator.py
[2024-06-27T21:38:16.692+0000] {processor.py:830} INFO - Processing file /home/ubuntu/venv/lib/python3.12/site-packages/airflow/example_dags/example_dag_decorator.py for tasks to queue
[2024-06-27T21:38:16.693+0000] {logging_mixin.py:188} INFO - [2024-06-27T21:38:16.692+0000] {dagbag.py:545} INFO - Filling up the DagBag from /home/ubuntu/venv/lib/python3.12/site-packages/airflow/example_dags/example_dag_decorator.py
[2024-06-27T21:38:16.786+0000] {processor.py:840} INFO - DAG(s) 'example_dag_decorator' retrieved from /home/ubuntu/venv/lib/python3.12/site-packages/airflow/example_dags/example_dag_decorator.py
[2024-06-27T21:38:17.073+0000] {logging_mixin.py:188} INFO - [2024-06-27T21:38:17.073+0000] {dag.py:3096} INFO - Sync 1 DAGs
[2024-06-27T21:38:17.082+0000] {logging_mixin.py:188} INFO - [2024-06-27T21:38:17.082+0000] {dag.py:3954} INFO - Setting next_dagrun for example_dag_decorator to None, run_after=None
[2024-06-27T21:38:17.104+0000] {processor.py:183} INFO - Processing /home/ubuntu/venv/lib/python3.12/site-packages/airflow/example_dags/example_dag_decorator.py took 0.420 seconds
[2024-06-27T21:39:23.877+0000] {processor.py:161} INFO - Started process (PID=4525) to work on /home/ubuntu/venv/lib/python3.12/site-packages/airflow/example_dags/example_dag_decorator.py
[2024-06-27T21:39:23.879+0000] {processor.py:830} INFO - Processing file /home/ubuntu/venv/lib/python3.12/site-packages/airflow/example_dags/example_dag_decorator.py for tasks to queue
[2024-06-27T21:39:23.881+0000] {logging_mixin.py:188} INFO - [2024-06-27T21:39:23.880+0000] {dagbag.py:545} INFO - Filling up the DagBag from /home/ubuntu/venv/lib/python3.12/site-packages/airflow/example_dags/example_dag_decorator.py
[2024-06-27T21:39:24.119+0000] {processor.py:840} INFO - DAG(s) 'example_dag_decorator' retrieved from /home/ubuntu/venv/lib/python3.12/site-packages/airflow/example_dags/example_dag_decorator.py
[2024-06-27T21:39:24.213+0000] {logging_mixin.py:188} INFO - [2024-06-27T21:39:24.213+0000] {dag.py:3096} INFO - Sync 1 DAGs
[2024-06-27T21:39:24.221+0000] {logging_mixin.py:188} INFO - [2024-06-27T21:39:24.221+0000] {dag.py:3954} INFO - Setting next_dagrun for example_dag_decorator to None, run_after=None
[2024-06-27T21:39:24.242+0000] {processor.py:183} INFO - Processing /home/ubuntu/venv/lib/python3.12/site-packages/airflow/example_dags/example_dag_decorator.py took 0.375 seconds
[2024-06-27T21:40:25.922+0000] {processor.py:161} INFO - Started process (PID=4592) to work on /home/ubuntu/venv/lib/python3.12/site-packages/airflow/example_dags/example_dag_decorator.py
[2024-06-27T21:40:25.923+0000] {processor.py:830} INFO - Processing file /home/ubuntu/venv/lib/python3.12/site-packages/airflow/example_dags/example_dag_decorator.py for tasks to queue
[2024-06-27T21:40:25.924+0000] {logging_mixin.py:188} INFO - [2024-06-27T21:40:25.924+0000] {dagbag.py:545} INFO - Filling up the DagBag from /home/ubuntu/venv/lib/python3.12/site-packages/airflow/example_dags/example_dag_decorator.py
[2024-06-27T21:40:26.021+0000] {processor.py:840} INFO - DAG(s) 'example_dag_decorator' retrieved from /home/ubuntu/venv/lib/python3.12/site-packages/airflow/example_dags/example_dag_decorator.py
[2024-06-27T21:40:26.247+0000] {logging_mixin.py:188} INFO - [2024-06-27T21:40:26.246+0000] {dag.py:3096} INFO - Sync 1 DAGs
[2024-06-27T21:40:26.255+0000] {logging_mixin.py:188} INFO - [2024-06-27T21:40:26.255+0000] {dag.py:3954} INFO - Setting next_dagrun for example_dag_decorator to None, run_after=None
[2024-06-27T21:40:26.277+0000] {processor.py:183} INFO - Processing /home/ubuntu/venv/lib/python3.12/site-packages/airflow/example_dags/example_dag_decorator.py took 0.361 seconds
[2024-06-27T21:41:32.461+0000] {processor.py:161} INFO - Started process (PID=4659) to work on /home/ubuntu/venv/lib/python3.12/site-packages/airflow/example_dags/example_dag_decorator.py
[2024-06-27T21:41:32.462+0000] {processor.py:830} INFO - Processing file /home/ubuntu/venv/lib/python3.12/site-packages/airflow/example_dags/example_dag_decorator.py for tasks to queue
[2024-06-27T21:41:32.463+0000] {logging_mixin.py:188} INFO - [2024-06-27T21:41:32.462+0000] {dagbag.py:545} INFO - Filling up the DagBag from /home/ubuntu/venv/lib/python3.12/site-packages/airflow/example_dags/example_dag_decorator.py
[2024-06-27T21:41:32.555+0000] {processor.py:840} INFO - DAG(s) 'example_dag_decorator' retrieved from /home/ubuntu/venv/lib/python3.12/site-packages/airflow/example_dags/example_dag_decorator.py
[2024-06-27T21:41:32.829+0000] {logging_mixin.py:188} INFO - [2024-06-27T21:41:32.829+0000] {dag.py:3096} INFO - Sync 1 DAGs
[2024-06-27T21:41:32.838+0000] {logging_mixin.py:188} INFO - [2024-06-27T21:41:32.838+0000] {dag.py:3954} INFO - Setting next_dagrun for example_dag_decorator to None, run_after=None
[2024-06-27T21:41:32.868+0000] {processor.py:183} INFO - Processing /home/ubuntu/venv/lib/python3.12/site-packages/airflow/example_dags/example_dag_decorator.py took 0.413 seconds
[2024-06-27T21:42:38.953+0000] {processor.py:161} INFO - Started process (PID=4729) to work on /home/ubuntu/venv/lib/python3.12/site-packages/airflow/example_dags/example_dag_decorator.py
[2024-06-27T21:42:38.955+0000] {processor.py:830} INFO - Processing file /home/ubuntu/venv/lib/python3.12/site-packages/airflow/example_dags/example_dag_decorator.py for tasks to queue
[2024-06-27T21:42:38.956+0000] {logging_mixin.py:188} INFO - [2024-06-27T21:42:38.955+0000] {dagbag.py:545} INFO - Filling up the DagBag from /home/ubuntu/venv/lib/python3.12/site-packages/airflow/example_dags/example_dag_decorator.py
[2024-06-27T21:42:39.241+0000] {processor.py:840} INFO - DAG(s) 'example_dag_decorator' retrieved from /home/ubuntu/venv/lib/python3.12/site-packages/airflow/example_dags/example_dag_decorator.py
[2024-06-27T21:42:39.349+0000] {logging_mixin.py:188} INFO - [2024-06-27T21:42:39.349+0000] {dag.py:3096} INFO - Sync 1 DAGs
[2024-06-27T21:42:39.359+0000] {logging_mixin.py:188} INFO - [2024-06-27T21:42:39.359+0000] {dag.py:3954} INFO - Setting next_dagrun for example_dag_decorator to None, run_after=None
[2024-06-27T21:42:39.380+0000] {processor.py:183} INFO - Processing /home/ubuntu/venv/lib/python3.12/site-packages/airflow/example_dags/example_dag_decorator.py took 0.437 seconds
[2024-06-27T21:43:45.091+0000] {processor.py:161} INFO - Started process (PID=4795) to work on /home/ubuntu/venv/lib/python3.12/site-packages/airflow/example_dags/example_dag_decorator.py
[2024-06-27T21:43:45.092+0000] {processor.py:830} INFO - Processing file /home/ubuntu/venv/lib/python3.12/site-packages/airflow/example_dags/example_dag_decorator.py for tasks to queue
[2024-06-27T21:43:45.093+0000] {logging_mixin.py:188} INFO - [2024-06-27T21:43:45.093+0000] {dagbag.py:545} INFO - Filling up the DagBag from /home/ubuntu/venv/lib/python3.12/site-packages/airflow/example_dags/example_dag_decorator.py
[2024-06-27T21:43:45.392+0000] {processor.py:840} INFO - DAG(s) 'example_dag_decorator' retrieved from /home/ubuntu/venv/lib/python3.12/site-packages/airflow/example_dags/example_dag_decorator.py
[2024-06-27T21:43:45.548+0000] {logging_mixin.py:188} INFO - [2024-06-27T21:43:45.548+0000] {dag.py:3096} INFO - Sync 1 DAGs
[2024-06-27T21:43:45.557+0000] {logging_mixin.py:188} INFO - [2024-06-27T21:43:45.557+0000] {dag.py:3954} INFO - Setting next_dagrun for example_dag_decorator to None, run_after=None
[2024-06-27T21:43:45.581+0000] {processor.py:183} INFO - Processing /home/ubuntu/venv/lib/python3.12/site-packages/airflow/example_dags/example_dag_decorator.py took 0.496 seconds
[2024-06-27T21:44:50.362+0000] {processor.py:161} INFO - Started process (PID=4905) to work on /home/ubuntu/venv/lib/python3.12/site-packages/airflow/example_dags/example_dag_decorator.py
[2024-06-27T21:44:50.364+0000] {processor.py:830} INFO - Processing file /home/ubuntu/venv/lib/python3.12/site-packages/airflow/example_dags/example_dag_decorator.py for tasks to queue
[2024-06-27T21:44:50.365+0000] {logging_mixin.py:188} INFO - [2024-06-27T21:44:50.364+0000] {dagbag.py:545} INFO - Filling up the DagBag from /home/ubuntu/venv/lib/python3.12/site-packages/airflow/example_dags/example_dag_decorator.py
[2024-06-27T21:44:50.573+0000] {processor.py:840} INFO - DAG(s) 'example_dag_decorator' retrieved from /home/ubuntu/venv/lib/python3.12/site-packages/airflow/example_dags/example_dag_decorator.py
[2024-06-27T21:44:50.667+0000] {logging_mixin.py:188} INFO - [2024-06-27T21:44:50.667+0000] {dag.py:3096} INFO - Sync 1 DAGs
[2024-06-27T21:44:50.676+0000] {logging_mixin.py:188} INFO - [2024-06-27T21:44:50.675+0000] {dag.py:3954} INFO - Setting next_dagrun for example_dag_decorator to None, run_after=None
[2024-06-27T21:44:50.697+0000] {processor.py:183} INFO - Processing /home/ubuntu/venv/lib/python3.12/site-packages/airflow/example_dags/example_dag_decorator.py took 0.341 seconds
[2024-06-27T21:45:59.361+0000] {processor.py:161} INFO - Started process (PID=4978) to work on /home/ubuntu/venv/lib/python3.12/site-packages/airflow/example_dags/example_dag_decorator.py
[2024-06-27T21:45:59.362+0000] {processor.py:830} INFO - Processing file /home/ubuntu/venv/lib/python3.12/site-packages/airflow/example_dags/example_dag_decorator.py for tasks to queue
[2024-06-27T21:45:59.363+0000] {logging_mixin.py:188} INFO - [2024-06-27T21:45:59.363+0000] {dagbag.py:545} INFO - Filling up the DagBag from /home/ubuntu/venv/lib/python3.12/site-packages/airflow/example_dags/example_dag_decorator.py
[2024-06-27T21:45:59.575+0000] {processor.py:840} INFO - DAG(s) 'example_dag_decorator' retrieved from /home/ubuntu/venv/lib/python3.12/site-packages/airflow/example_dags/example_dag_decorator.py
[2024-06-27T21:45:59.680+0000] {logging_mixin.py:188} INFO - [2024-06-27T21:45:59.679+0000] {dag.py:3096} INFO - Sync 1 DAGs
[2024-06-27T21:45:59.694+0000] {logging_mixin.py:188} INFO - [2024-06-27T21:45:59.694+0000] {dag.py:3954} INFO - Setting next_dagrun for example_dag_decorator to None, run_after=None
[2024-06-27T21:45:59.725+0000] {processor.py:183} INFO - Processing /home/ubuntu/venv/lib/python3.12/site-packages/airflow/example_dags/example_dag_decorator.py took 0.371 seconds
[2024-06-27T21:47:15.464+0000] {processor.py:161} INFO - Started process (PID=5050) to work on /home/ubuntu/venv/lib/python3.12/site-packages/airflow/example_dags/example_dag_decorator.py
[2024-06-27T21:47:15.466+0000] {processor.py:830} INFO - Processing file /home/ubuntu/venv/lib/python3.12/site-packages/airflow/example_dags/example_dag_decorator.py for tasks to queue
[2024-06-27T21:47:15.467+0000] {logging_mixin.py:188} INFO - [2024-06-27T21:47:15.466+0000] {dagbag.py:545} INFO - Filling up the DagBag from /home/ubuntu/venv/lib/python3.12/site-packages/airflow/example_dags/example_dag_decorator.py
[2024-06-27T21:47:15.561+0000] {processor.py:840} INFO - DAG(s) 'example_dag_decorator' retrieved from /home/ubuntu/venv/lib/python3.12/site-packages/airflow/example_dags/example_dag_decorator.py
[2024-06-27T21:47:15.665+0000] {logging_mixin.py:188} INFO - [2024-06-27T21:47:15.665+0000] {dag.py:3096} INFO - Sync 1 DAGs
[2024-06-27T21:47:15.675+0000] {logging_mixin.py:188} INFO - [2024-06-27T21:47:15.674+0000] {dag.py:3954} INFO - Setting next_dagrun for example_dag_decorator to None, run_after=None
[2024-06-27T21:47:15.698+0000] {processor.py:183} INFO - Processing /home/ubuntu/venv/lib/python3.12/site-packages/airflow/example_dags/example_dag_decorator.py took 0.240 seconds
[2024-06-27T21:48:23.935+0000] {processor.py:161} INFO - Started process (PID=5246) to work on /home/ubuntu/venv/lib/python3.12/site-packages/airflow/example_dags/example_dag_decorator.py
[2024-06-27T21:48:23.937+0000] {processor.py:830} INFO - Processing file /home/ubuntu/venv/lib/python3.12/site-packages/airflow/example_dags/example_dag_decorator.py for tasks to queue
[2024-06-27T21:48:23.938+0000] {logging_mixin.py:188} INFO - [2024-06-27T21:48:23.937+0000] {dagbag.py:545} INFO - Filling up the DagBag from /home/ubuntu/venv/lib/python3.12/site-packages/airflow/example_dags/example_dag_decorator.py
[2024-06-27T21:48:24.033+0000] {processor.py:840} INFO - DAG(s) 'example_dag_decorator' retrieved from /home/ubuntu/venv/lib/python3.12/site-packages/airflow/example_dags/example_dag_decorator.py
[2024-06-27T21:48:24.139+0000] {logging_mixin.py:188} INFO - [2024-06-27T21:48:24.138+0000] {dag.py:3096} INFO - Sync 1 DAGs
[2024-06-27T21:48:24.149+0000] {logging_mixin.py:188} INFO - [2024-06-27T21:48:24.148+0000] {dag.py:3954} INFO - Setting next_dagrun for example_dag_decorator to None, run_after=None
[2024-06-27T21:48:24.172+0000] {processor.py:183} INFO - Processing /home/ubuntu/venv/lib/python3.12/site-packages/airflow/example_dags/example_dag_decorator.py took 0.245 seconds
[2024-06-27T21:49:26.218+0000] {processor.py:161} INFO - Started process (PID=5313) to work on /home/ubuntu/venv/lib/python3.12/site-packages/airflow/example_dags/example_dag_decorator.py
[2024-06-27T21:49:26.219+0000] {processor.py:830} INFO - Processing file /home/ubuntu/venv/lib/python3.12/site-packages/airflow/example_dags/example_dag_decorator.py for tasks to queue
[2024-06-27T21:49:26.221+0000] {logging_mixin.py:188} INFO - [2024-06-27T21:49:26.220+0000] {dagbag.py:545} INFO - Filling up the DagBag from /home/ubuntu/venv/lib/python3.12/site-packages/airflow/example_dags/example_dag_decorator.py
[2024-06-27T21:49:26.315+0000] {processor.py:840} INFO - DAG(s) 'example_dag_decorator' retrieved from /home/ubuntu/venv/lib/python3.12/site-packages/airflow/example_dags/example_dag_decorator.py
[2024-06-27T21:49:26.419+0000] {logging_mixin.py:188} INFO - [2024-06-27T21:49:26.418+0000] {dag.py:3096} INFO - Sync 1 DAGs
[2024-06-27T21:49:26.428+0000] {logging_mixin.py:188} INFO - [2024-06-27T21:49:26.428+0000] {dag.py:3954} INFO - Setting next_dagrun for example_dag_decorator to None, run_after=None
[2024-06-27T21:49:26.450+0000] {processor.py:183} INFO - Processing /home/ubuntu/venv/lib/python3.12/site-packages/airflow/example_dags/example_dag_decorator.py took 0.240 seconds
