[2024-06-27T21:19:52.595+0000] {processor.py:161} INFO - Started process (PID=2950) to work on /home/ubuntu/venv/lib/python3.12/site-packages/airflow/example_dags/example_short_circuit_decorator.py
[2024-06-27T21:19:52.595+0000] {processor.py:830} INFO - Processing file /home/ubuntu/venv/lib/python3.12/site-packages/airflow/example_dags/example_short_circuit_decorator.py for tasks to queue
[2024-06-27T21:19:52.597+0000] {logging_mixin.py:188} INFO - [2024-06-27T21:19:52.597+0000] {dagbag.py:545} INFO - Filling up the DagBag from /home/ubuntu/venv/lib/python3.12/site-packages/airflow/example_dags/example_short_circuit_decorator.py
[2024-06-27T21:19:52.607+0000] {processor.py:840} INFO - DAG(s) 'example_short_circuit_decorator' retrieved from /home/ubuntu/venv/lib/python3.12/site-packages/airflow/example_dags/example_short_circuit_decorator.py
[2024-06-27T21:19:52.727+0000] {logging_mixin.py:188} INFO - [2024-06-27T21:19:52.727+0000] {override.py:1847} INFO - Created Permission View: can read on DAG:example_short_circuit_decorator
[2024-06-27T21:19:52.740+0000] {logging_mixin.py:188} INFO - [2024-06-27T21:19:52.740+0000] {override.py:1847} INFO - Created Permission View: can delete on DAG:example_short_circuit_decorator
[2024-06-27T21:19:52.749+0000] {logging_mixin.py:188} INFO - [2024-06-27T21:19:52.749+0000] {override.py:1847} INFO - Created Permission View: can edit on DAG:example_short_circuit_decorator
[2024-06-27T21:19:52.750+0000] {logging_mixin.py:188} INFO - [2024-06-27T21:19:52.750+0000] {dag.py:3096} INFO - Sync 1 DAGs
[2024-06-27T21:19:52.760+0000] {logging_mixin.py:188} INFO - [2024-06-27T21:19:52.760+0000] {dag.py:3118} INFO - Creating ORM DAG for example_short_circuit_decorator
[2024-06-27T21:19:52.769+0000] {logging_mixin.py:188} INFO - [2024-06-27T21:19:52.769+0000] {dag.py:3954} INFO - Setting next_dagrun for example_short_circuit_decorator to 2024-06-26 00:00:00+00:00, run_after=2024-06-27 00:00:00+00:00
[2024-06-27T21:19:52.790+0000] {processor.py:183} INFO - Processing /home/ubuntu/venv/lib/python3.12/site-packages/airflow/example_dags/example_short_circuit_decorator.py took 0.201 seconds
[2024-06-27T21:20:46.252+0000] {processor.py:161} INFO - Started process (PID=3233) to work on /home/ubuntu/venv/lib/python3.12/site-packages/airflow/example_dags/example_short_circuit_decorator.py
[2024-06-27T21:20:46.253+0000] {processor.py:830} INFO - Processing file /home/ubuntu/venv/lib/python3.12/site-packages/airflow/example_dags/example_short_circuit_decorator.py for tasks to queue
[2024-06-27T21:20:46.255+0000] {logging_mixin.py:188} INFO - [2024-06-27T21:20:46.255+0000] {dagbag.py:545} INFO - Filling up the DagBag from /home/ubuntu/venv/lib/python3.12/site-packages/airflow/example_dags/example_short_circuit_decorator.py
[2024-06-27T21:20:46.265+0000] {processor.py:840} INFO - DAG(s) 'example_short_circuit_decorator' retrieved from /home/ubuntu/venv/lib/python3.12/site-packages/airflow/example_dags/example_short_circuit_decorator.py
[2024-06-27T21:20:46.285+0000] {logging_mixin.py:188} INFO - [2024-06-27T21:20:46.285+0000] {dag.py:3096} INFO - Sync 1 DAGs
[2024-06-27T21:20:46.307+0000] {logging_mixin.py:188} INFO - [2024-06-27T21:20:46.307+0000] {dag.py:3954} INFO - Setting next_dagrun for example_short_circuit_decorator to 2024-06-26 00:00:00+00:00, run_after=2024-06-27 00:00:00+00:00
[2024-06-27T21:20:46.337+0000] {processor.py:183} INFO - Processing /home/ubuntu/venv/lib/python3.12/site-packages/airflow/example_dags/example_short_circuit_decorator.py took 0.092 seconds
[2024-06-27T21:21:36.464+0000] {processor.py:161} INFO - Started process (PID=3345) to work on /home/ubuntu/venv/lib/python3.12/site-packages/airflow/example_dags/example_short_circuit_decorator.py
[2024-06-27T21:21:36.465+0000] {processor.py:830} INFO - Processing file /home/ubuntu/venv/lib/python3.12/site-packages/airflow/example_dags/example_short_circuit_decorator.py for tasks to queue
[2024-06-27T21:21:36.467+0000] {logging_mixin.py:188} INFO - [2024-06-27T21:21:36.467+0000] {dagbag.py:545} INFO - Filling up the DagBag from /home/ubuntu/venv/lib/python3.12/site-packages/airflow/example_dags/example_short_circuit_decorator.py
[2024-06-27T21:21:36.477+0000] {processor.py:840} INFO - DAG(s) 'example_short_circuit_decorator' retrieved from /home/ubuntu/venv/lib/python3.12/site-packages/airflow/example_dags/example_short_circuit_decorator.py
[2024-06-27T21:21:36.497+0000] {logging_mixin.py:188} INFO - [2024-06-27T21:21:36.497+0000] {dag.py:3096} INFO - Sync 1 DAGs
[2024-06-27T21:21:36.518+0000] {logging_mixin.py:188} INFO - [2024-06-27T21:21:36.518+0000] {dag.py:3954} INFO - Setting next_dagrun for example_short_circuit_decorator to 2024-06-26 00:00:00+00:00, run_after=2024-06-27 00:00:00+00:00
[2024-06-27T21:21:36.541+0000] {processor.py:183} INFO - Processing /home/ubuntu/venv/lib/python3.12/site-packages/airflow/example_dags/example_short_circuit_decorator.py took 0.084 seconds
[2024-06-27T21:22:21.548+0000] {processor.py:161} INFO - Started process (PID=3403) to work on /home/ubuntu/venv/lib/python3.12/site-packages/airflow/example_dags/example_short_circuit_decorator.py
[2024-06-27T21:22:21.549+0000] {processor.py:830} INFO - Processing file /home/ubuntu/venv/lib/python3.12/site-packages/airflow/example_dags/example_short_circuit_decorator.py for tasks to queue
[2024-06-27T21:22:21.551+0000] {logging_mixin.py:188} INFO - [2024-06-27T21:22:21.551+0000] {dagbag.py:545} INFO - Filling up the DagBag from /home/ubuntu/venv/lib/python3.12/site-packages/airflow/example_dags/example_short_circuit_decorator.py
[2024-06-27T21:22:21.561+0000] {processor.py:840} INFO - DAG(s) 'example_short_circuit_decorator' retrieved from /home/ubuntu/venv/lib/python3.12/site-packages/airflow/example_dags/example_short_circuit_decorator.py
[2024-06-27T21:22:21.582+0000] {logging_mixin.py:188} INFO - [2024-06-27T21:22:21.582+0000] {dag.py:3096} INFO - Sync 1 DAGs
[2024-06-27T21:22:21.603+0000] {logging_mixin.py:188} INFO - [2024-06-27T21:22:21.602+0000] {dag.py:3954} INFO - Setting next_dagrun for example_short_circuit_decorator to 2024-06-26 00:00:00+00:00, run_after=2024-06-27 00:00:00+00:00
[2024-06-27T21:22:21.625+0000] {processor.py:183} INFO - Processing /home/ubuntu/venv/lib/python3.12/site-packages/airflow/example_dags/example_short_circuit_decorator.py took 0.083 seconds
[2024-06-27T21:23:20.008+0000] {processor.py:161} INFO - Started process (PID=3467) to work on /home/ubuntu/venv/lib/python3.12/site-packages/airflow/example_dags/example_short_circuit_decorator.py
[2024-06-27T21:23:20.010+0000] {processor.py:830} INFO - Processing file /home/ubuntu/venv/lib/python3.12/site-packages/airflow/example_dags/example_short_circuit_decorator.py for tasks to queue
[2024-06-27T21:23:20.011+0000] {logging_mixin.py:188} INFO - [2024-06-27T21:23:20.011+0000] {dagbag.py:545} INFO - Filling up the DagBag from /home/ubuntu/venv/lib/python3.12/site-packages/airflow/example_dags/example_short_circuit_decorator.py
[2024-06-27T21:23:20.021+0000] {processor.py:840} INFO - DAG(s) 'example_short_circuit_decorator' retrieved from /home/ubuntu/venv/lib/python3.12/site-packages/airflow/example_dags/example_short_circuit_decorator.py
[2024-06-27T21:23:20.041+0000] {logging_mixin.py:188} INFO - [2024-06-27T21:23:20.041+0000] {dag.py:3096} INFO - Sync 1 DAGs
[2024-06-27T21:23:20.062+0000] {logging_mixin.py:188} INFO - [2024-06-27T21:23:20.061+0000] {dag.py:3954} INFO - Setting next_dagrun for example_short_circuit_decorator to 2024-06-26 00:00:00+00:00, run_after=2024-06-27 00:00:00+00:00
[2024-06-27T21:23:20.085+0000] {processor.py:183} INFO - Processing /home/ubuntu/venv/lib/python3.12/site-packages/airflow/example_dags/example_short_circuit_decorator.py took 0.082 seconds
[2024-06-27T21:24:17.612+0000] {processor.py:161} INFO - Started process (PID=3530) to work on /home/ubuntu/venv/lib/python3.12/site-packages/airflow/example_dags/example_short_circuit_decorator.py
[2024-06-27T21:24:17.614+0000] {processor.py:830} INFO - Processing file /home/ubuntu/venv/lib/python3.12/site-packages/airflow/example_dags/example_short_circuit_decorator.py for tasks to queue
[2024-06-27T21:24:17.615+0000] {logging_mixin.py:188} INFO - [2024-06-27T21:24:17.615+0000] {dagbag.py:545} INFO - Filling up the DagBag from /home/ubuntu/venv/lib/python3.12/site-packages/airflow/example_dags/example_short_circuit_decorator.py
[2024-06-27T21:24:17.625+0000] {processor.py:840} INFO - DAG(s) 'example_short_circuit_decorator' retrieved from /home/ubuntu/venv/lib/python3.12/site-packages/airflow/example_dags/example_short_circuit_decorator.py
[2024-06-27T21:24:17.644+0000] {logging_mixin.py:188} INFO - [2024-06-27T21:24:17.644+0000] {dag.py:3096} INFO - Sync 1 DAGs
[2024-06-27T21:24:17.665+0000] {logging_mixin.py:188} INFO - [2024-06-27T21:24:17.664+0000] {dag.py:3954} INFO - Setting next_dagrun for example_short_circuit_decorator to 2024-06-26 00:00:00+00:00, run_after=2024-06-27 00:00:00+00:00
[2024-06-27T21:24:17.686+0000] {processor.py:183} INFO - Processing /home/ubuntu/venv/lib/python3.12/site-packages/airflow/example_dags/example_short_circuit_decorator.py took 0.080 seconds
[2024-06-27T21:25:01.272+0000] {processor.py:161} INFO - Started process (PID=3575) to work on /home/ubuntu/venv/lib/python3.12/site-packages/airflow/example_dags/example_short_circuit_decorator.py
[2024-06-27T21:25:01.274+0000] {processor.py:830} INFO - Processing file /home/ubuntu/venv/lib/python3.12/site-packages/airflow/example_dags/example_short_circuit_decorator.py for tasks to queue
[2024-06-27T21:25:01.275+0000] {logging_mixin.py:188} INFO - [2024-06-27T21:25:01.274+0000] {dagbag.py:545} INFO - Filling up the DagBag from /home/ubuntu/venv/lib/python3.12/site-packages/airflow/example_dags/example_short_circuit_decorator.py
[2024-06-27T21:25:01.286+0000] {processor.py:840} INFO - DAG(s) 'example_short_circuit_decorator' retrieved from /home/ubuntu/venv/lib/python3.12/site-packages/airflow/example_dags/example_short_circuit_decorator.py
[2024-06-27T21:25:01.306+0000] {logging_mixin.py:188} INFO - [2024-06-27T21:25:01.305+0000] {dag.py:3096} INFO - Sync 1 DAGs
[2024-06-27T21:25:01.326+0000] {logging_mixin.py:188} INFO - [2024-06-27T21:25:01.326+0000] {dag.py:3954} INFO - Setting next_dagrun for example_short_circuit_decorator to 2024-06-26 00:00:00+00:00, run_after=2024-06-27 00:00:00+00:00
[2024-06-27T21:25:01.353+0000] {processor.py:183} INFO - Processing /home/ubuntu/venv/lib/python3.12/site-packages/airflow/example_dags/example_short_circuit_decorator.py took 0.086 seconds
[2024-06-27T21:26:01.908+0000] {processor.py:161} INFO - Started process (PID=3646) to work on /home/ubuntu/venv/lib/python3.12/site-packages/airflow/example_dags/example_short_circuit_decorator.py
[2024-06-27T21:26:01.910+0000] {processor.py:830} INFO - Processing file /home/ubuntu/venv/lib/python3.12/site-packages/airflow/example_dags/example_short_circuit_decorator.py for tasks to queue
[2024-06-27T21:26:01.911+0000] {logging_mixin.py:188} INFO - [2024-06-27T21:26:01.910+0000] {dagbag.py:545} INFO - Filling up the DagBag from /home/ubuntu/venv/lib/python3.12/site-packages/airflow/example_dags/example_short_circuit_decorator.py
[2024-06-27T21:26:01.921+0000] {processor.py:840} INFO - DAG(s) 'example_short_circuit_decorator' retrieved from /home/ubuntu/venv/lib/python3.12/site-packages/airflow/example_dags/example_short_circuit_decorator.py
[2024-06-27T21:26:01.941+0000] {logging_mixin.py:188} INFO - [2024-06-27T21:26:01.941+0000] {dag.py:3096} INFO - Sync 1 DAGs
[2024-06-27T21:26:01.962+0000] {logging_mixin.py:188} INFO - [2024-06-27T21:26:01.961+0000] {dag.py:3954} INFO - Setting next_dagrun for example_short_circuit_decorator to 2024-06-26 00:00:00+00:00, run_after=2024-06-27 00:00:00+00:00
[2024-06-27T21:26:01.984+0000] {processor.py:183} INFO - Processing /home/ubuntu/venv/lib/python3.12/site-packages/airflow/example_dags/example_short_circuit_decorator.py took 0.082 seconds
[2024-06-27T21:26:47.038+0000] {processor.py:161} INFO - Started process (PID=3692) to work on /home/ubuntu/venv/lib/python3.12/site-packages/airflow/example_dags/example_short_circuit_decorator.py
[2024-06-27T21:26:47.039+0000] {processor.py:830} INFO - Processing file /home/ubuntu/venv/lib/python3.12/site-packages/airflow/example_dags/example_short_circuit_decorator.py for tasks to queue
[2024-06-27T21:26:47.040+0000] {logging_mixin.py:188} INFO - [2024-06-27T21:26:47.040+0000] {dagbag.py:545} INFO - Filling up the DagBag from /home/ubuntu/venv/lib/python3.12/site-packages/airflow/example_dags/example_short_circuit_decorator.py
[2024-06-27T21:26:47.051+0000] {processor.py:840} INFO - DAG(s) 'example_short_circuit_decorator' retrieved from /home/ubuntu/venv/lib/python3.12/site-packages/airflow/example_dags/example_short_circuit_decorator.py
[2024-06-27T21:26:47.071+0000] {logging_mixin.py:188} INFO - [2024-06-27T21:26:47.070+0000] {dag.py:3096} INFO - Sync 1 DAGs
[2024-06-27T21:26:47.092+0000] {logging_mixin.py:188} INFO - [2024-06-27T21:26:47.092+0000] {dag.py:3954} INFO - Setting next_dagrun for example_short_circuit_decorator to 2024-06-26 00:00:00+00:00, run_after=2024-06-27 00:00:00+00:00
[2024-06-27T21:26:47.114+0000] {processor.py:183} INFO - Processing /home/ubuntu/venv/lib/python3.12/site-packages/airflow/example_dags/example_short_circuit_decorator.py took 0.082 seconds
[2024-06-27T21:27:29.390+0000] {processor.py:161} INFO - Started process (PID=3737) to work on /home/ubuntu/venv/lib/python3.12/site-packages/airflow/example_dags/example_short_circuit_decorator.py
[2024-06-27T21:27:29.391+0000] {processor.py:830} INFO - Processing file /home/ubuntu/venv/lib/python3.12/site-packages/airflow/example_dags/example_short_circuit_decorator.py for tasks to queue
[2024-06-27T21:27:29.392+0000] {logging_mixin.py:188} INFO - [2024-06-27T21:27:29.392+0000] {dagbag.py:545} INFO - Filling up the DagBag from /home/ubuntu/venv/lib/python3.12/site-packages/airflow/example_dags/example_short_circuit_decorator.py
[2024-06-27T21:27:29.402+0000] {processor.py:840} INFO - DAG(s) 'example_short_circuit_decorator' retrieved from /home/ubuntu/venv/lib/python3.12/site-packages/airflow/example_dags/example_short_circuit_decorator.py
[2024-06-27T21:27:29.422+0000] {logging_mixin.py:188} INFO - [2024-06-27T21:27:29.422+0000] {dag.py:3096} INFO - Sync 1 DAGs
[2024-06-27T21:27:29.442+0000] {logging_mixin.py:188} INFO - [2024-06-27T21:27:29.442+0000] {dag.py:3954} INFO - Setting next_dagrun for example_short_circuit_decorator to 2024-06-26 00:00:00+00:00, run_after=2024-06-27 00:00:00+00:00
[2024-06-27T21:27:29.465+0000] {processor.py:183} INFO - Processing /home/ubuntu/venv/lib/python3.12/site-packages/airflow/example_dags/example_short_circuit_decorator.py took 0.081 seconds
[2024-06-27T21:28:55.789+0000] {processor.py:161} INFO - Started process (PID=3846) to work on /home/ubuntu/venv/lib/python3.12/site-packages/airflow/example_dags/example_short_circuit_decorator.py
[2024-06-27T21:28:55.791+0000] {processor.py:830} INFO - Processing file /home/ubuntu/venv/lib/python3.12/site-packages/airflow/example_dags/example_short_circuit_decorator.py for tasks to queue
[2024-06-27T21:28:55.792+0000] {logging_mixin.py:188} INFO - [2024-06-27T21:28:55.791+0000] {dagbag.py:545} INFO - Filling up the DagBag from /home/ubuntu/venv/lib/python3.12/site-packages/airflow/example_dags/example_short_circuit_decorator.py
[2024-06-27T21:28:55.802+0000] {processor.py:840} INFO - DAG(s) 'example_short_circuit_decorator' retrieved from /home/ubuntu/venv/lib/python3.12/site-packages/airflow/example_dags/example_short_circuit_decorator.py
[2024-06-27T21:28:55.822+0000] {logging_mixin.py:188} INFO - [2024-06-27T21:28:55.821+0000] {dag.py:3096} INFO - Sync 1 DAGs
[2024-06-27T21:28:55.842+0000] {logging_mixin.py:188} INFO - [2024-06-27T21:28:55.841+0000] {dag.py:3954} INFO - Setting next_dagrun for example_short_circuit_decorator to 2024-06-26 00:00:00+00:00, run_after=2024-06-27 00:00:00+00:00
[2024-06-27T21:28:55.865+0000] {processor.py:183} INFO - Processing /home/ubuntu/venv/lib/python3.12/site-packages/airflow/example_dags/example_short_circuit_decorator.py took 0.081 seconds
[2024-06-27T21:29:46.254+0000] {processor.py:161} INFO - Started process (PID=3899) to work on /home/ubuntu/venv/lib/python3.12/site-packages/airflow/example_dags/example_short_circuit_decorator.py
[2024-06-27T21:29:46.256+0000] {processor.py:830} INFO - Processing file /home/ubuntu/venv/lib/python3.12/site-packages/airflow/example_dags/example_short_circuit_decorator.py for tasks to queue
[2024-06-27T21:29:46.257+0000] {logging_mixin.py:188} INFO - [2024-06-27T21:29:46.256+0000] {dagbag.py:545} INFO - Filling up the DagBag from /home/ubuntu/venv/lib/python3.12/site-packages/airflow/example_dags/example_short_circuit_decorator.py
[2024-06-27T21:29:46.267+0000] {processor.py:840} INFO - DAG(s) 'example_short_circuit_decorator' retrieved from /home/ubuntu/venv/lib/python3.12/site-packages/airflow/example_dags/example_short_circuit_decorator.py
[2024-06-27T21:29:46.286+0000] {logging_mixin.py:188} INFO - [2024-06-27T21:29:46.286+0000] {dag.py:3096} INFO - Sync 1 DAGs
[2024-06-27T21:29:46.306+0000] {logging_mixin.py:188} INFO - [2024-06-27T21:29:46.306+0000] {dag.py:3954} INFO - Setting next_dagrun for example_short_circuit_decorator to 2024-06-26 00:00:00+00:00, run_after=2024-06-27 00:00:00+00:00
[2024-06-27T21:29:46.328+0000] {processor.py:183} INFO - Processing /home/ubuntu/venv/lib/python3.12/site-packages/airflow/example_dags/example_short_circuit_decorator.py took 0.079 seconds
[2024-06-27T21:30:27.294+0000] {processor.py:161} INFO - Started process (PID=3953) to work on /home/ubuntu/venv/lib/python3.12/site-packages/airflow/example_dags/example_short_circuit_decorator.py
[2024-06-27T21:30:27.295+0000] {processor.py:830} INFO - Processing file /home/ubuntu/venv/lib/python3.12/site-packages/airflow/example_dags/example_short_circuit_decorator.py for tasks to queue
[2024-06-27T21:30:27.296+0000] {logging_mixin.py:188} INFO - [2024-06-27T21:30:27.296+0000] {dagbag.py:545} INFO - Filling up the DagBag from /home/ubuntu/venv/lib/python3.12/site-packages/airflow/example_dags/example_short_circuit_decorator.py
[2024-06-27T21:30:27.307+0000] {processor.py:840} INFO - DAG(s) 'example_short_circuit_decorator' retrieved from /home/ubuntu/venv/lib/python3.12/site-packages/airflow/example_dags/example_short_circuit_decorator.py
[2024-06-27T21:30:27.327+0000] {logging_mixin.py:188} INFO - [2024-06-27T21:30:27.326+0000] {dag.py:3096} INFO - Sync 1 DAGs
[2024-06-27T21:30:27.347+0000] {logging_mixin.py:188} INFO - [2024-06-27T21:30:27.346+0000] {dag.py:3954} INFO - Setting next_dagrun for example_short_circuit_decorator to 2024-06-26 00:00:00+00:00, run_after=2024-06-27 00:00:00+00:00
[2024-06-27T21:30:27.369+0000] {processor.py:183} INFO - Processing /home/ubuntu/venv/lib/python3.12/site-packages/airflow/example_dags/example_short_circuit_decorator.py took 0.082 seconds
[2024-06-27T21:31:12.001+0000] {processor.py:161} INFO - Started process (PID=3998) to work on /home/ubuntu/venv/lib/python3.12/site-packages/airflow/example_dags/example_short_circuit_decorator.py
[2024-06-27T21:31:12.002+0000] {processor.py:830} INFO - Processing file /home/ubuntu/venv/lib/python3.12/site-packages/airflow/example_dags/example_short_circuit_decorator.py for tasks to queue
[2024-06-27T21:31:12.003+0000] {logging_mixin.py:188} INFO - [2024-06-27T21:31:12.003+0000] {dagbag.py:545} INFO - Filling up the DagBag from /home/ubuntu/venv/lib/python3.12/site-packages/airflow/example_dags/example_short_circuit_decorator.py
[2024-06-27T21:31:12.014+0000] {processor.py:840} INFO - DAG(s) 'example_short_circuit_decorator' retrieved from /home/ubuntu/venv/lib/python3.12/site-packages/airflow/example_dags/example_short_circuit_decorator.py
[2024-06-27T21:31:12.034+0000] {logging_mixin.py:188} INFO - [2024-06-27T21:31:12.033+0000] {dag.py:3096} INFO - Sync 1 DAGs
[2024-06-27T21:31:12.053+0000] {logging_mixin.py:188} INFO - [2024-06-27T21:31:12.053+0000] {dag.py:3954} INFO - Setting next_dagrun for example_short_circuit_decorator to 2024-06-26 00:00:00+00:00, run_after=2024-06-27 00:00:00+00:00
[2024-06-27T21:31:12.076+0000] {processor.py:183} INFO - Processing /home/ubuntu/venv/lib/python3.12/site-packages/airflow/example_dags/example_short_circuit_decorator.py took 0.082 seconds
[2024-06-27T21:31:55.337+0000] {processor.py:161} INFO - Started process (PID=4042) to work on /home/ubuntu/venv/lib/python3.12/site-packages/airflow/example_dags/example_short_circuit_decorator.py
[2024-06-27T21:31:55.338+0000] {processor.py:830} INFO - Processing file /home/ubuntu/venv/lib/python3.12/site-packages/airflow/example_dags/example_short_circuit_decorator.py for tasks to queue
[2024-06-27T21:31:55.339+0000] {logging_mixin.py:188} INFO - [2024-06-27T21:31:55.339+0000] {dagbag.py:545} INFO - Filling up the DagBag from /home/ubuntu/venv/lib/python3.12/site-packages/airflow/example_dags/example_short_circuit_decorator.py
[2024-06-27T21:31:55.350+0000] {processor.py:840} INFO - DAG(s) 'example_short_circuit_decorator' retrieved from /home/ubuntu/venv/lib/python3.12/site-packages/airflow/example_dags/example_short_circuit_decorator.py
[2024-06-27T21:31:55.369+0000] {logging_mixin.py:188} INFO - [2024-06-27T21:31:55.369+0000] {dag.py:3096} INFO - Sync 1 DAGs
[2024-06-27T21:31:55.389+0000] {logging_mixin.py:188} INFO - [2024-06-27T21:31:55.389+0000] {dag.py:3954} INFO - Setting next_dagrun for example_short_circuit_decorator to 2024-06-26 00:00:00+00:00, run_after=2024-06-27 00:00:00+00:00
[2024-06-27T21:31:55.412+0000] {processor.py:183} INFO - Processing /home/ubuntu/venv/lib/python3.12/site-packages/airflow/example_dags/example_short_circuit_decorator.py took 0.081 seconds
[2024-06-27T21:32:47.900+0000] {processor.py:161} INFO - Started process (PID=4103) to work on /home/ubuntu/venv/lib/python3.12/site-packages/airflow/example_dags/example_short_circuit_decorator.py
[2024-06-27T21:32:47.902+0000] {processor.py:830} INFO - Processing file /home/ubuntu/venv/lib/python3.12/site-packages/airflow/example_dags/example_short_circuit_decorator.py for tasks to queue
[2024-06-27T21:32:47.903+0000] {logging_mixin.py:188} INFO - [2024-06-27T21:32:47.902+0000] {dagbag.py:545} INFO - Filling up the DagBag from /home/ubuntu/venv/lib/python3.12/site-packages/airflow/example_dags/example_short_circuit_decorator.py
[2024-06-27T21:32:47.913+0000] {processor.py:840} INFO - DAG(s) 'example_short_circuit_decorator' retrieved from /home/ubuntu/venv/lib/python3.12/site-packages/airflow/example_dags/example_short_circuit_decorator.py
[2024-06-27T21:32:47.933+0000] {logging_mixin.py:188} INFO - [2024-06-27T21:32:47.933+0000] {dag.py:3096} INFO - Sync 1 DAGs
[2024-06-27T21:32:47.953+0000] {logging_mixin.py:188} INFO - [2024-06-27T21:32:47.953+0000] {dag.py:3954} INFO - Setting next_dagrun for example_short_circuit_decorator to 2024-06-26 00:00:00+00:00, run_after=2024-06-27 00:00:00+00:00
[2024-06-27T21:32:47.981+0000] {processor.py:183} INFO - Processing /home/ubuntu/venv/lib/python3.12/site-packages/airflow/example_dags/example_short_circuit_decorator.py took 0.086 seconds
[2024-06-27T21:33:39.376+0000] {processor.py:161} INFO - Started process (PID=4163) to work on /home/ubuntu/venv/lib/python3.12/site-packages/airflow/example_dags/example_short_circuit_decorator.py
[2024-06-27T21:33:39.377+0000] {processor.py:830} INFO - Processing file /home/ubuntu/venv/lib/python3.12/site-packages/airflow/example_dags/example_short_circuit_decorator.py for tasks to queue
[2024-06-27T21:33:39.378+0000] {logging_mixin.py:188} INFO - [2024-06-27T21:33:39.378+0000] {dagbag.py:545} INFO - Filling up the DagBag from /home/ubuntu/venv/lib/python3.12/site-packages/airflow/example_dags/example_short_circuit_decorator.py
[2024-06-27T21:33:39.389+0000] {processor.py:840} INFO - DAG(s) 'example_short_circuit_decorator' retrieved from /home/ubuntu/venv/lib/python3.12/site-packages/airflow/example_dags/example_short_circuit_decorator.py
[2024-06-27T21:33:39.409+0000] {logging_mixin.py:188} INFO - [2024-06-27T21:33:39.409+0000] {dag.py:3096} INFO - Sync 1 DAGs
[2024-06-27T21:33:39.429+0000] {logging_mixin.py:188} INFO - [2024-06-27T21:33:39.429+0000] {dag.py:3954} INFO - Setting next_dagrun for example_short_circuit_decorator to 2024-06-26 00:00:00+00:00, run_after=2024-06-27 00:00:00+00:00
[2024-06-27T21:33:39.452+0000] {processor.py:183} INFO - Processing /home/ubuntu/venv/lib/python3.12/site-packages/airflow/example_dags/example_short_circuit_decorator.py took 0.082 seconds
[2024-06-27T21:34:23.234+0000] {processor.py:161} INFO - Started process (PID=4208) to work on /home/ubuntu/venv/lib/python3.12/site-packages/airflow/example_dags/example_short_circuit_decorator.py
[2024-06-27T21:34:23.236+0000] {processor.py:830} INFO - Processing file /home/ubuntu/venv/lib/python3.12/site-packages/airflow/example_dags/example_short_circuit_decorator.py for tasks to queue
[2024-06-27T21:34:23.237+0000] {logging_mixin.py:188} INFO - [2024-06-27T21:34:23.236+0000] {dagbag.py:545} INFO - Filling up the DagBag from /home/ubuntu/venv/lib/python3.12/site-packages/airflow/example_dags/example_short_circuit_decorator.py
[2024-06-27T21:34:23.247+0000] {processor.py:840} INFO - DAG(s) 'example_short_circuit_decorator' retrieved from /home/ubuntu/venv/lib/python3.12/site-packages/airflow/example_dags/example_short_circuit_decorator.py
[2024-06-27T21:34:23.267+0000] {logging_mixin.py:188} INFO - [2024-06-27T21:34:23.267+0000] {dag.py:3096} INFO - Sync 1 DAGs
[2024-06-27T21:34:23.287+0000] {logging_mixin.py:188} INFO - [2024-06-27T21:34:23.287+0000] {dag.py:3954} INFO - Setting next_dagrun for example_short_circuit_decorator to 2024-06-26 00:00:00+00:00, run_after=2024-06-27 00:00:00+00:00
[2024-06-27T21:34:23.311+0000] {processor.py:183} INFO - Processing /home/ubuntu/venv/lib/python3.12/site-packages/airflow/example_dags/example_short_circuit_decorator.py took 0.083 seconds
[2024-06-27T21:35:06.921+0000] {processor.py:161} INFO - Started process (PID=4256) to work on /home/ubuntu/venv/lib/python3.12/site-packages/airflow/example_dags/example_short_circuit_decorator.py
[2024-06-27T21:35:06.923+0000] {processor.py:830} INFO - Processing file /home/ubuntu/venv/lib/python3.12/site-packages/airflow/example_dags/example_short_circuit_decorator.py for tasks to queue
[2024-06-27T21:35:06.923+0000] {logging_mixin.py:188} INFO - [2024-06-27T21:35:06.923+0000] {dagbag.py:545} INFO - Filling up the DagBag from /home/ubuntu/venv/lib/python3.12/site-packages/airflow/example_dags/example_short_circuit_decorator.py
[2024-06-27T21:35:06.934+0000] {processor.py:840} INFO - DAG(s) 'example_short_circuit_decorator' retrieved from /home/ubuntu/venv/lib/python3.12/site-packages/airflow/example_dags/example_short_circuit_decorator.py
[2024-06-27T21:35:06.954+0000] {logging_mixin.py:188} INFO - [2024-06-27T21:35:06.953+0000] {dag.py:3096} INFO - Sync 1 DAGs
[2024-06-27T21:35:06.973+0000] {logging_mixin.py:188} INFO - [2024-06-27T21:35:06.973+0000] {dag.py:3954} INFO - Setting next_dagrun for example_short_circuit_decorator to 2024-06-26 00:00:00+00:00, run_after=2024-06-27 00:00:00+00:00
[2024-06-27T21:35:06.997+0000] {processor.py:183} INFO - Processing /home/ubuntu/venv/lib/python3.12/site-packages/airflow/example_dags/example_short_circuit_decorator.py took 0.081 seconds
[2024-06-27T21:35:49.180+0000] {processor.py:161} INFO - Started process (PID=4303) to work on /home/ubuntu/venv/lib/python3.12/site-packages/airflow/example_dags/example_short_circuit_decorator.py
[2024-06-27T21:35:49.181+0000] {processor.py:830} INFO - Processing file /home/ubuntu/venv/lib/python3.12/site-packages/airflow/example_dags/example_short_circuit_decorator.py for tasks to queue
[2024-06-27T21:35:49.183+0000] {logging_mixin.py:188} INFO - [2024-06-27T21:35:49.182+0000] {dagbag.py:545} INFO - Filling up the DagBag from /home/ubuntu/venv/lib/python3.12/site-packages/airflow/example_dags/example_short_circuit_decorator.py
[2024-06-27T21:35:49.193+0000] {processor.py:840} INFO - DAG(s) 'example_short_circuit_decorator' retrieved from /home/ubuntu/venv/lib/python3.12/site-packages/airflow/example_dags/example_short_circuit_decorator.py
[2024-06-27T21:35:49.213+0000] {logging_mixin.py:188} INFO - [2024-06-27T21:35:49.213+0000] {dag.py:3096} INFO - Sync 1 DAGs
[2024-06-27T21:35:49.234+0000] {logging_mixin.py:188} INFO - [2024-06-27T21:35:49.234+0000] {dag.py:3954} INFO - Setting next_dagrun for example_short_circuit_decorator to 2024-06-26 00:00:00+00:00, run_after=2024-06-27 00:00:00+00:00
[2024-06-27T21:35:49.257+0000] {processor.py:183} INFO - Processing /home/ubuntu/venv/lib/python3.12/site-packages/airflow/example_dags/example_short_circuit_decorator.py took 0.083 seconds
[2024-06-27T21:36:31.688+0000] {processor.py:161} INFO - Started process (PID=4345) to work on /home/ubuntu/venv/lib/python3.12/site-packages/airflow/example_dags/example_short_circuit_decorator.py
[2024-06-27T21:36:31.690+0000] {processor.py:830} INFO - Processing file /home/ubuntu/venv/lib/python3.12/site-packages/airflow/example_dags/example_short_circuit_decorator.py for tasks to queue
[2024-06-27T21:36:31.691+0000] {logging_mixin.py:188} INFO - [2024-06-27T21:36:31.690+0000] {dagbag.py:545} INFO - Filling up the DagBag from /home/ubuntu/venv/lib/python3.12/site-packages/airflow/example_dags/example_short_circuit_decorator.py
[2024-06-27T21:36:31.701+0000] {processor.py:840} INFO - DAG(s) 'example_short_circuit_decorator' retrieved from /home/ubuntu/venv/lib/python3.12/site-packages/airflow/example_dags/example_short_circuit_decorator.py
[2024-06-27T21:36:31.721+0000] {logging_mixin.py:188} INFO - [2024-06-27T21:36:31.721+0000] {dag.py:3096} INFO - Sync 1 DAGs
[2024-06-27T21:36:31.741+0000] {logging_mixin.py:188} INFO - [2024-06-27T21:36:31.741+0000] {dag.py:3954} INFO - Setting next_dagrun for example_short_circuit_decorator to 2024-06-26 00:00:00+00:00, run_after=2024-06-27 00:00:00+00:00
[2024-06-27T21:36:31.764+0000] {processor.py:183} INFO - Processing /home/ubuntu/venv/lib/python3.12/site-packages/airflow/example_dags/example_short_circuit_decorator.py took 0.082 seconds
[2024-06-27T21:37:15.515+0000] {processor.py:161} INFO - Started process (PID=4390) to work on /home/ubuntu/venv/lib/python3.12/site-packages/airflow/example_dags/example_short_circuit_decorator.py
[2024-06-27T21:37:15.517+0000] {processor.py:830} INFO - Processing file /home/ubuntu/venv/lib/python3.12/site-packages/airflow/example_dags/example_short_circuit_decorator.py for tasks to queue
[2024-06-27T21:37:15.518+0000] {logging_mixin.py:188} INFO - [2024-06-27T21:37:15.517+0000] {dagbag.py:545} INFO - Filling up the DagBag from /home/ubuntu/venv/lib/python3.12/site-packages/airflow/example_dags/example_short_circuit_decorator.py
[2024-06-27T21:37:15.528+0000] {processor.py:840} INFO - DAG(s) 'example_short_circuit_decorator' retrieved from /home/ubuntu/venv/lib/python3.12/site-packages/airflow/example_dags/example_short_circuit_decorator.py
[2024-06-27T21:37:15.547+0000] {logging_mixin.py:188} INFO - [2024-06-27T21:37:15.547+0000] {dag.py:3096} INFO - Sync 1 DAGs
[2024-06-27T21:37:15.567+0000] {logging_mixin.py:188} INFO - [2024-06-27T21:37:15.567+0000] {dag.py:3954} INFO - Setting next_dagrun for example_short_circuit_decorator to 2024-06-26 00:00:00+00:00, run_after=2024-06-27 00:00:00+00:00
[2024-06-27T21:37:15.590+0000] {processor.py:183} INFO - Processing /home/ubuntu/venv/lib/python3.12/site-packages/airflow/example_dags/example_short_circuit_decorator.py took 0.080 seconds
[2024-06-27T21:38:03.481+0000] {processor.py:161} INFO - Started process (PID=4442) to work on /home/ubuntu/venv/lib/python3.12/site-packages/airflow/example_dags/example_short_circuit_decorator.py
[2024-06-27T21:38:03.482+0000] {processor.py:830} INFO - Processing file /home/ubuntu/venv/lib/python3.12/site-packages/airflow/example_dags/example_short_circuit_decorator.py for tasks to queue
[2024-06-27T21:38:03.483+0000] {logging_mixin.py:188} INFO - [2024-06-27T21:38:03.483+0000] {dagbag.py:545} INFO - Filling up the DagBag from /home/ubuntu/venv/lib/python3.12/site-packages/airflow/example_dags/example_short_circuit_decorator.py
[2024-06-27T21:38:03.494+0000] {processor.py:840} INFO - DAG(s) 'example_short_circuit_decorator' retrieved from /home/ubuntu/venv/lib/python3.12/site-packages/airflow/example_dags/example_short_circuit_decorator.py
[2024-06-27T21:38:03.514+0000] {logging_mixin.py:188} INFO - [2024-06-27T21:38:03.513+0000] {dag.py:3096} INFO - Sync 1 DAGs
[2024-06-27T21:38:03.534+0000] {logging_mixin.py:188} INFO - [2024-06-27T21:38:03.533+0000] {dag.py:3954} INFO - Setting next_dagrun for example_short_circuit_decorator to 2024-06-26 00:00:00+00:00, run_after=2024-06-27 00:00:00+00:00
[2024-06-27T21:38:03.556+0000] {processor.py:183} INFO - Processing /home/ubuntu/venv/lib/python3.12/site-packages/airflow/example_dags/example_short_circuit_decorator.py took 0.081 seconds
[2024-06-27T21:38:51.996+0000] {processor.py:161} INFO - Started process (PID=4492) to work on /home/ubuntu/venv/lib/python3.12/site-packages/airflow/example_dags/example_short_circuit_decorator.py
[2024-06-27T21:38:51.997+0000] {processor.py:830} INFO - Processing file /home/ubuntu/venv/lib/python3.12/site-packages/airflow/example_dags/example_short_circuit_decorator.py for tasks to queue
[2024-06-27T21:38:51.998+0000] {logging_mixin.py:188} INFO - [2024-06-27T21:38:51.998+0000] {dagbag.py:545} INFO - Filling up the DagBag from /home/ubuntu/venv/lib/python3.12/site-packages/airflow/example_dags/example_short_circuit_decorator.py
[2024-06-27T21:38:52.009+0000] {processor.py:840} INFO - DAG(s) 'example_short_circuit_decorator' retrieved from /home/ubuntu/venv/lib/python3.12/site-packages/airflow/example_dags/example_short_circuit_decorator.py
[2024-06-27T21:38:52.028+0000] {logging_mixin.py:188} INFO - [2024-06-27T21:38:52.028+0000] {dag.py:3096} INFO - Sync 1 DAGs
[2024-06-27T21:38:52.048+0000] {logging_mixin.py:188} INFO - [2024-06-27T21:38:52.048+0000] {dag.py:3954} INFO - Setting next_dagrun for example_short_circuit_decorator to 2024-06-26 00:00:00+00:00, run_after=2024-06-27 00:00:00+00:00
[2024-06-27T21:38:52.071+0000] {processor.py:183} INFO - Processing /home/ubuntu/venv/lib/python3.12/site-packages/airflow/example_dags/example_short_circuit_decorator.py took 0.081 seconds
[2024-06-27T21:39:35.616+0000] {processor.py:161} INFO - Started process (PID=4537) to work on /home/ubuntu/venv/lib/python3.12/site-packages/airflow/example_dags/example_short_circuit_decorator.py
[2024-06-27T21:39:35.618+0000] {processor.py:830} INFO - Processing file /home/ubuntu/venv/lib/python3.12/site-packages/airflow/example_dags/example_short_circuit_decorator.py for tasks to queue
[2024-06-27T21:39:35.619+0000] {logging_mixin.py:188} INFO - [2024-06-27T21:39:35.618+0000] {dagbag.py:545} INFO - Filling up the DagBag from /home/ubuntu/venv/lib/python3.12/site-packages/airflow/example_dags/example_short_circuit_decorator.py
[2024-06-27T21:39:35.629+0000] {processor.py:840} INFO - DAG(s) 'example_short_circuit_decorator' retrieved from /home/ubuntu/venv/lib/python3.12/site-packages/airflow/example_dags/example_short_circuit_decorator.py
[2024-06-27T21:39:35.649+0000] {logging_mixin.py:188} INFO - [2024-06-27T21:39:35.649+0000] {dag.py:3096} INFO - Sync 1 DAGs
[2024-06-27T21:39:35.669+0000] {logging_mixin.py:188} INFO - [2024-06-27T21:39:35.669+0000] {dag.py:3954} INFO - Setting next_dagrun for example_short_circuit_decorator to 2024-06-26 00:00:00+00:00, run_after=2024-06-27 00:00:00+00:00
[2024-06-27T21:39:35.693+0000] {processor.py:183} INFO - Processing /home/ubuntu/venv/lib/python3.12/site-packages/airflow/example_dags/example_short_circuit_decorator.py took 0.082 seconds
[2024-06-27T21:40:38.812+0000] {processor.py:161} INFO - Started process (PID=4604) to work on /home/ubuntu/venv/lib/python3.12/site-packages/airflow/example_dags/example_short_circuit_decorator.py
[2024-06-27T21:40:38.814+0000] {processor.py:830} INFO - Processing file /home/ubuntu/venv/lib/python3.12/site-packages/airflow/example_dags/example_short_circuit_decorator.py for tasks to queue
[2024-06-27T21:40:38.815+0000] {logging_mixin.py:188} INFO - [2024-06-27T21:40:38.814+0000] {dagbag.py:545} INFO - Filling up the DagBag from /home/ubuntu/venv/lib/python3.12/site-packages/airflow/example_dags/example_short_circuit_decorator.py
[2024-06-27T21:40:38.825+0000] {processor.py:840} INFO - DAG(s) 'example_short_circuit_decorator' retrieved from /home/ubuntu/venv/lib/python3.12/site-packages/airflow/example_dags/example_short_circuit_decorator.py
[2024-06-27T21:40:38.845+0000] {logging_mixin.py:188} INFO - [2024-06-27T21:40:38.845+0000] {dag.py:3096} INFO - Sync 1 DAGs
[2024-06-27T21:40:38.865+0000] {logging_mixin.py:188} INFO - [2024-06-27T21:40:38.865+0000] {dag.py:3954} INFO - Setting next_dagrun for example_short_circuit_decorator to 2024-06-26 00:00:00+00:00, run_after=2024-06-27 00:00:00+00:00
[2024-06-27T21:40:38.887+0000] {processor.py:183} INFO - Processing /home/ubuntu/venv/lib/python3.12/site-packages/airflow/example_dags/example_short_circuit_decorator.py took 0.081 seconds
[2024-06-27T21:41:22.911+0000] {processor.py:161} INFO - Started process (PID=4649) to work on /home/ubuntu/venv/lib/python3.12/site-packages/airflow/example_dags/example_short_circuit_decorator.py
[2024-06-27T21:41:22.913+0000] {processor.py:830} INFO - Processing file /home/ubuntu/venv/lib/python3.12/site-packages/airflow/example_dags/example_short_circuit_decorator.py for tasks to queue
[2024-06-27T21:41:22.914+0000] {logging_mixin.py:188} INFO - [2024-06-27T21:41:22.913+0000] {dagbag.py:545} INFO - Filling up the DagBag from /home/ubuntu/venv/lib/python3.12/site-packages/airflow/example_dags/example_short_circuit_decorator.py
[2024-06-27T21:41:22.924+0000] {processor.py:840} INFO - DAG(s) 'example_short_circuit_decorator' retrieved from /home/ubuntu/venv/lib/python3.12/site-packages/airflow/example_dags/example_short_circuit_decorator.py
[2024-06-27T21:41:22.944+0000] {logging_mixin.py:188} INFO - [2024-06-27T21:41:22.944+0000] {dag.py:3096} INFO - Sync 1 DAGs
[2024-06-27T21:41:22.964+0000] {logging_mixin.py:188} INFO - [2024-06-27T21:41:22.963+0000] {dag.py:3954} INFO - Setting next_dagrun for example_short_circuit_decorator to 2024-06-26 00:00:00+00:00, run_after=2024-06-27 00:00:00+00:00
[2024-06-27T21:41:22.985+0000] {processor.py:183} INFO - Processing /home/ubuntu/venv/lib/python3.12/site-packages/airflow/example_dags/example_short_circuit_decorator.py took 0.080 seconds
[2024-06-27T21:42:07.758+0000] {processor.py:161} INFO - Started process (PID=4695) to work on /home/ubuntu/venv/lib/python3.12/site-packages/airflow/example_dags/example_short_circuit_decorator.py
[2024-06-27T21:42:07.760+0000] {processor.py:830} INFO - Processing file /home/ubuntu/venv/lib/python3.12/site-packages/airflow/example_dags/example_short_circuit_decorator.py for tasks to queue
[2024-06-27T21:42:07.760+0000] {logging_mixin.py:188} INFO - [2024-06-27T21:42:07.760+0000] {dagbag.py:545} INFO - Filling up the DagBag from /home/ubuntu/venv/lib/python3.12/site-packages/airflow/example_dags/example_short_circuit_decorator.py
[2024-06-27T21:42:07.771+0000] {processor.py:840} INFO - DAG(s) 'example_short_circuit_decorator' retrieved from /home/ubuntu/venv/lib/python3.12/site-packages/airflow/example_dags/example_short_circuit_decorator.py
[2024-06-27T21:42:07.791+0000] {logging_mixin.py:188} INFO - [2024-06-27T21:42:07.791+0000] {dag.py:3096} INFO - Sync 1 DAGs
[2024-06-27T21:42:07.811+0000] {logging_mixin.py:188} INFO - [2024-06-27T21:42:07.810+0000] {dag.py:3954} INFO - Setting next_dagrun for example_short_circuit_decorator to 2024-06-26 00:00:00+00:00, run_after=2024-06-27 00:00:00+00:00
[2024-06-27T21:42:07.833+0000] {processor.py:183} INFO - Processing /home/ubuntu/venv/lib/python3.12/site-packages/airflow/example_dags/example_short_circuit_decorator.py took 0.081 seconds
[2024-06-27T21:42:51.087+0000] {processor.py:161} INFO - Started process (PID=4741) to work on /home/ubuntu/venv/lib/python3.12/site-packages/airflow/example_dags/example_short_circuit_decorator.py
[2024-06-27T21:42:51.089+0000] {processor.py:830} INFO - Processing file /home/ubuntu/venv/lib/python3.12/site-packages/airflow/example_dags/example_short_circuit_decorator.py for tasks to queue
[2024-06-27T21:42:51.090+0000] {logging_mixin.py:188} INFO - [2024-06-27T21:42:51.089+0000] {dagbag.py:545} INFO - Filling up the DagBag from /home/ubuntu/venv/lib/python3.12/site-packages/airflow/example_dags/example_short_circuit_decorator.py
[2024-06-27T21:42:51.100+0000] {processor.py:840} INFO - DAG(s) 'example_short_circuit_decorator' retrieved from /home/ubuntu/venv/lib/python3.12/site-packages/airflow/example_dags/example_short_circuit_decorator.py
[2024-06-27T21:42:51.119+0000] {logging_mixin.py:188} INFO - [2024-06-27T21:42:51.119+0000] {dag.py:3096} INFO - Sync 1 DAGs
[2024-06-27T21:42:51.139+0000] {logging_mixin.py:188} INFO - [2024-06-27T21:42:51.139+0000] {dag.py:3954} INFO - Setting next_dagrun for example_short_circuit_decorator to 2024-06-26 00:00:00+00:00, run_after=2024-06-27 00:00:00+00:00
[2024-06-27T21:42:51.161+0000] {processor.py:183} INFO - Processing /home/ubuntu/venv/lib/python3.12/site-packages/airflow/example_dags/example_short_circuit_decorator.py took 0.080 seconds
[2024-06-27T21:43:34.758+0000] {processor.py:161} INFO - Started process (PID=4784) to work on /home/ubuntu/venv/lib/python3.12/site-packages/airflow/example_dags/example_short_circuit_decorator.py
[2024-06-27T21:43:34.759+0000] {processor.py:830} INFO - Processing file /home/ubuntu/venv/lib/python3.12/site-packages/airflow/example_dags/example_short_circuit_decorator.py for tasks to queue
[2024-06-27T21:43:34.760+0000] {logging_mixin.py:188} INFO - [2024-06-27T21:43:34.760+0000] {dagbag.py:545} INFO - Filling up the DagBag from /home/ubuntu/venv/lib/python3.12/site-packages/airflow/example_dags/example_short_circuit_decorator.py
[2024-06-27T21:43:34.771+0000] {processor.py:840} INFO - DAG(s) 'example_short_circuit_decorator' retrieved from /home/ubuntu/venv/lib/python3.12/site-packages/airflow/example_dags/example_short_circuit_decorator.py
[2024-06-27T21:43:34.791+0000] {logging_mixin.py:188} INFO - [2024-06-27T21:43:34.791+0000] {dag.py:3096} INFO - Sync 1 DAGs
[2024-06-27T21:43:34.811+0000] {logging_mixin.py:188} INFO - [2024-06-27T21:43:34.811+0000] {dag.py:3954} INFO - Setting next_dagrun for example_short_circuit_decorator to 2024-06-26 00:00:00+00:00, run_after=2024-06-27 00:00:00+00:00
[2024-06-27T21:43:34.834+0000] {processor.py:183} INFO - Processing /home/ubuntu/venv/lib/python3.12/site-packages/airflow/example_dags/example_short_circuit_decorator.py took 0.082 seconds
[2024-06-27T21:44:18.770+0000] {processor.py:161} INFO - Started process (PID=4830) to work on /home/ubuntu/venv/lib/python3.12/site-packages/airflow/example_dags/example_short_circuit_decorator.py
[2024-06-27T21:44:18.771+0000] {processor.py:830} INFO - Processing file /home/ubuntu/venv/lib/python3.12/site-packages/airflow/example_dags/example_short_circuit_decorator.py for tasks to queue
[2024-06-27T21:44:18.772+0000] {logging_mixin.py:188} INFO - [2024-06-27T21:44:18.772+0000] {dagbag.py:545} INFO - Filling up the DagBag from /home/ubuntu/venv/lib/python3.12/site-packages/airflow/example_dags/example_short_circuit_decorator.py
[2024-06-27T21:44:18.783+0000] {processor.py:840} INFO - DAG(s) 'example_short_circuit_decorator' retrieved from /home/ubuntu/venv/lib/python3.12/site-packages/airflow/example_dags/example_short_circuit_decorator.py
[2024-06-27T21:44:18.802+0000] {logging_mixin.py:188} INFO - [2024-06-27T21:44:18.802+0000] {dag.py:3096} INFO - Sync 1 DAGs
[2024-06-27T21:44:18.823+0000] {logging_mixin.py:188} INFO - [2024-06-27T21:44:18.823+0000] {dag.py:3954} INFO - Setting next_dagrun for example_short_circuit_decorator to 2024-06-26 00:00:00+00:00, run_after=2024-06-27 00:00:00+00:00
[2024-06-27T21:44:18.958+0000] {processor.py:183} INFO - Processing /home/ubuntu/venv/lib/python3.12/site-packages/airflow/example_dags/example_short_circuit_decorator.py took 0.194 seconds
[2024-06-27T21:45:02.745+0000] {processor.py:161} INFO - Started process (PID=4921) to work on /home/ubuntu/venv/lib/python3.12/site-packages/airflow/example_dags/example_short_circuit_decorator.py
[2024-06-27T21:45:02.747+0000] {processor.py:830} INFO - Processing file /home/ubuntu/venv/lib/python3.12/site-packages/airflow/example_dags/example_short_circuit_decorator.py for tasks to queue
[2024-06-27T21:45:02.748+0000] {logging_mixin.py:188} INFO - [2024-06-27T21:45:02.748+0000] {dagbag.py:545} INFO - Filling up the DagBag from /home/ubuntu/venv/lib/python3.12/site-packages/airflow/example_dags/example_short_circuit_decorator.py
[2024-06-27T21:45:02.759+0000] {processor.py:840} INFO - DAG(s) 'example_short_circuit_decorator' retrieved from /home/ubuntu/venv/lib/python3.12/site-packages/airflow/example_dags/example_short_circuit_decorator.py
[2024-06-27T21:45:02.779+0000] {logging_mixin.py:188} INFO - [2024-06-27T21:45:02.779+0000] {dag.py:3096} INFO - Sync 1 DAGs
[2024-06-27T21:45:02.800+0000] {logging_mixin.py:188} INFO - [2024-06-27T21:45:02.800+0000] {dag.py:3954} INFO - Setting next_dagrun for example_short_circuit_decorator to 2024-06-26 00:00:00+00:00, run_after=2024-06-27 00:00:00+00:00
[2024-06-27T21:45:02.823+0000] {processor.py:183} INFO - Processing /home/ubuntu/venv/lib/python3.12/site-packages/airflow/example_dags/example_short_circuit_decorator.py took 0.084 seconds
[2024-06-27T21:45:49.255+0000] {processor.py:161} INFO - Started process (PID=4969) to work on /home/ubuntu/venv/lib/python3.12/site-packages/airflow/example_dags/example_short_circuit_decorator.py
[2024-06-27T21:45:49.257+0000] {processor.py:830} INFO - Processing file /home/ubuntu/venv/lib/python3.12/site-packages/airflow/example_dags/example_short_circuit_decorator.py for tasks to queue
[2024-06-27T21:45:49.258+0000] {logging_mixin.py:188} INFO - [2024-06-27T21:45:49.257+0000] {dagbag.py:545} INFO - Filling up the DagBag from /home/ubuntu/venv/lib/python3.12/site-packages/airflow/example_dags/example_short_circuit_decorator.py
[2024-06-27T21:45:49.268+0000] {processor.py:840} INFO - DAG(s) 'example_short_circuit_decorator' retrieved from /home/ubuntu/venv/lib/python3.12/site-packages/airflow/example_dags/example_short_circuit_decorator.py
[2024-06-27T21:45:49.288+0000] {logging_mixin.py:188} INFO - [2024-06-27T21:45:49.288+0000] {dag.py:3096} INFO - Sync 1 DAGs
[2024-06-27T21:45:49.425+0000] {logging_mixin.py:188} INFO - [2024-06-27T21:45:49.424+0000] {dag.py:3954} INFO - Setting next_dagrun for example_short_circuit_decorator to 2024-06-26 00:00:00+00:00, run_after=2024-06-27 00:00:00+00:00
[2024-06-27T21:45:49.446+0000] {processor.py:183} INFO - Processing /home/ubuntu/venv/lib/python3.12/site-packages/airflow/example_dags/example_short_circuit_decorator.py took 0.196 seconds
[2024-06-27T21:46:40.747+0000] {processor.py:161} INFO - Started process (PID=5016) to work on /home/ubuntu/venv/lib/python3.12/site-packages/airflow/example_dags/example_short_circuit_decorator.py
[2024-06-27T21:46:40.749+0000] {processor.py:830} INFO - Processing file /home/ubuntu/venv/lib/python3.12/site-packages/airflow/example_dags/example_short_circuit_decorator.py for tasks to queue
[2024-06-27T21:46:40.750+0000] {logging_mixin.py:188} INFO - [2024-06-27T21:46:40.749+0000] {dagbag.py:545} INFO - Filling up the DagBag from /home/ubuntu/venv/lib/python3.12/site-packages/airflow/example_dags/example_short_circuit_decorator.py
[2024-06-27T21:46:40.760+0000] {processor.py:840} INFO - DAG(s) 'example_short_circuit_decorator' retrieved from /home/ubuntu/venv/lib/python3.12/site-packages/airflow/example_dags/example_short_circuit_decorator.py
[2024-06-27T21:46:40.780+0000] {logging_mixin.py:188} INFO - [2024-06-27T21:46:40.779+0000] {dag.py:3096} INFO - Sync 1 DAGs
[2024-06-27T21:46:40.800+0000] {logging_mixin.py:188} INFO - [2024-06-27T21:46:40.800+0000] {dag.py:3954} INFO - Setting next_dagrun for example_short_circuit_decorator to 2024-06-26 00:00:00+00:00, run_after=2024-06-27 00:00:00+00:00
[2024-06-27T21:46:40.823+0000] {processor.py:183} INFO - Processing /home/ubuntu/venv/lib/python3.12/site-packages/airflow/example_dags/example_short_circuit_decorator.py took 0.082 seconds
[2024-06-27T21:47:29.332+0000] {processor.py:161} INFO - Started process (PID=5064) to work on /home/ubuntu/venv/lib/python3.12/site-packages/airflow/example_dags/example_short_circuit_decorator.py
[2024-06-27T21:47:29.334+0000] {processor.py:830} INFO - Processing file /home/ubuntu/venv/lib/python3.12/site-packages/airflow/example_dags/example_short_circuit_decorator.py for tasks to queue
[2024-06-27T21:47:29.334+0000] {logging_mixin.py:188} INFO - [2024-06-27T21:47:29.334+0000] {dagbag.py:545} INFO - Filling up the DagBag from /home/ubuntu/venv/lib/python3.12/site-packages/airflow/example_dags/example_short_circuit_decorator.py
[2024-06-27T21:47:29.345+0000] {processor.py:840} INFO - DAG(s) 'example_short_circuit_decorator' retrieved from /home/ubuntu/venv/lib/python3.12/site-packages/airflow/example_dags/example_short_circuit_decorator.py
[2024-06-27T21:47:29.365+0000] {logging_mixin.py:188} INFO - [2024-06-27T21:47:29.365+0000] {dag.py:3096} INFO - Sync 1 DAGs
[2024-06-27T21:47:29.385+0000] {logging_mixin.py:188} INFO - [2024-06-27T21:47:29.385+0000] {dag.py:3954} INFO - Setting next_dagrun for example_short_circuit_decorator to 2024-06-26 00:00:00+00:00, run_after=2024-06-27 00:00:00+00:00
[2024-06-27T21:47:29.407+0000] {processor.py:183} INFO - Processing /home/ubuntu/venv/lib/python3.12/site-packages/airflow/example_dags/example_short_circuit_decorator.py took 0.082 seconds
[2024-06-27T21:48:15.913+0000] {processor.py:161} INFO - Started process (PID=5237) to work on /home/ubuntu/venv/lib/python3.12/site-packages/airflow/example_dags/example_short_circuit_decorator.py
[2024-06-27T21:48:15.914+0000] {processor.py:830} INFO - Processing file /home/ubuntu/venv/lib/python3.12/site-packages/airflow/example_dags/example_short_circuit_decorator.py for tasks to queue
[2024-06-27T21:48:15.915+0000] {logging_mixin.py:188} INFO - [2024-06-27T21:48:15.915+0000] {dagbag.py:545} INFO - Filling up the DagBag from /home/ubuntu/venv/lib/python3.12/site-packages/airflow/example_dags/example_short_circuit_decorator.py
[2024-06-27T21:48:15.926+0000] {processor.py:840} INFO - DAG(s) 'example_short_circuit_decorator' retrieved from /home/ubuntu/venv/lib/python3.12/site-packages/airflow/example_dags/example_short_circuit_decorator.py
[2024-06-27T21:48:15.945+0000] {logging_mixin.py:188} INFO - [2024-06-27T21:48:15.945+0000] {dag.py:3096} INFO - Sync 1 DAGs
[2024-06-27T21:48:15.966+0000] {logging_mixin.py:188} INFO - [2024-06-27T21:48:15.966+0000] {dag.py:3954} INFO - Setting next_dagrun for example_short_circuit_decorator to 2024-06-26 00:00:00+00:00, run_after=2024-06-27 00:00:00+00:00
[2024-06-27T21:48:15.991+0000] {processor.py:183} INFO - Processing /home/ubuntu/venv/lib/python3.12/site-packages/airflow/example_dags/example_short_circuit_decorator.py took 0.086 seconds
[2024-06-27T21:49:00.225+0000] {processor.py:161} INFO - Started process (PID=5284) to work on /home/ubuntu/venv/lib/python3.12/site-packages/airflow/example_dags/example_short_circuit_decorator.py
[2024-06-27T21:49:00.227+0000] {processor.py:830} INFO - Processing file /home/ubuntu/venv/lib/python3.12/site-packages/airflow/example_dags/example_short_circuit_decorator.py for tasks to queue
[2024-06-27T21:49:00.227+0000] {logging_mixin.py:188} INFO - [2024-06-27T21:49:00.227+0000] {dagbag.py:545} INFO - Filling up the DagBag from /home/ubuntu/venv/lib/python3.12/site-packages/airflow/example_dags/example_short_circuit_decorator.py
[2024-06-27T21:49:00.238+0000] {processor.py:840} INFO - DAG(s) 'example_short_circuit_decorator' retrieved from /home/ubuntu/venv/lib/python3.12/site-packages/airflow/example_dags/example_short_circuit_decorator.py
[2024-06-27T21:49:00.258+0000] {logging_mixin.py:188} INFO - [2024-06-27T21:49:00.258+0000] {dag.py:3096} INFO - Sync 1 DAGs
[2024-06-27T21:49:00.279+0000] {logging_mixin.py:188} INFO - [2024-06-27T21:49:00.278+0000] {dag.py:3954} INFO - Setting next_dagrun for example_short_circuit_decorator to 2024-06-26 00:00:00+00:00, run_after=2024-06-27 00:00:00+00:00
[2024-06-27T21:49:00.302+0000] {processor.py:183} INFO - Processing /home/ubuntu/venv/lib/python3.12/site-packages/airflow/example_dags/example_short_circuit_decorator.py took 0.085 seconds
[2024-06-27T21:50:00.200+0000] {processor.py:161} INFO - Started process (PID=5346) to work on /home/ubuntu/venv/lib/python3.12/site-packages/airflow/example_dags/example_short_circuit_decorator.py
[2024-06-27T21:50:00.202+0000] {processor.py:830} INFO - Processing file /home/ubuntu/venv/lib/python3.12/site-packages/airflow/example_dags/example_short_circuit_decorator.py for tasks to queue
[2024-06-27T21:50:00.202+0000] {logging_mixin.py:188} INFO - [2024-06-27T21:50:00.202+0000] {dagbag.py:545} INFO - Filling up the DagBag from /home/ubuntu/venv/lib/python3.12/site-packages/airflow/example_dags/example_short_circuit_decorator.py
[2024-06-27T21:50:00.213+0000] {processor.py:840} INFO - DAG(s) 'example_short_circuit_decorator' retrieved from /home/ubuntu/venv/lib/python3.12/site-packages/airflow/example_dags/example_short_circuit_decorator.py
[2024-06-27T21:50:00.233+0000] {logging_mixin.py:188} INFO - [2024-06-27T21:50:00.233+0000] {dag.py:3096} INFO - Sync 1 DAGs
[2024-06-27T21:50:00.253+0000] {logging_mixin.py:188} INFO - [2024-06-27T21:50:00.253+0000] {dag.py:3954} INFO - Setting next_dagrun for example_short_circuit_decorator to 2024-06-26 00:00:00+00:00, run_after=2024-06-27 00:00:00+00:00
[2024-06-27T21:50:00.276+0000] {processor.py:183} INFO - Processing /home/ubuntu/venv/lib/python3.12/site-packages/airflow/example_dags/example_short_circuit_decorator.py took 0.085 seconds
