[2024-06-27T21:19:56.603+0000] {processor.py:161} INFO - Started process (PID=2955) to work on /home/ubuntu/venv/lib/python3.12/site-packages/airflow/example_dags/example_python_decorator.py
[2024-06-27T21:19:56.604+0000] {processor.py:830} INFO - Processing file /home/ubuntu/venv/lib/python3.12/site-packages/airflow/example_dags/example_python_decorator.py for tasks to queue
[2024-06-27T21:19:56.606+0000] {logging_mixin.py:188} INFO - [2024-06-27T21:19:56.605+0000] {dagbag.py:545} INFO - Filling up the DagBag from /home/ubuntu/venv/lib/python3.12/site-packages/airflow/example_dags/example_python_decorator.py
[2024-06-27T21:19:56.615+0000] {logging_mixin.py:188} INFO - [2024-06-27T21:19:56.615+0000] {example_python_decorator.py:80} WARNING - The virtalenv_python example task requires virtualenv, please install it.
[2024-06-27T21:19:56.615+0000] {processor.py:840} INFO - DAG(s) 'example_python_decorator' retrieved from /home/ubuntu/venv/lib/python3.12/site-packages/airflow/example_dags/example_python_decorator.py
[2024-06-27T21:19:56.735+0000] {logging_mixin.py:188} INFO - [2024-06-27T21:19:56.734+0000] {override.py:1847} INFO - Created Permission View: can read on DAG:example_python_decorator
[2024-06-27T21:19:56.747+0000] {logging_mixin.py:188} INFO - [2024-06-27T21:19:56.747+0000] {override.py:1847} INFO - Created Permission View: can delete on DAG:example_python_decorator
[2024-06-27T21:19:56.756+0000] {logging_mixin.py:188} INFO - [2024-06-27T21:19:56.756+0000] {override.py:1847} INFO - Created Permission View: can edit on DAG:example_python_decorator
[2024-06-27T21:19:56.757+0000] {logging_mixin.py:188} INFO - [2024-06-27T21:19:56.757+0000] {dag.py:3096} INFO - Sync 1 DAGs
[2024-06-27T21:19:56.767+0000] {logging_mixin.py:188} INFO - [2024-06-27T21:19:56.767+0000] {dag.py:3118} INFO - Creating ORM DAG for example_python_decorator
[2024-06-27T21:19:56.768+0000] {logging_mixin.py:188} INFO - [2024-06-27T21:19:56.768+0000] {dag.py:3954} INFO - Setting next_dagrun for example_python_decorator to None, run_after=None
[2024-06-27T21:19:56.790+0000] {processor.py:183} INFO - Processing /home/ubuntu/venv/lib/python3.12/site-packages/airflow/example_dags/example_python_decorator.py took 0.192 seconds
[2024-06-27T21:20:51.408+0000] {processor.py:161} INFO - Started process (PID=3288) to work on /home/ubuntu/venv/lib/python3.12/site-packages/airflow/example_dags/example_python_decorator.py
[2024-06-27T21:20:51.409+0000] {processor.py:830} INFO - Processing file /home/ubuntu/venv/lib/python3.12/site-packages/airflow/example_dags/example_python_decorator.py for tasks to queue
[2024-06-27T21:20:51.411+0000] {logging_mixin.py:188} INFO - [2024-06-27T21:20:51.410+0000] {dagbag.py:545} INFO - Filling up the DagBag from /home/ubuntu/venv/lib/python3.12/site-packages/airflow/example_dags/example_python_decorator.py
[2024-06-27T21:20:51.425+0000] {logging_mixin.py:188} INFO - [2024-06-27T21:20:51.424+0000] {example_python_decorator.py:80} WARNING - The virtalenv_python example task requires virtualenv, please install it.
[2024-06-27T21:20:51.427+0000] {processor.py:840} INFO - DAG(s) 'example_python_decorator' retrieved from /home/ubuntu/venv/lib/python3.12/site-packages/airflow/example_dags/example_python_decorator.py
[2024-06-27T21:20:51.452+0000] {logging_mixin.py:188} INFO - [2024-06-27T21:20:51.451+0000] {dag.py:3096} INFO - Sync 1 DAGs
[2024-06-27T21:20:51.465+0000] {logging_mixin.py:188} INFO - [2024-06-27T21:20:51.465+0000] {dag.py:3954} INFO - Setting next_dagrun for example_python_decorator to None, run_after=None
[2024-06-27T21:20:51.499+0000] {processor.py:183} INFO - Processing /home/ubuntu/venv/lib/python3.12/site-packages/airflow/example_dags/example_python_decorator.py took 0.103 seconds
[2024-06-27T21:21:39.611+0000] {processor.py:161} INFO - Started process (PID=3349) to work on /home/ubuntu/venv/lib/python3.12/site-packages/airflow/example_dags/example_python_decorator.py
[2024-06-27T21:21:39.613+0000] {processor.py:830} INFO - Processing file /home/ubuntu/venv/lib/python3.12/site-packages/airflow/example_dags/example_python_decorator.py for tasks to queue
[2024-06-27T21:21:39.615+0000] {logging_mixin.py:188} INFO - [2024-06-27T21:21:39.615+0000] {dagbag.py:545} INFO - Filling up the DagBag from /home/ubuntu/venv/lib/python3.12/site-packages/airflow/example_dags/example_python_decorator.py
[2024-06-27T21:21:39.624+0000] {logging_mixin.py:188} INFO - [2024-06-27T21:21:39.624+0000] {example_python_decorator.py:80} WARNING - The virtalenv_python example task requires virtualenv, please install it.
[2024-06-27T21:21:39.625+0000] {processor.py:840} INFO - DAG(s) 'example_python_decorator' retrieved from /home/ubuntu/venv/lib/python3.12/site-packages/airflow/example_dags/example_python_decorator.py
[2024-06-27T21:21:39.642+0000] {logging_mixin.py:188} INFO - [2024-06-27T21:21:39.642+0000] {dag.py:3096} INFO - Sync 1 DAGs
[2024-06-27T21:21:39.654+0000] {logging_mixin.py:188} INFO - [2024-06-27T21:21:39.654+0000] {dag.py:3954} INFO - Setting next_dagrun for example_python_decorator to None, run_after=None
[2024-06-27T21:21:39.676+0000] {processor.py:183} INFO - Processing /home/ubuntu/venv/lib/python3.12/site-packages/airflow/example_dags/example_python_decorator.py took 0.071 seconds
[2024-06-27T21:22:39.849+0000] {processor.py:161} INFO - Started process (PID=3425) to work on /home/ubuntu/venv/lib/python3.12/site-packages/airflow/example_dags/example_python_decorator.py
[2024-06-27T21:22:39.856+0000] {processor.py:830} INFO - Processing file /home/ubuntu/venv/lib/python3.12/site-packages/airflow/example_dags/example_python_decorator.py for tasks to queue
[2024-06-27T21:22:39.858+0000] {logging_mixin.py:188} INFO - [2024-06-27T21:22:39.858+0000] {dagbag.py:545} INFO - Filling up the DagBag from /home/ubuntu/venv/lib/python3.12/site-packages/airflow/example_dags/example_python_decorator.py
[2024-06-27T21:22:39.868+0000] {logging_mixin.py:188} INFO - [2024-06-27T21:22:39.868+0000] {example_python_decorator.py:80} WARNING - The virtalenv_python example task requires virtualenv, please install it.
[2024-06-27T21:22:39.868+0000] {processor.py:840} INFO - DAG(s) 'example_python_decorator' retrieved from /home/ubuntu/venv/lib/python3.12/site-packages/airflow/example_dags/example_python_decorator.py
[2024-06-27T21:22:39.886+0000] {logging_mixin.py:188} INFO - [2024-06-27T21:22:39.886+0000] {dag.py:3096} INFO - Sync 1 DAGs
[2024-06-27T21:22:39.899+0000] {logging_mixin.py:188} INFO - [2024-06-27T21:22:39.899+0000] {dag.py:3954} INFO - Setting next_dagrun for example_python_decorator to None, run_after=None
[2024-06-27T21:22:39.922+0000] {processor.py:183} INFO - Processing /home/ubuntu/venv/lib/python3.12/site-packages/airflow/example_dags/example_python_decorator.py took 0.078 seconds
[2024-06-27T21:23:38.012+0000] {processor.py:161} INFO - Started process (PID=3488) to work on /home/ubuntu/venv/lib/python3.12/site-packages/airflow/example_dags/example_python_decorator.py
[2024-06-27T21:23:38.013+0000] {processor.py:830} INFO - Processing file /home/ubuntu/venv/lib/python3.12/site-packages/airflow/example_dags/example_python_decorator.py for tasks to queue
[2024-06-27T21:23:38.015+0000] {logging_mixin.py:188} INFO - [2024-06-27T21:23:38.015+0000] {dagbag.py:545} INFO - Filling up the DagBag from /home/ubuntu/venv/lib/python3.12/site-packages/airflow/example_dags/example_python_decorator.py
[2024-06-27T21:23:38.024+0000] {logging_mixin.py:188} INFO - [2024-06-27T21:23:38.024+0000] {example_python_decorator.py:80} WARNING - The virtalenv_python example task requires virtualenv, please install it.
[2024-06-27T21:23:38.025+0000] {processor.py:840} INFO - DAG(s) 'example_python_decorator' retrieved from /home/ubuntu/venv/lib/python3.12/site-packages/airflow/example_dags/example_python_decorator.py
[2024-06-27T21:23:38.047+0000] {logging_mixin.py:188} INFO - [2024-06-27T21:23:38.047+0000] {dag.py:3096} INFO - Sync 1 DAGs
[2024-06-27T21:23:38.059+0000] {logging_mixin.py:188} INFO - [2024-06-27T21:23:38.059+0000] {dag.py:3954} INFO - Setting next_dagrun for example_python_decorator to None, run_after=None
[2024-06-27T21:23:38.082+0000] {processor.py:183} INFO - Processing /home/ubuntu/venv/lib/python3.12/site-packages/airflow/example_dags/example_python_decorator.py took 0.076 seconds
[2024-06-27T21:24:37.602+0000] {processor.py:161} INFO - Started process (PID=3552) to work on /home/ubuntu/venv/lib/python3.12/site-packages/airflow/example_dags/example_python_decorator.py
[2024-06-27T21:24:37.604+0000] {processor.py:830} INFO - Processing file /home/ubuntu/venv/lib/python3.12/site-packages/airflow/example_dags/example_python_decorator.py for tasks to queue
[2024-06-27T21:24:37.605+0000] {logging_mixin.py:188} INFO - [2024-06-27T21:24:37.605+0000] {dagbag.py:545} INFO - Filling up the DagBag from /home/ubuntu/venv/lib/python3.12/site-packages/airflow/example_dags/example_python_decorator.py
[2024-06-27T21:24:37.615+0000] {logging_mixin.py:188} INFO - [2024-06-27T21:24:37.614+0000] {example_python_decorator.py:80} WARNING - The virtalenv_python example task requires virtualenv, please install it.
[2024-06-27T21:24:37.615+0000] {processor.py:840} INFO - DAG(s) 'example_python_decorator' retrieved from /home/ubuntu/venv/lib/python3.12/site-packages/airflow/example_dags/example_python_decorator.py
[2024-06-27T21:24:37.634+0000] {logging_mixin.py:188} INFO - [2024-06-27T21:24:37.634+0000] {dag.py:3096} INFO - Sync 1 DAGs
[2024-06-27T21:24:37.647+0000] {logging_mixin.py:188} INFO - [2024-06-27T21:24:37.647+0000] {dag.py:3954} INFO - Setting next_dagrun for example_python_decorator to None, run_after=None
[2024-06-27T21:24:37.670+0000] {processor.py:183} INFO - Processing /home/ubuntu/venv/lib/python3.12/site-packages/airflow/example_dags/example_python_decorator.py took 0.073 seconds
[2024-06-27T21:25:22.998+0000] {processor.py:161} INFO - Started process (PID=3605) to work on /home/ubuntu/venv/lib/python3.12/site-packages/airflow/example_dags/example_python_decorator.py
[2024-06-27T21:25:23.000+0000] {processor.py:830} INFO - Processing file /home/ubuntu/venv/lib/python3.12/site-packages/airflow/example_dags/example_python_decorator.py for tasks to queue
[2024-06-27T21:25:23.001+0000] {logging_mixin.py:188} INFO - [2024-06-27T21:25:23.000+0000] {dagbag.py:545} INFO - Filling up the DagBag from /home/ubuntu/venv/lib/python3.12/site-packages/airflow/example_dags/example_python_decorator.py
[2024-06-27T21:25:23.010+0000] {logging_mixin.py:188} INFO - [2024-06-27T21:25:23.010+0000] {example_python_decorator.py:80} WARNING - The virtalenv_python example task requires virtualenv, please install it.
[2024-06-27T21:25:23.011+0000] {processor.py:840} INFO - DAG(s) 'example_python_decorator' retrieved from /home/ubuntu/venv/lib/python3.12/site-packages/airflow/example_dags/example_python_decorator.py
[2024-06-27T21:25:23.030+0000] {logging_mixin.py:188} INFO - [2024-06-27T21:25:23.029+0000] {dag.py:3096} INFO - Sync 1 DAGs
[2024-06-27T21:25:23.042+0000] {logging_mixin.py:188} INFO - [2024-06-27T21:25:23.042+0000] {dag.py:3954} INFO - Setting next_dagrun for example_python_decorator to None, run_after=None
[2024-06-27T21:25:23.067+0000] {processor.py:183} INFO - Processing /home/ubuntu/venv/lib/python3.12/site-packages/airflow/example_dags/example_python_decorator.py took 0.075 seconds
[2024-06-27T21:26:25.211+0000] {processor.py:161} INFO - Started process (PID=3670) to work on /home/ubuntu/venv/lib/python3.12/site-packages/airflow/example_dags/example_python_decorator.py
[2024-06-27T21:26:25.213+0000] {processor.py:830} INFO - Processing file /home/ubuntu/venv/lib/python3.12/site-packages/airflow/example_dags/example_python_decorator.py for tasks to queue
[2024-06-27T21:26:25.214+0000] {logging_mixin.py:188} INFO - [2024-06-27T21:26:25.213+0000] {dagbag.py:545} INFO - Filling up the DagBag from /home/ubuntu/venv/lib/python3.12/site-packages/airflow/example_dags/example_python_decorator.py
[2024-06-27T21:26:25.224+0000] {logging_mixin.py:188} INFO - [2024-06-27T21:26:25.223+0000] {example_python_decorator.py:80} WARNING - The virtalenv_python example task requires virtualenv, please install it.
[2024-06-27T21:26:25.224+0000] {processor.py:840} INFO - DAG(s) 'example_python_decorator' retrieved from /home/ubuntu/venv/lib/python3.12/site-packages/airflow/example_dags/example_python_decorator.py
[2024-06-27T21:26:25.244+0000] {logging_mixin.py:188} INFO - [2024-06-27T21:26:25.243+0000] {dag.py:3096} INFO - Sync 1 DAGs
[2024-06-27T21:26:25.256+0000] {logging_mixin.py:188} INFO - [2024-06-27T21:26:25.256+0000] {dag.py:3954} INFO - Setting next_dagrun for example_python_decorator to None, run_after=None
[2024-06-27T21:26:25.279+0000] {processor.py:183} INFO - Processing /home/ubuntu/venv/lib/python3.12/site-packages/airflow/example_dags/example_python_decorator.py took 0.074 seconds
[2024-06-27T21:27:09.780+0000] {processor.py:161} INFO - Started process (PID=3715) to work on /home/ubuntu/venv/lib/python3.12/site-packages/airflow/example_dags/example_python_decorator.py
[2024-06-27T21:27:09.781+0000] {processor.py:830} INFO - Processing file /home/ubuntu/venv/lib/python3.12/site-packages/airflow/example_dags/example_python_decorator.py for tasks to queue
[2024-06-27T21:27:09.782+0000] {logging_mixin.py:188} INFO - [2024-06-27T21:27:09.782+0000] {dagbag.py:545} INFO - Filling up the DagBag from /home/ubuntu/venv/lib/python3.12/site-packages/airflow/example_dags/example_python_decorator.py
[2024-06-27T21:27:09.792+0000] {logging_mixin.py:188} INFO - [2024-06-27T21:27:09.792+0000] {example_python_decorator.py:80} WARNING - The virtalenv_python example task requires virtualenv, please install it.
[2024-06-27T21:27:09.793+0000] {processor.py:840} INFO - DAG(s) 'example_python_decorator' retrieved from /home/ubuntu/venv/lib/python3.12/site-packages/airflow/example_dags/example_python_decorator.py
[2024-06-27T21:27:09.811+0000] {logging_mixin.py:188} INFO - [2024-06-27T21:27:09.811+0000] {dag.py:3096} INFO - Sync 1 DAGs
[2024-06-27T21:27:09.824+0000] {logging_mixin.py:188} INFO - [2024-06-27T21:27:09.824+0000] {dag.py:3954} INFO - Setting next_dagrun for example_python_decorator to None, run_after=None
[2024-06-27T21:27:09.846+0000] {processor.py:183} INFO - Processing /home/ubuntu/venv/lib/python3.12/site-packages/airflow/example_dags/example_python_decorator.py took 0.072 seconds
[2024-06-27T21:28:20.614+0000] {processor.py:161} INFO - Started process (PID=3795) to work on /home/ubuntu/venv/lib/python3.12/site-packages/airflow/example_dags/example_python_decorator.py
[2024-06-27T21:28:20.615+0000] {processor.py:830} INFO - Processing file /home/ubuntu/venv/lib/python3.12/site-packages/airflow/example_dags/example_python_decorator.py for tasks to queue
[2024-06-27T21:28:20.616+0000] {logging_mixin.py:188} INFO - [2024-06-27T21:28:20.615+0000] {dagbag.py:545} INFO - Filling up the DagBag from /home/ubuntu/venv/lib/python3.12/site-packages/airflow/example_dags/example_python_decorator.py
[2024-06-27T21:28:20.625+0000] {logging_mixin.py:188} INFO - [2024-06-27T21:28:20.625+0000] {example_python_decorator.py:80} WARNING - The virtalenv_python example task requires virtualenv, please install it.
[2024-06-27T21:28:20.626+0000] {processor.py:840} INFO - DAG(s) 'example_python_decorator' retrieved from /home/ubuntu/venv/lib/python3.12/site-packages/airflow/example_dags/example_python_decorator.py
[2024-06-27T21:28:20.644+0000] {logging_mixin.py:188} INFO - [2024-06-27T21:28:20.644+0000] {dag.py:3096} INFO - Sync 1 DAGs
[2024-06-27T21:28:20.657+0000] {logging_mixin.py:188} INFO - [2024-06-27T21:28:20.657+0000] {dag.py:3954} INFO - Setting next_dagrun for example_python_decorator to None, run_after=None
[2024-06-27T21:28:20.680+0000] {processor.py:183} INFO - Processing /home/ubuntu/venv/lib/python3.12/site-packages/airflow/example_dags/example_python_decorator.py took 0.072 seconds
[2024-06-27T21:29:26.226+0000] {processor.py:161} INFO - Started process (PID=3879) to work on /home/ubuntu/venv/lib/python3.12/site-packages/airflow/example_dags/example_python_decorator.py
[2024-06-27T21:29:26.229+0000] {processor.py:830} INFO - Processing file /home/ubuntu/venv/lib/python3.12/site-packages/airflow/example_dags/example_python_decorator.py for tasks to queue
[2024-06-27T21:29:26.230+0000] {logging_mixin.py:188} INFO - [2024-06-27T21:29:26.229+0000] {dagbag.py:545} INFO - Filling up the DagBag from /home/ubuntu/venv/lib/python3.12/site-packages/airflow/example_dags/example_python_decorator.py
[2024-06-27T21:29:26.246+0000] {logging_mixin.py:188} INFO - [2024-06-27T21:29:26.246+0000] {example_python_decorator.py:80} WARNING - The virtalenv_python example task requires virtualenv, please install it.
[2024-06-27T21:29:26.247+0000] {processor.py:840} INFO - DAG(s) 'example_python_decorator' retrieved from /home/ubuntu/venv/lib/python3.12/site-packages/airflow/example_dags/example_python_decorator.py
[2024-06-27T21:29:26.282+0000] {logging_mixin.py:188} INFO - [2024-06-27T21:29:26.281+0000] {dag.py:3096} INFO - Sync 1 DAGs
[2024-06-27T21:29:26.294+0000] {logging_mixin.py:188} INFO - [2024-06-27T21:29:26.294+0000] {dag.py:3954} INFO - Setting next_dagrun for example_python_decorator to None, run_after=None
[2024-06-27T21:29:26.318+0000] {processor.py:183} INFO - Processing /home/ubuntu/venv/lib/python3.12/site-packages/airflow/example_dags/example_python_decorator.py took 0.101 seconds
[2024-06-27T21:30:13.142+0000] {processor.py:161} INFO - Started process (PID=3938) to work on /home/ubuntu/venv/lib/python3.12/site-packages/airflow/example_dags/example_python_decorator.py
[2024-06-27T21:30:13.144+0000] {processor.py:830} INFO - Processing file /home/ubuntu/venv/lib/python3.12/site-packages/airflow/example_dags/example_python_decorator.py for tasks to queue
[2024-06-27T21:30:13.145+0000] {logging_mixin.py:188} INFO - [2024-06-27T21:30:13.144+0000] {dagbag.py:545} INFO - Filling up the DagBag from /home/ubuntu/venv/lib/python3.12/site-packages/airflow/example_dags/example_python_decorator.py
[2024-06-27T21:30:13.154+0000] {logging_mixin.py:188} INFO - [2024-06-27T21:30:13.154+0000] {example_python_decorator.py:80} WARNING - The virtalenv_python example task requires virtualenv, please install it.
[2024-06-27T21:30:13.155+0000] {processor.py:840} INFO - DAG(s) 'example_python_decorator' retrieved from /home/ubuntu/venv/lib/python3.12/site-packages/airflow/example_dags/example_python_decorator.py
[2024-06-27T21:30:13.174+0000] {logging_mixin.py:188} INFO - [2024-06-27T21:30:13.173+0000] {dag.py:3096} INFO - Sync 1 DAGs
[2024-06-27T21:30:13.186+0000] {logging_mixin.py:188} INFO - [2024-06-27T21:30:13.186+0000] {dag.py:3954} INFO - Setting next_dagrun for example_python_decorator to None, run_after=None
[2024-06-27T21:30:13.209+0000] {processor.py:183} INFO - Processing /home/ubuntu/venv/lib/python3.12/site-packages/airflow/example_dags/example_python_decorator.py took 0.073 seconds
[2024-06-27T21:31:16.010+0000] {processor.py:161} INFO - Started process (PID=4002) to work on /home/ubuntu/venv/lib/python3.12/site-packages/airflow/example_dags/example_python_decorator.py
[2024-06-27T21:31:16.012+0000] {processor.py:830} INFO - Processing file /home/ubuntu/venv/lib/python3.12/site-packages/airflow/example_dags/example_python_decorator.py for tasks to queue
[2024-06-27T21:31:16.013+0000] {logging_mixin.py:188} INFO - [2024-06-27T21:31:16.013+0000] {dagbag.py:545} INFO - Filling up the DagBag from /home/ubuntu/venv/lib/python3.12/site-packages/airflow/example_dags/example_python_decorator.py
[2024-06-27T21:31:16.023+0000] {logging_mixin.py:188} INFO - [2024-06-27T21:31:16.023+0000] {example_python_decorator.py:80} WARNING - The virtalenv_python example task requires virtualenv, please install it.
[2024-06-27T21:31:16.024+0000] {processor.py:840} INFO - DAG(s) 'example_python_decorator' retrieved from /home/ubuntu/venv/lib/python3.12/site-packages/airflow/example_dags/example_python_decorator.py
[2024-06-27T21:31:16.042+0000] {logging_mixin.py:188} INFO - [2024-06-27T21:31:16.042+0000] {dag.py:3096} INFO - Sync 1 DAGs
[2024-06-27T21:31:16.055+0000] {logging_mixin.py:188} INFO - [2024-06-27T21:31:16.055+0000] {dag.py:3954} INFO - Setting next_dagrun for example_python_decorator to None, run_after=None
[2024-06-27T21:31:16.079+0000] {processor.py:183} INFO - Processing /home/ubuntu/venv/lib/python3.12/site-packages/airflow/example_dags/example_python_decorator.py took 0.074 seconds
[2024-06-27T21:32:20.930+0000] {processor.py:161} INFO - Started process (PID=4067) to work on /home/ubuntu/venv/lib/python3.12/site-packages/airflow/example_dags/example_python_decorator.py
[2024-06-27T21:32:20.932+0000] {processor.py:830} INFO - Processing file /home/ubuntu/venv/lib/python3.12/site-packages/airflow/example_dags/example_python_decorator.py for tasks to queue
[2024-06-27T21:32:20.932+0000] {logging_mixin.py:188} INFO - [2024-06-27T21:32:20.932+0000] {dagbag.py:545} INFO - Filling up the DagBag from /home/ubuntu/venv/lib/python3.12/site-packages/airflow/example_dags/example_python_decorator.py
[2024-06-27T21:32:20.942+0000] {logging_mixin.py:188} INFO - [2024-06-27T21:32:20.941+0000] {example_python_decorator.py:80} WARNING - The virtalenv_python example task requires virtualenv, please install it.
[2024-06-27T21:32:20.942+0000] {processor.py:840} INFO - DAG(s) 'example_python_decorator' retrieved from /home/ubuntu/venv/lib/python3.12/site-packages/airflow/example_dags/example_python_decorator.py
[2024-06-27T21:32:20.961+0000] {logging_mixin.py:188} INFO - [2024-06-27T21:32:20.961+0000] {dag.py:3096} INFO - Sync 1 DAGs
[2024-06-27T21:32:20.974+0000] {logging_mixin.py:188} INFO - [2024-06-27T21:32:20.973+0000] {dag.py:3954} INFO - Setting next_dagrun for example_python_decorator to None, run_after=None
[2024-06-27T21:32:20.997+0000] {processor.py:183} INFO - Processing /home/ubuntu/venv/lib/python3.12/site-packages/airflow/example_dags/example_python_decorator.py took 0.073 seconds
[2024-06-27T21:33:19.890+0000] {processor.py:161} INFO - Started process (PID=4140) to work on /home/ubuntu/venv/lib/python3.12/site-packages/airflow/example_dags/example_python_decorator.py
[2024-06-27T21:33:19.892+0000] {processor.py:830} INFO - Processing file /home/ubuntu/venv/lib/python3.12/site-packages/airflow/example_dags/example_python_decorator.py for tasks to queue
[2024-06-27T21:33:19.893+0000] {logging_mixin.py:188} INFO - [2024-06-27T21:33:19.892+0000] {dagbag.py:545} INFO - Filling up the DagBag from /home/ubuntu/venv/lib/python3.12/site-packages/airflow/example_dags/example_python_decorator.py
[2024-06-27T21:33:19.902+0000] {logging_mixin.py:188} INFO - [2024-06-27T21:33:19.902+0000] {example_python_decorator.py:80} WARNING - The virtalenv_python example task requires virtualenv, please install it.
[2024-06-27T21:33:19.903+0000] {processor.py:840} INFO - DAG(s) 'example_python_decorator' retrieved from /home/ubuntu/venv/lib/python3.12/site-packages/airflow/example_dags/example_python_decorator.py
[2024-06-27T21:33:19.921+0000] {logging_mixin.py:188} INFO - [2024-06-27T21:33:19.921+0000] {dag.py:3096} INFO - Sync 1 DAGs
[2024-06-27T21:33:19.934+0000] {logging_mixin.py:188} INFO - [2024-06-27T21:33:19.934+0000] {dag.py:3954} INFO - Setting next_dagrun for example_python_decorator to None, run_after=None
[2024-06-27T21:33:19.957+0000] {processor.py:183} INFO - Processing /home/ubuntu/venv/lib/python3.12/site-packages/airflow/example_dags/example_python_decorator.py took 0.073 seconds
[2024-06-27T21:34:07.411+0000] {processor.py:161} INFO - Started process (PID=4192) to work on /home/ubuntu/venv/lib/python3.12/site-packages/airflow/example_dags/example_python_decorator.py
[2024-06-27T21:34:07.413+0000] {processor.py:830} INFO - Processing file /home/ubuntu/venv/lib/python3.12/site-packages/airflow/example_dags/example_python_decorator.py for tasks to queue
[2024-06-27T21:34:07.414+0000] {logging_mixin.py:188} INFO - [2024-06-27T21:34:07.413+0000] {dagbag.py:545} INFO - Filling up the DagBag from /home/ubuntu/venv/lib/python3.12/site-packages/airflow/example_dags/example_python_decorator.py
[2024-06-27T21:34:07.423+0000] {logging_mixin.py:188} INFO - [2024-06-27T21:34:07.423+0000] {example_python_decorator.py:80} WARNING - The virtalenv_python example task requires virtualenv, please install it.
[2024-06-27T21:34:07.424+0000] {processor.py:840} INFO - DAG(s) 'example_python_decorator' retrieved from /home/ubuntu/venv/lib/python3.12/site-packages/airflow/example_dags/example_python_decorator.py
[2024-06-27T21:34:07.443+0000] {logging_mixin.py:188} INFO - [2024-06-27T21:34:07.442+0000] {dag.py:3096} INFO - Sync 1 DAGs
[2024-06-27T21:34:07.455+0000] {logging_mixin.py:188} INFO - [2024-06-27T21:34:07.455+0000] {dag.py:3954} INFO - Setting next_dagrun for example_python_decorator to None, run_after=None
[2024-06-27T21:34:07.479+0000] {processor.py:183} INFO - Processing /home/ubuntu/venv/lib/python3.12/site-packages/airflow/example_dags/example_python_decorator.py took 0.074 seconds
[2024-06-27T21:35:10.921+0000] {processor.py:161} INFO - Started process (PID=4260) to work on /home/ubuntu/venv/lib/python3.12/site-packages/airflow/example_dags/example_python_decorator.py
[2024-06-27T21:35:10.924+0000] {processor.py:830} INFO - Processing file /home/ubuntu/venv/lib/python3.12/site-packages/airflow/example_dags/example_python_decorator.py for tasks to queue
[2024-06-27T21:35:10.925+0000] {logging_mixin.py:188} INFO - [2024-06-27T21:35:10.925+0000] {dagbag.py:545} INFO - Filling up the DagBag from /home/ubuntu/venv/lib/python3.12/site-packages/airflow/example_dags/example_python_decorator.py
[2024-06-27T21:35:10.935+0000] {logging_mixin.py:188} INFO - [2024-06-27T21:35:10.935+0000] {example_python_decorator.py:80} WARNING - The virtalenv_python example task requires virtualenv, please install it.
[2024-06-27T21:35:10.936+0000] {processor.py:840} INFO - DAG(s) 'example_python_decorator' retrieved from /home/ubuntu/venv/lib/python3.12/site-packages/airflow/example_dags/example_python_decorator.py
[2024-06-27T21:35:10.955+0000] {logging_mixin.py:188} INFO - [2024-06-27T21:35:10.955+0000] {dag.py:3096} INFO - Sync 1 DAGs
[2024-06-27T21:35:10.968+0000] {logging_mixin.py:188} INFO - [2024-06-27T21:35:10.967+0000] {dag.py:3954} INFO - Setting next_dagrun for example_python_decorator to None, run_after=None
[2024-06-27T21:35:10.993+0000] {processor.py:183} INFO - Processing /home/ubuntu/venv/lib/python3.12/site-packages/airflow/example_dags/example_python_decorator.py took 0.078 seconds
[2024-06-27T21:36:14.097+0000] {processor.py:161} INFO - Started process (PID=4328) to work on /home/ubuntu/venv/lib/python3.12/site-packages/airflow/example_dags/example_python_decorator.py
[2024-06-27T21:36:14.099+0000] {processor.py:830} INFO - Processing file /home/ubuntu/venv/lib/python3.12/site-packages/airflow/example_dags/example_python_decorator.py for tasks to queue
[2024-06-27T21:36:14.100+0000] {logging_mixin.py:188} INFO - [2024-06-27T21:36:14.099+0000] {dagbag.py:545} INFO - Filling up the DagBag from /home/ubuntu/venv/lib/python3.12/site-packages/airflow/example_dags/example_python_decorator.py
[2024-06-27T21:36:14.109+0000] {logging_mixin.py:188} INFO - [2024-06-27T21:36:14.109+0000] {example_python_decorator.py:80} WARNING - The virtalenv_python example task requires virtualenv, please install it.
[2024-06-27T21:36:14.110+0000] {processor.py:840} INFO - DAG(s) 'example_python_decorator' retrieved from /home/ubuntu/venv/lib/python3.12/site-packages/airflow/example_dags/example_python_decorator.py
[2024-06-27T21:36:14.128+0000] {logging_mixin.py:188} INFO - [2024-06-27T21:36:14.128+0000] {dag.py:3096} INFO - Sync 1 DAGs
[2024-06-27T21:36:14.141+0000] {logging_mixin.py:188} INFO - [2024-06-27T21:36:14.140+0000] {dag.py:3954} INFO - Setting next_dagrun for example_python_decorator to None, run_after=None
[2024-06-27T21:36:14.163+0000] {processor.py:183} INFO - Processing /home/ubuntu/venv/lib/python3.12/site-packages/airflow/example_dags/example_python_decorator.py took 0.071 seconds
[2024-06-27T21:37:17.791+0000] {processor.py:161} INFO - Started process (PID=4392) to work on /home/ubuntu/venv/lib/python3.12/site-packages/airflow/example_dags/example_python_decorator.py
[2024-06-27T21:37:17.792+0000] {processor.py:830} INFO - Processing file /home/ubuntu/venv/lib/python3.12/site-packages/airflow/example_dags/example_python_decorator.py for tasks to queue
[2024-06-27T21:37:17.793+0000] {logging_mixin.py:188} INFO - [2024-06-27T21:37:17.793+0000] {dagbag.py:545} INFO - Filling up the DagBag from /home/ubuntu/venv/lib/python3.12/site-packages/airflow/example_dags/example_python_decorator.py
[2024-06-27T21:37:17.803+0000] {logging_mixin.py:188} INFO - [2024-06-27T21:37:17.803+0000] {example_python_decorator.py:80} WARNING - The virtalenv_python example task requires virtualenv, please install it.
[2024-06-27T21:37:17.804+0000] {processor.py:840} INFO - DAG(s) 'example_python_decorator' retrieved from /home/ubuntu/venv/lib/python3.12/site-packages/airflow/example_dags/example_python_decorator.py
[2024-06-27T21:37:17.823+0000] {logging_mixin.py:188} INFO - [2024-06-27T21:37:17.822+0000] {dag.py:3096} INFO - Sync 1 DAGs
[2024-06-27T21:37:17.835+0000] {logging_mixin.py:188} INFO - [2024-06-27T21:37:17.835+0000] {dag.py:3954} INFO - Setting next_dagrun for example_python_decorator to None, run_after=None
[2024-06-27T21:37:17.860+0000] {processor.py:183} INFO - Processing /home/ubuntu/venv/lib/python3.12/site-packages/airflow/example_dags/example_python_decorator.py took 0.076 seconds
[2024-06-27T21:38:05.754+0000] {processor.py:161} INFO - Started process (PID=4444) to work on /home/ubuntu/venv/lib/python3.12/site-packages/airflow/example_dags/example_python_decorator.py
[2024-06-27T21:38:05.756+0000] {processor.py:830} INFO - Processing file /home/ubuntu/venv/lib/python3.12/site-packages/airflow/example_dags/example_python_decorator.py for tasks to queue
[2024-06-27T21:38:05.757+0000] {logging_mixin.py:188} INFO - [2024-06-27T21:38:05.756+0000] {dagbag.py:545} INFO - Filling up the DagBag from /home/ubuntu/venv/lib/python3.12/site-packages/airflow/example_dags/example_python_decorator.py
[2024-06-27T21:38:05.767+0000] {logging_mixin.py:188} INFO - [2024-06-27T21:38:05.767+0000] {example_python_decorator.py:80} WARNING - The virtalenv_python example task requires virtualenv, please install it.
[2024-06-27T21:38:05.768+0000] {processor.py:840} INFO - DAG(s) 'example_python_decorator' retrieved from /home/ubuntu/venv/lib/python3.12/site-packages/airflow/example_dags/example_python_decorator.py
[2024-06-27T21:38:05.787+0000] {logging_mixin.py:188} INFO - [2024-06-27T21:38:05.787+0000] {dag.py:3096} INFO - Sync 1 DAGs
[2024-06-27T21:38:05.800+0000] {logging_mixin.py:188} INFO - [2024-06-27T21:38:05.799+0000] {dag.py:3954} INFO - Setting next_dagrun for example_python_decorator to None, run_after=None
[2024-06-27T21:38:05.824+0000] {processor.py:183} INFO - Processing /home/ubuntu/venv/lib/python3.12/site-packages/airflow/example_dags/example_python_decorator.py took 0.076 seconds
[2024-06-27T21:38:54.131+0000] {processor.py:161} INFO - Started process (PID=4494) to work on /home/ubuntu/venv/lib/python3.12/site-packages/airflow/example_dags/example_python_decorator.py
[2024-06-27T21:38:54.132+0000] {processor.py:830} INFO - Processing file /home/ubuntu/venv/lib/python3.12/site-packages/airflow/example_dags/example_python_decorator.py for tasks to queue
[2024-06-27T21:38:54.133+0000] {logging_mixin.py:188} INFO - [2024-06-27T21:38:54.132+0000] {dagbag.py:545} INFO - Filling up the DagBag from /home/ubuntu/venv/lib/python3.12/site-packages/airflow/example_dags/example_python_decorator.py
[2024-06-27T21:38:54.143+0000] {logging_mixin.py:188} INFO - [2024-06-27T21:38:54.142+0000] {example_python_decorator.py:80} WARNING - The virtalenv_python example task requires virtualenv, please install it.
[2024-06-27T21:38:54.143+0000] {processor.py:840} INFO - DAG(s) 'example_python_decorator' retrieved from /home/ubuntu/venv/lib/python3.12/site-packages/airflow/example_dags/example_python_decorator.py
[2024-06-27T21:38:54.162+0000] {logging_mixin.py:188} INFO - [2024-06-27T21:38:54.162+0000] {dag.py:3096} INFO - Sync 1 DAGs
[2024-06-27T21:38:54.174+0000] {logging_mixin.py:188} INFO - [2024-06-27T21:38:54.174+0000] {dag.py:3954} INFO - Setting next_dagrun for example_python_decorator to None, run_after=None
[2024-06-27T21:38:54.198+0000] {processor.py:183} INFO - Processing /home/ubuntu/venv/lib/python3.12/site-packages/airflow/example_dags/example_python_decorator.py took 0.073 seconds
[2024-06-27T21:39:37.890+0000] {processor.py:161} INFO - Started process (PID=4539) to work on /home/ubuntu/venv/lib/python3.12/site-packages/airflow/example_dags/example_python_decorator.py
[2024-06-27T21:39:37.891+0000] {processor.py:830} INFO - Processing file /home/ubuntu/venv/lib/python3.12/site-packages/airflow/example_dags/example_python_decorator.py for tasks to queue
[2024-06-27T21:39:37.892+0000] {logging_mixin.py:188} INFO - [2024-06-27T21:39:37.892+0000] {dagbag.py:545} INFO - Filling up the DagBag from /home/ubuntu/venv/lib/python3.12/site-packages/airflow/example_dags/example_python_decorator.py
[2024-06-27T21:39:37.902+0000] {logging_mixin.py:188} INFO - [2024-06-27T21:39:37.901+0000] {example_python_decorator.py:80} WARNING - The virtalenv_python example task requires virtualenv, please install it.
[2024-06-27T21:39:37.902+0000] {processor.py:840} INFO - DAG(s) 'example_python_decorator' retrieved from /home/ubuntu/venv/lib/python3.12/site-packages/airflow/example_dags/example_python_decorator.py
[2024-06-27T21:39:37.920+0000] {logging_mixin.py:188} INFO - [2024-06-27T21:39:37.920+0000] {dag.py:3096} INFO - Sync 1 DAGs
[2024-06-27T21:39:37.933+0000] {logging_mixin.py:188} INFO - [2024-06-27T21:39:37.932+0000] {dag.py:3954} INFO - Setting next_dagrun for example_python_decorator to None, run_after=None
[2024-06-27T21:39:37.956+0000] {processor.py:183} INFO - Processing /home/ubuntu/venv/lib/python3.12/site-packages/airflow/example_dags/example_python_decorator.py took 0.072 seconds
[2024-06-27T21:40:41.085+0000] {processor.py:161} INFO - Started process (PID=4606) to work on /home/ubuntu/venv/lib/python3.12/site-packages/airflow/example_dags/example_python_decorator.py
[2024-06-27T21:40:41.087+0000] {processor.py:830} INFO - Processing file /home/ubuntu/venv/lib/python3.12/site-packages/airflow/example_dags/example_python_decorator.py for tasks to queue
[2024-06-27T21:40:41.087+0000] {logging_mixin.py:188} INFO - [2024-06-27T21:40:41.087+0000] {dagbag.py:545} INFO - Filling up the DagBag from /home/ubuntu/venv/lib/python3.12/site-packages/airflow/example_dags/example_python_decorator.py
[2024-06-27T21:40:41.097+0000] {logging_mixin.py:188} INFO - [2024-06-27T21:40:41.096+0000] {example_python_decorator.py:80} WARNING - The virtalenv_python example task requires virtualenv, please install it.
[2024-06-27T21:40:41.097+0000] {processor.py:840} INFO - DAG(s) 'example_python_decorator' retrieved from /home/ubuntu/venv/lib/python3.12/site-packages/airflow/example_dags/example_python_decorator.py
[2024-06-27T21:40:41.115+0000] {logging_mixin.py:188} INFO - [2024-06-27T21:40:41.115+0000] {dag.py:3096} INFO - Sync 1 DAGs
[2024-06-27T21:40:41.128+0000] {logging_mixin.py:188} INFO - [2024-06-27T21:40:41.128+0000] {dag.py:3954} INFO - Setting next_dagrun for example_python_decorator to None, run_after=None
[2024-06-27T21:40:41.150+0000] {processor.py:183} INFO - Processing /home/ubuntu/venv/lib/python3.12/site-packages/airflow/example_dags/example_python_decorator.py took 0.071 seconds
[2024-06-27T21:41:24.321+0000] {processor.py:161} INFO - Started process (PID=4651) to work on /home/ubuntu/venv/lib/python3.12/site-packages/airflow/example_dags/example_python_decorator.py
[2024-06-27T21:41:24.323+0000] {processor.py:830} INFO - Processing file /home/ubuntu/venv/lib/python3.12/site-packages/airflow/example_dags/example_python_decorator.py for tasks to queue
[2024-06-27T21:41:24.324+0000] {logging_mixin.py:188} INFO - [2024-06-27T21:41:24.323+0000] {dagbag.py:545} INFO - Filling up the DagBag from /home/ubuntu/venv/lib/python3.12/site-packages/airflow/example_dags/example_python_decorator.py
[2024-06-27T21:41:24.333+0000] {logging_mixin.py:188} INFO - [2024-06-27T21:41:24.333+0000] {example_python_decorator.py:80} WARNING - The virtalenv_python example task requires virtualenv, please install it.
[2024-06-27T21:41:24.333+0000] {processor.py:840} INFO - DAG(s) 'example_python_decorator' retrieved from /home/ubuntu/venv/lib/python3.12/site-packages/airflow/example_dags/example_python_decorator.py
[2024-06-27T21:41:24.352+0000] {logging_mixin.py:188} INFO - [2024-06-27T21:41:24.352+0000] {dag.py:3096} INFO - Sync 1 DAGs
[2024-06-27T21:41:24.365+0000] {logging_mixin.py:188} INFO - [2024-06-27T21:41:24.364+0000] {dag.py:3954} INFO - Setting next_dagrun for example_python_decorator to None, run_after=None
[2024-06-27T21:41:24.388+0000] {processor.py:183} INFO - Processing /home/ubuntu/venv/lib/python3.12/site-packages/airflow/example_dags/example_python_decorator.py took 0.073 seconds
[2024-06-27T21:42:09.482+0000] {processor.py:161} INFO - Started process (PID=4697) to work on /home/ubuntu/venv/lib/python3.12/site-packages/airflow/example_dags/example_python_decorator.py
[2024-06-27T21:42:09.483+0000] {processor.py:830} INFO - Processing file /home/ubuntu/venv/lib/python3.12/site-packages/airflow/example_dags/example_python_decorator.py for tasks to queue
[2024-06-27T21:42:09.484+0000] {logging_mixin.py:188} INFO - [2024-06-27T21:42:09.484+0000] {dagbag.py:545} INFO - Filling up the DagBag from /home/ubuntu/venv/lib/python3.12/site-packages/airflow/example_dags/example_python_decorator.py
[2024-06-27T21:42:09.493+0000] {logging_mixin.py:188} INFO - [2024-06-27T21:42:09.493+0000] {example_python_decorator.py:80} WARNING - The virtalenv_python example task requires virtualenv, please install it.
[2024-06-27T21:42:09.494+0000] {processor.py:840} INFO - DAG(s) 'example_python_decorator' retrieved from /home/ubuntu/venv/lib/python3.12/site-packages/airflow/example_dags/example_python_decorator.py
[2024-06-27T21:42:09.514+0000] {logging_mixin.py:188} INFO - [2024-06-27T21:42:09.514+0000] {dag.py:3096} INFO - Sync 1 DAGs
[2024-06-27T21:42:09.527+0000] {logging_mixin.py:188} INFO - [2024-06-27T21:42:09.527+0000] {dag.py:3954} INFO - Setting next_dagrun for example_python_decorator to None, run_after=None
[2024-06-27T21:42:09.551+0000] {processor.py:183} INFO - Processing /home/ubuntu/venv/lib/python3.12/site-packages/airflow/example_dags/example_python_decorator.py took 0.075 seconds
[2024-06-27T21:42:53.371+0000] {processor.py:161} INFO - Started process (PID=4743) to work on /home/ubuntu/venv/lib/python3.12/site-packages/airflow/example_dags/example_python_decorator.py
[2024-06-27T21:42:53.372+0000] {processor.py:830} INFO - Processing file /home/ubuntu/venv/lib/python3.12/site-packages/airflow/example_dags/example_python_decorator.py for tasks to queue
[2024-06-27T21:42:53.373+0000] {logging_mixin.py:188} INFO - [2024-06-27T21:42:53.372+0000] {dagbag.py:545} INFO - Filling up the DagBag from /home/ubuntu/venv/lib/python3.12/site-packages/airflow/example_dags/example_python_decorator.py
[2024-06-27T21:42:53.382+0000] {logging_mixin.py:188} INFO - [2024-06-27T21:42:53.382+0000] {example_python_decorator.py:80} WARNING - The virtalenv_python example task requires virtualenv, please install it.
[2024-06-27T21:42:53.383+0000] {processor.py:840} INFO - DAG(s) 'example_python_decorator' retrieved from /home/ubuntu/venv/lib/python3.12/site-packages/airflow/example_dags/example_python_decorator.py
[2024-06-27T21:42:53.401+0000] {logging_mixin.py:188} INFO - [2024-06-27T21:42:53.401+0000] {dag.py:3096} INFO - Sync 1 DAGs
[2024-06-27T21:42:53.414+0000] {logging_mixin.py:188} INFO - [2024-06-27T21:42:53.414+0000] {dag.py:3954} INFO - Setting next_dagrun for example_python_decorator to None, run_after=None
[2024-06-27T21:42:53.436+0000] {processor.py:183} INFO - Processing /home/ubuntu/venv/lib/python3.12/site-packages/airflow/example_dags/example_python_decorator.py took 0.072 seconds
[2024-06-27T21:43:37.230+0000] {processor.py:161} INFO - Started process (PID=4787) to work on /home/ubuntu/venv/lib/python3.12/site-packages/airflow/example_dags/example_python_decorator.py
[2024-06-27T21:43:37.232+0000] {processor.py:830} INFO - Processing file /home/ubuntu/venv/lib/python3.12/site-packages/airflow/example_dags/example_python_decorator.py for tasks to queue
[2024-06-27T21:43:37.233+0000] {logging_mixin.py:188} INFO - [2024-06-27T21:43:37.233+0000] {dagbag.py:545} INFO - Filling up the DagBag from /home/ubuntu/venv/lib/python3.12/site-packages/airflow/example_dags/example_python_decorator.py
[2024-06-27T21:43:37.243+0000] {logging_mixin.py:188} INFO - [2024-06-27T21:43:37.242+0000] {example_python_decorator.py:80} WARNING - The virtalenv_python example task requires virtualenv, please install it.
[2024-06-27T21:43:37.243+0000] {processor.py:840} INFO - DAG(s) 'example_python_decorator' retrieved from /home/ubuntu/venv/lib/python3.12/site-packages/airflow/example_dags/example_python_decorator.py
[2024-06-27T21:43:37.261+0000] {logging_mixin.py:188} INFO - [2024-06-27T21:43:37.261+0000] {dag.py:3096} INFO - Sync 1 DAGs
[2024-06-27T21:43:37.273+0000] {logging_mixin.py:188} INFO - [2024-06-27T21:43:37.273+0000] {dag.py:3954} INFO - Setting next_dagrun for example_python_decorator to None, run_after=None
[2024-06-27T21:43:37.296+0000] {processor.py:183} INFO - Processing /home/ubuntu/venv/lib/python3.12/site-packages/airflow/example_dags/example_python_decorator.py took 0.072 seconds
[2024-06-27T21:44:22.394+0000] {processor.py:161} INFO - Started process (PID=4833) to work on /home/ubuntu/venv/lib/python3.12/site-packages/airflow/example_dags/example_python_decorator.py
[2024-06-27T21:44:22.396+0000] {processor.py:830} INFO - Processing file /home/ubuntu/venv/lib/python3.12/site-packages/airflow/example_dags/example_python_decorator.py for tasks to queue
[2024-06-27T21:44:22.397+0000] {logging_mixin.py:188} INFO - [2024-06-27T21:44:22.396+0000] {dagbag.py:545} INFO - Filling up the DagBag from /home/ubuntu/venv/lib/python3.12/site-packages/airflow/example_dags/example_python_decorator.py
[2024-06-27T21:44:22.406+0000] {logging_mixin.py:188} INFO - [2024-06-27T21:44:22.406+0000] {example_python_decorator.py:80} WARNING - The virtalenv_python example task requires virtualenv, please install it.
[2024-06-27T21:44:22.406+0000] {processor.py:840} INFO - DAG(s) 'example_python_decorator' retrieved from /home/ubuntu/venv/lib/python3.12/site-packages/airflow/example_dags/example_python_decorator.py
[2024-06-27T21:44:22.425+0000] {logging_mixin.py:188} INFO - [2024-06-27T21:44:22.425+0000] {dag.py:3096} INFO - Sync 1 DAGs
[2024-06-27T21:44:22.437+0000] {logging_mixin.py:188} INFO - [2024-06-27T21:44:22.437+0000] {dag.py:3954} INFO - Setting next_dagrun for example_python_decorator to None, run_after=None
[2024-06-27T21:44:22.576+0000] {processor.py:183} INFO - Processing /home/ubuntu/venv/lib/python3.12/site-packages/airflow/example_dags/example_python_decorator.py took 0.187 seconds
[2024-06-27T21:45:07.258+0000] {processor.py:161} INFO - Started process (PID=4925) to work on /home/ubuntu/venv/lib/python3.12/site-packages/airflow/example_dags/example_python_decorator.py
[2024-06-27T21:45:07.259+0000] {processor.py:830} INFO - Processing file /home/ubuntu/venv/lib/python3.12/site-packages/airflow/example_dags/example_python_decorator.py for tasks to queue
[2024-06-27T21:45:07.260+0000] {logging_mixin.py:188} INFO - [2024-06-27T21:45:07.260+0000] {dagbag.py:545} INFO - Filling up the DagBag from /home/ubuntu/venv/lib/python3.12/site-packages/airflow/example_dags/example_python_decorator.py
[2024-06-27T21:45:07.270+0000] {logging_mixin.py:188} INFO - [2024-06-27T21:45:07.270+0000] {example_python_decorator.py:80} WARNING - The virtalenv_python example task requires virtualenv, please install it.
[2024-06-27T21:45:07.270+0000] {processor.py:840} INFO - DAG(s) 'example_python_decorator' retrieved from /home/ubuntu/venv/lib/python3.12/site-packages/airflow/example_dags/example_python_decorator.py
[2024-06-27T21:45:07.290+0000] {logging_mixin.py:188} INFO - [2024-06-27T21:45:07.289+0000] {dag.py:3096} INFO - Sync 1 DAGs
[2024-06-27T21:45:07.302+0000] {logging_mixin.py:188} INFO - [2024-06-27T21:45:07.302+0000] {dag.py:3954} INFO - Setting next_dagrun for example_python_decorator to None, run_after=None
[2024-06-27T21:45:07.327+0000] {processor.py:183} INFO - Processing /home/ubuntu/venv/lib/python3.12/site-packages/airflow/example_dags/example_python_decorator.py took 0.076 seconds
[2024-06-27T21:45:53.990+0000] {processor.py:161} INFO - Started process (PID=4973) to work on /home/ubuntu/venv/lib/python3.12/site-packages/airflow/example_dags/example_python_decorator.py
[2024-06-27T21:45:53.991+0000] {processor.py:830} INFO - Processing file /home/ubuntu/venv/lib/python3.12/site-packages/airflow/example_dags/example_python_decorator.py for tasks to queue
[2024-06-27T21:45:53.992+0000] {logging_mixin.py:188} INFO - [2024-06-27T21:45:53.992+0000] {dagbag.py:545} INFO - Filling up the DagBag from /home/ubuntu/venv/lib/python3.12/site-packages/airflow/example_dags/example_python_decorator.py
[2024-06-27T21:45:54.002+0000] {logging_mixin.py:188} INFO - [2024-06-27T21:45:54.001+0000] {example_python_decorator.py:80} WARNING - The virtalenv_python example task requires virtualenv, please install it.
[2024-06-27T21:45:54.002+0000] {processor.py:840} INFO - DAG(s) 'example_python_decorator' retrieved from /home/ubuntu/venv/lib/python3.12/site-packages/airflow/example_dags/example_python_decorator.py
[2024-06-27T21:45:54.021+0000] {logging_mixin.py:188} INFO - [2024-06-27T21:45:54.020+0000] {dag.py:3096} INFO - Sync 1 DAGs
[2024-06-27T21:45:54.140+0000] {logging_mixin.py:188} INFO - [2024-06-27T21:45:54.140+0000] {dag.py:3954} INFO - Setting next_dagrun for example_python_decorator to None, run_after=None
[2024-06-27T21:45:54.161+0000] {processor.py:183} INFO - Processing /home/ubuntu/venv/lib/python3.12/site-packages/airflow/example_dags/example_python_decorator.py took 0.177 seconds
[2024-06-27T21:46:44.748+0000] {processor.py:161} INFO - Started process (PID=5020) to work on /home/ubuntu/venv/lib/python3.12/site-packages/airflow/example_dags/example_python_decorator.py
[2024-06-27T21:46:44.749+0000] {processor.py:830} INFO - Processing file /home/ubuntu/venv/lib/python3.12/site-packages/airflow/example_dags/example_python_decorator.py for tasks to queue
[2024-06-27T21:46:44.750+0000] {logging_mixin.py:188} INFO - [2024-06-27T21:46:44.750+0000] {dagbag.py:545} INFO - Filling up the DagBag from /home/ubuntu/venv/lib/python3.12/site-packages/airflow/example_dags/example_python_decorator.py
[2024-06-27T21:46:44.760+0000] {logging_mixin.py:188} INFO - [2024-06-27T21:46:44.760+0000] {example_python_decorator.py:80} WARNING - The virtalenv_python example task requires virtualenv, please install it.
[2024-06-27T21:46:44.761+0000] {processor.py:840} INFO - DAG(s) 'example_python_decorator' retrieved from /home/ubuntu/venv/lib/python3.12/site-packages/airflow/example_dags/example_python_decorator.py
[2024-06-27T21:46:44.779+0000] {logging_mixin.py:188} INFO - [2024-06-27T21:46:44.779+0000] {dag.py:3096} INFO - Sync 1 DAGs
[2024-06-27T21:46:44.792+0000] {logging_mixin.py:188} INFO - [2024-06-27T21:46:44.791+0000] {dag.py:3954} INFO - Setting next_dagrun for example_python_decorator to None, run_after=None
[2024-06-27T21:46:44.814+0000] {processor.py:183} INFO - Processing /home/ubuntu/venv/lib/python3.12/site-packages/airflow/example_dags/example_python_decorator.py took 0.072 seconds
[2024-06-27T21:47:33.093+0000] {processor.py:161} INFO - Started process (PID=5086) to work on /home/ubuntu/venv/lib/python3.12/site-packages/airflow/example_dags/example_python_decorator.py
[2024-06-27T21:47:33.095+0000] {processor.py:830} INFO - Processing file /home/ubuntu/venv/lib/python3.12/site-packages/airflow/example_dags/example_python_decorator.py for tasks to queue
[2024-06-27T21:47:33.096+0000] {logging_mixin.py:188} INFO - [2024-06-27T21:47:33.095+0000] {dagbag.py:545} INFO - Filling up the DagBag from /home/ubuntu/venv/lib/python3.12/site-packages/airflow/example_dags/example_python_decorator.py
[2024-06-27T21:47:33.106+0000] {logging_mixin.py:188} INFO - [2024-06-27T21:47:33.105+0000] {example_python_decorator.py:80} WARNING - The virtalenv_python example task requires virtualenv, please install it.
[2024-06-27T21:47:33.106+0000] {processor.py:840} INFO - DAG(s) 'example_python_decorator' retrieved from /home/ubuntu/venv/lib/python3.12/site-packages/airflow/example_dags/example_python_decorator.py
[2024-06-27T21:47:33.125+0000] {logging_mixin.py:188} INFO - [2024-06-27T21:47:33.125+0000] {dag.py:3096} INFO - Sync 1 DAGs
[2024-06-27T21:47:33.137+0000] {logging_mixin.py:188} INFO - [2024-06-27T21:47:33.137+0000] {dag.py:3954} INFO - Setting next_dagrun for example_python_decorator to None, run_after=None
[2024-06-27T21:47:33.161+0000] {processor.py:183} INFO - Processing /home/ubuntu/venv/lib/python3.12/site-packages/airflow/example_dags/example_python_decorator.py took 0.074 seconds
[2024-06-27T21:48:19.538+0000] {processor.py:161} INFO - Started process (PID=5241) to work on /home/ubuntu/venv/lib/python3.12/site-packages/airflow/example_dags/example_python_decorator.py
[2024-06-27T21:48:19.540+0000] {processor.py:830} INFO - Processing file /home/ubuntu/venv/lib/python3.12/site-packages/airflow/example_dags/example_python_decorator.py for tasks to queue
[2024-06-27T21:48:19.541+0000] {logging_mixin.py:188} INFO - [2024-06-27T21:48:19.540+0000] {dagbag.py:545} INFO - Filling up the DagBag from /home/ubuntu/venv/lib/python3.12/site-packages/airflow/example_dags/example_python_decorator.py
[2024-06-27T21:48:19.551+0000] {logging_mixin.py:188} INFO - [2024-06-27T21:48:19.551+0000] {example_python_decorator.py:80} WARNING - The virtalenv_python example task requires virtualenv, please install it.
[2024-06-27T21:48:19.551+0000] {processor.py:840} INFO - DAG(s) 'example_python_decorator' retrieved from /home/ubuntu/venv/lib/python3.12/site-packages/airflow/example_dags/example_python_decorator.py
[2024-06-27T21:48:19.570+0000] {logging_mixin.py:188} INFO - [2024-06-27T21:48:19.570+0000] {dag.py:3096} INFO - Sync 1 DAGs
[2024-06-27T21:48:19.584+0000] {logging_mixin.py:188} INFO - [2024-06-27T21:48:19.583+0000] {dag.py:3954} INFO - Setting next_dagrun for example_python_decorator to None, run_after=None
[2024-06-27T21:48:19.606+0000] {processor.py:183} INFO - Processing /home/ubuntu/venv/lib/python3.12/site-packages/airflow/example_dags/example_python_decorator.py took 0.076 seconds
[2024-06-27T21:49:21.075+0000] {processor.py:161} INFO - Started process (PID=5307) to work on /home/ubuntu/venv/lib/python3.12/site-packages/airflow/example_dags/example_python_decorator.py
[2024-06-27T21:49:21.077+0000] {processor.py:830} INFO - Processing file /home/ubuntu/venv/lib/python3.12/site-packages/airflow/example_dags/example_python_decorator.py for tasks to queue
[2024-06-27T21:49:21.078+0000] {logging_mixin.py:188} INFO - [2024-06-27T21:49:21.078+0000] {dagbag.py:545} INFO - Filling up the DagBag from /home/ubuntu/venv/lib/python3.12/site-packages/airflow/example_dags/example_python_decorator.py
[2024-06-27T21:49:21.088+0000] {logging_mixin.py:188} INFO - [2024-06-27T21:49:21.088+0000] {example_python_decorator.py:80} WARNING - The virtalenv_python example task requires virtualenv, please install it.
[2024-06-27T21:49:21.088+0000] {processor.py:840} INFO - DAG(s) 'example_python_decorator' retrieved from /home/ubuntu/venv/lib/python3.12/site-packages/airflow/example_dags/example_python_decorator.py
[2024-06-27T21:49:21.107+0000] {logging_mixin.py:188} INFO - [2024-06-27T21:49:21.107+0000] {dag.py:3096} INFO - Sync 1 DAGs
[2024-06-27T21:49:21.120+0000] {logging_mixin.py:188} INFO - [2024-06-27T21:49:21.119+0000] {dag.py:3954} INFO - Setting next_dagrun for example_python_decorator to None, run_after=None
[2024-06-27T21:49:21.142+0000] {processor.py:183} INFO - Processing /home/ubuntu/venv/lib/python3.12/site-packages/airflow/example_dags/example_python_decorator.py took 0.075 seconds
