[2024-06-27T21:19:42.057+0000] {processor.py:161} INFO - Started process (PID=2942) to work on /home/ubuntu/venv/lib/python3.12/site-packages/airflow/example_dags/example_trigger_controller_dag.py
[2024-06-27T21:19:42.058+0000] {processor.py:830} INFO - Processing file /home/ubuntu/venv/lib/python3.12/site-packages/airflow/example_dags/example_trigger_controller_dag.py for tasks to queue
[2024-06-27T21:19:42.061+0000] {logging_mixin.py:188} INFO - [2024-06-27T21:19:42.060+0000] {dagbag.py:545} INFO - Filling up the DagBag from /home/ubuntu/venv/lib/python3.12/site-packages/airflow/example_dags/example_trigger_controller_dag.py
[2024-06-27T21:19:42.068+0000] {processor.py:840} INFO - DAG(s) 'example_trigger_controller_dag' retrieved from /home/ubuntu/venv/lib/python3.12/site-packages/airflow/example_dags/example_trigger_controller_dag.py
[2024-06-27T21:19:42.182+0000] {logging_mixin.py:188} INFO - [2024-06-27T21:19:42.182+0000] {override.py:1847} INFO - Created Permission View: can read on DAG:example_trigger_controller_dag
[2024-06-27T21:19:42.196+0000] {logging_mixin.py:188} INFO - [2024-06-27T21:19:42.196+0000] {override.py:1847} INFO - Created Permission View: can delete on DAG:example_trigger_controller_dag
[2024-06-27T21:19:42.205+0000] {logging_mixin.py:188} INFO - [2024-06-27T21:19:42.205+0000] {override.py:1847} INFO - Created Permission View: can edit on DAG:example_trigger_controller_dag
[2024-06-27T21:19:42.206+0000] {logging_mixin.py:188} INFO - [2024-06-27T21:19:42.206+0000] {dag.py:3096} INFO - Sync 1 DAGs
[2024-06-27T21:19:42.216+0000] {logging_mixin.py:188} INFO - [2024-06-27T21:19:42.216+0000] {dag.py:3118} INFO - Creating ORM DAG for example_trigger_controller_dag
[2024-06-27T21:19:42.225+0000] {logging_mixin.py:188} INFO - [2024-06-27T21:19:42.225+0000] {dag.py:3954} INFO - Setting next_dagrun for example_trigger_controller_dag to 2021-01-01 00:00:00+00:00, run_after=2021-01-01 00:00:00+00:00
[2024-06-27T21:19:42.247+0000] {processor.py:183} INFO - Processing /home/ubuntu/venv/lib/python3.12/site-packages/airflow/example_dags/example_trigger_controller_dag.py took 0.195 seconds
[2024-06-27T21:20:38.121+0000] {processor.py:161} INFO - Started process (PID=3057) to work on /home/ubuntu/venv/lib/python3.12/site-packages/airflow/example_dags/example_trigger_controller_dag.py
[2024-06-27T21:20:38.123+0000] {processor.py:830} INFO - Processing file /home/ubuntu/venv/lib/python3.12/site-packages/airflow/example_dags/example_trigger_controller_dag.py for tasks to queue
[2024-06-27T21:20:38.126+0000] {logging_mixin.py:188} INFO - [2024-06-27T21:20:38.125+0000] {dagbag.py:545} INFO - Filling up the DagBag from /home/ubuntu/venv/lib/python3.12/site-packages/airflow/example_dags/example_trigger_controller_dag.py
[2024-06-27T21:20:38.134+0000] {processor.py:840} INFO - DAG(s) 'example_trigger_controller_dag' retrieved from /home/ubuntu/venv/lib/python3.12/site-packages/airflow/example_dags/example_trigger_controller_dag.py
[2024-06-27T21:20:38.160+0000] {logging_mixin.py:188} INFO - [2024-06-27T21:20:38.159+0000] {dag.py:3096} INFO - Sync 1 DAGs
[2024-06-27T21:20:38.193+0000] {logging_mixin.py:188} INFO - [2024-06-27T21:20:38.192+0000] {dag.py:3954} INFO - Setting next_dagrun for example_trigger_controller_dag to 2021-01-01 00:00:00+00:00, run_after=2021-01-01 00:00:00+00:00
[2024-06-27T21:20:38.237+0000] {processor.py:183} INFO - Processing /home/ubuntu/venv/lib/python3.12/site-packages/airflow/example_dags/example_trigger_controller_dag.py took 0.126 seconds
[2024-06-27T21:21:23.371+0000] {processor.py:161} INFO - Started process (PID=3330) to work on /home/ubuntu/venv/lib/python3.12/site-packages/airflow/example_dags/example_trigger_controller_dag.py
[2024-06-27T21:21:23.372+0000] {processor.py:830} INFO - Processing file /home/ubuntu/venv/lib/python3.12/site-packages/airflow/example_dags/example_trigger_controller_dag.py for tasks to queue
[2024-06-27T21:21:23.374+0000] {logging_mixin.py:188} INFO - [2024-06-27T21:21:23.374+0000] {dagbag.py:545} INFO - Filling up the DagBag from /home/ubuntu/venv/lib/python3.12/site-packages/airflow/example_dags/example_trigger_controller_dag.py
[2024-06-27T21:21:23.380+0000] {processor.py:840} INFO - DAG(s) 'example_trigger_controller_dag' retrieved from /home/ubuntu/venv/lib/python3.12/site-packages/airflow/example_dags/example_trigger_controller_dag.py
[2024-06-27T21:21:23.395+0000] {logging_mixin.py:188} INFO - [2024-06-27T21:21:23.395+0000] {dag.py:3096} INFO - Sync 1 DAGs
[2024-06-27T21:21:23.415+0000] {logging_mixin.py:188} INFO - [2024-06-27T21:21:23.415+0000] {dag.py:3954} INFO - Setting next_dagrun for example_trigger_controller_dag to 2021-01-01 00:00:00+00:00, run_after=2021-01-01 00:00:00+00:00
[2024-06-27T21:21:23.437+0000] {processor.py:183} INFO - Processing /home/ubuntu/venv/lib/python3.12/site-packages/airflow/example_dags/example_trigger_controller_dag.py took 0.072 seconds
[2024-06-27T21:22:13.406+0000] {processor.py:161} INFO - Started process (PID=3395) to work on /home/ubuntu/venv/lib/python3.12/site-packages/airflow/example_dags/example_trigger_controller_dag.py
[2024-06-27T21:22:13.408+0000] {processor.py:830} INFO - Processing file /home/ubuntu/venv/lib/python3.12/site-packages/airflow/example_dags/example_trigger_controller_dag.py for tasks to queue
[2024-06-27T21:22:13.409+0000] {logging_mixin.py:188} INFO - [2024-06-27T21:22:13.409+0000] {dagbag.py:545} INFO - Filling up the DagBag from /home/ubuntu/venv/lib/python3.12/site-packages/airflow/example_dags/example_trigger_controller_dag.py
[2024-06-27T21:22:13.415+0000] {processor.py:840} INFO - DAG(s) 'example_trigger_controller_dag' retrieved from /home/ubuntu/venv/lib/python3.12/site-packages/airflow/example_dags/example_trigger_controller_dag.py
[2024-06-27T21:22:13.430+0000] {logging_mixin.py:188} INFO - [2024-06-27T21:22:13.430+0000] {dag.py:3096} INFO - Sync 1 DAGs
[2024-06-27T21:22:13.450+0000] {logging_mixin.py:188} INFO - [2024-06-27T21:22:13.449+0000] {dag.py:3954} INFO - Setting next_dagrun for example_trigger_controller_dag to 2021-01-01 00:00:00+00:00, run_after=2021-01-01 00:00:00+00:00
[2024-06-27T21:22:13.473+0000] {processor.py:183} INFO - Processing /home/ubuntu/venv/lib/python3.12/site-packages/airflow/example_dags/example_trigger_controller_dag.py took 0.072 seconds
[2024-06-27T21:22:55.220+0000] {processor.py:161} INFO - Started process (PID=3440) to work on /home/ubuntu/venv/lib/python3.12/site-packages/airflow/example_dags/example_trigger_controller_dag.py
[2024-06-27T21:22:55.222+0000] {processor.py:830} INFO - Processing file /home/ubuntu/venv/lib/python3.12/site-packages/airflow/example_dags/example_trigger_controller_dag.py for tasks to queue
[2024-06-27T21:22:55.224+0000] {logging_mixin.py:188} INFO - [2024-06-27T21:22:55.223+0000] {dagbag.py:545} INFO - Filling up the DagBag from /home/ubuntu/venv/lib/python3.12/site-packages/airflow/example_dags/example_trigger_controller_dag.py
[2024-06-27T21:22:55.229+0000] {processor.py:840} INFO - DAG(s) 'example_trigger_controller_dag' retrieved from /home/ubuntu/venv/lib/python3.12/site-packages/airflow/example_dags/example_trigger_controller_dag.py
[2024-06-27T21:22:55.246+0000] {logging_mixin.py:188} INFO - [2024-06-27T21:22:55.245+0000] {dag.py:3096} INFO - Sync 1 DAGs
[2024-06-27T21:22:55.266+0000] {logging_mixin.py:188} INFO - [2024-06-27T21:22:55.266+0000] {dag.py:3954} INFO - Setting next_dagrun for example_trigger_controller_dag to 2021-01-01 00:00:00+00:00, run_after=2021-01-01 00:00:00+00:00
[2024-06-27T21:22:55.288+0000] {processor.py:183} INFO - Processing /home/ubuntu/venv/lib/python3.12/site-packages/airflow/example_dags/example_trigger_controller_dag.py took 0.074 seconds
[2024-06-27T21:23:33.720+0000] {processor.py:161} INFO - Started process (PID=3483) to work on /home/ubuntu/venv/lib/python3.12/site-packages/airflow/example_dags/example_trigger_controller_dag.py
[2024-06-27T21:23:33.722+0000] {processor.py:830} INFO - Processing file /home/ubuntu/venv/lib/python3.12/site-packages/airflow/example_dags/example_trigger_controller_dag.py for tasks to queue
[2024-06-27T21:23:33.723+0000] {logging_mixin.py:188} INFO - [2024-06-27T21:23:33.723+0000] {dagbag.py:545} INFO - Filling up the DagBag from /home/ubuntu/venv/lib/python3.12/site-packages/airflow/example_dags/example_trigger_controller_dag.py
[2024-06-27T21:23:33.729+0000] {processor.py:840} INFO - DAG(s) 'example_trigger_controller_dag' retrieved from /home/ubuntu/venv/lib/python3.12/site-packages/airflow/example_dags/example_trigger_controller_dag.py
[2024-06-27T21:23:33.745+0000] {logging_mixin.py:188} INFO - [2024-06-27T21:23:33.745+0000] {dag.py:3096} INFO - Sync 1 DAGs
[2024-06-27T21:23:33.765+0000] {logging_mixin.py:188} INFO - [2024-06-27T21:23:33.764+0000] {dag.py:3954} INFO - Setting next_dagrun for example_trigger_controller_dag to 2021-01-01 00:00:00+00:00, run_after=2021-01-01 00:00:00+00:00
[2024-06-27T21:23:33.789+0000] {processor.py:183} INFO - Processing /home/ubuntu/venv/lib/python3.12/site-packages/airflow/example_dags/example_trigger_controller_dag.py took 0.075 seconds
[2024-06-27T21:24:12.467+0000] {processor.py:161} INFO - Started process (PID=3524) to work on /home/ubuntu/venv/lib/python3.12/site-packages/airflow/example_dags/example_trigger_controller_dag.py
[2024-06-27T21:24:12.470+0000] {processor.py:830} INFO - Processing file /home/ubuntu/venv/lib/python3.12/site-packages/airflow/example_dags/example_trigger_controller_dag.py for tasks to queue
[2024-06-27T21:24:12.472+0000] {logging_mixin.py:188} INFO - [2024-06-27T21:24:12.472+0000] {dagbag.py:545} INFO - Filling up the DagBag from /home/ubuntu/venv/lib/python3.12/site-packages/airflow/example_dags/example_trigger_controller_dag.py
[2024-06-27T21:24:12.482+0000] {processor.py:840} INFO - DAG(s) 'example_trigger_controller_dag' retrieved from /home/ubuntu/venv/lib/python3.12/site-packages/airflow/example_dags/example_trigger_controller_dag.py
[2024-06-27T21:24:12.498+0000] {logging_mixin.py:188} INFO - [2024-06-27T21:24:12.497+0000] {dag.py:3096} INFO - Sync 1 DAGs
[2024-06-27T21:24:12.517+0000] {logging_mixin.py:188} INFO - [2024-06-27T21:24:12.517+0000] {dag.py:3954} INFO - Setting next_dagrun for example_trigger_controller_dag to 2021-01-01 00:00:00+00:00, run_after=2021-01-01 00:00:00+00:00
[2024-06-27T21:24:12.540+0000] {processor.py:183} INFO - Processing /home/ubuntu/venv/lib/python3.12/site-packages/airflow/example_dags/example_trigger_controller_dag.py took 0.080 seconds
[2024-06-27T21:24:53.249+0000] {processor.py:161} INFO - Started process (PID=3567) to work on /home/ubuntu/venv/lib/python3.12/site-packages/airflow/example_dags/example_trigger_controller_dag.py
[2024-06-27T21:24:53.251+0000] {processor.py:830} INFO - Processing file /home/ubuntu/venv/lib/python3.12/site-packages/airflow/example_dags/example_trigger_controller_dag.py for tasks to queue
[2024-06-27T21:24:53.252+0000] {logging_mixin.py:188} INFO - [2024-06-27T21:24:53.251+0000] {dagbag.py:545} INFO - Filling up the DagBag from /home/ubuntu/venv/lib/python3.12/site-packages/airflow/example_dags/example_trigger_controller_dag.py
[2024-06-27T21:24:53.257+0000] {processor.py:840} INFO - DAG(s) 'example_trigger_controller_dag' retrieved from /home/ubuntu/venv/lib/python3.12/site-packages/airflow/example_dags/example_trigger_controller_dag.py
[2024-06-27T21:24:53.274+0000] {logging_mixin.py:188} INFO - [2024-06-27T21:24:53.273+0000] {dag.py:3096} INFO - Sync 1 DAGs
[2024-06-27T21:24:53.293+0000] {logging_mixin.py:188} INFO - [2024-06-27T21:24:53.293+0000] {dag.py:3954} INFO - Setting next_dagrun for example_trigger_controller_dag to 2021-01-01 00:00:00+00:00, run_after=2021-01-01 00:00:00+00:00
[2024-06-27T21:24:53.316+0000] {processor.py:183} INFO - Processing /home/ubuntu/venv/lib/python3.12/site-packages/airflow/example_dags/example_trigger_controller_dag.py took 0.072 seconds
[2024-06-27T21:25:36.170+0000] {processor.py:161} INFO - Started process (PID=3620) to work on /home/ubuntu/venv/lib/python3.12/site-packages/airflow/example_dags/example_trigger_controller_dag.py
[2024-06-27T21:25:36.172+0000] {processor.py:830} INFO - Processing file /home/ubuntu/venv/lib/python3.12/site-packages/airflow/example_dags/example_trigger_controller_dag.py for tasks to queue
[2024-06-27T21:25:36.173+0000] {logging_mixin.py:188} INFO - [2024-06-27T21:25:36.172+0000] {dagbag.py:545} INFO - Filling up the DagBag from /home/ubuntu/venv/lib/python3.12/site-packages/airflow/example_dags/example_trigger_controller_dag.py
[2024-06-27T21:25:36.178+0000] {processor.py:840} INFO - DAG(s) 'example_trigger_controller_dag' retrieved from /home/ubuntu/venv/lib/python3.12/site-packages/airflow/example_dags/example_trigger_controller_dag.py
[2024-06-27T21:25:36.195+0000] {logging_mixin.py:188} INFO - [2024-06-27T21:25:36.195+0000] {dag.py:3096} INFO - Sync 1 DAGs
[2024-06-27T21:25:36.216+0000] {logging_mixin.py:188} INFO - [2024-06-27T21:25:36.215+0000] {dag.py:3954} INFO - Setting next_dagrun for example_trigger_controller_dag to 2021-01-01 00:00:00+00:00, run_after=2021-01-01 00:00:00+00:00
[2024-06-27T21:25:36.239+0000] {processor.py:183} INFO - Processing /home/ubuntu/venv/lib/python3.12/site-packages/airflow/example_dags/example_trigger_controller_dag.py took 0.075 seconds
[2024-06-27T21:26:17.348+0000] {processor.py:161} INFO - Started process (PID=3662) to work on /home/ubuntu/venv/lib/python3.12/site-packages/airflow/example_dags/example_trigger_controller_dag.py
[2024-06-27T21:26:17.350+0000] {processor.py:830} INFO - Processing file /home/ubuntu/venv/lib/python3.12/site-packages/airflow/example_dags/example_trigger_controller_dag.py for tasks to queue
[2024-06-27T21:26:17.350+0000] {logging_mixin.py:188} INFO - [2024-06-27T21:26:17.350+0000] {dagbag.py:545} INFO - Filling up the DagBag from /home/ubuntu/venv/lib/python3.12/site-packages/airflow/example_dags/example_trigger_controller_dag.py
[2024-06-27T21:26:17.356+0000] {processor.py:840} INFO - DAG(s) 'example_trigger_controller_dag' retrieved from /home/ubuntu/venv/lib/python3.12/site-packages/airflow/example_dags/example_trigger_controller_dag.py
[2024-06-27T21:26:17.373+0000] {logging_mixin.py:188} INFO - [2024-06-27T21:26:17.372+0000] {dag.py:3096} INFO - Sync 1 DAGs
[2024-06-27T21:26:17.392+0000] {logging_mixin.py:188} INFO - [2024-06-27T21:26:17.392+0000] {dag.py:3954} INFO - Setting next_dagrun for example_trigger_controller_dag to 2021-01-01 00:00:00+00:00, run_after=2021-01-01 00:00:00+00:00
[2024-06-27T21:26:17.415+0000] {processor.py:183} INFO - Processing /home/ubuntu/venv/lib/python3.12/site-packages/airflow/example_dags/example_trigger_controller_dag.py took 0.074 seconds
[2024-06-27T21:27:02.194+0000] {processor.py:161} INFO - Started process (PID=3707) to work on /home/ubuntu/venv/lib/python3.12/site-packages/airflow/example_dags/example_trigger_controller_dag.py
[2024-06-27T21:27:02.196+0000] {processor.py:830} INFO - Processing file /home/ubuntu/venv/lib/python3.12/site-packages/airflow/example_dags/example_trigger_controller_dag.py for tasks to queue
[2024-06-27T21:27:02.197+0000] {logging_mixin.py:188} INFO - [2024-06-27T21:27:02.196+0000] {dagbag.py:545} INFO - Filling up the DagBag from /home/ubuntu/venv/lib/python3.12/site-packages/airflow/example_dags/example_trigger_controller_dag.py
[2024-06-27T21:27:02.203+0000] {processor.py:840} INFO - DAG(s) 'example_trigger_controller_dag' retrieved from /home/ubuntu/venv/lib/python3.12/site-packages/airflow/example_dags/example_trigger_controller_dag.py
[2024-06-27T21:27:02.219+0000] {logging_mixin.py:188} INFO - [2024-06-27T21:27:02.219+0000] {dag.py:3096} INFO - Sync 1 DAGs
[2024-06-27T21:27:02.239+0000] {logging_mixin.py:188} INFO - [2024-06-27T21:27:02.238+0000] {dag.py:3954} INFO - Setting next_dagrun for example_trigger_controller_dag to 2021-01-01 00:00:00+00:00, run_after=2021-01-01 00:00:00+00:00
[2024-06-27T21:27:02.261+0000] {processor.py:183} INFO - Processing /home/ubuntu/venv/lib/python3.12/site-packages/airflow/example_dags/example_trigger_controller_dag.py took 0.073 seconds
[2024-06-27T21:27:43.389+0000] {processor.py:161} INFO - Started process (PID=3751) to work on /home/ubuntu/venv/lib/python3.12/site-packages/airflow/example_dags/example_trigger_controller_dag.py
[2024-06-27T21:27:43.391+0000] {processor.py:830} INFO - Processing file /home/ubuntu/venv/lib/python3.12/site-packages/airflow/example_dags/example_trigger_controller_dag.py for tasks to queue
[2024-06-27T21:27:43.392+0000] {logging_mixin.py:188} INFO - [2024-06-27T21:27:43.391+0000] {dagbag.py:545} INFO - Filling up the DagBag from /home/ubuntu/venv/lib/python3.12/site-packages/airflow/example_dags/example_trigger_controller_dag.py
[2024-06-27T21:27:43.397+0000] {processor.py:840} INFO - DAG(s) 'example_trigger_controller_dag' retrieved from /home/ubuntu/venv/lib/python3.12/site-packages/airflow/example_dags/example_trigger_controller_dag.py
[2024-06-27T21:27:43.413+0000] {logging_mixin.py:188} INFO - [2024-06-27T21:27:43.413+0000] {dag.py:3096} INFO - Sync 1 DAGs
[2024-06-27T21:27:43.432+0000] {logging_mixin.py:188} INFO - [2024-06-27T21:27:43.432+0000] {dag.py:3954} INFO - Setting next_dagrun for example_trigger_controller_dag to 2021-01-01 00:00:00+00:00, run_after=2021-01-01 00:00:00+00:00
[2024-06-27T21:27:43.455+0000] {processor.py:183} INFO - Processing /home/ubuntu/venv/lib/python3.12/site-packages/airflow/example_dags/example_trigger_controller_dag.py took 0.072 seconds
[2024-06-27T21:28:46.698+0000] {processor.py:161} INFO - Started process (PID=3833) to work on /home/ubuntu/venv/lib/python3.12/site-packages/airflow/example_dags/example_trigger_controller_dag.py
[2024-06-27T21:28:46.700+0000] {processor.py:830} INFO - Processing file /home/ubuntu/venv/lib/python3.12/site-packages/airflow/example_dags/example_trigger_controller_dag.py for tasks to queue
[2024-06-27T21:28:46.701+0000] {logging_mixin.py:188} INFO - [2024-06-27T21:28:46.700+0000] {dagbag.py:545} INFO - Filling up the DagBag from /home/ubuntu/venv/lib/python3.12/site-packages/airflow/example_dags/example_trigger_controller_dag.py
[2024-06-27T21:28:46.706+0000] {processor.py:840} INFO - DAG(s) 'example_trigger_controller_dag' retrieved from /home/ubuntu/venv/lib/python3.12/site-packages/airflow/example_dags/example_trigger_controller_dag.py
[2024-06-27T21:28:46.723+0000] {logging_mixin.py:188} INFO - [2024-06-27T21:28:46.723+0000] {dag.py:3096} INFO - Sync 1 DAGs
[2024-06-27T21:28:46.743+0000] {logging_mixin.py:188} INFO - [2024-06-27T21:28:46.743+0000] {dag.py:3954} INFO - Setting next_dagrun for example_trigger_controller_dag to 2021-01-01 00:00:00+00:00, run_after=2021-01-01 00:00:00+00:00
[2024-06-27T21:28:46.767+0000] {processor.py:183} INFO - Processing /home/ubuntu/venv/lib/python3.12/site-packages/airflow/example_dags/example_trigger_controller_dag.py took 0.075 seconds
[2024-06-27T21:29:38.736+0000] {processor.py:161} INFO - Started process (PID=3891) to work on /home/ubuntu/venv/lib/python3.12/site-packages/airflow/example_dags/example_trigger_controller_dag.py
[2024-06-27T21:29:38.737+0000] {processor.py:830} INFO - Processing file /home/ubuntu/venv/lib/python3.12/site-packages/airflow/example_dags/example_trigger_controller_dag.py for tasks to queue
[2024-06-27T21:29:38.738+0000] {logging_mixin.py:188} INFO - [2024-06-27T21:29:38.738+0000] {dagbag.py:545} INFO - Filling up the DagBag from /home/ubuntu/venv/lib/python3.12/site-packages/airflow/example_dags/example_trigger_controller_dag.py
[2024-06-27T21:29:38.744+0000] {processor.py:840} INFO - DAG(s) 'example_trigger_controller_dag' retrieved from /home/ubuntu/venv/lib/python3.12/site-packages/airflow/example_dags/example_trigger_controller_dag.py
[2024-06-27T21:29:38.760+0000] {logging_mixin.py:188} INFO - [2024-06-27T21:29:38.760+0000] {dag.py:3096} INFO - Sync 1 DAGs
[2024-06-27T21:29:38.779+0000] {logging_mixin.py:188} INFO - [2024-06-27T21:29:38.779+0000] {dag.py:3954} INFO - Setting next_dagrun for example_trigger_controller_dag to 2021-01-01 00:00:00+00:00, run_after=2021-01-01 00:00:00+00:00
[2024-06-27T21:29:38.802+0000] {processor.py:183} INFO - Processing /home/ubuntu/venv/lib/python3.12/site-packages/airflow/example_dags/example_trigger_controller_dag.py took 0.072 seconds
[2024-06-27T21:30:21.398+0000] {processor.py:161} INFO - Started process (PID=3946) to work on /home/ubuntu/venv/lib/python3.12/site-packages/airflow/example_dags/example_trigger_controller_dag.py
[2024-06-27T21:30:21.400+0000] {processor.py:830} INFO - Processing file /home/ubuntu/venv/lib/python3.12/site-packages/airflow/example_dags/example_trigger_controller_dag.py for tasks to queue
[2024-06-27T21:30:21.401+0000] {logging_mixin.py:188} INFO - [2024-06-27T21:30:21.400+0000] {dagbag.py:545} INFO - Filling up the DagBag from /home/ubuntu/venv/lib/python3.12/site-packages/airflow/example_dags/example_trigger_controller_dag.py
[2024-06-27T21:30:21.406+0000] {processor.py:840} INFO - DAG(s) 'example_trigger_controller_dag' retrieved from /home/ubuntu/venv/lib/python3.12/site-packages/airflow/example_dags/example_trigger_controller_dag.py
[2024-06-27T21:30:21.423+0000] {logging_mixin.py:188} INFO - [2024-06-27T21:30:21.423+0000] {dag.py:3096} INFO - Sync 1 DAGs
[2024-06-27T21:30:21.443+0000] {logging_mixin.py:188} INFO - [2024-06-27T21:30:21.443+0000] {dag.py:3954} INFO - Setting next_dagrun for example_trigger_controller_dag to 2021-01-01 00:00:00+00:00, run_after=2021-01-01 00:00:00+00:00
[2024-06-27T21:30:21.467+0000] {processor.py:183} INFO - Processing /home/ubuntu/venv/lib/python3.12/site-packages/airflow/example_dags/example_trigger_controller_dag.py took 0.075 seconds
[2024-06-27T21:31:03.431+0000] {processor.py:161} INFO - Started process (PID=3990) to work on /home/ubuntu/venv/lib/python3.12/site-packages/airflow/example_dags/example_trigger_controller_dag.py
[2024-06-27T21:31:03.433+0000] {processor.py:830} INFO - Processing file /home/ubuntu/venv/lib/python3.12/site-packages/airflow/example_dags/example_trigger_controller_dag.py for tasks to queue
[2024-06-27T21:31:03.434+0000] {logging_mixin.py:188} INFO - [2024-06-27T21:31:03.433+0000] {dagbag.py:545} INFO - Filling up the DagBag from /home/ubuntu/venv/lib/python3.12/site-packages/airflow/example_dags/example_trigger_controller_dag.py
[2024-06-27T21:31:03.439+0000] {processor.py:840} INFO - DAG(s) 'example_trigger_controller_dag' retrieved from /home/ubuntu/venv/lib/python3.12/site-packages/airflow/example_dags/example_trigger_controller_dag.py
[2024-06-27T21:31:03.456+0000] {logging_mixin.py:188} INFO - [2024-06-27T21:31:03.456+0000] {dag.py:3096} INFO - Sync 1 DAGs
[2024-06-27T21:31:03.475+0000] {logging_mixin.py:188} INFO - [2024-06-27T21:31:03.475+0000] {dag.py:3954} INFO - Setting next_dagrun for example_trigger_controller_dag to 2021-01-01 00:00:00+00:00, run_after=2021-01-01 00:00:00+00:00
[2024-06-27T21:31:03.498+0000] {processor.py:183} INFO - Processing /home/ubuntu/venv/lib/python3.12/site-packages/airflow/example_dags/example_trigger_controller_dag.py took 0.073 seconds
[2024-06-27T21:31:47.325+0000] {processor.py:161} INFO - Started process (PID=4034) to work on /home/ubuntu/venv/lib/python3.12/site-packages/airflow/example_dags/example_trigger_controller_dag.py
[2024-06-27T21:31:47.327+0000] {processor.py:830} INFO - Processing file /home/ubuntu/venv/lib/python3.12/site-packages/airflow/example_dags/example_trigger_controller_dag.py for tasks to queue
[2024-06-27T21:31:47.328+0000] {logging_mixin.py:188} INFO - [2024-06-27T21:31:47.327+0000] {dagbag.py:545} INFO - Filling up the DagBag from /home/ubuntu/venv/lib/python3.12/site-packages/airflow/example_dags/example_trigger_controller_dag.py
[2024-06-27T21:31:47.333+0000] {processor.py:840} INFO - DAG(s) 'example_trigger_controller_dag' retrieved from /home/ubuntu/venv/lib/python3.12/site-packages/airflow/example_dags/example_trigger_controller_dag.py
[2024-06-27T21:31:47.349+0000] {logging_mixin.py:188} INFO - [2024-06-27T21:31:47.349+0000] {dag.py:3096} INFO - Sync 1 DAGs
[2024-06-27T21:31:47.368+0000] {logging_mixin.py:188} INFO - [2024-06-27T21:31:47.368+0000] {dag.py:3954} INFO - Setting next_dagrun for example_trigger_controller_dag to 2021-01-01 00:00:00+00:00, run_after=2021-01-01 00:00:00+00:00
[2024-06-27T21:31:47.393+0000] {processor.py:183} INFO - Processing /home/ubuntu/venv/lib/python3.12/site-packages/airflow/example_dags/example_trigger_controller_dag.py took 0.074 seconds
[2024-06-27T21:32:38.540+0000] {processor.py:161} INFO - Started process (PID=4088) to work on /home/ubuntu/venv/lib/python3.12/site-packages/airflow/example_dags/example_trigger_controller_dag.py
[2024-06-27T21:32:38.542+0000] {processor.py:830} INFO - Processing file /home/ubuntu/venv/lib/python3.12/site-packages/airflow/example_dags/example_trigger_controller_dag.py for tasks to queue
[2024-06-27T21:32:38.543+0000] {logging_mixin.py:188} INFO - [2024-06-27T21:32:38.542+0000] {dagbag.py:545} INFO - Filling up the DagBag from /home/ubuntu/venv/lib/python3.12/site-packages/airflow/example_dags/example_trigger_controller_dag.py
[2024-06-27T21:32:38.548+0000] {processor.py:840} INFO - DAG(s) 'example_trigger_controller_dag' retrieved from /home/ubuntu/venv/lib/python3.12/site-packages/airflow/example_dags/example_trigger_controller_dag.py
[2024-06-27T21:32:38.564+0000] {logging_mixin.py:188} INFO - [2024-06-27T21:32:38.564+0000] {dag.py:3096} INFO - Sync 1 DAGs
[2024-06-27T21:32:38.584+0000] {logging_mixin.py:188} INFO - [2024-06-27T21:32:38.583+0000] {dag.py:3954} INFO - Setting next_dagrun for example_trigger_controller_dag to 2021-01-01 00:00:00+00:00, run_after=2021-01-01 00:00:00+00:00
[2024-06-27T21:32:38.606+0000] {processor.py:183} INFO - Processing /home/ubuntu/venv/lib/python3.12/site-packages/airflow/example_dags/example_trigger_controller_dag.py took 0.072 seconds
[2024-06-27T21:33:32.411+0000] {processor.py:161} INFO - Started process (PID=4155) to work on /home/ubuntu/venv/lib/python3.12/site-packages/airflow/example_dags/example_trigger_controller_dag.py
[2024-06-27T21:33:32.413+0000] {processor.py:830} INFO - Processing file /home/ubuntu/venv/lib/python3.12/site-packages/airflow/example_dags/example_trigger_controller_dag.py for tasks to queue
[2024-06-27T21:33:32.414+0000] {logging_mixin.py:188} INFO - [2024-06-27T21:33:32.414+0000] {dagbag.py:545} INFO - Filling up the DagBag from /home/ubuntu/venv/lib/python3.12/site-packages/airflow/example_dags/example_trigger_controller_dag.py
[2024-06-27T21:33:32.420+0000] {processor.py:840} INFO - DAG(s) 'example_trigger_controller_dag' retrieved from /home/ubuntu/venv/lib/python3.12/site-packages/airflow/example_dags/example_trigger_controller_dag.py
[2024-06-27T21:33:32.437+0000] {logging_mixin.py:188} INFO - [2024-06-27T21:33:32.436+0000] {dag.py:3096} INFO - Sync 1 DAGs
[2024-06-27T21:33:32.458+0000] {logging_mixin.py:188} INFO - [2024-06-27T21:33:32.457+0000] {dag.py:3954} INFO - Setting next_dagrun for example_trigger_controller_dag to 2021-01-01 00:00:00+00:00, run_after=2021-01-01 00:00:00+00:00
[2024-06-27T21:33:32.481+0000] {processor.py:183} INFO - Processing /home/ubuntu/venv/lib/python3.12/site-packages/airflow/example_dags/example_trigger_controller_dag.py took 0.076 seconds
[2024-06-27T21:34:15.352+0000] {processor.py:161} INFO - Started process (PID=4200) to work on /home/ubuntu/venv/lib/python3.12/site-packages/airflow/example_dags/example_trigger_controller_dag.py
[2024-06-27T21:34:15.354+0000] {processor.py:830} INFO - Processing file /home/ubuntu/venv/lib/python3.12/site-packages/airflow/example_dags/example_trigger_controller_dag.py for tasks to queue
[2024-06-27T21:34:15.355+0000] {logging_mixin.py:188} INFO - [2024-06-27T21:34:15.355+0000] {dagbag.py:545} INFO - Filling up the DagBag from /home/ubuntu/venv/lib/python3.12/site-packages/airflow/example_dags/example_trigger_controller_dag.py
[2024-06-27T21:34:15.361+0000] {processor.py:840} INFO - DAG(s) 'example_trigger_controller_dag' retrieved from /home/ubuntu/venv/lib/python3.12/site-packages/airflow/example_dags/example_trigger_controller_dag.py
[2024-06-27T21:34:15.377+0000] {logging_mixin.py:188} INFO - [2024-06-27T21:34:15.377+0000] {dag.py:3096} INFO - Sync 1 DAGs
[2024-06-27T21:34:15.396+0000] {logging_mixin.py:188} INFO - [2024-06-27T21:34:15.396+0000] {dag.py:3954} INFO - Setting next_dagrun for example_trigger_controller_dag to 2021-01-01 00:00:00+00:00, run_after=2021-01-01 00:00:00+00:00
[2024-06-27T21:34:15.419+0000] {processor.py:183} INFO - Processing /home/ubuntu/venv/lib/python3.12/site-packages/airflow/example_dags/example_trigger_controller_dag.py took 0.072 seconds
[2024-06-27T21:34:58.920+0000] {processor.py:161} INFO - Started process (PID=4245) to work on /home/ubuntu/venv/lib/python3.12/site-packages/airflow/example_dags/example_trigger_controller_dag.py
[2024-06-27T21:34:58.922+0000] {processor.py:830} INFO - Processing file /home/ubuntu/venv/lib/python3.12/site-packages/airflow/example_dags/example_trigger_controller_dag.py for tasks to queue
[2024-06-27T21:34:58.923+0000] {logging_mixin.py:188} INFO - [2024-06-27T21:34:58.922+0000] {dagbag.py:545} INFO - Filling up the DagBag from /home/ubuntu/venv/lib/python3.12/site-packages/airflow/example_dags/example_trigger_controller_dag.py
[2024-06-27T21:34:58.928+0000] {processor.py:840} INFO - DAG(s) 'example_trigger_controller_dag' retrieved from /home/ubuntu/venv/lib/python3.12/site-packages/airflow/example_dags/example_trigger_controller_dag.py
[2024-06-27T21:34:58.944+0000] {logging_mixin.py:188} INFO - [2024-06-27T21:34:58.944+0000] {dag.py:3096} INFO - Sync 1 DAGs
[2024-06-27T21:34:58.964+0000] {logging_mixin.py:188} INFO - [2024-06-27T21:34:58.963+0000] {dag.py:3954} INFO - Setting next_dagrun for example_trigger_controller_dag to 2021-01-01 00:00:00+00:00, run_after=2021-01-01 00:00:00+00:00
[2024-06-27T21:34:58.986+0000] {processor.py:183} INFO - Processing /home/ubuntu/venv/lib/python3.12/site-packages/airflow/example_dags/example_trigger_controller_dag.py took 0.074 seconds
[2024-06-27T21:35:41.750+0000] {processor.py:161} INFO - Started process (PID=4295) to work on /home/ubuntu/venv/lib/python3.12/site-packages/airflow/example_dags/example_trigger_controller_dag.py
[2024-06-27T21:35:41.752+0000] {processor.py:830} INFO - Processing file /home/ubuntu/venv/lib/python3.12/site-packages/airflow/example_dags/example_trigger_controller_dag.py for tasks to queue
[2024-06-27T21:35:41.753+0000] {logging_mixin.py:188} INFO - [2024-06-27T21:35:41.752+0000] {dagbag.py:545} INFO - Filling up the DagBag from /home/ubuntu/venv/lib/python3.12/site-packages/airflow/example_dags/example_trigger_controller_dag.py
[2024-06-27T21:35:41.758+0000] {processor.py:840} INFO - DAG(s) 'example_trigger_controller_dag' retrieved from /home/ubuntu/venv/lib/python3.12/site-packages/airflow/example_dags/example_trigger_controller_dag.py
[2024-06-27T21:35:41.774+0000] {logging_mixin.py:188} INFO - [2024-06-27T21:35:41.774+0000] {dag.py:3096} INFO - Sync 1 DAGs
[2024-06-27T21:35:41.793+0000] {logging_mixin.py:188} INFO - [2024-06-27T21:35:41.793+0000] {dag.py:3954} INFO - Setting next_dagrun for example_trigger_controller_dag to 2021-01-01 00:00:00+00:00, run_after=2021-01-01 00:00:00+00:00
[2024-06-27T21:35:41.816+0000] {processor.py:183} INFO - Processing /home/ubuntu/venv/lib/python3.12/site-packages/airflow/example_dags/example_trigger_controller_dag.py took 0.072 seconds
[2024-06-27T21:36:23.244+0000] {processor.py:161} INFO - Started process (PID=4337) to work on /home/ubuntu/venv/lib/python3.12/site-packages/airflow/example_dags/example_trigger_controller_dag.py
[2024-06-27T21:36:23.245+0000] {processor.py:830} INFO - Processing file /home/ubuntu/venv/lib/python3.12/site-packages/airflow/example_dags/example_trigger_controller_dag.py for tasks to queue
[2024-06-27T21:36:23.246+0000] {logging_mixin.py:188} INFO - [2024-06-27T21:36:23.245+0000] {dagbag.py:545} INFO - Filling up the DagBag from /home/ubuntu/venv/lib/python3.12/site-packages/airflow/example_dags/example_trigger_controller_dag.py
[2024-06-27T21:36:23.252+0000] {processor.py:840} INFO - DAG(s) 'example_trigger_controller_dag' retrieved from /home/ubuntu/venv/lib/python3.12/site-packages/airflow/example_dags/example_trigger_controller_dag.py
[2024-06-27T21:36:23.269+0000] {logging_mixin.py:188} INFO - [2024-06-27T21:36:23.268+0000] {dag.py:3096} INFO - Sync 1 DAGs
[2024-06-27T21:36:23.289+0000] {logging_mixin.py:188} INFO - [2024-06-27T21:36:23.289+0000] {dag.py:3954} INFO - Setting next_dagrun for example_trigger_controller_dag to 2021-01-01 00:00:00+00:00, run_after=2021-01-01 00:00:00+00:00
[2024-06-27T21:36:23.312+0000] {processor.py:183} INFO - Processing /home/ubuntu/venv/lib/python3.12/site-packages/airflow/example_dags/example_trigger_controller_dag.py took 0.075 seconds
[2024-06-27T21:37:07.651+0000] {processor.py:161} INFO - Started process (PID=4382) to work on /home/ubuntu/venv/lib/python3.12/site-packages/airflow/example_dags/example_trigger_controller_dag.py
[2024-06-27T21:37:07.653+0000] {processor.py:830} INFO - Processing file /home/ubuntu/venv/lib/python3.12/site-packages/airflow/example_dags/example_trigger_controller_dag.py for tasks to queue
[2024-06-27T21:37:07.654+0000] {logging_mixin.py:188} INFO - [2024-06-27T21:37:07.653+0000] {dagbag.py:545} INFO - Filling up the DagBag from /home/ubuntu/venv/lib/python3.12/site-packages/airflow/example_dags/example_trigger_controller_dag.py
[2024-06-27T21:37:07.659+0000] {processor.py:840} INFO - DAG(s) 'example_trigger_controller_dag' retrieved from /home/ubuntu/venv/lib/python3.12/site-packages/airflow/example_dags/example_trigger_controller_dag.py
[2024-06-27T21:37:07.675+0000] {logging_mixin.py:188} INFO - [2024-06-27T21:37:07.675+0000] {dag.py:3096} INFO - Sync 1 DAGs
[2024-06-27T21:37:07.694+0000] {logging_mixin.py:188} INFO - [2024-06-27T21:37:07.694+0000] {dag.py:3954} INFO - Setting next_dagrun for example_trigger_controller_dag to 2021-01-01 00:00:00+00:00, run_after=2021-01-01 00:00:00+00:00
[2024-06-27T21:37:07.718+0000] {processor.py:183} INFO - Processing /home/ubuntu/venv/lib/python3.12/site-packages/airflow/example_dags/example_trigger_controller_dag.py took 0.073 seconds
[2024-06-27T21:37:55.458+0000] {processor.py:161} INFO - Started process (PID=4434) to work on /home/ubuntu/venv/lib/python3.12/site-packages/airflow/example_dags/example_trigger_controller_dag.py
[2024-06-27T21:37:55.459+0000] {processor.py:830} INFO - Processing file /home/ubuntu/venv/lib/python3.12/site-packages/airflow/example_dags/example_trigger_controller_dag.py for tasks to queue
[2024-06-27T21:37:55.460+0000] {logging_mixin.py:188} INFO - [2024-06-27T21:37:55.460+0000] {dagbag.py:545} INFO - Filling up the DagBag from /home/ubuntu/venv/lib/python3.12/site-packages/airflow/example_dags/example_trigger_controller_dag.py
[2024-06-27T21:37:55.466+0000] {processor.py:840} INFO - DAG(s) 'example_trigger_controller_dag' retrieved from /home/ubuntu/venv/lib/python3.12/site-packages/airflow/example_dags/example_trigger_controller_dag.py
[2024-06-27T21:37:55.482+0000] {logging_mixin.py:188} INFO - [2024-06-27T21:37:55.482+0000] {dag.py:3096} INFO - Sync 1 DAGs
[2024-06-27T21:37:55.501+0000] {logging_mixin.py:188} INFO - [2024-06-27T21:37:55.501+0000] {dag.py:3954} INFO - Setting next_dagrun for example_trigger_controller_dag to 2021-01-01 00:00:00+00:00, run_after=2021-01-01 00:00:00+00:00
[2024-06-27T21:37:55.524+0000] {processor.py:183} INFO - Processing /home/ubuntu/venv/lib/python3.12/site-packages/airflow/example_dags/example_trigger_controller_dag.py took 0.072 seconds
[2024-06-27T21:38:43.837+0000] {processor.py:161} INFO - Started process (PID=4484) to work on /home/ubuntu/venv/lib/python3.12/site-packages/airflow/example_dags/example_trigger_controller_dag.py
[2024-06-27T21:38:43.839+0000] {processor.py:830} INFO - Processing file /home/ubuntu/venv/lib/python3.12/site-packages/airflow/example_dags/example_trigger_controller_dag.py for tasks to queue
[2024-06-27T21:38:43.840+0000] {logging_mixin.py:188} INFO - [2024-06-27T21:38:43.840+0000] {dagbag.py:545} INFO - Filling up the DagBag from /home/ubuntu/venv/lib/python3.12/site-packages/airflow/example_dags/example_trigger_controller_dag.py
[2024-06-27T21:38:43.846+0000] {processor.py:840} INFO - DAG(s) 'example_trigger_controller_dag' retrieved from /home/ubuntu/venv/lib/python3.12/site-packages/airflow/example_dags/example_trigger_controller_dag.py
[2024-06-27T21:38:43.862+0000] {logging_mixin.py:188} INFO - [2024-06-27T21:38:43.862+0000] {dag.py:3096} INFO - Sync 1 DAGs
[2024-06-27T21:38:43.882+0000] {logging_mixin.py:188} INFO - [2024-06-27T21:38:43.881+0000] {dag.py:3954} INFO - Setting next_dagrun for example_trigger_controller_dag to 2021-01-01 00:00:00+00:00, run_after=2021-01-01 00:00:00+00:00
[2024-06-27T21:38:43.905+0000] {processor.py:183} INFO - Processing /home/ubuntu/venv/lib/python3.12/site-packages/airflow/example_dags/example_trigger_controller_dag.py took 0.074 seconds
[2024-06-27T21:39:27.807+0000] {processor.py:161} INFO - Started process (PID=4529) to work on /home/ubuntu/venv/lib/python3.12/site-packages/airflow/example_dags/example_trigger_controller_dag.py
[2024-06-27T21:39:27.809+0000] {processor.py:830} INFO - Processing file /home/ubuntu/venv/lib/python3.12/site-packages/airflow/example_dags/example_trigger_controller_dag.py for tasks to queue
[2024-06-27T21:39:27.810+0000] {logging_mixin.py:188} INFO - [2024-06-27T21:39:27.809+0000] {dagbag.py:545} INFO - Filling up the DagBag from /home/ubuntu/venv/lib/python3.12/site-packages/airflow/example_dags/example_trigger_controller_dag.py
[2024-06-27T21:39:27.815+0000] {processor.py:840} INFO - DAG(s) 'example_trigger_controller_dag' retrieved from /home/ubuntu/venv/lib/python3.12/site-packages/airflow/example_dags/example_trigger_controller_dag.py
[2024-06-27T21:39:27.831+0000] {logging_mixin.py:188} INFO - [2024-06-27T21:39:27.831+0000] {dag.py:3096} INFO - Sync 1 DAGs
[2024-06-27T21:39:27.851+0000] {logging_mixin.py:188} INFO - [2024-06-27T21:39:27.850+0000] {dag.py:3954} INFO - Setting next_dagrun for example_trigger_controller_dag to 2021-01-01 00:00:00+00:00, run_after=2021-01-01 00:00:00+00:00
[2024-06-27T21:39:27.873+0000] {processor.py:183} INFO - Processing /home/ubuntu/venv/lib/python3.12/site-packages/airflow/example_dags/example_trigger_controller_dag.py took 0.072 seconds
[2024-06-27T21:40:10.595+0000] {processor.py:161} INFO - Started process (PID=4572) to work on /home/ubuntu/venv/lib/python3.12/site-packages/airflow/example_dags/example_trigger_controller_dag.py
[2024-06-27T21:40:10.596+0000] {processor.py:830} INFO - Processing file /home/ubuntu/venv/lib/python3.12/site-packages/airflow/example_dags/example_trigger_controller_dag.py for tasks to queue
[2024-06-27T21:40:10.597+0000] {logging_mixin.py:188} INFO - [2024-06-27T21:40:10.597+0000] {dagbag.py:545} INFO - Filling up the DagBag from /home/ubuntu/venv/lib/python3.12/site-packages/airflow/example_dags/example_trigger_controller_dag.py
[2024-06-27T21:40:10.603+0000] {processor.py:840} INFO - DAG(s) 'example_trigger_controller_dag' retrieved from /home/ubuntu/venv/lib/python3.12/site-packages/airflow/example_dags/example_trigger_controller_dag.py
[2024-06-27T21:40:10.620+0000] {logging_mixin.py:188} INFO - [2024-06-27T21:40:10.620+0000] {dag.py:3096} INFO - Sync 1 DAGs
[2024-06-27T21:40:10.641+0000] {logging_mixin.py:188} INFO - [2024-06-27T21:40:10.640+0000] {dag.py:3954} INFO - Setting next_dagrun for example_trigger_controller_dag to 2021-01-01 00:00:00+00:00, run_after=2021-01-01 00:00:00+00:00
[2024-06-27T21:40:10.664+0000] {processor.py:183} INFO - Processing /home/ubuntu/venv/lib/python3.12/site-packages/airflow/example_dags/example_trigger_controller_dag.py took 0.076 seconds
[2024-06-27T21:40:54.214+0000] {processor.py:161} INFO - Started process (PID=4620) to work on /home/ubuntu/venv/lib/python3.12/site-packages/airflow/example_dags/example_trigger_controller_dag.py
[2024-06-27T21:40:54.216+0000] {processor.py:830} INFO - Processing file /home/ubuntu/venv/lib/python3.12/site-packages/airflow/example_dags/example_trigger_controller_dag.py for tasks to queue
[2024-06-27T21:40:54.217+0000] {logging_mixin.py:188} INFO - [2024-06-27T21:40:54.216+0000] {dagbag.py:545} INFO - Filling up the DagBag from /home/ubuntu/venv/lib/python3.12/site-packages/airflow/example_dags/example_trigger_controller_dag.py
[2024-06-27T21:40:54.222+0000] {processor.py:840} INFO - DAG(s) 'example_trigger_controller_dag' retrieved from /home/ubuntu/venv/lib/python3.12/site-packages/airflow/example_dags/example_trigger_controller_dag.py
[2024-06-27T21:40:54.239+0000] {logging_mixin.py:188} INFO - [2024-06-27T21:40:54.239+0000] {dag.py:3096} INFO - Sync 1 DAGs
[2024-06-27T21:40:54.259+0000] {logging_mixin.py:188} INFO - [2024-06-27T21:40:54.259+0000] {dag.py:3954} INFO - Setting next_dagrun for example_trigger_controller_dag to 2021-01-01 00:00:00+00:00, run_after=2021-01-01 00:00:00+00:00
[2024-06-27T21:40:54.281+0000] {processor.py:183} INFO - Processing /home/ubuntu/venv/lib/python3.12/site-packages/airflow/example_dags/example_trigger_controller_dag.py took 0.073 seconds
[2024-06-27T21:41:38.460+0000] {processor.py:161} INFO - Started process (PID=4666) to work on /home/ubuntu/venv/lib/python3.12/site-packages/airflow/example_dags/example_trigger_controller_dag.py
[2024-06-27T21:41:38.461+0000] {processor.py:830} INFO - Processing file /home/ubuntu/venv/lib/python3.12/site-packages/airflow/example_dags/example_trigger_controller_dag.py for tasks to queue
[2024-06-27T21:41:38.462+0000] {logging_mixin.py:188} INFO - [2024-06-27T21:41:38.462+0000] {dagbag.py:545} INFO - Filling up the DagBag from /home/ubuntu/venv/lib/python3.12/site-packages/airflow/example_dags/example_trigger_controller_dag.py
[2024-06-27T21:41:38.468+0000] {processor.py:840} INFO - DAG(s) 'example_trigger_controller_dag' retrieved from /home/ubuntu/venv/lib/python3.12/site-packages/airflow/example_dags/example_trigger_controller_dag.py
[2024-06-27T21:41:38.484+0000] {logging_mixin.py:188} INFO - [2024-06-27T21:41:38.484+0000] {dag.py:3096} INFO - Sync 1 DAGs
[2024-06-27T21:41:38.503+0000] {logging_mixin.py:188} INFO - [2024-06-27T21:41:38.503+0000] {dag.py:3954} INFO - Setting next_dagrun for example_trigger_controller_dag to 2021-01-01 00:00:00+00:00, run_after=2021-01-01 00:00:00+00:00
[2024-06-27T21:41:38.626+0000] {processor.py:183} INFO - Processing /home/ubuntu/venv/lib/python3.12/site-packages/airflow/example_dags/example_trigger_controller_dag.py took 0.172 seconds
[2024-06-27T21:42:23.664+0000] {processor.py:161} INFO - Started process (PID=4712) to work on /home/ubuntu/venv/lib/python3.12/site-packages/airflow/example_dags/example_trigger_controller_dag.py
[2024-06-27T21:42:23.668+0000] {processor.py:830} INFO - Processing file /home/ubuntu/venv/lib/python3.12/site-packages/airflow/example_dags/example_trigger_controller_dag.py for tasks to queue
[2024-06-27T21:42:23.669+0000] {logging_mixin.py:188} INFO - [2024-06-27T21:42:23.668+0000] {dagbag.py:545} INFO - Filling up the DagBag from /home/ubuntu/venv/lib/python3.12/site-packages/airflow/example_dags/example_trigger_controller_dag.py
[2024-06-27T21:42:23.675+0000] {processor.py:840} INFO - DAG(s) 'example_trigger_controller_dag' retrieved from /home/ubuntu/venv/lib/python3.12/site-packages/airflow/example_dags/example_trigger_controller_dag.py
[2024-06-27T21:42:23.691+0000] {logging_mixin.py:188} INFO - [2024-06-27T21:42:23.691+0000] {dag.py:3096} INFO - Sync 1 DAGs
[2024-06-27T21:42:23.711+0000] {logging_mixin.py:188} INFO - [2024-06-27T21:42:23.711+0000] {dag.py:3954} INFO - Setting next_dagrun for example_trigger_controller_dag to 2021-01-01 00:00:00+00:00, run_after=2021-01-01 00:00:00+00:00
[2024-06-27T21:42:23.733+0000] {processor.py:183} INFO - Processing /home/ubuntu/venv/lib/python3.12/site-packages/airflow/example_dags/example_trigger_controller_dag.py took 0.075 seconds
[2024-06-27T21:43:05.472+0000] {processor.py:161} INFO - Started process (PID=4755) to work on /home/ubuntu/venv/lib/python3.12/site-packages/airflow/example_dags/example_trigger_controller_dag.py
[2024-06-27T21:43:05.473+0000] {processor.py:830} INFO - Processing file /home/ubuntu/venv/lib/python3.12/site-packages/airflow/example_dags/example_trigger_controller_dag.py for tasks to queue
[2024-06-27T21:43:05.474+0000] {logging_mixin.py:188} INFO - [2024-06-27T21:43:05.473+0000] {dagbag.py:545} INFO - Filling up the DagBag from /home/ubuntu/venv/lib/python3.12/site-packages/airflow/example_dags/example_trigger_controller_dag.py
[2024-06-27T21:43:05.480+0000] {processor.py:840} INFO - DAG(s) 'example_trigger_controller_dag' retrieved from /home/ubuntu/venv/lib/python3.12/site-packages/airflow/example_dags/example_trigger_controller_dag.py
[2024-06-27T21:43:05.496+0000] {logging_mixin.py:188} INFO - [2024-06-27T21:43:05.496+0000] {dag.py:3096} INFO - Sync 1 DAGs
[2024-06-27T21:43:05.515+0000] {logging_mixin.py:188} INFO - [2024-06-27T21:43:05.515+0000] {dag.py:3954} INFO - Setting next_dagrun for example_trigger_controller_dag to 2021-01-01 00:00:00+00:00, run_after=2021-01-01 00:00:00+00:00
[2024-06-27T21:43:05.650+0000] {processor.py:183} INFO - Processing /home/ubuntu/venv/lib/python3.12/site-packages/airflow/example_dags/example_trigger_controller_dag.py took 0.184 seconds
[2024-06-27T21:43:53.034+0000] {processor.py:161} INFO - Started process (PID=4802) to work on /home/ubuntu/venv/lib/python3.12/site-packages/airflow/example_dags/example_trigger_controller_dag.py
[2024-06-27T21:43:53.036+0000] {processor.py:830} INFO - Processing file /home/ubuntu/venv/lib/python3.12/site-packages/airflow/example_dags/example_trigger_controller_dag.py for tasks to queue
[2024-06-27T21:43:53.037+0000] {logging_mixin.py:188} INFO - [2024-06-27T21:43:53.036+0000] {dagbag.py:545} INFO - Filling up the DagBag from /home/ubuntu/venv/lib/python3.12/site-packages/airflow/example_dags/example_trigger_controller_dag.py
[2024-06-27T21:43:53.042+0000] {processor.py:840} INFO - DAG(s) 'example_trigger_controller_dag' retrieved from /home/ubuntu/venv/lib/python3.12/site-packages/airflow/example_dags/example_trigger_controller_dag.py
[2024-06-27T21:43:53.058+0000] {logging_mixin.py:188} INFO - [2024-06-27T21:43:53.058+0000] {dag.py:3096} INFO - Sync 1 DAGs
[2024-06-27T21:43:53.078+0000] {logging_mixin.py:188} INFO - [2024-06-27T21:43:53.077+0000] {dag.py:3954} INFO - Setting next_dagrun for example_trigger_controller_dag to 2021-01-01 00:00:00+00:00, run_after=2021-01-01 00:00:00+00:00
[2024-06-27T21:43:53.100+0000] {processor.py:183} INFO - Processing /home/ubuntu/venv/lib/python3.12/site-packages/airflow/example_dags/example_trigger_controller_dag.py took 0.072 seconds
[2024-06-27T21:44:35.767+0000] {processor.py:161} INFO - Started process (PID=4878) to work on /home/ubuntu/venv/lib/python3.12/site-packages/airflow/example_dags/example_trigger_controller_dag.py
[2024-06-27T21:44:35.768+0000] {processor.py:830} INFO - Processing file /home/ubuntu/venv/lib/python3.12/site-packages/airflow/example_dags/example_trigger_controller_dag.py for tasks to queue
[2024-06-27T21:44:35.769+0000] {logging_mixin.py:188} INFO - [2024-06-27T21:44:35.769+0000] {dagbag.py:545} INFO - Filling up the DagBag from /home/ubuntu/venv/lib/python3.12/site-packages/airflow/example_dags/example_trigger_controller_dag.py
[2024-06-27T21:44:35.775+0000] {processor.py:840} INFO - DAG(s) 'example_trigger_controller_dag' retrieved from /home/ubuntu/venv/lib/python3.12/site-packages/airflow/example_dags/example_trigger_controller_dag.py
[2024-06-27T21:44:35.791+0000] {logging_mixin.py:188} INFO - [2024-06-27T21:44:35.791+0000] {dag.py:3096} INFO - Sync 1 DAGs
[2024-06-27T21:44:35.926+0000] {logging_mixin.py:188} INFO - [2024-06-27T21:44:35.926+0000] {dag.py:3954} INFO - Setting next_dagrun for example_trigger_controller_dag to 2021-01-01 00:00:00+00:00, run_after=2021-01-01 00:00:00+00:00
[2024-06-27T21:44:35.947+0000] {processor.py:183} INFO - Processing /home/ubuntu/venv/lib/python3.12/site-packages/airflow/example_dags/example_trigger_controller_dag.py took 0.186 seconds
[2024-06-27T21:45:20.810+0000] {processor.py:161} INFO - Started process (PID=4941) to work on /home/ubuntu/venv/lib/python3.12/site-packages/airflow/example_dags/example_trigger_controller_dag.py
[2024-06-27T21:45:20.811+0000] {processor.py:830} INFO - Processing file /home/ubuntu/venv/lib/python3.12/site-packages/airflow/example_dags/example_trigger_controller_dag.py for tasks to queue
[2024-06-27T21:45:20.812+0000] {logging_mixin.py:188} INFO - [2024-06-27T21:45:20.812+0000] {dagbag.py:545} INFO - Filling up the DagBag from /home/ubuntu/venv/lib/python3.12/site-packages/airflow/example_dags/example_trigger_controller_dag.py
[2024-06-27T21:45:20.818+0000] {processor.py:840} INFO - DAG(s) 'example_trigger_controller_dag' retrieved from /home/ubuntu/venv/lib/python3.12/site-packages/airflow/example_dags/example_trigger_controller_dag.py
[2024-06-27T21:45:20.834+0000] {logging_mixin.py:188} INFO - [2024-06-27T21:45:20.834+0000] {dag.py:3096} INFO - Sync 1 DAGs
[2024-06-27T21:45:20.854+0000] {logging_mixin.py:188} INFO - [2024-06-27T21:45:20.854+0000] {dag.py:3954} INFO - Setting next_dagrun for example_trigger_controller_dag to 2021-01-01 00:00:00+00:00, run_after=2021-01-01 00:00:00+00:00
[2024-06-27T21:45:20.877+0000] {processor.py:183} INFO - Processing /home/ubuntu/venv/lib/python3.12/site-packages/airflow/example_dags/example_trigger_controller_dag.py took 0.073 seconds
[2024-06-27T21:46:08.360+0000] {processor.py:161} INFO - Started process (PID=4985) to work on /home/ubuntu/venv/lib/python3.12/site-packages/airflow/example_dags/example_trigger_controller_dag.py
[2024-06-27T21:46:08.362+0000] {processor.py:830} INFO - Processing file /home/ubuntu/venv/lib/python3.12/site-packages/airflow/example_dags/example_trigger_controller_dag.py for tasks to queue
[2024-06-27T21:46:08.363+0000] {logging_mixin.py:188} INFO - [2024-06-27T21:46:08.362+0000] {dagbag.py:545} INFO - Filling up the DagBag from /home/ubuntu/venv/lib/python3.12/site-packages/airflow/example_dags/example_trigger_controller_dag.py
[2024-06-27T21:46:08.490+0000] {processor.py:840} INFO - DAG(s) 'example_trigger_controller_dag' retrieved from /home/ubuntu/venv/lib/python3.12/site-packages/airflow/example_dags/example_trigger_controller_dag.py
[2024-06-27T21:46:08.501+0000] {logging_mixin.py:188} INFO - [2024-06-27T21:46:08.501+0000] {dag.py:3096} INFO - Sync 1 DAGs
[2024-06-27T21:46:08.518+0000] {logging_mixin.py:188} INFO - [2024-06-27T21:46:08.518+0000] {dag.py:3954} INFO - Setting next_dagrun for example_trigger_controller_dag to 2021-01-01 00:00:00+00:00, run_after=2021-01-01 00:00:00+00:00
[2024-06-27T21:46:08.540+0000] {processor.py:183} INFO - Processing /home/ubuntu/venv/lib/python3.12/site-packages/airflow/example_dags/example_trigger_controller_dag.py took 0.186 seconds
[2024-06-27T21:47:00.177+0000] {processor.py:161} INFO - Started process (PID=5035) to work on /home/ubuntu/venv/lib/python3.12/site-packages/airflow/example_dags/example_trigger_controller_dag.py
[2024-06-27T21:47:00.179+0000] {processor.py:830} INFO - Processing file /home/ubuntu/venv/lib/python3.12/site-packages/airflow/example_dags/example_trigger_controller_dag.py for tasks to queue
[2024-06-27T21:47:00.180+0000] {logging_mixin.py:188} INFO - [2024-06-27T21:47:00.179+0000] {dagbag.py:545} INFO - Filling up the DagBag from /home/ubuntu/venv/lib/python3.12/site-packages/airflow/example_dags/example_trigger_controller_dag.py
[2024-06-27T21:47:00.185+0000] {processor.py:840} INFO - DAG(s) 'example_trigger_controller_dag' retrieved from /home/ubuntu/venv/lib/python3.12/site-packages/airflow/example_dags/example_trigger_controller_dag.py
[2024-06-27T21:47:00.202+0000] {logging_mixin.py:188} INFO - [2024-06-27T21:47:00.202+0000] {dag.py:3096} INFO - Sync 1 DAGs
[2024-06-27T21:47:00.222+0000] {logging_mixin.py:188} INFO - [2024-06-27T21:47:00.222+0000] {dag.py:3954} INFO - Setting next_dagrun for example_trigger_controller_dag to 2021-01-01 00:00:00+00:00, run_after=2021-01-01 00:00:00+00:00
[2024-06-27T21:47:00.244+0000] {processor.py:183} INFO - Processing /home/ubuntu/venv/lib/python3.12/site-packages/airflow/example_dags/example_trigger_controller_dag.py took 0.073 seconds
[2024-06-27T21:47:47.692+0000] {processor.py:161} INFO - Started process (PID=5113) to work on /home/ubuntu/venv/lib/python3.12/site-packages/airflow/example_dags/example_trigger_controller_dag.py
[2024-06-27T21:47:47.694+0000] {processor.py:830} INFO - Processing file /home/ubuntu/venv/lib/python3.12/site-packages/airflow/example_dags/example_trigger_controller_dag.py for tasks to queue
[2024-06-27T21:47:47.695+0000] {logging_mixin.py:188} INFO - [2024-06-27T21:47:47.695+0000] {dagbag.py:545} INFO - Filling up the DagBag from /home/ubuntu/venv/lib/python3.12/site-packages/airflow/example_dags/example_trigger_controller_dag.py
[2024-06-27T21:47:47.701+0000] {processor.py:840} INFO - DAG(s) 'example_trigger_controller_dag' retrieved from /home/ubuntu/venv/lib/python3.12/site-packages/airflow/example_dags/example_trigger_controller_dag.py
[2024-06-27T21:47:47.718+0000] {logging_mixin.py:188} INFO - [2024-06-27T21:47:47.717+0000] {dag.py:3096} INFO - Sync 1 DAGs
[2024-06-27T21:47:47.737+0000] {logging_mixin.py:188} INFO - [2024-06-27T21:47:47.737+0000] {dag.py:3954} INFO - Setting next_dagrun for example_trigger_controller_dag to 2021-01-01 00:00:00+00:00, run_after=2021-01-01 00:00:00+00:00
[2024-06-27T21:47:47.761+0000] {processor.py:183} INFO - Processing /home/ubuntu/venv/lib/python3.12/site-packages/airflow/example_dags/example_trigger_controller_dag.py took 0.074 seconds
[2024-06-27T21:48:31.518+0000] {processor.py:161} INFO - Started process (PID=5254) to work on /home/ubuntu/venv/lib/python3.12/site-packages/airflow/example_dags/example_trigger_controller_dag.py
[2024-06-27T21:48:31.519+0000] {processor.py:830} INFO - Processing file /home/ubuntu/venv/lib/python3.12/site-packages/airflow/example_dags/example_trigger_controller_dag.py for tasks to queue
[2024-06-27T21:48:31.520+0000] {logging_mixin.py:188} INFO - [2024-06-27T21:48:31.520+0000] {dagbag.py:545} INFO - Filling up the DagBag from /home/ubuntu/venv/lib/python3.12/site-packages/airflow/example_dags/example_trigger_controller_dag.py
[2024-06-27T21:48:31.525+0000] {processor.py:840} INFO - DAG(s) 'example_trigger_controller_dag' retrieved from /home/ubuntu/venv/lib/python3.12/site-packages/airflow/example_dags/example_trigger_controller_dag.py
[2024-06-27T21:48:31.542+0000] {logging_mixin.py:188} INFO - [2024-06-27T21:48:31.542+0000] {dag.py:3096} INFO - Sync 1 DAGs
[2024-06-27T21:48:31.563+0000] {logging_mixin.py:188} INFO - [2024-06-27T21:48:31.562+0000] {dag.py:3954} INFO - Setting next_dagrun for example_trigger_controller_dag to 2021-01-01 00:00:00+00:00, run_after=2021-01-01 00:00:00+00:00
[2024-06-27T21:48:31.588+0000] {processor.py:183} INFO - Processing /home/ubuntu/venv/lib/python3.12/site-packages/airflow/example_dags/example_trigger_controller_dag.py took 0.079 seconds
[2024-06-27T21:49:14.348+0000] {processor.py:161} INFO - Started process (PID=5299) to work on /home/ubuntu/venv/lib/python3.12/site-packages/airflow/example_dags/example_trigger_controller_dag.py
[2024-06-27T21:49:14.350+0000] {processor.py:830} INFO - Processing file /home/ubuntu/venv/lib/python3.12/site-packages/airflow/example_dags/example_trigger_controller_dag.py for tasks to queue
[2024-06-27T21:49:14.351+0000] {logging_mixin.py:188} INFO - [2024-06-27T21:49:14.350+0000] {dagbag.py:545} INFO - Filling up the DagBag from /home/ubuntu/venv/lib/python3.12/site-packages/airflow/example_dags/example_trigger_controller_dag.py
[2024-06-27T21:49:14.356+0000] {processor.py:840} INFO - DAG(s) 'example_trigger_controller_dag' retrieved from /home/ubuntu/venv/lib/python3.12/site-packages/airflow/example_dags/example_trigger_controller_dag.py
[2024-06-27T21:49:14.373+0000] {logging_mixin.py:188} INFO - [2024-06-27T21:49:14.372+0000] {dag.py:3096} INFO - Sync 1 DAGs
[2024-06-27T21:49:14.393+0000] {logging_mixin.py:188} INFO - [2024-06-27T21:49:14.393+0000] {dag.py:3954} INFO - Setting next_dagrun for example_trigger_controller_dag to 2021-01-01 00:00:00+00:00, run_after=2021-01-01 00:00:00+00:00
[2024-06-27T21:49:14.415+0000] {processor.py:183} INFO - Processing /home/ubuntu/venv/lib/python3.12/site-packages/airflow/example_dags/example_trigger_controller_dag.py took 0.075 seconds
[2024-06-27T21:49:54.807+0000] {processor.py:161} INFO - Started process (PID=5341) to work on /home/ubuntu/venv/lib/python3.12/site-packages/airflow/example_dags/example_trigger_controller_dag.py
[2024-06-27T21:49:54.808+0000] {processor.py:830} INFO - Processing file /home/ubuntu/venv/lib/python3.12/site-packages/airflow/example_dags/example_trigger_controller_dag.py for tasks to queue
[2024-06-27T21:49:54.809+0000] {logging_mixin.py:188} INFO - [2024-06-27T21:49:54.808+0000] {dagbag.py:545} INFO - Filling up the DagBag from /home/ubuntu/venv/lib/python3.12/site-packages/airflow/example_dags/example_trigger_controller_dag.py
[2024-06-27T21:49:54.814+0000] {processor.py:840} INFO - DAG(s) 'example_trigger_controller_dag' retrieved from /home/ubuntu/venv/lib/python3.12/site-packages/airflow/example_dags/example_trigger_controller_dag.py
[2024-06-27T21:49:54.831+0000] {logging_mixin.py:188} INFO - [2024-06-27T21:49:54.830+0000] {dag.py:3096} INFO - Sync 1 DAGs
[2024-06-27T21:49:54.850+0000] {logging_mixin.py:188} INFO - [2024-06-27T21:49:54.850+0000] {dag.py:3954} INFO - Setting next_dagrun for example_trigger_controller_dag to 2021-01-01 00:00:00+00:00, run_after=2021-01-01 00:00:00+00:00
[2024-06-27T21:49:54.872+0000] {processor.py:183} INFO - Processing /home/ubuntu/venv/lib/python3.12/site-packages/airflow/example_dags/example_trigger_controller_dag.py took 0.073 seconds
