[2024-06-27T21:19:51.258+0000] {processor.py:161} INFO - Started process (PID=2949) to work on /home/ubuntu/venv/lib/python3.12/site-packages/airflow/example_dags/example_sensors.py
[2024-06-27T21:19:51.259+0000] {processor.py:830} INFO - Processing file /home/ubuntu/venv/lib/python3.12/site-packages/airflow/example_dags/example_sensors.py for tasks to queue
[2024-06-27T21:19:51.260+0000] {logging_mixin.py:188} INFO - [2024-06-27T21:19:51.260+0000] {dagbag.py:545} INFO - Filling up the DagBag from /home/ubuntu/venv/lib/python3.12/site-packages/airflow/example_dags/example_sensors.py
[2024-06-27T21:19:51.270+0000] {processor.py:840} INFO - DAG(s) 'example_sensors' retrieved from /home/ubuntu/venv/lib/python3.12/site-packages/airflow/example_dags/example_sensors.py
[2024-06-27T21:19:51.394+0000] {logging_mixin.py:188} INFO - [2024-06-27T21:19:51.394+0000] {override.py:1847} INFO - Created Permission View: can read on DAG:example_sensors
[2024-06-27T21:19:51.407+0000] {logging_mixin.py:188} INFO - [2024-06-27T21:19:51.406+0000] {override.py:1847} INFO - Created Permission View: can delete on DAG:example_sensors
[2024-06-27T21:19:51.416+0000] {logging_mixin.py:188} INFO - [2024-06-27T21:19:51.416+0000] {override.py:1847} INFO - Created Permission View: can edit on DAG:example_sensors
[2024-06-27T21:19:51.416+0000] {logging_mixin.py:188} INFO - [2024-06-27T21:19:51.416+0000] {dag.py:3096} INFO - Sync 1 DAGs
[2024-06-27T21:19:51.427+0000] {logging_mixin.py:188} INFO - [2024-06-27T21:19:51.427+0000] {dag.py:3118} INFO - Creating ORM DAG for example_sensors
[2024-06-27T21:19:51.427+0000] {logging_mixin.py:188} INFO - [2024-06-27T21:19:51.427+0000] {dag.py:3954} INFO - Setting next_dagrun for example_sensors to None, run_after=None
[2024-06-27T21:19:51.449+0000] {processor.py:183} INFO - Processing /home/ubuntu/venv/lib/python3.12/site-packages/airflow/example_dags/example_sensors.py took 0.197 seconds
[2024-06-27T21:20:45.569+0000] {processor.py:161} INFO - Started process (PID=3232) to work on /home/ubuntu/venv/lib/python3.12/site-packages/airflow/example_dags/example_sensors.py
[2024-06-27T21:20:45.571+0000] {processor.py:830} INFO - Processing file /home/ubuntu/venv/lib/python3.12/site-packages/airflow/example_dags/example_sensors.py for tasks to queue
[2024-06-27T21:20:45.573+0000] {logging_mixin.py:188} INFO - [2024-06-27T21:20:45.572+0000] {dagbag.py:545} INFO - Filling up the DagBag from /home/ubuntu/venv/lib/python3.12/site-packages/airflow/example_dags/example_sensors.py
[2024-06-27T21:20:45.583+0000] {processor.py:840} INFO - DAG(s) 'example_sensors' retrieved from /home/ubuntu/venv/lib/python3.12/site-packages/airflow/example_dags/example_sensors.py
[2024-06-27T21:20:45.606+0000] {logging_mixin.py:188} INFO - [2024-06-27T21:20:45.605+0000] {dag.py:3096} INFO - Sync 1 DAGs
[2024-06-27T21:20:45.619+0000] {logging_mixin.py:188} INFO - [2024-06-27T21:20:45.619+0000] {dag.py:3954} INFO - Setting next_dagrun for example_sensors to None, run_after=None
[2024-06-27T21:20:45.644+0000] {processor.py:183} INFO - Processing /home/ubuntu/venv/lib/python3.12/site-packages/airflow/example_dags/example_sensors.py took 0.081 seconds
[2024-06-27T21:21:35.324+0000] {processor.py:161} INFO - Started process (PID=3344) to work on /home/ubuntu/venv/lib/python3.12/site-packages/airflow/example_dags/example_sensors.py
[2024-06-27T21:21:35.326+0000] {processor.py:830} INFO - Processing file /home/ubuntu/venv/lib/python3.12/site-packages/airflow/example_dags/example_sensors.py for tasks to queue
[2024-06-27T21:21:35.328+0000] {logging_mixin.py:188} INFO - [2024-06-27T21:21:35.327+0000] {dagbag.py:545} INFO - Filling up the DagBag from /home/ubuntu/venv/lib/python3.12/site-packages/airflow/example_dags/example_sensors.py
[2024-06-27T21:21:35.338+0000] {processor.py:840} INFO - DAG(s) 'example_sensors' retrieved from /home/ubuntu/venv/lib/python3.12/site-packages/airflow/example_dags/example_sensors.py
[2024-06-27T21:21:35.362+0000] {logging_mixin.py:188} INFO - [2024-06-27T21:21:35.361+0000] {dag.py:3096} INFO - Sync 1 DAGs
[2024-06-27T21:21:35.375+0000] {logging_mixin.py:188} INFO - [2024-06-27T21:21:35.375+0000] {dag.py:3954} INFO - Setting next_dagrun for example_sensors to None, run_after=None
[2024-06-27T21:21:35.399+0000] {processor.py:183} INFO - Processing /home/ubuntu/venv/lib/python3.12/site-packages/airflow/example_dags/example_sensors.py took 0.081 seconds
[2024-06-27T21:22:20.411+0000] {processor.py:161} INFO - Started process (PID=3402) to work on /home/ubuntu/venv/lib/python3.12/site-packages/airflow/example_dags/example_sensors.py
[2024-06-27T21:22:20.413+0000] {processor.py:830} INFO - Processing file /home/ubuntu/venv/lib/python3.12/site-packages/airflow/example_dags/example_sensors.py for tasks to queue
[2024-06-27T21:22:20.415+0000] {logging_mixin.py:188} INFO - [2024-06-27T21:22:20.414+0000] {dagbag.py:545} INFO - Filling up the DagBag from /home/ubuntu/venv/lib/python3.12/site-packages/airflow/example_dags/example_sensors.py
[2024-06-27T21:22:20.424+0000] {processor.py:840} INFO - DAG(s) 'example_sensors' retrieved from /home/ubuntu/venv/lib/python3.12/site-packages/airflow/example_dags/example_sensors.py
[2024-06-27T21:22:20.447+0000] {logging_mixin.py:188} INFO - [2024-06-27T21:22:20.446+0000] {dag.py:3096} INFO - Sync 1 DAGs
[2024-06-27T21:22:20.459+0000] {logging_mixin.py:188} INFO - [2024-06-27T21:22:20.459+0000] {dag.py:3954} INFO - Setting next_dagrun for example_sensors to None, run_after=None
[2024-06-27T21:22:20.481+0000] {processor.py:183} INFO - Processing /home/ubuntu/venv/lib/python3.12/site-packages/airflow/example_dags/example_sensors.py took 0.075 seconds
[2024-06-27T21:23:18.871+0000] {processor.py:161} INFO - Started process (PID=3466) to work on /home/ubuntu/venv/lib/python3.12/site-packages/airflow/example_dags/example_sensors.py
[2024-06-27T21:23:18.873+0000] {processor.py:830} INFO - Processing file /home/ubuntu/venv/lib/python3.12/site-packages/airflow/example_dags/example_sensors.py for tasks to queue
[2024-06-27T21:23:18.874+0000] {logging_mixin.py:188} INFO - [2024-06-27T21:23:18.874+0000] {dagbag.py:545} INFO - Filling up the DagBag from /home/ubuntu/venv/lib/python3.12/site-packages/airflow/example_dags/example_sensors.py
[2024-06-27T21:23:18.884+0000] {processor.py:840} INFO - DAG(s) 'example_sensors' retrieved from /home/ubuntu/venv/lib/python3.12/site-packages/airflow/example_dags/example_sensors.py
[2024-06-27T21:23:18.907+0000] {logging_mixin.py:188} INFO - [2024-06-27T21:23:18.907+0000] {dag.py:3096} INFO - Sync 1 DAGs
[2024-06-27T21:23:18.919+0000] {logging_mixin.py:188} INFO - [2024-06-27T21:23:18.919+0000] {dag.py:3954} INFO - Setting next_dagrun for example_sensors to None, run_after=None
[2024-06-27T21:23:18.942+0000] {processor.py:183} INFO - Processing /home/ubuntu/venv/lib/python3.12/site-packages/airflow/example_dags/example_sensors.py took 0.077 seconds
[2024-06-27T21:24:17.325+0000] {processor.py:161} INFO - Started process (PID=3529) to work on /home/ubuntu/venv/lib/python3.12/site-packages/airflow/example_dags/example_sensors.py
[2024-06-27T21:24:17.326+0000] {processor.py:830} INFO - Processing file /home/ubuntu/venv/lib/python3.12/site-packages/airflow/example_dags/example_sensors.py for tasks to queue
[2024-06-27T21:24:17.328+0000] {logging_mixin.py:188} INFO - [2024-06-27T21:24:17.327+0000] {dagbag.py:545} INFO - Filling up the DagBag from /home/ubuntu/venv/lib/python3.12/site-packages/airflow/example_dags/example_sensors.py
[2024-06-27T21:24:17.337+0000] {processor.py:840} INFO - DAG(s) 'example_sensors' retrieved from /home/ubuntu/venv/lib/python3.12/site-packages/airflow/example_dags/example_sensors.py
[2024-06-27T21:24:17.359+0000] {logging_mixin.py:188} INFO - [2024-06-27T21:24:17.359+0000] {dag.py:3096} INFO - Sync 1 DAGs
[2024-06-27T21:24:17.371+0000] {logging_mixin.py:188} INFO - [2024-06-27T21:24:17.371+0000] {dag.py:3954} INFO - Setting next_dagrun for example_sensors to None, run_after=None
[2024-06-27T21:24:17.394+0000] {processor.py:183} INFO - Processing /home/ubuntu/venv/lib/python3.12/site-packages/airflow/example_dags/example_sensors.py took 0.075 seconds
[2024-06-27T21:25:00.136+0000] {processor.py:161} INFO - Started process (PID=3574) to work on /home/ubuntu/venv/lib/python3.12/site-packages/airflow/example_dags/example_sensors.py
[2024-06-27T21:25:00.138+0000] {processor.py:830} INFO - Processing file /home/ubuntu/venv/lib/python3.12/site-packages/airflow/example_dags/example_sensors.py for tasks to queue
[2024-06-27T21:25:00.139+0000] {logging_mixin.py:188} INFO - [2024-06-27T21:25:00.138+0000] {dagbag.py:545} INFO - Filling up the DagBag from /home/ubuntu/venv/lib/python3.12/site-packages/airflow/example_dags/example_sensors.py
[2024-06-27T21:25:00.150+0000] {processor.py:840} INFO - DAG(s) 'example_sensors' retrieved from /home/ubuntu/venv/lib/python3.12/site-packages/airflow/example_dags/example_sensors.py
[2024-06-27T21:25:00.173+0000] {logging_mixin.py:188} INFO - [2024-06-27T21:25:00.173+0000] {dag.py:3096} INFO - Sync 1 DAGs
[2024-06-27T21:25:00.186+0000] {logging_mixin.py:188} INFO - [2024-06-27T21:25:00.186+0000] {dag.py:3954} INFO - Setting next_dagrun for example_sensors to None, run_after=None
[2024-06-27T21:25:00.211+0000] {processor.py:183} INFO - Processing /home/ubuntu/venv/lib/python3.12/site-packages/airflow/example_dags/example_sensors.py took 0.081 seconds
[2024-06-27T21:25:43.299+0000] {processor.py:161} INFO - Started process (PID=3627) to work on /home/ubuntu/venv/lib/python3.12/site-packages/airflow/example_dags/example_sensors.py
[2024-06-27T21:25:43.301+0000] {processor.py:830} INFO - Processing file /home/ubuntu/venv/lib/python3.12/site-packages/airflow/example_dags/example_sensors.py for tasks to queue
[2024-06-27T21:25:43.302+0000] {logging_mixin.py:188} INFO - [2024-06-27T21:25:43.301+0000] {dagbag.py:545} INFO - Filling up the DagBag from /home/ubuntu/venv/lib/python3.12/site-packages/airflow/example_dags/example_sensors.py
[2024-06-27T21:25:43.312+0000] {processor.py:840} INFO - DAG(s) 'example_sensors' retrieved from /home/ubuntu/venv/lib/python3.12/site-packages/airflow/example_dags/example_sensors.py
[2024-06-27T21:25:43.335+0000] {logging_mixin.py:188} INFO - [2024-06-27T21:25:43.334+0000] {dag.py:3096} INFO - Sync 1 DAGs
[2024-06-27T21:25:43.347+0000] {logging_mixin.py:188} INFO - [2024-06-27T21:25:43.347+0000] {dag.py:3954} INFO - Setting next_dagrun for example_sensors to None, run_after=None
[2024-06-27T21:25:43.370+0000] {processor.py:183} INFO - Processing /home/ubuntu/venv/lib/python3.12/site-packages/airflow/example_dags/example_sensors.py took 0.076 seconds
[2024-06-27T21:26:46.137+0000] {processor.py:161} INFO - Started process (PID=3691) to work on /home/ubuntu/venv/lib/python3.12/site-packages/airflow/example_dags/example_sensors.py
[2024-06-27T21:26:46.139+0000] {processor.py:830} INFO - Processing file /home/ubuntu/venv/lib/python3.12/site-packages/airflow/example_dags/example_sensors.py for tasks to queue
[2024-06-27T21:26:46.140+0000] {logging_mixin.py:188} INFO - [2024-06-27T21:26:46.139+0000] {dagbag.py:545} INFO - Filling up the DagBag from /home/ubuntu/venv/lib/python3.12/site-packages/airflow/example_dags/example_sensors.py
[2024-06-27T21:26:46.150+0000] {processor.py:840} INFO - DAG(s) 'example_sensors' retrieved from /home/ubuntu/venv/lib/python3.12/site-packages/airflow/example_dags/example_sensors.py
[2024-06-27T21:26:46.173+0000] {logging_mixin.py:188} INFO - [2024-06-27T21:26:46.173+0000] {dag.py:3096} INFO - Sync 1 DAGs
[2024-06-27T21:26:46.186+0000] {logging_mixin.py:188} INFO - [2024-06-27T21:26:46.186+0000] {dag.py:3954} INFO - Setting next_dagrun for example_sensors to None, run_after=None
[2024-06-27T21:26:46.210+0000] {processor.py:183} INFO - Processing /home/ubuntu/venv/lib/python3.12/site-packages/airflow/example_dags/example_sensors.py took 0.078 seconds
[2024-06-27T21:27:28.251+0000] {processor.py:161} INFO - Started process (PID=3736) to work on /home/ubuntu/venv/lib/python3.12/site-packages/airflow/example_dags/example_sensors.py
[2024-06-27T21:27:28.253+0000] {processor.py:830} INFO - Processing file /home/ubuntu/venv/lib/python3.12/site-packages/airflow/example_dags/example_sensors.py for tasks to queue
[2024-06-27T21:27:28.253+0000] {logging_mixin.py:188} INFO - [2024-06-27T21:27:28.253+0000] {dagbag.py:545} INFO - Filling up the DagBag from /home/ubuntu/venv/lib/python3.12/site-packages/airflow/example_dags/example_sensors.py
[2024-06-27T21:27:28.264+0000] {processor.py:840} INFO - DAG(s) 'example_sensors' retrieved from /home/ubuntu/venv/lib/python3.12/site-packages/airflow/example_dags/example_sensors.py
[2024-06-27T21:27:28.286+0000] {logging_mixin.py:188} INFO - [2024-06-27T21:27:28.286+0000] {dag.py:3096} INFO - Sync 1 DAGs
[2024-06-27T21:27:28.298+0000] {logging_mixin.py:188} INFO - [2024-06-27T21:27:28.298+0000] {dag.py:3954} INFO - Setting next_dagrun for example_sensors to None, run_after=None
[2024-06-27T21:27:28.321+0000] {processor.py:183} INFO - Processing /home/ubuntu/venv/lib/python3.12/site-packages/airflow/example_dags/example_sensors.py took 0.076 seconds
[2024-06-27T21:28:18.173+0000] {processor.py:161} INFO - Started process (PID=3793) to work on /home/ubuntu/venv/lib/python3.12/site-packages/airflow/example_dags/example_sensors.py
[2024-06-27T21:28:18.174+0000] {processor.py:830} INFO - Processing file /home/ubuntu/venv/lib/python3.12/site-packages/airflow/example_dags/example_sensors.py for tasks to queue
[2024-06-27T21:28:18.175+0000] {logging_mixin.py:188} INFO - [2024-06-27T21:28:18.175+0000] {dagbag.py:545} INFO - Filling up the DagBag from /home/ubuntu/venv/lib/python3.12/site-packages/airflow/example_dags/example_sensors.py
[2024-06-27T21:28:18.186+0000] {processor.py:840} INFO - DAG(s) 'example_sensors' retrieved from /home/ubuntu/venv/lib/python3.12/site-packages/airflow/example_dags/example_sensors.py
[2024-06-27T21:28:18.209+0000] {logging_mixin.py:188} INFO - [2024-06-27T21:28:18.209+0000] {dag.py:3096} INFO - Sync 1 DAGs
[2024-06-27T21:28:18.223+0000] {logging_mixin.py:188} INFO - [2024-06-27T21:28:18.222+0000] {dag.py:3954} INFO - Setting next_dagrun for example_sensors to None, run_after=None
[2024-06-27T21:28:18.246+0000] {processor.py:183} INFO - Processing /home/ubuntu/venv/lib/python3.12/site-packages/airflow/example_dags/example_sensors.py took 0.080 seconds
[2024-06-27T21:29:24.503+0000] {processor.py:161} INFO - Started process (PID=3877) to work on /home/ubuntu/venv/lib/python3.12/site-packages/airflow/example_dags/example_sensors.py
[2024-06-27T21:29:24.505+0000] {processor.py:830} INFO - Processing file /home/ubuntu/venv/lib/python3.12/site-packages/airflow/example_dags/example_sensors.py for tasks to queue
[2024-06-27T21:29:24.505+0000] {logging_mixin.py:188} INFO - [2024-06-27T21:29:24.505+0000] {dagbag.py:545} INFO - Filling up the DagBag from /home/ubuntu/venv/lib/python3.12/site-packages/airflow/example_dags/example_sensors.py
[2024-06-27T21:29:24.516+0000] {processor.py:840} INFO - DAG(s) 'example_sensors' retrieved from /home/ubuntu/venv/lib/python3.12/site-packages/airflow/example_dags/example_sensors.py
[2024-06-27T21:29:24.538+0000] {logging_mixin.py:188} INFO - [2024-06-27T21:29:24.538+0000] {dag.py:3096} INFO - Sync 1 DAGs
[2024-06-27T21:29:24.550+0000] {logging_mixin.py:188} INFO - [2024-06-27T21:29:24.550+0000] {dag.py:3954} INFO - Setting next_dagrun for example_sensors to None, run_after=None
[2024-06-27T21:29:24.573+0000] {processor.py:183} INFO - Processing /home/ubuntu/venv/lib/python3.12/site-packages/airflow/example_dags/example_sensors.py took 0.076 seconds
[2024-06-27T21:30:11.406+0000] {processor.py:161} INFO - Started process (PID=3936) to work on /home/ubuntu/venv/lib/python3.12/site-packages/airflow/example_dags/example_sensors.py
[2024-06-27T21:30:11.408+0000] {processor.py:830} INFO - Processing file /home/ubuntu/venv/lib/python3.12/site-packages/airflow/example_dags/example_sensors.py for tasks to queue
[2024-06-27T21:30:11.409+0000] {logging_mixin.py:188} INFO - [2024-06-27T21:30:11.408+0000] {dagbag.py:545} INFO - Filling up the DagBag from /home/ubuntu/venv/lib/python3.12/site-packages/airflow/example_dags/example_sensors.py
[2024-06-27T21:30:11.419+0000] {processor.py:840} INFO - DAG(s) 'example_sensors' retrieved from /home/ubuntu/venv/lib/python3.12/site-packages/airflow/example_dags/example_sensors.py
[2024-06-27T21:30:11.442+0000] {logging_mixin.py:188} INFO - [2024-06-27T21:30:11.441+0000] {dag.py:3096} INFO - Sync 1 DAGs
[2024-06-27T21:30:11.454+0000] {logging_mixin.py:188} INFO - [2024-06-27T21:30:11.454+0000] {dag.py:3954} INFO - Setting next_dagrun for example_sensors to None, run_after=None
[2024-06-27T21:30:11.477+0000] {processor.py:183} INFO - Processing /home/ubuntu/venv/lib/python3.12/site-packages/airflow/example_dags/example_sensors.py took 0.077 seconds
[2024-06-27T21:31:10.864+0000] {processor.py:161} INFO - Started process (PID=3997) to work on /home/ubuntu/venv/lib/python3.12/site-packages/airflow/example_dags/example_sensors.py
[2024-06-27T21:31:10.866+0000] {processor.py:830} INFO - Processing file /home/ubuntu/venv/lib/python3.12/site-packages/airflow/example_dags/example_sensors.py for tasks to queue
[2024-06-27T21:31:10.867+0000] {logging_mixin.py:188} INFO - [2024-06-27T21:31:10.867+0000] {dagbag.py:545} INFO - Filling up the DagBag from /home/ubuntu/venv/lib/python3.12/site-packages/airflow/example_dags/example_sensors.py
[2024-06-27T21:31:10.877+0000] {processor.py:840} INFO - DAG(s) 'example_sensors' retrieved from /home/ubuntu/venv/lib/python3.12/site-packages/airflow/example_dags/example_sensors.py
[2024-06-27T21:31:10.900+0000] {logging_mixin.py:188} INFO - [2024-06-27T21:31:10.899+0000] {dag.py:3096} INFO - Sync 1 DAGs
[2024-06-27T21:31:10.912+0000] {logging_mixin.py:188} INFO - [2024-06-27T21:31:10.912+0000] {dag.py:3954} INFO - Setting next_dagrun for example_sensors to None, run_after=None
[2024-06-27T21:31:10.934+0000] {processor.py:183} INFO - Processing /home/ubuntu/venv/lib/python3.12/site-packages/airflow/example_dags/example_sensors.py took 0.075 seconds
[2024-06-27T21:31:54.640+0000] {processor.py:161} INFO - Started process (PID=4041) to work on /home/ubuntu/venv/lib/python3.12/site-packages/airflow/example_dags/example_sensors.py
[2024-06-27T21:31:54.642+0000] {processor.py:830} INFO - Processing file /home/ubuntu/venv/lib/python3.12/site-packages/airflow/example_dags/example_sensors.py for tasks to queue
[2024-06-27T21:31:54.643+0000] {logging_mixin.py:188} INFO - [2024-06-27T21:31:54.643+0000] {dagbag.py:545} INFO - Filling up the DagBag from /home/ubuntu/venv/lib/python3.12/site-packages/airflow/example_dags/example_sensors.py
[2024-06-27T21:31:54.653+0000] {processor.py:840} INFO - DAG(s) 'example_sensors' retrieved from /home/ubuntu/venv/lib/python3.12/site-packages/airflow/example_dags/example_sensors.py
[2024-06-27T21:31:54.675+0000] {logging_mixin.py:188} INFO - [2024-06-27T21:31:54.675+0000] {dag.py:3096} INFO - Sync 1 DAGs
[2024-06-27T21:31:54.688+0000] {logging_mixin.py:188} INFO - [2024-06-27T21:31:54.687+0000] {dag.py:3954} INFO - Setting next_dagrun for example_sensors to None, run_after=None
[2024-06-27T21:31:54.712+0000] {processor.py:183} INFO - Processing /home/ubuntu/venv/lib/python3.12/site-packages/airflow/example_dags/example_sensors.py took 0.077 seconds
[2024-06-27T21:32:46.754+0000] {processor.py:161} INFO - Started process (PID=4102) to work on /home/ubuntu/venv/lib/python3.12/site-packages/airflow/example_dags/example_sensors.py
[2024-06-27T21:32:46.755+0000] {processor.py:830} INFO - Processing file /home/ubuntu/venv/lib/python3.12/site-packages/airflow/example_dags/example_sensors.py for tasks to queue
[2024-06-27T21:32:46.756+0000] {logging_mixin.py:188} INFO - [2024-06-27T21:32:46.756+0000] {dagbag.py:545} INFO - Filling up the DagBag from /home/ubuntu/venv/lib/python3.12/site-packages/airflow/example_dags/example_sensors.py
[2024-06-27T21:32:46.766+0000] {processor.py:840} INFO - DAG(s) 'example_sensors' retrieved from /home/ubuntu/venv/lib/python3.12/site-packages/airflow/example_dags/example_sensors.py
[2024-06-27T21:32:46.789+0000] {logging_mixin.py:188} INFO - [2024-06-27T21:32:46.789+0000] {dag.py:3096} INFO - Sync 1 DAGs
[2024-06-27T21:32:46.801+0000] {logging_mixin.py:188} INFO - [2024-06-27T21:32:46.801+0000] {dag.py:3954} INFO - Setting next_dagrun for example_sensors to None, run_after=None
[2024-06-27T21:32:46.824+0000] {processor.py:183} INFO - Processing /home/ubuntu/venv/lib/python3.12/site-packages/airflow/example_dags/example_sensors.py took 0.077 seconds
[2024-06-27T21:33:38.249+0000] {processor.py:161} INFO - Started process (PID=4162) to work on /home/ubuntu/venv/lib/python3.12/site-packages/airflow/example_dags/example_sensors.py
[2024-06-27T21:33:38.250+0000] {processor.py:830} INFO - Processing file /home/ubuntu/venv/lib/python3.12/site-packages/airflow/example_dags/example_sensors.py for tasks to queue
[2024-06-27T21:33:38.251+0000] {logging_mixin.py:188} INFO - [2024-06-27T21:33:38.251+0000] {dagbag.py:545} INFO - Filling up the DagBag from /home/ubuntu/venv/lib/python3.12/site-packages/airflow/example_dags/example_sensors.py
[2024-06-27T21:33:38.262+0000] {processor.py:840} INFO - DAG(s) 'example_sensors' retrieved from /home/ubuntu/venv/lib/python3.12/site-packages/airflow/example_dags/example_sensors.py
[2024-06-27T21:33:38.286+0000] {logging_mixin.py:188} INFO - [2024-06-27T21:33:38.285+0000] {dag.py:3096} INFO - Sync 1 DAGs
[2024-06-27T21:33:38.299+0000] {logging_mixin.py:188} INFO - [2024-06-27T21:33:38.298+0000] {dag.py:3954} INFO - Setting next_dagrun for example_sensors to None, run_after=None
[2024-06-27T21:33:38.322+0000] {processor.py:183} INFO - Processing /home/ubuntu/venv/lib/python3.12/site-packages/airflow/example_dags/example_sensors.py took 0.079 seconds
[2024-06-27T21:34:22.773+0000] {processor.py:161} INFO - Started process (PID=4207) to work on /home/ubuntu/venv/lib/python3.12/site-packages/airflow/example_dags/example_sensors.py
[2024-06-27T21:34:22.774+0000] {processor.py:830} INFO - Processing file /home/ubuntu/venv/lib/python3.12/site-packages/airflow/example_dags/example_sensors.py for tasks to queue
[2024-06-27T21:34:22.775+0000] {logging_mixin.py:188} INFO - [2024-06-27T21:34:22.775+0000] {dagbag.py:545} INFO - Filling up the DagBag from /home/ubuntu/venv/lib/python3.12/site-packages/airflow/example_dags/example_sensors.py
[2024-06-27T21:34:22.785+0000] {processor.py:840} INFO - DAG(s) 'example_sensors' retrieved from /home/ubuntu/venv/lib/python3.12/site-packages/airflow/example_dags/example_sensors.py
[2024-06-27T21:34:22.808+0000] {logging_mixin.py:188} INFO - [2024-06-27T21:34:22.808+0000] {dag.py:3096} INFO - Sync 1 DAGs
[2024-06-27T21:34:22.821+0000] {logging_mixin.py:188} INFO - [2024-06-27T21:34:22.820+0000] {dag.py:3954} INFO - Setting next_dagrun for example_sensors to None, run_after=None
[2024-06-27T21:34:22.843+0000] {processor.py:183} INFO - Processing /home/ubuntu/venv/lib/python3.12/site-packages/airflow/example_dags/example_sensors.py took 0.076 seconds
[2024-06-27T21:35:05.773+0000] {processor.py:161} INFO - Started process (PID=4255) to work on /home/ubuntu/venv/lib/python3.12/site-packages/airflow/example_dags/example_sensors.py
[2024-06-27T21:35:05.775+0000] {processor.py:830} INFO - Processing file /home/ubuntu/venv/lib/python3.12/site-packages/airflow/example_dags/example_sensors.py for tasks to queue
[2024-06-27T21:35:05.776+0000] {logging_mixin.py:188} INFO - [2024-06-27T21:35:05.775+0000] {dagbag.py:545} INFO - Filling up the DagBag from /home/ubuntu/venv/lib/python3.12/site-packages/airflow/example_dags/example_sensors.py
[2024-06-27T21:35:05.786+0000] {processor.py:840} INFO - DAG(s) 'example_sensors' retrieved from /home/ubuntu/venv/lib/python3.12/site-packages/airflow/example_dags/example_sensors.py
[2024-06-27T21:35:05.809+0000] {logging_mixin.py:188} INFO - [2024-06-27T21:35:05.809+0000] {dag.py:3096} INFO - Sync 1 DAGs
[2024-06-27T21:35:05.821+0000] {logging_mixin.py:188} INFO - [2024-06-27T21:35:05.821+0000] {dag.py:3954} INFO - Setting next_dagrun for example_sensors to None, run_after=None
[2024-06-27T21:35:05.844+0000] {processor.py:183} INFO - Processing /home/ubuntu/venv/lib/python3.12/site-packages/airflow/example_dags/example_sensors.py took 0.077 seconds
[2024-06-27T21:35:48.044+0000] {processor.py:161} INFO - Started process (PID=4302) to work on /home/ubuntu/venv/lib/python3.12/site-packages/airflow/example_dags/example_sensors.py
[2024-06-27T21:35:48.046+0000] {processor.py:830} INFO - Processing file /home/ubuntu/venv/lib/python3.12/site-packages/airflow/example_dags/example_sensors.py for tasks to queue
[2024-06-27T21:35:48.047+0000] {logging_mixin.py:188} INFO - [2024-06-27T21:35:48.046+0000] {dagbag.py:545} INFO - Filling up the DagBag from /home/ubuntu/venv/lib/python3.12/site-packages/airflow/example_dags/example_sensors.py
[2024-06-27T21:35:48.057+0000] {processor.py:840} INFO - DAG(s) 'example_sensors' retrieved from /home/ubuntu/venv/lib/python3.12/site-packages/airflow/example_dags/example_sensors.py
[2024-06-27T21:35:48.079+0000] {logging_mixin.py:188} INFO - [2024-06-27T21:35:48.079+0000] {dag.py:3096} INFO - Sync 1 DAGs
[2024-06-27T21:35:48.091+0000] {logging_mixin.py:188} INFO - [2024-06-27T21:35:48.091+0000] {dag.py:3954} INFO - Setting next_dagrun for example_sensors to None, run_after=None
[2024-06-27T21:35:48.114+0000] {processor.py:183} INFO - Processing /home/ubuntu/venv/lib/python3.12/site-packages/airflow/example_dags/example_sensors.py took 0.076 seconds
[2024-06-27T21:36:30.551+0000] {processor.py:161} INFO - Started process (PID=4344) to work on /home/ubuntu/venv/lib/python3.12/site-packages/airflow/example_dags/example_sensors.py
[2024-06-27T21:36:30.553+0000] {processor.py:830} INFO - Processing file /home/ubuntu/venv/lib/python3.12/site-packages/airflow/example_dags/example_sensors.py for tasks to queue
[2024-06-27T21:36:30.554+0000] {logging_mixin.py:188} INFO - [2024-06-27T21:36:30.553+0000] {dagbag.py:545} INFO - Filling up the DagBag from /home/ubuntu/venv/lib/python3.12/site-packages/airflow/example_dags/example_sensors.py
[2024-06-27T21:36:30.564+0000] {processor.py:840} INFO - DAG(s) 'example_sensors' retrieved from /home/ubuntu/venv/lib/python3.12/site-packages/airflow/example_dags/example_sensors.py
[2024-06-27T21:36:30.586+0000] {logging_mixin.py:188} INFO - [2024-06-27T21:36:30.586+0000] {dag.py:3096} INFO - Sync 1 DAGs
[2024-06-27T21:36:30.599+0000] {logging_mixin.py:188} INFO - [2024-06-27T21:36:30.598+0000] {dag.py:3954} INFO - Setting next_dagrun for example_sensors to None, run_after=None
[2024-06-27T21:36:30.621+0000] {processor.py:183} INFO - Processing /home/ubuntu/venv/lib/python3.12/site-packages/airflow/example_dags/example_sensors.py took 0.076 seconds
[2024-06-27T21:37:14.630+0000] {processor.py:161} INFO - Started process (PID=4389) to work on /home/ubuntu/venv/lib/python3.12/site-packages/airflow/example_dags/example_sensors.py
[2024-06-27T21:37:14.631+0000] {processor.py:830} INFO - Processing file /home/ubuntu/venv/lib/python3.12/site-packages/airflow/example_dags/example_sensors.py for tasks to queue
[2024-06-27T21:37:14.632+0000] {logging_mixin.py:188} INFO - [2024-06-27T21:37:14.632+0000] {dagbag.py:545} INFO - Filling up the DagBag from /home/ubuntu/venv/lib/python3.12/site-packages/airflow/example_dags/example_sensors.py
[2024-06-27T21:37:14.643+0000] {processor.py:840} INFO - DAG(s) 'example_sensors' retrieved from /home/ubuntu/venv/lib/python3.12/site-packages/airflow/example_dags/example_sensors.py
[2024-06-27T21:37:14.666+0000] {logging_mixin.py:188} INFO - [2024-06-27T21:37:14.666+0000] {dag.py:3096} INFO - Sync 1 DAGs
[2024-06-27T21:37:14.679+0000] {logging_mixin.py:188} INFO - [2024-06-27T21:37:14.679+0000] {dag.py:3954} INFO - Setting next_dagrun for example_sensors to None, run_after=None
[2024-06-27T21:37:14.703+0000] {processor.py:183} INFO - Processing /home/ubuntu/venv/lib/python3.12/site-packages/airflow/example_dags/example_sensors.py took 0.079 seconds
[2024-06-27T21:38:02.344+0000] {processor.py:161} INFO - Started process (PID=4441) to work on /home/ubuntu/venv/lib/python3.12/site-packages/airflow/example_dags/example_sensors.py
[2024-06-27T21:38:02.346+0000] {processor.py:830} INFO - Processing file /home/ubuntu/venv/lib/python3.12/site-packages/airflow/example_dags/example_sensors.py for tasks to queue
[2024-06-27T21:38:02.347+0000] {logging_mixin.py:188} INFO - [2024-06-27T21:38:02.346+0000] {dagbag.py:545} INFO - Filling up the DagBag from /home/ubuntu/venv/lib/python3.12/site-packages/airflow/example_dags/example_sensors.py
[2024-06-27T21:38:02.357+0000] {processor.py:840} INFO - DAG(s) 'example_sensors' retrieved from /home/ubuntu/venv/lib/python3.12/site-packages/airflow/example_dags/example_sensors.py
[2024-06-27T21:38:02.380+0000] {logging_mixin.py:188} INFO - [2024-06-27T21:38:02.380+0000] {dag.py:3096} INFO - Sync 1 DAGs
[2024-06-27T21:38:02.393+0000] {logging_mixin.py:188} INFO - [2024-06-27T21:38:02.393+0000] {dag.py:3954} INFO - Setting next_dagrun for example_sensors to None, run_after=None
[2024-06-27T21:38:02.416+0000] {processor.py:183} INFO - Processing /home/ubuntu/venv/lib/python3.12/site-packages/airflow/example_dags/example_sensors.py took 0.078 seconds
[2024-06-27T21:38:50.860+0000] {processor.py:161} INFO - Started process (PID=4491) to work on /home/ubuntu/venv/lib/python3.12/site-packages/airflow/example_dags/example_sensors.py
[2024-06-27T21:38:50.861+0000] {processor.py:830} INFO - Processing file /home/ubuntu/venv/lib/python3.12/site-packages/airflow/example_dags/example_sensors.py for tasks to queue
[2024-06-27T21:38:50.862+0000] {logging_mixin.py:188} INFO - [2024-06-27T21:38:50.861+0000] {dagbag.py:545} INFO - Filling up the DagBag from /home/ubuntu/venv/lib/python3.12/site-packages/airflow/example_dags/example_sensors.py
[2024-06-27T21:38:50.872+0000] {processor.py:840} INFO - DAG(s) 'example_sensors' retrieved from /home/ubuntu/venv/lib/python3.12/site-packages/airflow/example_dags/example_sensors.py
[2024-06-27T21:38:50.894+0000] {logging_mixin.py:188} INFO - [2024-06-27T21:38:50.894+0000] {dag.py:3096} INFO - Sync 1 DAGs
[2024-06-27T21:38:50.906+0000] {logging_mixin.py:188} INFO - [2024-06-27T21:38:50.906+0000] {dag.py:3954} INFO - Setting next_dagrun for example_sensors to None, run_after=None
[2024-06-27T21:38:50.929+0000] {processor.py:183} INFO - Processing /home/ubuntu/venv/lib/python3.12/site-packages/airflow/example_dags/example_sensors.py took 0.076 seconds
[2024-06-27T21:39:34.467+0000] {processor.py:161} INFO - Started process (PID=4536) to work on /home/ubuntu/venv/lib/python3.12/site-packages/airflow/example_dags/example_sensors.py
[2024-06-27T21:39:34.469+0000] {processor.py:830} INFO - Processing file /home/ubuntu/venv/lib/python3.12/site-packages/airflow/example_dags/example_sensors.py for tasks to queue
[2024-06-27T21:39:34.470+0000] {logging_mixin.py:188} INFO - [2024-06-27T21:39:34.470+0000] {dagbag.py:545} INFO - Filling up the DagBag from /home/ubuntu/venv/lib/python3.12/site-packages/airflow/example_dags/example_sensors.py
[2024-06-27T21:39:34.480+0000] {processor.py:840} INFO - DAG(s) 'example_sensors' retrieved from /home/ubuntu/venv/lib/python3.12/site-packages/airflow/example_dags/example_sensors.py
[2024-06-27T21:39:34.502+0000] {logging_mixin.py:188} INFO - [2024-06-27T21:39:34.502+0000] {dag.py:3096} INFO - Sync 1 DAGs
[2024-06-27T21:39:34.514+0000] {logging_mixin.py:188} INFO - [2024-06-27T21:39:34.514+0000] {dag.py:3954} INFO - Setting next_dagrun for example_sensors to None, run_after=None
[2024-06-27T21:39:34.538+0000] {processor.py:183} INFO - Processing /home/ubuntu/venv/lib/python3.12/site-packages/airflow/example_dags/example_sensors.py took 0.076 seconds
[2024-06-27T21:40:16.888+0000] {processor.py:161} INFO - Started process (PID=4583) to work on /home/ubuntu/venv/lib/python3.12/site-packages/airflow/example_dags/example_sensors.py
[2024-06-27T21:40:16.890+0000] {processor.py:830} INFO - Processing file /home/ubuntu/venv/lib/python3.12/site-packages/airflow/example_dags/example_sensors.py for tasks to queue
[2024-06-27T21:40:16.891+0000] {logging_mixin.py:188} INFO - [2024-06-27T21:40:16.890+0000] {dagbag.py:545} INFO - Filling up the DagBag from /home/ubuntu/venv/lib/python3.12/site-packages/airflow/example_dags/example_sensors.py
[2024-06-27T21:40:16.901+0000] {processor.py:840} INFO - DAG(s) 'example_sensors' retrieved from /home/ubuntu/venv/lib/python3.12/site-packages/airflow/example_dags/example_sensors.py
[2024-06-27T21:40:16.923+0000] {logging_mixin.py:188} INFO - [2024-06-27T21:40:16.923+0000] {dag.py:3096} INFO - Sync 1 DAGs
[2024-06-27T21:40:16.935+0000] {logging_mixin.py:188} INFO - [2024-06-27T21:40:16.935+0000] {dag.py:3954} INFO - Setting next_dagrun for example_sensors to None, run_after=None
[2024-06-27T21:40:16.958+0000] {processor.py:183} INFO - Processing /home/ubuntu/venv/lib/python3.12/site-packages/airflow/example_dags/example_sensors.py took 0.076 seconds
[2024-06-27T21:41:00.927+0000] {processor.py:161} INFO - Started process (PID=4627) to work on /home/ubuntu/venv/lib/python3.12/site-packages/airflow/example_dags/example_sensors.py
[2024-06-27T21:41:00.928+0000] {processor.py:830} INFO - Processing file /home/ubuntu/venv/lib/python3.12/site-packages/airflow/example_dags/example_sensors.py for tasks to queue
[2024-06-27T21:41:00.929+0000] {logging_mixin.py:188} INFO - [2024-06-27T21:41:00.929+0000] {dagbag.py:545} INFO - Filling up the DagBag from /home/ubuntu/venv/lib/python3.12/site-packages/airflow/example_dags/example_sensors.py
[2024-06-27T21:41:00.939+0000] {processor.py:840} INFO - DAG(s) 'example_sensors' retrieved from /home/ubuntu/venv/lib/python3.12/site-packages/airflow/example_dags/example_sensors.py
[2024-06-27T21:41:00.961+0000] {logging_mixin.py:188} INFO - [2024-06-27T21:41:00.961+0000] {dag.py:3096} INFO - Sync 1 DAGs
[2024-06-27T21:41:00.973+0000] {logging_mixin.py:188} INFO - [2024-06-27T21:41:00.973+0000] {dag.py:3954} INFO - Setting next_dagrun for example_sensors to None, run_after=None
[2024-06-27T21:41:00.994+0000] {processor.py:183} INFO - Processing /home/ubuntu/venv/lib/python3.12/site-packages/airflow/example_dags/example_sensors.py took 0.073 seconds
[2024-06-27T21:41:45.286+0000] {processor.py:161} INFO - Started process (PID=4674) to work on /home/ubuntu/venv/lib/python3.12/site-packages/airflow/example_dags/example_sensors.py
[2024-06-27T21:41:45.287+0000] {processor.py:830} INFO - Processing file /home/ubuntu/venv/lib/python3.12/site-packages/airflow/example_dags/example_sensors.py for tasks to queue
[2024-06-27T21:41:45.288+0000] {logging_mixin.py:188} INFO - [2024-06-27T21:41:45.287+0000] {dagbag.py:545} INFO - Filling up the DagBag from /home/ubuntu/venv/lib/python3.12/site-packages/airflow/example_dags/example_sensors.py
[2024-06-27T21:41:45.298+0000] {processor.py:840} INFO - DAG(s) 'example_sensors' retrieved from /home/ubuntu/venv/lib/python3.12/site-packages/airflow/example_dags/example_sensors.py
[2024-06-27T21:41:45.320+0000] {logging_mixin.py:188} INFO - [2024-06-27T21:41:45.320+0000] {dag.py:3096} INFO - Sync 1 DAGs
[2024-06-27T21:41:45.333+0000] {logging_mixin.py:188} INFO - [2024-06-27T21:41:45.333+0000] {dag.py:3954} INFO - Setting next_dagrun for example_sensors to None, run_after=None
[2024-06-27T21:41:45.471+0000] {processor.py:183} INFO - Processing /home/ubuntu/venv/lib/python3.12/site-packages/airflow/example_dags/example_sensors.py took 0.191 seconds
[2024-06-27T21:42:29.478+0000] {processor.py:161} INFO - Started process (PID=4719) to work on /home/ubuntu/venv/lib/python3.12/site-packages/airflow/example_dags/example_sensors.py
[2024-06-27T21:42:29.480+0000] {processor.py:830} INFO - Processing file /home/ubuntu/venv/lib/python3.12/site-packages/airflow/example_dags/example_sensors.py for tasks to queue
[2024-06-27T21:42:29.481+0000] {logging_mixin.py:188} INFO - [2024-06-27T21:42:29.480+0000] {dagbag.py:545} INFO - Filling up the DagBag from /home/ubuntu/venv/lib/python3.12/site-packages/airflow/example_dags/example_sensors.py
[2024-06-27T21:42:29.491+0000] {processor.py:840} INFO - DAG(s) 'example_sensors' retrieved from /home/ubuntu/venv/lib/python3.12/site-packages/airflow/example_dags/example_sensors.py
[2024-06-27T21:42:29.514+0000] {logging_mixin.py:188} INFO - [2024-06-27T21:42:29.513+0000] {dag.py:3096} INFO - Sync 1 DAGs
[2024-06-27T21:42:29.526+0000] {logging_mixin.py:188} INFO - [2024-06-27T21:42:29.526+0000] {dag.py:3954} INFO - Setting next_dagrun for example_sensors to None, run_after=None
[2024-06-27T21:42:29.549+0000] {processor.py:183} INFO - Processing /home/ubuntu/venv/lib/python3.12/site-packages/airflow/example_dags/example_sensors.py took 0.077 seconds
[2024-06-27T21:43:14.176+0000] {processor.py:161} INFO - Started process (PID=4762) to work on /home/ubuntu/venv/lib/python3.12/site-packages/airflow/example_dags/example_sensors.py
[2024-06-27T21:43:14.177+0000] {processor.py:830} INFO - Processing file /home/ubuntu/venv/lib/python3.12/site-packages/airflow/example_dags/example_sensors.py for tasks to queue
[2024-06-27T21:43:14.178+0000] {logging_mixin.py:188} INFO - [2024-06-27T21:43:14.178+0000] {dagbag.py:545} INFO - Filling up the DagBag from /home/ubuntu/venv/lib/python3.12/site-packages/airflow/example_dags/example_sensors.py
[2024-06-27T21:43:14.189+0000] {processor.py:840} INFO - DAG(s) 'example_sensors' retrieved from /home/ubuntu/venv/lib/python3.12/site-packages/airflow/example_dags/example_sensors.py
[2024-06-27T21:43:14.211+0000] {logging_mixin.py:188} INFO - [2024-06-27T21:43:14.211+0000] {dag.py:3096} INFO - Sync 1 DAGs
[2024-06-27T21:43:14.224+0000] {logging_mixin.py:188} INFO - [2024-06-27T21:43:14.224+0000] {dag.py:3954} INFO - Setting next_dagrun for example_sensors to None, run_after=None
[2024-06-27T21:43:14.362+0000] {processor.py:183} INFO - Processing /home/ubuntu/venv/lib/python3.12/site-packages/airflow/example_dags/example_sensors.py took 0.192 seconds
[2024-06-27T21:43:59.329+0000] {processor.py:161} INFO - Started process (PID=4809) to work on /home/ubuntu/venv/lib/python3.12/site-packages/airflow/example_dags/example_sensors.py
[2024-06-27T21:43:59.330+0000] {processor.py:830} INFO - Processing file /home/ubuntu/venv/lib/python3.12/site-packages/airflow/example_dags/example_sensors.py for tasks to queue
[2024-06-27T21:43:59.331+0000] {logging_mixin.py:188} INFO - [2024-06-27T21:43:59.331+0000] {dagbag.py:545} INFO - Filling up the DagBag from /home/ubuntu/venv/lib/python3.12/site-packages/airflow/example_dags/example_sensors.py
[2024-06-27T21:43:59.342+0000] {processor.py:840} INFO - DAG(s) 'example_sensors' retrieved from /home/ubuntu/venv/lib/python3.12/site-packages/airflow/example_dags/example_sensors.py
[2024-06-27T21:43:59.365+0000] {logging_mixin.py:188} INFO - [2024-06-27T21:43:59.365+0000] {dag.py:3096} INFO - Sync 1 DAGs
[2024-06-27T21:43:59.378+0000] {logging_mixin.py:188} INFO - [2024-06-27T21:43:59.377+0000] {dag.py:3954} INFO - Setting next_dagrun for example_sensors to None, run_after=None
[2024-06-27T21:43:59.401+0000] {processor.py:183} INFO - Processing /home/ubuntu/venv/lib/python3.12/site-packages/airflow/example_dags/example_sensors.py took 0.078 seconds
[2024-06-27T21:44:43.591+0000] {processor.py:161} INFO - Started process (PID=4898) to work on /home/ubuntu/venv/lib/python3.12/site-packages/airflow/example_dags/example_sensors.py
[2024-06-27T21:44:43.592+0000] {processor.py:830} INFO - Processing file /home/ubuntu/venv/lib/python3.12/site-packages/airflow/example_dags/example_sensors.py for tasks to queue
[2024-06-27T21:44:43.593+0000] {logging_mixin.py:188} INFO - [2024-06-27T21:44:43.593+0000] {dagbag.py:545} INFO - Filling up the DagBag from /home/ubuntu/venv/lib/python3.12/site-packages/airflow/example_dags/example_sensors.py
[2024-06-27T21:44:43.604+0000] {processor.py:840} INFO - DAG(s) 'example_sensors' retrieved from /home/ubuntu/venv/lib/python3.12/site-packages/airflow/example_dags/example_sensors.py
[2024-06-27T21:44:43.627+0000] {logging_mixin.py:188} INFO - [2024-06-27T21:44:43.627+0000] {dag.py:3096} INFO - Sync 1 DAGs
[2024-06-27T21:44:43.760+0000] {logging_mixin.py:188} INFO - [2024-06-27T21:44:43.759+0000] {dag.py:3954} INFO - Setting next_dagrun for example_sensors to None, run_after=None
[2024-06-27T21:44:43.781+0000] {processor.py:183} INFO - Processing /home/ubuntu/venv/lib/python3.12/site-packages/airflow/example_dags/example_sensors.py took 0.196 seconds
[2024-06-27T21:45:27.538+0000] {processor.py:161} INFO - Started process (PID=4948) to work on /home/ubuntu/venv/lib/python3.12/site-packages/airflow/example_dags/example_sensors.py
[2024-06-27T21:45:27.540+0000] {processor.py:830} INFO - Processing file /home/ubuntu/venv/lib/python3.12/site-packages/airflow/example_dags/example_sensors.py for tasks to queue
[2024-06-27T21:45:27.541+0000] {logging_mixin.py:188} INFO - [2024-06-27T21:45:27.540+0000] {dagbag.py:545} INFO - Filling up the DagBag from /home/ubuntu/venv/lib/python3.12/site-packages/airflow/example_dags/example_sensors.py
[2024-06-27T21:45:27.551+0000] {processor.py:840} INFO - DAG(s) 'example_sensors' retrieved from /home/ubuntu/venv/lib/python3.12/site-packages/airflow/example_dags/example_sensors.py
[2024-06-27T21:45:27.573+0000] {logging_mixin.py:188} INFO - [2024-06-27T21:45:27.572+0000] {dag.py:3096} INFO - Sync 1 DAGs
[2024-06-27T21:45:27.585+0000] {logging_mixin.py:188} INFO - [2024-06-27T21:45:27.584+0000] {dag.py:3954} INFO - Setting next_dagrun for example_sensors to None, run_after=None
[2024-06-27T21:45:27.607+0000] {processor.py:183} INFO - Processing /home/ubuntu/venv/lib/python3.12/site-packages/airflow/example_dags/example_sensors.py took 0.075 seconds
[2024-06-27T21:46:16.254+0000] {processor.py:161} INFO - Started process (PID=4992) to work on /home/ubuntu/venv/lib/python3.12/site-packages/airflow/example_dags/example_sensors.py
[2024-06-27T21:46:16.256+0000] {processor.py:830} INFO - Processing file /home/ubuntu/venv/lib/python3.12/site-packages/airflow/example_dags/example_sensors.py for tasks to queue
[2024-06-27T21:46:16.257+0000] {logging_mixin.py:188} INFO - [2024-06-27T21:46:16.256+0000] {dagbag.py:545} INFO - Filling up the DagBag from /home/ubuntu/venv/lib/python3.12/site-packages/airflow/example_dags/example_sensors.py
[2024-06-27T21:46:16.268+0000] {processor.py:840} INFO - DAG(s) 'example_sensors' retrieved from /home/ubuntu/venv/lib/python3.12/site-packages/airflow/example_dags/example_sensors.py
[2024-06-27T21:46:16.291+0000] {logging_mixin.py:188} INFO - [2024-06-27T21:46:16.291+0000] {dag.py:3096} INFO - Sync 1 DAGs
[2024-06-27T21:46:16.304+0000] {logging_mixin.py:188} INFO - [2024-06-27T21:46:16.303+0000] {dag.py:3954} INFO - Setting next_dagrun for example_sensors to None, run_after=None
[2024-06-27T21:46:16.327+0000] {processor.py:183} INFO - Processing /home/ubuntu/venv/lib/python3.12/site-packages/airflow/example_dags/example_sensors.py took 0.079 seconds
[2024-06-27T21:47:07.590+0000] {processor.py:161} INFO - Started process (PID=5042) to work on /home/ubuntu/venv/lib/python3.12/site-packages/airflow/example_dags/example_sensors.py
[2024-06-27T21:47:07.594+0000] {processor.py:830} INFO - Processing file /home/ubuntu/venv/lib/python3.12/site-packages/airflow/example_dags/example_sensors.py for tasks to queue
[2024-06-27T21:47:07.595+0000] {logging_mixin.py:188} INFO - [2024-06-27T21:47:07.594+0000] {dagbag.py:545} INFO - Filling up the DagBag from /home/ubuntu/venv/lib/python3.12/site-packages/airflow/example_dags/example_sensors.py
[2024-06-27T21:47:07.612+0000] {processor.py:840} INFO - DAG(s) 'example_sensors' retrieved from /home/ubuntu/venv/lib/python3.12/site-packages/airflow/example_dags/example_sensors.py
[2024-06-27T21:47:07.649+0000] {logging_mixin.py:188} INFO - [2024-06-27T21:47:07.648+0000] {dag.py:3096} INFO - Sync 1 DAGs
[2024-06-27T21:47:07.665+0000] {logging_mixin.py:188} INFO - [2024-06-27T21:47:07.665+0000] {dag.py:3954} INFO - Setting next_dagrun for example_sensors to None, run_after=None
[2024-06-27T21:47:07.688+0000] {processor.py:183} INFO - Processing /home/ubuntu/venv/lib/python3.12/site-packages/airflow/example_dags/example_sensors.py took 0.108 seconds
[2024-06-27T21:47:53.978+0000] {processor.py:161} INFO - Started process (PID=5147) to work on /home/ubuntu/venv/lib/python3.12/site-packages/airflow/example_dags/example_sensors.py
[2024-06-27T21:47:53.980+0000] {processor.py:830} INFO - Processing file /home/ubuntu/venv/lib/python3.12/site-packages/airflow/example_dags/example_sensors.py for tasks to queue
[2024-06-27T21:47:53.981+0000] {logging_mixin.py:188} INFO - [2024-06-27T21:47:53.981+0000] {dagbag.py:545} INFO - Filling up the DagBag from /home/ubuntu/venv/lib/python3.12/site-packages/airflow/example_dags/example_sensors.py
[2024-06-27T21:47:53.992+0000] {processor.py:840} INFO - DAG(s) 'example_sensors' retrieved from /home/ubuntu/venv/lib/python3.12/site-packages/airflow/example_dags/example_sensors.py
[2024-06-27T21:47:54.016+0000] {logging_mixin.py:188} INFO - [2024-06-27T21:47:54.016+0000] {dag.py:3096} INFO - Sync 1 DAGs
[2024-06-27T21:47:54.029+0000] {logging_mixin.py:188} INFO - [2024-06-27T21:47:54.029+0000] {dag.py:3954} INFO - Setting next_dagrun for example_sensors to None, run_after=None
[2024-06-27T21:47:54.054+0000] {processor.py:183} INFO - Processing /home/ubuntu/venv/lib/python3.12/site-packages/airflow/example_dags/example_sensors.py took 0.082 seconds
[2024-06-27T21:48:38.087+0000] {processor.py:161} INFO - Started process (PID=5262) to work on /home/ubuntu/venv/lib/python3.12/site-packages/airflow/example_dags/example_sensors.py
[2024-06-27T21:48:38.089+0000] {processor.py:830} INFO - Processing file /home/ubuntu/venv/lib/python3.12/site-packages/airflow/example_dags/example_sensors.py for tasks to queue
[2024-06-27T21:48:38.090+0000] {logging_mixin.py:188} INFO - [2024-06-27T21:48:38.089+0000] {dagbag.py:545} INFO - Filling up the DagBag from /home/ubuntu/venv/lib/python3.12/site-packages/airflow/example_dags/example_sensors.py
[2024-06-27T21:48:38.101+0000] {processor.py:840} INFO - DAG(s) 'example_sensors' retrieved from /home/ubuntu/venv/lib/python3.12/site-packages/airflow/example_dags/example_sensors.py
[2024-06-27T21:48:38.123+0000] {logging_mixin.py:188} INFO - [2024-06-27T21:48:38.123+0000] {dag.py:3096} INFO - Sync 1 DAGs
[2024-06-27T21:48:38.136+0000] {logging_mixin.py:188} INFO - [2024-06-27T21:48:38.136+0000] {dag.py:3954} INFO - Setting next_dagrun for example_sensors to None, run_after=None
[2024-06-27T21:48:38.159+0000] {processor.py:183} INFO - Processing /home/ubuntu/venv/lib/python3.12/site-packages/airflow/example_dags/example_sensors.py took 0.079 seconds
[2024-06-27T21:49:20.818+0000] {processor.py:161} INFO - Started process (PID=5306) to work on /home/ubuntu/venv/lib/python3.12/site-packages/airflow/example_dags/example_sensors.py
[2024-06-27T21:49:20.819+0000] {processor.py:830} INFO - Processing file /home/ubuntu/venv/lib/python3.12/site-packages/airflow/example_dags/example_sensors.py for tasks to queue
[2024-06-27T21:49:20.820+0000] {logging_mixin.py:188} INFO - [2024-06-27T21:49:20.820+0000] {dagbag.py:545} INFO - Filling up the DagBag from /home/ubuntu/venv/lib/python3.12/site-packages/airflow/example_dags/example_sensors.py
[2024-06-27T21:49:20.831+0000] {processor.py:840} INFO - DAG(s) 'example_sensors' retrieved from /home/ubuntu/venv/lib/python3.12/site-packages/airflow/example_dags/example_sensors.py
[2024-06-27T21:49:20.861+0000] {logging_mixin.py:188} INFO - [2024-06-27T21:49:20.860+0000] {dag.py:3096} INFO - Sync 1 DAGs
[2024-06-27T21:49:20.881+0000] {logging_mixin.py:188} INFO - [2024-06-27T21:49:20.880+0000] {dag.py:3954} INFO - Setting next_dagrun for example_sensors to None, run_after=None
[2024-06-27T21:49:20.925+0000] {processor.py:183} INFO - Processing /home/ubuntu/venv/lib/python3.12/site-packages/airflow/example_dags/example_sensors.py took 0.114 seconds
