[2024-06-27T21:20:04.424+0000] {processor.py:161} INFO - Started process (PID=2966) to work on /home/ubuntu/venv/lib/python3.12/site-packages/airflow/example_dags/example_latest_only_with_trigger.py
[2024-06-27T21:20:04.425+0000] {processor.py:830} INFO - Processing file /home/ubuntu/venv/lib/python3.12/site-packages/airflow/example_dags/example_latest_only_with_trigger.py for tasks to queue
[2024-06-27T21:20:04.427+0000] {logging_mixin.py:188} INFO - [2024-06-27T21:20:04.426+0000] {dagbag.py:545} INFO - Filling up the DagBag from /home/ubuntu/venv/lib/python3.12/site-packages/airflow/example_dags/example_latest_only_with_trigger.py
[2024-06-27T21:20:04.432+0000] {processor.py:840} INFO - DAG(s) 'latest_only_with_trigger' retrieved from /home/ubuntu/venv/lib/python3.12/site-packages/airflow/example_dags/example_latest_only_with_trigger.py
[2024-06-27T21:20:04.551+0000] {logging_mixin.py:188} INFO - [2024-06-27T21:20:04.551+0000] {override.py:1847} INFO - Created Permission View: can read on DAG:latest_only_with_trigger
[2024-06-27T21:20:04.565+0000] {logging_mixin.py:188} INFO - [2024-06-27T21:20:04.565+0000] {override.py:1847} INFO - Created Permission View: can delete on DAG:latest_only_with_trigger
[2024-06-27T21:20:04.576+0000] {logging_mixin.py:188} INFO - [2024-06-27T21:20:04.576+0000] {override.py:1847} INFO - Created Permission View: can edit on DAG:latest_only_with_trigger
[2024-06-27T21:20:04.577+0000] {logging_mixin.py:188} INFO - [2024-06-27T21:20:04.576+0000] {dag.py:3096} INFO - Sync 1 DAGs
[2024-06-27T21:20:04.588+0000] {logging_mixin.py:188} INFO - [2024-06-27T21:20:04.587+0000] {dag.py:3118} INFO - Creating ORM DAG for latest_only_with_trigger
[2024-06-27T21:20:04.597+0000] {logging_mixin.py:188} INFO - [2024-06-27T21:20:04.597+0000] {dag.py:3954} INFO - Setting next_dagrun for latest_only_with_trigger to 2024-06-27 16:00:00+00:00, run_after=2024-06-27 20:00:00+00:00
[2024-06-27T21:20:04.621+0000] {processor.py:183} INFO - Processing /home/ubuntu/venv/lib/python3.12/site-packages/airflow/example_dags/example_latest_only_with_trigger.py took 0.203 seconds
[2024-06-27T21:20:57.915+0000] {processor.py:161} INFO - Started process (PID=3303) to work on /home/ubuntu/venv/lib/python3.12/site-packages/airflow/example_dags/example_latest_only_with_trigger.py
[2024-06-27T21:20:57.916+0000] {processor.py:830} INFO - Processing file /home/ubuntu/venv/lib/python3.12/site-packages/airflow/example_dags/example_latest_only_with_trigger.py for tasks to queue
[2024-06-27T21:20:57.918+0000] {logging_mixin.py:188} INFO - [2024-06-27T21:20:57.917+0000] {dagbag.py:545} INFO - Filling up the DagBag from /home/ubuntu/venv/lib/python3.12/site-packages/airflow/example_dags/example_latest_only_with_trigger.py
[2024-06-27T21:20:57.924+0000] {processor.py:840} INFO - DAG(s) 'latest_only_with_trigger' retrieved from /home/ubuntu/venv/lib/python3.12/site-packages/airflow/example_dags/example_latest_only_with_trigger.py
[2024-06-27T21:20:57.941+0000] {logging_mixin.py:188} INFO - [2024-06-27T21:20:57.941+0000] {dag.py:3096} INFO - Sync 1 DAGs
[2024-06-27T21:20:57.962+0000] {logging_mixin.py:188} INFO - [2024-06-27T21:20:57.962+0000] {dag.py:3954} INFO - Setting next_dagrun for latest_only_with_trigger to 2024-06-27 16:00:00+00:00, run_after=2024-06-27 20:00:00+00:00
[2024-06-27T21:20:57.986+0000] {processor.py:183} INFO - Processing /home/ubuntu/venv/lib/python3.12/site-packages/airflow/example_dags/example_latest_only_with_trigger.py took 0.077 seconds
[2024-06-27T21:21:47.812+0000] {processor.py:161} INFO - Started process (PID=3356) to work on /home/ubuntu/venv/lib/python3.12/site-packages/airflow/example_dags/example_latest_only_with_trigger.py
[2024-06-27T21:21:47.814+0000] {processor.py:830} INFO - Processing file /home/ubuntu/venv/lib/python3.12/site-packages/airflow/example_dags/example_latest_only_with_trigger.py for tasks to queue
[2024-06-27T21:21:47.816+0000] {logging_mixin.py:188} INFO - [2024-06-27T21:21:47.815+0000] {dagbag.py:545} INFO - Filling up the DagBag from /home/ubuntu/venv/lib/python3.12/site-packages/airflow/example_dags/example_latest_only_with_trigger.py
[2024-06-27T21:21:47.822+0000] {processor.py:840} INFO - DAG(s) 'latest_only_with_trigger' retrieved from /home/ubuntu/venv/lib/python3.12/site-packages/airflow/example_dags/example_latest_only_with_trigger.py
[2024-06-27T21:21:47.840+0000] {logging_mixin.py:188} INFO - [2024-06-27T21:21:47.840+0000] {dag.py:3096} INFO - Sync 1 DAGs
[2024-06-27T21:21:47.861+0000] {logging_mixin.py:188} INFO - [2024-06-27T21:21:47.861+0000] {dag.py:3954} INFO - Setting next_dagrun for latest_only_with_trigger to 2024-06-27 16:00:00+00:00, run_after=2024-06-27 20:00:00+00:00
[2024-06-27T21:21:47.895+0000] {processor.py:183} INFO - Processing /home/ubuntu/venv/lib/python3.12/site-packages/airflow/example_dags/example_latest_only_with_trigger.py took 0.089 seconds
[2024-06-27T21:22:47.314+0000] {processor.py:161} INFO - Started process (PID=3432) to work on /home/ubuntu/venv/lib/python3.12/site-packages/airflow/example_dags/example_latest_only_with_trigger.py
[2024-06-27T21:22:47.315+0000] {processor.py:830} INFO - Processing file /home/ubuntu/venv/lib/python3.12/site-packages/airflow/example_dags/example_latest_only_with_trigger.py for tasks to queue
[2024-06-27T21:22:47.317+0000] {logging_mixin.py:188} INFO - [2024-06-27T21:22:47.316+0000] {dagbag.py:545} INFO - Filling up the DagBag from /home/ubuntu/venv/lib/python3.12/site-packages/airflow/example_dags/example_latest_only_with_trigger.py
[2024-06-27T21:22:47.322+0000] {processor.py:840} INFO - DAG(s) 'latest_only_with_trigger' retrieved from /home/ubuntu/venv/lib/python3.12/site-packages/airflow/example_dags/example_latest_only_with_trigger.py
[2024-06-27T21:22:47.340+0000] {logging_mixin.py:188} INFO - [2024-06-27T21:22:47.340+0000] {dag.py:3096} INFO - Sync 1 DAGs
[2024-06-27T21:22:47.360+0000] {logging_mixin.py:188} INFO - [2024-06-27T21:22:47.360+0000] {dag.py:3954} INFO - Setting next_dagrun for latest_only_with_trigger to 2024-06-27 16:00:00+00:00, run_after=2024-06-27 20:00:00+00:00
[2024-06-27T21:22:47.383+0000] {processor.py:183} INFO - Processing /home/ubuntu/venv/lib/python3.12/site-packages/airflow/example_dags/example_latest_only_with_trigger.py took 0.075 seconds
[2024-06-27T21:23:45.250+0000] {processor.py:161} INFO - Started process (PID=3496) to work on /home/ubuntu/venv/lib/python3.12/site-packages/airflow/example_dags/example_latest_only_with_trigger.py
[2024-06-27T21:23:45.252+0000] {processor.py:830} INFO - Processing file /home/ubuntu/venv/lib/python3.12/site-packages/airflow/example_dags/example_latest_only_with_trigger.py for tasks to queue
[2024-06-27T21:23:45.253+0000] {logging_mixin.py:188} INFO - [2024-06-27T21:23:45.253+0000] {dagbag.py:545} INFO - Filling up the DagBag from /home/ubuntu/venv/lib/python3.12/site-packages/airflow/example_dags/example_latest_only_with_trigger.py
[2024-06-27T21:23:45.259+0000] {processor.py:840} INFO - DAG(s) 'latest_only_with_trigger' retrieved from /home/ubuntu/venv/lib/python3.12/site-packages/airflow/example_dags/example_latest_only_with_trigger.py
[2024-06-27T21:23:45.276+0000] {logging_mixin.py:188} INFO - [2024-06-27T21:23:45.276+0000] {dag.py:3096} INFO - Sync 1 DAGs
[2024-06-27T21:23:45.297+0000] {logging_mixin.py:188} INFO - [2024-06-27T21:23:45.296+0000] {dag.py:3954} INFO - Setting next_dagrun for latest_only_with_trigger to 2024-06-27 16:00:00+00:00, run_after=2024-06-27 20:00:00+00:00
[2024-06-27T21:23:45.318+0000] {processor.py:183} INFO - Processing /home/ubuntu/venv/lib/python3.12/site-packages/airflow/example_dags/example_latest_only_with_trigger.py took 0.074 seconds
[2024-06-27T21:24:44.695+0000] {processor.py:161} INFO - Started process (PID=3559) to work on /home/ubuntu/venv/lib/python3.12/site-packages/airflow/example_dags/example_latest_only_with_trigger.py
[2024-06-27T21:24:44.696+0000] {processor.py:830} INFO - Processing file /home/ubuntu/venv/lib/python3.12/site-packages/airflow/example_dags/example_latest_only_with_trigger.py for tasks to queue
[2024-06-27T21:24:44.697+0000] {logging_mixin.py:188} INFO - [2024-06-27T21:24:44.697+0000] {dagbag.py:545} INFO - Filling up the DagBag from /home/ubuntu/venv/lib/python3.12/site-packages/airflow/example_dags/example_latest_only_with_trigger.py
[2024-06-27T21:24:44.704+0000] {processor.py:840} INFO - DAG(s) 'latest_only_with_trigger' retrieved from /home/ubuntu/venv/lib/python3.12/site-packages/airflow/example_dags/example_latest_only_with_trigger.py
[2024-06-27T21:24:44.721+0000] {logging_mixin.py:188} INFO - [2024-06-27T21:24:44.721+0000] {dag.py:3096} INFO - Sync 1 DAGs
[2024-06-27T21:24:44.741+0000] {logging_mixin.py:188} INFO - [2024-06-27T21:24:44.741+0000] {dag.py:3954} INFO - Setting next_dagrun for latest_only_with_trigger to 2024-06-27 16:00:00+00:00, run_after=2024-06-27 20:00:00+00:00
[2024-06-27T21:24:44.764+0000] {processor.py:183} INFO - Processing /home/ubuntu/venv/lib/python3.12/site-packages/airflow/example_dags/example_latest_only_with_trigger.py took 0.074 seconds
[2024-06-27T21:25:48.539+0000] {processor.py:161} INFO - Started process (PID=3632) to work on /home/ubuntu/venv/lib/python3.12/site-packages/airflow/example_dags/example_latest_only_with_trigger.py
[2024-06-27T21:25:48.541+0000] {processor.py:830} INFO - Processing file /home/ubuntu/venv/lib/python3.12/site-packages/airflow/example_dags/example_latest_only_with_trigger.py for tasks to queue
[2024-06-27T21:25:48.542+0000] {logging_mixin.py:188} INFO - [2024-06-27T21:25:48.541+0000] {dagbag.py:545} INFO - Filling up the DagBag from /home/ubuntu/venv/lib/python3.12/site-packages/airflow/example_dags/example_latest_only_with_trigger.py
[2024-06-27T21:25:48.548+0000] {processor.py:840} INFO - DAG(s) 'latest_only_with_trigger' retrieved from /home/ubuntu/venv/lib/python3.12/site-packages/airflow/example_dags/example_latest_only_with_trigger.py
[2024-06-27T21:25:48.567+0000] {logging_mixin.py:188} INFO - [2024-06-27T21:25:48.566+0000] {dag.py:3096} INFO - Sync 1 DAGs
[2024-06-27T21:25:48.587+0000] {logging_mixin.py:188} INFO - [2024-06-27T21:25:48.587+0000] {dag.py:3954} INFO - Setting next_dagrun for latest_only_with_trigger to 2024-06-27 16:00:00+00:00, run_after=2024-06-27 20:00:00+00:00
[2024-06-27T21:25:48.610+0000] {processor.py:183} INFO - Processing /home/ubuntu/venv/lib/python3.12/site-packages/airflow/example_dags/example_latest_only_with_trigger.py took 0.077 seconds
[2024-06-27T21:26:54.457+0000] {processor.py:161} INFO - Started process (PID=3699) to work on /home/ubuntu/venv/lib/python3.12/site-packages/airflow/example_dags/example_latest_only_with_trigger.py
[2024-06-27T21:26:54.458+0000] {processor.py:830} INFO - Processing file /home/ubuntu/venv/lib/python3.12/site-packages/airflow/example_dags/example_latest_only_with_trigger.py for tasks to queue
[2024-06-27T21:26:54.459+0000] {logging_mixin.py:188} INFO - [2024-06-27T21:26:54.459+0000] {dagbag.py:545} INFO - Filling up the DagBag from /home/ubuntu/venv/lib/python3.12/site-packages/airflow/example_dags/example_latest_only_with_trigger.py
[2024-06-27T21:26:54.466+0000] {processor.py:840} INFO - DAG(s) 'latest_only_with_trigger' retrieved from /home/ubuntu/venv/lib/python3.12/site-packages/airflow/example_dags/example_latest_only_with_trigger.py
[2024-06-27T21:26:54.483+0000] {logging_mixin.py:188} INFO - [2024-06-27T21:26:54.483+0000] {dag.py:3096} INFO - Sync 1 DAGs
[2024-06-27T21:26:54.503+0000] {logging_mixin.py:188} INFO - [2024-06-27T21:26:54.503+0000] {dag.py:3954} INFO - Setting next_dagrun for latest_only_with_trigger to 2024-06-27 16:00:00+00:00, run_after=2024-06-27 20:00:00+00:00
[2024-06-27T21:26:54.531+0000] {processor.py:183} INFO - Processing /home/ubuntu/venv/lib/python3.12/site-packages/airflow/example_dags/example_latest_only_with_trigger.py took 0.081 seconds
[2024-06-27T21:27:56.070+0000] {processor.py:161} INFO - Started process (PID=3763) to work on /home/ubuntu/venv/lib/python3.12/site-packages/airflow/example_dags/example_latest_only_with_trigger.py
[2024-06-27T21:27:56.071+0000] {processor.py:830} INFO - Processing file /home/ubuntu/venv/lib/python3.12/site-packages/airflow/example_dags/example_latest_only_with_trigger.py for tasks to queue
[2024-06-27T21:27:56.072+0000] {logging_mixin.py:188} INFO - [2024-06-27T21:27:56.072+0000] {dagbag.py:545} INFO - Filling up the DagBag from /home/ubuntu/venv/lib/python3.12/site-packages/airflow/example_dags/example_latest_only_with_trigger.py
[2024-06-27T21:27:56.079+0000] {processor.py:840} INFO - DAG(s) 'latest_only_with_trigger' retrieved from /home/ubuntu/venv/lib/python3.12/site-packages/airflow/example_dags/example_latest_only_with_trigger.py
[2024-06-27T21:27:56.096+0000] {logging_mixin.py:188} INFO - [2024-06-27T21:27:56.096+0000] {dag.py:3096} INFO - Sync 1 DAGs
[2024-06-27T21:27:56.116+0000] {logging_mixin.py:188} INFO - [2024-06-27T21:27:56.116+0000] {dag.py:3954} INFO - Setting next_dagrun for latest_only_with_trigger to 2024-06-27 16:00:00+00:00, run_after=2024-06-27 20:00:00+00:00
[2024-06-27T21:27:56.140+0000] {processor.py:183} INFO - Processing /home/ubuntu/venv/lib/python3.12/site-packages/airflow/example_dags/example_latest_only_with_trigger.py took 0.076 seconds
[2024-06-27T21:29:04.449+0000] {processor.py:161} INFO - Started process (PID=3854) to work on /home/ubuntu/venv/lib/python3.12/site-packages/airflow/example_dags/example_latest_only_with_trigger.py
[2024-06-27T21:29:04.452+0000] {processor.py:830} INFO - Processing file /home/ubuntu/venv/lib/python3.12/site-packages/airflow/example_dags/example_latest_only_with_trigger.py for tasks to queue
[2024-06-27T21:29:04.453+0000] {logging_mixin.py:188} INFO - [2024-06-27T21:29:04.452+0000] {dagbag.py:545} INFO - Filling up the DagBag from /home/ubuntu/venv/lib/python3.12/site-packages/airflow/example_dags/example_latest_only_with_trigger.py
[2024-06-27T21:29:04.459+0000] {processor.py:840} INFO - DAG(s) 'latest_only_with_trigger' retrieved from /home/ubuntu/venv/lib/python3.12/site-packages/airflow/example_dags/example_latest_only_with_trigger.py
[2024-06-27T21:29:04.477+0000] {logging_mixin.py:188} INFO - [2024-06-27T21:29:04.477+0000] {dag.py:3096} INFO - Sync 1 DAGs
[2024-06-27T21:29:04.497+0000] {logging_mixin.py:188} INFO - [2024-06-27T21:29:04.497+0000] {dag.py:3954} INFO - Setting next_dagrun for latest_only_with_trigger to 2024-06-27 16:00:00+00:00, run_after=2024-06-27 20:00:00+00:00
[2024-06-27T21:29:04.521+0000] {processor.py:183} INFO - Processing /home/ubuntu/venv/lib/python3.12/site-packages/airflow/example_dags/example_latest_only_with_trigger.py took 0.077 seconds
[2024-06-27T21:29:53.786+0000] {processor.py:161} INFO - Started process (PID=3907) to work on /home/ubuntu/venv/lib/python3.12/site-packages/airflow/example_dags/example_latest_only_with_trigger.py
[2024-06-27T21:29:53.787+0000] {processor.py:830} INFO - Processing file /home/ubuntu/venv/lib/python3.12/site-packages/airflow/example_dags/example_latest_only_with_trigger.py for tasks to queue
[2024-06-27T21:29:53.788+0000] {logging_mixin.py:188} INFO - [2024-06-27T21:29:53.787+0000] {dagbag.py:545} INFO - Filling up the DagBag from /home/ubuntu/venv/lib/python3.12/site-packages/airflow/example_dags/example_latest_only_with_trigger.py
[2024-06-27T21:29:53.794+0000] {processor.py:840} INFO - DAG(s) 'latest_only_with_trigger' retrieved from /home/ubuntu/venv/lib/python3.12/site-packages/airflow/example_dags/example_latest_only_with_trigger.py
[2024-06-27T21:29:53.811+0000] {logging_mixin.py:188} INFO - [2024-06-27T21:29:53.811+0000] {dag.py:3096} INFO - Sync 1 DAGs
[2024-06-27T21:29:53.831+0000] {logging_mixin.py:188} INFO - [2024-06-27T21:29:53.831+0000] {dag.py:3954} INFO - Setting next_dagrun for latest_only_with_trigger to 2024-06-27 16:00:00+00:00, run_after=2024-06-27 20:00:00+00:00
[2024-06-27T21:29:53.854+0000] {processor.py:183} INFO - Processing /home/ubuntu/venv/lib/python3.12/site-packages/airflow/example_dags/example_latest_only_with_trigger.py took 0.074 seconds
[2024-06-27T21:30:56.659+0000] {processor.py:161} INFO - Started process (PID=3983) to work on /home/ubuntu/venv/lib/python3.12/site-packages/airflow/example_dags/example_latest_only_with_trigger.py
[2024-06-27T21:30:56.660+0000] {processor.py:830} INFO - Processing file /home/ubuntu/venv/lib/python3.12/site-packages/airflow/example_dags/example_latest_only_with_trigger.py for tasks to queue
[2024-06-27T21:30:56.661+0000] {logging_mixin.py:188} INFO - [2024-06-27T21:30:56.661+0000] {dagbag.py:545} INFO - Filling up the DagBag from /home/ubuntu/venv/lib/python3.12/site-packages/airflow/example_dags/example_latest_only_with_trigger.py
[2024-06-27T21:30:56.668+0000] {processor.py:840} INFO - DAG(s) 'latest_only_with_trigger' retrieved from /home/ubuntu/venv/lib/python3.12/site-packages/airflow/example_dags/example_latest_only_with_trigger.py
[2024-06-27T21:30:56.686+0000] {logging_mixin.py:188} INFO - [2024-06-27T21:30:56.685+0000] {dag.py:3096} INFO - Sync 1 DAGs
[2024-06-27T21:30:56.706+0000] {logging_mixin.py:188} INFO - [2024-06-27T21:30:56.705+0000] {dag.py:3954} INFO - Setting next_dagrun for latest_only_with_trigger to 2024-06-27 16:00:00+00:00, run_after=2024-06-27 20:00:00+00:00
[2024-06-27T21:30:56.728+0000] {processor.py:183} INFO - Processing /home/ubuntu/venv/lib/python3.12/site-packages/airflow/example_dags/example_latest_only_with_trigger.py took 0.075 seconds
[2024-06-27T21:32:02.869+0000] {processor.py:161} INFO - Started process (PID=4049) to work on /home/ubuntu/venv/lib/python3.12/site-packages/airflow/example_dags/example_latest_only_with_trigger.py
[2024-06-27T21:32:02.870+0000] {processor.py:830} INFO - Processing file /home/ubuntu/venv/lib/python3.12/site-packages/airflow/example_dags/example_latest_only_with_trigger.py for tasks to queue
[2024-06-27T21:32:02.871+0000] {logging_mixin.py:188} INFO - [2024-06-27T21:32:02.871+0000] {dagbag.py:545} INFO - Filling up the DagBag from /home/ubuntu/venv/lib/python3.12/site-packages/airflow/example_dags/example_latest_only_with_trigger.py
[2024-06-27T21:32:02.878+0000] {processor.py:840} INFO - DAG(s) 'latest_only_with_trigger' retrieved from /home/ubuntu/venv/lib/python3.12/site-packages/airflow/example_dags/example_latest_only_with_trigger.py
[2024-06-27T21:32:02.895+0000] {logging_mixin.py:188} INFO - [2024-06-27T21:32:02.895+0000] {dag.py:3096} INFO - Sync 1 DAGs
[2024-06-27T21:32:02.915+0000] {logging_mixin.py:188} INFO - [2024-06-27T21:32:02.915+0000] {dag.py:3954} INFO - Setting next_dagrun for latest_only_with_trigger to 2024-06-27 16:00:00+00:00, run_after=2024-06-27 20:00:00+00:00
[2024-06-27T21:32:02.942+0000] {processor.py:183} INFO - Processing /home/ubuntu/venv/lib/python3.12/site-packages/airflow/example_dags/example_latest_only_with_trigger.py took 0.079 seconds
[2024-06-27T21:32:54.404+0000] {processor.py:161} INFO - Started process (PID=4110) to work on /home/ubuntu/venv/lib/python3.12/site-packages/airflow/example_dags/example_latest_only_with_trigger.py
[2024-06-27T21:32:54.405+0000] {processor.py:830} INFO - Processing file /home/ubuntu/venv/lib/python3.12/site-packages/airflow/example_dags/example_latest_only_with_trigger.py for tasks to queue
[2024-06-27T21:32:54.406+0000] {logging_mixin.py:188} INFO - [2024-06-27T21:32:54.406+0000] {dagbag.py:545} INFO - Filling up the DagBag from /home/ubuntu/venv/lib/python3.12/site-packages/airflow/example_dags/example_latest_only_with_trigger.py
[2024-06-27T21:32:54.413+0000] {processor.py:840} INFO - DAG(s) 'latest_only_with_trigger' retrieved from /home/ubuntu/venv/lib/python3.12/site-packages/airflow/example_dags/example_latest_only_with_trigger.py
[2024-06-27T21:32:54.430+0000] {logging_mixin.py:188} INFO - [2024-06-27T21:32:54.430+0000] {dag.py:3096} INFO - Sync 1 DAGs
[2024-06-27T21:32:54.450+0000] {logging_mixin.py:188} INFO - [2024-06-27T21:32:54.450+0000] {dag.py:3954} INFO - Setting next_dagrun for latest_only_with_trigger to 2024-06-27 16:00:00+00:00, run_after=2024-06-27 20:00:00+00:00
[2024-06-27T21:32:54.474+0000] {processor.py:183} INFO - Processing /home/ubuntu/venv/lib/python3.12/site-packages/airflow/example_dags/example_latest_only_with_trigger.py took 0.076 seconds
[2024-06-27T21:33:46.918+0000] {processor.py:161} INFO - Started process (PID=4170) to work on /home/ubuntu/venv/lib/python3.12/site-packages/airflow/example_dags/example_latest_only_with_trigger.py
[2024-06-27T21:33:46.919+0000] {processor.py:830} INFO - Processing file /home/ubuntu/venv/lib/python3.12/site-packages/airflow/example_dags/example_latest_only_with_trigger.py for tasks to queue
[2024-06-27T21:33:46.920+0000] {logging_mixin.py:188} INFO - [2024-06-27T21:33:46.920+0000] {dagbag.py:545} INFO - Filling up the DagBag from /home/ubuntu/venv/lib/python3.12/site-packages/airflow/example_dags/example_latest_only_with_trigger.py
[2024-06-27T21:33:46.927+0000] {processor.py:840} INFO - DAG(s) 'latest_only_with_trigger' retrieved from /home/ubuntu/venv/lib/python3.12/site-packages/airflow/example_dags/example_latest_only_with_trigger.py
[2024-06-27T21:33:46.945+0000] {logging_mixin.py:188} INFO - [2024-06-27T21:33:46.945+0000] {dag.py:3096} INFO - Sync 1 DAGs
[2024-06-27T21:33:46.966+0000] {logging_mixin.py:188} INFO - [2024-06-27T21:33:46.966+0000] {dag.py:3954} INFO - Setting next_dagrun for latest_only_with_trigger to 2024-06-27 16:00:00+00:00, run_after=2024-06-27 20:00:00+00:00
[2024-06-27T21:33:46.993+0000] {processor.py:183} INFO - Processing /home/ubuntu/venv/lib/python3.12/site-packages/airflow/example_dags/example_latest_only_with_trigger.py took 0.081 seconds
[2024-06-27T21:34:50.230+0000] {processor.py:161} INFO - Started process (PID=4237) to work on /home/ubuntu/venv/lib/python3.12/site-packages/airflow/example_dags/example_latest_only_with_trigger.py
[2024-06-27T21:34:50.232+0000] {processor.py:830} INFO - Processing file /home/ubuntu/venv/lib/python3.12/site-packages/airflow/example_dags/example_latest_only_with_trigger.py for tasks to queue
[2024-06-27T21:34:50.233+0000] {logging_mixin.py:188} INFO - [2024-06-27T21:34:50.232+0000] {dagbag.py:545} INFO - Filling up the DagBag from /home/ubuntu/venv/lib/python3.12/site-packages/airflow/example_dags/example_latest_only_with_trigger.py
[2024-06-27T21:34:50.239+0000] {processor.py:840} INFO - DAG(s) 'latest_only_with_trigger' retrieved from /home/ubuntu/venv/lib/python3.12/site-packages/airflow/example_dags/example_latest_only_with_trigger.py
[2024-06-27T21:34:50.257+0000] {logging_mixin.py:188} INFO - [2024-06-27T21:34:50.256+0000] {dag.py:3096} INFO - Sync 1 DAGs
[2024-06-27T21:34:50.277+0000] {logging_mixin.py:188} INFO - [2024-06-27T21:34:50.277+0000] {dag.py:3954} INFO - Setting next_dagrun for latest_only_with_trigger to 2024-06-27 16:00:00+00:00, run_after=2024-06-27 20:00:00+00:00
[2024-06-27T21:34:50.299+0000] {processor.py:183} INFO - Processing /home/ubuntu/venv/lib/python3.12/site-packages/airflow/example_dags/example_latest_only_with_trigger.py took 0.075 seconds
[2024-06-27T21:35:54.427+0000] {processor.py:161} INFO - Started process (PID=4308) to work on /home/ubuntu/venv/lib/python3.12/site-packages/airflow/example_dags/example_latest_only_with_trigger.py
[2024-06-27T21:35:54.429+0000] {processor.py:830} INFO - Processing file /home/ubuntu/venv/lib/python3.12/site-packages/airflow/example_dags/example_latest_only_with_trigger.py for tasks to queue
[2024-06-27T21:35:54.430+0000] {logging_mixin.py:188} INFO - [2024-06-27T21:35:54.429+0000] {dagbag.py:545} INFO - Filling up the DagBag from /home/ubuntu/venv/lib/python3.12/site-packages/airflow/example_dags/example_latest_only_with_trigger.py
[2024-06-27T21:35:54.437+0000] {processor.py:840} INFO - DAG(s) 'latest_only_with_trigger' retrieved from /home/ubuntu/venv/lib/python3.12/site-packages/airflow/example_dags/example_latest_only_with_trigger.py
[2024-06-27T21:35:54.454+0000] {logging_mixin.py:188} INFO - [2024-06-27T21:35:54.454+0000] {dag.py:3096} INFO - Sync 1 DAGs
[2024-06-27T21:35:54.475+0000] {logging_mixin.py:188} INFO - [2024-06-27T21:35:54.475+0000] {dag.py:3954} INFO - Setting next_dagrun for latest_only_with_trigger to 2024-06-27 16:00:00+00:00, run_after=2024-06-27 20:00:00+00:00
[2024-06-27T21:35:54.499+0000] {processor.py:183} INFO - Processing /home/ubuntu/venv/lib/python3.12/site-packages/airflow/example_dags/example_latest_only_with_trigger.py took 0.078 seconds
[2024-06-27T21:36:59.082+0000] {processor.py:161} INFO - Started process (PID=4374) to work on /home/ubuntu/venv/lib/python3.12/site-packages/airflow/example_dags/example_latest_only_with_trigger.py
[2024-06-27T21:36:59.083+0000] {processor.py:830} INFO - Processing file /home/ubuntu/venv/lib/python3.12/site-packages/airflow/example_dags/example_latest_only_with_trigger.py for tasks to queue
[2024-06-27T21:36:59.084+0000] {logging_mixin.py:188} INFO - [2024-06-27T21:36:59.084+0000] {dagbag.py:545} INFO - Filling up the DagBag from /home/ubuntu/venv/lib/python3.12/site-packages/airflow/example_dags/example_latest_only_with_trigger.py
[2024-06-27T21:36:59.091+0000] {processor.py:840} INFO - DAG(s) 'latest_only_with_trigger' retrieved from /home/ubuntu/venv/lib/python3.12/site-packages/airflow/example_dags/example_latest_only_with_trigger.py
[2024-06-27T21:36:59.108+0000] {logging_mixin.py:188} INFO - [2024-06-27T21:36:59.108+0000] {dag.py:3096} INFO - Sync 1 DAGs
[2024-06-27T21:36:59.128+0000] {logging_mixin.py:188} INFO - [2024-06-27T21:36:59.127+0000] {dag.py:3954} INFO - Setting next_dagrun for latest_only_with_trigger to 2024-06-27 16:00:00+00:00, run_after=2024-06-27 20:00:00+00:00
[2024-06-27T21:36:59.151+0000] {processor.py:183} INFO - Processing /home/ubuntu/venv/lib/python3.12/site-packages/airflow/example_dags/example_latest_only_with_trigger.py took 0.075 seconds
[2024-06-27T21:38:12.106+0000] {processor.py:161} INFO - Started process (PID=4451) to work on /home/ubuntu/venv/lib/python3.12/site-packages/airflow/example_dags/example_latest_only_with_trigger.py
[2024-06-27T21:38:12.108+0000] {processor.py:830} INFO - Processing file /home/ubuntu/venv/lib/python3.12/site-packages/airflow/example_dags/example_latest_only_with_trigger.py for tasks to queue
[2024-06-27T21:38:12.109+0000] {logging_mixin.py:188} INFO - [2024-06-27T21:38:12.108+0000] {dagbag.py:545} INFO - Filling up the DagBag from /home/ubuntu/venv/lib/python3.12/site-packages/airflow/example_dags/example_latest_only_with_trigger.py
[2024-06-27T21:38:12.115+0000] {processor.py:840} INFO - DAG(s) 'latest_only_with_trigger' retrieved from /home/ubuntu/venv/lib/python3.12/site-packages/airflow/example_dags/example_latest_only_with_trigger.py
[2024-06-27T21:38:12.133+0000] {logging_mixin.py:188} INFO - [2024-06-27T21:38:12.133+0000] {dag.py:3096} INFO - Sync 1 DAGs
[2024-06-27T21:38:12.153+0000] {logging_mixin.py:188} INFO - [2024-06-27T21:38:12.152+0000] {dag.py:3954} INFO - Setting next_dagrun for latest_only_with_trigger to 2024-06-27 16:00:00+00:00, run_after=2024-06-27 20:00:00+00:00
[2024-06-27T21:38:12.175+0000] {processor.py:183} INFO - Processing /home/ubuntu/venv/lib/python3.12/site-packages/airflow/example_dags/example_latest_only_with_trigger.py took 0.074 seconds
[2024-06-27T21:39:18.720+0000] {processor.py:161} INFO - Started process (PID=4519) to work on /home/ubuntu/venv/lib/python3.12/site-packages/airflow/example_dags/example_latest_only_with_trigger.py
[2024-06-27T21:39:18.722+0000] {processor.py:830} INFO - Processing file /home/ubuntu/venv/lib/python3.12/site-packages/airflow/example_dags/example_latest_only_with_trigger.py for tasks to queue
[2024-06-27T21:39:18.723+0000] {logging_mixin.py:188} INFO - [2024-06-27T21:39:18.722+0000] {dagbag.py:545} INFO - Filling up the DagBag from /home/ubuntu/venv/lib/python3.12/site-packages/airflow/example_dags/example_latest_only_with_trigger.py
[2024-06-27T21:39:18.730+0000] {processor.py:840} INFO - DAG(s) 'latest_only_with_trigger' retrieved from /home/ubuntu/venv/lib/python3.12/site-packages/airflow/example_dags/example_latest_only_with_trigger.py
[2024-06-27T21:39:18.747+0000] {logging_mixin.py:188} INFO - [2024-06-27T21:39:18.747+0000] {dag.py:3096} INFO - Sync 1 DAGs
[2024-06-27T21:39:18.767+0000] {logging_mixin.py:188} INFO - [2024-06-27T21:39:18.767+0000] {dag.py:3954} INFO - Setting next_dagrun for latest_only_with_trigger to 2024-06-27 16:00:00+00:00, run_after=2024-06-27 20:00:00+00:00
[2024-06-27T21:39:18.789+0000] {processor.py:183} INFO - Processing /home/ubuntu/venv/lib/python3.12/site-packages/airflow/example_dags/example_latest_only_with_trigger.py took 0.075 seconds
[2024-06-27T21:40:20.296+0000] {processor.py:161} INFO - Started process (PID=4586) to work on /home/ubuntu/venv/lib/python3.12/site-packages/airflow/example_dags/example_latest_only_with_trigger.py
[2024-06-27T21:40:20.297+0000] {processor.py:830} INFO - Processing file /home/ubuntu/venv/lib/python3.12/site-packages/airflow/example_dags/example_latest_only_with_trigger.py for tasks to queue
[2024-06-27T21:40:20.298+0000] {logging_mixin.py:188} INFO - [2024-06-27T21:40:20.298+0000] {dagbag.py:545} INFO - Filling up the DagBag from /home/ubuntu/venv/lib/python3.12/site-packages/airflow/example_dags/example_latest_only_with_trigger.py
[2024-06-27T21:40:20.305+0000] {processor.py:840} INFO - DAG(s) 'latest_only_with_trigger' retrieved from /home/ubuntu/venv/lib/python3.12/site-packages/airflow/example_dags/example_latest_only_with_trigger.py
[2024-06-27T21:40:20.322+0000] {logging_mixin.py:188} INFO - [2024-06-27T21:40:20.322+0000] {dag.py:3096} INFO - Sync 1 DAGs
[2024-06-27T21:40:20.342+0000] {logging_mixin.py:188} INFO - [2024-06-27T21:40:20.342+0000] {dag.py:3954} INFO - Setting next_dagrun for latest_only_with_trigger to 2024-06-27 16:00:00+00:00, run_after=2024-06-27 20:00:00+00:00
[2024-06-27T21:40:20.366+0000] {processor.py:183} INFO - Processing /home/ubuntu/venv/lib/python3.12/site-packages/airflow/example_dags/example_latest_only_with_trigger.py took 0.076 seconds
[2024-06-27T21:41:26.697+0000] {processor.py:161} INFO - Started process (PID=4653) to work on /home/ubuntu/venv/lib/python3.12/site-packages/airflow/example_dags/example_latest_only_with_trigger.py
[2024-06-27T21:41:26.698+0000] {processor.py:830} INFO - Processing file /home/ubuntu/venv/lib/python3.12/site-packages/airflow/example_dags/example_latest_only_with_trigger.py for tasks to queue
[2024-06-27T21:41:26.699+0000] {logging_mixin.py:188} INFO - [2024-06-27T21:41:26.699+0000] {dagbag.py:545} INFO - Filling up the DagBag from /home/ubuntu/venv/lib/python3.12/site-packages/airflow/example_dags/example_latest_only_with_trigger.py
[2024-06-27T21:41:26.706+0000] {processor.py:840} INFO - DAG(s) 'latest_only_with_trigger' retrieved from /home/ubuntu/venv/lib/python3.12/site-packages/airflow/example_dags/example_latest_only_with_trigger.py
[2024-06-27T21:41:26.723+0000] {logging_mixin.py:188} INFO - [2024-06-27T21:41:26.723+0000] {dag.py:3096} INFO - Sync 1 DAGs
[2024-06-27T21:41:26.743+0000] {logging_mixin.py:188} INFO - [2024-06-27T21:41:26.743+0000] {dag.py:3954} INFO - Setting next_dagrun for latest_only_with_trigger to 2024-06-27 16:00:00+00:00, run_after=2024-06-27 20:00:00+00:00
[2024-06-27T21:41:26.765+0000] {processor.py:183} INFO - Processing /home/ubuntu/venv/lib/python3.12/site-packages/airflow/example_dags/example_latest_only_with_trigger.py took 0.075 seconds
[2024-06-27T21:42:32.456+0000] {processor.py:161} INFO - Started process (PID=4722) to work on /home/ubuntu/venv/lib/python3.12/site-packages/airflow/example_dags/example_latest_only_with_trigger.py
[2024-06-27T21:42:32.457+0000] {processor.py:830} INFO - Processing file /home/ubuntu/venv/lib/python3.12/site-packages/airflow/example_dags/example_latest_only_with_trigger.py for tasks to queue
[2024-06-27T21:42:32.458+0000] {logging_mixin.py:188} INFO - [2024-06-27T21:42:32.458+0000] {dagbag.py:545} INFO - Filling up the DagBag from /home/ubuntu/venv/lib/python3.12/site-packages/airflow/example_dags/example_latest_only_with_trigger.py
[2024-06-27T21:42:32.465+0000] {processor.py:840} INFO - DAG(s) 'latest_only_with_trigger' retrieved from /home/ubuntu/venv/lib/python3.12/site-packages/airflow/example_dags/example_latest_only_with_trigger.py
[2024-06-27T21:42:32.482+0000] {logging_mixin.py:188} INFO - [2024-06-27T21:42:32.482+0000] {dag.py:3096} INFO - Sync 1 DAGs
[2024-06-27T21:42:32.503+0000] {logging_mixin.py:188} INFO - [2024-06-27T21:42:32.502+0000] {dag.py:3954} INFO - Setting next_dagrun for latest_only_with_trigger to 2024-06-27 16:00:00+00:00, run_after=2024-06-27 20:00:00+00:00
[2024-06-27T21:42:32.525+0000] {processor.py:183} INFO - Processing /home/ubuntu/venv/lib/python3.12/site-packages/airflow/example_dags/example_latest_only_with_trigger.py took 0.076 seconds
[2024-06-27T21:43:37.621+0000] {processor.py:161} INFO - Started process (PID=4788) to work on /home/ubuntu/venv/lib/python3.12/site-packages/airflow/example_dags/example_latest_only_with_trigger.py
[2024-06-27T21:43:37.622+0000] {processor.py:830} INFO - Processing file /home/ubuntu/venv/lib/python3.12/site-packages/airflow/example_dags/example_latest_only_with_trigger.py for tasks to queue
[2024-06-27T21:43:37.623+0000] {logging_mixin.py:188} INFO - [2024-06-27T21:43:37.622+0000] {dagbag.py:545} INFO - Filling up the DagBag from /home/ubuntu/venv/lib/python3.12/site-packages/airflow/example_dags/example_latest_only_with_trigger.py
[2024-06-27T21:43:37.629+0000] {processor.py:840} INFO - DAG(s) 'latest_only_with_trigger' retrieved from /home/ubuntu/venv/lib/python3.12/site-packages/airflow/example_dags/example_latest_only_with_trigger.py
[2024-06-27T21:43:37.646+0000] {logging_mixin.py:188} INFO - [2024-06-27T21:43:37.646+0000] {dag.py:3096} INFO - Sync 1 DAGs
[2024-06-27T21:43:37.666+0000] {logging_mixin.py:188} INFO - [2024-06-27T21:43:37.666+0000] {dag.py:3954} INFO - Setting next_dagrun for latest_only_with_trigger to 2024-06-27 16:00:00+00:00, run_after=2024-06-27 20:00:00+00:00
[2024-06-27T21:43:37.692+0000] {processor.py:183} INFO - Processing /home/ubuntu/venv/lib/python3.12/site-packages/airflow/example_dags/example_latest_only_with_trigger.py took 0.077 seconds
[2024-06-27T21:44:26.228+0000] {processor.py:161} INFO - Started process (PID=4837) to work on /home/ubuntu/venv/lib/python3.12/site-packages/airflow/example_dags/example_latest_only_with_trigger.py
[2024-06-27T21:44:26.229+0000] {processor.py:830} INFO - Processing file /home/ubuntu/venv/lib/python3.12/site-packages/airflow/example_dags/example_latest_only_with_trigger.py for tasks to queue
[2024-06-27T21:44:26.230+0000] {logging_mixin.py:188} INFO - [2024-06-27T21:44:26.230+0000] {dagbag.py:545} INFO - Filling up the DagBag from /home/ubuntu/venv/lib/python3.12/site-packages/airflow/example_dags/example_latest_only_with_trigger.py
[2024-06-27T21:44:26.237+0000] {processor.py:840} INFO - DAG(s) 'latest_only_with_trigger' retrieved from /home/ubuntu/venv/lib/python3.12/site-packages/airflow/example_dags/example_latest_only_with_trigger.py
[2024-06-27T21:44:26.256+0000] {logging_mixin.py:188} INFO - [2024-06-27T21:44:26.256+0000] {dag.py:3096} INFO - Sync 1 DAGs
[2024-06-27T21:44:26.401+0000] {logging_mixin.py:188} INFO - [2024-06-27T21:44:26.401+0000] {dag.py:3954} INFO - Setting next_dagrun for latest_only_with_trigger to 2024-06-27 16:00:00+00:00, run_after=2024-06-27 20:00:00+00:00
[2024-06-27T21:44:26.424+0000] {processor.py:183} INFO - Processing /home/ubuntu/venv/lib/python3.12/site-packages/airflow/example_dags/example_latest_only_with_trigger.py took 0.203 seconds
[2024-06-27T21:45:31.845+0000] {processor.py:161} INFO - Started process (PID=4952) to work on /home/ubuntu/venv/lib/python3.12/site-packages/airflow/example_dags/example_latest_only_with_trigger.py
[2024-06-27T21:45:31.847+0000] {processor.py:830} INFO - Processing file /home/ubuntu/venv/lib/python3.12/site-packages/airflow/example_dags/example_latest_only_with_trigger.py for tasks to queue
[2024-06-27T21:45:31.848+0000] {logging_mixin.py:188} INFO - [2024-06-27T21:45:31.848+0000] {dagbag.py:545} INFO - Filling up the DagBag from /home/ubuntu/venv/lib/python3.12/site-packages/airflow/example_dags/example_latest_only_with_trigger.py
[2024-06-27T21:45:31.855+0000] {processor.py:840} INFO - DAG(s) 'latest_only_with_trigger' retrieved from /home/ubuntu/venv/lib/python3.12/site-packages/airflow/example_dags/example_latest_only_with_trigger.py
[2024-06-27T21:45:31.872+0000] {logging_mixin.py:188} INFO - [2024-06-27T21:45:31.872+0000] {dag.py:3096} INFO - Sync 1 DAGs
[2024-06-27T21:45:31.892+0000] {logging_mixin.py:188} INFO - [2024-06-27T21:45:31.892+0000] {dag.py:3954} INFO - Setting next_dagrun for latest_only_with_trigger to 2024-06-27 16:00:00+00:00, run_after=2024-06-27 20:00:00+00:00
[2024-06-27T21:45:32.029+0000] {processor.py:183} INFO - Processing /home/ubuntu/venv/lib/python3.12/site-packages/airflow/example_dags/example_latest_only_with_trigger.py took 0.190 seconds
[2024-06-27T21:46:23.567+0000] {processor.py:161} INFO - Started process (PID=4999) to work on /home/ubuntu/venv/lib/python3.12/site-packages/airflow/example_dags/example_latest_only_with_trigger.py
[2024-06-27T21:46:23.568+0000] {processor.py:830} INFO - Processing file /home/ubuntu/venv/lib/python3.12/site-packages/airflow/example_dags/example_latest_only_with_trigger.py for tasks to queue
[2024-06-27T21:46:23.569+0000] {logging_mixin.py:188} INFO - [2024-06-27T21:46:23.569+0000] {dagbag.py:545} INFO - Filling up the DagBag from /home/ubuntu/venv/lib/python3.12/site-packages/airflow/example_dags/example_latest_only_with_trigger.py
[2024-06-27T21:46:23.576+0000] {processor.py:840} INFO - DAG(s) 'latest_only_with_trigger' retrieved from /home/ubuntu/venv/lib/python3.12/site-packages/airflow/example_dags/example_latest_only_with_trigger.py
[2024-06-27T21:46:23.593+0000] {logging_mixin.py:188} INFO - [2024-06-27T21:46:23.593+0000] {dag.py:3096} INFO - Sync 1 DAGs
[2024-06-27T21:46:23.613+0000] {logging_mixin.py:188} INFO - [2024-06-27T21:46:23.613+0000] {dag.py:3954} INFO - Setting next_dagrun for latest_only_with_trigger to 2024-06-27 16:00:00+00:00, run_after=2024-06-27 20:00:00+00:00
[2024-06-27T21:46:23.635+0000] {processor.py:183} INFO - Processing /home/ubuntu/venv/lib/python3.12/site-packages/airflow/example_dags/example_latest_only_with_trigger.py took 0.074 seconds
[2024-06-27T21:47:14.978+0000] {processor.py:161} INFO - Started process (PID=5049) to work on /home/ubuntu/venv/lib/python3.12/site-packages/airflow/example_dags/example_latest_only_with_trigger.py
[2024-06-27T21:47:14.979+0000] {processor.py:830} INFO - Processing file /home/ubuntu/venv/lib/python3.12/site-packages/airflow/example_dags/example_latest_only_with_trigger.py for tasks to queue
[2024-06-27T21:47:14.980+0000] {logging_mixin.py:188} INFO - [2024-06-27T21:47:14.980+0000] {dagbag.py:545} INFO - Filling up the DagBag from /home/ubuntu/venv/lib/python3.12/site-packages/airflow/example_dags/example_latest_only_with_trigger.py
[2024-06-27T21:47:14.986+0000] {processor.py:840} INFO - DAG(s) 'latest_only_with_trigger' retrieved from /home/ubuntu/venv/lib/python3.12/site-packages/airflow/example_dags/example_latest_only_with_trigger.py
[2024-06-27T21:47:15.004+0000] {logging_mixin.py:188} INFO - [2024-06-27T21:47:15.004+0000] {dag.py:3096} INFO - Sync 1 DAGs
[2024-06-27T21:47:15.024+0000] {logging_mixin.py:188} INFO - [2024-06-27T21:47:15.024+0000] {dag.py:3954} INFO - Setting next_dagrun for latest_only_with_trigger to 2024-06-27 16:00:00+00:00, run_after=2024-06-27 20:00:00+00:00
[2024-06-27T21:47:15.047+0000] {processor.py:183} INFO - Processing /home/ubuntu/venv/lib/python3.12/site-packages/airflow/example_dags/example_latest_only_with_trigger.py took 0.075 seconds
[2024-06-27T21:48:22.617+0000] {processor.py:161} INFO - Started process (PID=5244) to work on /home/ubuntu/venv/lib/python3.12/site-packages/airflow/example_dags/example_latest_only_with_trigger.py
[2024-06-27T21:48:22.619+0000] {processor.py:830} INFO - Processing file /home/ubuntu/venv/lib/python3.12/site-packages/airflow/example_dags/example_latest_only_with_trigger.py for tasks to queue
[2024-06-27T21:48:22.620+0000] {logging_mixin.py:188} INFO - [2024-06-27T21:48:22.619+0000] {dagbag.py:545} INFO - Filling up the DagBag from /home/ubuntu/venv/lib/python3.12/site-packages/airflow/example_dags/example_latest_only_with_trigger.py
[2024-06-27T21:48:22.626+0000] {processor.py:840} INFO - DAG(s) 'latest_only_with_trigger' retrieved from /home/ubuntu/venv/lib/python3.12/site-packages/airflow/example_dags/example_latest_only_with_trigger.py
[2024-06-27T21:48:22.644+0000] {logging_mixin.py:188} INFO - [2024-06-27T21:48:22.644+0000] {dag.py:3096} INFO - Sync 1 DAGs
[2024-06-27T21:48:22.665+0000] {logging_mixin.py:188} INFO - [2024-06-27T21:48:22.665+0000] {dag.py:3954} INFO - Setting next_dagrun for latest_only_with_trigger to 2024-06-27 16:00:00+00:00, run_after=2024-06-27 20:00:00+00:00
[2024-06-27T21:48:22.687+0000] {processor.py:183} INFO - Processing /home/ubuntu/venv/lib/python3.12/site-packages/airflow/example_dags/example_latest_only_with_trigger.py took 0.077 seconds
[2024-06-27T21:49:24.817+0000] {processor.py:161} INFO - Started process (PID=5311) to work on /home/ubuntu/venv/lib/python3.12/site-packages/airflow/example_dags/example_latest_only_with_trigger.py
[2024-06-27T21:49:24.818+0000] {processor.py:830} INFO - Processing file /home/ubuntu/venv/lib/python3.12/site-packages/airflow/example_dags/example_latest_only_with_trigger.py for tasks to queue
[2024-06-27T21:49:24.819+0000] {logging_mixin.py:188} INFO - [2024-06-27T21:49:24.819+0000] {dagbag.py:545} INFO - Filling up the DagBag from /home/ubuntu/venv/lib/python3.12/site-packages/airflow/example_dags/example_latest_only_with_trigger.py
[2024-06-27T21:49:24.826+0000] {processor.py:840} INFO - DAG(s) 'latest_only_with_trigger' retrieved from /home/ubuntu/venv/lib/python3.12/site-packages/airflow/example_dags/example_latest_only_with_trigger.py
[2024-06-27T21:49:24.844+0000] {logging_mixin.py:188} INFO - [2024-06-27T21:49:24.844+0000] {dag.py:3096} INFO - Sync 1 DAGs
[2024-06-27T21:49:24.865+0000] {logging_mixin.py:188} INFO - [2024-06-27T21:49:24.864+0000] {dag.py:3954} INFO - Setting next_dagrun for latest_only_with_trigger to 2024-06-27 16:00:00+00:00, run_after=2024-06-27 20:00:00+00:00
[2024-06-27T21:49:24.887+0000] {processor.py:183} INFO - Processing /home/ubuntu/venv/lib/python3.12/site-packages/airflow/example_dags/example_latest_only_with_trigger.py took 0.077 seconds
