[2024-06-27T21:20:08.446+0000] {processor.py:161} INFO - Started process (PID=2969) to work on /home/ubuntu/venv/lib/python3.12/site-packages/airflow/example_dags/example_display_name.py
[2024-06-27T21:20:08.447+0000] {processor.py:830} INFO - Processing file /home/ubuntu/venv/lib/python3.12/site-packages/airflow/example_dags/example_display_name.py for tasks to queue
[2024-06-27T21:20:08.449+0000] {logging_mixin.py:188} INFO - [2024-06-27T21:20:08.449+0000] {dagbag.py:545} INFO - Filling up the DagBag from /home/ubuntu/venv/lib/python3.12/site-packages/airflow/example_dags/example_display_name.py
[2024-06-27T21:20:08.456+0000] {processor.py:840} INFO - DAG(s) 'example_display_name' retrieved from /home/ubuntu/venv/lib/python3.12/site-packages/airflow/example_dags/example_display_name.py
[2024-06-27T21:20:08.573+0000] {logging_mixin.py:188} INFO - [2024-06-27T21:20:08.572+0000] {override.py:1847} INFO - Created Permission View: can read on DAG:example_display_name
[2024-06-27T21:20:08.586+0000] {logging_mixin.py:188} INFO - [2024-06-27T21:20:08.585+0000] {override.py:1847} INFO - Created Permission View: can delete on DAG:example_display_name
[2024-06-27T21:20:08.595+0000] {logging_mixin.py:188} INFO - [2024-06-27T21:20:08.594+0000] {override.py:1847} INFO - Created Permission View: can edit on DAG:example_display_name
[2024-06-27T21:20:08.595+0000] {logging_mixin.py:188} INFO - [2024-06-27T21:20:08.595+0000] {dag.py:3096} INFO - Sync 1 DAGs
[2024-06-27T21:20:08.606+0000] {logging_mixin.py:188} INFO - [2024-06-27T21:20:08.606+0000] {dag.py:3118} INFO - Creating ORM DAG for example_display_name
[2024-06-27T21:20:08.606+0000] {logging_mixin.py:188} INFO - [2024-06-27T21:20:08.606+0000] {dag.py:3954} INFO - Setting next_dagrun for example_display_name to None, run_after=None
[2024-06-27T21:20:08.627+0000] {processor.py:183} INFO - Processing /home/ubuntu/venv/lib/python3.12/site-packages/airflow/example_dags/example_display_name.py took 0.186 seconds
[2024-06-27T21:21:01.323+0000] {processor.py:161} INFO - Started process (PID=3306) to work on /home/ubuntu/venv/lib/python3.12/site-packages/airflow/example_dags/example_display_name.py
[2024-06-27T21:21:01.324+0000] {processor.py:830} INFO - Processing file /home/ubuntu/venv/lib/python3.12/site-packages/airflow/example_dags/example_display_name.py for tasks to queue
[2024-06-27T21:21:01.326+0000] {logging_mixin.py:188} INFO - [2024-06-27T21:21:01.326+0000] {dagbag.py:545} INFO - Filling up the DagBag from /home/ubuntu/venv/lib/python3.12/site-packages/airflow/example_dags/example_display_name.py
[2024-06-27T21:21:01.333+0000] {processor.py:840} INFO - DAG(s) 'example_display_name' retrieved from /home/ubuntu/venv/lib/python3.12/site-packages/airflow/example_dags/example_display_name.py
[2024-06-27T21:21:01.349+0000] {logging_mixin.py:188} INFO - [2024-06-27T21:21:01.348+0000] {dag.py:3096} INFO - Sync 1 DAGs
[2024-06-27T21:21:01.362+0000] {logging_mixin.py:188} INFO - [2024-06-27T21:21:01.361+0000] {dag.py:3954} INFO - Setting next_dagrun for example_display_name to None, run_after=None
[2024-06-27T21:21:01.385+0000] {processor.py:183} INFO - Processing /home/ubuntu/venv/lib/python3.12/site-packages/airflow/example_dags/example_display_name.py took 0.068 seconds
[2024-06-27T21:22:00.890+0000] {processor.py:161} INFO - Started process (PID=3371) to work on /home/ubuntu/venv/lib/python3.12/site-packages/airflow/example_dags/example_display_name.py
[2024-06-27T21:22:00.892+0000] {processor.py:830} INFO - Processing file /home/ubuntu/venv/lib/python3.12/site-packages/airflow/example_dags/example_display_name.py for tasks to queue
[2024-06-27T21:22:00.894+0000] {logging_mixin.py:188} INFO - [2024-06-27T21:22:00.893+0000] {dagbag.py:545} INFO - Filling up the DagBag from /home/ubuntu/venv/lib/python3.12/site-packages/airflow/example_dags/example_display_name.py
[2024-06-27T21:22:00.901+0000] {processor.py:840} INFO - DAG(s) 'example_display_name' retrieved from /home/ubuntu/venv/lib/python3.12/site-packages/airflow/example_dags/example_display_name.py
[2024-06-27T21:22:00.916+0000] {logging_mixin.py:188} INFO - [2024-06-27T21:22:00.916+0000] {dag.py:3096} INFO - Sync 1 DAGs
[2024-06-27T21:22:00.929+0000] {logging_mixin.py:188} INFO - [2024-06-27T21:22:00.929+0000] {dag.py:3954} INFO - Setting next_dagrun for example_display_name to None, run_after=None
[2024-06-27T21:22:00.953+0000] {processor.py:183} INFO - Processing /home/ubuntu/venv/lib/python3.12/site-packages/airflow/example_dags/example_display_name.py took 0.068 seconds
[2024-06-27T21:23:01.520+0000] {processor.py:161} INFO - Started process (PID=3447) to work on /home/ubuntu/venv/lib/python3.12/site-packages/airflow/example_dags/example_display_name.py
[2024-06-27T21:23:01.522+0000] {processor.py:830} INFO - Processing file /home/ubuntu/venv/lib/python3.12/site-packages/airflow/example_dags/example_display_name.py for tasks to queue
[2024-06-27T21:23:01.524+0000] {logging_mixin.py:188} INFO - [2024-06-27T21:23:01.523+0000] {dagbag.py:545} INFO - Filling up the DagBag from /home/ubuntu/venv/lib/python3.12/site-packages/airflow/example_dags/example_display_name.py
[2024-06-27T21:23:01.530+0000] {processor.py:840} INFO - DAG(s) 'example_display_name' retrieved from /home/ubuntu/venv/lib/python3.12/site-packages/airflow/example_dags/example_display_name.py
[2024-06-27T21:23:01.548+0000] {logging_mixin.py:188} INFO - [2024-06-27T21:23:01.547+0000] {dag.py:3096} INFO - Sync 1 DAGs
[2024-06-27T21:23:01.560+0000] {logging_mixin.py:188} INFO - [2024-06-27T21:23:01.560+0000] {dag.py:3954} INFO - Setting next_dagrun for example_display_name to None, run_after=None
[2024-06-27T21:23:01.584+0000] {processor.py:183} INFO - Processing /home/ubuntu/venv/lib/python3.12/site-packages/airflow/example_dags/example_display_name.py took 0.070 seconds
[2024-06-27T21:24:00.461+0000] {processor.py:161} INFO - Started process (PID=3511) to work on /home/ubuntu/venv/lib/python3.12/site-packages/airflow/example_dags/example_display_name.py
[2024-06-27T21:24:00.463+0000] {processor.py:830} INFO - Processing file /home/ubuntu/venv/lib/python3.12/site-packages/airflow/example_dags/example_display_name.py for tasks to queue
[2024-06-27T21:24:00.465+0000] {logging_mixin.py:188} INFO - [2024-06-27T21:24:00.464+0000] {dagbag.py:545} INFO - Filling up the DagBag from /home/ubuntu/venv/lib/python3.12/site-packages/airflow/example_dags/example_display_name.py
[2024-06-27T21:24:00.471+0000] {processor.py:840} INFO - DAG(s) 'example_display_name' retrieved from /home/ubuntu/venv/lib/python3.12/site-packages/airflow/example_dags/example_display_name.py
[2024-06-27T21:24:00.487+0000] {logging_mixin.py:188} INFO - [2024-06-27T21:24:00.487+0000] {dag.py:3096} INFO - Sync 1 DAGs
[2024-06-27T21:24:00.500+0000] {logging_mixin.py:188} INFO - [2024-06-27T21:24:00.499+0000] {dag.py:3954} INFO - Setting next_dagrun for example_display_name to None, run_after=None
[2024-06-27T21:24:00.523+0000] {processor.py:183} INFO - Processing /home/ubuntu/venv/lib/python3.12/site-packages/airflow/example_dags/example_display_name.py took 0.068 seconds
[2024-06-27T21:25:02.420+0000] {processor.py:161} INFO - Started process (PID=3579) to work on /home/ubuntu/venv/lib/python3.12/site-packages/airflow/example_dags/example_display_name.py
[2024-06-27T21:25:02.421+0000] {processor.py:830} INFO - Processing file /home/ubuntu/venv/lib/python3.12/site-packages/airflow/example_dags/example_display_name.py for tasks to queue
[2024-06-27T21:25:02.422+0000] {logging_mixin.py:188} INFO - [2024-06-27T21:25:02.422+0000] {dagbag.py:545} INFO - Filling up the DagBag from /home/ubuntu/venv/lib/python3.12/site-packages/airflow/example_dags/example_display_name.py
[2024-06-27T21:25:02.429+0000] {processor.py:840} INFO - DAG(s) 'example_display_name' retrieved from /home/ubuntu/venv/lib/python3.12/site-packages/airflow/example_dags/example_display_name.py
[2024-06-27T21:25:02.447+0000] {logging_mixin.py:188} INFO - [2024-06-27T21:25:02.447+0000] {dag.py:3096} INFO - Sync 1 DAGs
[2024-06-27T21:25:02.460+0000] {logging_mixin.py:188} INFO - [2024-06-27T21:25:02.459+0000] {dag.py:3954} INFO - Setting next_dagrun for example_display_name to None, run_after=None
[2024-06-27T21:25:02.484+0000] {processor.py:183} INFO - Processing /home/ubuntu/venv/lib/python3.12/site-packages/airflow/example_dags/example_display_name.py took 0.071 seconds
[2024-06-27T21:26:05.317+0000] {processor.py:161} INFO - Started process (PID=3649) to work on /home/ubuntu/venv/lib/python3.12/site-packages/airflow/example_dags/example_display_name.py
[2024-06-27T21:26:05.318+0000] {processor.py:830} INFO - Processing file /home/ubuntu/venv/lib/python3.12/site-packages/airflow/example_dags/example_display_name.py for tasks to queue
[2024-06-27T21:26:05.319+0000] {logging_mixin.py:188} INFO - [2024-06-27T21:26:05.319+0000] {dagbag.py:545} INFO - Filling up the DagBag from /home/ubuntu/venv/lib/python3.12/site-packages/airflow/example_dags/example_display_name.py
[2024-06-27T21:26:05.326+0000] {processor.py:840} INFO - DAG(s) 'example_display_name' retrieved from /home/ubuntu/venv/lib/python3.12/site-packages/airflow/example_dags/example_display_name.py
[2024-06-27T21:26:05.343+0000] {logging_mixin.py:188} INFO - [2024-06-27T21:26:05.343+0000] {dag.py:3096} INFO - Sync 1 DAGs
[2024-06-27T21:26:05.355+0000] {logging_mixin.py:188} INFO - [2024-06-27T21:26:05.355+0000] {dag.py:3954} INFO - Setting next_dagrun for example_display_name to None, run_after=None
[2024-06-27T21:26:05.379+0000] {processor.py:183} INFO - Processing /home/ubuntu/venv/lib/python3.12/site-packages/airflow/example_dags/example_display_name.py took 0.068 seconds
[2024-06-27T21:27:11.297+0000] {processor.py:161} INFO - Started process (PID=3717) to work on /home/ubuntu/venv/lib/python3.12/site-packages/airflow/example_dags/example_display_name.py
[2024-06-27T21:27:11.299+0000] {processor.py:830} INFO - Processing file /home/ubuntu/venv/lib/python3.12/site-packages/airflow/example_dags/example_display_name.py for tasks to queue
[2024-06-27T21:27:11.300+0000] {logging_mixin.py:188} INFO - [2024-06-27T21:27:11.299+0000] {dagbag.py:545} INFO - Filling up the DagBag from /home/ubuntu/venv/lib/python3.12/site-packages/airflow/example_dags/example_display_name.py
[2024-06-27T21:27:11.306+0000] {processor.py:840} INFO - DAG(s) 'example_display_name' retrieved from /home/ubuntu/venv/lib/python3.12/site-packages/airflow/example_dags/example_display_name.py
[2024-06-27T21:27:11.323+0000] {logging_mixin.py:188} INFO - [2024-06-27T21:27:11.323+0000] {dag.py:3096} INFO - Sync 1 DAGs
[2024-06-27T21:27:11.335+0000] {logging_mixin.py:188} INFO - [2024-06-27T21:27:11.335+0000] {dag.py:3954} INFO - Setting next_dagrun for example_display_name to None, run_after=None
[2024-06-27T21:27:11.363+0000] {processor.py:183} INFO - Processing /home/ubuntu/venv/lib/python3.12/site-packages/airflow/example_dags/example_display_name.py took 0.072 seconds
[2024-06-27T21:28:23.046+0000] {processor.py:161} INFO - Started process (PID=3797) to work on /home/ubuntu/venv/lib/python3.12/site-packages/airflow/example_dags/example_display_name.py
[2024-06-27T21:28:23.047+0000] {processor.py:830} INFO - Processing file /home/ubuntu/venv/lib/python3.12/site-packages/airflow/example_dags/example_display_name.py for tasks to queue
[2024-06-27T21:28:23.048+0000] {logging_mixin.py:188} INFO - [2024-06-27T21:28:23.048+0000] {dagbag.py:545} INFO - Filling up the DagBag from /home/ubuntu/venv/lib/python3.12/site-packages/airflow/example_dags/example_display_name.py
[2024-06-27T21:28:23.055+0000] {processor.py:840} INFO - DAG(s) 'example_display_name' retrieved from /home/ubuntu/venv/lib/python3.12/site-packages/airflow/example_dags/example_display_name.py
[2024-06-27T21:28:23.072+0000] {logging_mixin.py:188} INFO - [2024-06-27T21:28:23.072+0000] {dag.py:3096} INFO - Sync 1 DAGs
[2024-06-27T21:28:23.086+0000] {logging_mixin.py:188} INFO - [2024-06-27T21:28:23.086+0000] {dag.py:3954} INFO - Setting next_dagrun for example_display_name to None, run_after=None
[2024-06-27T21:28:23.109+0000] {processor.py:183} INFO - Processing /home/ubuntu/venv/lib/python3.12/site-packages/airflow/example_dags/example_display_name.py took 0.069 seconds
[2024-06-27T21:29:28.724+0000] {processor.py:161} INFO - Started process (PID=3881) to work on /home/ubuntu/venv/lib/python3.12/site-packages/airflow/example_dags/example_display_name.py
[2024-06-27T21:29:28.726+0000] {processor.py:830} INFO - Processing file /home/ubuntu/venv/lib/python3.12/site-packages/airflow/example_dags/example_display_name.py for tasks to queue
[2024-06-27T21:29:28.727+0000] {logging_mixin.py:188} INFO - [2024-06-27T21:29:28.726+0000] {dagbag.py:545} INFO - Filling up the DagBag from /home/ubuntu/venv/lib/python3.12/site-packages/airflow/example_dags/example_display_name.py
[2024-06-27T21:29:28.733+0000] {processor.py:840} INFO - DAG(s) 'example_display_name' retrieved from /home/ubuntu/venv/lib/python3.12/site-packages/airflow/example_dags/example_display_name.py
[2024-06-27T21:29:28.750+0000] {logging_mixin.py:188} INFO - [2024-06-27T21:29:28.749+0000] {dag.py:3096} INFO - Sync 1 DAGs
[2024-06-27T21:29:28.762+0000] {logging_mixin.py:188} INFO - [2024-06-27T21:29:28.762+0000] {dag.py:3954} INFO - Setting next_dagrun for example_display_name to None, run_after=None
[2024-06-27T21:29:28.785+0000] {processor.py:183} INFO - Processing /home/ubuntu/venv/lib/python3.12/site-packages/airflow/example_dags/example_display_name.py took 0.071 seconds
[2024-06-27T21:30:32.454+0000] {processor.py:161} INFO - Started process (PID=3958) to work on /home/ubuntu/venv/lib/python3.12/site-packages/airflow/example_dags/example_display_name.py
[2024-06-27T21:30:32.456+0000] {processor.py:830} INFO - Processing file /home/ubuntu/venv/lib/python3.12/site-packages/airflow/example_dags/example_display_name.py for tasks to queue
[2024-06-27T21:30:32.457+0000] {logging_mixin.py:188} INFO - [2024-06-27T21:30:32.457+0000] {dagbag.py:545} INFO - Filling up the DagBag from /home/ubuntu/venv/lib/python3.12/site-packages/airflow/example_dags/example_display_name.py
[2024-06-27T21:30:32.467+0000] {processor.py:840} INFO - DAG(s) 'example_display_name' retrieved from /home/ubuntu/venv/lib/python3.12/site-packages/airflow/example_dags/example_display_name.py
[2024-06-27T21:30:32.494+0000] {logging_mixin.py:188} INFO - [2024-06-27T21:30:32.493+0000] {dag.py:3096} INFO - Sync 1 DAGs
[2024-06-27T21:30:32.513+0000] {logging_mixin.py:188} INFO - [2024-06-27T21:30:32.513+0000] {dag.py:3954} INFO - Setting next_dagrun for example_display_name to None, run_after=None
[2024-06-27T21:30:32.548+0000] {processor.py:183} INFO - Processing /home/ubuntu/venv/lib/python3.12/site-packages/airflow/example_dags/example_display_name.py took 0.104 seconds
[2024-06-27T21:31:36.091+0000] {processor.py:161} INFO - Started process (PID=4023) to work on /home/ubuntu/venv/lib/python3.12/site-packages/airflow/example_dags/example_display_name.py
[2024-06-27T21:31:36.093+0000] {processor.py:830} INFO - Processing file /home/ubuntu/venv/lib/python3.12/site-packages/airflow/example_dags/example_display_name.py for tasks to queue
[2024-06-27T21:31:36.093+0000] {logging_mixin.py:188} INFO - [2024-06-27T21:31:36.093+0000] {dagbag.py:545} INFO - Filling up the DagBag from /home/ubuntu/venv/lib/python3.12/site-packages/airflow/example_dags/example_display_name.py
[2024-06-27T21:31:36.100+0000] {processor.py:840} INFO - DAG(s) 'example_display_name' retrieved from /home/ubuntu/venv/lib/python3.12/site-packages/airflow/example_dags/example_display_name.py
[2024-06-27T21:31:36.117+0000] {logging_mixin.py:188} INFO - [2024-06-27T21:31:36.116+0000] {dag.py:3096} INFO - Sync 1 DAGs
[2024-06-27T21:31:36.129+0000] {logging_mixin.py:188} INFO - [2024-06-27T21:31:36.129+0000] {dag.py:3954} INFO - Setting next_dagrun for example_display_name to None, run_after=None
[2024-06-27T21:31:36.152+0000] {processor.py:183} INFO - Processing /home/ubuntu/venv/lib/python3.12/site-packages/airflow/example_dags/example_display_name.py took 0.067 seconds
[2024-06-27T21:32:27.857+0000] {processor.py:161} INFO - Started process (PID=4078) to work on /home/ubuntu/venv/lib/python3.12/site-packages/airflow/example_dags/example_display_name.py
[2024-06-27T21:32:27.858+0000] {processor.py:830} INFO - Processing file /home/ubuntu/venv/lib/python3.12/site-packages/airflow/example_dags/example_display_name.py for tasks to queue
[2024-06-27T21:32:27.859+0000] {logging_mixin.py:188} INFO - [2024-06-27T21:32:27.859+0000] {dagbag.py:545} INFO - Filling up the DagBag from /home/ubuntu/venv/lib/python3.12/site-packages/airflow/example_dags/example_display_name.py
[2024-06-27T21:32:27.866+0000] {processor.py:840} INFO - DAG(s) 'example_display_name' retrieved from /home/ubuntu/venv/lib/python3.12/site-packages/airflow/example_dags/example_display_name.py
[2024-06-27T21:32:27.883+0000] {logging_mixin.py:188} INFO - [2024-06-27T21:32:27.883+0000] {dag.py:3096} INFO - Sync 1 DAGs
[2024-06-27T21:32:27.896+0000] {logging_mixin.py:188} INFO - [2024-06-27T21:32:27.895+0000] {dag.py:3954} INFO - Setting next_dagrun for example_display_name to None, run_after=None
[2024-06-27T21:32:27.919+0000] {processor.py:183} INFO - Processing /home/ubuntu/venv/lib/python3.12/site-packages/airflow/example_dags/example_display_name.py took 0.068 seconds
[2024-06-27T21:33:23.901+0000] {processor.py:161} INFO - Started process (PID=4145) to work on /home/ubuntu/venv/lib/python3.12/site-packages/airflow/example_dags/example_display_name.py
[2024-06-27T21:33:23.904+0000] {processor.py:830} INFO - Processing file /home/ubuntu/venv/lib/python3.12/site-packages/airflow/example_dags/example_display_name.py for tasks to queue
[2024-06-27T21:33:23.905+0000] {logging_mixin.py:188} INFO - [2024-06-27T21:33:23.905+0000] {dagbag.py:545} INFO - Filling up the DagBag from /home/ubuntu/venv/lib/python3.12/site-packages/airflow/example_dags/example_display_name.py
[2024-06-27T21:33:23.912+0000] {processor.py:840} INFO - DAG(s) 'example_display_name' retrieved from /home/ubuntu/venv/lib/python3.12/site-packages/airflow/example_dags/example_display_name.py
[2024-06-27T21:33:23.929+0000] {logging_mixin.py:188} INFO - [2024-06-27T21:33:23.929+0000] {dag.py:3096} INFO - Sync 1 DAGs
[2024-06-27T21:33:23.942+0000] {logging_mixin.py:188} INFO - [2024-06-27T21:33:23.941+0000] {dag.py:3954} INFO - Setting next_dagrun for example_display_name to None, run_after=None
[2024-06-27T21:33:23.966+0000] {processor.py:183} INFO - Processing /home/ubuntu/venv/lib/python3.12/site-packages/airflow/example_dags/example_display_name.py took 0.071 seconds
[2024-06-27T21:34:29.126+0000] {processor.py:161} INFO - Started process (PID=4214) to work on /home/ubuntu/venv/lib/python3.12/site-packages/airflow/example_dags/example_display_name.py
[2024-06-27T21:34:29.127+0000] {processor.py:830} INFO - Processing file /home/ubuntu/venv/lib/python3.12/site-packages/airflow/example_dags/example_display_name.py for tasks to queue
[2024-06-27T21:34:29.128+0000] {logging_mixin.py:188} INFO - [2024-06-27T21:34:29.128+0000] {dagbag.py:545} INFO - Filling up the DagBag from /home/ubuntu/venv/lib/python3.12/site-packages/airflow/example_dags/example_display_name.py
[2024-06-27T21:34:29.136+0000] {processor.py:840} INFO - DAG(s) 'example_display_name' retrieved from /home/ubuntu/venv/lib/python3.12/site-packages/airflow/example_dags/example_display_name.py
[2024-06-27T21:34:29.152+0000] {logging_mixin.py:188} INFO - [2024-06-27T21:34:29.152+0000] {dag.py:3096} INFO - Sync 1 DAGs
[2024-06-27T21:34:29.165+0000] {logging_mixin.py:188} INFO - [2024-06-27T21:34:29.164+0000] {dag.py:3954} INFO - Setting next_dagrun for example_display_name to None, run_after=None
[2024-06-27T21:34:29.188+0000] {processor.py:183} INFO - Processing /home/ubuntu/venv/lib/python3.12/site-packages/airflow/example_dags/example_display_name.py took 0.068 seconds
[2024-06-27T21:35:32.656+0000] {processor.py:161} INFO - Started process (PID=4284) to work on /home/ubuntu/venv/lib/python3.12/site-packages/airflow/example_dags/example_display_name.py
[2024-06-27T21:35:32.657+0000] {processor.py:830} INFO - Processing file /home/ubuntu/venv/lib/python3.12/site-packages/airflow/example_dags/example_display_name.py for tasks to queue
[2024-06-27T21:35:32.658+0000] {logging_mixin.py:188} INFO - [2024-06-27T21:35:32.658+0000] {dagbag.py:545} INFO - Filling up the DagBag from /home/ubuntu/venv/lib/python3.12/site-packages/airflow/example_dags/example_display_name.py
[2024-06-27T21:35:32.665+0000] {processor.py:840} INFO - DAG(s) 'example_display_name' retrieved from /home/ubuntu/venv/lib/python3.12/site-packages/airflow/example_dags/example_display_name.py
[2024-06-27T21:35:32.681+0000] {logging_mixin.py:188} INFO - [2024-06-27T21:35:32.681+0000] {dag.py:3096} INFO - Sync 1 DAGs
[2024-06-27T21:35:32.693+0000] {logging_mixin.py:188} INFO - [2024-06-27T21:35:32.693+0000] {dag.py:3954} INFO - Setting next_dagrun for example_display_name to None, run_after=None
[2024-06-27T21:35:32.716+0000] {processor.py:183} INFO - Processing /home/ubuntu/venv/lib/python3.12/site-packages/airflow/example_dags/example_display_name.py took 0.067 seconds
[2024-06-27T21:36:35.086+0000] {processor.py:161} INFO - Started process (PID=4349) to work on /home/ubuntu/venv/lib/python3.12/site-packages/airflow/example_dags/example_display_name.py
[2024-06-27T21:36:35.088+0000] {processor.py:830} INFO - Processing file /home/ubuntu/venv/lib/python3.12/site-packages/airflow/example_dags/example_display_name.py for tasks to queue
[2024-06-27T21:36:35.089+0000] {logging_mixin.py:188} INFO - [2024-06-27T21:36:35.088+0000] {dagbag.py:545} INFO - Filling up the DagBag from /home/ubuntu/venv/lib/python3.12/site-packages/airflow/example_dags/example_display_name.py
[2024-06-27T21:36:35.095+0000] {processor.py:840} INFO - DAG(s) 'example_display_name' retrieved from /home/ubuntu/venv/lib/python3.12/site-packages/airflow/example_dags/example_display_name.py
[2024-06-27T21:36:35.112+0000] {logging_mixin.py:188} INFO - [2024-06-27T21:36:35.111+0000] {dag.py:3096} INFO - Sync 1 DAGs
[2024-06-27T21:36:35.123+0000] {logging_mixin.py:188} INFO - [2024-06-27T21:36:35.123+0000] {dag.py:3954} INFO - Setting next_dagrun for example_display_name to None, run_after=None
[2024-06-27T21:36:35.146+0000] {processor.py:183} INFO - Processing /home/ubuntu/venv/lib/python3.12/site-packages/airflow/example_dags/example_display_name.py took 0.066 seconds
[2024-06-27T21:37:41.512+0000] {processor.py:161} INFO - Started process (PID=4416) to work on /home/ubuntu/venv/lib/python3.12/site-packages/airflow/example_dags/example_display_name.py
[2024-06-27T21:37:41.514+0000] {processor.py:830} INFO - Processing file /home/ubuntu/venv/lib/python3.12/site-packages/airflow/example_dags/example_display_name.py for tasks to queue
[2024-06-27T21:37:41.515+0000] {logging_mixin.py:188} INFO - [2024-06-27T21:37:41.515+0000] {dagbag.py:545} INFO - Filling up the DagBag from /home/ubuntu/venv/lib/python3.12/site-packages/airflow/example_dags/example_display_name.py
[2024-06-27T21:37:41.522+0000] {processor.py:840} INFO - DAG(s) 'example_display_name' retrieved from /home/ubuntu/venv/lib/python3.12/site-packages/airflow/example_dags/example_display_name.py
[2024-06-27T21:37:41.539+0000] {logging_mixin.py:188} INFO - [2024-06-27T21:37:41.539+0000] {dag.py:3096} INFO - Sync 1 DAGs
[2024-06-27T21:37:41.552+0000] {logging_mixin.py:188} INFO - [2024-06-27T21:37:41.552+0000] {dag.py:3954} INFO - Setting next_dagrun for example_display_name to None, run_after=None
[2024-06-27T21:37:41.575+0000] {processor.py:183} INFO - Processing /home/ubuntu/venv/lib/python3.12/site-packages/airflow/example_dags/example_display_name.py took 0.069 seconds
[2024-06-27T21:38:34.680+0000] {processor.py:161} INFO - Started process (PID=4473) to work on /home/ubuntu/venv/lib/python3.12/site-packages/airflow/example_dags/example_display_name.py
[2024-06-27T21:38:34.682+0000] {processor.py:830} INFO - Processing file /home/ubuntu/venv/lib/python3.12/site-packages/airflow/example_dags/example_display_name.py for tasks to queue
[2024-06-27T21:38:34.683+0000] {logging_mixin.py:188} INFO - [2024-06-27T21:38:34.682+0000] {dagbag.py:545} INFO - Filling up the DagBag from /home/ubuntu/venv/lib/python3.12/site-packages/airflow/example_dags/example_display_name.py
[2024-06-27T21:38:34.690+0000] {processor.py:840} INFO - DAG(s) 'example_display_name' retrieved from /home/ubuntu/venv/lib/python3.12/site-packages/airflow/example_dags/example_display_name.py
[2024-06-27T21:38:34.706+0000] {logging_mixin.py:188} INFO - [2024-06-27T21:38:34.706+0000] {dag.py:3096} INFO - Sync 1 DAGs
[2024-06-27T21:38:34.718+0000] {logging_mixin.py:188} INFO - [2024-06-27T21:38:34.718+0000] {dag.py:3954} INFO - Setting next_dagrun for example_display_name to None, run_after=None
[2024-06-27T21:38:34.741+0000] {processor.py:183} INFO - Processing /home/ubuntu/venv/lib/python3.12/site-packages/airflow/example_dags/example_display_name.py took 0.067 seconds
[2024-06-27T21:39:39.026+0000] {processor.py:161} INFO - Started process (PID=4540) to work on /home/ubuntu/venv/lib/python3.12/site-packages/airflow/example_dags/example_display_name.py
[2024-06-27T21:39:39.027+0000] {processor.py:830} INFO - Processing file /home/ubuntu/venv/lib/python3.12/site-packages/airflow/example_dags/example_display_name.py for tasks to queue
[2024-06-27T21:39:39.028+0000] {logging_mixin.py:188} INFO - [2024-06-27T21:39:39.027+0000] {dagbag.py:545} INFO - Filling up the DagBag from /home/ubuntu/venv/lib/python3.12/site-packages/airflow/example_dags/example_display_name.py
[2024-06-27T21:39:39.034+0000] {processor.py:840} INFO - DAG(s) 'example_display_name' retrieved from /home/ubuntu/venv/lib/python3.12/site-packages/airflow/example_dags/example_display_name.py
[2024-06-27T21:39:39.051+0000] {logging_mixin.py:188} INFO - [2024-06-27T21:39:39.051+0000] {dag.py:3096} INFO - Sync 1 DAGs
[2024-06-27T21:39:39.064+0000] {logging_mixin.py:188} INFO - [2024-06-27T21:39:39.063+0000] {dag.py:3954} INFO - Setting next_dagrun for example_display_name to None, run_after=None
[2024-06-27T21:39:39.086+0000] {processor.py:183} INFO - Processing /home/ubuntu/venv/lib/python3.12/site-packages/airflow/example_dags/example_display_name.py took 0.066 seconds
[2024-06-27T21:40:42.783+0000] {processor.py:161} INFO - Started process (PID=4608) to work on /home/ubuntu/venv/lib/python3.12/site-packages/airflow/example_dags/example_display_name.py
[2024-06-27T21:40:42.784+0000] {processor.py:830} INFO - Processing file /home/ubuntu/venv/lib/python3.12/site-packages/airflow/example_dags/example_display_name.py for tasks to queue
[2024-06-27T21:40:42.785+0000] {logging_mixin.py:188} INFO - [2024-06-27T21:40:42.785+0000] {dagbag.py:545} INFO - Filling up the DagBag from /home/ubuntu/venv/lib/python3.12/site-packages/airflow/example_dags/example_display_name.py
[2024-06-27T21:40:42.791+0000] {processor.py:840} INFO - DAG(s) 'example_display_name' retrieved from /home/ubuntu/venv/lib/python3.12/site-packages/airflow/example_dags/example_display_name.py
[2024-06-27T21:40:42.808+0000] {logging_mixin.py:188} INFO - [2024-06-27T21:40:42.808+0000] {dag.py:3096} INFO - Sync 1 DAGs
[2024-06-27T21:40:42.821+0000] {logging_mixin.py:188} INFO - [2024-06-27T21:40:42.821+0000] {dag.py:3954} INFO - Setting next_dagrun for example_display_name to None, run_after=None
[2024-06-27T21:40:42.845+0000] {processor.py:183} INFO - Processing /home/ubuntu/venv/lib/python3.12/site-packages/airflow/example_dags/example_display_name.py took 0.068 seconds
[2024-06-27T21:41:48.895+0000] {processor.py:161} INFO - Started process (PID=4677) to work on /home/ubuntu/venv/lib/python3.12/site-packages/airflow/example_dags/example_display_name.py
[2024-06-27T21:41:48.897+0000] {processor.py:830} INFO - Processing file /home/ubuntu/venv/lib/python3.12/site-packages/airflow/example_dags/example_display_name.py for tasks to queue
[2024-06-27T21:41:48.898+0000] {logging_mixin.py:188} INFO - [2024-06-27T21:41:48.897+0000] {dagbag.py:545} INFO - Filling up the DagBag from /home/ubuntu/venv/lib/python3.12/site-packages/airflow/example_dags/example_display_name.py
[2024-06-27T21:41:48.904+0000] {processor.py:840} INFO - DAG(s) 'example_display_name' retrieved from /home/ubuntu/venv/lib/python3.12/site-packages/airflow/example_dags/example_display_name.py
[2024-06-27T21:41:48.920+0000] {logging_mixin.py:188} INFO - [2024-06-27T21:41:48.920+0000] {dag.py:3096} INFO - Sync 1 DAGs
[2024-06-27T21:41:48.932+0000] {logging_mixin.py:188} INFO - [2024-06-27T21:41:48.932+0000] {dag.py:3954} INFO - Setting next_dagrun for example_display_name to None, run_after=None
[2024-06-27T21:41:48.955+0000] {processor.py:183} INFO - Processing /home/ubuntu/venv/lib/python3.12/site-packages/airflow/example_dags/example_display_name.py took 0.066 seconds
[2024-06-27T21:42:34.944+0000] {processor.py:161} INFO - Started process (PID=4725) to work on /home/ubuntu/venv/lib/python3.12/site-packages/airflow/example_dags/example_display_name.py
[2024-06-27T21:42:34.945+0000] {processor.py:830} INFO - Processing file /home/ubuntu/venv/lib/python3.12/site-packages/airflow/example_dags/example_display_name.py for tasks to queue
[2024-06-27T21:42:34.946+0000] {logging_mixin.py:188} INFO - [2024-06-27T21:42:34.946+0000] {dagbag.py:545} INFO - Filling up the DagBag from /home/ubuntu/venv/lib/python3.12/site-packages/airflow/example_dags/example_display_name.py
[2024-06-27T21:42:34.952+0000] {processor.py:840} INFO - DAG(s) 'example_display_name' retrieved from /home/ubuntu/venv/lib/python3.12/site-packages/airflow/example_dags/example_display_name.py
[2024-06-27T21:42:34.969+0000] {logging_mixin.py:188} INFO - [2024-06-27T21:42:34.969+0000] {dag.py:3096} INFO - Sync 1 DAGs
[2024-06-27T21:42:34.981+0000] {logging_mixin.py:188} INFO - [2024-06-27T21:42:34.981+0000] {dag.py:3954} INFO - Setting next_dagrun for example_display_name to None, run_after=None
[2024-06-27T21:42:35.003+0000] {processor.py:183} INFO - Processing /home/ubuntu/venv/lib/python3.12/site-packages/airflow/example_dags/example_display_name.py took 0.066 seconds
[2024-06-27T21:43:41.042+0000] {processor.py:161} INFO - Started process (PID=4791) to work on /home/ubuntu/venv/lib/python3.12/site-packages/airflow/example_dags/example_display_name.py
[2024-06-27T21:43:41.044+0000] {processor.py:830} INFO - Processing file /home/ubuntu/venv/lib/python3.12/site-packages/airflow/example_dags/example_display_name.py for tasks to queue
[2024-06-27T21:43:41.045+0000] {logging_mixin.py:188} INFO - [2024-06-27T21:43:41.044+0000] {dagbag.py:545} INFO - Filling up the DagBag from /home/ubuntu/venv/lib/python3.12/site-packages/airflow/example_dags/example_display_name.py
[2024-06-27T21:43:41.051+0000] {processor.py:840} INFO - DAG(s) 'example_display_name' retrieved from /home/ubuntu/venv/lib/python3.12/site-packages/airflow/example_dags/example_display_name.py
[2024-06-27T21:43:41.068+0000] {logging_mixin.py:188} INFO - [2024-06-27T21:43:41.068+0000] {dag.py:3096} INFO - Sync 1 DAGs
[2024-06-27T21:43:41.081+0000] {logging_mixin.py:188} INFO - [2024-06-27T21:43:41.081+0000] {dag.py:3954} INFO - Setting next_dagrun for example_display_name to None, run_after=None
[2024-06-27T21:43:41.105+0000] {processor.py:183} INFO - Processing /home/ubuntu/venv/lib/python3.12/site-packages/airflow/example_dags/example_display_name.py took 0.069 seconds
[2024-06-27T21:44:46.362+0000] {processor.py:161} INFO - Started process (PID=4901) to work on /home/ubuntu/venv/lib/python3.12/site-packages/airflow/example_dags/example_display_name.py
[2024-06-27T21:44:46.364+0000] {processor.py:830} INFO - Processing file /home/ubuntu/venv/lib/python3.12/site-packages/airflow/example_dags/example_display_name.py for tasks to queue
[2024-06-27T21:44:46.365+0000] {logging_mixin.py:188} INFO - [2024-06-27T21:44:46.364+0000] {dagbag.py:545} INFO - Filling up the DagBag from /home/ubuntu/venv/lib/python3.12/site-packages/airflow/example_dags/example_display_name.py
[2024-06-27T21:44:46.371+0000] {processor.py:840} INFO - DAG(s) 'example_display_name' retrieved from /home/ubuntu/venv/lib/python3.12/site-packages/airflow/example_dags/example_display_name.py
[2024-06-27T21:44:46.388+0000] {logging_mixin.py:188} INFO - [2024-06-27T21:44:46.387+0000] {dag.py:3096} INFO - Sync 1 DAGs
[2024-06-27T21:44:46.512+0000] {logging_mixin.py:188} INFO - [2024-06-27T21:44:46.512+0000] {dag.py:3954} INFO - Setting next_dagrun for example_display_name to None, run_after=None
[2024-06-27T21:44:46.533+0000] {processor.py:183} INFO - Processing /home/ubuntu/venv/lib/python3.12/site-packages/airflow/example_dags/example_display_name.py took 0.176 seconds
[2024-06-27T21:45:55.226+0000] {processor.py:161} INFO - Started process (PID=4974) to work on /home/ubuntu/venv/lib/python3.12/site-packages/airflow/example_dags/example_display_name.py
[2024-06-27T21:45:55.227+0000] {processor.py:830} INFO - Processing file /home/ubuntu/venv/lib/python3.12/site-packages/airflow/example_dags/example_display_name.py for tasks to queue
[2024-06-27T21:45:55.228+0000] {logging_mixin.py:188} INFO - [2024-06-27T21:45:55.228+0000] {dagbag.py:545} INFO - Filling up the DagBag from /home/ubuntu/venv/lib/python3.12/site-packages/airflow/example_dags/example_display_name.py
[2024-06-27T21:45:55.234+0000] {processor.py:840} INFO - DAG(s) 'example_display_name' retrieved from /home/ubuntu/venv/lib/python3.12/site-packages/airflow/example_dags/example_display_name.py
[2024-06-27T21:45:55.251+0000] {logging_mixin.py:188} INFO - [2024-06-27T21:45:55.251+0000] {dag.py:3096} INFO - Sync 1 DAGs
[2024-06-27T21:45:55.380+0000] {logging_mixin.py:188} INFO - [2024-06-27T21:45:55.379+0000] {dag.py:3954} INFO - Setting next_dagrun for example_display_name to None, run_after=None
[2024-06-27T21:45:55.400+0000] {processor.py:183} INFO - Processing /home/ubuntu/venv/lib/python3.12/site-packages/airflow/example_dags/example_display_name.py took 0.180 seconds
[2024-06-27T21:46:47.774+0000] {processor.py:161} INFO - Started process (PID=5023) to work on /home/ubuntu/venv/lib/python3.12/site-packages/airflow/example_dags/example_display_name.py
[2024-06-27T21:46:47.776+0000] {processor.py:830} INFO - Processing file /home/ubuntu/venv/lib/python3.12/site-packages/airflow/example_dags/example_display_name.py for tasks to queue
[2024-06-27T21:46:47.776+0000] {logging_mixin.py:188} INFO - [2024-06-27T21:46:47.776+0000] {dagbag.py:545} INFO - Filling up the DagBag from /home/ubuntu/venv/lib/python3.12/site-packages/airflow/example_dags/example_display_name.py
[2024-06-27T21:46:47.783+0000] {processor.py:840} INFO - DAG(s) 'example_display_name' retrieved from /home/ubuntu/venv/lib/python3.12/site-packages/airflow/example_dags/example_display_name.py
[2024-06-27T21:46:47.800+0000] {logging_mixin.py:188} INFO - [2024-06-27T21:46:47.799+0000] {dag.py:3096} INFO - Sync 1 DAGs
[2024-06-27T21:46:47.812+0000] {logging_mixin.py:188} INFO - [2024-06-27T21:46:47.812+0000] {dag.py:3954} INFO - Setting next_dagrun for example_display_name to None, run_after=None
[2024-06-27T21:46:47.836+0000] {processor.py:183} INFO - Processing /home/ubuntu/venv/lib/python3.12/site-packages/airflow/example_dags/example_display_name.py took 0.067 seconds
[2024-06-27T21:47:36.251+0000] {processor.py:161} INFO - Started process (PID=5101) to work on /home/ubuntu/venv/lib/python3.12/site-packages/airflow/example_dags/example_display_name.py
[2024-06-27T21:47:36.252+0000] {processor.py:830} INFO - Processing file /home/ubuntu/venv/lib/python3.12/site-packages/airflow/example_dags/example_display_name.py for tasks to queue
[2024-06-27T21:47:36.253+0000] {logging_mixin.py:188} INFO - [2024-06-27T21:47:36.253+0000] {dagbag.py:545} INFO - Filling up the DagBag from /home/ubuntu/venv/lib/python3.12/site-packages/airflow/example_dags/example_display_name.py
[2024-06-27T21:47:36.260+0000] {processor.py:840} INFO - DAG(s) 'example_display_name' retrieved from /home/ubuntu/venv/lib/python3.12/site-packages/airflow/example_dags/example_display_name.py
[2024-06-27T21:47:36.277+0000] {logging_mixin.py:188} INFO - [2024-06-27T21:47:36.277+0000] {dag.py:3096} INFO - Sync 1 DAGs
[2024-06-27T21:47:36.290+0000] {logging_mixin.py:188} INFO - [2024-06-27T21:47:36.289+0000] {dag.py:3954} INFO - Setting next_dagrun for example_display_name to None, run_after=None
[2024-06-27T21:47:36.312+0000] {processor.py:183} INFO - Processing /home/ubuntu/venv/lib/python3.12/site-packages/airflow/example_dags/example_display_name.py took 0.067 seconds
[2024-06-27T21:48:42.796+0000] {processor.py:161} INFO - Started process (PID=5267) to work on /home/ubuntu/venv/lib/python3.12/site-packages/airflow/example_dags/example_display_name.py
[2024-06-27T21:48:42.797+0000] {processor.py:830} INFO - Processing file /home/ubuntu/venv/lib/python3.12/site-packages/airflow/example_dags/example_display_name.py for tasks to queue
[2024-06-27T21:48:42.798+0000] {logging_mixin.py:188} INFO - [2024-06-27T21:48:42.798+0000] {dagbag.py:545} INFO - Filling up the DagBag from /home/ubuntu/venv/lib/python3.12/site-packages/airflow/example_dags/example_display_name.py
[2024-06-27T21:48:42.804+0000] {processor.py:840} INFO - DAG(s) 'example_display_name' retrieved from /home/ubuntu/venv/lib/python3.12/site-packages/airflow/example_dags/example_display_name.py
[2024-06-27T21:48:42.821+0000] {logging_mixin.py:188} INFO - [2024-06-27T21:48:42.821+0000] {dag.py:3096} INFO - Sync 1 DAGs
[2024-06-27T21:48:42.833+0000] {logging_mixin.py:188} INFO - [2024-06-27T21:48:42.833+0000] {dag.py:3954} INFO - Setting next_dagrun for example_display_name to None, run_after=None
[2024-06-27T21:48:42.856+0000] {processor.py:183} INFO - Processing /home/ubuntu/venv/lib/python3.12/site-packages/airflow/example_dags/example_display_name.py took 0.068 seconds
[2024-06-27T21:49:42.396+0000] {processor.py:161} INFO - Started process (PID=5329) to work on /home/ubuntu/venv/lib/python3.12/site-packages/airflow/example_dags/example_display_name.py
[2024-06-27T21:49:42.397+0000] {processor.py:830} INFO - Processing file /home/ubuntu/venv/lib/python3.12/site-packages/airflow/example_dags/example_display_name.py for tasks to queue
[2024-06-27T21:49:42.399+0000] {logging_mixin.py:188} INFO - [2024-06-27T21:49:42.398+0000] {dagbag.py:545} INFO - Filling up the DagBag from /home/ubuntu/venv/lib/python3.12/site-packages/airflow/example_dags/example_display_name.py
[2024-06-27T21:49:42.405+0000] {processor.py:840} INFO - DAG(s) 'example_display_name' retrieved from /home/ubuntu/venv/lib/python3.12/site-packages/airflow/example_dags/example_display_name.py
[2024-06-27T21:49:42.421+0000] {logging_mixin.py:188} INFO - [2024-06-27T21:49:42.421+0000] {dag.py:3096} INFO - Sync 1 DAGs
[2024-06-27T21:49:42.434+0000] {logging_mixin.py:188} INFO - [2024-06-27T21:49:42.433+0000] {dag.py:3954} INFO - Setting next_dagrun for example_display_name to None, run_after=None
[2024-06-27T21:49:42.456+0000] {processor.py:183} INFO - Processing /home/ubuntu/venv/lib/python3.12/site-packages/airflow/example_dags/example_display_name.py took 0.068 seconds
