[2024-06-27T21:19:43.220+0000] {processor.py:161} INFO - Started process (PID=2943) to work on /home/ubuntu/venv/lib/python3.12/site-packages/airflow/example_dags/example_short_circuit_operator.py
[2024-06-27T21:19:43.221+0000] {processor.py:830} INFO - Processing file /home/ubuntu/venv/lib/python3.12/site-packages/airflow/example_dags/example_short_circuit_operator.py for tasks to queue
[2024-06-27T21:19:43.223+0000] {logging_mixin.py:188} INFO - [2024-06-27T21:19:43.223+0000] {dagbag.py:545} INFO - Filling up the DagBag from /home/ubuntu/venv/lib/python3.12/site-packages/airflow/example_dags/example_short_circuit_operator.py
[2024-06-27T21:19:43.233+0000] {processor.py:840} INFO - DAG(s) 'example_short_circuit_operator' retrieved from /home/ubuntu/venv/lib/python3.12/site-packages/airflow/example_dags/example_short_circuit_operator.py
[2024-06-27T21:19:43.351+0000] {logging_mixin.py:188} INFO - [2024-06-27T21:19:43.350+0000] {override.py:1847} INFO - Created Permission View: can read on DAG:example_short_circuit_operator
[2024-06-27T21:19:43.365+0000] {logging_mixin.py:188} INFO - [2024-06-27T21:19:43.365+0000] {override.py:1847} INFO - Created Permission View: can delete on DAG:example_short_circuit_operator
[2024-06-27T21:19:43.375+0000] {logging_mixin.py:188} INFO - [2024-06-27T21:19:43.375+0000] {override.py:1847} INFO - Created Permission View: can edit on DAG:example_short_circuit_operator
[2024-06-27T21:19:43.375+0000] {logging_mixin.py:188} INFO - [2024-06-27T21:19:43.375+0000] {dag.py:3096} INFO - Sync 1 DAGs
[2024-06-27T21:19:43.386+0000] {logging_mixin.py:188} INFO - [2024-06-27T21:19:43.386+0000] {dag.py:3118} INFO - Creating ORM DAG for example_short_circuit_operator
[2024-06-27T21:19:43.395+0000] {logging_mixin.py:188} INFO - [2024-06-27T21:19:43.394+0000] {dag.py:3954} INFO - Setting next_dagrun for example_short_circuit_operator to 2024-06-26 00:00:00+00:00, run_after=2024-06-27 00:00:00+00:00
[2024-06-27T21:19:43.417+0000] {processor.py:183} INFO - Processing /home/ubuntu/venv/lib/python3.12/site-packages/airflow/example_dags/example_short_circuit_operator.py took 0.202 seconds
[2024-06-27T21:20:38.934+0000] {processor.py:161} INFO - Started process (PID=3092) to work on /home/ubuntu/venv/lib/python3.12/site-packages/airflow/example_dags/example_short_circuit_operator.py
[2024-06-27T21:20:38.936+0000] {processor.py:830} INFO - Processing file /home/ubuntu/venv/lib/python3.12/site-packages/airflow/example_dags/example_short_circuit_operator.py for tasks to queue
[2024-06-27T21:20:38.937+0000] {logging_mixin.py:188} INFO - [2024-06-27T21:20:38.937+0000] {dagbag.py:545} INFO - Filling up the DagBag from /home/ubuntu/venv/lib/python3.12/site-packages/airflow/example_dags/example_short_circuit_operator.py
[2024-06-27T21:20:38.945+0000] {processor.py:840} INFO - DAG(s) 'example_short_circuit_operator' retrieved from /home/ubuntu/venv/lib/python3.12/site-packages/airflow/example_dags/example_short_circuit_operator.py
[2024-06-27T21:20:38.965+0000] {logging_mixin.py:188} INFO - [2024-06-27T21:20:38.965+0000] {dag.py:3096} INFO - Sync 1 DAGs
[2024-06-27T21:20:38.986+0000] {logging_mixin.py:188} INFO - [2024-06-27T21:20:38.986+0000] {dag.py:3954} INFO - Setting next_dagrun for example_short_circuit_operator to 2024-06-26 00:00:00+00:00, run_after=2024-06-27 00:00:00+00:00
[2024-06-27T21:20:39.011+0000] {processor.py:183} INFO - Processing /home/ubuntu/venv/lib/python3.12/site-packages/airflow/example_dags/example_short_circuit_operator.py took 0.083 seconds
[2024-06-27T21:21:24.468+0000] {processor.py:161} INFO - Started process (PID=3331) to work on /home/ubuntu/venv/lib/python3.12/site-packages/airflow/example_dags/example_short_circuit_operator.py
[2024-06-27T21:21:24.470+0000] {processor.py:830} INFO - Processing file /home/ubuntu/venv/lib/python3.12/site-packages/airflow/example_dags/example_short_circuit_operator.py for tasks to queue
[2024-06-27T21:21:24.472+0000] {logging_mixin.py:188} INFO - [2024-06-27T21:21:24.471+0000] {dagbag.py:545} INFO - Filling up the DagBag from /home/ubuntu/venv/lib/python3.12/site-packages/airflow/example_dags/example_short_circuit_operator.py
[2024-06-27T21:21:24.480+0000] {processor.py:840} INFO - DAG(s) 'example_short_circuit_operator' retrieved from /home/ubuntu/venv/lib/python3.12/site-packages/airflow/example_dags/example_short_circuit_operator.py
[2024-06-27T21:21:24.500+0000] {logging_mixin.py:188} INFO - [2024-06-27T21:21:24.499+0000] {dag.py:3096} INFO - Sync 1 DAGs
[2024-06-27T21:21:24.520+0000] {logging_mixin.py:188} INFO - [2024-06-27T21:21:24.519+0000] {dag.py:3954} INFO - Setting next_dagrun for example_short_circuit_operator to 2024-06-26 00:00:00+00:00, run_after=2024-06-27 00:00:00+00:00
[2024-06-27T21:21:24.542+0000] {processor.py:183} INFO - Processing /home/ubuntu/venv/lib/python3.12/site-packages/airflow/example_dags/example_short_circuit_operator.py took 0.080 seconds
[2024-06-27T21:22:14.143+0000] {processor.py:161} INFO - Started process (PID=3396) to work on /home/ubuntu/venv/lib/python3.12/site-packages/airflow/example_dags/example_short_circuit_operator.py
[2024-06-27T21:22:14.144+0000] {processor.py:830} INFO - Processing file /home/ubuntu/venv/lib/python3.12/site-packages/airflow/example_dags/example_short_circuit_operator.py for tasks to queue
[2024-06-27T21:22:14.146+0000] {logging_mixin.py:188} INFO - [2024-06-27T21:22:14.146+0000] {dagbag.py:545} INFO - Filling up the DagBag from /home/ubuntu/venv/lib/python3.12/site-packages/airflow/example_dags/example_short_circuit_operator.py
[2024-06-27T21:22:14.154+0000] {processor.py:840} INFO - DAG(s) 'example_short_circuit_operator' retrieved from /home/ubuntu/venv/lib/python3.12/site-packages/airflow/example_dags/example_short_circuit_operator.py
[2024-06-27T21:22:14.174+0000] {logging_mixin.py:188} INFO - [2024-06-27T21:22:14.174+0000] {dag.py:3096} INFO - Sync 1 DAGs
[2024-06-27T21:22:14.194+0000] {logging_mixin.py:188} INFO - [2024-06-27T21:22:14.194+0000] {dag.py:3954} INFO - Setting next_dagrun for example_short_circuit_operator to 2024-06-26 00:00:00+00:00, run_after=2024-06-27 00:00:00+00:00
[2024-06-27T21:22:14.217+0000] {processor.py:183} INFO - Processing /home/ubuntu/venv/lib/python3.12/site-packages/airflow/example_dags/example_short_circuit_operator.py took 0.080 seconds
[2024-06-27T21:22:55.518+0000] {processor.py:161} INFO - Started process (PID=3441) to work on /home/ubuntu/venv/lib/python3.12/site-packages/airflow/example_dags/example_short_circuit_operator.py
[2024-06-27T21:22:55.520+0000] {processor.py:830} INFO - Processing file /home/ubuntu/venv/lib/python3.12/site-packages/airflow/example_dags/example_short_circuit_operator.py for tasks to queue
[2024-06-27T21:22:55.521+0000] {logging_mixin.py:188} INFO - [2024-06-27T21:22:55.521+0000] {dagbag.py:545} INFO - Filling up the DagBag from /home/ubuntu/venv/lib/python3.12/site-packages/airflow/example_dags/example_short_circuit_operator.py
[2024-06-27T21:22:55.529+0000] {processor.py:840} INFO - DAG(s) 'example_short_circuit_operator' retrieved from /home/ubuntu/venv/lib/python3.12/site-packages/airflow/example_dags/example_short_circuit_operator.py
[2024-06-27T21:22:55.549+0000] {logging_mixin.py:188} INFO - [2024-06-27T21:22:55.548+0000] {dag.py:3096} INFO - Sync 1 DAGs
[2024-06-27T21:22:55.568+0000] {logging_mixin.py:188} INFO - [2024-06-27T21:22:55.568+0000] {dag.py:3954} INFO - Setting next_dagrun for example_short_circuit_operator to 2024-06-26 00:00:00+00:00, run_after=2024-06-27 00:00:00+00:00
[2024-06-27T21:22:55.591+0000] {processor.py:183} INFO - Processing /home/ubuntu/venv/lib/python3.12/site-packages/airflow/example_dags/example_short_circuit_operator.py took 0.078 seconds
[2024-06-27T21:23:34.857+0000] {processor.py:161} INFO - Started process (PID=3484) to work on /home/ubuntu/venv/lib/python3.12/site-packages/airflow/example_dags/example_short_circuit_operator.py
[2024-06-27T21:23:34.859+0000] {processor.py:830} INFO - Processing file /home/ubuntu/venv/lib/python3.12/site-packages/airflow/example_dags/example_short_circuit_operator.py for tasks to queue
[2024-06-27T21:23:34.861+0000] {logging_mixin.py:188} INFO - [2024-06-27T21:23:34.860+0000] {dagbag.py:545} INFO - Filling up the DagBag from /home/ubuntu/venv/lib/python3.12/site-packages/airflow/example_dags/example_short_circuit_operator.py
[2024-06-27T21:23:34.869+0000] {processor.py:840} INFO - DAG(s) 'example_short_circuit_operator' retrieved from /home/ubuntu/venv/lib/python3.12/site-packages/airflow/example_dags/example_short_circuit_operator.py
[2024-06-27T21:23:34.889+0000] {logging_mixin.py:188} INFO - [2024-06-27T21:23:34.889+0000] {dag.py:3096} INFO - Sync 1 DAGs
[2024-06-27T21:23:34.909+0000] {logging_mixin.py:188} INFO - [2024-06-27T21:23:34.909+0000] {dag.py:3954} INFO - Setting next_dagrun for example_short_circuit_operator to 2024-06-26 00:00:00+00:00, run_after=2024-06-27 00:00:00+00:00
[2024-06-27T21:23:34.933+0000] {processor.py:183} INFO - Processing /home/ubuntu/venv/lib/python3.12/site-packages/airflow/example_dags/example_short_circuit_operator.py took 0.081 seconds
[2024-06-27T21:24:13.612+0000] {processor.py:161} INFO - Started process (PID=3525) to work on /home/ubuntu/venv/lib/python3.12/site-packages/airflow/example_dags/example_short_circuit_operator.py
[2024-06-27T21:24:13.614+0000] {processor.py:830} INFO - Processing file /home/ubuntu/venv/lib/python3.12/site-packages/airflow/example_dags/example_short_circuit_operator.py for tasks to queue
[2024-06-27T21:24:13.616+0000] {logging_mixin.py:188} INFO - [2024-06-27T21:24:13.615+0000] {dagbag.py:545} INFO - Filling up the DagBag from /home/ubuntu/venv/lib/python3.12/site-packages/airflow/example_dags/example_short_circuit_operator.py
[2024-06-27T21:24:13.624+0000] {processor.py:840} INFO - DAG(s) 'example_short_circuit_operator' retrieved from /home/ubuntu/venv/lib/python3.12/site-packages/airflow/example_dags/example_short_circuit_operator.py
[2024-06-27T21:24:13.644+0000] {logging_mixin.py:188} INFO - [2024-06-27T21:24:13.644+0000] {dag.py:3096} INFO - Sync 1 DAGs
[2024-06-27T21:24:13.665+0000] {logging_mixin.py:188} INFO - [2024-06-27T21:24:13.664+0000] {dag.py:3954} INFO - Setting next_dagrun for example_short_circuit_operator to 2024-06-26 00:00:00+00:00, run_after=2024-06-27 00:00:00+00:00
[2024-06-27T21:24:13.689+0000] {processor.py:183} INFO - Processing /home/ubuntu/venv/lib/python3.12/site-packages/airflow/example_dags/example_short_circuit_operator.py took 0.083 seconds
[2024-06-27T21:24:53.842+0000] {processor.py:161} INFO - Started process (PID=3568) to work on /home/ubuntu/venv/lib/python3.12/site-packages/airflow/example_dags/example_short_circuit_operator.py
[2024-06-27T21:24:53.844+0000] {processor.py:830} INFO - Processing file /home/ubuntu/venv/lib/python3.12/site-packages/airflow/example_dags/example_short_circuit_operator.py for tasks to queue
[2024-06-27T21:24:53.845+0000] {logging_mixin.py:188} INFO - [2024-06-27T21:24:53.844+0000] {dagbag.py:545} INFO - Filling up the DagBag from /home/ubuntu/venv/lib/python3.12/site-packages/airflow/example_dags/example_short_circuit_operator.py
[2024-06-27T21:24:53.853+0000] {processor.py:840} INFO - DAG(s) 'example_short_circuit_operator' retrieved from /home/ubuntu/venv/lib/python3.12/site-packages/airflow/example_dags/example_short_circuit_operator.py
[2024-06-27T21:24:53.873+0000] {logging_mixin.py:188} INFO - [2024-06-27T21:24:53.873+0000] {dag.py:3096} INFO - Sync 1 DAGs
[2024-06-27T21:24:53.892+0000] {logging_mixin.py:188} INFO - [2024-06-27T21:24:53.892+0000] {dag.py:3954} INFO - Setting next_dagrun for example_short_circuit_operator to 2024-06-26 00:00:00+00:00, run_after=2024-06-27 00:00:00+00:00
[2024-06-27T21:24:53.915+0000] {processor.py:183} INFO - Processing /home/ubuntu/venv/lib/python3.12/site-packages/airflow/example_dags/example_short_circuit_operator.py took 0.078 seconds
[2024-06-27T21:25:37.307+0000] {processor.py:161} INFO - Started process (PID=3621) to work on /home/ubuntu/venv/lib/python3.12/site-packages/airflow/example_dags/example_short_circuit_operator.py
[2024-06-27T21:25:37.309+0000] {processor.py:830} INFO - Processing file /home/ubuntu/venv/lib/python3.12/site-packages/airflow/example_dags/example_short_circuit_operator.py for tasks to queue
[2024-06-27T21:25:37.310+0000] {logging_mixin.py:188} INFO - [2024-06-27T21:25:37.309+0000] {dagbag.py:545} INFO - Filling up the DagBag from /home/ubuntu/venv/lib/python3.12/site-packages/airflow/example_dags/example_short_circuit_operator.py
[2024-06-27T21:25:37.319+0000] {processor.py:840} INFO - DAG(s) 'example_short_circuit_operator' retrieved from /home/ubuntu/venv/lib/python3.12/site-packages/airflow/example_dags/example_short_circuit_operator.py
[2024-06-27T21:25:37.339+0000] {logging_mixin.py:188} INFO - [2024-06-27T21:25:37.339+0000] {dag.py:3096} INFO - Sync 1 DAGs
[2024-06-27T21:25:37.360+0000] {logging_mixin.py:188} INFO - [2024-06-27T21:25:37.360+0000] {dag.py:3954} INFO - Setting next_dagrun for example_short_circuit_operator to 2024-06-26 00:00:00+00:00, run_after=2024-06-27 00:00:00+00:00
[2024-06-27T21:25:37.384+0000] {processor.py:183} INFO - Processing /home/ubuntu/venv/lib/python3.12/site-packages/airflow/example_dags/example_short_circuit_operator.py took 0.083 seconds
[2024-06-27T21:26:18.484+0000] {processor.py:161} INFO - Started process (PID=3663) to work on /home/ubuntu/venv/lib/python3.12/site-packages/airflow/example_dags/example_short_circuit_operator.py
[2024-06-27T21:26:18.485+0000] {processor.py:830} INFO - Processing file /home/ubuntu/venv/lib/python3.12/site-packages/airflow/example_dags/example_short_circuit_operator.py for tasks to queue
[2024-06-27T21:26:18.486+0000] {logging_mixin.py:188} INFO - [2024-06-27T21:26:18.486+0000] {dagbag.py:545} INFO - Filling up the DagBag from /home/ubuntu/venv/lib/python3.12/site-packages/airflow/example_dags/example_short_circuit_operator.py
[2024-06-27T21:26:18.495+0000] {processor.py:840} INFO - DAG(s) 'example_short_circuit_operator' retrieved from /home/ubuntu/venv/lib/python3.12/site-packages/airflow/example_dags/example_short_circuit_operator.py
[2024-06-27T21:26:18.515+0000] {logging_mixin.py:188} INFO - [2024-06-27T21:26:18.514+0000] {dag.py:3096} INFO - Sync 1 DAGs
[2024-06-27T21:26:18.534+0000] {logging_mixin.py:188} INFO - [2024-06-27T21:26:18.534+0000] {dag.py:3954} INFO - Setting next_dagrun for example_short_circuit_operator to 2024-06-26 00:00:00+00:00, run_after=2024-06-27 00:00:00+00:00
[2024-06-27T21:26:18.557+0000] {processor.py:183} INFO - Processing /home/ubuntu/venv/lib/python3.12/site-packages/airflow/example_dags/example_short_circuit_operator.py took 0.079 seconds
[2024-06-27T21:27:02.348+0000] {processor.py:161} INFO - Started process (PID=3708) to work on /home/ubuntu/venv/lib/python3.12/site-packages/airflow/example_dags/example_short_circuit_operator.py
[2024-06-27T21:27:02.350+0000] {processor.py:830} INFO - Processing file /home/ubuntu/venv/lib/python3.12/site-packages/airflow/example_dags/example_short_circuit_operator.py for tasks to queue
[2024-06-27T21:27:02.351+0000] {logging_mixin.py:188} INFO - [2024-06-27T21:27:02.350+0000] {dagbag.py:545} INFO - Filling up the DagBag from /home/ubuntu/venv/lib/python3.12/site-packages/airflow/example_dags/example_short_circuit_operator.py
[2024-06-27T21:27:02.359+0000] {processor.py:840} INFO - DAG(s) 'example_short_circuit_operator' retrieved from /home/ubuntu/venv/lib/python3.12/site-packages/airflow/example_dags/example_short_circuit_operator.py
[2024-06-27T21:27:02.379+0000] {logging_mixin.py:188} INFO - [2024-06-27T21:27:02.379+0000] {dag.py:3096} INFO - Sync 1 DAGs
[2024-06-27T21:27:02.399+0000] {logging_mixin.py:188} INFO - [2024-06-27T21:27:02.399+0000] {dag.py:3954} INFO - Setting next_dagrun for example_short_circuit_operator to 2024-06-26 00:00:00+00:00, run_after=2024-06-27 00:00:00+00:00
[2024-06-27T21:27:02.422+0000] {processor.py:183} INFO - Processing /home/ubuntu/venv/lib/python3.12/site-packages/airflow/example_dags/example_short_circuit_operator.py took 0.080 seconds
[2024-06-27T21:27:44.542+0000] {processor.py:161} INFO - Started process (PID=3752) to work on /home/ubuntu/venv/lib/python3.12/site-packages/airflow/example_dags/example_short_circuit_operator.py
[2024-06-27T21:27:44.543+0000] {processor.py:830} INFO - Processing file /home/ubuntu/venv/lib/python3.12/site-packages/airflow/example_dags/example_short_circuit_operator.py for tasks to queue
[2024-06-27T21:27:44.544+0000] {logging_mixin.py:188} INFO - [2024-06-27T21:27:44.544+0000] {dagbag.py:545} INFO - Filling up the DagBag from /home/ubuntu/venv/lib/python3.12/site-packages/airflow/example_dags/example_short_circuit_operator.py
[2024-06-27T21:27:44.553+0000] {processor.py:840} INFO - DAG(s) 'example_short_circuit_operator' retrieved from /home/ubuntu/venv/lib/python3.12/site-packages/airflow/example_dags/example_short_circuit_operator.py
[2024-06-27T21:27:44.573+0000] {logging_mixin.py:188} INFO - [2024-06-27T21:27:44.573+0000] {dag.py:3096} INFO - Sync 1 DAGs
[2024-06-27T21:27:44.594+0000] {logging_mixin.py:188} INFO - [2024-06-27T21:27:44.593+0000] {dag.py:3954} INFO - Setting next_dagrun for example_short_circuit_operator to 2024-06-26 00:00:00+00:00, run_after=2024-06-27 00:00:00+00:00
[2024-06-27T21:27:44.617+0000] {processor.py:183} INFO - Processing /home/ubuntu/venv/lib/python3.12/site-packages/airflow/example_dags/example_short_circuit_operator.py took 0.081 seconds
[2024-06-27T21:28:49.642+0000] {processor.py:161} INFO - Started process (PID=3840) to work on /home/ubuntu/venv/lib/python3.12/site-packages/airflow/example_dags/example_short_circuit_operator.py
[2024-06-27T21:28:49.643+0000] {processor.py:830} INFO - Processing file /home/ubuntu/venv/lib/python3.12/site-packages/airflow/example_dags/example_short_circuit_operator.py for tasks to queue
[2024-06-27T21:28:49.644+0000] {logging_mixin.py:188} INFO - [2024-06-27T21:28:49.644+0000] {dagbag.py:545} INFO - Filling up the DagBag from /home/ubuntu/venv/lib/python3.12/site-packages/airflow/example_dags/example_short_circuit_operator.py
[2024-06-27T21:28:49.653+0000] {processor.py:840} INFO - DAG(s) 'example_short_circuit_operator' retrieved from /home/ubuntu/venv/lib/python3.12/site-packages/airflow/example_dags/example_short_circuit_operator.py
[2024-06-27T21:28:49.673+0000] {logging_mixin.py:188} INFO - [2024-06-27T21:28:49.672+0000] {dag.py:3096} INFO - Sync 1 DAGs
[2024-06-27T21:28:49.693+0000] {logging_mixin.py:188} INFO - [2024-06-27T21:28:49.693+0000] {dag.py:3954} INFO - Setting next_dagrun for example_short_circuit_operator to 2024-06-26 00:00:00+00:00, run_after=2024-06-27 00:00:00+00:00
[2024-06-27T21:28:49.715+0000] {processor.py:183} INFO - Processing /home/ubuntu/venv/lib/python3.12/site-packages/airflow/example_dags/example_short_circuit_operator.py took 0.079 seconds
[2024-06-27T21:29:39.872+0000] {processor.py:161} INFO - Started process (PID=3893) to work on /home/ubuntu/venv/lib/python3.12/site-packages/airflow/example_dags/example_short_circuit_operator.py
[2024-06-27T21:29:39.874+0000] {processor.py:830} INFO - Processing file /home/ubuntu/venv/lib/python3.12/site-packages/airflow/example_dags/example_short_circuit_operator.py for tasks to queue
[2024-06-27T21:29:39.875+0000] {logging_mixin.py:188} INFO - [2024-06-27T21:29:39.874+0000] {dagbag.py:545} INFO - Filling up the DagBag from /home/ubuntu/venv/lib/python3.12/site-packages/airflow/example_dags/example_short_circuit_operator.py
[2024-06-27T21:29:39.883+0000] {processor.py:840} INFO - DAG(s) 'example_short_circuit_operator' retrieved from /home/ubuntu/venv/lib/python3.12/site-packages/airflow/example_dags/example_short_circuit_operator.py
[2024-06-27T21:29:39.903+0000] {logging_mixin.py:188} INFO - [2024-06-27T21:29:39.902+0000] {dag.py:3096} INFO - Sync 1 DAGs
[2024-06-27T21:29:39.922+0000] {logging_mixin.py:188} INFO - [2024-06-27T21:29:39.922+0000] {dag.py:3954} INFO - Setting next_dagrun for example_short_circuit_operator to 2024-06-26 00:00:00+00:00, run_after=2024-06-27 00:00:00+00:00
[2024-06-27T21:29:39.946+0000] {processor.py:183} INFO - Processing /home/ubuntu/venv/lib/python3.12/site-packages/airflow/example_dags/example_short_circuit_operator.py took 0.079 seconds
[2024-06-27T21:30:22.147+0000] {processor.py:161} INFO - Started process (PID=3947) to work on /home/ubuntu/venv/lib/python3.12/site-packages/airflow/example_dags/example_short_circuit_operator.py
[2024-06-27T21:30:22.148+0000] {processor.py:830} INFO - Processing file /home/ubuntu/venv/lib/python3.12/site-packages/airflow/example_dags/example_short_circuit_operator.py for tasks to queue
[2024-06-27T21:30:22.149+0000] {logging_mixin.py:188} INFO - [2024-06-27T21:30:22.149+0000] {dagbag.py:545} INFO - Filling up the DagBag from /home/ubuntu/venv/lib/python3.12/site-packages/airflow/example_dags/example_short_circuit_operator.py
[2024-06-27T21:30:22.158+0000] {processor.py:840} INFO - DAG(s) 'example_short_circuit_operator' retrieved from /home/ubuntu/venv/lib/python3.12/site-packages/airflow/example_dags/example_short_circuit_operator.py
[2024-06-27T21:30:22.178+0000] {logging_mixin.py:188} INFO - [2024-06-27T21:30:22.177+0000] {dag.py:3096} INFO - Sync 1 DAGs
[2024-06-27T21:30:22.198+0000] {logging_mixin.py:188} INFO - [2024-06-27T21:30:22.197+0000] {dag.py:3954} INFO - Setting next_dagrun for example_short_circuit_operator to 2024-06-26 00:00:00+00:00, run_after=2024-06-27 00:00:00+00:00
[2024-06-27T21:30:22.221+0000] {processor.py:183} INFO - Processing /home/ubuntu/venv/lib/python3.12/site-packages/airflow/example_dags/example_short_circuit_operator.py took 0.081 seconds
[2024-06-27T21:31:04.579+0000] {processor.py:161} INFO - Started process (PID=3991) to work on /home/ubuntu/venv/lib/python3.12/site-packages/airflow/example_dags/example_short_circuit_operator.py
[2024-06-27T21:31:04.580+0000] {processor.py:830} INFO - Processing file /home/ubuntu/venv/lib/python3.12/site-packages/airflow/example_dags/example_short_circuit_operator.py for tasks to queue
[2024-06-27T21:31:04.581+0000] {logging_mixin.py:188} INFO - [2024-06-27T21:31:04.581+0000] {dagbag.py:545} INFO - Filling up the DagBag from /home/ubuntu/venv/lib/python3.12/site-packages/airflow/example_dags/example_short_circuit_operator.py
[2024-06-27T21:31:04.590+0000] {processor.py:840} INFO - DAG(s) 'example_short_circuit_operator' retrieved from /home/ubuntu/venv/lib/python3.12/site-packages/airflow/example_dags/example_short_circuit_operator.py
[2024-06-27T21:31:04.610+0000] {logging_mixin.py:188} INFO - [2024-06-27T21:31:04.609+0000] {dag.py:3096} INFO - Sync 1 DAGs
[2024-06-27T21:31:04.630+0000] {logging_mixin.py:188} INFO - [2024-06-27T21:31:04.629+0000] {dag.py:3954} INFO - Setting next_dagrun for example_short_circuit_operator to 2024-06-26 00:00:00+00:00, run_after=2024-06-27 00:00:00+00:00
[2024-06-27T21:31:04.653+0000] {processor.py:183} INFO - Processing /home/ubuntu/venv/lib/python3.12/site-packages/airflow/example_dags/example_short_circuit_operator.py took 0.080 seconds
[2024-06-27T21:31:48.238+0000] {processor.py:161} INFO - Started process (PID=4035) to work on /home/ubuntu/venv/lib/python3.12/site-packages/airflow/example_dags/example_short_circuit_operator.py
[2024-06-27T21:31:48.239+0000] {processor.py:830} INFO - Processing file /home/ubuntu/venv/lib/python3.12/site-packages/airflow/example_dags/example_short_circuit_operator.py for tasks to queue
[2024-06-27T21:31:48.240+0000] {logging_mixin.py:188} INFO - [2024-06-27T21:31:48.240+0000] {dagbag.py:545} INFO - Filling up the DagBag from /home/ubuntu/venv/lib/python3.12/site-packages/airflow/example_dags/example_short_circuit_operator.py
[2024-06-27T21:31:48.249+0000] {processor.py:840} INFO - DAG(s) 'example_short_circuit_operator' retrieved from /home/ubuntu/venv/lib/python3.12/site-packages/airflow/example_dags/example_short_circuit_operator.py
[2024-06-27T21:31:48.268+0000] {logging_mixin.py:188} INFO - [2024-06-27T21:31:48.268+0000] {dag.py:3096} INFO - Sync 1 DAGs
[2024-06-27T21:31:48.288+0000] {logging_mixin.py:188} INFO - [2024-06-27T21:31:48.288+0000] {dag.py:3954} INFO - Setting next_dagrun for example_short_circuit_operator to 2024-06-26 00:00:00+00:00, run_after=2024-06-27 00:00:00+00:00
[2024-06-27T21:31:48.311+0000] {processor.py:183} INFO - Processing /home/ubuntu/venv/lib/python3.12/site-packages/airflow/example_dags/example_short_circuit_operator.py took 0.079 seconds
[2024-06-27T21:32:38.776+0000] {processor.py:161} INFO - Started process (PID=4089) to work on /home/ubuntu/venv/lib/python3.12/site-packages/airflow/example_dags/example_short_circuit_operator.py
[2024-06-27T21:32:38.778+0000] {processor.py:830} INFO - Processing file /home/ubuntu/venv/lib/python3.12/site-packages/airflow/example_dags/example_short_circuit_operator.py for tasks to queue
[2024-06-27T21:32:38.779+0000] {logging_mixin.py:188} INFO - [2024-06-27T21:32:38.778+0000] {dagbag.py:545} INFO - Filling up the DagBag from /home/ubuntu/venv/lib/python3.12/site-packages/airflow/example_dags/example_short_circuit_operator.py
[2024-06-27T21:32:38.787+0000] {processor.py:840} INFO - DAG(s) 'example_short_circuit_operator' retrieved from /home/ubuntu/venv/lib/python3.12/site-packages/airflow/example_dags/example_short_circuit_operator.py
[2024-06-27T21:32:38.807+0000] {logging_mixin.py:188} INFO - [2024-06-27T21:32:38.807+0000] {dag.py:3096} INFO - Sync 1 DAGs
[2024-06-27T21:32:38.827+0000] {logging_mixin.py:188} INFO - [2024-06-27T21:32:38.826+0000] {dag.py:3954} INFO - Setting next_dagrun for example_short_circuit_operator to 2024-06-26 00:00:00+00:00, run_after=2024-06-27 00:00:00+00:00
[2024-06-27T21:32:38.849+0000] {processor.py:183} INFO - Processing /home/ubuntu/venv/lib/python3.12/site-packages/airflow/example_dags/example_short_circuit_operator.py took 0.079 seconds
[2024-06-27T21:33:32.589+0000] {processor.py:161} INFO - Started process (PID=4156) to work on /home/ubuntu/venv/lib/python3.12/site-packages/airflow/example_dags/example_short_circuit_operator.py
[2024-06-27T21:33:32.590+0000] {processor.py:830} INFO - Processing file /home/ubuntu/venv/lib/python3.12/site-packages/airflow/example_dags/example_short_circuit_operator.py for tasks to queue
[2024-06-27T21:33:32.591+0000] {logging_mixin.py:188} INFO - [2024-06-27T21:33:32.591+0000] {dagbag.py:545} INFO - Filling up the DagBag from /home/ubuntu/venv/lib/python3.12/site-packages/airflow/example_dags/example_short_circuit_operator.py
[2024-06-27T21:33:32.600+0000] {processor.py:840} INFO - DAG(s) 'example_short_circuit_operator' retrieved from /home/ubuntu/venv/lib/python3.12/site-packages/airflow/example_dags/example_short_circuit_operator.py
[2024-06-27T21:33:32.620+0000] {logging_mixin.py:188} INFO - [2024-06-27T21:33:32.620+0000] {dag.py:3096} INFO - Sync 1 DAGs
[2024-06-27T21:33:32.640+0000] {logging_mixin.py:188} INFO - [2024-06-27T21:33:32.640+0000] {dag.py:3954} INFO - Setting next_dagrun for example_short_circuit_operator to 2024-06-26 00:00:00+00:00, run_after=2024-06-27 00:00:00+00:00
[2024-06-27T21:33:32.663+0000] {processor.py:183} INFO - Processing /home/ubuntu/venv/lib/python3.12/site-packages/airflow/example_dags/example_short_circuit_operator.py took 0.080 seconds
[2024-06-27T21:34:16.489+0000] {processor.py:161} INFO - Started process (PID=4201) to work on /home/ubuntu/venv/lib/python3.12/site-packages/airflow/example_dags/example_short_circuit_operator.py
[2024-06-27T21:34:16.490+0000] {processor.py:830} INFO - Processing file /home/ubuntu/venv/lib/python3.12/site-packages/airflow/example_dags/example_short_circuit_operator.py for tasks to queue
[2024-06-27T21:34:16.491+0000] {logging_mixin.py:188} INFO - [2024-06-27T21:34:16.491+0000] {dagbag.py:545} INFO - Filling up the DagBag from /home/ubuntu/venv/lib/python3.12/site-packages/airflow/example_dags/example_short_circuit_operator.py
[2024-06-27T21:34:16.500+0000] {processor.py:840} INFO - DAG(s) 'example_short_circuit_operator' retrieved from /home/ubuntu/venv/lib/python3.12/site-packages/airflow/example_dags/example_short_circuit_operator.py
[2024-06-27T21:34:16.520+0000] {logging_mixin.py:188} INFO - [2024-06-27T21:34:16.520+0000] {dag.py:3096} INFO - Sync 1 DAGs
[2024-06-27T21:34:16.540+0000] {logging_mixin.py:188} INFO - [2024-06-27T21:34:16.540+0000] {dag.py:3954} INFO - Setting next_dagrun for example_short_circuit_operator to 2024-06-26 00:00:00+00:00, run_after=2024-06-27 00:00:00+00:00
[2024-06-27T21:34:16.563+0000] {processor.py:183} INFO - Processing /home/ubuntu/venv/lib/python3.12/site-packages/airflow/example_dags/example_short_circuit_operator.py took 0.081 seconds
[2024-06-27T21:35:00.064+0000] {processor.py:161} INFO - Started process (PID=4246) to work on /home/ubuntu/venv/lib/python3.12/site-packages/airflow/example_dags/example_short_circuit_operator.py
[2024-06-27T21:35:00.066+0000] {processor.py:830} INFO - Processing file /home/ubuntu/venv/lib/python3.12/site-packages/airflow/example_dags/example_short_circuit_operator.py for tasks to queue
[2024-06-27T21:35:00.067+0000] {logging_mixin.py:188} INFO - [2024-06-27T21:35:00.067+0000] {dagbag.py:545} INFO - Filling up the DagBag from /home/ubuntu/venv/lib/python3.12/site-packages/airflow/example_dags/example_short_circuit_operator.py
[2024-06-27T21:35:00.081+0000] {processor.py:840} INFO - DAG(s) 'example_short_circuit_operator' retrieved from /home/ubuntu/venv/lib/python3.12/site-packages/airflow/example_dags/example_short_circuit_operator.py
[2024-06-27T21:35:00.113+0000] {logging_mixin.py:188} INFO - [2024-06-27T21:35:00.113+0000] {dag.py:3096} INFO - Sync 1 DAGs
[2024-06-27T21:35:00.146+0000] {logging_mixin.py:188} INFO - [2024-06-27T21:35:00.146+0000] {dag.py:3954} INFO - Setting next_dagrun for example_short_circuit_operator to 2024-06-26 00:00:00+00:00, run_after=2024-06-27 00:00:00+00:00
[2024-06-27T21:35:00.183+0000] {processor.py:183} INFO - Processing /home/ubuntu/venv/lib/python3.12/site-packages/airflow/example_dags/example_short_circuit_operator.py took 0.129 seconds
[2024-06-27T21:35:42.897+0000] {processor.py:161} INFO - Started process (PID=4296) to work on /home/ubuntu/venv/lib/python3.12/site-packages/airflow/example_dags/example_short_circuit_operator.py
[2024-06-27T21:35:42.898+0000] {processor.py:830} INFO - Processing file /home/ubuntu/venv/lib/python3.12/site-packages/airflow/example_dags/example_short_circuit_operator.py for tasks to queue
[2024-06-27T21:35:42.899+0000] {logging_mixin.py:188} INFO - [2024-06-27T21:35:42.898+0000] {dagbag.py:545} INFO - Filling up the DagBag from /home/ubuntu/venv/lib/python3.12/site-packages/airflow/example_dags/example_short_circuit_operator.py
[2024-06-27T21:35:42.908+0000] {processor.py:840} INFO - DAG(s) 'example_short_circuit_operator' retrieved from /home/ubuntu/venv/lib/python3.12/site-packages/airflow/example_dags/example_short_circuit_operator.py
[2024-06-27T21:35:42.927+0000] {logging_mixin.py:188} INFO - [2024-06-27T21:35:42.927+0000] {dag.py:3096} INFO - Sync 1 DAGs
[2024-06-27T21:35:42.947+0000] {logging_mixin.py:188} INFO - [2024-06-27T21:35:42.947+0000] {dag.py:3954} INFO - Setting next_dagrun for example_short_circuit_operator to 2024-06-26 00:00:00+00:00, run_after=2024-06-27 00:00:00+00:00
[2024-06-27T21:35:42.970+0000] {processor.py:183} INFO - Processing /home/ubuntu/venv/lib/python3.12/site-packages/airflow/example_dags/example_short_circuit_operator.py took 0.079 seconds
[2024-06-27T21:36:24.392+0000] {processor.py:161} INFO - Started process (PID=4338) to work on /home/ubuntu/venv/lib/python3.12/site-packages/airflow/example_dags/example_short_circuit_operator.py
[2024-06-27T21:36:24.394+0000] {processor.py:830} INFO - Processing file /home/ubuntu/venv/lib/python3.12/site-packages/airflow/example_dags/example_short_circuit_operator.py for tasks to queue
[2024-06-27T21:36:24.394+0000] {logging_mixin.py:188} INFO - [2024-06-27T21:36:24.394+0000] {dagbag.py:545} INFO - Filling up the DagBag from /home/ubuntu/venv/lib/python3.12/site-packages/airflow/example_dags/example_short_circuit_operator.py
[2024-06-27T21:36:24.403+0000] {processor.py:840} INFO - DAG(s) 'example_short_circuit_operator' retrieved from /home/ubuntu/venv/lib/python3.12/site-packages/airflow/example_dags/example_short_circuit_operator.py
[2024-06-27T21:36:24.423+0000] {logging_mixin.py:188} INFO - [2024-06-27T21:36:24.422+0000] {dag.py:3096} INFO - Sync 1 DAGs
[2024-06-27T21:36:24.442+0000] {logging_mixin.py:188} INFO - [2024-06-27T21:36:24.442+0000] {dag.py:3954} INFO - Setting next_dagrun for example_short_circuit_operator to 2024-06-26 00:00:00+00:00, run_after=2024-06-27 00:00:00+00:00
[2024-06-27T21:36:24.465+0000] {processor.py:183} INFO - Processing /home/ubuntu/venv/lib/python3.12/site-packages/airflow/example_dags/example_short_circuit_operator.py took 0.079 seconds
[2024-06-27T21:37:08.789+0000] {processor.py:161} INFO - Started process (PID=4383) to work on /home/ubuntu/venv/lib/python3.12/site-packages/airflow/example_dags/example_short_circuit_operator.py
[2024-06-27T21:37:08.790+0000] {processor.py:830} INFO - Processing file /home/ubuntu/venv/lib/python3.12/site-packages/airflow/example_dags/example_short_circuit_operator.py for tasks to queue
[2024-06-27T21:37:08.791+0000] {logging_mixin.py:188} INFO - [2024-06-27T21:37:08.791+0000] {dagbag.py:545} INFO - Filling up the DagBag from /home/ubuntu/venv/lib/python3.12/site-packages/airflow/example_dags/example_short_circuit_operator.py
[2024-06-27T21:37:08.800+0000] {processor.py:840} INFO - DAG(s) 'example_short_circuit_operator' retrieved from /home/ubuntu/venv/lib/python3.12/site-packages/airflow/example_dags/example_short_circuit_operator.py
[2024-06-27T21:37:08.819+0000] {logging_mixin.py:188} INFO - [2024-06-27T21:37:08.819+0000] {dag.py:3096} INFO - Sync 1 DAGs
[2024-06-27T21:37:08.839+0000] {logging_mixin.py:188} INFO - [2024-06-27T21:37:08.839+0000] {dag.py:3954} INFO - Setting next_dagrun for example_short_circuit_operator to 2024-06-26 00:00:00+00:00, run_after=2024-06-27 00:00:00+00:00
[2024-06-27T21:37:08.863+0000] {processor.py:183} INFO - Processing /home/ubuntu/venv/lib/python3.12/site-packages/airflow/example_dags/example_short_circuit_operator.py took 0.080 seconds
[2024-06-27T21:37:56.049+0000] {processor.py:161} INFO - Started process (PID=4435) to work on /home/ubuntu/venv/lib/python3.12/site-packages/airflow/example_dags/example_short_circuit_operator.py
[2024-06-27T21:37:56.050+0000] {processor.py:830} INFO - Processing file /home/ubuntu/venv/lib/python3.12/site-packages/airflow/example_dags/example_short_circuit_operator.py for tasks to queue
[2024-06-27T21:37:56.051+0000] {logging_mixin.py:188} INFO - [2024-06-27T21:37:56.051+0000] {dagbag.py:545} INFO - Filling up the DagBag from /home/ubuntu/venv/lib/python3.12/site-packages/airflow/example_dags/example_short_circuit_operator.py
[2024-06-27T21:37:56.060+0000] {processor.py:840} INFO - DAG(s) 'example_short_circuit_operator' retrieved from /home/ubuntu/venv/lib/python3.12/site-packages/airflow/example_dags/example_short_circuit_operator.py
[2024-06-27T21:37:56.080+0000] {logging_mixin.py:188} INFO - [2024-06-27T21:37:56.080+0000] {dag.py:3096} INFO - Sync 1 DAGs
[2024-06-27T21:37:56.101+0000] {logging_mixin.py:188} INFO - [2024-06-27T21:37:56.101+0000] {dag.py:3954} INFO - Setting next_dagrun for example_short_circuit_operator to 2024-06-26 00:00:00+00:00, run_after=2024-06-27 00:00:00+00:00
[2024-06-27T21:37:56.125+0000] {processor.py:183} INFO - Processing /home/ubuntu/venv/lib/python3.12/site-packages/airflow/example_dags/example_short_circuit_operator.py took 0.082 seconds
[2024-06-27T21:38:44.974+0000] {processor.py:161} INFO - Started process (PID=4485) to work on /home/ubuntu/venv/lib/python3.12/site-packages/airflow/example_dags/example_short_circuit_operator.py
[2024-06-27T21:38:44.975+0000] {processor.py:830} INFO - Processing file /home/ubuntu/venv/lib/python3.12/site-packages/airflow/example_dags/example_short_circuit_operator.py for tasks to queue
[2024-06-27T21:38:44.976+0000] {logging_mixin.py:188} INFO - [2024-06-27T21:38:44.976+0000] {dagbag.py:545} INFO - Filling up the DagBag from /home/ubuntu/venv/lib/python3.12/site-packages/airflow/example_dags/example_short_circuit_operator.py
[2024-06-27T21:38:44.985+0000] {processor.py:840} INFO - DAG(s) 'example_short_circuit_operator' retrieved from /home/ubuntu/venv/lib/python3.12/site-packages/airflow/example_dags/example_short_circuit_operator.py
[2024-06-27T21:38:45.005+0000] {logging_mixin.py:188} INFO - [2024-06-27T21:38:45.005+0000] {dag.py:3096} INFO - Sync 1 DAGs
[2024-06-27T21:38:45.026+0000] {logging_mixin.py:188} INFO - [2024-06-27T21:38:45.026+0000] {dag.py:3954} INFO - Setting next_dagrun for example_short_circuit_operator to 2024-06-26 00:00:00+00:00, run_after=2024-06-27 00:00:00+00:00
[2024-06-27T21:38:45.050+0000] {processor.py:183} INFO - Processing /home/ubuntu/venv/lib/python3.12/site-packages/airflow/example_dags/example_short_circuit_operator.py took 0.082 seconds
[2024-06-27T21:39:28.945+0000] {processor.py:161} INFO - Started process (PID=4530) to work on /home/ubuntu/venv/lib/python3.12/site-packages/airflow/example_dags/example_short_circuit_operator.py
[2024-06-27T21:39:28.947+0000] {processor.py:830} INFO - Processing file /home/ubuntu/venv/lib/python3.12/site-packages/airflow/example_dags/example_short_circuit_operator.py for tasks to queue
[2024-06-27T21:39:28.948+0000] {logging_mixin.py:188} INFO - [2024-06-27T21:39:28.947+0000] {dagbag.py:545} INFO - Filling up the DagBag from /home/ubuntu/venv/lib/python3.12/site-packages/airflow/example_dags/example_short_circuit_operator.py
[2024-06-27T21:39:28.957+0000] {processor.py:840} INFO - DAG(s) 'example_short_circuit_operator' retrieved from /home/ubuntu/venv/lib/python3.12/site-packages/airflow/example_dags/example_short_circuit_operator.py
[2024-06-27T21:39:28.976+0000] {logging_mixin.py:188} INFO - [2024-06-27T21:39:28.976+0000] {dag.py:3096} INFO - Sync 1 DAGs
[2024-06-27T21:39:28.997+0000] {logging_mixin.py:188} INFO - [2024-06-27T21:39:28.996+0000] {dag.py:3954} INFO - Setting next_dagrun for example_short_circuit_operator to 2024-06-26 00:00:00+00:00, run_after=2024-06-27 00:00:00+00:00
[2024-06-27T21:39:29.020+0000] {processor.py:183} INFO - Processing /home/ubuntu/venv/lib/python3.12/site-packages/airflow/example_dags/example_short_circuit_operator.py took 0.080 seconds
[2024-06-27T21:40:11.032+0000] {processor.py:161} INFO - Started process (PID=4573) to work on /home/ubuntu/venv/lib/python3.12/site-packages/airflow/example_dags/example_short_circuit_operator.py
[2024-06-27T21:40:11.033+0000] {processor.py:830} INFO - Processing file /home/ubuntu/venv/lib/python3.12/site-packages/airflow/example_dags/example_short_circuit_operator.py for tasks to queue
[2024-06-27T21:40:11.034+0000] {logging_mixin.py:188} INFO - [2024-06-27T21:40:11.033+0000] {dagbag.py:545} INFO - Filling up the DagBag from /home/ubuntu/venv/lib/python3.12/site-packages/airflow/example_dags/example_short_circuit_operator.py
[2024-06-27T21:40:11.043+0000] {processor.py:840} INFO - DAG(s) 'example_short_circuit_operator' retrieved from /home/ubuntu/venv/lib/python3.12/site-packages/airflow/example_dags/example_short_circuit_operator.py
[2024-06-27T21:40:11.063+0000] {logging_mixin.py:188} INFO - [2024-06-27T21:40:11.062+0000] {dag.py:3096} INFO - Sync 1 DAGs
[2024-06-27T21:40:11.082+0000] {logging_mixin.py:188} INFO - [2024-06-27T21:40:11.082+0000] {dag.py:3954} INFO - Setting next_dagrun for example_short_circuit_operator to 2024-06-26 00:00:00+00:00, run_after=2024-06-27 00:00:00+00:00
[2024-06-27T21:40:11.104+0000] {processor.py:183} INFO - Processing /home/ubuntu/venv/lib/python3.12/site-packages/airflow/example_dags/example_short_circuit_operator.py took 0.079 seconds
[2024-06-27T21:40:55.350+0000] {processor.py:161} INFO - Started process (PID=4621) to work on /home/ubuntu/venv/lib/python3.12/site-packages/airflow/example_dags/example_short_circuit_operator.py
[2024-06-27T21:40:55.352+0000] {processor.py:830} INFO - Processing file /home/ubuntu/venv/lib/python3.12/site-packages/airflow/example_dags/example_short_circuit_operator.py for tasks to queue
[2024-06-27T21:40:55.353+0000] {logging_mixin.py:188} INFO - [2024-06-27T21:40:55.352+0000] {dagbag.py:545} INFO - Filling up the DagBag from /home/ubuntu/venv/lib/python3.12/site-packages/airflow/example_dags/example_short_circuit_operator.py
[2024-06-27T21:40:55.362+0000] {processor.py:840} INFO - DAG(s) 'example_short_circuit_operator' retrieved from /home/ubuntu/venv/lib/python3.12/site-packages/airflow/example_dags/example_short_circuit_operator.py
[2024-06-27T21:40:55.381+0000] {logging_mixin.py:188} INFO - [2024-06-27T21:40:55.381+0000] {dag.py:3096} INFO - Sync 1 DAGs
[2024-06-27T21:40:55.401+0000] {logging_mixin.py:188} INFO - [2024-06-27T21:40:55.401+0000] {dag.py:3954} INFO - Setting next_dagrun for example_short_circuit_operator to 2024-06-26 00:00:00+00:00, run_after=2024-06-27 00:00:00+00:00
[2024-06-27T21:40:55.424+0000] {processor.py:183} INFO - Processing /home/ubuntu/venv/lib/python3.12/site-packages/airflow/example_dags/example_short_circuit_operator.py took 0.079 seconds
[2024-06-27T21:41:39.709+0000] {processor.py:161} INFO - Started process (PID=4668) to work on /home/ubuntu/venv/lib/python3.12/site-packages/airflow/example_dags/example_short_circuit_operator.py
[2024-06-27T21:41:39.711+0000] {processor.py:830} INFO - Processing file /home/ubuntu/venv/lib/python3.12/site-packages/airflow/example_dags/example_short_circuit_operator.py for tasks to queue
[2024-06-27T21:41:39.712+0000] {logging_mixin.py:188} INFO - [2024-06-27T21:41:39.711+0000] {dagbag.py:545} INFO - Filling up the DagBag from /home/ubuntu/venv/lib/python3.12/site-packages/airflow/example_dags/example_short_circuit_operator.py
[2024-06-27T21:41:39.720+0000] {processor.py:840} INFO - DAG(s) 'example_short_circuit_operator' retrieved from /home/ubuntu/venv/lib/python3.12/site-packages/airflow/example_dags/example_short_circuit_operator.py
[2024-06-27T21:41:39.740+0000] {logging_mixin.py:188} INFO - [2024-06-27T21:41:39.740+0000] {dag.py:3096} INFO - Sync 1 DAGs
[2024-06-27T21:41:39.760+0000] {logging_mixin.py:188} INFO - [2024-06-27T21:41:39.759+0000] {dag.py:3954} INFO - Setting next_dagrun for example_short_circuit_operator to 2024-06-26 00:00:00+00:00, run_after=2024-06-27 00:00:00+00:00
[2024-06-27T21:41:39.899+0000] {processor.py:183} INFO - Processing /home/ubuntu/venv/lib/python3.12/site-packages/airflow/example_dags/example_short_circuit_operator.py took 0.196 seconds
[2024-06-27T21:42:24.803+0000] {processor.py:161} INFO - Started process (PID=4713) to work on /home/ubuntu/venv/lib/python3.12/site-packages/airflow/example_dags/example_short_circuit_operator.py
[2024-06-27T21:42:24.804+0000] {processor.py:830} INFO - Processing file /home/ubuntu/venv/lib/python3.12/site-packages/airflow/example_dags/example_short_circuit_operator.py for tasks to queue
[2024-06-27T21:42:24.805+0000] {logging_mixin.py:188} INFO - [2024-06-27T21:42:24.805+0000] {dagbag.py:545} INFO - Filling up the DagBag from /home/ubuntu/venv/lib/python3.12/site-packages/airflow/example_dags/example_short_circuit_operator.py
[2024-06-27T21:42:24.814+0000] {processor.py:840} INFO - DAG(s) 'example_short_circuit_operator' retrieved from /home/ubuntu/venv/lib/python3.12/site-packages/airflow/example_dags/example_short_circuit_operator.py
[2024-06-27T21:42:24.835+0000] {logging_mixin.py:188} INFO - [2024-06-27T21:42:24.834+0000] {dag.py:3096} INFO - Sync 1 DAGs
[2024-06-27T21:42:24.856+0000] {logging_mixin.py:188} INFO - [2024-06-27T21:42:24.856+0000] {dag.py:3954} INFO - Setting next_dagrun for example_short_circuit_operator to 2024-06-26 00:00:00+00:00, run_after=2024-06-27 00:00:00+00:00
[2024-06-27T21:42:24.879+0000] {processor.py:183} INFO - Processing /home/ubuntu/venv/lib/python3.12/site-packages/airflow/example_dags/example_short_circuit_operator.py took 0.082 seconds
[2024-06-27T21:43:06.627+0000] {processor.py:161} INFO - Started process (PID=4756) to work on /home/ubuntu/venv/lib/python3.12/site-packages/airflow/example_dags/example_short_circuit_operator.py
[2024-06-27T21:43:06.629+0000] {processor.py:830} INFO - Processing file /home/ubuntu/venv/lib/python3.12/site-packages/airflow/example_dags/example_short_circuit_operator.py for tasks to queue
[2024-06-27T21:43:06.630+0000] {logging_mixin.py:188} INFO - [2024-06-27T21:43:06.629+0000] {dagbag.py:545} INFO - Filling up the DagBag from /home/ubuntu/venv/lib/python3.12/site-packages/airflow/example_dags/example_short_circuit_operator.py
[2024-06-27T21:43:06.638+0000] {processor.py:840} INFO - DAG(s) 'example_short_circuit_operator' retrieved from /home/ubuntu/venv/lib/python3.12/site-packages/airflow/example_dags/example_short_circuit_operator.py
[2024-06-27T21:43:06.658+0000] {logging_mixin.py:188} INFO - [2024-06-27T21:43:06.658+0000] {dag.py:3096} INFO - Sync 1 DAGs
[2024-06-27T21:43:06.679+0000] {logging_mixin.py:188} INFO - [2024-06-27T21:43:06.679+0000] {dag.py:3954} INFO - Setting next_dagrun for example_short_circuit_operator to 2024-06-26 00:00:00+00:00, run_after=2024-06-27 00:00:00+00:00
[2024-06-27T21:43:06.816+0000] {processor.py:183} INFO - Processing /home/ubuntu/venv/lib/python3.12/site-packages/airflow/example_dags/example_short_circuit_operator.py took 0.195 seconds
[2024-06-27T21:43:54.181+0000] {processor.py:161} INFO - Started process (PID=4803) to work on /home/ubuntu/venv/lib/python3.12/site-packages/airflow/example_dags/example_short_circuit_operator.py
[2024-06-27T21:43:54.183+0000] {processor.py:830} INFO - Processing file /home/ubuntu/venv/lib/python3.12/site-packages/airflow/example_dags/example_short_circuit_operator.py for tasks to queue
[2024-06-27T21:43:54.184+0000] {logging_mixin.py:188} INFO - [2024-06-27T21:43:54.183+0000] {dagbag.py:545} INFO - Filling up the DagBag from /home/ubuntu/venv/lib/python3.12/site-packages/airflow/example_dags/example_short_circuit_operator.py
[2024-06-27T21:43:54.193+0000] {processor.py:840} INFO - DAG(s) 'example_short_circuit_operator' retrieved from /home/ubuntu/venv/lib/python3.12/site-packages/airflow/example_dags/example_short_circuit_operator.py
[2024-06-27T21:43:54.213+0000] {logging_mixin.py:188} INFO - [2024-06-27T21:43:54.212+0000] {dag.py:3096} INFO - Sync 1 DAGs
[2024-06-27T21:43:54.233+0000] {logging_mixin.py:188} INFO - [2024-06-27T21:43:54.233+0000] {dag.py:3954} INFO - Setting next_dagrun for example_short_circuit_operator to 2024-06-26 00:00:00+00:00, run_after=2024-06-27 00:00:00+00:00
[2024-06-27T21:43:54.256+0000] {processor.py:183} INFO - Processing /home/ubuntu/venv/lib/python3.12/site-packages/airflow/example_dags/example_short_circuit_operator.py took 0.080 seconds
[2024-06-27T21:44:36.567+0000] {processor.py:161} INFO - Started process (PID=4879) to work on /home/ubuntu/venv/lib/python3.12/site-packages/airflow/example_dags/example_short_circuit_operator.py
[2024-06-27T21:44:36.569+0000] {processor.py:830} INFO - Processing file /home/ubuntu/venv/lib/python3.12/site-packages/airflow/example_dags/example_short_circuit_operator.py for tasks to queue
[2024-06-27T21:44:36.570+0000] {logging_mixin.py:188} INFO - [2024-06-27T21:44:36.569+0000] {dagbag.py:545} INFO - Filling up the DagBag from /home/ubuntu/venv/lib/python3.12/site-packages/airflow/example_dags/example_short_circuit_operator.py
[2024-06-27T21:44:36.579+0000] {processor.py:840} INFO - DAG(s) 'example_short_circuit_operator' retrieved from /home/ubuntu/venv/lib/python3.12/site-packages/airflow/example_dags/example_short_circuit_operator.py
[2024-06-27T21:44:36.600+0000] {logging_mixin.py:188} INFO - [2024-06-27T21:44:36.600+0000] {dag.py:3096} INFO - Sync 1 DAGs
[2024-06-27T21:44:36.739+0000] {logging_mixin.py:188} INFO - [2024-06-27T21:44:36.739+0000] {dag.py:3954} INFO - Setting next_dagrun for example_short_circuit_operator to 2024-06-26 00:00:00+00:00, run_after=2024-06-27 00:00:00+00:00
[2024-06-27T21:44:36.761+0000] {processor.py:183} INFO - Processing /home/ubuntu/venv/lib/python3.12/site-packages/airflow/example_dags/example_short_circuit_operator.py took 0.199 seconds
[2024-06-27T21:45:21.551+0000] {processor.py:161} INFO - Started process (PID=4942) to work on /home/ubuntu/venv/lib/python3.12/site-packages/airflow/example_dags/example_short_circuit_operator.py
[2024-06-27T21:45:21.552+0000] {processor.py:830} INFO - Processing file /home/ubuntu/venv/lib/python3.12/site-packages/airflow/example_dags/example_short_circuit_operator.py for tasks to queue
[2024-06-27T21:45:21.553+0000] {logging_mixin.py:188} INFO - [2024-06-27T21:45:21.553+0000] {dagbag.py:545} INFO - Filling up the DagBag from /home/ubuntu/venv/lib/python3.12/site-packages/airflow/example_dags/example_short_circuit_operator.py
[2024-06-27T21:45:21.562+0000] {processor.py:840} INFO - DAG(s) 'example_short_circuit_operator' retrieved from /home/ubuntu/venv/lib/python3.12/site-packages/airflow/example_dags/example_short_circuit_operator.py
[2024-06-27T21:45:21.582+0000] {logging_mixin.py:188} INFO - [2024-06-27T21:45:21.582+0000] {dag.py:3096} INFO - Sync 1 DAGs
[2024-06-27T21:45:21.602+0000] {logging_mixin.py:188} INFO - [2024-06-27T21:45:21.602+0000] {dag.py:3954} INFO - Setting next_dagrun for example_short_circuit_operator to 2024-06-26 00:00:00+00:00, run_after=2024-06-27 00:00:00+00:00
[2024-06-27T21:45:21.624+0000] {processor.py:183} INFO - Processing /home/ubuntu/venv/lib/python3.12/site-packages/airflow/example_dags/example_short_circuit_operator.py took 0.079 seconds
[2024-06-27T21:46:08.604+0000] {processor.py:161} INFO - Started process (PID=4986) to work on /home/ubuntu/venv/lib/python3.12/site-packages/airflow/example_dags/example_short_circuit_operator.py
[2024-06-27T21:46:08.605+0000] {processor.py:830} INFO - Processing file /home/ubuntu/venv/lib/python3.12/site-packages/airflow/example_dags/example_short_circuit_operator.py for tasks to queue
[2024-06-27T21:46:08.606+0000] {logging_mixin.py:188} INFO - [2024-06-27T21:46:08.605+0000] {dagbag.py:545} INFO - Filling up the DagBag from /home/ubuntu/venv/lib/python3.12/site-packages/airflow/example_dags/example_short_circuit_operator.py
[2024-06-27T21:46:08.726+0000] {processor.py:840} INFO - DAG(s) 'example_short_circuit_operator' retrieved from /home/ubuntu/venv/lib/python3.12/site-packages/airflow/example_dags/example_short_circuit_operator.py
[2024-06-27T21:46:08.741+0000] {logging_mixin.py:188} INFO - [2024-06-27T21:46:08.741+0000] {dag.py:3096} INFO - Sync 1 DAGs
[2024-06-27T21:46:08.758+0000] {logging_mixin.py:188} INFO - [2024-06-27T21:46:08.758+0000] {dag.py:3954} INFO - Setting next_dagrun for example_short_circuit_operator to 2024-06-26 00:00:00+00:00, run_after=2024-06-27 00:00:00+00:00
[2024-06-27T21:46:08.779+0000] {processor.py:183} INFO - Processing /home/ubuntu/venv/lib/python3.12/site-packages/airflow/example_dags/example_short_circuit_operator.py took 0.181 seconds
[2024-06-27T21:47:01.324+0000] {processor.py:161} INFO - Started process (PID=5036) to work on /home/ubuntu/venv/lib/python3.12/site-packages/airflow/example_dags/example_short_circuit_operator.py
[2024-06-27T21:47:01.325+0000] {processor.py:830} INFO - Processing file /home/ubuntu/venv/lib/python3.12/site-packages/airflow/example_dags/example_short_circuit_operator.py for tasks to queue
[2024-06-27T21:47:01.326+0000] {logging_mixin.py:188} INFO - [2024-06-27T21:47:01.325+0000] {dagbag.py:545} INFO - Filling up the DagBag from /home/ubuntu/venv/lib/python3.12/site-packages/airflow/example_dags/example_short_circuit_operator.py
[2024-06-27T21:47:01.335+0000] {processor.py:840} INFO - DAG(s) 'example_short_circuit_operator' retrieved from /home/ubuntu/venv/lib/python3.12/site-packages/airflow/example_dags/example_short_circuit_operator.py
[2024-06-27T21:47:01.355+0000] {logging_mixin.py:188} INFO - [2024-06-27T21:47:01.355+0000] {dag.py:3096} INFO - Sync 1 DAGs
[2024-06-27T21:47:01.376+0000] {logging_mixin.py:188} INFO - [2024-06-27T21:47:01.376+0000] {dag.py:3954} INFO - Setting next_dagrun for example_short_circuit_operator to 2024-06-26 00:00:00+00:00, run_after=2024-06-27 00:00:00+00:00
[2024-06-27T21:47:01.398+0000] {processor.py:183} INFO - Processing /home/ubuntu/venv/lib/python3.12/site-packages/airflow/example_dags/example_short_circuit_operator.py took 0.080 seconds
[2024-06-27T21:47:48.233+0000] {processor.py:161} INFO - Started process (PID=5114) to work on /home/ubuntu/venv/lib/python3.12/site-packages/airflow/example_dags/example_short_circuit_operator.py
[2024-06-27T21:47:48.234+0000] {processor.py:830} INFO - Processing file /home/ubuntu/venv/lib/python3.12/site-packages/airflow/example_dags/example_short_circuit_operator.py for tasks to queue
[2024-06-27T21:47:48.236+0000] {logging_mixin.py:188} INFO - [2024-06-27T21:47:48.235+0000] {dagbag.py:545} INFO - Filling up the DagBag from /home/ubuntu/venv/lib/python3.12/site-packages/airflow/example_dags/example_short_circuit_operator.py
[2024-06-27T21:47:48.244+0000] {processor.py:840} INFO - DAG(s) 'example_short_circuit_operator' retrieved from /home/ubuntu/venv/lib/python3.12/site-packages/airflow/example_dags/example_short_circuit_operator.py
[2024-06-27T21:47:48.264+0000] {logging_mixin.py:188} INFO - [2024-06-27T21:47:48.264+0000] {dag.py:3096} INFO - Sync 1 DAGs
[2024-06-27T21:47:48.284+0000] {logging_mixin.py:188} INFO - [2024-06-27T21:47:48.284+0000] {dag.py:3954} INFO - Setting next_dagrun for example_short_circuit_operator to 2024-06-26 00:00:00+00:00, run_after=2024-06-27 00:00:00+00:00
[2024-06-27T21:47:48.307+0000] {processor.py:183} INFO - Processing /home/ubuntu/venv/lib/python3.12/site-packages/airflow/example_dags/example_short_circuit_operator.py took 0.080 seconds
[2024-06-27T21:48:32.654+0000] {processor.py:161} INFO - Started process (PID=5256) to work on /home/ubuntu/venv/lib/python3.12/site-packages/airflow/example_dags/example_short_circuit_operator.py
[2024-06-27T21:48:32.656+0000] {processor.py:830} INFO - Processing file /home/ubuntu/venv/lib/python3.12/site-packages/airflow/example_dags/example_short_circuit_operator.py for tasks to queue
[2024-06-27T21:48:32.657+0000] {logging_mixin.py:188} INFO - [2024-06-27T21:48:32.656+0000] {dagbag.py:545} INFO - Filling up the DagBag from /home/ubuntu/venv/lib/python3.12/site-packages/airflow/example_dags/example_short_circuit_operator.py
[2024-06-27T21:48:32.665+0000] {processor.py:840} INFO - DAG(s) 'example_short_circuit_operator' retrieved from /home/ubuntu/venv/lib/python3.12/site-packages/airflow/example_dags/example_short_circuit_operator.py
[2024-06-27T21:48:32.685+0000] {logging_mixin.py:188} INFO - [2024-06-27T21:48:32.685+0000] {dag.py:3096} INFO - Sync 1 DAGs
[2024-06-27T21:48:32.705+0000] {logging_mixin.py:188} INFO - [2024-06-27T21:48:32.705+0000] {dag.py:3954} INFO - Setting next_dagrun for example_short_circuit_operator to 2024-06-26 00:00:00+00:00, run_after=2024-06-27 00:00:00+00:00
[2024-06-27T21:48:32.727+0000] {processor.py:183} INFO - Processing /home/ubuntu/venv/lib/python3.12/site-packages/airflow/example_dags/example_short_circuit_operator.py took 0.081 seconds
[2024-06-27T21:49:14.524+0000] {processor.py:161} INFO - Started process (PID=5300) to work on /home/ubuntu/venv/lib/python3.12/site-packages/airflow/example_dags/example_short_circuit_operator.py
[2024-06-27T21:49:14.526+0000] {processor.py:830} INFO - Processing file /home/ubuntu/venv/lib/python3.12/site-packages/airflow/example_dags/example_short_circuit_operator.py for tasks to queue
[2024-06-27T21:49:14.527+0000] {logging_mixin.py:188} INFO - [2024-06-27T21:49:14.526+0000] {dagbag.py:545} INFO - Filling up the DagBag from /home/ubuntu/venv/lib/python3.12/site-packages/airflow/example_dags/example_short_circuit_operator.py
[2024-06-27T21:49:14.535+0000] {processor.py:840} INFO - DAG(s) 'example_short_circuit_operator' retrieved from /home/ubuntu/venv/lib/python3.12/site-packages/airflow/example_dags/example_short_circuit_operator.py
[2024-06-27T21:49:14.555+0000] {logging_mixin.py:188} INFO - [2024-06-27T21:49:14.555+0000] {dag.py:3096} INFO - Sync 1 DAGs
[2024-06-27T21:49:14.576+0000] {logging_mixin.py:188} INFO - [2024-06-27T21:49:14.575+0000] {dag.py:3954} INFO - Setting next_dagrun for example_short_circuit_operator to 2024-06-26 00:00:00+00:00, run_after=2024-06-27 00:00:00+00:00
[2024-06-27T21:49:14.600+0000] {processor.py:183} INFO - Processing /home/ubuntu/venv/lib/python3.12/site-packages/airflow/example_dags/example_short_circuit_operator.py took 0.084 seconds
[2024-06-27T21:49:55.638+0000] {processor.py:161} INFO - Started process (PID=5342) to work on /home/ubuntu/venv/lib/python3.12/site-packages/airflow/example_dags/example_short_circuit_operator.py
[2024-06-27T21:49:55.640+0000] {processor.py:830} INFO - Processing file /home/ubuntu/venv/lib/python3.12/site-packages/airflow/example_dags/example_short_circuit_operator.py for tasks to queue
[2024-06-27T21:49:55.641+0000] {logging_mixin.py:188} INFO - [2024-06-27T21:49:55.640+0000] {dagbag.py:545} INFO - Filling up the DagBag from /home/ubuntu/venv/lib/python3.12/site-packages/airflow/example_dags/example_short_circuit_operator.py
[2024-06-27T21:49:55.650+0000] {processor.py:840} INFO - DAG(s) 'example_short_circuit_operator' retrieved from /home/ubuntu/venv/lib/python3.12/site-packages/airflow/example_dags/example_short_circuit_operator.py
[2024-06-27T21:49:55.669+0000] {logging_mixin.py:188} INFO - [2024-06-27T21:49:55.669+0000] {dag.py:3096} INFO - Sync 1 DAGs
[2024-06-27T21:49:55.690+0000] {logging_mixin.py:188} INFO - [2024-06-27T21:49:55.689+0000] {dag.py:3954} INFO - Setting next_dagrun for example_short_circuit_operator to 2024-06-26 00:00:00+00:00, run_after=2024-06-27 00:00:00+00:00
[2024-06-27T21:49:55.713+0000] {processor.py:183} INFO - Processing /home/ubuntu/venv/lib/python3.12/site-packages/airflow/example_dags/example_short_circuit_operator.py took 0.082 seconds
