[2024-06-27T21:20:05.774+0000] {processor.py:161} INFO - Started process (PID=2967) to work on /home/ubuntu/venv/lib/python3.12/site-packages/airflow/example_dags/example_external_task_marker_dag.py
[2024-06-27T21:20:05.775+0000] {processor.py:830} INFO - Processing file /home/ubuntu/venv/lib/python3.12/site-packages/airflow/example_dags/example_external_task_marker_dag.py for tasks to queue
[2024-06-27T21:20:05.777+0000] {logging_mixin.py:188} INFO - [2024-06-27T21:20:05.777+0000] {dagbag.py:545} INFO - Filling up the DagBag from /home/ubuntu/venv/lib/python3.12/site-packages/airflow/example_dags/example_external_task_marker_dag.py
[2024-06-27T21:20:05.784+0000] {processor.py:840} INFO - DAG(s) 'example_external_task_marker_parent', 'example_external_task_marker_child' retrieved from /home/ubuntu/venv/lib/python3.12/site-packages/airflow/example_dags/example_external_task_marker_dag.py
[2024-06-27T21:20:05.904+0000] {logging_mixin.py:188} INFO - [2024-06-27T21:20:05.903+0000] {override.py:1847} INFO - Created Permission View: can read on DAG:example_external_task_marker_parent
[2024-06-27T21:20:05.917+0000] {logging_mixin.py:188} INFO - [2024-06-27T21:20:05.917+0000] {override.py:1847} INFO - Created Permission View: can delete on DAG:example_external_task_marker_parent
[2024-06-27T21:20:05.928+0000] {logging_mixin.py:188} INFO - [2024-06-27T21:20:05.928+0000] {override.py:1847} INFO - Created Permission View: can edit on DAG:example_external_task_marker_parent
[2024-06-27T21:20:05.951+0000] {logging_mixin.py:188} INFO - [2024-06-27T21:20:05.950+0000] {override.py:1847} INFO - Created Permission View: can read on DAG:example_external_task_marker_child
[2024-06-27T21:20:05.960+0000] {logging_mixin.py:188} INFO - [2024-06-27T21:20:05.960+0000] {override.py:1847} INFO - Created Permission View: can delete on DAG:example_external_task_marker_child
[2024-06-27T21:20:05.970+0000] {logging_mixin.py:188} INFO - [2024-06-27T21:20:05.970+0000] {override.py:1847} INFO - Created Permission View: can edit on DAG:example_external_task_marker_child
[2024-06-27T21:20:05.971+0000] {logging_mixin.py:188} INFO - [2024-06-27T21:20:05.971+0000] {dag.py:3096} INFO - Sync 2 DAGs
[2024-06-27T21:20:05.982+0000] {logging_mixin.py:188} INFO - [2024-06-27T21:20:05.981+0000] {dag.py:3118} INFO - Creating ORM DAG for example_external_task_marker_parent
[2024-06-27T21:20:05.982+0000] {logging_mixin.py:188} INFO - [2024-06-27T21:20:05.982+0000] {dag.py:3118} INFO - Creating ORM DAG for example_external_task_marker_child
[2024-06-27T21:20:05.983+0000] {logging_mixin.py:188} INFO - [2024-06-27T21:20:05.983+0000] {dag.py:3954} INFO - Setting next_dagrun for example_external_task_marker_child to None, run_after=None
[2024-06-27T21:20:05.983+0000] {logging_mixin.py:188} INFO - [2024-06-27T21:20:05.983+0000] {dag.py:3954} INFO - Setting next_dagrun for example_external_task_marker_parent to None, run_after=None
[2024-06-27T21:20:06.006+0000] {processor.py:183} INFO - Processing /home/ubuntu/venv/lib/python3.12/site-packages/airflow/example_dags/example_external_task_marker_dag.py took 0.238 seconds
[2024-06-27T21:20:59.050+0000] {processor.py:161} INFO - Started process (PID=3304) to work on /home/ubuntu/venv/lib/python3.12/site-packages/airflow/example_dags/example_external_task_marker_dag.py
[2024-06-27T21:20:59.052+0000] {processor.py:830} INFO - Processing file /home/ubuntu/venv/lib/python3.12/site-packages/airflow/example_dags/example_external_task_marker_dag.py for tasks to queue
[2024-06-27T21:20:59.054+0000] {logging_mixin.py:188} INFO - [2024-06-27T21:20:59.053+0000] {dagbag.py:545} INFO - Filling up the DagBag from /home/ubuntu/venv/lib/python3.12/site-packages/airflow/example_dags/example_external_task_marker_dag.py
[2024-06-27T21:20:59.060+0000] {processor.py:840} INFO - DAG(s) 'example_external_task_marker_child', 'example_external_task_marker_parent' retrieved from /home/ubuntu/venv/lib/python3.12/site-packages/airflow/example_dags/example_external_task_marker_dag.py
[2024-06-27T21:20:59.080+0000] {logging_mixin.py:188} INFO - [2024-06-27T21:20:59.080+0000] {dag.py:3096} INFO - Sync 2 DAGs
[2024-06-27T21:20:59.092+0000] {logging_mixin.py:188} INFO - [2024-06-27T21:20:59.092+0000] {dag.py:3954} INFO - Setting next_dagrun for example_external_task_marker_child to None, run_after=None
[2024-06-27T21:20:59.096+0000] {logging_mixin.py:188} INFO - [2024-06-27T21:20:59.095+0000] {dag.py:3954} INFO - Setting next_dagrun for example_external_task_marker_parent to None, run_after=None
[2024-06-27T21:20:59.118+0000] {processor.py:183} INFO - Processing /home/ubuntu/venv/lib/python3.12/site-packages/airflow/example_dags/example_external_task_marker_dag.py took 0.073 seconds
[2024-06-27T21:21:48.300+0000] {processor.py:161} INFO - Started process (PID=3357) to work on /home/ubuntu/venv/lib/python3.12/site-packages/airflow/example_dags/example_external_task_marker_dag.py
[2024-06-27T21:21:48.302+0000] {processor.py:830} INFO - Processing file /home/ubuntu/venv/lib/python3.12/site-packages/airflow/example_dags/example_external_task_marker_dag.py for tasks to queue
[2024-06-27T21:21:48.304+0000] {logging_mixin.py:188} INFO - [2024-06-27T21:21:48.303+0000] {dagbag.py:545} INFO - Filling up the DagBag from /home/ubuntu/venv/lib/python3.12/site-packages/airflow/example_dags/example_external_task_marker_dag.py
[2024-06-27T21:21:48.310+0000] {processor.py:840} INFO - DAG(s) 'example_external_task_marker_child', 'example_external_task_marker_parent' retrieved from /home/ubuntu/venv/lib/python3.12/site-packages/airflow/example_dags/example_external_task_marker_dag.py
[2024-06-27T21:21:48.330+0000] {logging_mixin.py:188} INFO - [2024-06-27T21:21:48.329+0000] {dag.py:3096} INFO - Sync 2 DAGs
[2024-06-27T21:21:48.342+0000] {logging_mixin.py:188} INFO - [2024-06-27T21:21:48.342+0000] {dag.py:3954} INFO - Setting next_dagrun for example_external_task_marker_child to None, run_after=None
[2024-06-27T21:21:48.346+0000] {logging_mixin.py:188} INFO - [2024-06-27T21:21:48.346+0000] {dag.py:3954} INFO - Setting next_dagrun for example_external_task_marker_parent to None, run_after=None
[2024-06-27T21:21:48.366+0000] {processor.py:183} INFO - Processing /home/ubuntu/venv/lib/python3.12/site-packages/airflow/example_dags/example_external_task_marker_dag.py took 0.072 seconds
[2024-06-27T21:22:48.451+0000] {processor.py:161} INFO - Started process (PID=3433) to work on /home/ubuntu/venv/lib/python3.12/site-packages/airflow/example_dags/example_external_task_marker_dag.py
[2024-06-27T21:22:48.452+0000] {processor.py:830} INFO - Processing file /home/ubuntu/venv/lib/python3.12/site-packages/airflow/example_dags/example_external_task_marker_dag.py for tasks to queue
[2024-06-27T21:22:48.454+0000] {logging_mixin.py:188} INFO - [2024-06-27T21:22:48.454+0000] {dagbag.py:545} INFO - Filling up the DagBag from /home/ubuntu/venv/lib/python3.12/site-packages/airflow/example_dags/example_external_task_marker_dag.py
[2024-06-27T21:22:48.461+0000] {processor.py:840} INFO - DAG(s) 'example_external_task_marker_parent', 'example_external_task_marker_child' retrieved from /home/ubuntu/venv/lib/python3.12/site-packages/airflow/example_dags/example_external_task_marker_dag.py
[2024-06-27T21:22:48.480+0000] {logging_mixin.py:188} INFO - [2024-06-27T21:22:48.480+0000] {dag.py:3096} INFO - Sync 2 DAGs
[2024-06-27T21:22:48.493+0000] {logging_mixin.py:188} INFO - [2024-06-27T21:22:48.493+0000] {dag.py:3954} INFO - Setting next_dagrun for example_external_task_marker_child to None, run_after=None
[2024-06-27T21:22:48.496+0000] {logging_mixin.py:188} INFO - [2024-06-27T21:22:48.496+0000] {dag.py:3954} INFO - Setting next_dagrun for example_external_task_marker_parent to None, run_after=None
[2024-06-27T21:22:48.517+0000] {processor.py:183} INFO - Processing /home/ubuntu/venv/lib/python3.12/site-packages/airflow/example_dags/example_external_task_marker_dag.py took 0.071 seconds
[2024-06-27T21:23:46.386+0000] {processor.py:161} INFO - Started process (PID=3497) to work on /home/ubuntu/venv/lib/python3.12/site-packages/airflow/example_dags/example_external_task_marker_dag.py
[2024-06-27T21:23:46.387+0000] {processor.py:830} INFO - Processing file /home/ubuntu/venv/lib/python3.12/site-packages/airflow/example_dags/example_external_task_marker_dag.py for tasks to queue
[2024-06-27T21:23:46.389+0000] {logging_mixin.py:188} INFO - [2024-06-27T21:23:46.388+0000] {dagbag.py:545} INFO - Filling up the DagBag from /home/ubuntu/venv/lib/python3.12/site-packages/airflow/example_dags/example_external_task_marker_dag.py
[2024-06-27T21:23:46.396+0000] {processor.py:840} INFO - DAG(s) 'example_external_task_marker_parent', 'example_external_task_marker_child' retrieved from /home/ubuntu/venv/lib/python3.12/site-packages/airflow/example_dags/example_external_task_marker_dag.py
[2024-06-27T21:23:46.415+0000] {logging_mixin.py:188} INFO - [2024-06-27T21:23:46.414+0000] {dag.py:3096} INFO - Sync 2 DAGs
[2024-06-27T21:23:46.427+0000] {logging_mixin.py:188} INFO - [2024-06-27T21:23:46.427+0000] {dag.py:3954} INFO - Setting next_dagrun for example_external_task_marker_child to None, run_after=None
[2024-06-27T21:23:46.431+0000] {logging_mixin.py:188} INFO - [2024-06-27T21:23:46.430+0000] {dag.py:3954} INFO - Setting next_dagrun for example_external_task_marker_parent to None, run_after=None
[2024-06-27T21:23:46.451+0000] {processor.py:183} INFO - Processing /home/ubuntu/venv/lib/python3.12/site-packages/airflow/example_dags/example_external_task_marker_dag.py took 0.071 seconds
[2024-06-27T21:24:45.831+0000] {processor.py:161} INFO - Started process (PID=3560) to work on /home/ubuntu/venv/lib/python3.12/site-packages/airflow/example_dags/example_external_task_marker_dag.py
[2024-06-27T21:24:45.832+0000] {processor.py:830} INFO - Processing file /home/ubuntu/venv/lib/python3.12/site-packages/airflow/example_dags/example_external_task_marker_dag.py for tasks to queue
[2024-06-27T21:24:45.833+0000] {logging_mixin.py:188} INFO - [2024-06-27T21:24:45.833+0000] {dagbag.py:545} INFO - Filling up the DagBag from /home/ubuntu/venv/lib/python3.12/site-packages/airflow/example_dags/example_external_task_marker_dag.py
[2024-06-27T21:24:45.840+0000] {processor.py:840} INFO - DAG(s) 'example_external_task_marker_parent', 'example_external_task_marker_child' retrieved from /home/ubuntu/venv/lib/python3.12/site-packages/airflow/example_dags/example_external_task_marker_dag.py
[2024-06-27T21:24:45.860+0000] {logging_mixin.py:188} INFO - [2024-06-27T21:24:45.859+0000] {dag.py:3096} INFO - Sync 2 DAGs
[2024-06-27T21:24:45.872+0000] {logging_mixin.py:188} INFO - [2024-06-27T21:24:45.872+0000] {dag.py:3954} INFO - Setting next_dagrun for example_external_task_marker_child to None, run_after=None
[2024-06-27T21:24:45.876+0000] {logging_mixin.py:188} INFO - [2024-06-27T21:24:45.876+0000] {dag.py:3954} INFO - Setting next_dagrun for example_external_task_marker_parent to None, run_after=None
[2024-06-27T21:24:45.897+0000] {processor.py:183} INFO - Processing /home/ubuntu/venv/lib/python3.12/site-packages/airflow/example_dags/example_external_task_marker_dag.py took 0.072 seconds
[2024-06-27T21:25:49.686+0000] {processor.py:161} INFO - Started process (PID=3633) to work on /home/ubuntu/venv/lib/python3.12/site-packages/airflow/example_dags/example_external_task_marker_dag.py
[2024-06-27T21:25:49.687+0000] {processor.py:830} INFO - Processing file /home/ubuntu/venv/lib/python3.12/site-packages/airflow/example_dags/example_external_task_marker_dag.py for tasks to queue
[2024-06-27T21:25:49.688+0000] {logging_mixin.py:188} INFO - [2024-06-27T21:25:49.688+0000] {dagbag.py:545} INFO - Filling up the DagBag from /home/ubuntu/venv/lib/python3.12/site-packages/airflow/example_dags/example_external_task_marker_dag.py
[2024-06-27T21:25:49.695+0000] {processor.py:840} INFO - DAG(s) 'example_external_task_marker_parent', 'example_external_task_marker_child' retrieved from /home/ubuntu/venv/lib/python3.12/site-packages/airflow/example_dags/example_external_task_marker_dag.py
[2024-06-27T21:25:49.715+0000] {logging_mixin.py:188} INFO - [2024-06-27T21:25:49.714+0000] {dag.py:3096} INFO - Sync 2 DAGs
[2024-06-27T21:25:49.727+0000] {logging_mixin.py:188} INFO - [2024-06-27T21:25:49.727+0000] {dag.py:3954} INFO - Setting next_dagrun for example_external_task_marker_child to None, run_after=None
[2024-06-27T21:25:49.731+0000] {logging_mixin.py:188} INFO - [2024-06-27T21:25:49.730+0000] {dag.py:3954} INFO - Setting next_dagrun for example_external_task_marker_parent to None, run_after=None
[2024-06-27T21:25:49.752+0000] {processor.py:183} INFO - Processing /home/ubuntu/venv/lib/python3.12/site-packages/airflow/example_dags/example_external_task_marker_dag.py took 0.072 seconds
[2024-06-27T21:26:55.592+0000] {processor.py:161} INFO - Started process (PID=3700) to work on /home/ubuntu/venv/lib/python3.12/site-packages/airflow/example_dags/example_external_task_marker_dag.py
[2024-06-27T21:26:55.595+0000] {processor.py:830} INFO - Processing file /home/ubuntu/venv/lib/python3.12/site-packages/airflow/example_dags/example_external_task_marker_dag.py for tasks to queue
[2024-06-27T21:26:55.595+0000] {logging_mixin.py:188} INFO - [2024-06-27T21:26:55.595+0000] {dagbag.py:545} INFO - Filling up the DagBag from /home/ubuntu/venv/lib/python3.12/site-packages/airflow/example_dags/example_external_task_marker_dag.py
[2024-06-27T21:26:55.602+0000] {processor.py:840} INFO - DAG(s) 'example_external_task_marker_parent', 'example_external_task_marker_child' retrieved from /home/ubuntu/venv/lib/python3.12/site-packages/airflow/example_dags/example_external_task_marker_dag.py
[2024-06-27T21:26:55.622+0000] {logging_mixin.py:188} INFO - [2024-06-27T21:26:55.621+0000] {dag.py:3096} INFO - Sync 2 DAGs
[2024-06-27T21:26:55.635+0000] {logging_mixin.py:188} INFO - [2024-06-27T21:26:55.634+0000] {dag.py:3954} INFO - Setting next_dagrun for example_external_task_marker_child to None, run_after=None
[2024-06-27T21:26:55.638+0000] {logging_mixin.py:188} INFO - [2024-06-27T21:26:55.638+0000] {dag.py:3954} INFO - Setting next_dagrun for example_external_task_marker_parent to None, run_after=None
[2024-06-27T21:26:55.659+0000] {processor.py:183} INFO - Processing /home/ubuntu/venv/lib/python3.12/site-packages/airflow/example_dags/example_external_task_marker_dag.py took 0.073 seconds
[2024-06-27T21:27:57.205+0000] {processor.py:161} INFO - Started process (PID=3764) to work on /home/ubuntu/venv/lib/python3.12/site-packages/airflow/example_dags/example_external_task_marker_dag.py
[2024-06-27T21:27:57.207+0000] {processor.py:830} INFO - Processing file /home/ubuntu/venv/lib/python3.12/site-packages/airflow/example_dags/example_external_task_marker_dag.py for tasks to queue
[2024-06-27T21:27:57.208+0000] {logging_mixin.py:188} INFO - [2024-06-27T21:27:57.207+0000] {dagbag.py:545} INFO - Filling up the DagBag from /home/ubuntu/venv/lib/python3.12/site-packages/airflow/example_dags/example_external_task_marker_dag.py
[2024-06-27T21:27:57.214+0000] {processor.py:840} INFO - DAG(s) 'example_external_task_marker_child', 'example_external_task_marker_parent' retrieved from /home/ubuntu/venv/lib/python3.12/site-packages/airflow/example_dags/example_external_task_marker_dag.py
[2024-06-27T21:27:57.233+0000] {logging_mixin.py:188} INFO - [2024-06-27T21:27:57.233+0000] {dag.py:3096} INFO - Sync 2 DAGs
[2024-06-27T21:27:57.246+0000] {logging_mixin.py:188} INFO - [2024-06-27T21:27:57.246+0000] {dag.py:3954} INFO - Setting next_dagrun for example_external_task_marker_child to None, run_after=None
[2024-06-27T21:27:57.249+0000] {logging_mixin.py:188} INFO - [2024-06-27T21:27:57.249+0000] {dag.py:3954} INFO - Setting next_dagrun for example_external_task_marker_parent to None, run_after=None
[2024-06-27T21:27:57.271+0000] {processor.py:183} INFO - Processing /home/ubuntu/venv/lib/python3.12/site-packages/airflow/example_dags/example_external_task_marker_dag.py took 0.071 seconds
[2024-06-27T21:29:04.640+0000] {processor.py:161} INFO - Started process (PID=3855) to work on /home/ubuntu/venv/lib/python3.12/site-packages/airflow/example_dags/example_external_task_marker_dag.py
[2024-06-27T21:29:04.642+0000] {processor.py:830} INFO - Processing file /home/ubuntu/venv/lib/python3.12/site-packages/airflow/example_dags/example_external_task_marker_dag.py for tasks to queue
[2024-06-27T21:29:04.643+0000] {logging_mixin.py:188} INFO - [2024-06-27T21:29:04.642+0000] {dagbag.py:545} INFO - Filling up the DagBag from /home/ubuntu/venv/lib/python3.12/site-packages/airflow/example_dags/example_external_task_marker_dag.py
[2024-06-27T21:29:04.649+0000] {processor.py:840} INFO - DAG(s) 'example_external_task_marker_parent', 'example_external_task_marker_child' retrieved from /home/ubuntu/venv/lib/python3.12/site-packages/airflow/example_dags/example_external_task_marker_dag.py
[2024-06-27T21:29:04.669+0000] {logging_mixin.py:188} INFO - [2024-06-27T21:29:04.669+0000] {dag.py:3096} INFO - Sync 2 DAGs
[2024-06-27T21:29:04.682+0000] {logging_mixin.py:188} INFO - [2024-06-27T21:29:04.682+0000] {dag.py:3954} INFO - Setting next_dagrun for example_external_task_marker_child to None, run_after=None
[2024-06-27T21:29:04.686+0000] {logging_mixin.py:188} INFO - [2024-06-27T21:29:04.686+0000] {dag.py:3954} INFO - Setting next_dagrun for example_external_task_marker_parent to None, run_after=None
[2024-06-27T21:29:04.709+0000] {processor.py:183} INFO - Processing /home/ubuntu/venv/lib/python3.12/site-packages/airflow/example_dags/example_external_task_marker_dag.py took 0.075 seconds
[2024-06-27T21:29:54.921+0000] {processor.py:161} INFO - Started process (PID=3908) to work on /home/ubuntu/venv/lib/python3.12/site-packages/airflow/example_dags/example_external_task_marker_dag.py
[2024-06-27T21:29:54.923+0000] {processor.py:830} INFO - Processing file /home/ubuntu/venv/lib/python3.12/site-packages/airflow/example_dags/example_external_task_marker_dag.py for tasks to queue
[2024-06-27T21:29:54.924+0000] {logging_mixin.py:188} INFO - [2024-06-27T21:29:54.923+0000] {dagbag.py:545} INFO - Filling up the DagBag from /home/ubuntu/venv/lib/python3.12/site-packages/airflow/example_dags/example_external_task_marker_dag.py
[2024-06-27T21:29:54.930+0000] {processor.py:840} INFO - DAG(s) 'example_external_task_marker_child', 'example_external_task_marker_parent' retrieved from /home/ubuntu/venv/lib/python3.12/site-packages/airflow/example_dags/example_external_task_marker_dag.py
[2024-06-27T21:29:54.950+0000] {logging_mixin.py:188} INFO - [2024-06-27T21:29:54.950+0000] {dag.py:3096} INFO - Sync 2 DAGs
[2024-06-27T21:29:54.963+0000] {logging_mixin.py:188} INFO - [2024-06-27T21:29:54.962+0000] {dag.py:3954} INFO - Setting next_dagrun for example_external_task_marker_child to None, run_after=None
[2024-06-27T21:29:54.966+0000] {logging_mixin.py:188} INFO - [2024-06-27T21:29:54.966+0000] {dag.py:3954} INFO - Setting next_dagrun for example_external_task_marker_parent to None, run_after=None
[2024-06-27T21:29:54.987+0000] {processor.py:183} INFO - Processing /home/ubuntu/venv/lib/python3.12/site-packages/airflow/example_dags/example_external_task_marker_dag.py took 0.071 seconds
[2024-06-27T21:30:57.540+0000] {processor.py:161} INFO - Started process (PID=3984) to work on /home/ubuntu/venv/lib/python3.12/site-packages/airflow/example_dags/example_external_task_marker_dag.py
[2024-06-27T21:30:57.541+0000] {processor.py:830} INFO - Processing file /home/ubuntu/venv/lib/python3.12/site-packages/airflow/example_dags/example_external_task_marker_dag.py for tasks to queue
[2024-06-27T21:30:57.542+0000] {logging_mixin.py:188} INFO - [2024-06-27T21:30:57.542+0000] {dagbag.py:545} INFO - Filling up the DagBag from /home/ubuntu/venv/lib/python3.12/site-packages/airflow/example_dags/example_external_task_marker_dag.py
[2024-06-27T21:30:57.549+0000] {processor.py:840} INFO - DAG(s) 'example_external_task_marker_parent', 'example_external_task_marker_child' retrieved from /home/ubuntu/venv/lib/python3.12/site-packages/airflow/example_dags/example_external_task_marker_dag.py
[2024-06-27T21:30:57.569+0000] {logging_mixin.py:188} INFO - [2024-06-27T21:30:57.569+0000] {dag.py:3096} INFO - Sync 2 DAGs
[2024-06-27T21:30:57.582+0000] {logging_mixin.py:188} INFO - [2024-06-27T21:30:57.582+0000] {dag.py:3954} INFO - Setting next_dagrun for example_external_task_marker_child to None, run_after=None
[2024-06-27T21:30:57.585+0000] {logging_mixin.py:188} INFO - [2024-06-27T21:30:57.585+0000] {dag.py:3954} INFO - Setting next_dagrun for example_external_task_marker_parent to None, run_after=None
[2024-06-27T21:30:57.606+0000] {processor.py:183} INFO - Processing /home/ubuntu/venv/lib/python3.12/site-packages/airflow/example_dags/example_external_task_marker_dag.py took 0.072 seconds
[2024-06-27T21:32:04.009+0000] {processor.py:161} INFO - Started process (PID=4050) to work on /home/ubuntu/venv/lib/python3.12/site-packages/airflow/example_dags/example_external_task_marker_dag.py
[2024-06-27T21:32:04.011+0000] {processor.py:830} INFO - Processing file /home/ubuntu/venv/lib/python3.12/site-packages/airflow/example_dags/example_external_task_marker_dag.py for tasks to queue
[2024-06-27T21:32:04.012+0000] {logging_mixin.py:188} INFO - [2024-06-27T21:32:04.011+0000] {dagbag.py:545} INFO - Filling up the DagBag from /home/ubuntu/venv/lib/python3.12/site-packages/airflow/example_dags/example_external_task_marker_dag.py
[2024-06-27T21:32:04.018+0000] {processor.py:840} INFO - DAG(s) 'example_external_task_marker_child', 'example_external_task_marker_parent' retrieved from /home/ubuntu/venv/lib/python3.12/site-packages/airflow/example_dags/example_external_task_marker_dag.py
[2024-06-27T21:32:04.038+0000] {logging_mixin.py:188} INFO - [2024-06-27T21:32:04.038+0000] {dag.py:3096} INFO - Sync 2 DAGs
[2024-06-27T21:32:04.051+0000] {logging_mixin.py:188} INFO - [2024-06-27T21:32:04.051+0000] {dag.py:3954} INFO - Setting next_dagrun for example_external_task_marker_child to None, run_after=None
[2024-06-27T21:32:04.055+0000] {logging_mixin.py:188} INFO - [2024-06-27T21:32:04.055+0000] {dag.py:3954} INFO - Setting next_dagrun for example_external_task_marker_parent to None, run_after=None
[2024-06-27T21:32:04.088+0000] {processor.py:183} INFO - Processing /home/ubuntu/venv/lib/python3.12/site-packages/airflow/example_dags/example_external_task_marker_dag.py took 0.085 seconds
[2024-06-27T21:33:22.450+0000] {processor.py:161} INFO - Started process (PID=4143) to work on /home/ubuntu/venv/lib/python3.12/site-packages/airflow/example_dags/example_external_task_marker_dag.py
[2024-06-27T21:33:22.451+0000] {processor.py:830} INFO - Processing file /home/ubuntu/venv/lib/python3.12/site-packages/airflow/example_dags/example_external_task_marker_dag.py for tasks to queue
[2024-06-27T21:33:22.452+0000] {logging_mixin.py:188} INFO - [2024-06-27T21:33:22.452+0000] {dagbag.py:545} INFO - Filling up the DagBag from /home/ubuntu/venv/lib/python3.12/site-packages/airflow/example_dags/example_external_task_marker_dag.py
[2024-06-27T21:33:22.459+0000] {processor.py:840} INFO - DAG(s) 'example_external_task_marker_child', 'example_external_task_marker_parent' retrieved from /home/ubuntu/venv/lib/python3.12/site-packages/airflow/example_dags/example_external_task_marker_dag.py
[2024-06-27T21:33:22.479+0000] {logging_mixin.py:188} INFO - [2024-06-27T21:33:22.479+0000] {dag.py:3096} INFO - Sync 2 DAGs
[2024-06-27T21:33:22.492+0000] {logging_mixin.py:188} INFO - [2024-06-27T21:33:22.491+0000] {dag.py:3954} INFO - Setting next_dagrun for example_external_task_marker_child to None, run_after=None
[2024-06-27T21:33:22.495+0000] {logging_mixin.py:188} INFO - [2024-06-27T21:33:22.495+0000] {dag.py:3954} INFO - Setting next_dagrun for example_external_task_marker_parent to None, run_after=None
[2024-06-27T21:33:22.516+0000] {processor.py:183} INFO - Processing /home/ubuntu/venv/lib/python3.12/site-packages/airflow/example_dags/example_external_task_marker_dag.py took 0.072 seconds
[2024-06-27T21:34:26.848+0000] {processor.py:161} INFO - Started process (PID=4212) to work on /home/ubuntu/venv/lib/python3.12/site-packages/airflow/example_dags/example_external_task_marker_dag.py
[2024-06-27T21:34:26.849+0000] {processor.py:830} INFO - Processing file /home/ubuntu/venv/lib/python3.12/site-packages/airflow/example_dags/example_external_task_marker_dag.py for tasks to queue
[2024-06-27T21:34:26.850+0000] {logging_mixin.py:188} INFO - [2024-06-27T21:34:26.850+0000] {dagbag.py:545} INFO - Filling up the DagBag from /home/ubuntu/venv/lib/python3.12/site-packages/airflow/example_dags/example_external_task_marker_dag.py
[2024-06-27T21:34:26.858+0000] {processor.py:840} INFO - DAG(s) 'example_external_task_marker_child', 'example_external_task_marker_parent' retrieved from /home/ubuntu/venv/lib/python3.12/site-packages/airflow/example_dags/example_external_task_marker_dag.py
[2024-06-27T21:34:26.878+0000] {logging_mixin.py:188} INFO - [2024-06-27T21:34:26.877+0000] {dag.py:3096} INFO - Sync 2 DAGs
[2024-06-27T21:34:26.890+0000] {logging_mixin.py:188} INFO - [2024-06-27T21:34:26.890+0000] {dag.py:3954} INFO - Setting next_dagrun for example_external_task_marker_child to None, run_after=None
[2024-06-27T21:34:26.894+0000] {logging_mixin.py:188} INFO - [2024-06-27T21:34:26.894+0000] {dag.py:3954} INFO - Setting next_dagrun for example_external_task_marker_parent to None, run_after=None
[2024-06-27T21:34:26.917+0000] {processor.py:183} INFO - Processing /home/ubuntu/venv/lib/python3.12/site-packages/airflow/example_dags/example_external_task_marker_dag.py took 0.075 seconds
[2024-06-27T21:35:30.399+0000] {processor.py:161} INFO - Started process (PID=4282) to work on /home/ubuntu/venv/lib/python3.12/site-packages/airflow/example_dags/example_external_task_marker_dag.py
[2024-06-27T21:35:30.400+0000] {processor.py:830} INFO - Processing file /home/ubuntu/venv/lib/python3.12/site-packages/airflow/example_dags/example_external_task_marker_dag.py for tasks to queue
[2024-06-27T21:35:30.401+0000] {logging_mixin.py:188} INFO - [2024-06-27T21:35:30.401+0000] {dagbag.py:545} INFO - Filling up the DagBag from /home/ubuntu/venv/lib/python3.12/site-packages/airflow/example_dags/example_external_task_marker_dag.py
[2024-06-27T21:35:30.408+0000] {processor.py:840} INFO - DAG(s) 'example_external_task_marker_child', 'example_external_task_marker_parent' retrieved from /home/ubuntu/venv/lib/python3.12/site-packages/airflow/example_dags/example_external_task_marker_dag.py
[2024-06-27T21:35:30.428+0000] {logging_mixin.py:188} INFO - [2024-06-27T21:35:30.428+0000] {dag.py:3096} INFO - Sync 2 DAGs
[2024-06-27T21:35:30.441+0000] {logging_mixin.py:188} INFO - [2024-06-27T21:35:30.441+0000] {dag.py:3954} INFO - Setting next_dagrun for example_external_task_marker_child to None, run_after=None
[2024-06-27T21:35:30.445+0000] {logging_mixin.py:188} INFO - [2024-06-27T21:35:30.445+0000] {dag.py:3954} INFO - Setting next_dagrun for example_external_task_marker_parent to None, run_after=None
[2024-06-27T21:35:30.466+0000] {processor.py:183} INFO - Processing /home/ubuntu/venv/lib/python3.12/site-packages/airflow/example_dags/example_external_task_marker_dag.py took 0.073 seconds
[2024-06-27T21:36:33.415+0000] {processor.py:161} INFO - Started process (PID=4347) to work on /home/ubuntu/venv/lib/python3.12/site-packages/airflow/example_dags/example_external_task_marker_dag.py
[2024-06-27T21:36:33.416+0000] {processor.py:830} INFO - Processing file /home/ubuntu/venv/lib/python3.12/site-packages/airflow/example_dags/example_external_task_marker_dag.py for tasks to queue
[2024-06-27T21:36:33.417+0000] {logging_mixin.py:188} INFO - [2024-06-27T21:36:33.417+0000] {dagbag.py:545} INFO - Filling up the DagBag from /home/ubuntu/venv/lib/python3.12/site-packages/airflow/example_dags/example_external_task_marker_dag.py
[2024-06-27T21:36:33.424+0000] {processor.py:840} INFO - DAG(s) 'example_external_task_marker_child', 'example_external_task_marker_parent' retrieved from /home/ubuntu/venv/lib/python3.12/site-packages/airflow/example_dags/example_external_task_marker_dag.py
[2024-06-27T21:36:33.444+0000] {logging_mixin.py:188} INFO - [2024-06-27T21:36:33.443+0000] {dag.py:3096} INFO - Sync 2 DAGs
[2024-06-27T21:36:33.456+0000] {logging_mixin.py:188} INFO - [2024-06-27T21:36:33.456+0000] {dag.py:3954} INFO - Setting next_dagrun for example_external_task_marker_child to None, run_after=None
[2024-06-27T21:36:33.460+0000] {logging_mixin.py:188} INFO - [2024-06-27T21:36:33.460+0000] {dag.py:3954} INFO - Setting next_dagrun for example_external_task_marker_parent to None, run_after=None
[2024-06-27T21:36:33.480+0000] {processor.py:183} INFO - Processing /home/ubuntu/venv/lib/python3.12/site-packages/airflow/example_dags/example_external_task_marker_dag.py took 0.072 seconds
[2024-06-27T21:37:22.063+0000] {processor.py:161} INFO - Started process (PID=4396) to work on /home/ubuntu/venv/lib/python3.12/site-packages/airflow/example_dags/example_external_task_marker_dag.py
[2024-06-27T21:37:22.065+0000] {processor.py:830} INFO - Processing file /home/ubuntu/venv/lib/python3.12/site-packages/airflow/example_dags/example_external_task_marker_dag.py for tasks to queue
[2024-06-27T21:37:22.066+0000] {logging_mixin.py:188} INFO - [2024-06-27T21:37:22.066+0000] {dagbag.py:545} INFO - Filling up the DagBag from /home/ubuntu/venv/lib/python3.12/site-packages/airflow/example_dags/example_external_task_marker_dag.py
[2024-06-27T21:37:22.073+0000] {processor.py:840} INFO - DAG(s) 'example_external_task_marker_child', 'example_external_task_marker_parent' retrieved from /home/ubuntu/venv/lib/python3.12/site-packages/airflow/example_dags/example_external_task_marker_dag.py
[2024-06-27T21:37:22.093+0000] {logging_mixin.py:188} INFO - [2024-06-27T21:37:22.092+0000] {dag.py:3096} INFO - Sync 2 DAGs
[2024-06-27T21:37:22.105+0000] {logging_mixin.py:188} INFO - [2024-06-27T21:37:22.105+0000] {dag.py:3954} INFO - Setting next_dagrun for example_external_task_marker_child to None, run_after=None
[2024-06-27T21:37:22.108+0000] {logging_mixin.py:188} INFO - [2024-06-27T21:37:22.108+0000] {dag.py:3954} INFO - Setting next_dagrun for example_external_task_marker_parent to None, run_after=None
[2024-06-27T21:37:22.129+0000] {processor.py:183} INFO - Processing /home/ubuntu/venv/lib/python3.12/site-packages/airflow/example_dags/example_external_task_marker_dag.py took 0.072 seconds
[2024-06-27T21:38:32.394+0000] {processor.py:161} INFO - Started process (PID=4471) to work on /home/ubuntu/venv/lib/python3.12/site-packages/airflow/example_dags/example_external_task_marker_dag.py
[2024-06-27T21:38:32.396+0000] {processor.py:830} INFO - Processing file /home/ubuntu/venv/lib/python3.12/site-packages/airflow/example_dags/example_external_task_marker_dag.py for tasks to queue
[2024-06-27T21:38:32.397+0000] {logging_mixin.py:188} INFO - [2024-06-27T21:38:32.396+0000] {dagbag.py:545} INFO - Filling up the DagBag from /home/ubuntu/venv/lib/python3.12/site-packages/airflow/example_dags/example_external_task_marker_dag.py
[2024-06-27T21:38:32.404+0000] {processor.py:840} INFO - DAG(s) 'example_external_task_marker_parent', 'example_external_task_marker_child' retrieved from /home/ubuntu/venv/lib/python3.12/site-packages/airflow/example_dags/example_external_task_marker_dag.py
[2024-06-27T21:38:32.423+0000] {logging_mixin.py:188} INFO - [2024-06-27T21:38:32.423+0000] {dag.py:3096} INFO - Sync 2 DAGs
[2024-06-27T21:38:32.436+0000] {logging_mixin.py:188} INFO - [2024-06-27T21:38:32.435+0000] {dag.py:3954} INFO - Setting next_dagrun for example_external_task_marker_child to None, run_after=None
[2024-06-27T21:38:32.439+0000] {logging_mixin.py:188} INFO - [2024-06-27T21:38:32.439+0000] {dag.py:3954} INFO - Setting next_dagrun for example_external_task_marker_parent to None, run_after=None
[2024-06-27T21:38:32.458+0000] {processor.py:183} INFO - Processing /home/ubuntu/venv/lib/python3.12/site-packages/airflow/example_dags/example_external_task_marker_dag.py took 0.070 seconds
[2024-06-27T21:39:19.866+0000] {processor.py:161} INFO - Started process (PID=4520) to work on /home/ubuntu/venv/lib/python3.12/site-packages/airflow/example_dags/example_external_task_marker_dag.py
[2024-06-27T21:39:19.867+0000] {processor.py:830} INFO - Processing file /home/ubuntu/venv/lib/python3.12/site-packages/airflow/example_dags/example_external_task_marker_dag.py for tasks to queue
[2024-06-27T21:39:19.868+0000] {logging_mixin.py:188} INFO - [2024-06-27T21:39:19.868+0000] {dagbag.py:545} INFO - Filling up the DagBag from /home/ubuntu/venv/lib/python3.12/site-packages/airflow/example_dags/example_external_task_marker_dag.py
[2024-06-27T21:39:19.875+0000] {processor.py:840} INFO - DAG(s) 'example_external_task_marker_parent', 'example_external_task_marker_child' retrieved from /home/ubuntu/venv/lib/python3.12/site-packages/airflow/example_dags/example_external_task_marker_dag.py
[2024-06-27T21:39:19.895+0000] {logging_mixin.py:188} INFO - [2024-06-27T21:39:19.895+0000] {dag.py:3096} INFO - Sync 2 DAGs
[2024-06-27T21:39:19.907+0000] {logging_mixin.py:188} INFO - [2024-06-27T21:39:19.907+0000] {dag.py:3954} INFO - Setting next_dagrun for example_external_task_marker_child to None, run_after=None
[2024-06-27T21:39:19.911+0000] {logging_mixin.py:188} INFO - [2024-06-27T21:39:19.911+0000] {dag.py:3954} INFO - Setting next_dagrun for example_external_task_marker_parent to None, run_after=None
[2024-06-27T21:39:19.931+0000] {processor.py:183} INFO - Processing /home/ubuntu/venv/lib/python3.12/site-packages/airflow/example_dags/example_external_task_marker_dag.py took 0.072 seconds
[2024-06-27T21:40:20.887+0000] {processor.py:161} INFO - Started process (PID=4587) to work on /home/ubuntu/venv/lib/python3.12/site-packages/airflow/example_dags/example_external_task_marker_dag.py
[2024-06-27T21:40:20.888+0000] {processor.py:830} INFO - Processing file /home/ubuntu/venv/lib/python3.12/site-packages/airflow/example_dags/example_external_task_marker_dag.py for tasks to queue
[2024-06-27T21:40:20.889+0000] {logging_mixin.py:188} INFO - [2024-06-27T21:40:20.889+0000] {dagbag.py:545} INFO - Filling up the DagBag from /home/ubuntu/venv/lib/python3.12/site-packages/airflow/example_dags/example_external_task_marker_dag.py
[2024-06-27T21:40:20.896+0000] {processor.py:840} INFO - DAG(s) 'example_external_task_marker_parent', 'example_external_task_marker_child' retrieved from /home/ubuntu/venv/lib/python3.12/site-packages/airflow/example_dags/example_external_task_marker_dag.py
[2024-06-27T21:40:20.915+0000] {logging_mixin.py:188} INFO - [2024-06-27T21:40:20.915+0000] {dag.py:3096} INFO - Sync 2 DAGs
[2024-06-27T21:40:20.928+0000] {logging_mixin.py:188} INFO - [2024-06-27T21:40:20.927+0000] {dag.py:3954} INFO - Setting next_dagrun for example_external_task_marker_child to None, run_after=None
[2024-06-27T21:40:20.931+0000] {logging_mixin.py:188} INFO - [2024-06-27T21:40:20.931+0000] {dag.py:3954} INFO - Setting next_dagrun for example_external_task_marker_parent to None, run_after=None
[2024-06-27T21:40:20.951+0000] {processor.py:183} INFO - Processing /home/ubuntu/venv/lib/python3.12/site-packages/airflow/example_dags/example_external_task_marker_dag.py took 0.071 seconds
[2024-06-27T21:41:27.811+0000] {processor.py:161} INFO - Started process (PID=4654) to work on /home/ubuntu/venv/lib/python3.12/site-packages/airflow/example_dags/example_external_task_marker_dag.py
[2024-06-27T21:41:27.813+0000] {processor.py:830} INFO - Processing file /home/ubuntu/venv/lib/python3.12/site-packages/airflow/example_dags/example_external_task_marker_dag.py for tasks to queue
[2024-06-27T21:41:27.814+0000] {logging_mixin.py:188} INFO - [2024-06-27T21:41:27.813+0000] {dagbag.py:545} INFO - Filling up the DagBag from /home/ubuntu/venv/lib/python3.12/site-packages/airflow/example_dags/example_external_task_marker_dag.py
[2024-06-27T21:41:27.820+0000] {processor.py:840} INFO - DAG(s) 'example_external_task_marker_parent', 'example_external_task_marker_child' retrieved from /home/ubuntu/venv/lib/python3.12/site-packages/airflow/example_dags/example_external_task_marker_dag.py
[2024-06-27T21:41:27.840+0000] {logging_mixin.py:188} INFO - [2024-06-27T21:41:27.840+0000] {dag.py:3096} INFO - Sync 2 DAGs
[2024-06-27T21:41:27.853+0000] {logging_mixin.py:188} INFO - [2024-06-27T21:41:27.853+0000] {dag.py:3954} INFO - Setting next_dagrun for example_external_task_marker_child to None, run_after=None
[2024-06-27T21:41:27.857+0000] {logging_mixin.py:188} INFO - [2024-06-27T21:41:27.856+0000] {dag.py:3954} INFO - Setting next_dagrun for example_external_task_marker_parent to None, run_after=None
[2024-06-27T21:41:27.879+0000] {processor.py:183} INFO - Processing /home/ubuntu/venv/lib/python3.12/site-packages/airflow/example_dags/example_external_task_marker_dag.py took 0.073 seconds
[2024-06-27T21:42:33.591+0000] {processor.py:161} INFO - Started process (PID=4723) to work on /home/ubuntu/venv/lib/python3.12/site-packages/airflow/example_dags/example_external_task_marker_dag.py
[2024-06-27T21:42:33.593+0000] {processor.py:830} INFO - Processing file /home/ubuntu/venv/lib/python3.12/site-packages/airflow/example_dags/example_external_task_marker_dag.py for tasks to queue
[2024-06-27T21:42:33.594+0000] {logging_mixin.py:188} INFO - [2024-06-27T21:42:33.593+0000] {dagbag.py:545} INFO - Filling up the DagBag from /home/ubuntu/venv/lib/python3.12/site-packages/airflow/example_dags/example_external_task_marker_dag.py
[2024-06-27T21:42:33.601+0000] {processor.py:840} INFO - DAG(s) 'example_external_task_marker_parent', 'example_external_task_marker_child' retrieved from /home/ubuntu/venv/lib/python3.12/site-packages/airflow/example_dags/example_external_task_marker_dag.py
[2024-06-27T21:42:33.620+0000] {logging_mixin.py:188} INFO - [2024-06-27T21:42:33.620+0000] {dag.py:3096} INFO - Sync 2 DAGs
[2024-06-27T21:42:33.633+0000] {logging_mixin.py:188} INFO - [2024-06-27T21:42:33.633+0000] {dag.py:3954} INFO - Setting next_dagrun for example_external_task_marker_child to None, run_after=None
[2024-06-27T21:42:33.636+0000] {logging_mixin.py:188} INFO - [2024-06-27T21:42:33.636+0000] {dag.py:3954} INFO - Setting next_dagrun for example_external_task_marker_parent to None, run_after=None
[2024-06-27T21:42:33.658+0000] {processor.py:183} INFO - Processing /home/ubuntu/venv/lib/python3.12/site-packages/airflow/example_dags/example_external_task_marker_dag.py took 0.072 seconds
[2024-06-27T21:43:38.769+0000] {processor.py:161} INFO - Started process (PID=4789) to work on /home/ubuntu/venv/lib/python3.12/site-packages/airflow/example_dags/example_external_task_marker_dag.py
[2024-06-27T21:43:38.771+0000] {processor.py:830} INFO - Processing file /home/ubuntu/venv/lib/python3.12/site-packages/airflow/example_dags/example_external_task_marker_dag.py for tasks to queue
[2024-06-27T21:43:38.772+0000] {logging_mixin.py:188} INFO - [2024-06-27T21:43:38.771+0000] {dagbag.py:545} INFO - Filling up the DagBag from /home/ubuntu/venv/lib/python3.12/site-packages/airflow/example_dags/example_external_task_marker_dag.py
[2024-06-27T21:43:38.778+0000] {processor.py:840} INFO - DAG(s) 'example_external_task_marker_parent', 'example_external_task_marker_child' retrieved from /home/ubuntu/venv/lib/python3.12/site-packages/airflow/example_dags/example_external_task_marker_dag.py
[2024-06-27T21:43:38.798+0000] {logging_mixin.py:188} INFO - [2024-06-27T21:43:38.798+0000] {dag.py:3096} INFO - Sync 2 DAGs
[2024-06-27T21:43:38.811+0000] {logging_mixin.py:188} INFO - [2024-06-27T21:43:38.810+0000] {dag.py:3954} INFO - Setting next_dagrun for example_external_task_marker_child to None, run_after=None
[2024-06-27T21:43:38.814+0000] {logging_mixin.py:188} INFO - [2024-06-27T21:43:38.814+0000] {dag.py:3954} INFO - Setting next_dagrun for example_external_task_marker_parent to None, run_after=None
[2024-06-27T21:43:38.835+0000] {processor.py:183} INFO - Processing /home/ubuntu/venv/lib/python3.12/site-packages/airflow/example_dags/example_external_task_marker_dag.py took 0.072 seconds
[2024-06-27T21:44:44.832+0000] {processor.py:161} INFO - Started process (PID=4899) to work on /home/ubuntu/venv/lib/python3.12/site-packages/airflow/example_dags/example_external_task_marker_dag.py
[2024-06-27T21:44:44.834+0000] {processor.py:830} INFO - Processing file /home/ubuntu/venv/lib/python3.12/site-packages/airflow/example_dags/example_external_task_marker_dag.py for tasks to queue
[2024-06-27T21:44:44.835+0000] {logging_mixin.py:188} INFO - [2024-06-27T21:44:44.834+0000] {dagbag.py:545} INFO - Filling up the DagBag from /home/ubuntu/venv/lib/python3.12/site-packages/airflow/example_dags/example_external_task_marker_dag.py
[2024-06-27T21:44:44.841+0000] {processor.py:840} INFO - DAG(s) 'example_external_task_marker_parent', 'example_external_task_marker_child' retrieved from /home/ubuntu/venv/lib/python3.12/site-packages/airflow/example_dags/example_external_task_marker_dag.py
[2024-06-27T21:44:44.861+0000] {logging_mixin.py:188} INFO - [2024-06-27T21:44:44.861+0000] {dag.py:3096} INFO - Sync 2 DAGs
[2024-06-27T21:44:44.977+0000] {logging_mixin.py:188} INFO - [2024-06-27T21:44:44.977+0000] {dag.py:3954} INFO - Setting next_dagrun for example_external_task_marker_child to None, run_after=None
[2024-06-27T21:44:44.981+0000] {logging_mixin.py:188} INFO - [2024-06-27T21:44:44.980+0000] {dag.py:3954} INFO - Setting next_dagrun for example_external_task_marker_parent to None, run_after=None
[2024-06-27T21:44:44.999+0000] {processor.py:183} INFO - Processing /home/ubuntu/venv/lib/python3.12/site-packages/airflow/example_dags/example_external_task_marker_dag.py took 0.173 seconds
[2024-06-27T21:45:33.095+0000] {processor.py:161} INFO - Started process (PID=4953) to work on /home/ubuntu/venv/lib/python3.12/site-packages/airflow/example_dags/example_external_task_marker_dag.py
[2024-06-27T21:45:33.097+0000] {processor.py:830} INFO - Processing file /home/ubuntu/venv/lib/python3.12/site-packages/airflow/example_dags/example_external_task_marker_dag.py for tasks to queue
[2024-06-27T21:45:33.098+0000] {logging_mixin.py:188} INFO - [2024-06-27T21:45:33.097+0000] {dagbag.py:545} INFO - Filling up the DagBag from /home/ubuntu/venv/lib/python3.12/site-packages/airflow/example_dags/example_external_task_marker_dag.py
[2024-06-27T21:45:33.104+0000] {processor.py:840} INFO - DAG(s) 'example_external_task_marker_parent', 'example_external_task_marker_child' retrieved from /home/ubuntu/venv/lib/python3.12/site-packages/airflow/example_dags/example_external_task_marker_dag.py
[2024-06-27T21:45:33.124+0000] {logging_mixin.py:188} INFO - [2024-06-27T21:45:33.123+0000] {dag.py:3096} INFO - Sync 2 DAGs
[2024-06-27T21:45:33.136+0000] {logging_mixin.py:188} INFO - [2024-06-27T21:45:33.136+0000] {dag.py:3954} INFO - Setting next_dagrun for example_external_task_marker_child to None, run_after=None
[2024-06-27T21:45:33.139+0000] {logging_mixin.py:188} INFO - [2024-06-27T21:45:33.139+0000] {dag.py:3954} INFO - Setting next_dagrun for example_external_task_marker_parent to None, run_after=None
[2024-06-27T21:45:33.161+0000] {processor.py:183} INFO - Processing /home/ubuntu/venv/lib/python3.12/site-packages/airflow/example_dags/example_external_task_marker_dag.py took 0.072 seconds
[2024-06-27T21:46:45.894+0000] {processor.py:161} INFO - Started process (PID=5021) to work on /home/ubuntu/venv/lib/python3.12/site-packages/airflow/example_dags/example_external_task_marker_dag.py
[2024-06-27T21:46:45.896+0000] {processor.py:830} INFO - Processing file /home/ubuntu/venv/lib/python3.12/site-packages/airflow/example_dags/example_external_task_marker_dag.py for tasks to queue
[2024-06-27T21:46:45.897+0000] {logging_mixin.py:188} INFO - [2024-06-27T21:46:45.896+0000] {dagbag.py:545} INFO - Filling up the DagBag from /home/ubuntu/venv/lib/python3.12/site-packages/airflow/example_dags/example_external_task_marker_dag.py
[2024-06-27T21:46:45.904+0000] {processor.py:840} INFO - DAG(s) 'example_external_task_marker_parent', 'example_external_task_marker_child' retrieved from /home/ubuntu/venv/lib/python3.12/site-packages/airflow/example_dags/example_external_task_marker_dag.py
[2024-06-27T21:46:45.924+0000] {logging_mixin.py:188} INFO - [2024-06-27T21:46:45.924+0000] {dag.py:3096} INFO - Sync 2 DAGs
[2024-06-27T21:46:45.936+0000] {logging_mixin.py:188} INFO - [2024-06-27T21:46:45.936+0000] {dag.py:3954} INFO - Setting next_dagrun for example_external_task_marker_child to None, run_after=None
[2024-06-27T21:46:45.940+0000] {logging_mixin.py:188} INFO - [2024-06-27T21:46:45.940+0000] {dag.py:3954} INFO - Setting next_dagrun for example_external_task_marker_parent to None, run_after=None
[2024-06-27T21:46:45.961+0000] {processor.py:183} INFO - Processing /home/ubuntu/venv/lib/python3.12/site-packages/airflow/example_dags/example_external_task_marker_dag.py took 0.072 seconds
[2024-06-27T21:47:34.232+0000] {processor.py:161} INFO - Started process (PID=5099) to work on /home/ubuntu/venv/lib/python3.12/site-packages/airflow/example_dags/example_external_task_marker_dag.py
[2024-06-27T21:47:34.234+0000] {processor.py:830} INFO - Processing file /home/ubuntu/venv/lib/python3.12/site-packages/airflow/example_dags/example_external_task_marker_dag.py for tasks to queue
[2024-06-27T21:47:34.235+0000] {logging_mixin.py:188} INFO - [2024-06-27T21:47:34.234+0000] {dagbag.py:545} INFO - Filling up the DagBag from /home/ubuntu/venv/lib/python3.12/site-packages/airflow/example_dags/example_external_task_marker_dag.py
[2024-06-27T21:47:34.242+0000] {processor.py:840} INFO - DAG(s) 'example_external_task_marker_child', 'example_external_task_marker_parent' retrieved from /home/ubuntu/venv/lib/python3.12/site-packages/airflow/example_dags/example_external_task_marker_dag.py
[2024-06-27T21:47:34.261+0000] {logging_mixin.py:188} INFO - [2024-06-27T21:47:34.261+0000] {dag.py:3096} INFO - Sync 2 DAGs
[2024-06-27T21:47:34.274+0000] {logging_mixin.py:188} INFO - [2024-06-27T21:47:34.274+0000] {dag.py:3954} INFO - Setting next_dagrun for example_external_task_marker_child to None, run_after=None
[2024-06-27T21:47:34.278+0000] {logging_mixin.py:188} INFO - [2024-06-27T21:47:34.277+0000] {dag.py:3954} INFO - Setting next_dagrun for example_external_task_marker_parent to None, run_after=None
[2024-06-27T21:47:34.298+0000] {processor.py:183} INFO - Processing /home/ubuntu/venv/lib/python3.12/site-packages/airflow/example_dags/example_external_task_marker_dag.py took 0.072 seconds
[2024-06-27T21:48:22.786+0000] {processor.py:161} INFO - Started process (PID=5245) to work on /home/ubuntu/venv/lib/python3.12/site-packages/airflow/example_dags/example_external_task_marker_dag.py
[2024-06-27T21:48:22.788+0000] {processor.py:830} INFO - Processing file /home/ubuntu/venv/lib/python3.12/site-packages/airflow/example_dags/example_external_task_marker_dag.py for tasks to queue
[2024-06-27T21:48:22.789+0000] {logging_mixin.py:188} INFO - [2024-06-27T21:48:22.788+0000] {dagbag.py:545} INFO - Filling up the DagBag from /home/ubuntu/venv/lib/python3.12/site-packages/airflow/example_dags/example_external_task_marker_dag.py
[2024-06-27T21:48:22.795+0000] {processor.py:840} INFO - DAG(s) 'example_external_task_marker_child', 'example_external_task_marker_parent' retrieved from /home/ubuntu/venv/lib/python3.12/site-packages/airflow/example_dags/example_external_task_marker_dag.py
[2024-06-27T21:48:22.816+0000] {logging_mixin.py:188} INFO - [2024-06-27T21:48:22.815+0000] {dag.py:3096} INFO - Sync 2 DAGs
[2024-06-27T21:48:22.828+0000] {logging_mixin.py:188} INFO - [2024-06-27T21:48:22.828+0000] {dag.py:3954} INFO - Setting next_dagrun for example_external_task_marker_child to None, run_after=None
[2024-06-27T21:48:22.832+0000] {logging_mixin.py:188} INFO - [2024-06-27T21:48:22.832+0000] {dag.py:3954} INFO - Setting next_dagrun for example_external_task_marker_parent to None, run_after=None
[2024-06-27T21:48:22.852+0000] {processor.py:183} INFO - Processing /home/ubuntu/venv/lib/python3.12/site-packages/airflow/example_dags/example_external_task_marker_dag.py took 0.074 seconds
[2024-06-27T21:49:25.079+0000] {processor.py:161} INFO - Started process (PID=5312) to work on /home/ubuntu/venv/lib/python3.12/site-packages/airflow/example_dags/example_external_task_marker_dag.py
[2024-06-27T21:49:25.080+0000] {processor.py:830} INFO - Processing file /home/ubuntu/venv/lib/python3.12/site-packages/airflow/example_dags/example_external_task_marker_dag.py for tasks to queue
[2024-06-27T21:49:25.081+0000] {logging_mixin.py:188} INFO - [2024-06-27T21:49:25.081+0000] {dagbag.py:545} INFO - Filling up the DagBag from /home/ubuntu/venv/lib/python3.12/site-packages/airflow/example_dags/example_external_task_marker_dag.py
[2024-06-27T21:49:25.088+0000] {processor.py:840} INFO - DAG(s) 'example_external_task_marker_child', 'example_external_task_marker_parent' retrieved from /home/ubuntu/venv/lib/python3.12/site-packages/airflow/example_dags/example_external_task_marker_dag.py
[2024-06-27T21:49:25.108+0000] {logging_mixin.py:188} INFO - [2024-06-27T21:49:25.108+0000] {dag.py:3096} INFO - Sync 2 DAGs
[2024-06-27T21:49:25.121+0000] {logging_mixin.py:188} INFO - [2024-06-27T21:49:25.121+0000] {dag.py:3954} INFO - Setting next_dagrun for example_external_task_marker_child to None, run_after=None
[2024-06-27T21:49:25.125+0000] {logging_mixin.py:188} INFO - [2024-06-27T21:49:25.124+0000] {dag.py:3954} INFO - Setting next_dagrun for example_external_task_marker_parent to None, run_after=None
[2024-06-27T21:49:25.145+0000] {processor.py:183} INFO - Processing /home/ubuntu/venv/lib/python3.12/site-packages/airflow/example_dags/example_external_task_marker_dag.py took 0.074 seconds
