[2024-06-27T21:20:21.540+0000] {processor.py:161} INFO - Started process (PID=2982) to work on /home/ubuntu/venv/lib/python3.12/site-packages/airflow/example_dags/example_branch_day_of_week_operator.py
[2024-06-27T21:20:21.540+0000] {processor.py:830} INFO - Processing file /home/ubuntu/venv/lib/python3.12/site-packages/airflow/example_dags/example_branch_day_of_week_operator.py for tasks to queue
[2024-06-27T21:20:21.542+0000] {logging_mixin.py:188} INFO - [2024-06-27T21:20:21.542+0000] {dagbag.py:545} INFO - Filling up the DagBag from /home/ubuntu/venv/lib/python3.12/site-packages/airflow/example_dags/example_branch_day_of_week_operator.py
[2024-06-27T21:20:21.550+0000] {processor.py:840} INFO - DAG(s) 'example_weekday_branch_operator' retrieved from /home/ubuntu/venv/lib/python3.12/site-packages/airflow/example_dags/example_branch_day_of_week_operator.py
[2024-06-27T21:20:21.665+0000] {logging_mixin.py:188} INFO - [2024-06-27T21:20:21.664+0000] {override.py:1847} INFO - Created Permission View: can read on DAG:example_weekday_branch_operator
[2024-06-27T21:20:21.678+0000] {logging_mixin.py:188} INFO - [2024-06-27T21:20:21.677+0000] {override.py:1847} INFO - Created Permission View: can delete on DAG:example_weekday_branch_operator
[2024-06-27T21:20:21.690+0000] {logging_mixin.py:188} INFO - [2024-06-27T21:20:21.689+0000] {override.py:1847} INFO - Created Permission View: can edit on DAG:example_weekday_branch_operator
[2024-06-27T21:20:21.690+0000] {logging_mixin.py:188} INFO - [2024-06-27T21:20:21.690+0000] {dag.py:3096} INFO - Sync 1 DAGs
[2024-06-27T21:20:21.701+0000] {logging_mixin.py:188} INFO - [2024-06-27T21:20:21.701+0000] {dag.py:3118} INFO - Creating ORM DAG for example_weekday_branch_operator
[2024-06-27T21:20:21.711+0000] {logging_mixin.py:188} INFO - [2024-06-27T21:20:21.710+0000] {dag.py:3954} INFO - Setting next_dagrun for example_weekday_branch_operator to 2024-06-26 00:00:00+00:00, run_after=2024-06-27 00:00:00+00:00
[2024-06-27T21:20:21.734+0000] {processor.py:183} INFO - Processing /home/ubuntu/venv/lib/python3.12/site-packages/airflow/example_dags/example_branch_day_of_week_operator.py took 0.201 seconds
[2024-06-27T21:21:27.460+0000] {processor.py:161} INFO - Started process (PID=3334) to work on /home/ubuntu/venv/lib/python3.12/site-packages/airflow/example_dags/example_branch_day_of_week_operator.py
[2024-06-27T21:21:27.462+0000] {processor.py:830} INFO - Processing file /home/ubuntu/venv/lib/python3.12/site-packages/airflow/example_dags/example_branch_day_of_week_operator.py for tasks to queue
[2024-06-27T21:21:27.463+0000] {logging_mixin.py:188} INFO - [2024-06-27T21:21:27.463+0000] {dagbag.py:545} INFO - Filling up the DagBag from /home/ubuntu/venv/lib/python3.12/site-packages/airflow/example_dags/example_branch_day_of_week_operator.py
[2024-06-27T21:21:27.472+0000] {processor.py:840} INFO - DAG(s) 'example_weekday_branch_operator' retrieved from /home/ubuntu/venv/lib/python3.12/site-packages/airflow/example_dags/example_branch_day_of_week_operator.py
[2024-06-27T21:21:27.489+0000] {logging_mixin.py:188} INFO - [2024-06-27T21:21:27.489+0000] {dag.py:3096} INFO - Sync 1 DAGs
[2024-06-27T21:21:27.511+0000] {logging_mixin.py:188} INFO - [2024-06-27T21:21:27.510+0000] {dag.py:3954} INFO - Setting next_dagrun for example_weekday_branch_operator to 2024-06-26 00:00:00+00:00, run_after=2024-06-27 00:00:00+00:00
[2024-06-27T21:21:27.533+0000] {processor.py:183} INFO - Processing /home/ubuntu/venv/lib/python3.12/site-packages/airflow/example_dags/example_branch_day_of_week_operator.py took 0.079 seconds
[2024-06-27T21:22:25.992+0000] {processor.py:161} INFO - Started process (PID=3408) to work on /home/ubuntu/venv/lib/python3.12/site-packages/airflow/example_dags/example_branch_day_of_week_operator.py
[2024-06-27T21:22:25.993+0000] {processor.py:830} INFO - Processing file /home/ubuntu/venv/lib/python3.12/site-packages/airflow/example_dags/example_branch_day_of_week_operator.py for tasks to queue
[2024-06-27T21:22:25.995+0000] {logging_mixin.py:188} INFO - [2024-06-27T21:22:25.995+0000] {dagbag.py:545} INFO - Filling up the DagBag from /home/ubuntu/venv/lib/python3.12/site-packages/airflow/example_dags/example_branch_day_of_week_operator.py
[2024-06-27T21:22:26.004+0000] {processor.py:840} INFO - DAG(s) 'example_weekday_branch_operator' retrieved from /home/ubuntu/venv/lib/python3.12/site-packages/airflow/example_dags/example_branch_day_of_week_operator.py
[2024-06-27T21:22:26.022+0000] {logging_mixin.py:188} INFO - [2024-06-27T21:22:26.022+0000] {dag.py:3096} INFO - Sync 1 DAGs
[2024-06-27T21:22:26.044+0000] {logging_mixin.py:188} INFO - [2024-06-27T21:22:26.044+0000] {dag.py:3954} INFO - Setting next_dagrun for example_weekday_branch_operator to 2024-06-26 00:00:00+00:00, run_after=2024-06-27 00:00:00+00:00
[2024-06-27T21:22:26.067+0000] {processor.py:183} INFO - Processing /home/ubuntu/venv/lib/python3.12/site-packages/airflow/example_dags/example_branch_day_of_week_operator.py took 0.081 seconds
[2024-06-27T21:23:25.799+0000] {processor.py:161} INFO - Started process (PID=3474) to work on /home/ubuntu/venv/lib/python3.12/site-packages/airflow/example_dags/example_branch_day_of_week_operator.py
[2024-06-27T21:23:25.801+0000] {processor.py:830} INFO - Processing file /home/ubuntu/venv/lib/python3.12/site-packages/airflow/example_dags/example_branch_day_of_week_operator.py for tasks to queue
[2024-06-27T21:23:25.802+0000] {logging_mixin.py:188} INFO - [2024-06-27T21:23:25.802+0000] {dagbag.py:545} INFO - Filling up the DagBag from /home/ubuntu/venv/lib/python3.12/site-packages/airflow/example_dags/example_branch_day_of_week_operator.py
[2024-06-27T21:23:25.811+0000] {processor.py:840} INFO - DAG(s) 'example_weekday_branch_operator' retrieved from /home/ubuntu/venv/lib/python3.12/site-packages/airflow/example_dags/example_branch_day_of_week_operator.py
[2024-06-27T21:23:25.829+0000] {logging_mixin.py:188} INFO - [2024-06-27T21:23:25.829+0000] {dag.py:3096} INFO - Sync 1 DAGs
[2024-06-27T21:23:25.851+0000] {logging_mixin.py:188} INFO - [2024-06-27T21:23:25.851+0000] {dag.py:3954} INFO - Setting next_dagrun for example_weekday_branch_operator to 2024-06-26 00:00:00+00:00, run_after=2024-06-27 00:00:00+00:00
[2024-06-27T21:23:25.875+0000] {processor.py:183} INFO - Processing /home/ubuntu/venv/lib/python3.12/site-packages/airflow/example_dags/example_branch_day_of_week_operator.py took 0.082 seconds
[2024-06-27T21:24:23.787+0000] {processor.py:161} INFO - Started process (PID=3537) to work on /home/ubuntu/venv/lib/python3.12/site-packages/airflow/example_dags/example_branch_day_of_week_operator.py
[2024-06-27T21:24:23.788+0000] {processor.py:830} INFO - Processing file /home/ubuntu/venv/lib/python3.12/site-packages/airflow/example_dags/example_branch_day_of_week_operator.py for tasks to queue
[2024-06-27T21:24:23.789+0000] {logging_mixin.py:188} INFO - [2024-06-27T21:24:23.788+0000] {dagbag.py:545} INFO - Filling up the DagBag from /home/ubuntu/venv/lib/python3.12/site-packages/airflow/example_dags/example_branch_day_of_week_operator.py
[2024-06-27T21:24:23.797+0000] {processor.py:840} INFO - DAG(s) 'example_weekday_branch_operator' retrieved from /home/ubuntu/venv/lib/python3.12/site-packages/airflow/example_dags/example_branch_day_of_week_operator.py
[2024-06-27T21:24:23.815+0000] {logging_mixin.py:188} INFO - [2024-06-27T21:24:23.815+0000] {dag.py:3096} INFO - Sync 1 DAGs
[2024-06-27T21:24:23.837+0000] {logging_mixin.py:188} INFO - [2024-06-27T21:24:23.837+0000] {dag.py:3954} INFO - Setting next_dagrun for example_weekday_branch_operator to 2024-06-26 00:00:00+00:00, run_after=2024-06-27 00:00:00+00:00
[2024-06-27T21:24:23.860+0000] {processor.py:183} INFO - Processing /home/ubuntu/venv/lib/python3.12/site-packages/airflow/example_dags/example_branch_day_of_week_operator.py took 0.079 seconds
[2024-06-27T21:25:27.019+0000] {processor.py:161} INFO - Started process (PID=3610) to work on /home/ubuntu/venv/lib/python3.12/site-packages/airflow/example_dags/example_branch_day_of_week_operator.py
[2024-06-27T21:25:27.020+0000] {processor.py:830} INFO - Processing file /home/ubuntu/venv/lib/python3.12/site-packages/airflow/example_dags/example_branch_day_of_week_operator.py for tasks to queue
[2024-06-27T21:25:27.021+0000] {logging_mixin.py:188} INFO - [2024-06-27T21:25:27.021+0000] {dagbag.py:545} INFO - Filling up the DagBag from /home/ubuntu/venv/lib/python3.12/site-packages/airflow/example_dags/example_branch_day_of_week_operator.py
[2024-06-27T21:25:27.030+0000] {processor.py:840} INFO - DAG(s) 'example_weekday_branch_operator' retrieved from /home/ubuntu/venv/lib/python3.12/site-packages/airflow/example_dags/example_branch_day_of_week_operator.py
[2024-06-27T21:25:27.048+0000] {logging_mixin.py:188} INFO - [2024-06-27T21:25:27.048+0000] {dag.py:3096} INFO - Sync 1 DAGs
[2024-06-27T21:25:27.070+0000] {logging_mixin.py:188} INFO - [2024-06-27T21:25:27.070+0000] {dag.py:3954} INFO - Setting next_dagrun for example_weekday_branch_operator to 2024-06-26 00:00:00+00:00, run_after=2024-06-27 00:00:00+00:00
[2024-06-27T21:25:27.093+0000] {processor.py:183} INFO - Processing /home/ubuntu/venv/lib/python3.12/site-packages/airflow/example_dags/example_branch_day_of_week_operator.py took 0.079 seconds
[2024-06-27T21:26:30.643+0000] {processor.py:161} INFO - Started process (PID=3675) to work on /home/ubuntu/venv/lib/python3.12/site-packages/airflow/example_dags/example_branch_day_of_week_operator.py
[2024-06-27T21:26:30.644+0000] {processor.py:830} INFO - Processing file /home/ubuntu/venv/lib/python3.12/site-packages/airflow/example_dags/example_branch_day_of_week_operator.py for tasks to queue
[2024-06-27T21:26:30.645+0000] {logging_mixin.py:188} INFO - [2024-06-27T21:26:30.645+0000] {dagbag.py:545} INFO - Filling up the DagBag from /home/ubuntu/venv/lib/python3.12/site-packages/airflow/example_dags/example_branch_day_of_week_operator.py
[2024-06-27T21:26:30.654+0000] {processor.py:840} INFO - DAG(s) 'example_weekday_branch_operator' retrieved from /home/ubuntu/venv/lib/python3.12/site-packages/airflow/example_dags/example_branch_day_of_week_operator.py
[2024-06-27T21:26:30.672+0000] {logging_mixin.py:188} INFO - [2024-06-27T21:26:30.672+0000] {dag.py:3096} INFO - Sync 1 DAGs
[2024-06-27T21:26:30.693+0000] {logging_mixin.py:188} INFO - [2024-06-27T21:26:30.692+0000] {dag.py:3954} INFO - Setting next_dagrun for example_weekday_branch_operator to 2024-06-26 00:00:00+00:00, run_after=2024-06-27 00:00:00+00:00
[2024-06-27T21:26:30.715+0000] {processor.py:183} INFO - Processing /home/ubuntu/venv/lib/python3.12/site-packages/airflow/example_dags/example_branch_day_of_week_operator.py took 0.079 seconds
[2024-06-27T21:27:34.372+0000] {processor.py:161} INFO - Started process (PID=3742) to work on /home/ubuntu/venv/lib/python3.12/site-packages/airflow/example_dags/example_branch_day_of_week_operator.py
[2024-06-27T21:27:34.373+0000] {processor.py:830} INFO - Processing file /home/ubuntu/venv/lib/python3.12/site-packages/airflow/example_dags/example_branch_day_of_week_operator.py for tasks to queue
[2024-06-27T21:27:34.374+0000] {logging_mixin.py:188} INFO - [2024-06-27T21:27:34.374+0000] {dagbag.py:545} INFO - Filling up the DagBag from /home/ubuntu/venv/lib/python3.12/site-packages/airflow/example_dags/example_branch_day_of_week_operator.py
[2024-06-27T21:27:34.382+0000] {processor.py:840} INFO - DAG(s) 'example_weekday_branch_operator' retrieved from /home/ubuntu/venv/lib/python3.12/site-packages/airflow/example_dags/example_branch_day_of_week_operator.py
[2024-06-27T21:27:34.401+0000] {logging_mixin.py:188} INFO - [2024-06-27T21:27:34.401+0000] {dag.py:3096} INFO - Sync 1 DAGs
[2024-06-27T21:27:34.423+0000] {logging_mixin.py:188} INFO - [2024-06-27T21:27:34.423+0000] {dag.py:3954} INFO - Setting next_dagrun for example_weekday_branch_operator to 2024-06-26 00:00:00+00:00, run_after=2024-06-27 00:00:00+00:00
[2024-06-27T21:27:34.446+0000] {processor.py:183} INFO - Processing /home/ubuntu/venv/lib/python3.12/site-packages/airflow/example_dags/example_branch_day_of_week_operator.py took 0.081 seconds
[2024-06-27T21:29:08.212+0000] {processor.py:161} INFO - Started process (PID=3859) to work on /home/ubuntu/venv/lib/python3.12/site-packages/airflow/example_dags/example_branch_day_of_week_operator.py
[2024-06-27T21:29:08.214+0000] {processor.py:830} INFO - Processing file /home/ubuntu/venv/lib/python3.12/site-packages/airflow/example_dags/example_branch_day_of_week_operator.py for tasks to queue
[2024-06-27T21:29:08.215+0000] {logging_mixin.py:188} INFO - [2024-06-27T21:29:08.214+0000] {dagbag.py:545} INFO - Filling up the DagBag from /home/ubuntu/venv/lib/python3.12/site-packages/airflow/example_dags/example_branch_day_of_week_operator.py
[2024-06-27T21:29:08.223+0000] {processor.py:840} INFO - DAG(s) 'example_weekday_branch_operator' retrieved from /home/ubuntu/venv/lib/python3.12/site-packages/airflow/example_dags/example_branch_day_of_week_operator.py
[2024-06-27T21:29:08.241+0000] {logging_mixin.py:188} INFO - [2024-06-27T21:29:08.241+0000] {dag.py:3096} INFO - Sync 1 DAGs
[2024-06-27T21:29:08.263+0000] {logging_mixin.py:188} INFO - [2024-06-27T21:29:08.262+0000] {dag.py:3954} INFO - Setting next_dagrun for example_weekday_branch_operator to 2024-06-26 00:00:00+00:00, run_after=2024-06-27 00:00:00+00:00
[2024-06-27T21:29:08.286+0000] {processor.py:183} INFO - Processing /home/ubuntu/venv/lib/python3.12/site-packages/airflow/example_dags/example_branch_day_of_week_operator.py took 0.080 seconds
[2024-06-27T21:30:15.420+0000] {processor.py:161} INFO - Started process (PID=3940) to work on /home/ubuntu/venv/lib/python3.12/site-packages/airflow/example_dags/example_branch_day_of_week_operator.py
[2024-06-27T21:30:15.422+0000] {processor.py:830} INFO - Processing file /home/ubuntu/venv/lib/python3.12/site-packages/airflow/example_dags/example_branch_day_of_week_operator.py for tasks to queue
[2024-06-27T21:30:15.423+0000] {logging_mixin.py:188} INFO - [2024-06-27T21:30:15.422+0000] {dagbag.py:545} INFO - Filling up the DagBag from /home/ubuntu/venv/lib/python3.12/site-packages/airflow/example_dags/example_branch_day_of_week_operator.py
[2024-06-27T21:30:15.432+0000] {processor.py:840} INFO - DAG(s) 'example_weekday_branch_operator' retrieved from /home/ubuntu/venv/lib/python3.12/site-packages/airflow/example_dags/example_branch_day_of_week_operator.py
[2024-06-27T21:30:15.450+0000] {logging_mixin.py:188} INFO - [2024-06-27T21:30:15.450+0000] {dag.py:3096} INFO - Sync 1 DAGs
[2024-06-27T21:30:15.473+0000] {logging_mixin.py:188} INFO - [2024-06-27T21:30:15.472+0000] {dag.py:3954} INFO - Setting next_dagrun for example_weekday_branch_operator to 2024-06-26 00:00:00+00:00, run_after=2024-06-27 00:00:00+00:00
[2024-06-27T21:30:15.496+0000] {processor.py:183} INFO - Processing /home/ubuntu/venv/lib/python3.12/site-packages/airflow/example_dags/example_branch_day_of_week_operator.py took 0.082 seconds
[2024-06-27T21:31:17.817+0000] {processor.py:161} INFO - Started process (PID=4004) to work on /home/ubuntu/venv/lib/python3.12/site-packages/airflow/example_dags/example_branch_day_of_week_operator.py
[2024-06-27T21:31:17.819+0000] {processor.py:830} INFO - Processing file /home/ubuntu/venv/lib/python3.12/site-packages/airflow/example_dags/example_branch_day_of_week_operator.py for tasks to queue
[2024-06-27T21:31:17.820+0000] {logging_mixin.py:188} INFO - [2024-06-27T21:31:17.819+0000] {dagbag.py:545} INFO - Filling up the DagBag from /home/ubuntu/venv/lib/python3.12/site-packages/airflow/example_dags/example_branch_day_of_week_operator.py
[2024-06-27T21:31:17.829+0000] {processor.py:840} INFO - DAG(s) 'example_weekday_branch_operator' retrieved from /home/ubuntu/venv/lib/python3.12/site-packages/airflow/example_dags/example_branch_day_of_week_operator.py
[2024-06-27T21:31:17.847+0000] {logging_mixin.py:188} INFO - [2024-06-27T21:31:17.847+0000] {dag.py:3096} INFO - Sync 1 DAGs
[2024-06-27T21:31:17.869+0000] {logging_mixin.py:188} INFO - [2024-06-27T21:31:17.869+0000] {dag.py:3954} INFO - Setting next_dagrun for example_weekday_branch_operator to 2024-06-26 00:00:00+00:00, run_after=2024-06-27 00:00:00+00:00
[2024-06-27T21:31:17.892+0000] {processor.py:183} INFO - Processing /home/ubuntu/venv/lib/python3.12/site-packages/airflow/example_dags/example_branch_day_of_week_operator.py took 0.081 seconds
[2024-06-27T21:32:29.935+0000] {processor.py:161} INFO - Started process (PID=4080) to work on /home/ubuntu/venv/lib/python3.12/site-packages/airflow/example_dags/example_branch_day_of_week_operator.py
[2024-06-27T21:32:29.936+0000] {processor.py:830} INFO - Processing file /home/ubuntu/venv/lib/python3.12/site-packages/airflow/example_dags/example_branch_day_of_week_operator.py for tasks to queue
[2024-06-27T21:32:29.937+0000] {logging_mixin.py:188} INFO - [2024-06-27T21:32:29.937+0000] {dagbag.py:545} INFO - Filling up the DagBag from /home/ubuntu/venv/lib/python3.12/site-packages/airflow/example_dags/example_branch_day_of_week_operator.py
[2024-06-27T21:32:29.945+0000] {processor.py:840} INFO - DAG(s) 'example_weekday_branch_operator' retrieved from /home/ubuntu/venv/lib/python3.12/site-packages/airflow/example_dags/example_branch_day_of_week_operator.py
[2024-06-27T21:32:29.964+0000] {logging_mixin.py:188} INFO - [2024-06-27T21:32:29.964+0000] {dag.py:3096} INFO - Sync 1 DAGs
[2024-06-27T21:32:29.985+0000] {logging_mixin.py:188} INFO - [2024-06-27T21:32:29.985+0000] {dag.py:3954} INFO - Setting next_dagrun for example_weekday_branch_operator to 2024-06-26 00:00:00+00:00, run_after=2024-06-27 00:00:00+00:00
[2024-06-27T21:32:30.009+0000] {processor.py:183} INFO - Processing /home/ubuntu/venv/lib/python3.12/site-packages/airflow/example_dags/example_branch_day_of_week_operator.py took 0.080 seconds
[2024-06-27T21:33:26.515+0000] {processor.py:161} INFO - Started process (PID=4149) to work on /home/ubuntu/venv/lib/python3.12/site-packages/airflow/example_dags/example_branch_day_of_week_operator.py
[2024-06-27T21:33:26.517+0000] {processor.py:830} INFO - Processing file /home/ubuntu/venv/lib/python3.12/site-packages/airflow/example_dags/example_branch_day_of_week_operator.py for tasks to queue
[2024-06-27T21:33:26.518+0000] {logging_mixin.py:188} INFO - [2024-06-27T21:33:26.518+0000] {dagbag.py:545} INFO - Filling up the DagBag from /home/ubuntu/venv/lib/python3.12/site-packages/airflow/example_dags/example_branch_day_of_week_operator.py
[2024-06-27T21:33:26.527+0000] {processor.py:840} INFO - DAG(s) 'example_weekday_branch_operator' retrieved from /home/ubuntu/venv/lib/python3.12/site-packages/airflow/example_dags/example_branch_day_of_week_operator.py
[2024-06-27T21:33:26.546+0000] {logging_mixin.py:188} INFO - [2024-06-27T21:33:26.545+0000] {dag.py:3096} INFO - Sync 1 DAGs
[2024-06-27T21:33:26.569+0000] {logging_mixin.py:188} INFO - [2024-06-27T21:33:26.568+0000] {dag.py:3954} INFO - Setting next_dagrun for example_weekday_branch_operator to 2024-06-26 00:00:00+00:00, run_after=2024-06-27 00:00:00+00:00
[2024-06-27T21:33:26.592+0000] {processor.py:183} INFO - Processing /home/ubuntu/venv/lib/python3.12/site-packages/airflow/example_dags/example_branch_day_of_week_operator.py took 0.083 seconds
[2024-06-27T21:34:31.811+0000] {processor.py:161} INFO - Started process (PID=4217) to work on /home/ubuntu/venv/lib/python3.12/site-packages/airflow/example_dags/example_branch_day_of_week_operator.py
[2024-06-27T21:34:31.812+0000] {processor.py:830} INFO - Processing file /home/ubuntu/venv/lib/python3.12/site-packages/airflow/example_dags/example_branch_day_of_week_operator.py for tasks to queue
[2024-06-27T21:34:31.813+0000] {logging_mixin.py:188} INFO - [2024-06-27T21:34:31.813+0000] {dagbag.py:545} INFO - Filling up the DagBag from /home/ubuntu/venv/lib/python3.12/site-packages/airflow/example_dags/example_branch_day_of_week_operator.py
[2024-06-27T21:34:31.821+0000] {processor.py:840} INFO - DAG(s) 'example_weekday_branch_operator' retrieved from /home/ubuntu/venv/lib/python3.12/site-packages/airflow/example_dags/example_branch_day_of_week_operator.py
[2024-06-27T21:34:31.839+0000] {logging_mixin.py:188} INFO - [2024-06-27T21:34:31.839+0000] {dag.py:3096} INFO - Sync 1 DAGs
[2024-06-27T21:34:31.860+0000] {logging_mixin.py:188} INFO - [2024-06-27T21:34:31.860+0000] {dag.py:3954} INFO - Setting next_dagrun for example_weekday_branch_operator to 2024-06-26 00:00:00+00:00, run_after=2024-06-27 00:00:00+00:00
[2024-06-27T21:34:31.884+0000] {processor.py:183} INFO - Processing /home/ubuntu/venv/lib/python3.12/site-packages/airflow/example_dags/example_branch_day_of_week_operator.py took 0.079 seconds
[2024-06-27T21:35:35.319+0000] {processor.py:161} INFO - Started process (PID=4287) to work on /home/ubuntu/venv/lib/python3.12/site-packages/airflow/example_dags/example_branch_day_of_week_operator.py
[2024-06-27T21:35:35.320+0000] {processor.py:830} INFO - Processing file /home/ubuntu/venv/lib/python3.12/site-packages/airflow/example_dags/example_branch_day_of_week_operator.py for tasks to queue
[2024-06-27T21:35:35.321+0000] {logging_mixin.py:188} INFO - [2024-06-27T21:35:35.321+0000] {dagbag.py:545} INFO - Filling up the DagBag from /home/ubuntu/venv/lib/python3.12/site-packages/airflow/example_dags/example_branch_day_of_week_operator.py
[2024-06-27T21:35:35.329+0000] {processor.py:840} INFO - DAG(s) 'example_weekday_branch_operator' retrieved from /home/ubuntu/venv/lib/python3.12/site-packages/airflow/example_dags/example_branch_day_of_week_operator.py
[2024-06-27T21:35:35.348+0000] {logging_mixin.py:188} INFO - [2024-06-27T21:35:35.347+0000] {dag.py:3096} INFO - Sync 1 DAGs
[2024-06-27T21:35:35.369+0000] {logging_mixin.py:188} INFO - [2024-06-27T21:35:35.368+0000] {dag.py:3954} INFO - Setting next_dagrun for example_weekday_branch_operator to 2024-06-26 00:00:00+00:00, run_after=2024-06-27 00:00:00+00:00
[2024-06-27T21:35:35.391+0000] {processor.py:183} INFO - Processing /home/ubuntu/venv/lib/python3.12/site-packages/airflow/example_dags/example_branch_day_of_week_operator.py took 0.078 seconds
[2024-06-27T21:36:38.497+0000] {processor.py:161} INFO - Started process (PID=4352) to work on /home/ubuntu/venv/lib/python3.12/site-packages/airflow/example_dags/example_branch_day_of_week_operator.py
[2024-06-27T21:36:38.499+0000] {processor.py:830} INFO - Processing file /home/ubuntu/venv/lib/python3.12/site-packages/airflow/example_dags/example_branch_day_of_week_operator.py for tasks to queue
[2024-06-27T21:36:38.500+0000] {logging_mixin.py:188} INFO - [2024-06-27T21:36:38.499+0000] {dagbag.py:545} INFO - Filling up the DagBag from /home/ubuntu/venv/lib/python3.12/site-packages/airflow/example_dags/example_branch_day_of_week_operator.py
[2024-06-27T21:36:38.508+0000] {processor.py:840} INFO - DAG(s) 'example_weekday_branch_operator' retrieved from /home/ubuntu/venv/lib/python3.12/site-packages/airflow/example_dags/example_branch_day_of_week_operator.py
[2024-06-27T21:36:38.530+0000] {logging_mixin.py:188} INFO - [2024-06-27T21:36:38.530+0000] {dag.py:3096} INFO - Sync 1 DAGs
[2024-06-27T21:36:38.551+0000] {logging_mixin.py:188} INFO - [2024-06-27T21:36:38.550+0000] {dag.py:3954} INFO - Setting next_dagrun for example_weekday_branch_operator to 2024-06-26 00:00:00+00:00, run_after=2024-06-27 00:00:00+00:00
[2024-06-27T21:36:38.573+0000] {processor.py:183} INFO - Processing /home/ubuntu/venv/lib/python3.12/site-packages/airflow/example_dags/example_branch_day_of_week_operator.py took 0.082 seconds
[2024-06-27T21:37:45.901+0000] {processor.py:161} INFO - Started process (PID=4421) to work on /home/ubuntu/venv/lib/python3.12/site-packages/airflow/example_dags/example_branch_day_of_week_operator.py
[2024-06-27T21:37:45.904+0000] {processor.py:830} INFO - Processing file /home/ubuntu/venv/lib/python3.12/site-packages/airflow/example_dags/example_branch_day_of_week_operator.py for tasks to queue
[2024-06-27T21:37:45.904+0000] {logging_mixin.py:188} INFO - [2024-06-27T21:37:45.904+0000] {dagbag.py:545} INFO - Filling up the DagBag from /home/ubuntu/venv/lib/python3.12/site-packages/airflow/example_dags/example_branch_day_of_week_operator.py
[2024-06-27T21:37:45.913+0000] {processor.py:840} INFO - DAG(s) 'example_weekday_branch_operator' retrieved from /home/ubuntu/venv/lib/python3.12/site-packages/airflow/example_dags/example_branch_day_of_week_operator.py
[2024-06-27T21:37:45.931+0000] {logging_mixin.py:188} INFO - [2024-06-27T21:37:45.931+0000] {dag.py:3096} INFO - Sync 1 DAGs
[2024-06-27T21:37:45.953+0000] {logging_mixin.py:188} INFO - [2024-06-27T21:37:45.953+0000] {dag.py:3954} INFO - Setting next_dagrun for example_weekday_branch_operator to 2024-06-26 00:00:00+00:00, run_after=2024-06-27 00:00:00+00:00
[2024-06-27T21:37:45.976+0000] {processor.py:183} INFO - Processing /home/ubuntu/venv/lib/python3.12/site-packages/airflow/example_dags/example_branch_day_of_week_operator.py took 0.081 seconds
[2024-06-27T21:38:40.720+0000] {processor.py:161} INFO - Started process (PID=4480) to work on /home/ubuntu/venv/lib/python3.12/site-packages/airflow/example_dags/example_branch_day_of_week_operator.py
[2024-06-27T21:38:40.721+0000] {processor.py:830} INFO - Processing file /home/ubuntu/venv/lib/python3.12/site-packages/airflow/example_dags/example_branch_day_of_week_operator.py for tasks to queue
[2024-06-27T21:38:40.722+0000] {logging_mixin.py:188} INFO - [2024-06-27T21:38:40.722+0000] {dagbag.py:545} INFO - Filling up the DagBag from /home/ubuntu/venv/lib/python3.12/site-packages/airflow/example_dags/example_branch_day_of_week_operator.py
[2024-06-27T21:38:40.730+0000] {processor.py:840} INFO - DAG(s) 'example_weekday_branch_operator' retrieved from /home/ubuntu/venv/lib/python3.12/site-packages/airflow/example_dags/example_branch_day_of_week_operator.py
[2024-06-27T21:38:40.749+0000] {logging_mixin.py:188} INFO - [2024-06-27T21:38:40.748+0000] {dag.py:3096} INFO - Sync 1 DAGs
[2024-06-27T21:38:40.770+0000] {logging_mixin.py:188} INFO - [2024-06-27T21:38:40.770+0000] {dag.py:3954} INFO - Setting next_dagrun for example_weekday_branch_operator to 2024-06-26 00:00:00+00:00, run_after=2024-06-27 00:00:00+00:00
[2024-06-27T21:38:40.794+0000] {processor.py:183} INFO - Processing /home/ubuntu/venv/lib/python3.12/site-packages/airflow/example_dags/example_branch_day_of_week_operator.py took 0.081 seconds
[2024-06-27T21:39:44.084+0000] {processor.py:161} INFO - Started process (PID=4546) to work on /home/ubuntu/venv/lib/python3.12/site-packages/airflow/example_dags/example_branch_day_of_week_operator.py
[2024-06-27T21:39:44.086+0000] {processor.py:830} INFO - Processing file /home/ubuntu/venv/lib/python3.12/site-packages/airflow/example_dags/example_branch_day_of_week_operator.py for tasks to queue
[2024-06-27T21:39:44.087+0000] {logging_mixin.py:188} INFO - [2024-06-27T21:39:44.087+0000] {dagbag.py:545} INFO - Filling up the DagBag from /home/ubuntu/venv/lib/python3.12/site-packages/airflow/example_dags/example_branch_day_of_week_operator.py
[2024-06-27T21:39:44.095+0000] {processor.py:840} INFO - DAG(s) 'example_weekday_branch_operator' retrieved from /home/ubuntu/venv/lib/python3.12/site-packages/airflow/example_dags/example_branch_day_of_week_operator.py
[2024-06-27T21:39:44.114+0000] {logging_mixin.py:188} INFO - [2024-06-27T21:39:44.113+0000] {dag.py:3096} INFO - Sync 1 DAGs
[2024-06-27T21:39:44.134+0000] {logging_mixin.py:188} INFO - [2024-06-27T21:39:44.134+0000] {dag.py:3954} INFO - Setting next_dagrun for example_weekday_branch_operator to 2024-06-26 00:00:00+00:00, run_after=2024-06-27 00:00:00+00:00
[2024-06-27T21:39:44.156+0000] {processor.py:183} INFO - Processing /home/ubuntu/venv/lib/python3.12/site-packages/airflow/example_dags/example_branch_day_of_week_operator.py took 0.078 seconds
[2024-06-27T21:40:49.065+0000] {processor.py:161} INFO - Started process (PID=4614) to work on /home/ubuntu/venv/lib/python3.12/site-packages/airflow/example_dags/example_branch_day_of_week_operator.py
[2024-06-27T21:40:49.067+0000] {processor.py:830} INFO - Processing file /home/ubuntu/venv/lib/python3.12/site-packages/airflow/example_dags/example_branch_day_of_week_operator.py for tasks to queue
[2024-06-27T21:40:49.068+0000] {logging_mixin.py:188} INFO - [2024-06-27T21:40:49.067+0000] {dagbag.py:545} INFO - Filling up the DagBag from /home/ubuntu/venv/lib/python3.12/site-packages/airflow/example_dags/example_branch_day_of_week_operator.py
[2024-06-27T21:40:49.076+0000] {processor.py:840} INFO - DAG(s) 'example_weekday_branch_operator' retrieved from /home/ubuntu/venv/lib/python3.12/site-packages/airflow/example_dags/example_branch_day_of_week_operator.py
[2024-06-27T21:40:49.094+0000] {logging_mixin.py:188} INFO - [2024-06-27T21:40:49.094+0000] {dag.py:3096} INFO - Sync 1 DAGs
[2024-06-27T21:40:49.115+0000] {logging_mixin.py:188} INFO - [2024-06-27T21:40:49.114+0000] {dag.py:3954} INFO - Setting next_dagrun for example_weekday_branch_operator to 2024-06-26 00:00:00+00:00, run_after=2024-06-27 00:00:00+00:00
[2024-06-27T21:40:49.140+0000] {processor.py:183} INFO - Processing /home/ubuntu/venv/lib/python3.12/site-packages/airflow/example_dags/example_branch_day_of_week_operator.py took 0.080 seconds
[2024-06-27T21:41:55.188+0000] {processor.py:161} INFO - Started process (PID=4683) to work on /home/ubuntu/venv/lib/python3.12/site-packages/airflow/example_dags/example_branch_day_of_week_operator.py
[2024-06-27T21:41:55.189+0000] {processor.py:830} INFO - Processing file /home/ubuntu/venv/lib/python3.12/site-packages/airflow/example_dags/example_branch_day_of_week_operator.py for tasks to queue
[2024-06-27T21:41:55.190+0000] {logging_mixin.py:188} INFO - [2024-06-27T21:41:55.190+0000] {dagbag.py:545} INFO - Filling up the DagBag from /home/ubuntu/venv/lib/python3.12/site-packages/airflow/example_dags/example_branch_day_of_week_operator.py
[2024-06-27T21:41:55.199+0000] {processor.py:840} INFO - DAG(s) 'example_weekday_branch_operator' retrieved from /home/ubuntu/venv/lib/python3.12/site-packages/airflow/example_dags/example_branch_day_of_week_operator.py
[2024-06-27T21:41:55.217+0000] {logging_mixin.py:188} INFO - [2024-06-27T21:41:55.217+0000] {dag.py:3096} INFO - Sync 1 DAGs
[2024-06-27T21:41:55.240+0000] {logging_mixin.py:188} INFO - [2024-06-27T21:41:55.239+0000] {dag.py:3954} INFO - Setting next_dagrun for example_weekday_branch_operator to 2024-06-26 00:00:00+00:00, run_after=2024-06-27 00:00:00+00:00
[2024-06-27T21:41:55.263+0000] {processor.py:183} INFO - Processing /home/ubuntu/venv/lib/python3.12/site-packages/airflow/example_dags/example_branch_day_of_week_operator.py took 0.081 seconds
[2024-06-27T21:42:59.758+0000] {processor.py:161} INFO - Started process (PID=4749) to work on /home/ubuntu/venv/lib/python3.12/site-packages/airflow/example_dags/example_branch_day_of_week_operator.py
[2024-06-27T21:42:59.759+0000] {processor.py:830} INFO - Processing file /home/ubuntu/venv/lib/python3.12/site-packages/airflow/example_dags/example_branch_day_of_week_operator.py for tasks to queue
[2024-06-27T21:42:59.760+0000] {logging_mixin.py:188} INFO - [2024-06-27T21:42:59.760+0000] {dagbag.py:545} INFO - Filling up the DagBag from /home/ubuntu/venv/lib/python3.12/site-packages/airflow/example_dags/example_branch_day_of_week_operator.py
[2024-06-27T21:42:59.769+0000] {processor.py:840} INFO - DAG(s) 'example_weekday_branch_operator' retrieved from /home/ubuntu/venv/lib/python3.12/site-packages/airflow/example_dags/example_branch_day_of_week_operator.py
[2024-06-27T21:42:59.786+0000] {logging_mixin.py:188} INFO - [2024-06-27T21:42:59.786+0000] {dag.py:3096} INFO - Sync 1 DAGs
[2024-06-27T21:42:59.807+0000] {logging_mixin.py:188} INFO - [2024-06-27T21:42:59.807+0000] {dag.py:3954} INFO - Setting next_dagrun for example_weekday_branch_operator to 2024-06-26 00:00:00+00:00, run_after=2024-06-27 00:00:00+00:00
[2024-06-27T21:42:59.939+0000] {processor.py:183} INFO - Processing /home/ubuntu/venv/lib/python3.12/site-packages/airflow/example_dags/example_branch_day_of_week_operator.py took 0.187 seconds
[2024-06-27T21:44:06.920+0000] {processor.py:161} INFO - Started process (PID=4818) to work on /home/ubuntu/venv/lib/python3.12/site-packages/airflow/example_dags/example_branch_day_of_week_operator.py
[2024-06-27T21:44:06.922+0000] {processor.py:830} INFO - Processing file /home/ubuntu/venv/lib/python3.12/site-packages/airflow/example_dags/example_branch_day_of_week_operator.py for tasks to queue
[2024-06-27T21:44:06.923+0000] {logging_mixin.py:188} INFO - [2024-06-27T21:44:06.922+0000] {dagbag.py:545} INFO - Filling up the DagBag from /home/ubuntu/venv/lib/python3.12/site-packages/airflow/example_dags/example_branch_day_of_week_operator.py
[2024-06-27T21:44:06.931+0000] {processor.py:840} INFO - DAG(s) 'example_weekday_branch_operator' retrieved from /home/ubuntu/venv/lib/python3.12/site-packages/airflow/example_dags/example_branch_day_of_week_operator.py
[2024-06-27T21:44:06.949+0000] {logging_mixin.py:188} INFO - [2024-06-27T21:44:06.949+0000] {dag.py:3096} INFO - Sync 1 DAGs
[2024-06-27T21:44:06.970+0000] {logging_mixin.py:188} INFO - [2024-06-27T21:44:06.970+0000] {dag.py:3954} INFO - Setting next_dagrun for example_weekday_branch_operator to 2024-06-26 00:00:00+00:00, run_after=2024-06-27 00:00:00+00:00
[2024-06-27T21:44:06.994+0000] {processor.py:183} INFO - Processing /home/ubuntu/venv/lib/python3.12/site-packages/airflow/example_dags/example_branch_day_of_week_operator.py took 0.080 seconds
[2024-06-27T21:45:15.814+0000] {processor.py:161} INFO - Started process (PID=4935) to work on /home/ubuntu/venv/lib/python3.12/site-packages/airflow/example_dags/example_branch_day_of_week_operator.py
[2024-06-27T21:45:15.815+0000] {processor.py:830} INFO - Processing file /home/ubuntu/venv/lib/python3.12/site-packages/airflow/example_dags/example_branch_day_of_week_operator.py for tasks to queue
[2024-06-27T21:45:15.816+0000] {logging_mixin.py:188} INFO - [2024-06-27T21:45:15.816+0000] {dagbag.py:545} INFO - Filling up the DagBag from /home/ubuntu/venv/lib/python3.12/site-packages/airflow/example_dags/example_branch_day_of_week_operator.py
[2024-06-27T21:45:15.825+0000] {processor.py:840} INFO - DAG(s) 'example_weekday_branch_operator' retrieved from /home/ubuntu/venv/lib/python3.12/site-packages/airflow/example_dags/example_branch_day_of_week_operator.py
[2024-06-27T21:45:15.844+0000] {logging_mixin.py:188} INFO - [2024-06-27T21:45:15.843+0000] {dag.py:3096} INFO - Sync 1 DAGs
[2024-06-27T21:45:15.865+0000] {logging_mixin.py:188} INFO - [2024-06-27T21:45:15.865+0000] {dag.py:3954} INFO - Setting next_dagrun for example_weekday_branch_operator to 2024-06-26 00:00:00+00:00, run_after=2024-06-27 00:00:00+00:00
[2024-06-27T21:45:15.888+0000] {processor.py:183} INFO - Processing /home/ubuntu/venv/lib/python3.12/site-packages/airflow/example_dags/example_branch_day_of_week_operator.py took 0.081 seconds
[2024-06-27T21:46:28.617+0000] {processor.py:161} INFO - Started process (PID=5004) to work on /home/ubuntu/venv/lib/python3.12/site-packages/airflow/example_dags/example_branch_day_of_week_operator.py
[2024-06-27T21:46:28.619+0000] {processor.py:830} INFO - Processing file /home/ubuntu/venv/lib/python3.12/site-packages/airflow/example_dags/example_branch_day_of_week_operator.py for tasks to queue
[2024-06-27T21:46:28.620+0000] {logging_mixin.py:188} INFO - [2024-06-27T21:46:28.619+0000] {dagbag.py:545} INFO - Filling up the DagBag from /home/ubuntu/venv/lib/python3.12/site-packages/airflow/example_dags/example_branch_day_of_week_operator.py
[2024-06-27T21:46:28.628+0000] {processor.py:840} INFO - DAG(s) 'example_weekday_branch_operator' retrieved from /home/ubuntu/venv/lib/python3.12/site-packages/airflow/example_dags/example_branch_day_of_week_operator.py
[2024-06-27T21:46:28.648+0000] {logging_mixin.py:188} INFO - [2024-06-27T21:46:28.647+0000] {dag.py:3096} INFO - Sync 1 DAGs
[2024-06-27T21:46:28.670+0000] {logging_mixin.py:188} INFO - [2024-06-27T21:46:28.669+0000] {dag.py:3954} INFO - Setting next_dagrun for example_weekday_branch_operator to 2024-06-26 00:00:00+00:00, run_after=2024-06-27 00:00:00+00:00
[2024-06-27T21:46:28.694+0000] {processor.py:183} INFO - Processing /home/ubuntu/venv/lib/python3.12/site-packages/airflow/example_dags/example_branch_day_of_week_operator.py took 0.083 seconds
[2024-06-27T21:47:41.397+0000] {processor.py:161} INFO - Started process (PID=5107) to work on /home/ubuntu/venv/lib/python3.12/site-packages/airflow/example_dags/example_branch_day_of_week_operator.py
[2024-06-27T21:47:41.398+0000] {processor.py:830} INFO - Processing file /home/ubuntu/venv/lib/python3.12/site-packages/airflow/example_dags/example_branch_day_of_week_operator.py for tasks to queue
[2024-06-27T21:47:41.399+0000] {logging_mixin.py:188} INFO - [2024-06-27T21:47:41.399+0000] {dagbag.py:545} INFO - Filling up the DagBag from /home/ubuntu/venv/lib/python3.12/site-packages/airflow/example_dags/example_branch_day_of_week_operator.py
[2024-06-27T21:47:41.408+0000] {processor.py:840} INFO - DAG(s) 'example_weekday_branch_operator' retrieved from /home/ubuntu/venv/lib/python3.12/site-packages/airflow/example_dags/example_branch_day_of_week_operator.py
[2024-06-27T21:47:41.427+0000] {logging_mixin.py:188} INFO - [2024-06-27T21:47:41.426+0000] {dag.py:3096} INFO - Sync 1 DAGs
[2024-06-27T21:47:41.448+0000] {logging_mixin.py:188} INFO - [2024-06-27T21:47:41.448+0000] {dag.py:3954} INFO - Setting next_dagrun for example_weekday_branch_operator to 2024-06-26 00:00:00+00:00, run_after=2024-06-27 00:00:00+00:00
[2024-06-27T21:47:41.471+0000] {processor.py:183} INFO - Processing /home/ubuntu/venv/lib/python3.12/site-packages/airflow/example_dags/example_branch_day_of_week_operator.py took 0.080 seconds
[2024-06-27T21:48:48.140+0000] {processor.py:161} INFO - Started process (PID=5272) to work on /home/ubuntu/venv/lib/python3.12/site-packages/airflow/example_dags/example_branch_day_of_week_operator.py
[2024-06-27T21:48:48.141+0000] {processor.py:830} INFO - Processing file /home/ubuntu/venv/lib/python3.12/site-packages/airflow/example_dags/example_branch_day_of_week_operator.py for tasks to queue
[2024-06-27T21:48:48.142+0000] {logging_mixin.py:188} INFO - [2024-06-27T21:48:48.141+0000] {dagbag.py:545} INFO - Filling up the DagBag from /home/ubuntu/venv/lib/python3.12/site-packages/airflow/example_dags/example_branch_day_of_week_operator.py
[2024-06-27T21:48:48.150+0000] {processor.py:840} INFO - DAG(s) 'example_weekday_branch_operator' retrieved from /home/ubuntu/venv/lib/python3.12/site-packages/airflow/example_dags/example_branch_day_of_week_operator.py
[2024-06-27T21:48:48.169+0000] {logging_mixin.py:188} INFO - [2024-06-27T21:48:48.169+0000] {dag.py:3096} INFO - Sync 1 DAGs
[2024-06-27T21:48:48.191+0000] {logging_mixin.py:188} INFO - [2024-06-27T21:48:48.190+0000] {dag.py:3954} INFO - Setting next_dagrun for example_weekday_branch_operator to 2024-06-26 00:00:00+00:00, run_after=2024-06-27 00:00:00+00:00
[2024-06-27T21:48:48.214+0000] {processor.py:183} INFO - Processing /home/ubuntu/venv/lib/python3.12/site-packages/airflow/example_dags/example_branch_day_of_week_operator.py took 0.082 seconds
[2024-06-27T21:49:47.693+0000] {processor.py:161} INFO - Started process (PID=5334) to work on /home/ubuntu/venv/lib/python3.12/site-packages/airflow/example_dags/example_branch_day_of_week_operator.py
[2024-06-27T21:49:47.695+0000] {processor.py:830} INFO - Processing file /home/ubuntu/venv/lib/python3.12/site-packages/airflow/example_dags/example_branch_day_of_week_operator.py for tasks to queue
[2024-06-27T21:49:47.696+0000] {logging_mixin.py:188} INFO - [2024-06-27T21:49:47.695+0000] {dagbag.py:545} INFO - Filling up the DagBag from /home/ubuntu/venv/lib/python3.12/site-packages/airflow/example_dags/example_branch_day_of_week_operator.py
[2024-06-27T21:49:47.704+0000] {processor.py:840} INFO - DAG(s) 'example_weekday_branch_operator' retrieved from /home/ubuntu/venv/lib/python3.12/site-packages/airflow/example_dags/example_branch_day_of_week_operator.py
[2024-06-27T21:49:47.722+0000] {logging_mixin.py:188} INFO - [2024-06-27T21:49:47.721+0000] {dag.py:3096} INFO - Sync 1 DAGs
[2024-06-27T21:49:47.742+0000] {logging_mixin.py:188} INFO - [2024-06-27T21:49:47.742+0000] {dag.py:3954} INFO - Setting next_dagrun for example_weekday_branch_operator to 2024-06-26 00:00:00+00:00, run_after=2024-06-27 00:00:00+00:00
[2024-06-27T21:49:47.764+0000] {processor.py:183} INFO - Processing /home/ubuntu/venv/lib/python3.12/site-packages/airflow/example_dags/example_branch_day_of_week_operator.py took 0.078 seconds
