[2024-06-27T21:20:00.425+0000] {processor.py:161} INFO - Started process (PID=2958) to work on /home/ubuntu/venv/lib/python3.12/site-packages/airflow/example_dags/example_latest_only.py
[2024-06-27T21:20:00.426+0000] {processor.py:830} INFO - Processing file /home/ubuntu/venv/lib/python3.12/site-packages/airflow/example_dags/example_latest_only.py for tasks to queue
[2024-06-27T21:20:00.428+0000] {logging_mixin.py:188} INFO - [2024-06-27T21:20:00.427+0000] {dagbag.py:545} INFO - Filling up the DagBag from /home/ubuntu/venv/lib/python3.12/site-packages/airflow/example_dags/example_latest_only.py
[2024-06-27T21:20:00.433+0000] {processor.py:840} INFO - DAG(s) 'latest_only' retrieved from /home/ubuntu/venv/lib/python3.12/site-packages/airflow/example_dags/example_latest_only.py
[2024-06-27T21:20:00.556+0000] {logging_mixin.py:188} INFO - [2024-06-27T21:20:00.556+0000] {override.py:1847} INFO - Created Permission View: can read on DAG:latest_only
[2024-06-27T21:20:00.570+0000] {logging_mixin.py:188} INFO - [2024-06-27T21:20:00.569+0000] {override.py:1847} INFO - Created Permission View: can delete on DAG:latest_only
[2024-06-27T21:20:00.579+0000] {logging_mixin.py:188} INFO - [2024-06-27T21:20:00.579+0000] {override.py:1847} INFO - Created Permission View: can edit on DAG:latest_only
[2024-06-27T21:20:00.579+0000] {logging_mixin.py:188} INFO - [2024-06-27T21:20:00.579+0000] {dag.py:3096} INFO - Sync 1 DAGs
[2024-06-27T21:20:00.591+0000] {logging_mixin.py:188} INFO - [2024-06-27T21:20:00.590+0000] {dag.py:3118} INFO - Creating ORM DAG for latest_only
[2024-06-27T21:20:00.600+0000] {logging_mixin.py:188} INFO - [2024-06-27T21:20:00.600+0000] {dag.py:3954} INFO - Setting next_dagrun for latest_only to 2024-06-27 16:00:00+00:00, run_after=2024-06-27 20:00:00+00:00
[2024-06-27T21:20:00.621+0000] {processor.py:183} INFO - Processing /home/ubuntu/venv/lib/python3.12/site-packages/airflow/example_dags/example_latest_only.py took 0.202 seconds
[2024-06-27T21:20:54.095+0000] {processor.py:161} INFO - Started process (PID=3299) to work on /home/ubuntu/venv/lib/python3.12/site-packages/airflow/example_dags/example_latest_only.py
[2024-06-27T21:20:54.099+0000] {processor.py:830} INFO - Processing file /home/ubuntu/venv/lib/python3.12/site-packages/airflow/example_dags/example_latest_only.py for tasks to queue
[2024-06-27T21:20:54.102+0000] {logging_mixin.py:188} INFO - [2024-06-27T21:20:54.100+0000] {dagbag.py:545} INFO - Filling up the DagBag from /home/ubuntu/venv/lib/python3.12/site-packages/airflow/example_dags/example_latest_only.py
[2024-06-27T21:20:54.111+0000] {processor.py:840} INFO - DAG(s) 'latest_only' retrieved from /home/ubuntu/venv/lib/python3.12/site-packages/airflow/example_dags/example_latest_only.py
[2024-06-27T21:20:54.136+0000] {logging_mixin.py:188} INFO - [2024-06-27T21:20:54.136+0000] {dag.py:3096} INFO - Sync 1 DAGs
[2024-06-27T21:20:54.157+0000] {logging_mixin.py:188} INFO - [2024-06-27T21:20:54.156+0000] {dag.py:3954} INFO - Setting next_dagrun for latest_only to 2024-06-27 16:00:00+00:00, run_after=2024-06-27 20:00:00+00:00
[2024-06-27T21:20:54.184+0000] {processor.py:183} INFO - Processing /home/ubuntu/venv/lib/python3.12/site-packages/airflow/example_dags/example_latest_only.py took 0.099 seconds
[2024-06-27T21:21:43.054+0000] {processor.py:161} INFO - Started process (PID=3352) to work on /home/ubuntu/venv/lib/python3.12/site-packages/airflow/example_dags/example_latest_only.py
[2024-06-27T21:21:43.055+0000] {processor.py:830} INFO - Processing file /home/ubuntu/venv/lib/python3.12/site-packages/airflow/example_dags/example_latest_only.py for tasks to queue
[2024-06-27T21:21:43.057+0000] {logging_mixin.py:188} INFO - [2024-06-27T21:21:43.056+0000] {dagbag.py:545} INFO - Filling up the DagBag from /home/ubuntu/venv/lib/python3.12/site-packages/airflow/example_dags/example_latest_only.py
[2024-06-27T21:21:43.062+0000] {processor.py:840} INFO - DAG(s) 'latest_only' retrieved from /home/ubuntu/venv/lib/python3.12/site-packages/airflow/example_dags/example_latest_only.py
[2024-06-27T21:21:43.083+0000] {logging_mixin.py:188} INFO - [2024-06-27T21:21:43.082+0000] {dag.py:3096} INFO - Sync 1 DAGs
[2024-06-27T21:21:43.115+0000] {logging_mixin.py:188} INFO - [2024-06-27T21:21:43.114+0000] {dag.py:3954} INFO - Setting next_dagrun for latest_only to 2024-06-27 16:00:00+00:00, run_after=2024-06-27 20:00:00+00:00
[2024-06-27T21:21:43.150+0000] {processor.py:183} INFO - Processing /home/ubuntu/venv/lib/python3.12/site-packages/airflow/example_dags/example_latest_only.py took 0.102 seconds
[2024-06-27T21:22:42.655+0000] {processor.py:161} INFO - Started process (PID=3428) to work on /home/ubuntu/venv/lib/python3.12/site-packages/airflow/example_dags/example_latest_only.py
[2024-06-27T21:22:42.657+0000] {processor.py:830} INFO - Processing file /home/ubuntu/venv/lib/python3.12/site-packages/airflow/example_dags/example_latest_only.py for tasks to queue
[2024-06-27T21:22:42.658+0000] {logging_mixin.py:188} INFO - [2024-06-27T21:22:42.658+0000] {dagbag.py:545} INFO - Filling up the DagBag from /home/ubuntu/venv/lib/python3.12/site-packages/airflow/example_dags/example_latest_only.py
[2024-06-27T21:22:42.663+0000] {processor.py:840} INFO - DAG(s) 'latest_only' retrieved from /home/ubuntu/venv/lib/python3.12/site-packages/airflow/example_dags/example_latest_only.py
[2024-06-27T21:22:42.680+0000] {logging_mixin.py:188} INFO - [2024-06-27T21:22:42.680+0000] {dag.py:3096} INFO - Sync 1 DAGs
[2024-06-27T21:22:42.700+0000] {logging_mixin.py:188} INFO - [2024-06-27T21:22:42.700+0000] {dag.py:3954} INFO - Setting next_dagrun for latest_only to 2024-06-27 16:00:00+00:00, run_after=2024-06-27 20:00:00+00:00
[2024-06-27T21:22:42.723+0000] {processor.py:183} INFO - Processing /home/ubuntu/venv/lib/python3.12/site-packages/airflow/example_dags/example_latest_only.py took 0.074 seconds
[2024-06-27T21:23:40.941+0000] {processor.py:161} INFO - Started process (PID=3492) to work on /home/ubuntu/venv/lib/python3.12/site-packages/airflow/example_dags/example_latest_only.py
[2024-06-27T21:23:40.943+0000] {processor.py:830} INFO - Processing file /home/ubuntu/venv/lib/python3.12/site-packages/airflow/example_dags/example_latest_only.py for tasks to queue
[2024-06-27T21:23:40.944+0000] {logging_mixin.py:188} INFO - [2024-06-27T21:23:40.944+0000] {dagbag.py:545} INFO - Filling up the DagBag from /home/ubuntu/venv/lib/python3.12/site-packages/airflow/example_dags/example_latest_only.py
[2024-06-27T21:23:40.950+0000] {processor.py:840} INFO - DAG(s) 'latest_only' retrieved from /home/ubuntu/venv/lib/python3.12/site-packages/airflow/example_dags/example_latest_only.py
[2024-06-27T21:23:40.967+0000] {logging_mixin.py:188} INFO - [2024-06-27T21:23:40.967+0000] {dag.py:3096} INFO - Sync 1 DAGs
[2024-06-27T21:23:40.988+0000] {logging_mixin.py:188} INFO - [2024-06-27T21:23:40.988+0000] {dag.py:3954} INFO - Setting next_dagrun for latest_only to 2024-06-27 16:00:00+00:00, run_after=2024-06-27 20:00:00+00:00
[2024-06-27T21:23:41.010+0000] {processor.py:183} INFO - Processing /home/ubuntu/venv/lib/python3.12/site-packages/airflow/example_dags/example_latest_only.py took 0.075 seconds
[2024-06-27T21:24:40.583+0000] {processor.py:161} INFO - Started process (PID=3555) to work on /home/ubuntu/venv/lib/python3.12/site-packages/airflow/example_dags/example_latest_only.py
[2024-06-27T21:24:40.585+0000] {processor.py:830} INFO - Processing file /home/ubuntu/venv/lib/python3.12/site-packages/airflow/example_dags/example_latest_only.py for tasks to queue
[2024-06-27T21:24:40.586+0000] {logging_mixin.py:188} INFO - [2024-06-27T21:24:40.585+0000] {dagbag.py:545} INFO - Filling up the DagBag from /home/ubuntu/venv/lib/python3.12/site-packages/airflow/example_dags/example_latest_only.py
[2024-06-27T21:24:40.591+0000] {processor.py:840} INFO - DAG(s) 'latest_only' retrieved from /home/ubuntu/venv/lib/python3.12/site-packages/airflow/example_dags/example_latest_only.py
[2024-06-27T21:24:40.608+0000] {logging_mixin.py:188} INFO - [2024-06-27T21:24:40.608+0000] {dag.py:3096} INFO - Sync 1 DAGs
[2024-06-27T21:24:40.628+0000] {logging_mixin.py:188} INFO - [2024-06-27T21:24:40.628+0000] {dag.py:3954} INFO - Setting next_dagrun for latest_only to 2024-06-27 16:00:00+00:00, run_after=2024-06-27 20:00:00+00:00
[2024-06-27T21:24:40.651+0000] {processor.py:183} INFO - Processing /home/ubuntu/venv/lib/python3.12/site-packages/airflow/example_dags/example_latest_only.py took 0.073 seconds
[2024-06-27T21:25:44.436+0000] {processor.py:161} INFO - Started process (PID=3628) to work on /home/ubuntu/venv/lib/python3.12/site-packages/airflow/example_dags/example_latest_only.py
[2024-06-27T21:25:44.437+0000] {processor.py:830} INFO - Processing file /home/ubuntu/venv/lib/python3.12/site-packages/airflow/example_dags/example_latest_only.py for tasks to queue
[2024-06-27T21:25:44.438+0000] {logging_mixin.py:188} INFO - [2024-06-27T21:25:44.438+0000] {dagbag.py:545} INFO - Filling up the DagBag from /home/ubuntu/venv/lib/python3.12/site-packages/airflow/example_dags/example_latest_only.py
[2024-06-27T21:25:44.444+0000] {processor.py:840} INFO - DAG(s) 'latest_only' retrieved from /home/ubuntu/venv/lib/python3.12/site-packages/airflow/example_dags/example_latest_only.py
[2024-06-27T21:25:44.461+0000] {logging_mixin.py:188} INFO - [2024-06-27T21:25:44.461+0000] {dag.py:3096} INFO - Sync 1 DAGs
[2024-06-27T21:25:44.482+0000] {logging_mixin.py:188} INFO - [2024-06-27T21:25:44.481+0000] {dag.py:3954} INFO - Setting next_dagrun for latest_only to 2024-06-27 16:00:00+00:00, run_after=2024-06-27 20:00:00+00:00
[2024-06-27T21:25:44.505+0000] {processor.py:183} INFO - Processing /home/ubuntu/venv/lib/python3.12/site-packages/airflow/example_dags/example_latest_only.py took 0.075 seconds
[2024-06-27T21:26:49.780+0000] {processor.py:161} INFO - Started process (PID=3695) to work on /home/ubuntu/venv/lib/python3.12/site-packages/airflow/example_dags/example_latest_only.py
[2024-06-27T21:26:49.782+0000] {processor.py:830} INFO - Processing file /home/ubuntu/venv/lib/python3.12/site-packages/airflow/example_dags/example_latest_only.py for tasks to queue
[2024-06-27T21:26:49.782+0000] {logging_mixin.py:188} INFO - [2024-06-27T21:26:49.782+0000] {dagbag.py:545} INFO - Filling up the DagBag from /home/ubuntu/venv/lib/python3.12/site-packages/airflow/example_dags/example_latest_only.py
[2024-06-27T21:26:49.788+0000] {processor.py:840} INFO - DAG(s) 'latest_only' retrieved from /home/ubuntu/venv/lib/python3.12/site-packages/airflow/example_dags/example_latest_only.py
[2024-06-27T21:26:49.805+0000] {logging_mixin.py:188} INFO - [2024-06-27T21:26:49.805+0000] {dag.py:3096} INFO - Sync 1 DAGs
[2024-06-27T21:26:49.826+0000] {logging_mixin.py:188} INFO - [2024-06-27T21:26:49.825+0000] {dag.py:3954} INFO - Setting next_dagrun for latest_only to 2024-06-27 16:00:00+00:00, run_after=2024-06-27 20:00:00+00:00
[2024-06-27T21:26:49.850+0000] {processor.py:183} INFO - Processing /home/ubuntu/venv/lib/python3.12/site-packages/airflow/example_dags/example_latest_only.py took 0.076 seconds
[2024-06-27T21:27:51.819+0000] {processor.py:161} INFO - Started process (PID=3759) to work on /home/ubuntu/venv/lib/python3.12/site-packages/airflow/example_dags/example_latest_only.py
[2024-06-27T21:27:51.820+0000] {processor.py:830} INFO - Processing file /home/ubuntu/venv/lib/python3.12/site-packages/airflow/example_dags/example_latest_only.py for tasks to queue
[2024-06-27T21:27:51.821+0000] {logging_mixin.py:188} INFO - [2024-06-27T21:27:51.821+0000] {dagbag.py:545} INFO - Filling up the DagBag from /home/ubuntu/venv/lib/python3.12/site-packages/airflow/example_dags/example_latest_only.py
[2024-06-27T21:27:51.827+0000] {processor.py:840} INFO - DAG(s) 'latest_only' retrieved from /home/ubuntu/venv/lib/python3.12/site-packages/airflow/example_dags/example_latest_only.py
[2024-06-27T21:27:51.844+0000] {logging_mixin.py:188} INFO - [2024-06-27T21:27:51.844+0000] {dag.py:3096} INFO - Sync 1 DAGs
[2024-06-27T21:27:51.865+0000] {logging_mixin.py:188} INFO - [2024-06-27T21:27:51.864+0000] {dag.py:3954} INFO - Setting next_dagrun for latest_only to 2024-06-27 16:00:00+00:00, run_after=2024-06-27 20:00:00+00:00
[2024-06-27T21:27:51.890+0000] {processor.py:183} INFO - Processing /home/ubuntu/venv/lib/python3.12/site-packages/airflow/example_dags/example_latest_only.py took 0.077 seconds
[2024-06-27T21:28:59.789+0000] {processor.py:161} INFO - Started process (PID=3850) to work on /home/ubuntu/venv/lib/python3.12/site-packages/airflow/example_dags/example_latest_only.py
[2024-06-27T21:28:59.790+0000] {processor.py:830} INFO - Processing file /home/ubuntu/venv/lib/python3.12/site-packages/airflow/example_dags/example_latest_only.py for tasks to queue
[2024-06-27T21:28:59.791+0000] {logging_mixin.py:188} INFO - [2024-06-27T21:28:59.791+0000] {dagbag.py:545} INFO - Filling up the DagBag from /home/ubuntu/venv/lib/python3.12/site-packages/airflow/example_dags/example_latest_only.py
[2024-06-27T21:28:59.797+0000] {processor.py:840} INFO - DAG(s) 'latest_only' retrieved from /home/ubuntu/venv/lib/python3.12/site-packages/airflow/example_dags/example_latest_only.py
[2024-06-27T21:28:59.814+0000] {logging_mixin.py:188} INFO - [2024-06-27T21:28:59.814+0000] {dag.py:3096} INFO - Sync 1 DAGs
[2024-06-27T21:28:59.837+0000] {logging_mixin.py:188} INFO - [2024-06-27T21:28:59.836+0000] {dag.py:3954} INFO - Setting next_dagrun for latest_only to 2024-06-27 16:00:00+00:00, run_after=2024-06-27 20:00:00+00:00
[2024-06-27T21:28:59.859+0000] {processor.py:183} INFO - Processing /home/ubuntu/venv/lib/python3.12/site-packages/airflow/example_dags/example_latest_only.py took 0.076 seconds
[2024-06-27T21:29:50.011+0000] {processor.py:161} INFO - Started process (PID=3903) to work on /home/ubuntu/venv/lib/python3.12/site-packages/airflow/example_dags/example_latest_only.py
[2024-06-27T21:29:50.012+0000] {processor.py:830} INFO - Processing file /home/ubuntu/venv/lib/python3.12/site-packages/airflow/example_dags/example_latest_only.py for tasks to queue
[2024-06-27T21:29:50.013+0000] {logging_mixin.py:188} INFO - [2024-06-27T21:29:50.013+0000] {dagbag.py:545} INFO - Filling up the DagBag from /home/ubuntu/venv/lib/python3.12/site-packages/airflow/example_dags/example_latest_only.py
[2024-06-27T21:29:50.019+0000] {processor.py:840} INFO - DAG(s) 'latest_only' retrieved from /home/ubuntu/venv/lib/python3.12/site-packages/airflow/example_dags/example_latest_only.py
[2024-06-27T21:29:50.036+0000] {logging_mixin.py:188} INFO - [2024-06-27T21:29:50.036+0000] {dag.py:3096} INFO - Sync 1 DAGs
[2024-06-27T21:29:50.057+0000] {logging_mixin.py:188} INFO - [2024-06-27T21:29:50.057+0000] {dag.py:3954} INFO - Setting next_dagrun for latest_only to 2024-06-27 16:00:00+00:00, run_after=2024-06-27 20:00:00+00:00
[2024-06-27T21:29:50.080+0000] {processor.py:183} INFO - Processing /home/ubuntu/venv/lib/python3.12/site-packages/airflow/example_dags/example_latest_only.py took 0.076 seconds
[2024-06-27T21:30:52.918+0000] {processor.py:161} INFO - Started process (PID=3979) to work on /home/ubuntu/venv/lib/python3.12/site-packages/airflow/example_dags/example_latest_only.py
[2024-06-27T21:30:52.919+0000] {processor.py:830} INFO - Processing file /home/ubuntu/venv/lib/python3.12/site-packages/airflow/example_dags/example_latest_only.py for tasks to queue
[2024-06-27T21:30:52.920+0000] {logging_mixin.py:188} INFO - [2024-06-27T21:30:52.920+0000] {dagbag.py:545} INFO - Filling up the DagBag from /home/ubuntu/venv/lib/python3.12/site-packages/airflow/example_dags/example_latest_only.py
[2024-06-27T21:30:52.926+0000] {processor.py:840} INFO - DAG(s) 'latest_only' retrieved from /home/ubuntu/venv/lib/python3.12/site-packages/airflow/example_dags/example_latest_only.py
[2024-06-27T21:30:52.943+0000] {logging_mixin.py:188} INFO - [2024-06-27T21:30:52.943+0000] {dag.py:3096} INFO - Sync 1 DAGs
[2024-06-27T21:30:52.964+0000] {logging_mixin.py:188} INFO - [2024-06-27T21:30:52.964+0000] {dag.py:3954} INFO - Setting next_dagrun for latest_only to 2024-06-27 16:00:00+00:00, run_after=2024-06-27 20:00:00+00:00
[2024-06-27T21:30:52.988+0000] {processor.py:183} INFO - Processing /home/ubuntu/venv/lib/python3.12/site-packages/airflow/example_dags/example_latest_only.py took 0.077 seconds
[2024-06-27T21:31:58.376+0000] {processor.py:161} INFO - Started process (PID=4045) to work on /home/ubuntu/venv/lib/python3.12/site-packages/airflow/example_dags/example_latest_only.py
[2024-06-27T21:31:58.377+0000] {processor.py:830} INFO - Processing file /home/ubuntu/venv/lib/python3.12/site-packages/airflow/example_dags/example_latest_only.py for tasks to queue
[2024-06-27T21:31:58.378+0000] {logging_mixin.py:188} INFO - [2024-06-27T21:31:58.378+0000] {dagbag.py:545} INFO - Filling up the DagBag from /home/ubuntu/venv/lib/python3.12/site-packages/airflow/example_dags/example_latest_only.py
[2024-06-27T21:31:58.384+0000] {processor.py:840} INFO - DAG(s) 'latest_only' retrieved from /home/ubuntu/venv/lib/python3.12/site-packages/airflow/example_dags/example_latest_only.py
[2024-06-27T21:31:58.401+0000] {logging_mixin.py:188} INFO - [2024-06-27T21:31:58.401+0000] {dag.py:3096} INFO - Sync 1 DAGs
[2024-06-27T21:31:58.421+0000] {logging_mixin.py:188} INFO - [2024-06-27T21:31:58.421+0000] {dag.py:3954} INFO - Setting next_dagrun for latest_only to 2024-06-27 16:00:00+00:00, run_after=2024-06-27 20:00:00+00:00
[2024-06-27T21:31:58.446+0000] {processor.py:183} INFO - Processing /home/ubuntu/venv/lib/python3.12/site-packages/airflow/example_dags/example_latest_only.py took 0.076 seconds
[2024-06-27T21:32:50.404+0000] {processor.py:161} INFO - Started process (PID=4106) to work on /home/ubuntu/venv/lib/python3.12/site-packages/airflow/example_dags/example_latest_only.py
[2024-06-27T21:32:50.405+0000] {processor.py:830} INFO - Processing file /home/ubuntu/venv/lib/python3.12/site-packages/airflow/example_dags/example_latest_only.py for tasks to queue
[2024-06-27T21:32:50.406+0000] {logging_mixin.py:188} INFO - [2024-06-27T21:32:50.406+0000] {dagbag.py:545} INFO - Filling up the DagBag from /home/ubuntu/venv/lib/python3.12/site-packages/airflow/example_dags/example_latest_only.py
[2024-06-27T21:32:50.412+0000] {processor.py:840} INFO - DAG(s) 'latest_only' retrieved from /home/ubuntu/venv/lib/python3.12/site-packages/airflow/example_dags/example_latest_only.py
[2024-06-27T21:32:50.429+0000] {logging_mixin.py:188} INFO - [2024-06-27T21:32:50.429+0000] {dag.py:3096} INFO - Sync 1 DAGs
[2024-06-27T21:32:50.450+0000] {logging_mixin.py:188} INFO - [2024-06-27T21:32:50.449+0000] {dag.py:3954} INFO - Setting next_dagrun for latest_only to 2024-06-27 16:00:00+00:00, run_after=2024-06-27 20:00:00+00:00
[2024-06-27T21:32:50.472+0000] {processor.py:183} INFO - Processing /home/ubuntu/venv/lib/python3.12/site-packages/airflow/example_dags/example_latest_only.py took 0.074 seconds
[2024-06-27T21:33:42.728+0000] {processor.py:161} INFO - Started process (PID=4166) to work on /home/ubuntu/venv/lib/python3.12/site-packages/airflow/example_dags/example_latest_only.py
[2024-06-27T21:33:42.729+0000] {processor.py:830} INFO - Processing file /home/ubuntu/venv/lib/python3.12/site-packages/airflow/example_dags/example_latest_only.py for tasks to queue
[2024-06-27T21:33:42.730+0000] {logging_mixin.py:188} INFO - [2024-06-27T21:33:42.730+0000] {dagbag.py:545} INFO - Filling up the DagBag from /home/ubuntu/venv/lib/python3.12/site-packages/airflow/example_dags/example_latest_only.py
[2024-06-27T21:33:42.736+0000] {processor.py:840} INFO - DAG(s) 'latest_only' retrieved from /home/ubuntu/venv/lib/python3.12/site-packages/airflow/example_dags/example_latest_only.py
[2024-06-27T21:33:42.753+0000] {logging_mixin.py:188} INFO - [2024-06-27T21:33:42.753+0000] {dag.py:3096} INFO - Sync 1 DAGs
[2024-06-27T21:33:42.774+0000] {logging_mixin.py:188} INFO - [2024-06-27T21:33:42.774+0000] {dag.py:3954} INFO - Setting next_dagrun for latest_only to 2024-06-27 16:00:00+00:00, run_after=2024-06-27 20:00:00+00:00
[2024-06-27T21:33:42.798+0000] {processor.py:183} INFO - Processing /home/ubuntu/venv/lib/python3.12/site-packages/airflow/example_dags/example_latest_only.py took 0.077 seconds
[2024-06-27T21:34:25.932+0000] {processor.py:161} INFO - Started process (PID=4211) to work on /home/ubuntu/venv/lib/python3.12/site-packages/airflow/example_dags/example_latest_only.py
[2024-06-27T21:34:25.933+0000] {processor.py:830} INFO - Processing file /home/ubuntu/venv/lib/python3.12/site-packages/airflow/example_dags/example_latest_only.py for tasks to queue
[2024-06-27T21:34:25.934+0000] {logging_mixin.py:188} INFO - [2024-06-27T21:34:25.934+0000] {dagbag.py:545} INFO - Filling up the DagBag from /home/ubuntu/venv/lib/python3.12/site-packages/airflow/example_dags/example_latest_only.py
[2024-06-27T21:34:25.940+0000] {processor.py:840} INFO - DAG(s) 'latest_only' retrieved from /home/ubuntu/venv/lib/python3.12/site-packages/airflow/example_dags/example_latest_only.py
[2024-06-27T21:34:25.957+0000] {logging_mixin.py:188} INFO - [2024-06-27T21:34:25.957+0000] {dag.py:3096} INFO - Sync 1 DAGs
[2024-06-27T21:34:25.977+0000] {logging_mixin.py:188} INFO - [2024-06-27T21:34:25.977+0000] {dag.py:3954} INFO - Setting next_dagrun for latest_only to 2024-06-27 16:00:00+00:00, run_after=2024-06-27 20:00:00+00:00
[2024-06-27T21:34:26.002+0000] {processor.py:183} INFO - Processing /home/ubuntu/venv/lib/python3.12/site-packages/airflow/example_dags/example_latest_only.py took 0.076 seconds
[2024-06-27T21:35:29.263+0000] {processor.py:161} INFO - Started process (PID=4281) to work on /home/ubuntu/venv/lib/python3.12/site-packages/airflow/example_dags/example_latest_only.py
[2024-06-27T21:35:29.265+0000] {processor.py:830} INFO - Processing file /home/ubuntu/venv/lib/python3.12/site-packages/airflow/example_dags/example_latest_only.py for tasks to queue
[2024-06-27T21:35:29.266+0000] {logging_mixin.py:188} INFO - [2024-06-27T21:35:29.265+0000] {dagbag.py:545} INFO - Filling up the DagBag from /home/ubuntu/venv/lib/python3.12/site-packages/airflow/example_dags/example_latest_only.py
[2024-06-27T21:35:29.272+0000] {processor.py:840} INFO - DAG(s) 'latest_only' retrieved from /home/ubuntu/venv/lib/python3.12/site-packages/airflow/example_dags/example_latest_only.py
[2024-06-27T21:35:29.289+0000] {logging_mixin.py:188} INFO - [2024-06-27T21:35:29.288+0000] {dag.py:3096} INFO - Sync 1 DAGs
[2024-06-27T21:35:29.309+0000] {logging_mixin.py:188} INFO - [2024-06-27T21:35:29.309+0000] {dag.py:3954} INFO - Setting next_dagrun for latest_only to 2024-06-27 16:00:00+00:00, run_after=2024-06-27 20:00:00+00:00
[2024-06-27T21:35:29.332+0000] {processor.py:183} INFO - Processing /home/ubuntu/venv/lib/python3.12/site-packages/airflow/example_dags/example_latest_only.py took 0.074 seconds
[2024-06-27T21:36:32.827+0000] {processor.py:161} INFO - Started process (PID=4346) to work on /home/ubuntu/venv/lib/python3.12/site-packages/airflow/example_dags/example_latest_only.py
[2024-06-27T21:36:32.828+0000] {processor.py:830} INFO - Processing file /home/ubuntu/venv/lib/python3.12/site-packages/airflow/example_dags/example_latest_only.py for tasks to queue
[2024-06-27T21:36:32.829+0000] {logging_mixin.py:188} INFO - [2024-06-27T21:36:32.829+0000] {dagbag.py:545} INFO - Filling up the DagBag from /home/ubuntu/venv/lib/python3.12/site-packages/airflow/example_dags/example_latest_only.py
[2024-06-27T21:36:32.835+0000] {processor.py:840} INFO - DAG(s) 'latest_only' retrieved from /home/ubuntu/venv/lib/python3.12/site-packages/airflow/example_dags/example_latest_only.py
[2024-06-27T21:36:32.851+0000] {logging_mixin.py:188} INFO - [2024-06-27T21:36:32.851+0000] {dag.py:3096} INFO - Sync 1 DAGs
[2024-06-27T21:36:32.871+0000] {logging_mixin.py:188} INFO - [2024-06-27T21:36:32.871+0000] {dag.py:3954} INFO - Setting next_dagrun for latest_only to 2024-06-27 16:00:00+00:00, run_after=2024-06-27 20:00:00+00:00
[2024-06-27T21:36:32.893+0000] {processor.py:183} INFO - Processing /home/ubuntu/venv/lib/python3.12/site-packages/airflow/example_dags/example_latest_only.py took 0.073 seconds
[2024-06-27T21:37:20.924+0000] {processor.py:161} INFO - Started process (PID=4395) to work on /home/ubuntu/venv/lib/python3.12/site-packages/airflow/example_dags/example_latest_only.py
[2024-06-27T21:37:20.925+0000] {processor.py:830} INFO - Processing file /home/ubuntu/venv/lib/python3.12/site-packages/airflow/example_dags/example_latest_only.py for tasks to queue
[2024-06-27T21:37:20.926+0000] {logging_mixin.py:188} INFO - [2024-06-27T21:37:20.925+0000] {dagbag.py:545} INFO - Filling up the DagBag from /home/ubuntu/venv/lib/python3.12/site-packages/airflow/example_dags/example_latest_only.py
[2024-06-27T21:37:20.932+0000] {processor.py:840} INFO - DAG(s) 'latest_only' retrieved from /home/ubuntu/venv/lib/python3.12/site-packages/airflow/example_dags/example_latest_only.py
[2024-06-27T21:37:20.949+0000] {logging_mixin.py:188} INFO - [2024-06-27T21:37:20.948+0000] {dag.py:3096} INFO - Sync 1 DAGs
[2024-06-27T21:37:20.970+0000] {logging_mixin.py:188} INFO - [2024-06-27T21:37:20.970+0000] {dag.py:3954} INFO - Setting next_dagrun for latest_only to 2024-06-27 16:00:00+00:00, run_after=2024-06-27 20:00:00+00:00
[2024-06-27T21:37:20.995+0000] {processor.py:183} INFO - Processing /home/ubuntu/venv/lib/python3.12/site-packages/airflow/example_dags/example_latest_only.py took 0.077 seconds
[2024-06-27T21:38:08.729+0000] {processor.py:161} INFO - Started process (PID=4447) to work on /home/ubuntu/venv/lib/python3.12/site-packages/airflow/example_dags/example_latest_only.py
[2024-06-27T21:38:08.731+0000] {processor.py:830} INFO - Processing file /home/ubuntu/venv/lib/python3.12/site-packages/airflow/example_dags/example_latest_only.py for tasks to queue
[2024-06-27T21:38:08.732+0000] {logging_mixin.py:188} INFO - [2024-06-27T21:38:08.731+0000] {dagbag.py:545} INFO - Filling up the DagBag from /home/ubuntu/venv/lib/python3.12/site-packages/airflow/example_dags/example_latest_only.py
[2024-06-27T21:38:08.737+0000] {processor.py:840} INFO - DAG(s) 'latest_only' retrieved from /home/ubuntu/venv/lib/python3.12/site-packages/airflow/example_dags/example_latest_only.py
[2024-06-27T21:38:08.754+0000] {logging_mixin.py:188} INFO - [2024-06-27T21:38:08.754+0000] {dag.py:3096} INFO - Sync 1 DAGs
[2024-06-27T21:38:08.775+0000] {logging_mixin.py:188} INFO - [2024-06-27T21:38:08.775+0000] {dag.py:3954} INFO - Setting next_dagrun for latest_only to 2024-06-27 16:00:00+00:00, run_after=2024-06-27 20:00:00+00:00
[2024-06-27T21:38:08.798+0000] {processor.py:183} INFO - Processing /home/ubuntu/venv/lib/python3.12/site-packages/airflow/example_dags/example_latest_only.py took 0.075 seconds
[2024-06-27T21:38:57.530+0000] {processor.py:161} INFO - Started process (PID=4497) to work on /home/ubuntu/venv/lib/python3.12/site-packages/airflow/example_dags/example_latest_only.py
[2024-06-27T21:38:57.532+0000] {processor.py:830} INFO - Processing file /home/ubuntu/venv/lib/python3.12/site-packages/airflow/example_dags/example_latest_only.py for tasks to queue
[2024-06-27T21:38:57.533+0000] {logging_mixin.py:188} INFO - [2024-06-27T21:38:57.532+0000] {dagbag.py:545} INFO - Filling up the DagBag from /home/ubuntu/venv/lib/python3.12/site-packages/airflow/example_dags/example_latest_only.py
[2024-06-27T21:38:57.538+0000] {processor.py:840} INFO - DAG(s) 'latest_only' retrieved from /home/ubuntu/venv/lib/python3.12/site-packages/airflow/example_dags/example_latest_only.py
[2024-06-27T21:38:57.555+0000] {logging_mixin.py:188} INFO - [2024-06-27T21:38:57.555+0000] {dag.py:3096} INFO - Sync 1 DAGs
[2024-06-27T21:38:57.576+0000] {logging_mixin.py:188} INFO - [2024-06-27T21:38:57.576+0000] {dag.py:3954} INFO - Setting next_dagrun for latest_only to 2024-06-27 16:00:00+00:00, run_after=2024-06-27 20:00:00+00:00
[2024-06-27T21:38:57.598+0000] {processor.py:183} INFO - Processing /home/ubuntu/venv/lib/python3.12/site-packages/airflow/example_dags/example_latest_only.py took 0.074 seconds
[2024-06-27T21:39:58.084+0000] {processor.py:161} INFO - Started process (PID=4560) to work on /home/ubuntu/venv/lib/python3.12/site-packages/airflow/example_dags/example_latest_only.py
[2024-06-27T21:39:58.085+0000] {processor.py:830} INFO - Processing file /home/ubuntu/venv/lib/python3.12/site-packages/airflow/example_dags/example_latest_only.py for tasks to queue
[2024-06-27T21:39:58.086+0000] {logging_mixin.py:188} INFO - [2024-06-27T21:39:58.086+0000] {dagbag.py:545} INFO - Filling up the DagBag from /home/ubuntu/venv/lib/python3.12/site-packages/airflow/example_dags/example_latest_only.py
[2024-06-27T21:39:58.092+0000] {processor.py:840} INFO - DAG(s) 'latest_only' retrieved from /home/ubuntu/venv/lib/python3.12/site-packages/airflow/example_dags/example_latest_only.py
[2024-06-27T21:39:58.109+0000] {logging_mixin.py:188} INFO - [2024-06-27T21:39:58.109+0000] {dag.py:3096} INFO - Sync 1 DAGs
[2024-06-27T21:39:58.130+0000] {logging_mixin.py:188} INFO - [2024-06-27T21:39:58.130+0000] {dag.py:3954} INFO - Setting next_dagrun for latest_only to 2024-06-27 16:00:00+00:00, run_after=2024-06-27 20:00:00+00:00
[2024-06-27T21:39:58.153+0000] {processor.py:183} INFO - Processing /home/ubuntu/venv/lib/python3.12/site-packages/airflow/example_dags/example_latest_only.py took 0.075 seconds
[2024-06-27T21:41:04.508+0000] {processor.py:161} INFO - Started process (PID=4631) to work on /home/ubuntu/venv/lib/python3.12/site-packages/airflow/example_dags/example_latest_only.py
[2024-06-27T21:41:04.509+0000] {processor.py:830} INFO - Processing file /home/ubuntu/venv/lib/python3.12/site-packages/airflow/example_dags/example_latest_only.py for tasks to queue
[2024-06-27T21:41:04.510+0000] {logging_mixin.py:188} INFO - [2024-06-27T21:41:04.510+0000] {dagbag.py:545} INFO - Filling up the DagBag from /home/ubuntu/venv/lib/python3.12/site-packages/airflow/example_dags/example_latest_only.py
[2024-06-27T21:41:04.516+0000] {processor.py:840} INFO - DAG(s) 'latest_only' retrieved from /home/ubuntu/venv/lib/python3.12/site-packages/airflow/example_dags/example_latest_only.py
[2024-06-27T21:41:04.532+0000] {logging_mixin.py:188} INFO - [2024-06-27T21:41:04.532+0000] {dag.py:3096} INFO - Sync 1 DAGs
[2024-06-27T21:41:04.552+0000] {logging_mixin.py:188} INFO - [2024-06-27T21:41:04.552+0000] {dag.py:3954} INFO - Setting next_dagrun for latest_only to 2024-06-27 16:00:00+00:00, run_after=2024-06-27 20:00:00+00:00
[2024-06-27T21:41:04.575+0000] {processor.py:183} INFO - Processing /home/ubuntu/venv/lib/python3.12/site-packages/airflow/example_dags/example_latest_only.py took 0.073 seconds
[2024-06-27T21:42:13.005+0000] {processor.py:161} INFO - Started process (PID=4700) to work on /home/ubuntu/venv/lib/python3.12/site-packages/airflow/example_dags/example_latest_only.py
[2024-06-27T21:42:13.006+0000] {processor.py:830} INFO - Processing file /home/ubuntu/venv/lib/python3.12/site-packages/airflow/example_dags/example_latest_only.py for tasks to queue
[2024-06-27T21:42:13.007+0000] {logging_mixin.py:188} INFO - [2024-06-27T21:42:13.007+0000] {dagbag.py:545} INFO - Filling up the DagBag from /home/ubuntu/venv/lib/python3.12/site-packages/airflow/example_dags/example_latest_only.py
[2024-06-27T21:42:13.013+0000] {processor.py:840} INFO - DAG(s) 'latest_only' retrieved from /home/ubuntu/venv/lib/python3.12/site-packages/airflow/example_dags/example_latest_only.py
[2024-06-27T21:42:13.030+0000] {logging_mixin.py:188} INFO - [2024-06-27T21:42:13.030+0000] {dag.py:3096} INFO - Sync 1 DAGs
[2024-06-27T21:42:13.051+0000] {logging_mixin.py:188} INFO - [2024-06-27T21:42:13.050+0000] {dag.py:3954} INFO - Setting next_dagrun for latest_only to 2024-06-27 16:00:00+00:00, run_after=2024-06-27 20:00:00+00:00
[2024-06-27T21:42:13.074+0000] {processor.py:183} INFO - Processing /home/ubuntu/venv/lib/python3.12/site-packages/airflow/example_dags/example_latest_only.py took 0.075 seconds
[2024-06-27T21:43:16.935+0000] {processor.py:161} INFO - Started process (PID=4766) to work on /home/ubuntu/venv/lib/python3.12/site-packages/airflow/example_dags/example_latest_only.py
[2024-06-27T21:43:16.937+0000] {processor.py:830} INFO - Processing file /home/ubuntu/venv/lib/python3.12/site-packages/airflow/example_dags/example_latest_only.py for tasks to queue
[2024-06-27T21:43:16.938+0000] {logging_mixin.py:188} INFO - [2024-06-27T21:43:16.937+0000] {dagbag.py:545} INFO - Filling up the DagBag from /home/ubuntu/venv/lib/python3.12/site-packages/airflow/example_dags/example_latest_only.py
[2024-06-27T21:43:16.944+0000] {processor.py:840} INFO - DAG(s) 'latest_only' retrieved from /home/ubuntu/venv/lib/python3.12/site-packages/airflow/example_dags/example_latest_only.py
[2024-06-27T21:43:16.960+0000] {logging_mixin.py:188} INFO - [2024-06-27T21:43:16.960+0000] {dag.py:3096} INFO - Sync 1 DAGs
[2024-06-27T21:43:17.097+0000] {logging_mixin.py:188} INFO - [2024-06-27T21:43:17.097+0000] {dag.py:3954} INFO - Setting next_dagrun for latest_only to 2024-06-27 16:00:00+00:00, run_after=2024-06-27 20:00:00+00:00
[2024-06-27T21:43:17.120+0000] {processor.py:183} INFO - Processing /home/ubuntu/venv/lib/python3.12/site-packages/airflow/example_dags/example_latest_only.py took 0.191 seconds
[2024-06-27T21:44:03.020+0000] {processor.py:161} INFO - Started process (PID=4813) to work on /home/ubuntu/venv/lib/python3.12/site-packages/airflow/example_dags/example_latest_only.py
[2024-06-27T21:44:03.021+0000] {processor.py:830} INFO - Processing file /home/ubuntu/venv/lib/python3.12/site-packages/airflow/example_dags/example_latest_only.py for tasks to queue
[2024-06-27T21:44:03.022+0000] {logging_mixin.py:188} INFO - [2024-06-27T21:44:03.022+0000] {dagbag.py:545} INFO - Filling up the DagBag from /home/ubuntu/venv/lib/python3.12/site-packages/airflow/example_dags/example_latest_only.py
[2024-06-27T21:44:03.028+0000] {processor.py:840} INFO - DAG(s) 'latest_only' retrieved from /home/ubuntu/venv/lib/python3.12/site-packages/airflow/example_dags/example_latest_only.py
[2024-06-27T21:44:03.045+0000] {logging_mixin.py:188} INFO - [2024-06-27T21:44:03.045+0000] {dag.py:3096} INFO - Sync 1 DAGs
[2024-06-27T21:44:03.065+0000] {logging_mixin.py:188} INFO - [2024-06-27T21:44:03.065+0000] {dag.py:3954} INFO - Setting next_dagrun for latest_only to 2024-06-27 16:00:00+00:00, run_after=2024-06-27 20:00:00+00:00
[2024-06-27T21:44:03.089+0000] {processor.py:183} INFO - Processing /home/ubuntu/venv/lib/python3.12/site-packages/airflow/example_dags/example_latest_only.py took 0.075 seconds
[2024-06-27T21:45:10.771+0000] {processor.py:161} INFO - Started process (PID=4928) to work on /home/ubuntu/venv/lib/python3.12/site-packages/airflow/example_dags/example_latest_only.py
[2024-06-27T21:45:10.773+0000] {processor.py:830} INFO - Processing file /home/ubuntu/venv/lib/python3.12/site-packages/airflow/example_dags/example_latest_only.py for tasks to queue
[2024-06-27T21:45:10.774+0000] {logging_mixin.py:188} INFO - [2024-06-27T21:45:10.774+0000] {dagbag.py:545} INFO - Filling up the DagBag from /home/ubuntu/venv/lib/python3.12/site-packages/airflow/example_dags/example_latest_only.py
[2024-06-27T21:45:10.780+0000] {processor.py:840} INFO - DAG(s) 'latest_only' retrieved from /home/ubuntu/venv/lib/python3.12/site-packages/airflow/example_dags/example_latest_only.py
[2024-06-27T21:45:10.796+0000] {logging_mixin.py:188} INFO - [2024-06-27T21:45:10.796+0000] {dag.py:3096} INFO - Sync 1 DAGs
[2024-06-27T21:45:10.817+0000] {logging_mixin.py:188} INFO - [2024-06-27T21:45:10.816+0000] {dag.py:3954} INFO - Setting next_dagrun for latest_only to 2024-06-27 16:00:00+00:00, run_after=2024-06-27 20:00:00+00:00
[2024-06-27T21:45:10.839+0000] {processor.py:183} INFO - Processing /home/ubuntu/venv/lib/python3.12/site-packages/airflow/example_dags/example_latest_only.py took 0.073 seconds
[2024-06-27T21:46:18.909+0000] {processor.py:161} INFO - Started process (PID=4995) to work on /home/ubuntu/venv/lib/python3.12/site-packages/airflow/example_dags/example_latest_only.py
[2024-06-27T21:46:18.910+0000] {processor.py:830} INFO - Processing file /home/ubuntu/venv/lib/python3.12/site-packages/airflow/example_dags/example_latest_only.py for tasks to queue
[2024-06-27T21:46:18.911+0000] {logging_mixin.py:188} INFO - [2024-06-27T21:46:18.911+0000] {dagbag.py:545} INFO - Filling up the DagBag from /home/ubuntu/venv/lib/python3.12/site-packages/airflow/example_dags/example_latest_only.py
[2024-06-27T21:46:18.917+0000] {processor.py:840} INFO - DAG(s) 'latest_only' retrieved from /home/ubuntu/venv/lib/python3.12/site-packages/airflow/example_dags/example_latest_only.py
[2024-06-27T21:46:18.934+0000] {logging_mixin.py:188} INFO - [2024-06-27T21:46:18.934+0000] {dag.py:3096} INFO - Sync 1 DAGs
[2024-06-27T21:46:18.954+0000] {logging_mixin.py:188} INFO - [2024-06-27T21:46:18.954+0000] {dag.py:3954} INFO - Setting next_dagrun for latest_only to 2024-06-27 16:00:00+00:00, run_after=2024-06-27 20:00:00+00:00
[2024-06-27T21:46:18.977+0000] {processor.py:183} INFO - Processing /home/ubuntu/venv/lib/python3.12/site-packages/airflow/example_dags/example_latest_only.py took 0.074 seconds
[2024-06-27T21:47:10.317+0000] {processor.py:161} INFO - Started process (PID=5045) to work on /home/ubuntu/venv/lib/python3.12/site-packages/airflow/example_dags/example_latest_only.py
[2024-06-27T21:47:10.318+0000] {processor.py:830} INFO - Processing file /home/ubuntu/venv/lib/python3.12/site-packages/airflow/example_dags/example_latest_only.py for tasks to queue
[2024-06-27T21:47:10.319+0000] {logging_mixin.py:188} INFO - [2024-06-27T21:47:10.319+0000] {dagbag.py:545} INFO - Filling up the DagBag from /home/ubuntu/venv/lib/python3.12/site-packages/airflow/example_dags/example_latest_only.py
[2024-06-27T21:47:10.325+0000] {processor.py:840} INFO - DAG(s) 'latest_only' retrieved from /home/ubuntu/venv/lib/python3.12/site-packages/airflow/example_dags/example_latest_only.py
[2024-06-27T21:47:10.342+0000] {logging_mixin.py:188} INFO - [2024-06-27T21:47:10.342+0000] {dag.py:3096} INFO - Sync 1 DAGs
[2024-06-27T21:47:10.363+0000] {logging_mixin.py:188} INFO - [2024-06-27T21:47:10.363+0000] {dag.py:3954} INFO - Setting next_dagrun for latest_only to 2024-06-27 16:00:00+00:00, run_after=2024-06-27 20:00:00+00:00
[2024-06-27T21:47:10.386+0000] {processor.py:183} INFO - Processing /home/ubuntu/venv/lib/python3.12/site-packages/airflow/example_dags/example_latest_only.py took 0.075 seconds
[2024-06-27T21:47:56.842+0000] {processor.py:161} INFO - Started process (PID=5169) to work on /home/ubuntu/venv/lib/python3.12/site-packages/airflow/example_dags/example_latest_only.py
[2024-06-27T21:47:56.843+0000] {processor.py:830} INFO - Processing file /home/ubuntu/venv/lib/python3.12/site-packages/airflow/example_dags/example_latest_only.py for tasks to queue
[2024-06-27T21:47:56.846+0000] {logging_mixin.py:188} INFO - [2024-06-27T21:47:56.846+0000] {dagbag.py:545} INFO - Filling up the DagBag from /home/ubuntu/venv/lib/python3.12/site-packages/airflow/example_dags/example_latest_only.py
[2024-06-27T21:47:56.860+0000] {processor.py:840} INFO - DAG(s) 'latest_only' retrieved from /home/ubuntu/venv/lib/python3.12/site-packages/airflow/example_dags/example_latest_only.py
[2024-06-27T21:47:56.880+0000] {logging_mixin.py:188} INFO - [2024-06-27T21:47:56.880+0000] {dag.py:3096} INFO - Sync 1 DAGs
[2024-06-27T21:47:56.901+0000] {logging_mixin.py:188} INFO - [2024-06-27T21:47:56.901+0000] {dag.py:3954} INFO - Setting next_dagrun for latest_only to 2024-06-27 16:00:00+00:00, run_after=2024-06-27 20:00:00+00:00
[2024-06-27T21:47:56.932+0000] {processor.py:183} INFO - Processing /home/ubuntu/venv/lib/python3.12/site-packages/airflow/example_dags/example_latest_only.py took 0.097 seconds
[2024-06-27T21:48:40.517+0000] {processor.py:161} INFO - Started process (PID=5265) to work on /home/ubuntu/venv/lib/python3.12/site-packages/airflow/example_dags/example_latest_only.py
[2024-06-27T21:48:40.519+0000] {processor.py:830} INFO - Processing file /home/ubuntu/venv/lib/python3.12/site-packages/airflow/example_dags/example_latest_only.py for tasks to queue
[2024-06-27T21:48:40.520+0000] {logging_mixin.py:188} INFO - [2024-06-27T21:48:40.520+0000] {dagbag.py:545} INFO - Filling up the DagBag from /home/ubuntu/venv/lib/python3.12/site-packages/airflow/example_dags/example_latest_only.py
[2024-06-27T21:48:40.526+0000] {processor.py:840} INFO - DAG(s) 'latest_only' retrieved from /home/ubuntu/venv/lib/python3.12/site-packages/airflow/example_dags/example_latest_only.py
[2024-06-27T21:48:40.543+0000] {logging_mixin.py:188} INFO - [2024-06-27T21:48:40.542+0000] {dag.py:3096} INFO - Sync 1 DAGs
[2024-06-27T21:48:40.563+0000] {logging_mixin.py:188} INFO - [2024-06-27T21:48:40.563+0000] {dag.py:3954} INFO - Setting next_dagrun for latest_only to 2024-06-27 16:00:00+00:00, run_after=2024-06-27 20:00:00+00:00
[2024-06-27T21:48:40.586+0000] {processor.py:183} INFO - Processing /home/ubuntu/venv/lib/python3.12/site-packages/airflow/example_dags/example_latest_only.py took 0.076 seconds
[2024-06-27T21:49:40.261+0000] {processor.py:161} INFO - Started process (PID=5327) to work on /home/ubuntu/venv/lib/python3.12/site-packages/airflow/example_dags/example_latest_only.py
[2024-06-27T21:49:40.262+0000] {processor.py:830} INFO - Processing file /home/ubuntu/venv/lib/python3.12/site-packages/airflow/example_dags/example_latest_only.py for tasks to queue
[2024-06-27T21:49:40.263+0000] {logging_mixin.py:188} INFO - [2024-06-27T21:49:40.263+0000] {dagbag.py:545} INFO - Filling up the DagBag from /home/ubuntu/venv/lib/python3.12/site-packages/airflow/example_dags/example_latest_only.py
[2024-06-27T21:49:40.269+0000] {processor.py:840} INFO - DAG(s) 'latest_only' retrieved from /home/ubuntu/venv/lib/python3.12/site-packages/airflow/example_dags/example_latest_only.py
[2024-06-27T21:49:40.287+0000] {logging_mixin.py:188} INFO - [2024-06-27T21:49:40.286+0000] {dag.py:3096} INFO - Sync 1 DAGs
[2024-06-27T21:49:40.307+0000] {logging_mixin.py:188} INFO - [2024-06-27T21:49:40.307+0000] {dag.py:3954} INFO - Setting next_dagrun for latest_only to 2024-06-27 16:00:00+00:00, run_after=2024-06-27 20:00:00+00:00
[2024-06-27T21:49:40.331+0000] {processor.py:183} INFO - Processing /home/ubuntu/venv/lib/python3.12/site-packages/airflow/example_dags/example_latest_only.py took 0.078 seconds
