[2024-06-27T21:20:23.030+0000] {processor.py:161} INFO - Started process (PID=2984) to work on /home/ubuntu/venv/lib/python3.12/site-packages/airflow/example_dags/example_bash_operator.py
[2024-06-27T21:20:23.031+0000] {processor.py:830} INFO - Processing file /home/ubuntu/venv/lib/python3.12/site-packages/airflow/example_dags/example_bash_operator.py for tasks to queue
[2024-06-27T21:20:23.033+0000] {logging_mixin.py:188} INFO - [2024-06-27T21:20:23.032+0000] {dagbag.py:545} INFO - Filling up the DagBag from /home/ubuntu/venv/lib/python3.12/site-packages/airflow/example_dags/example_bash_operator.py
[2024-06-27T21:20:23.046+0000] {processor.py:840} INFO - DAG(s) 'example_bash_operator' retrieved from /home/ubuntu/venv/lib/python3.12/site-packages/airflow/example_dags/example_bash_operator.py
[2024-06-27T21:20:23.174+0000] {logging_mixin.py:188} INFO - [2024-06-27T21:20:23.173+0000] {override.py:1847} INFO - Created Permission View: can read on DAG:example_bash_operator
[2024-06-27T21:20:23.187+0000] {logging_mixin.py:188} INFO - [2024-06-27T21:20:23.187+0000] {override.py:1847} INFO - Created Permission View: can delete on DAG:example_bash_operator
[2024-06-27T21:20:23.200+0000] {logging_mixin.py:188} INFO - [2024-06-27T21:20:23.200+0000] {override.py:1847} INFO - Created Permission View: can edit on DAG:example_bash_operator
[2024-06-27T21:20:23.200+0000] {logging_mixin.py:188} INFO - [2024-06-27T21:20:23.200+0000] {dag.py:3096} INFO - Sync 1 DAGs
[2024-06-27T21:20:23.211+0000] {logging_mixin.py:188} INFO - [2024-06-27T21:20:23.211+0000] {dag.py:3118} INFO - Creating ORM DAG for example_bash_operator
[2024-06-27T21:20:23.224+0000] {logging_mixin.py:188} INFO - [2024-06-27T21:20:23.224+0000] {dag.py:3954} INFO - Setting next_dagrun for example_bash_operator to 2024-06-26 00:00:00+00:00, run_after=2024-06-27 00:00:00+00:00
[2024-06-27T21:20:23.246+0000] {processor.py:183} INFO - Processing /home/ubuntu/venv/lib/python3.12/site-packages/airflow/example_dags/example_bash_operator.py took 0.222 seconds
[2024-06-27T21:21:28.761+0000] {processor.py:161} INFO - Started process (PID=3336) to work on /home/ubuntu/venv/lib/python3.12/site-packages/airflow/example_dags/example_bash_operator.py
[2024-06-27T21:21:28.763+0000] {processor.py:830} INFO - Processing file /home/ubuntu/venv/lib/python3.12/site-packages/airflow/example_dags/example_bash_operator.py for tasks to queue
[2024-06-27T21:21:28.765+0000] {logging_mixin.py:188} INFO - [2024-06-27T21:21:28.764+0000] {dagbag.py:545} INFO - Filling up the DagBag from /home/ubuntu/venv/lib/python3.12/site-packages/airflow/example_dags/example_bash_operator.py
[2024-06-27T21:21:28.777+0000] {processor.py:840} INFO - DAG(s) 'example_bash_operator' retrieved from /home/ubuntu/venv/lib/python3.12/site-packages/airflow/example_dags/example_bash_operator.py
[2024-06-27T21:21:28.801+0000] {logging_mixin.py:188} INFO - [2024-06-27T21:21:28.801+0000] {dag.py:3096} INFO - Sync 1 DAGs
[2024-06-27T21:21:28.822+0000] {logging_mixin.py:188} INFO - [2024-06-27T21:21:28.822+0000] {dag.py:3954} INFO - Setting next_dagrun for example_bash_operator to 2024-06-26 00:00:00+00:00, run_after=2024-06-27 00:00:00+00:00
[2024-06-27T21:21:28.845+0000] {processor.py:183} INFO - Processing /home/ubuntu/venv/lib/python3.12/site-packages/airflow/example_dags/example_bash_operator.py took 0.090 seconds
[2024-06-27T21:22:28.268+0000] {processor.py:161} INFO - Started process (PID=3410) to work on /home/ubuntu/venv/lib/python3.12/site-packages/airflow/example_dags/example_bash_operator.py
[2024-06-27T21:22:28.269+0000] {processor.py:830} INFO - Processing file /home/ubuntu/venv/lib/python3.12/site-packages/airflow/example_dags/example_bash_operator.py for tasks to queue
[2024-06-27T21:22:28.271+0000] {logging_mixin.py:188} INFO - [2024-06-27T21:22:28.270+0000] {dagbag.py:545} INFO - Filling up the DagBag from /home/ubuntu/venv/lib/python3.12/site-packages/airflow/example_dags/example_bash_operator.py
[2024-06-27T21:22:28.284+0000] {processor.py:840} INFO - DAG(s) 'example_bash_operator' retrieved from /home/ubuntu/venv/lib/python3.12/site-packages/airflow/example_dags/example_bash_operator.py
[2024-06-27T21:22:28.309+0000] {logging_mixin.py:188} INFO - [2024-06-27T21:22:28.309+0000] {dag.py:3096} INFO - Sync 1 DAGs
[2024-06-27T21:22:28.331+0000] {logging_mixin.py:188} INFO - [2024-06-27T21:22:28.331+0000] {dag.py:3954} INFO - Setting next_dagrun for example_bash_operator to 2024-06-26 00:00:00+00:00, run_after=2024-06-27 00:00:00+00:00
[2024-06-27T21:22:28.353+0000] {processor.py:183} INFO - Processing /home/ubuntu/venv/lib/python3.12/site-packages/airflow/example_dags/example_bash_operator.py took 0.091 seconds
[2024-06-27T21:23:26.734+0000] {processor.py:161} INFO - Started process (PID=3476) to work on /home/ubuntu/venv/lib/python3.12/site-packages/airflow/example_dags/example_bash_operator.py
[2024-06-27T21:23:26.735+0000] {processor.py:830} INFO - Processing file /home/ubuntu/venv/lib/python3.12/site-packages/airflow/example_dags/example_bash_operator.py for tasks to queue
[2024-06-27T21:23:26.737+0000] {logging_mixin.py:188} INFO - [2024-06-27T21:23:26.737+0000] {dagbag.py:545} INFO - Filling up the DagBag from /home/ubuntu/venv/lib/python3.12/site-packages/airflow/example_dags/example_bash_operator.py
[2024-06-27T21:23:26.749+0000] {processor.py:840} INFO - DAG(s) 'example_bash_operator' retrieved from /home/ubuntu/venv/lib/python3.12/site-packages/airflow/example_dags/example_bash_operator.py
[2024-06-27T21:23:26.775+0000] {logging_mixin.py:188} INFO - [2024-06-27T21:23:26.774+0000] {dag.py:3096} INFO - Sync 1 DAGs
[2024-06-27T21:23:26.796+0000] {logging_mixin.py:188} INFO - [2024-06-27T21:23:26.796+0000] {dag.py:3954} INFO - Setting next_dagrun for example_bash_operator to 2024-06-26 00:00:00+00:00, run_after=2024-06-27 00:00:00+00:00
[2024-06-27T21:23:26.818+0000] {processor.py:183} INFO - Processing /home/ubuntu/venv/lib/python3.12/site-packages/airflow/example_dags/example_bash_operator.py took 0.091 seconds
[2024-06-27T21:24:26.066+0000] {processor.py:161} INFO - Started process (PID=3539) to work on /home/ubuntu/venv/lib/python3.12/site-packages/airflow/example_dags/example_bash_operator.py
[2024-06-27T21:24:26.068+0000] {processor.py:830} INFO - Processing file /home/ubuntu/venv/lib/python3.12/site-packages/airflow/example_dags/example_bash_operator.py for tasks to queue
[2024-06-27T21:24:26.069+0000] {logging_mixin.py:188} INFO - [2024-06-27T21:24:26.068+0000] {dagbag.py:545} INFO - Filling up the DagBag from /home/ubuntu/venv/lib/python3.12/site-packages/airflow/example_dags/example_bash_operator.py
[2024-06-27T21:24:26.081+0000] {processor.py:840} INFO - DAG(s) 'example_bash_operator' retrieved from /home/ubuntu/venv/lib/python3.12/site-packages/airflow/example_dags/example_bash_operator.py
[2024-06-27T21:24:26.107+0000] {logging_mixin.py:188} INFO - [2024-06-27T21:24:26.106+0000] {dag.py:3096} INFO - Sync 1 DAGs
[2024-06-27T21:24:26.128+0000] {logging_mixin.py:188} INFO - [2024-06-27T21:24:26.128+0000] {dag.py:3954} INFO - Setting next_dagrun for example_bash_operator to 2024-06-26 00:00:00+00:00, run_after=2024-06-27 00:00:00+00:00
[2024-06-27T21:24:26.151+0000] {processor.py:183} INFO - Processing /home/ubuntu/venv/lib/python3.12/site-packages/airflow/example_dags/example_bash_operator.py took 0.091 seconds
[2024-06-27T21:25:29.300+0000] {processor.py:161} INFO - Started process (PID=3612) to work on /home/ubuntu/venv/lib/python3.12/site-packages/airflow/example_dags/example_bash_operator.py
[2024-06-27T21:25:29.302+0000] {processor.py:830} INFO - Processing file /home/ubuntu/venv/lib/python3.12/site-packages/airflow/example_dags/example_bash_operator.py for tasks to queue
[2024-06-27T21:25:29.303+0000] {logging_mixin.py:188} INFO - [2024-06-27T21:25:29.302+0000] {dagbag.py:545} INFO - Filling up the DagBag from /home/ubuntu/venv/lib/python3.12/site-packages/airflow/example_dags/example_bash_operator.py
[2024-06-27T21:25:29.315+0000] {processor.py:840} INFO - DAG(s) 'example_bash_operator' retrieved from /home/ubuntu/venv/lib/python3.12/site-packages/airflow/example_dags/example_bash_operator.py
[2024-06-27T21:25:29.342+0000] {logging_mixin.py:188} INFO - [2024-06-27T21:25:29.341+0000] {dag.py:3096} INFO - Sync 1 DAGs
[2024-06-27T21:25:29.365+0000] {logging_mixin.py:188} INFO - [2024-06-27T21:25:29.365+0000] {dag.py:3954} INFO - Setting next_dagrun for example_bash_operator to 2024-06-26 00:00:00+00:00, run_after=2024-06-27 00:00:00+00:00
[2024-06-27T21:25:29.388+0000] {processor.py:183} INFO - Processing /home/ubuntu/venv/lib/python3.12/site-packages/airflow/example_dags/example_bash_operator.py took 0.094 seconds
[2024-06-27T21:26:32.743+0000] {processor.py:161} INFO - Started process (PID=3677) to work on /home/ubuntu/venv/lib/python3.12/site-packages/airflow/example_dags/example_bash_operator.py
[2024-06-27T21:26:32.745+0000] {processor.py:830} INFO - Processing file /home/ubuntu/venv/lib/python3.12/site-packages/airflow/example_dags/example_bash_operator.py for tasks to queue
[2024-06-27T21:26:32.745+0000] {logging_mixin.py:188} INFO - [2024-06-27T21:26:32.745+0000] {dagbag.py:545} INFO - Filling up the DagBag from /home/ubuntu/venv/lib/python3.12/site-packages/airflow/example_dags/example_bash_operator.py
[2024-06-27T21:26:32.758+0000] {processor.py:840} INFO - DAG(s) 'example_bash_operator' retrieved from /home/ubuntu/venv/lib/python3.12/site-packages/airflow/example_dags/example_bash_operator.py
[2024-06-27T21:26:32.783+0000] {logging_mixin.py:188} INFO - [2024-06-27T21:26:32.783+0000] {dag.py:3096} INFO - Sync 1 DAGs
[2024-06-27T21:26:32.804+0000] {logging_mixin.py:188} INFO - [2024-06-27T21:26:32.804+0000] {dag.py:3954} INFO - Setting next_dagrun for example_bash_operator to 2024-06-26 00:00:00+00:00, run_after=2024-06-27 00:00:00+00:00
[2024-06-27T21:26:32.828+0000] {processor.py:183} INFO - Processing /home/ubuntu/venv/lib/python3.12/site-packages/airflow/example_dags/example_bash_operator.py took 0.090 seconds
[2024-06-27T21:27:36.645+0000] {processor.py:161} INFO - Started process (PID=3744) to work on /home/ubuntu/venv/lib/python3.12/site-packages/airflow/example_dags/example_bash_operator.py
[2024-06-27T21:27:36.646+0000] {processor.py:830} INFO - Processing file /home/ubuntu/venv/lib/python3.12/site-packages/airflow/example_dags/example_bash_operator.py for tasks to queue
[2024-06-27T21:27:36.647+0000] {logging_mixin.py:188} INFO - [2024-06-27T21:27:36.647+0000] {dagbag.py:545} INFO - Filling up the DagBag from /home/ubuntu/venv/lib/python3.12/site-packages/airflow/example_dags/example_bash_operator.py
[2024-06-27T21:27:36.660+0000] {processor.py:840} INFO - DAG(s) 'example_bash_operator' retrieved from /home/ubuntu/venv/lib/python3.12/site-packages/airflow/example_dags/example_bash_operator.py
[2024-06-27T21:27:36.685+0000] {logging_mixin.py:188} INFO - [2024-06-27T21:27:36.685+0000] {dag.py:3096} INFO - Sync 1 DAGs
[2024-06-27T21:27:36.707+0000] {logging_mixin.py:188} INFO - [2024-06-27T21:27:36.706+0000] {dag.py:3954} INFO - Setting next_dagrun for example_bash_operator to 2024-06-26 00:00:00+00:00, run_after=2024-06-27 00:00:00+00:00
[2024-06-27T21:27:36.732+0000] {processor.py:183} INFO - Processing /home/ubuntu/venv/lib/python3.12/site-packages/airflow/example_dags/example_bash_operator.py took 0.093 seconds
[2024-06-27T21:29:10.085+0000] {processor.py:161} INFO - Started process (PID=3861) to work on /home/ubuntu/venv/lib/python3.12/site-packages/airflow/example_dags/example_bash_operator.py
[2024-06-27T21:29:10.087+0000] {processor.py:830} INFO - Processing file /home/ubuntu/venv/lib/python3.12/site-packages/airflow/example_dags/example_bash_operator.py for tasks to queue
[2024-06-27T21:29:10.088+0000] {logging_mixin.py:188} INFO - [2024-06-27T21:29:10.087+0000] {dagbag.py:545} INFO - Filling up the DagBag from /home/ubuntu/venv/lib/python3.12/site-packages/airflow/example_dags/example_bash_operator.py
[2024-06-27T21:29:10.100+0000] {processor.py:840} INFO - DAG(s) 'example_bash_operator' retrieved from /home/ubuntu/venv/lib/python3.12/site-packages/airflow/example_dags/example_bash_operator.py
[2024-06-27T21:29:10.126+0000] {logging_mixin.py:188} INFO - [2024-06-27T21:29:10.126+0000] {dag.py:3096} INFO - Sync 1 DAGs
[2024-06-27T21:29:10.147+0000] {logging_mixin.py:188} INFO - [2024-06-27T21:29:10.147+0000] {dag.py:3954} INFO - Setting next_dagrun for example_bash_operator to 2024-06-26 00:00:00+00:00, run_after=2024-06-27 00:00:00+00:00
[2024-06-27T21:29:10.171+0000] {processor.py:183} INFO - Processing /home/ubuntu/venv/lib/python3.12/site-packages/airflow/example_dags/example_bash_operator.py took 0.092 seconds
[2024-06-27T21:30:16.997+0000] {processor.py:161} INFO - Started process (PID=3942) to work on /home/ubuntu/venv/lib/python3.12/site-packages/airflow/example_dags/example_bash_operator.py
[2024-06-27T21:30:16.999+0000] {processor.py:830} INFO - Processing file /home/ubuntu/venv/lib/python3.12/site-packages/airflow/example_dags/example_bash_operator.py for tasks to queue
[2024-06-27T21:30:17.000+0000] {logging_mixin.py:188} INFO - [2024-06-27T21:30:17.000+0000] {dagbag.py:545} INFO - Filling up the DagBag from /home/ubuntu/venv/lib/python3.12/site-packages/airflow/example_dags/example_bash_operator.py
[2024-06-27T21:30:17.013+0000] {processor.py:840} INFO - DAG(s) 'example_bash_operator' retrieved from /home/ubuntu/venv/lib/python3.12/site-packages/airflow/example_dags/example_bash_operator.py
[2024-06-27T21:30:17.038+0000] {logging_mixin.py:188} INFO - [2024-06-27T21:30:17.038+0000] {dag.py:3096} INFO - Sync 1 DAGs
[2024-06-27T21:30:17.060+0000] {logging_mixin.py:188} INFO - [2024-06-27T21:30:17.059+0000] {dag.py:3954} INFO - Setting next_dagrun for example_bash_operator to 2024-06-26 00:00:00+00:00, run_after=2024-06-27 00:00:00+00:00
[2024-06-27T21:30:17.084+0000] {processor.py:183} INFO - Processing /home/ubuntu/venv/lib/python3.12/site-packages/airflow/example_dags/example_bash_operator.py took 0.093 seconds
[2024-06-27T21:31:20.023+0000] {processor.py:161} INFO - Started process (PID=4006) to work on /home/ubuntu/venv/lib/python3.12/site-packages/airflow/example_dags/example_bash_operator.py
[2024-06-27T21:31:20.024+0000] {processor.py:830} INFO - Processing file /home/ubuntu/venv/lib/python3.12/site-packages/airflow/example_dags/example_bash_operator.py for tasks to queue
[2024-06-27T21:31:20.025+0000] {logging_mixin.py:188} INFO - [2024-06-27T21:31:20.025+0000] {dagbag.py:545} INFO - Filling up the DagBag from /home/ubuntu/venv/lib/python3.12/site-packages/airflow/example_dags/example_bash_operator.py
[2024-06-27T21:31:20.038+0000] {processor.py:840} INFO - DAG(s) 'example_bash_operator' retrieved from /home/ubuntu/venv/lib/python3.12/site-packages/airflow/example_dags/example_bash_operator.py
[2024-06-27T21:31:20.063+0000] {logging_mixin.py:188} INFO - [2024-06-27T21:31:20.063+0000] {dag.py:3096} INFO - Sync 1 DAGs
[2024-06-27T21:31:20.084+0000] {logging_mixin.py:188} INFO - [2024-06-27T21:31:20.083+0000] {dag.py:3954} INFO - Setting next_dagrun for example_bash_operator to 2024-06-26 00:00:00+00:00, run_after=2024-06-27 00:00:00+00:00
[2024-06-27T21:31:20.108+0000] {processor.py:183} INFO - Processing /home/ubuntu/venv/lib/python3.12/site-packages/airflow/example_dags/example_bash_operator.py took 0.091 seconds
[2024-06-27T21:32:32.238+0000] {processor.py:161} INFO - Started process (PID=4082) to work on /home/ubuntu/venv/lib/python3.12/site-packages/airflow/example_dags/example_bash_operator.py
[2024-06-27T21:32:32.239+0000] {processor.py:830} INFO - Processing file /home/ubuntu/venv/lib/python3.12/site-packages/airflow/example_dags/example_bash_operator.py for tasks to queue
[2024-06-27T21:32:32.240+0000] {logging_mixin.py:188} INFO - [2024-06-27T21:32:32.240+0000] {dagbag.py:545} INFO - Filling up the DagBag from /home/ubuntu/venv/lib/python3.12/site-packages/airflow/example_dags/example_bash_operator.py
[2024-06-27T21:32:32.253+0000] {processor.py:840} INFO - DAG(s) 'example_bash_operator' retrieved from /home/ubuntu/venv/lib/python3.12/site-packages/airflow/example_dags/example_bash_operator.py
[2024-06-27T21:32:32.278+0000] {logging_mixin.py:188} INFO - [2024-06-27T21:32:32.278+0000] {dag.py:3096} INFO - Sync 1 DAGs
[2024-06-27T21:32:32.299+0000] {logging_mixin.py:188} INFO - [2024-06-27T21:32:32.299+0000] {dag.py:3954} INFO - Setting next_dagrun for example_bash_operator to 2024-06-26 00:00:00+00:00, run_after=2024-06-27 00:00:00+00:00
[2024-06-27T21:32:32.327+0000] {processor.py:183} INFO - Processing /home/ubuntu/venv/lib/python3.12/site-packages/airflow/example_dags/example_bash_operator.py took 0.095 seconds
[2024-06-27T21:33:27.850+0000] {processor.py:161} INFO - Started process (PID=4151) to work on /home/ubuntu/venv/lib/python3.12/site-packages/airflow/example_dags/example_bash_operator.py
[2024-06-27T21:33:27.852+0000] {processor.py:830} INFO - Processing file /home/ubuntu/venv/lib/python3.12/site-packages/airflow/example_dags/example_bash_operator.py for tasks to queue
[2024-06-27T21:33:27.852+0000] {logging_mixin.py:188} INFO - [2024-06-27T21:33:27.852+0000] {dagbag.py:545} INFO - Filling up the DagBag from /home/ubuntu/venv/lib/python3.12/site-packages/airflow/example_dags/example_bash_operator.py
[2024-06-27T21:33:27.865+0000] {processor.py:840} INFO - DAG(s) 'example_bash_operator' retrieved from /home/ubuntu/venv/lib/python3.12/site-packages/airflow/example_dags/example_bash_operator.py
[2024-06-27T21:33:27.890+0000] {logging_mixin.py:188} INFO - [2024-06-27T21:33:27.890+0000] {dag.py:3096} INFO - Sync 1 DAGs
[2024-06-27T21:33:27.912+0000] {logging_mixin.py:188} INFO - [2024-06-27T21:33:27.911+0000] {dag.py:3954} INFO - Setting next_dagrun for example_bash_operator to 2024-06-26 00:00:00+00:00, run_after=2024-06-27 00:00:00+00:00
[2024-06-27T21:33:27.935+0000] {processor.py:183} INFO - Processing /home/ubuntu/venv/lib/python3.12/site-packages/airflow/example_dags/example_bash_operator.py took 0.091 seconds
[2024-06-27T21:34:33.373+0000] {processor.py:161} INFO - Started process (PID=4219) to work on /home/ubuntu/venv/lib/python3.12/site-packages/airflow/example_dags/example_bash_operator.py
[2024-06-27T21:34:33.374+0000] {processor.py:830} INFO - Processing file /home/ubuntu/venv/lib/python3.12/site-packages/airflow/example_dags/example_bash_operator.py for tasks to queue
[2024-06-27T21:34:33.375+0000] {logging_mixin.py:188} INFO - [2024-06-27T21:34:33.375+0000] {dagbag.py:545} INFO - Filling up the DagBag from /home/ubuntu/venv/lib/python3.12/site-packages/airflow/example_dags/example_bash_operator.py
[2024-06-27T21:34:33.387+0000] {processor.py:840} INFO - DAG(s) 'example_bash_operator' retrieved from /home/ubuntu/venv/lib/python3.12/site-packages/airflow/example_dags/example_bash_operator.py
[2024-06-27T21:34:33.413+0000] {logging_mixin.py:188} INFO - [2024-06-27T21:34:33.412+0000] {dag.py:3096} INFO - Sync 1 DAGs
[2024-06-27T21:34:33.434+0000] {logging_mixin.py:188} INFO - [2024-06-27T21:34:33.434+0000] {dag.py:3954} INFO - Setting next_dagrun for example_bash_operator to 2024-06-26 00:00:00+00:00, run_after=2024-06-27 00:00:00+00:00
[2024-06-27T21:34:33.457+0000] {processor.py:183} INFO - Processing /home/ubuntu/venv/lib/python3.12/site-packages/airflow/example_dags/example_bash_operator.py took 0.090 seconds
[2024-06-27T21:35:36.653+0000] {processor.py:161} INFO - Started process (PID=4289) to work on /home/ubuntu/venv/lib/python3.12/site-packages/airflow/example_dags/example_bash_operator.py
[2024-06-27T21:35:36.655+0000] {processor.py:830} INFO - Processing file /home/ubuntu/venv/lib/python3.12/site-packages/airflow/example_dags/example_bash_operator.py for tasks to queue
[2024-06-27T21:35:36.656+0000] {logging_mixin.py:188} INFO - [2024-06-27T21:35:36.656+0000] {dagbag.py:545} INFO - Filling up the DagBag from /home/ubuntu/venv/lib/python3.12/site-packages/airflow/example_dags/example_bash_operator.py
[2024-06-27T21:35:36.669+0000] {processor.py:840} INFO - DAG(s) 'example_bash_operator' retrieved from /home/ubuntu/venv/lib/python3.12/site-packages/airflow/example_dags/example_bash_operator.py
[2024-06-27T21:35:36.693+0000] {logging_mixin.py:188} INFO - [2024-06-27T21:35:36.693+0000] {dag.py:3096} INFO - Sync 1 DAGs
[2024-06-27T21:35:36.714+0000] {logging_mixin.py:188} INFO - [2024-06-27T21:35:36.714+0000] {dag.py:3954} INFO - Setting next_dagrun for example_bash_operator to 2024-06-26 00:00:00+00:00, run_after=2024-06-27 00:00:00+00:00
[2024-06-27T21:35:36.736+0000] {processor.py:183} INFO - Processing /home/ubuntu/venv/lib/python3.12/site-packages/airflow/example_dags/example_bash_operator.py took 0.089 seconds
[2024-06-27T21:36:40.784+0000] {processor.py:161} INFO - Started process (PID=4354) to work on /home/ubuntu/venv/lib/python3.12/site-packages/airflow/example_dags/example_bash_operator.py
[2024-06-27T21:36:40.788+0000] {processor.py:830} INFO - Processing file /home/ubuntu/venv/lib/python3.12/site-packages/airflow/example_dags/example_bash_operator.py for tasks to queue
[2024-06-27T21:36:40.789+0000] {logging_mixin.py:188} INFO - [2024-06-27T21:36:40.788+0000] {dagbag.py:545} INFO - Filling up the DagBag from /home/ubuntu/venv/lib/python3.12/site-packages/airflow/example_dags/example_bash_operator.py
[2024-06-27T21:36:40.802+0000] {processor.py:840} INFO - DAG(s) 'example_bash_operator' retrieved from /home/ubuntu/venv/lib/python3.12/site-packages/airflow/example_dags/example_bash_operator.py
[2024-06-27T21:36:40.827+0000] {logging_mixin.py:188} INFO - [2024-06-27T21:36:40.827+0000] {dag.py:3096} INFO - Sync 1 DAGs
[2024-06-27T21:36:40.848+0000] {logging_mixin.py:188} INFO - [2024-06-27T21:36:40.848+0000] {dag.py:3954} INFO - Setting next_dagrun for example_bash_operator to 2024-06-26 00:00:00+00:00, run_after=2024-06-27 00:00:00+00:00
[2024-06-27T21:36:40.870+0000] {processor.py:183} INFO - Processing /home/ubuntu/venv/lib/python3.12/site-packages/airflow/example_dags/example_bash_operator.py took 0.092 seconds
[2024-06-27T21:37:50.171+0000] {processor.py:161} INFO - Started process (PID=4429) to work on /home/ubuntu/venv/lib/python3.12/site-packages/airflow/example_dags/example_bash_operator.py
[2024-06-27T21:37:50.172+0000] {processor.py:830} INFO - Processing file /home/ubuntu/venv/lib/python3.12/site-packages/airflow/example_dags/example_bash_operator.py for tasks to queue
[2024-06-27T21:37:50.173+0000] {logging_mixin.py:188} INFO - [2024-06-27T21:37:50.173+0000] {dagbag.py:545} INFO - Filling up the DagBag from /home/ubuntu/venv/lib/python3.12/site-packages/airflow/example_dags/example_bash_operator.py
[2024-06-27T21:37:50.186+0000] {processor.py:840} INFO - DAG(s) 'example_bash_operator' retrieved from /home/ubuntu/venv/lib/python3.12/site-packages/airflow/example_dags/example_bash_operator.py
[2024-06-27T21:37:50.212+0000] {logging_mixin.py:188} INFO - [2024-06-27T21:37:50.212+0000] {dag.py:3096} INFO - Sync 1 DAGs
[2024-06-27T21:37:50.235+0000] {logging_mixin.py:188} INFO - [2024-06-27T21:37:50.234+0000] {dag.py:3954} INFO - Setting next_dagrun for example_bash_operator to 2024-06-26 00:00:00+00:00, run_after=2024-06-27 00:00:00+00:00
[2024-06-27T21:37:50.259+0000] {processor.py:183} INFO - Processing /home/ubuntu/venv/lib/python3.12/site-packages/airflow/example_dags/example_bash_operator.py took 0.095 seconds
[2024-06-27T21:39:02.237+0000] {processor.py:161} INFO - Started process (PID=4502) to work on /home/ubuntu/venv/lib/python3.12/site-packages/airflow/example_dags/example_bash_operator.py
[2024-06-27T21:39:02.238+0000] {processor.py:830} INFO - Processing file /home/ubuntu/venv/lib/python3.12/site-packages/airflow/example_dags/example_bash_operator.py for tasks to queue
[2024-06-27T21:39:02.239+0000] {logging_mixin.py:188} INFO - [2024-06-27T21:39:02.239+0000] {dagbag.py:545} INFO - Filling up the DagBag from /home/ubuntu/venv/lib/python3.12/site-packages/airflow/example_dags/example_bash_operator.py
[2024-06-27T21:39:02.252+0000] {processor.py:840} INFO - DAG(s) 'example_bash_operator' retrieved from /home/ubuntu/venv/lib/python3.12/site-packages/airflow/example_dags/example_bash_operator.py
[2024-06-27T21:39:02.277+0000] {logging_mixin.py:188} INFO - [2024-06-27T21:39:02.276+0000] {dag.py:3096} INFO - Sync 1 DAGs
[2024-06-27T21:39:02.299+0000] {logging_mixin.py:188} INFO - [2024-06-27T21:39:02.298+0000] {dag.py:3954} INFO - Setting next_dagrun for example_bash_operator to 2024-06-26 00:00:00+00:00, run_after=2024-06-27 00:00:00+00:00
[2024-06-27T21:39:02.323+0000] {processor.py:183} INFO - Processing /home/ubuntu/venv/lib/python3.12/site-packages/airflow/example_dags/example_bash_operator.py took 0.092 seconds
[2024-06-27T21:40:03.171+0000] {processor.py:161} INFO - Started process (PID=4565) to work on /home/ubuntu/venv/lib/python3.12/site-packages/airflow/example_dags/example_bash_operator.py
[2024-06-27T21:40:03.172+0000] {processor.py:830} INFO - Processing file /home/ubuntu/venv/lib/python3.12/site-packages/airflow/example_dags/example_bash_operator.py for tasks to queue
[2024-06-27T21:40:03.173+0000] {logging_mixin.py:188} INFO - [2024-06-27T21:40:03.173+0000] {dagbag.py:545} INFO - Filling up the DagBag from /home/ubuntu/venv/lib/python3.12/site-packages/airflow/example_dags/example_bash_operator.py
[2024-06-27T21:40:03.186+0000] {processor.py:840} INFO - DAG(s) 'example_bash_operator' retrieved from /home/ubuntu/venv/lib/python3.12/site-packages/airflow/example_dags/example_bash_operator.py
[2024-06-27T21:40:03.211+0000] {logging_mixin.py:188} INFO - [2024-06-27T21:40:03.211+0000] {dag.py:3096} INFO - Sync 1 DAGs
[2024-06-27T21:40:03.232+0000] {logging_mixin.py:188} INFO - [2024-06-27T21:40:03.232+0000] {dag.py:3954} INFO - Setting next_dagrun for example_bash_operator to 2024-06-26 00:00:00+00:00, run_after=2024-06-27 00:00:00+00:00
[2024-06-27T21:40:03.256+0000] {processor.py:183} INFO - Processing /home/ubuntu/venv/lib/python3.12/site-packages/airflow/example_dags/example_bash_operator.py took 0.092 seconds
[2024-06-27T21:41:09.754+0000] {processor.py:161} INFO - Started process (PID=4636) to work on /home/ubuntu/venv/lib/python3.12/site-packages/airflow/example_dags/example_bash_operator.py
[2024-06-27T21:41:09.756+0000] {processor.py:830} INFO - Processing file /home/ubuntu/venv/lib/python3.12/site-packages/airflow/example_dags/example_bash_operator.py for tasks to queue
[2024-06-27T21:41:09.757+0000] {logging_mixin.py:188} INFO - [2024-06-27T21:41:09.756+0000] {dagbag.py:545} INFO - Filling up the DagBag from /home/ubuntu/venv/lib/python3.12/site-packages/airflow/example_dags/example_bash_operator.py
[2024-06-27T21:41:09.769+0000] {processor.py:840} INFO - DAG(s) 'example_bash_operator' retrieved from /home/ubuntu/venv/lib/python3.12/site-packages/airflow/example_dags/example_bash_operator.py
[2024-06-27T21:41:09.798+0000] {logging_mixin.py:188} INFO - [2024-06-27T21:41:09.797+0000] {dag.py:3096} INFO - Sync 1 DAGs
[2024-06-27T21:41:09.819+0000] {logging_mixin.py:188} INFO - [2024-06-27T21:41:09.819+0000] {dag.py:3954} INFO - Setting next_dagrun for example_bash_operator to 2024-06-26 00:00:00+00:00, run_after=2024-06-27 00:00:00+00:00
[2024-06-27T21:41:09.842+0000] {processor.py:183} INFO - Processing /home/ubuntu/venv/lib/python3.12/site-packages/airflow/example_dags/example_bash_operator.py took 0.094 seconds
[2024-06-27T21:42:17.014+0000] {processor.py:161} INFO - Started process (PID=4705) to work on /home/ubuntu/venv/lib/python3.12/site-packages/airflow/example_dags/example_bash_operator.py
[2024-06-27T21:42:17.016+0000] {processor.py:830} INFO - Processing file /home/ubuntu/venv/lib/python3.12/site-packages/airflow/example_dags/example_bash_operator.py for tasks to queue
[2024-06-27T21:42:17.016+0000] {logging_mixin.py:188} INFO - [2024-06-27T21:42:17.016+0000] {dagbag.py:545} INFO - Filling up the DagBag from /home/ubuntu/venv/lib/python3.12/site-packages/airflow/example_dags/example_bash_operator.py
[2024-06-27T21:42:17.029+0000] {processor.py:840} INFO - DAG(s) 'example_bash_operator' retrieved from /home/ubuntu/venv/lib/python3.12/site-packages/airflow/example_dags/example_bash_operator.py
[2024-06-27T21:42:17.054+0000] {logging_mixin.py:188} INFO - [2024-06-27T21:42:17.053+0000] {dag.py:3096} INFO - Sync 1 DAGs
[2024-06-27T21:42:17.074+0000] {logging_mixin.py:188} INFO - [2024-06-27T21:42:17.074+0000] {dag.py:3954} INFO - Setting next_dagrun for example_bash_operator to 2024-06-26 00:00:00+00:00, run_after=2024-06-27 00:00:00+00:00
[2024-06-27T21:42:17.096+0000] {processor.py:183} INFO - Processing /home/ubuntu/venv/lib/python3.12/site-packages/airflow/example_dags/example_bash_operator.py took 0.088 seconds
[2024-06-27T21:43:22.181+0000] {processor.py:161} INFO - Started process (PID=4771) to work on /home/ubuntu/venv/lib/python3.12/site-packages/airflow/example_dags/example_bash_operator.py
[2024-06-27T21:43:22.182+0000] {processor.py:830} INFO - Processing file /home/ubuntu/venv/lib/python3.12/site-packages/airflow/example_dags/example_bash_operator.py for tasks to queue
[2024-06-27T21:43:22.183+0000] {logging_mixin.py:188} INFO - [2024-06-27T21:43:22.183+0000] {dagbag.py:545} INFO - Filling up the DagBag from /home/ubuntu/venv/lib/python3.12/site-packages/airflow/example_dags/example_bash_operator.py
[2024-06-27T21:43:22.196+0000] {processor.py:840} INFO - DAG(s) 'example_bash_operator' retrieved from /home/ubuntu/venv/lib/python3.12/site-packages/airflow/example_dags/example_bash_operator.py
[2024-06-27T21:43:22.222+0000] {logging_mixin.py:188} INFO - [2024-06-27T21:43:22.221+0000] {dag.py:3096} INFO - Sync 1 DAGs
[2024-06-27T21:43:22.243+0000] {logging_mixin.py:188} INFO - [2024-06-27T21:43:22.242+0000] {dag.py:3954} INFO - Setting next_dagrun for example_bash_operator to 2024-06-26 00:00:00+00:00, run_after=2024-06-27 00:00:00+00:00
[2024-06-27T21:43:22.265+0000] {processor.py:183} INFO - Processing /home/ubuntu/venv/lib/python3.12/site-packages/airflow/example_dags/example_bash_operator.py took 0.090 seconds
[2024-06-27T21:44:28.225+0000] {processor.py:161} INFO - Started process (PID=4839) to work on /home/ubuntu/venv/lib/python3.12/site-packages/airflow/example_dags/example_bash_operator.py
[2024-06-27T21:44:28.227+0000] {processor.py:830} INFO - Processing file /home/ubuntu/venv/lib/python3.12/site-packages/airflow/example_dags/example_bash_operator.py for tasks to queue
[2024-06-27T21:44:28.228+0000] {logging_mixin.py:188} INFO - [2024-06-27T21:44:28.227+0000] {dagbag.py:545} INFO - Filling up the DagBag from /home/ubuntu/venv/lib/python3.12/site-packages/airflow/example_dags/example_bash_operator.py
[2024-06-27T21:44:28.241+0000] {processor.py:840} INFO - DAG(s) 'example_bash_operator' retrieved from /home/ubuntu/venv/lib/python3.12/site-packages/airflow/example_dags/example_bash_operator.py
[2024-06-27T21:44:28.266+0000] {logging_mixin.py:188} INFO - [2024-06-27T21:44:28.266+0000] {dag.py:3096} INFO - Sync 1 DAGs
[2024-06-27T21:44:28.406+0000] {logging_mixin.py:188} INFO - [2024-06-27T21:44:28.406+0000] {dag.py:3954} INFO - Setting next_dagrun for example_bash_operator to 2024-06-26 00:00:00+00:00, run_after=2024-06-27 00:00:00+00:00
[2024-06-27T21:44:28.428+0000] {processor.py:183} INFO - Processing /home/ubuntu/venv/lib/python3.12/site-packages/airflow/example_dags/example_bash_operator.py took 0.209 seconds
[2024-06-27T21:45:36.604+0000] {processor.py:161} INFO - Started process (PID=4956) to work on /home/ubuntu/venv/lib/python3.12/site-packages/airflow/example_dags/example_bash_operator.py
[2024-06-27T21:45:36.606+0000] {processor.py:830} INFO - Processing file /home/ubuntu/venv/lib/python3.12/site-packages/airflow/example_dags/example_bash_operator.py for tasks to queue
[2024-06-27T21:45:36.607+0000] {logging_mixin.py:188} INFO - [2024-06-27T21:45:36.606+0000] {dagbag.py:545} INFO - Filling up the DagBag from /home/ubuntu/venv/lib/python3.12/site-packages/airflow/example_dags/example_bash_operator.py
[2024-06-27T21:45:36.619+0000] {processor.py:840} INFO - DAG(s) 'example_bash_operator' retrieved from /home/ubuntu/venv/lib/python3.12/site-packages/airflow/example_dags/example_bash_operator.py
[2024-06-27T21:45:36.644+0000] {logging_mixin.py:188} INFO - [2024-06-27T21:45:36.644+0000] {dag.py:3096} INFO - Sync 1 DAGs
[2024-06-27T21:45:36.772+0000] {logging_mixin.py:188} INFO - [2024-06-27T21:45:36.771+0000] {dag.py:3954} INFO - Setting next_dagrun for example_bash_operator to 2024-06-26 00:00:00+00:00, run_after=2024-06-27 00:00:00+00:00
[2024-06-27T21:45:36.793+0000] {processor.py:183} INFO - Processing /home/ubuntu/venv/lib/python3.12/site-packages/airflow/example_dags/example_bash_operator.py took 0.194 seconds
[2024-06-27T21:46:53.420+0000] {processor.py:161} INFO - Started process (PID=5028) to work on /home/ubuntu/venv/lib/python3.12/site-packages/airflow/example_dags/example_bash_operator.py
[2024-06-27T21:46:53.421+0000] {processor.py:830} INFO - Processing file /home/ubuntu/venv/lib/python3.12/site-packages/airflow/example_dags/example_bash_operator.py for tasks to queue
[2024-06-27T21:46:53.422+0000] {logging_mixin.py:188} INFO - [2024-06-27T21:46:53.422+0000] {dagbag.py:545} INFO - Filling up the DagBag from /home/ubuntu/venv/lib/python3.12/site-packages/airflow/example_dags/example_bash_operator.py
[2024-06-27T21:46:53.435+0000] {processor.py:840} INFO - DAG(s) 'example_bash_operator' retrieved from /home/ubuntu/venv/lib/python3.12/site-packages/airflow/example_dags/example_bash_operator.py
[2024-06-27T21:46:53.461+0000] {logging_mixin.py:188} INFO - [2024-06-27T21:46:53.461+0000] {dag.py:3096} INFO - Sync 1 DAGs
[2024-06-27T21:46:53.483+0000] {logging_mixin.py:188} INFO - [2024-06-27T21:46:53.482+0000] {dag.py:3954} INFO - Setting next_dagrun for example_bash_operator to 2024-06-26 00:00:00+00:00, run_after=2024-06-27 00:00:00+00:00
[2024-06-27T21:46:53.506+0000] {processor.py:183} INFO - Processing /home/ubuntu/venv/lib/python3.12/site-packages/airflow/example_dags/example_bash_operator.py took 0.092 seconds
[2024-06-27T21:48:02.005+0000] {processor.py:161} INFO - Started process (PID=5197) to work on /home/ubuntu/venv/lib/python3.12/site-packages/airflow/example_dags/example_bash_operator.py
[2024-06-27T21:48:02.006+0000] {processor.py:830} INFO - Processing file /home/ubuntu/venv/lib/python3.12/site-packages/airflow/example_dags/example_bash_operator.py for tasks to queue
[2024-06-27T21:48:02.007+0000] {logging_mixin.py:188} INFO - [2024-06-27T21:48:02.007+0000] {dagbag.py:545} INFO - Filling up the DagBag from /home/ubuntu/venv/lib/python3.12/site-packages/airflow/example_dags/example_bash_operator.py
[2024-06-27T21:48:02.021+0000] {processor.py:840} INFO - DAG(s) 'example_bash_operator' retrieved from /home/ubuntu/venv/lib/python3.12/site-packages/airflow/example_dags/example_bash_operator.py
[2024-06-27T21:48:02.049+0000] {logging_mixin.py:188} INFO - [2024-06-27T21:48:02.049+0000] {dag.py:3096} INFO - Sync 1 DAGs
[2024-06-27T21:48:02.073+0000] {logging_mixin.py:188} INFO - [2024-06-27T21:48:02.072+0000] {dag.py:3954} INFO - Setting next_dagrun for example_bash_operator to 2024-06-26 00:00:00+00:00, run_after=2024-06-27 00:00:00+00:00
[2024-06-27T21:48:02.100+0000] {processor.py:183} INFO - Processing /home/ubuntu/venv/lib/python3.12/site-packages/airflow/example_dags/example_bash_operator.py took 0.107 seconds
[2024-06-27T21:49:07.752+0000] {processor.py:161} INFO - Started process (PID=5292) to work on /home/ubuntu/venv/lib/python3.12/site-packages/airflow/example_dags/example_bash_operator.py
[2024-06-27T21:49:07.753+0000] {processor.py:830} INFO - Processing file /home/ubuntu/venv/lib/python3.12/site-packages/airflow/example_dags/example_bash_operator.py for tasks to queue
[2024-06-27T21:49:07.755+0000] {logging_mixin.py:188} INFO - [2024-06-27T21:49:07.754+0000] {dagbag.py:545} INFO - Filling up the DagBag from /home/ubuntu/venv/lib/python3.12/site-packages/airflow/example_dags/example_bash_operator.py
[2024-06-27T21:49:07.767+0000] {processor.py:840} INFO - DAG(s) 'example_bash_operator' retrieved from /home/ubuntu/venv/lib/python3.12/site-packages/airflow/example_dags/example_bash_operator.py
[2024-06-27T21:49:07.792+0000] {logging_mixin.py:188} INFO - [2024-06-27T21:49:07.792+0000] {dag.py:3096} INFO - Sync 1 DAGs
[2024-06-27T21:49:07.813+0000] {logging_mixin.py:188} INFO - [2024-06-27T21:49:07.813+0000] {dag.py:3954} INFO - Setting next_dagrun for example_bash_operator to 2024-06-26 00:00:00+00:00, run_after=2024-06-27 00:00:00+00:00
[2024-06-27T21:49:07.837+0000] {processor.py:183} INFO - Processing /home/ubuntu/venv/lib/python3.12/site-packages/airflow/example_dags/example_bash_operator.py took 0.092 seconds
[2024-06-27T21:50:07.084+0000] {processor.py:161} INFO - Started process (PID=5354) to work on /home/ubuntu/venv/lib/python3.12/site-packages/airflow/example_dags/example_bash_operator.py
[2024-06-27T21:50:07.087+0000] {processor.py:830} INFO - Processing file /home/ubuntu/venv/lib/python3.12/site-packages/airflow/example_dags/example_bash_operator.py for tasks to queue
[2024-06-27T21:50:07.088+0000] {logging_mixin.py:188} INFO - [2024-06-27T21:50:07.087+0000] {dagbag.py:545} INFO - Filling up the DagBag from /home/ubuntu/venv/lib/python3.12/site-packages/airflow/example_dags/example_bash_operator.py
[2024-06-27T21:50:07.101+0000] {processor.py:840} INFO - DAG(s) 'example_bash_operator' retrieved from /home/ubuntu/venv/lib/python3.12/site-packages/airflow/example_dags/example_bash_operator.py
[2024-06-27T21:50:07.126+0000] {logging_mixin.py:188} INFO - [2024-06-27T21:50:07.126+0000] {dag.py:3096} INFO - Sync 1 DAGs
[2024-06-27T21:50:07.148+0000] {logging_mixin.py:188} INFO - [2024-06-27T21:50:07.148+0000] {dag.py:3954} INFO - Setting next_dagrun for example_bash_operator to 2024-06-26 00:00:00+00:00, run_after=2024-06-27 00:00:00+00:00
[2024-06-27T21:50:07.171+0000] {processor.py:183} INFO - Processing /home/ubuntu/venv/lib/python3.12/site-packages/airflow/example_dags/example_bash_operator.py took 0.094 seconds
