[2024-06-27T21:19:49.918+0000] {processor.py:161} INFO - Started process (PID=2948) to work on /home/ubuntu/venv/lib/python3.12/site-packages/airflow/example_dags/example_setup_teardown_taskflow.py
[2024-06-27T21:19:49.919+0000] {processor.py:830} INFO - Processing file /home/ubuntu/venv/lib/python3.12/site-packages/airflow/example_dags/example_setup_teardown_taskflow.py for tasks to queue
[2024-06-27T21:19:49.921+0000] {logging_mixin.py:188} INFO - [2024-06-27T21:19:49.920+0000] {dagbag.py:545} INFO - Filling up the DagBag from /home/ubuntu/venv/lib/python3.12/site-packages/airflow/example_dags/example_setup_teardown_taskflow.py
[2024-06-27T21:19:49.931+0000] {processor.py:840} INFO - DAG(s) 'example_setup_teardown_taskflow' retrieved from /home/ubuntu/venv/lib/python3.12/site-packages/airflow/example_dags/example_setup_teardown_taskflow.py
[2024-06-27T21:19:50.049+0000] {logging_mixin.py:188} INFO - [2024-06-27T21:19:50.049+0000] {override.py:1847} INFO - Created Permission View: can read on DAG:example_setup_teardown_taskflow
[2024-06-27T21:19:50.064+0000] {logging_mixin.py:188} INFO - [2024-06-27T21:19:50.063+0000] {override.py:1847} INFO - Created Permission View: can delete on DAG:example_setup_teardown_taskflow
[2024-06-27T21:19:50.076+0000] {logging_mixin.py:188} INFO - [2024-06-27T21:19:50.076+0000] {override.py:1847} INFO - Created Permission View: can edit on DAG:example_setup_teardown_taskflow
[2024-06-27T21:19:50.076+0000] {logging_mixin.py:188} INFO - [2024-06-27T21:19:50.076+0000] {dag.py:3096} INFO - Sync 1 DAGs
[2024-06-27T21:19:50.088+0000] {logging_mixin.py:188} INFO - [2024-06-27T21:19:50.087+0000] {dag.py:3118} INFO - Creating ORM DAG for example_setup_teardown_taskflow
[2024-06-27T21:19:50.097+0000] {logging_mixin.py:188} INFO - [2024-06-27T21:19:50.097+0000] {dag.py:3954} INFO - Setting next_dagrun for example_setup_teardown_taskflow to 2024-06-26 00:00:00+00:00, run_after=2024-06-27 00:00:00+00:00
[2024-06-27T21:19:50.123+0000] {processor.py:183} INFO - Processing /home/ubuntu/venv/lib/python3.12/site-packages/airflow/example_dags/example_setup_teardown_taskflow.py took 0.210 seconds
[2024-06-27T21:20:44.430+0000] {processor.py:161} INFO - Started process (PID=3207) to work on /home/ubuntu/venv/lib/python3.12/site-packages/airflow/example_dags/example_setup_teardown_taskflow.py
[2024-06-27T21:20:44.432+0000] {processor.py:830} INFO - Processing file /home/ubuntu/venv/lib/python3.12/site-packages/airflow/example_dags/example_setup_teardown_taskflow.py for tasks to queue
[2024-06-27T21:20:44.434+0000] {logging_mixin.py:188} INFO - [2024-06-27T21:20:44.433+0000] {dagbag.py:545} INFO - Filling up the DagBag from /home/ubuntu/venv/lib/python3.12/site-packages/airflow/example_dags/example_setup_teardown_taskflow.py
[2024-06-27T21:20:44.444+0000] {processor.py:840} INFO - DAG(s) 'example_setup_teardown_taskflow' retrieved from /home/ubuntu/venv/lib/python3.12/site-packages/airflow/example_dags/example_setup_teardown_taskflow.py
[2024-06-27T21:20:44.463+0000] {logging_mixin.py:188} INFO - [2024-06-27T21:20:44.463+0000] {dag.py:3096} INFO - Sync 1 DAGs
[2024-06-27T21:20:44.486+0000] {logging_mixin.py:188} INFO - [2024-06-27T21:20:44.486+0000] {dag.py:3954} INFO - Setting next_dagrun for example_setup_teardown_taskflow to 2024-06-26 00:00:00+00:00, run_after=2024-06-27 00:00:00+00:00
[2024-06-27T21:20:44.509+0000] {processor.py:183} INFO - Processing /home/ubuntu/venv/lib/python3.12/site-packages/airflow/example_dags/example_setup_teardown_taskflow.py took 0.086 seconds
[2024-06-27T21:21:35.044+0000] {processor.py:161} INFO - Started process (PID=3343) to work on /home/ubuntu/venv/lib/python3.12/site-packages/airflow/example_dags/example_setup_teardown_taskflow.py
[2024-06-27T21:21:35.046+0000] {processor.py:830} INFO - Processing file /home/ubuntu/venv/lib/python3.12/site-packages/airflow/example_dags/example_setup_teardown_taskflow.py for tasks to queue
[2024-06-27T21:21:35.048+0000] {logging_mixin.py:188} INFO - [2024-06-27T21:21:35.047+0000] {dagbag.py:545} INFO - Filling up the DagBag from /home/ubuntu/venv/lib/python3.12/site-packages/airflow/example_dags/example_setup_teardown_taskflow.py
[2024-06-27T21:21:35.058+0000] {processor.py:840} INFO - DAG(s) 'example_setup_teardown_taskflow' retrieved from /home/ubuntu/venv/lib/python3.12/site-packages/airflow/example_dags/example_setup_teardown_taskflow.py
[2024-06-27T21:21:35.078+0000] {logging_mixin.py:188} INFO - [2024-06-27T21:21:35.077+0000] {dag.py:3096} INFO - Sync 1 DAGs
[2024-06-27T21:21:35.098+0000] {logging_mixin.py:188} INFO - [2024-06-27T21:21:35.098+0000] {dag.py:3954} INFO - Setting next_dagrun for example_setup_teardown_taskflow to 2024-06-26 00:00:00+00:00, run_after=2024-06-27 00:00:00+00:00
[2024-06-27T21:21:35.121+0000] {processor.py:183} INFO - Processing /home/ubuntu/venv/lib/python3.12/site-packages/airflow/example_dags/example_setup_teardown_taskflow.py took 0.083 seconds
[2024-06-27T21:22:19.265+0000] {processor.py:161} INFO - Started process (PID=3401) to work on /home/ubuntu/venv/lib/python3.12/site-packages/airflow/example_dags/example_setup_teardown_taskflow.py
[2024-06-27T21:22:19.266+0000] {processor.py:830} INFO - Processing file /home/ubuntu/venv/lib/python3.12/site-packages/airflow/example_dags/example_setup_teardown_taskflow.py for tasks to queue
[2024-06-27T21:22:19.268+0000] {logging_mixin.py:188} INFO - [2024-06-27T21:22:19.267+0000] {dagbag.py:545} INFO - Filling up the DagBag from /home/ubuntu/venv/lib/python3.12/site-packages/airflow/example_dags/example_setup_teardown_taskflow.py
[2024-06-27T21:22:19.278+0000] {processor.py:840} INFO - DAG(s) 'example_setup_teardown_taskflow' retrieved from /home/ubuntu/venv/lib/python3.12/site-packages/airflow/example_dags/example_setup_teardown_taskflow.py
[2024-06-27T21:22:19.297+0000] {logging_mixin.py:188} INFO - [2024-06-27T21:22:19.296+0000] {dag.py:3096} INFO - Sync 1 DAGs
[2024-06-27T21:22:19.317+0000] {logging_mixin.py:188} INFO - [2024-06-27T21:22:19.316+0000] {dag.py:3954} INFO - Setting next_dagrun for example_setup_teardown_taskflow to 2024-06-26 00:00:00+00:00, run_after=2024-06-27 00:00:00+00:00
[2024-06-27T21:22:19.339+0000] {processor.py:183} INFO - Processing /home/ubuntu/venv/lib/python3.12/site-packages/airflow/example_dags/example_setup_teardown_taskflow.py took 0.080 seconds
[2024-06-27T21:23:00.370+0000] {processor.py:161} INFO - Started process (PID=3446) to work on /home/ubuntu/venv/lib/python3.12/site-packages/airflow/example_dags/example_setup_teardown_taskflow.py
[2024-06-27T21:23:00.372+0000] {processor.py:830} INFO - Processing file /home/ubuntu/venv/lib/python3.12/site-packages/airflow/example_dags/example_setup_teardown_taskflow.py for tasks to queue
[2024-06-27T21:23:00.374+0000] {logging_mixin.py:188} INFO - [2024-06-27T21:23:00.373+0000] {dagbag.py:545} INFO - Filling up the DagBag from /home/ubuntu/venv/lib/python3.12/site-packages/airflow/example_dags/example_setup_teardown_taskflow.py
[2024-06-27T21:23:00.383+0000] {processor.py:840} INFO - DAG(s) 'example_setup_teardown_taskflow' retrieved from /home/ubuntu/venv/lib/python3.12/site-packages/airflow/example_dags/example_setup_teardown_taskflow.py
[2024-06-27T21:23:00.402+0000] {logging_mixin.py:188} INFO - [2024-06-27T21:23:00.401+0000] {dag.py:3096} INFO - Sync 1 DAGs
[2024-06-27T21:23:00.421+0000] {logging_mixin.py:188} INFO - [2024-06-27T21:23:00.421+0000] {dag.py:3954} INFO - Setting next_dagrun for example_setup_teardown_taskflow to 2024-06-26 00:00:00+00:00, run_after=2024-06-27 00:00:00+00:00
[2024-06-27T21:23:00.460+0000] {processor.py:183} INFO - Processing /home/ubuntu/venv/lib/python3.12/site-packages/airflow/example_dags/example_setup_teardown_taskflow.py took 0.096 seconds
[2024-06-27T21:23:59.325+0000] {processor.py:161} INFO - Started process (PID=3510) to work on /home/ubuntu/venv/lib/python3.12/site-packages/airflow/example_dags/example_setup_teardown_taskflow.py
[2024-06-27T21:23:59.327+0000] {processor.py:830} INFO - Processing file /home/ubuntu/venv/lib/python3.12/site-packages/airflow/example_dags/example_setup_teardown_taskflow.py for tasks to queue
[2024-06-27T21:23:59.329+0000] {logging_mixin.py:188} INFO - [2024-06-27T21:23:59.328+0000] {dagbag.py:545} INFO - Filling up the DagBag from /home/ubuntu/venv/lib/python3.12/site-packages/airflow/example_dags/example_setup_teardown_taskflow.py
[2024-06-27T21:23:59.339+0000] {processor.py:840} INFO - DAG(s) 'example_setup_teardown_taskflow' retrieved from /home/ubuntu/venv/lib/python3.12/site-packages/airflow/example_dags/example_setup_teardown_taskflow.py
[2024-06-27T21:23:59.357+0000] {logging_mixin.py:188} INFO - [2024-06-27T21:23:59.357+0000] {dag.py:3096} INFO - Sync 1 DAGs
[2024-06-27T21:23:59.377+0000] {logging_mixin.py:188} INFO - [2024-06-27T21:23:59.377+0000] {dag.py:3954} INFO - Setting next_dagrun for example_setup_teardown_taskflow to 2024-06-26 00:00:00+00:00, run_after=2024-06-27 00:00:00+00:00
[2024-06-27T21:23:59.399+0000] {processor.py:183} INFO - Processing /home/ubuntu/venv/lib/python3.12/site-packages/airflow/example_dags/example_setup_teardown_taskflow.py took 0.080 seconds
[2024-06-27T21:24:58.989+0000] {processor.py:161} INFO - Started process (PID=3573) to work on /home/ubuntu/venv/lib/python3.12/site-packages/airflow/example_dags/example_setup_teardown_taskflow.py
[2024-06-27T21:24:58.990+0000] {processor.py:830} INFO - Processing file /home/ubuntu/venv/lib/python3.12/site-packages/airflow/example_dags/example_setup_teardown_taskflow.py for tasks to queue
[2024-06-27T21:24:58.991+0000] {logging_mixin.py:188} INFO - [2024-06-27T21:24:58.991+0000] {dagbag.py:545} INFO - Filling up the DagBag from /home/ubuntu/venv/lib/python3.12/site-packages/airflow/example_dags/example_setup_teardown_taskflow.py
[2024-06-27T21:24:59.002+0000] {processor.py:840} INFO - DAG(s) 'example_setup_teardown_taskflow' retrieved from /home/ubuntu/venv/lib/python3.12/site-packages/airflow/example_dags/example_setup_teardown_taskflow.py
[2024-06-27T21:24:59.020+0000] {logging_mixin.py:188} INFO - [2024-06-27T21:24:59.020+0000] {dag.py:3096} INFO - Sync 1 DAGs
[2024-06-27T21:24:59.040+0000] {logging_mixin.py:188} INFO - [2024-06-27T21:24:59.040+0000] {dag.py:3954} INFO - Setting next_dagrun for example_setup_teardown_taskflow to 2024-06-26 00:00:00+00:00, run_after=2024-06-27 00:00:00+00:00
[2024-06-27T21:24:59.064+0000] {processor.py:183} INFO - Processing /home/ubuntu/venv/lib/python3.12/site-packages/airflow/example_dags/example_setup_teardown_taskflow.py took 0.081 seconds
[2024-06-27T21:25:42.160+0000] {processor.py:161} INFO - Started process (PID=3626) to work on /home/ubuntu/venv/lib/python3.12/site-packages/airflow/example_dags/example_setup_teardown_taskflow.py
[2024-06-27T21:25:42.161+0000] {processor.py:830} INFO - Processing file /home/ubuntu/venv/lib/python3.12/site-packages/airflow/example_dags/example_setup_teardown_taskflow.py for tasks to queue
[2024-06-27T21:25:42.162+0000] {logging_mixin.py:188} INFO - [2024-06-27T21:25:42.162+0000] {dagbag.py:545} INFO - Filling up the DagBag from /home/ubuntu/venv/lib/python3.12/site-packages/airflow/example_dags/example_setup_teardown_taskflow.py
[2024-06-27T21:25:42.174+0000] {processor.py:840} INFO - DAG(s) 'example_setup_teardown_taskflow' retrieved from /home/ubuntu/venv/lib/python3.12/site-packages/airflow/example_dags/example_setup_teardown_taskflow.py
[2024-06-27T21:25:42.192+0000] {logging_mixin.py:188} INFO - [2024-06-27T21:25:42.192+0000] {dag.py:3096} INFO - Sync 1 DAGs
[2024-06-27T21:25:42.213+0000] {logging_mixin.py:188} INFO - [2024-06-27T21:25:42.213+0000] {dag.py:3954} INFO - Setting next_dagrun for example_setup_teardown_taskflow to 2024-06-26 00:00:00+00:00, run_after=2024-06-27 00:00:00+00:00
[2024-06-27T21:25:42.235+0000] {processor.py:183} INFO - Processing /home/ubuntu/venv/lib/python3.12/site-packages/airflow/example_dags/example_setup_teardown_taskflow.py took 0.081 seconds
[2024-06-27T21:26:23.631+0000] {processor.py:161} INFO - Started process (PID=3668) to work on /home/ubuntu/venv/lib/python3.12/site-packages/airflow/example_dags/example_setup_teardown_taskflow.py
[2024-06-27T21:26:23.633+0000] {processor.py:830} INFO - Processing file /home/ubuntu/venv/lib/python3.12/site-packages/airflow/example_dags/example_setup_teardown_taskflow.py for tasks to queue
[2024-06-27T21:26:23.634+0000] {logging_mixin.py:188} INFO - [2024-06-27T21:26:23.633+0000] {dagbag.py:545} INFO - Filling up the DagBag from /home/ubuntu/venv/lib/python3.12/site-packages/airflow/example_dags/example_setup_teardown_taskflow.py
[2024-06-27T21:26:23.645+0000] {processor.py:840} INFO - DAG(s) 'example_setup_teardown_taskflow' retrieved from /home/ubuntu/venv/lib/python3.12/site-packages/airflow/example_dags/example_setup_teardown_taskflow.py
[2024-06-27T21:26:23.664+0000] {logging_mixin.py:188} INFO - [2024-06-27T21:26:23.664+0000] {dag.py:3096} INFO - Sync 1 DAGs
[2024-06-27T21:26:23.685+0000] {logging_mixin.py:188} INFO - [2024-06-27T21:26:23.685+0000] {dag.py:3954} INFO - Setting next_dagrun for example_setup_teardown_taskflow to 2024-06-26 00:00:00+00:00, run_after=2024-06-27 00:00:00+00:00
[2024-06-27T21:26:23.708+0000] {processor.py:183} INFO - Processing /home/ubuntu/venv/lib/python3.12/site-packages/airflow/example_dags/example_setup_teardown_taskflow.py took 0.082 seconds
[2024-06-27T21:27:07.496+0000] {processor.py:161} INFO - Started process (PID=3713) to work on /home/ubuntu/venv/lib/python3.12/site-packages/airflow/example_dags/example_setup_teardown_taskflow.py
[2024-06-27T21:27:07.498+0000] {processor.py:830} INFO - Processing file /home/ubuntu/venv/lib/python3.12/site-packages/airflow/example_dags/example_setup_teardown_taskflow.py for tasks to queue
[2024-06-27T21:27:07.499+0000] {logging_mixin.py:188} INFO - [2024-06-27T21:27:07.498+0000] {dagbag.py:545} INFO - Filling up the DagBag from /home/ubuntu/venv/lib/python3.12/site-packages/airflow/example_dags/example_setup_teardown_taskflow.py
[2024-06-27T21:27:07.510+0000] {processor.py:840} INFO - DAG(s) 'example_setup_teardown_taskflow' retrieved from /home/ubuntu/venv/lib/python3.12/site-packages/airflow/example_dags/example_setup_teardown_taskflow.py
[2024-06-27T21:27:07.529+0000] {logging_mixin.py:188} INFO - [2024-06-27T21:27:07.529+0000] {dag.py:3096} INFO - Sync 1 DAGs
[2024-06-27T21:27:07.550+0000] {logging_mixin.py:188} INFO - [2024-06-27T21:27:07.549+0000] {dag.py:3954} INFO - Setting next_dagrun for example_setup_teardown_taskflow to 2024-06-26 00:00:00+00:00, run_after=2024-06-27 00:00:00+00:00
[2024-06-27T21:27:07.572+0000] {processor.py:183} INFO - Processing /home/ubuntu/venv/lib/python3.12/site-packages/airflow/example_dags/example_setup_teardown_taskflow.py took 0.082 seconds
[2024-06-27T21:27:49.686+0000] {processor.py:161} INFO - Started process (PID=3757) to work on /home/ubuntu/venv/lib/python3.12/site-packages/airflow/example_dags/example_setup_teardown_taskflow.py
[2024-06-27T21:27:49.688+0000] {processor.py:830} INFO - Processing file /home/ubuntu/venv/lib/python3.12/site-packages/airflow/example_dags/example_setup_teardown_taskflow.py for tasks to queue
[2024-06-27T21:27:49.689+0000] {logging_mixin.py:188} INFO - [2024-06-27T21:27:49.688+0000] {dagbag.py:545} INFO - Filling up the DagBag from /home/ubuntu/venv/lib/python3.12/site-packages/airflow/example_dags/example_setup_teardown_taskflow.py
[2024-06-27T21:27:49.699+0000] {processor.py:840} INFO - DAG(s) 'example_setup_teardown_taskflow' retrieved from /home/ubuntu/venv/lib/python3.12/site-packages/airflow/example_dags/example_setup_teardown_taskflow.py
[2024-06-27T21:27:49.718+0000] {logging_mixin.py:188} INFO - [2024-06-27T21:27:49.717+0000] {dag.py:3096} INFO - Sync 1 DAGs
[2024-06-27T21:27:49.738+0000] {logging_mixin.py:188} INFO - [2024-06-27T21:27:49.737+0000] {dag.py:3954} INFO - Setting next_dagrun for example_setup_teardown_taskflow to 2024-06-26 00:00:00+00:00, run_after=2024-06-27 00:00:00+00:00
[2024-06-27T21:27:49.761+0000] {processor.py:183} INFO - Processing /home/ubuntu/venv/lib/python3.12/site-packages/airflow/example_dags/example_setup_teardown_taskflow.py took 0.081 seconds
[2024-06-27T21:28:54.642+0000] {processor.py:161} INFO - Started process (PID=3845) to work on /home/ubuntu/venv/lib/python3.12/site-packages/airflow/example_dags/example_setup_teardown_taskflow.py
[2024-06-27T21:28:54.644+0000] {processor.py:830} INFO - Processing file /home/ubuntu/venv/lib/python3.12/site-packages/airflow/example_dags/example_setup_teardown_taskflow.py for tasks to queue
[2024-06-27T21:28:54.645+0000] {logging_mixin.py:188} INFO - [2024-06-27T21:28:54.644+0000] {dagbag.py:545} INFO - Filling up the DagBag from /home/ubuntu/venv/lib/python3.12/site-packages/airflow/example_dags/example_setup_teardown_taskflow.py
[2024-06-27T21:28:54.656+0000] {processor.py:840} INFO - DAG(s) 'example_setup_teardown_taskflow' retrieved from /home/ubuntu/venv/lib/python3.12/site-packages/airflow/example_dags/example_setup_teardown_taskflow.py
[2024-06-27T21:28:54.674+0000] {logging_mixin.py:188} INFO - [2024-06-27T21:28:54.673+0000] {dag.py:3096} INFO - Sync 1 DAGs
[2024-06-27T21:28:54.694+0000] {logging_mixin.py:188} INFO - [2024-06-27T21:28:54.693+0000] {dag.py:3954} INFO - Setting next_dagrun for example_setup_teardown_taskflow to 2024-06-26 00:00:00+00:00, run_after=2024-06-27 00:00:00+00:00
[2024-06-27T21:28:54.716+0000] {processor.py:183} INFO - Processing /home/ubuntu/venv/lib/python3.12/site-packages/airflow/example_dags/example_setup_teardown_taskflow.py took 0.080 seconds
[2024-06-27T21:29:45.662+0000] {processor.py:161} INFO - Started process (PID=3898) to work on /home/ubuntu/venv/lib/python3.12/site-packages/airflow/example_dags/example_setup_teardown_taskflow.py
[2024-06-27T21:29:45.664+0000] {processor.py:830} INFO - Processing file /home/ubuntu/venv/lib/python3.12/site-packages/airflow/example_dags/example_setup_teardown_taskflow.py for tasks to queue
[2024-06-27T21:29:45.664+0000] {logging_mixin.py:188} INFO - [2024-06-27T21:29:45.664+0000] {dagbag.py:545} INFO - Filling up the DagBag from /home/ubuntu/venv/lib/python3.12/site-packages/airflow/example_dags/example_setup_teardown_taskflow.py
[2024-06-27T21:29:45.675+0000] {processor.py:840} INFO - DAG(s) 'example_setup_teardown_taskflow' retrieved from /home/ubuntu/venv/lib/python3.12/site-packages/airflow/example_dags/example_setup_teardown_taskflow.py
[2024-06-27T21:29:45.694+0000] {logging_mixin.py:188} INFO - [2024-06-27T21:29:45.694+0000] {dag.py:3096} INFO - Sync 1 DAGs
[2024-06-27T21:29:45.714+0000] {logging_mixin.py:188} INFO - [2024-06-27T21:29:45.713+0000] {dag.py:3954} INFO - Setting next_dagrun for example_setup_teardown_taskflow to 2024-06-26 00:00:00+00:00, run_after=2024-06-27 00:00:00+00:00
[2024-06-27T21:29:45.736+0000] {processor.py:183} INFO - Processing /home/ubuntu/venv/lib/python3.12/site-packages/airflow/example_dags/example_setup_teardown_taskflow.py took 0.080 seconds
[2024-06-27T21:30:27.146+0000] {processor.py:161} INFO - Started process (PID=3952) to work on /home/ubuntu/venv/lib/python3.12/site-packages/airflow/example_dags/example_setup_teardown_taskflow.py
[2024-06-27T21:30:27.147+0000] {processor.py:830} INFO - Processing file /home/ubuntu/venv/lib/python3.12/site-packages/airflow/example_dags/example_setup_teardown_taskflow.py for tasks to queue
[2024-06-27T21:30:27.148+0000] {logging_mixin.py:188} INFO - [2024-06-27T21:30:27.148+0000] {dagbag.py:545} INFO - Filling up the DagBag from /home/ubuntu/venv/lib/python3.12/site-packages/airflow/example_dags/example_setup_teardown_taskflow.py
[2024-06-27T21:30:27.160+0000] {processor.py:840} INFO - DAG(s) 'example_setup_teardown_taskflow' retrieved from /home/ubuntu/venv/lib/python3.12/site-packages/airflow/example_dags/example_setup_teardown_taskflow.py
[2024-06-27T21:30:27.180+0000] {logging_mixin.py:188} INFO - [2024-06-27T21:30:27.179+0000] {dag.py:3096} INFO - Sync 1 DAGs
[2024-06-27T21:30:27.201+0000] {logging_mixin.py:188} INFO - [2024-06-27T21:30:27.200+0000] {dag.py:3954} INFO - Setting next_dagrun for example_setup_teardown_taskflow to 2024-06-26 00:00:00+00:00, run_after=2024-06-27 00:00:00+00:00
[2024-06-27T21:30:27.225+0000] {processor.py:183} INFO - Processing /home/ubuntu/venv/lib/python3.12/site-packages/airflow/example_dags/example_setup_teardown_taskflow.py took 0.086 seconds
[2024-06-27T21:31:09.728+0000] {processor.py:161} INFO - Started process (PID=3996) to work on /home/ubuntu/venv/lib/python3.12/site-packages/airflow/example_dags/example_setup_teardown_taskflow.py
[2024-06-27T21:31:09.729+0000] {processor.py:830} INFO - Processing file /home/ubuntu/venv/lib/python3.12/site-packages/airflow/example_dags/example_setup_teardown_taskflow.py for tasks to queue
[2024-06-27T21:31:09.730+0000] {logging_mixin.py:188} INFO - [2024-06-27T21:31:09.730+0000] {dagbag.py:545} INFO - Filling up the DagBag from /home/ubuntu/venv/lib/python3.12/site-packages/airflow/example_dags/example_setup_teardown_taskflow.py
[2024-06-27T21:31:09.741+0000] {processor.py:840} INFO - DAG(s) 'example_setup_teardown_taskflow' retrieved from /home/ubuntu/venv/lib/python3.12/site-packages/airflow/example_dags/example_setup_teardown_taskflow.py
[2024-06-27T21:31:09.760+0000] {logging_mixin.py:188} INFO - [2024-06-27T21:31:09.759+0000] {dag.py:3096} INFO - Sync 1 DAGs
[2024-06-27T21:31:09.779+0000] {logging_mixin.py:188} INFO - [2024-06-27T21:31:09.779+0000] {dag.py:3954} INFO - Setting next_dagrun for example_setup_teardown_taskflow to 2024-06-26 00:00:00+00:00, run_after=2024-06-27 00:00:00+00:00
[2024-06-27T21:31:09.802+0000] {processor.py:183} INFO - Processing /home/ubuntu/venv/lib/python3.12/site-packages/airflow/example_dags/example_setup_teardown_taskflow.py took 0.080 seconds
[2024-06-27T21:31:53.504+0000] {processor.py:161} INFO - Started process (PID=4040) to work on /home/ubuntu/venv/lib/python3.12/site-packages/airflow/example_dags/example_setup_teardown_taskflow.py
[2024-06-27T21:31:53.506+0000] {processor.py:830} INFO - Processing file /home/ubuntu/venv/lib/python3.12/site-packages/airflow/example_dags/example_setup_teardown_taskflow.py for tasks to queue
[2024-06-27T21:31:53.507+0000] {logging_mixin.py:188} INFO - [2024-06-27T21:31:53.506+0000] {dagbag.py:545} INFO - Filling up the DagBag from /home/ubuntu/venv/lib/python3.12/site-packages/airflow/example_dags/example_setup_teardown_taskflow.py
[2024-06-27T21:31:53.518+0000] {processor.py:840} INFO - DAG(s) 'example_setup_teardown_taskflow' retrieved from /home/ubuntu/venv/lib/python3.12/site-packages/airflow/example_dags/example_setup_teardown_taskflow.py
[2024-06-27T21:31:53.537+0000] {logging_mixin.py:188} INFO - [2024-06-27T21:31:53.536+0000] {dag.py:3096} INFO - Sync 1 DAGs
[2024-06-27T21:31:53.557+0000] {logging_mixin.py:188} INFO - [2024-06-27T21:31:53.557+0000] {dag.py:3954} INFO - Setting next_dagrun for example_setup_teardown_taskflow to 2024-06-26 00:00:00+00:00, run_after=2024-06-27 00:00:00+00:00
[2024-06-27T21:31:53.581+0000] {processor.py:183} INFO - Processing /home/ubuntu/venv/lib/python3.12/site-packages/airflow/example_dags/example_setup_teardown_taskflow.py took 0.083 seconds
[2024-06-27T21:32:45.512+0000] {processor.py:161} INFO - Started process (PID=4101) to work on /home/ubuntu/venv/lib/python3.12/site-packages/airflow/example_dags/example_setup_teardown_taskflow.py
[2024-06-27T21:32:45.515+0000] {processor.py:830} INFO - Processing file /home/ubuntu/venv/lib/python3.12/site-packages/airflow/example_dags/example_setup_teardown_taskflow.py for tasks to queue
[2024-06-27T21:32:45.516+0000] {logging_mixin.py:188} INFO - [2024-06-27T21:32:45.516+0000] {dagbag.py:545} INFO - Filling up the DagBag from /home/ubuntu/venv/lib/python3.12/site-packages/airflow/example_dags/example_setup_teardown_taskflow.py
[2024-06-27T21:32:45.535+0000] {processor.py:840} INFO - DAG(s) 'example_setup_teardown_taskflow' retrieved from /home/ubuntu/venv/lib/python3.12/site-packages/airflow/example_dags/example_setup_teardown_taskflow.py
[2024-06-27T21:32:45.565+0000] {logging_mixin.py:188} INFO - [2024-06-27T21:32:45.564+0000] {dag.py:3096} INFO - Sync 1 DAGs
[2024-06-27T21:32:45.597+0000] {logging_mixin.py:188} INFO - [2024-06-27T21:32:45.596+0000] {dag.py:3954} INFO - Setting next_dagrun for example_setup_teardown_taskflow to 2024-06-26 00:00:00+00:00, run_after=2024-06-27 00:00:00+00:00
[2024-06-27T21:32:45.629+0000] {processor.py:183} INFO - Processing /home/ubuntu/venv/lib/python3.12/site-packages/airflow/example_dags/example_setup_teardown_taskflow.py took 0.127 seconds
[2024-06-27T21:33:37.661+0000] {processor.py:161} INFO - Started process (PID=4161) to work on /home/ubuntu/venv/lib/python3.12/site-packages/airflow/example_dags/example_setup_teardown_taskflow.py
[2024-06-27T21:33:37.662+0000] {processor.py:830} INFO - Processing file /home/ubuntu/venv/lib/python3.12/site-packages/airflow/example_dags/example_setup_teardown_taskflow.py for tasks to queue
[2024-06-27T21:33:37.663+0000] {logging_mixin.py:188} INFO - [2024-06-27T21:33:37.663+0000] {dagbag.py:545} INFO - Filling up the DagBag from /home/ubuntu/venv/lib/python3.12/site-packages/airflow/example_dags/example_setup_teardown_taskflow.py
[2024-06-27T21:33:37.675+0000] {processor.py:840} INFO - DAG(s) 'example_setup_teardown_taskflow' retrieved from /home/ubuntu/venv/lib/python3.12/site-packages/airflow/example_dags/example_setup_teardown_taskflow.py
[2024-06-27T21:33:37.693+0000] {logging_mixin.py:188} INFO - [2024-06-27T21:33:37.693+0000] {dag.py:3096} INFO - Sync 1 DAGs
[2024-06-27T21:33:37.714+0000] {logging_mixin.py:188} INFO - [2024-06-27T21:33:37.714+0000] {dag.py:3954} INFO - Setting next_dagrun for example_setup_teardown_taskflow to 2024-06-26 00:00:00+00:00, run_after=2024-06-27 00:00:00+00:00
[2024-06-27T21:33:37.736+0000] {processor.py:183} INFO - Processing /home/ubuntu/venv/lib/python3.12/site-packages/airflow/example_dags/example_setup_teardown_taskflow.py took 0.082 seconds
[2024-06-27T21:34:21.636+0000] {processor.py:161} INFO - Started process (PID=4206) to work on /home/ubuntu/venv/lib/python3.12/site-packages/airflow/example_dags/example_setup_teardown_taskflow.py
[2024-06-27T21:34:21.637+0000] {processor.py:830} INFO - Processing file /home/ubuntu/venv/lib/python3.12/site-packages/airflow/example_dags/example_setup_teardown_taskflow.py for tasks to queue
[2024-06-27T21:34:21.638+0000] {logging_mixin.py:188} INFO - [2024-06-27T21:34:21.638+0000] {dagbag.py:545} INFO - Filling up the DagBag from /home/ubuntu/venv/lib/python3.12/site-packages/airflow/example_dags/example_setup_teardown_taskflow.py
[2024-06-27T21:34:21.650+0000] {processor.py:840} INFO - DAG(s) 'example_setup_teardown_taskflow' retrieved from /home/ubuntu/venv/lib/python3.12/site-packages/airflow/example_dags/example_setup_teardown_taskflow.py
[2024-06-27T21:34:21.668+0000] {logging_mixin.py:188} INFO - [2024-06-27T21:34:21.668+0000] {dag.py:3096} INFO - Sync 1 DAGs
[2024-06-27T21:34:21.689+0000] {logging_mixin.py:188} INFO - [2024-06-27T21:34:21.688+0000] {dag.py:3954} INFO - Setting next_dagrun for example_setup_teardown_taskflow to 2024-06-26 00:00:00+00:00, run_after=2024-06-27 00:00:00+00:00
[2024-06-27T21:34:21.712+0000] {processor.py:183} INFO - Processing /home/ubuntu/venv/lib/python3.12/site-packages/airflow/example_dags/example_setup_teardown_taskflow.py took 0.082 seconds
[2024-06-27T21:35:05.028+0000] {processor.py:161} INFO - Started process (PID=4254) to work on /home/ubuntu/venv/lib/python3.12/site-packages/airflow/example_dags/example_setup_teardown_taskflow.py
[2024-06-27T21:35:05.030+0000] {processor.py:830} INFO - Processing file /home/ubuntu/venv/lib/python3.12/site-packages/airflow/example_dags/example_setup_teardown_taskflow.py for tasks to queue
[2024-06-27T21:35:05.031+0000] {logging_mixin.py:188} INFO - [2024-06-27T21:35:05.030+0000] {dagbag.py:545} INFO - Filling up the DagBag from /home/ubuntu/venv/lib/python3.12/site-packages/airflow/example_dags/example_setup_teardown_taskflow.py
[2024-06-27T21:35:05.042+0000] {processor.py:840} INFO - DAG(s) 'example_setup_teardown_taskflow' retrieved from /home/ubuntu/venv/lib/python3.12/site-packages/airflow/example_dags/example_setup_teardown_taskflow.py
[2024-06-27T21:35:05.061+0000] {logging_mixin.py:188} INFO - [2024-06-27T21:35:05.061+0000] {dag.py:3096} INFO - Sync 1 DAGs
[2024-06-27T21:35:05.081+0000] {logging_mixin.py:188} INFO - [2024-06-27T21:35:05.081+0000] {dag.py:3954} INFO - Setting next_dagrun for example_setup_teardown_taskflow to 2024-06-26 00:00:00+00:00, run_after=2024-06-27 00:00:00+00:00
[2024-06-27T21:35:05.105+0000] {processor.py:183} INFO - Processing /home/ubuntu/venv/lib/python3.12/site-packages/airflow/example_dags/example_setup_teardown_taskflow.py took 0.082 seconds
[2024-06-27T21:35:46.897+0000] {processor.py:161} INFO - Started process (PID=4301) to work on /home/ubuntu/venv/lib/python3.12/site-packages/airflow/example_dags/example_setup_teardown_taskflow.py
[2024-06-27T21:35:46.898+0000] {processor.py:830} INFO - Processing file /home/ubuntu/venv/lib/python3.12/site-packages/airflow/example_dags/example_setup_teardown_taskflow.py for tasks to queue
[2024-06-27T21:35:46.899+0000] {logging_mixin.py:188} INFO - [2024-06-27T21:35:46.899+0000] {dagbag.py:545} INFO - Filling up the DagBag from /home/ubuntu/venv/lib/python3.12/site-packages/airflow/example_dags/example_setup_teardown_taskflow.py
[2024-06-27T21:35:46.911+0000] {processor.py:840} INFO - DAG(s) 'example_setup_teardown_taskflow' retrieved from /home/ubuntu/venv/lib/python3.12/site-packages/airflow/example_dags/example_setup_teardown_taskflow.py
[2024-06-27T21:35:46.929+0000] {logging_mixin.py:188} INFO - [2024-06-27T21:35:46.929+0000] {dag.py:3096} INFO - Sync 1 DAGs
[2024-06-27T21:35:46.949+0000] {logging_mixin.py:188} INFO - [2024-06-27T21:35:46.949+0000] {dag.py:3954} INFO - Setting next_dagrun for example_setup_teardown_taskflow to 2024-06-26 00:00:00+00:00, run_after=2024-06-27 00:00:00+00:00
[2024-06-27T21:35:46.972+0000] {processor.py:183} INFO - Processing /home/ubuntu/venv/lib/python3.12/site-packages/airflow/example_dags/example_setup_teardown_taskflow.py took 0.081 seconds
[2024-06-27T21:36:29.415+0000] {processor.py:161} INFO - Started process (PID=4343) to work on /home/ubuntu/venv/lib/python3.12/site-packages/airflow/example_dags/example_setup_teardown_taskflow.py
[2024-06-27T21:36:29.417+0000] {processor.py:830} INFO - Processing file /home/ubuntu/venv/lib/python3.12/site-packages/airflow/example_dags/example_setup_teardown_taskflow.py for tasks to queue
[2024-06-27T21:36:29.418+0000] {logging_mixin.py:188} INFO - [2024-06-27T21:36:29.417+0000] {dagbag.py:545} INFO - Filling up the DagBag from /home/ubuntu/venv/lib/python3.12/site-packages/airflow/example_dags/example_setup_teardown_taskflow.py
[2024-06-27T21:36:29.429+0000] {processor.py:840} INFO - DAG(s) 'example_setup_teardown_taskflow' retrieved from /home/ubuntu/venv/lib/python3.12/site-packages/airflow/example_dags/example_setup_teardown_taskflow.py
[2024-06-27T21:36:29.447+0000] {logging_mixin.py:188} INFO - [2024-06-27T21:36:29.447+0000] {dag.py:3096} INFO - Sync 1 DAGs
[2024-06-27T21:36:29.467+0000] {logging_mixin.py:188} INFO - [2024-06-27T21:36:29.467+0000] {dag.py:3954} INFO - Setting next_dagrun for example_setup_teardown_taskflow to 2024-06-26 00:00:00+00:00, run_after=2024-06-27 00:00:00+00:00
[2024-06-27T21:36:29.490+0000] {processor.py:183} INFO - Processing /home/ubuntu/venv/lib/python3.12/site-packages/airflow/example_dags/example_setup_teardown_taskflow.py took 0.081 seconds
[2024-06-27T21:37:13.833+0000] {processor.py:161} INFO - Started process (PID=4388) to work on /home/ubuntu/venv/lib/python3.12/site-packages/airflow/example_dags/example_setup_teardown_taskflow.py
[2024-06-27T21:37:13.835+0000] {processor.py:830} INFO - Processing file /home/ubuntu/venv/lib/python3.12/site-packages/airflow/example_dags/example_setup_teardown_taskflow.py for tasks to queue
[2024-06-27T21:37:13.835+0000] {logging_mixin.py:188} INFO - [2024-06-27T21:37:13.835+0000] {dagbag.py:545} INFO - Filling up the DagBag from /home/ubuntu/venv/lib/python3.12/site-packages/airflow/example_dags/example_setup_teardown_taskflow.py
[2024-06-27T21:37:13.847+0000] {processor.py:840} INFO - DAG(s) 'example_setup_teardown_taskflow' retrieved from /home/ubuntu/venv/lib/python3.12/site-packages/airflow/example_dags/example_setup_teardown_taskflow.py
[2024-06-27T21:37:13.866+0000] {logging_mixin.py:188} INFO - [2024-06-27T21:37:13.865+0000] {dag.py:3096} INFO - Sync 1 DAGs
[2024-06-27T21:37:13.885+0000] {logging_mixin.py:188} INFO - [2024-06-27T21:37:13.885+0000] {dag.py:3954} INFO - Setting next_dagrun for example_setup_teardown_taskflow to 2024-06-26 00:00:00+00:00, run_after=2024-06-27 00:00:00+00:00
[2024-06-27T21:37:13.909+0000] {processor.py:183} INFO - Processing /home/ubuntu/venv/lib/python3.12/site-packages/airflow/example_dags/example_setup_teardown_taskflow.py took 0.082 seconds
[2024-06-27T21:38:01.196+0000] {processor.py:161} INFO - Started process (PID=4440) to work on /home/ubuntu/venv/lib/python3.12/site-packages/airflow/example_dags/example_setup_teardown_taskflow.py
[2024-06-27T21:38:01.197+0000] {processor.py:830} INFO - Processing file /home/ubuntu/venv/lib/python3.12/site-packages/airflow/example_dags/example_setup_teardown_taskflow.py for tasks to queue
[2024-06-27T21:38:01.198+0000] {logging_mixin.py:188} INFO - [2024-06-27T21:38:01.198+0000] {dagbag.py:545} INFO - Filling up the DagBag from /home/ubuntu/venv/lib/python3.12/site-packages/airflow/example_dags/example_setup_teardown_taskflow.py
[2024-06-27T21:38:01.209+0000] {processor.py:840} INFO - DAG(s) 'example_setup_teardown_taskflow' retrieved from /home/ubuntu/venv/lib/python3.12/site-packages/airflow/example_dags/example_setup_teardown_taskflow.py
[2024-06-27T21:38:01.228+0000] {logging_mixin.py:188} INFO - [2024-06-27T21:38:01.228+0000] {dag.py:3096} INFO - Sync 1 DAGs
[2024-06-27T21:38:01.248+0000] {logging_mixin.py:188} INFO - [2024-06-27T21:38:01.248+0000] {dag.py:3954} INFO - Setting next_dagrun for example_setup_teardown_taskflow to 2024-06-26 00:00:00+00:00, run_after=2024-06-27 00:00:00+00:00
[2024-06-27T21:38:01.272+0000] {processor.py:183} INFO - Processing /home/ubuntu/venv/lib/python3.12/site-packages/airflow/example_dags/example_setup_teardown_taskflow.py took 0.082 seconds
[2024-06-27T21:38:49.720+0000] {processor.py:161} INFO - Started process (PID=4490) to work on /home/ubuntu/venv/lib/python3.12/site-packages/airflow/example_dags/example_setup_teardown_taskflow.py
[2024-06-27T21:38:49.722+0000] {processor.py:830} INFO - Processing file /home/ubuntu/venv/lib/python3.12/site-packages/airflow/example_dags/example_setup_teardown_taskflow.py for tasks to queue
[2024-06-27T21:38:49.722+0000] {logging_mixin.py:188} INFO - [2024-06-27T21:38:49.722+0000] {dagbag.py:545} INFO - Filling up the DagBag from /home/ubuntu/venv/lib/python3.12/site-packages/airflow/example_dags/example_setup_teardown_taskflow.py
[2024-06-27T21:38:49.733+0000] {processor.py:840} INFO - DAG(s) 'example_setup_teardown_taskflow' retrieved from /home/ubuntu/venv/lib/python3.12/site-packages/airflow/example_dags/example_setup_teardown_taskflow.py
[2024-06-27T21:38:49.751+0000] {logging_mixin.py:188} INFO - [2024-06-27T21:38:49.751+0000] {dag.py:3096} INFO - Sync 1 DAGs
[2024-06-27T21:38:49.771+0000] {logging_mixin.py:188} INFO - [2024-06-27T21:38:49.771+0000] {dag.py:3954} INFO - Setting next_dagrun for example_setup_teardown_taskflow to 2024-06-26 00:00:00+00:00, run_after=2024-06-27 00:00:00+00:00
[2024-06-27T21:38:49.794+0000] {processor.py:183} INFO - Processing /home/ubuntu/venv/lib/python3.12/site-packages/airflow/example_dags/example_setup_teardown_taskflow.py took 0.080 seconds
[2024-06-27T21:39:33.788+0000] {processor.py:161} INFO - Started process (PID=4535) to work on /home/ubuntu/venv/lib/python3.12/site-packages/airflow/example_dags/example_setup_teardown_taskflow.py
[2024-06-27T21:39:33.790+0000] {processor.py:830} INFO - Processing file /home/ubuntu/venv/lib/python3.12/site-packages/airflow/example_dags/example_setup_teardown_taskflow.py for tasks to queue
[2024-06-27T21:39:33.791+0000] {logging_mixin.py:188} INFO - [2024-06-27T21:39:33.790+0000] {dagbag.py:545} INFO - Filling up the DagBag from /home/ubuntu/venv/lib/python3.12/site-packages/airflow/example_dags/example_setup_teardown_taskflow.py
[2024-06-27T21:39:33.801+0000] {processor.py:840} INFO - DAG(s) 'example_setup_teardown_taskflow' retrieved from /home/ubuntu/venv/lib/python3.12/site-packages/airflow/example_dags/example_setup_teardown_taskflow.py
[2024-06-27T21:39:33.819+0000] {logging_mixin.py:188} INFO - [2024-06-27T21:39:33.819+0000] {dag.py:3096} INFO - Sync 1 DAGs
[2024-06-27T21:39:33.839+0000] {logging_mixin.py:188} INFO - [2024-06-27T21:39:33.839+0000] {dag.py:3954} INFO - Setting next_dagrun for example_setup_teardown_taskflow to 2024-06-26 00:00:00+00:00, run_after=2024-06-27 00:00:00+00:00
[2024-06-27T21:39:33.861+0000] {processor.py:183} INFO - Processing /home/ubuntu/venv/lib/python3.12/site-packages/airflow/example_dags/example_setup_teardown_taskflow.py took 0.079 seconds
[2024-06-27T21:40:15.741+0000] {processor.py:161} INFO - Started process (PID=4582) to work on /home/ubuntu/venv/lib/python3.12/site-packages/airflow/example_dags/example_setup_teardown_taskflow.py
[2024-06-27T21:40:15.743+0000] {processor.py:830} INFO - Processing file /home/ubuntu/venv/lib/python3.12/site-packages/airflow/example_dags/example_setup_teardown_taskflow.py for tasks to queue
[2024-06-27T21:40:15.744+0000] {logging_mixin.py:188} INFO - [2024-06-27T21:40:15.743+0000] {dagbag.py:545} INFO - Filling up the DagBag from /home/ubuntu/venv/lib/python3.12/site-packages/airflow/example_dags/example_setup_teardown_taskflow.py
[2024-06-27T21:40:15.754+0000] {processor.py:840} INFO - DAG(s) 'example_setup_teardown_taskflow' retrieved from /home/ubuntu/venv/lib/python3.12/site-packages/airflow/example_dags/example_setup_teardown_taskflow.py
[2024-06-27T21:40:15.773+0000] {logging_mixin.py:188} INFO - [2024-06-27T21:40:15.773+0000] {dag.py:3096} INFO - Sync 1 DAGs
[2024-06-27T21:40:15.793+0000] {logging_mixin.py:188} INFO - [2024-06-27T21:40:15.793+0000] {dag.py:3954} INFO - Setting next_dagrun for example_setup_teardown_taskflow to 2024-06-26 00:00:00+00:00, run_after=2024-06-27 00:00:00+00:00
[2024-06-27T21:40:15.817+0000] {processor.py:183} INFO - Processing /home/ubuntu/venv/lib/python3.12/site-packages/airflow/example_dags/example_setup_teardown_taskflow.py took 0.082 seconds
[2024-06-27T21:40:59.790+0000] {processor.py:161} INFO - Started process (PID=4626) to work on /home/ubuntu/venv/lib/python3.12/site-packages/airflow/example_dags/example_setup_teardown_taskflow.py
[2024-06-27T21:40:59.791+0000] {processor.py:830} INFO - Processing file /home/ubuntu/venv/lib/python3.12/site-packages/airflow/example_dags/example_setup_teardown_taskflow.py for tasks to queue
[2024-06-27T21:40:59.792+0000] {logging_mixin.py:188} INFO - [2024-06-27T21:40:59.792+0000] {dagbag.py:545} INFO - Filling up the DagBag from /home/ubuntu/venv/lib/python3.12/site-packages/airflow/example_dags/example_setup_teardown_taskflow.py
[2024-06-27T21:40:59.803+0000] {processor.py:840} INFO - DAG(s) 'example_setup_teardown_taskflow' retrieved from /home/ubuntu/venv/lib/python3.12/site-packages/airflow/example_dags/example_setup_teardown_taskflow.py
[2024-06-27T21:40:59.821+0000] {logging_mixin.py:188} INFO - [2024-06-27T21:40:59.821+0000] {dag.py:3096} INFO - Sync 1 DAGs
[2024-06-27T21:40:59.842+0000] {logging_mixin.py:188} INFO - [2024-06-27T21:40:59.841+0000] {dag.py:3954} INFO - Setting next_dagrun for example_setup_teardown_taskflow to 2024-06-26 00:00:00+00:00, run_after=2024-06-27 00:00:00+00:00
[2024-06-27T21:40:59.864+0000] {processor.py:183} INFO - Processing /home/ubuntu/venv/lib/python3.12/site-packages/airflow/example_dags/example_setup_teardown_taskflow.py took 0.081 seconds
[2024-06-27T21:41:44.046+0000] {processor.py:161} INFO - Started process (PID=4673) to work on /home/ubuntu/venv/lib/python3.12/site-packages/airflow/example_dags/example_setup_teardown_taskflow.py
[2024-06-27T21:41:44.048+0000] {processor.py:830} INFO - Processing file /home/ubuntu/venv/lib/python3.12/site-packages/airflow/example_dags/example_setup_teardown_taskflow.py for tasks to queue
[2024-06-27T21:41:44.048+0000] {logging_mixin.py:188} INFO - [2024-06-27T21:41:44.048+0000] {dagbag.py:545} INFO - Filling up the DagBag from /home/ubuntu/venv/lib/python3.12/site-packages/airflow/example_dags/example_setup_teardown_taskflow.py
[2024-06-27T21:41:44.059+0000] {processor.py:840} INFO - DAG(s) 'example_setup_teardown_taskflow' retrieved from /home/ubuntu/venv/lib/python3.12/site-packages/airflow/example_dags/example_setup_teardown_taskflow.py
[2024-06-27T21:41:44.078+0000] {logging_mixin.py:188} INFO - [2024-06-27T21:41:44.077+0000] {dag.py:3096} INFO - Sync 1 DAGs
[2024-06-27T21:41:44.098+0000] {logging_mixin.py:188} INFO - [2024-06-27T21:41:44.098+0000] {dag.py:3954} INFO - Setting next_dagrun for example_setup_teardown_taskflow to 2024-06-26 00:00:00+00:00, run_after=2024-06-27 00:00:00+00:00
[2024-06-27T21:41:44.225+0000] {processor.py:183} INFO - Processing /home/ubuntu/venv/lib/python3.12/site-packages/airflow/example_dags/example_setup_teardown_taskflow.py took 0.185 seconds
[2024-06-27T21:42:29.090+0000] {processor.py:161} INFO - Started process (PID=4718) to work on /home/ubuntu/venv/lib/python3.12/site-packages/airflow/example_dags/example_setup_teardown_taskflow.py
[2024-06-27T21:42:29.091+0000] {processor.py:830} INFO - Processing file /home/ubuntu/venv/lib/python3.12/site-packages/airflow/example_dags/example_setup_teardown_taskflow.py for tasks to queue
[2024-06-27T21:42:29.092+0000] {logging_mixin.py:188} INFO - [2024-06-27T21:42:29.092+0000] {dagbag.py:545} INFO - Filling up the DagBag from /home/ubuntu/venv/lib/python3.12/site-packages/airflow/example_dags/example_setup_teardown_taskflow.py
[2024-06-27T21:42:29.103+0000] {processor.py:840} INFO - DAG(s) 'example_setup_teardown_taskflow' retrieved from /home/ubuntu/venv/lib/python3.12/site-packages/airflow/example_dags/example_setup_teardown_taskflow.py
[2024-06-27T21:42:29.121+0000] {logging_mixin.py:188} INFO - [2024-06-27T21:42:29.121+0000] {dag.py:3096} INFO - Sync 1 DAGs
[2024-06-27T21:42:29.141+0000] {logging_mixin.py:188} INFO - [2024-06-27T21:42:29.141+0000] {dag.py:3954} INFO - Setting next_dagrun for example_setup_teardown_taskflow to 2024-06-26 00:00:00+00:00, run_after=2024-06-27 00:00:00+00:00
[2024-06-27T21:42:29.163+0000] {processor.py:183} INFO - Processing /home/ubuntu/venv/lib/python3.12/site-packages/airflow/example_dags/example_setup_teardown_taskflow.py took 0.079 seconds
[2024-06-27T21:43:12.936+0000] {processor.py:161} INFO - Started process (PID=4761) to work on /home/ubuntu/venv/lib/python3.12/site-packages/airflow/example_dags/example_setup_teardown_taskflow.py
[2024-06-27T21:43:12.937+0000] {processor.py:830} INFO - Processing file /home/ubuntu/venv/lib/python3.12/site-packages/airflow/example_dags/example_setup_teardown_taskflow.py for tasks to queue
[2024-06-27T21:43:12.938+0000] {logging_mixin.py:188} INFO - [2024-06-27T21:43:12.938+0000] {dagbag.py:545} INFO - Filling up the DagBag from /home/ubuntu/venv/lib/python3.12/site-packages/airflow/example_dags/example_setup_teardown_taskflow.py
[2024-06-27T21:43:12.949+0000] {processor.py:840} INFO - DAG(s) 'example_setup_teardown_taskflow' retrieved from /home/ubuntu/venv/lib/python3.12/site-packages/airflow/example_dags/example_setup_teardown_taskflow.py
[2024-06-27T21:43:12.967+0000] {logging_mixin.py:188} INFO - [2024-06-27T21:43:12.967+0000] {dag.py:3096} INFO - Sync 1 DAGs
[2024-06-27T21:43:12.988+0000] {logging_mixin.py:188} INFO - [2024-06-27T21:43:12.987+0000] {dag.py:3954} INFO - Setting next_dagrun for example_setup_teardown_taskflow to 2024-06-26 00:00:00+00:00, run_after=2024-06-27 00:00:00+00:00
[2024-06-27T21:43:13.123+0000] {processor.py:183} INFO - Processing /home/ubuntu/venv/lib/python3.12/site-packages/airflow/example_dags/example_setup_teardown_taskflow.py took 0.193 seconds
[2024-06-27T21:43:58.181+0000] {processor.py:161} INFO - Started process (PID=4808) to work on /home/ubuntu/venv/lib/python3.12/site-packages/airflow/example_dags/example_setup_teardown_taskflow.py
[2024-06-27T21:43:58.183+0000] {processor.py:830} INFO - Processing file /home/ubuntu/venv/lib/python3.12/site-packages/airflow/example_dags/example_setup_teardown_taskflow.py for tasks to queue
[2024-06-27T21:43:58.184+0000] {logging_mixin.py:188} INFO - [2024-06-27T21:43:58.183+0000] {dagbag.py:545} INFO - Filling up the DagBag from /home/ubuntu/venv/lib/python3.12/site-packages/airflow/example_dags/example_setup_teardown_taskflow.py
[2024-06-27T21:43:58.195+0000] {processor.py:840} INFO - DAG(s) 'example_setup_teardown_taskflow' retrieved from /home/ubuntu/venv/lib/python3.12/site-packages/airflow/example_dags/example_setup_teardown_taskflow.py
[2024-06-27T21:43:58.213+0000] {logging_mixin.py:188} INFO - [2024-06-27T21:43:58.213+0000] {dag.py:3096} INFO - Sync 1 DAGs
[2024-06-27T21:43:58.233+0000] {logging_mixin.py:188} INFO - [2024-06-27T21:43:58.232+0000] {dag.py:3954} INFO - Setting next_dagrun for example_setup_teardown_taskflow to 2024-06-26 00:00:00+00:00, run_after=2024-06-27 00:00:00+00:00
[2024-06-27T21:43:58.255+0000] {processor.py:183} INFO - Processing /home/ubuntu/venv/lib/python3.12/site-packages/airflow/example_dags/example_setup_teardown_taskflow.py took 0.080 seconds
[2024-06-27T21:44:42.352+0000] {processor.py:161} INFO - Started process (PID=4897) to work on /home/ubuntu/venv/lib/python3.12/site-packages/airflow/example_dags/example_setup_teardown_taskflow.py
[2024-06-27T21:44:42.353+0000] {processor.py:830} INFO - Processing file /home/ubuntu/venv/lib/python3.12/site-packages/airflow/example_dags/example_setup_teardown_taskflow.py for tasks to queue
[2024-06-27T21:44:42.354+0000] {logging_mixin.py:188} INFO - [2024-06-27T21:44:42.353+0000] {dagbag.py:545} INFO - Filling up the DagBag from /home/ubuntu/venv/lib/python3.12/site-packages/airflow/example_dags/example_setup_teardown_taskflow.py
[2024-06-27T21:44:42.365+0000] {processor.py:840} INFO - DAG(s) 'example_setup_teardown_taskflow' retrieved from /home/ubuntu/venv/lib/python3.12/site-packages/airflow/example_dags/example_setup_teardown_taskflow.py
[2024-06-27T21:44:42.383+0000] {logging_mixin.py:188} INFO - [2024-06-27T21:44:42.383+0000] {dag.py:3096} INFO - Sync 1 DAGs
[2024-06-27T21:44:42.514+0000] {logging_mixin.py:188} INFO - [2024-06-27T21:44:42.514+0000] {dag.py:3954} INFO - Setting next_dagrun for example_setup_teardown_taskflow to 2024-06-26 00:00:00+00:00, run_after=2024-06-27 00:00:00+00:00
[2024-06-27T21:44:42.536+0000] {processor.py:183} INFO - Processing /home/ubuntu/venv/lib/python3.12/site-packages/airflow/example_dags/example_setup_teardown_taskflow.py took 0.190 seconds
[2024-06-27T21:45:26.698+0000] {processor.py:161} INFO - Started process (PID=4947) to work on /home/ubuntu/venv/lib/python3.12/site-packages/airflow/example_dags/example_setup_teardown_taskflow.py
[2024-06-27T21:45:26.700+0000] {processor.py:830} INFO - Processing file /home/ubuntu/venv/lib/python3.12/site-packages/airflow/example_dags/example_setup_teardown_taskflow.py for tasks to queue
[2024-06-27T21:45:26.701+0000] {logging_mixin.py:188} INFO - [2024-06-27T21:45:26.700+0000] {dagbag.py:545} INFO - Filling up the DagBag from /home/ubuntu/venv/lib/python3.12/site-packages/airflow/example_dags/example_setup_teardown_taskflow.py
[2024-06-27T21:45:26.712+0000] {processor.py:840} INFO - DAG(s) 'example_setup_teardown_taskflow' retrieved from /home/ubuntu/venv/lib/python3.12/site-packages/airflow/example_dags/example_setup_teardown_taskflow.py
[2024-06-27T21:45:26.731+0000] {logging_mixin.py:188} INFO - [2024-06-27T21:45:26.731+0000] {dag.py:3096} INFO - Sync 1 DAGs
[2024-06-27T21:45:26.752+0000] {logging_mixin.py:188} INFO - [2024-06-27T21:45:26.751+0000] {dag.py:3954} INFO - Setting next_dagrun for example_setup_teardown_taskflow to 2024-06-26 00:00:00+00:00, run_after=2024-06-27 00:00:00+00:00
[2024-06-27T21:45:26.776+0000] {processor.py:183} INFO - Processing /home/ubuntu/venv/lib/python3.12/site-packages/airflow/example_dags/example_setup_teardown_taskflow.py took 0.084 seconds
[2024-06-27T21:46:14.909+0000] {processor.py:161} INFO - Started process (PID=4991) to work on /home/ubuntu/venv/lib/python3.12/site-packages/airflow/example_dags/example_setup_teardown_taskflow.py
[2024-06-27T21:46:14.910+0000] {processor.py:830} INFO - Processing file /home/ubuntu/venv/lib/python3.12/site-packages/airflow/example_dags/example_setup_teardown_taskflow.py for tasks to queue
[2024-06-27T21:46:14.911+0000] {logging_mixin.py:188} INFO - [2024-06-27T21:46:14.911+0000] {dagbag.py:545} INFO - Filling up the DagBag from /home/ubuntu/venv/lib/python3.12/site-packages/airflow/example_dags/example_setup_teardown_taskflow.py
[2024-06-27T21:46:15.039+0000] {processor.py:840} INFO - DAG(s) 'example_setup_teardown_taskflow' retrieved from /home/ubuntu/venv/lib/python3.12/site-packages/airflow/example_dags/example_setup_teardown_taskflow.py
[2024-06-27T21:46:15.052+0000] {logging_mixin.py:188} INFO - [2024-06-27T21:46:15.052+0000] {dag.py:3096} INFO - Sync 1 DAGs
[2024-06-27T21:46:15.069+0000] {logging_mixin.py:188} INFO - [2024-06-27T21:46:15.069+0000] {dag.py:3954} INFO - Setting next_dagrun for example_setup_teardown_taskflow to 2024-06-26 00:00:00+00:00, run_after=2024-06-27 00:00:00+00:00
[2024-06-27T21:46:15.090+0000] {processor.py:183} INFO - Processing /home/ubuntu/venv/lib/python3.12/site-packages/airflow/example_dags/example_setup_teardown_taskflow.py took 0.187 seconds
[2024-06-27T21:47:06.441+0000] {processor.py:161} INFO - Started process (PID=5041) to work on /home/ubuntu/venv/lib/python3.12/site-packages/airflow/example_dags/example_setup_teardown_taskflow.py
[2024-06-27T21:47:06.443+0000] {processor.py:830} INFO - Processing file /home/ubuntu/venv/lib/python3.12/site-packages/airflow/example_dags/example_setup_teardown_taskflow.py for tasks to queue
[2024-06-27T21:47:06.444+0000] {logging_mixin.py:188} INFO - [2024-06-27T21:47:06.443+0000] {dagbag.py:545} INFO - Filling up the DagBag from /home/ubuntu/venv/lib/python3.12/site-packages/airflow/example_dags/example_setup_teardown_taskflow.py
[2024-06-27T21:47:06.455+0000] {processor.py:840} INFO - DAG(s) 'example_setup_teardown_taskflow' retrieved from /home/ubuntu/venv/lib/python3.12/site-packages/airflow/example_dags/example_setup_teardown_taskflow.py
[2024-06-27T21:47:06.474+0000] {logging_mixin.py:188} INFO - [2024-06-27T21:47:06.474+0000] {dag.py:3096} INFO - Sync 1 DAGs
[2024-06-27T21:47:06.495+0000] {logging_mixin.py:188} INFO - [2024-06-27T21:47:06.494+0000] {dag.py:3954} INFO - Setting next_dagrun for example_setup_teardown_taskflow to 2024-06-26 00:00:00+00:00, run_after=2024-06-27 00:00:00+00:00
[2024-06-27T21:47:06.519+0000] {processor.py:183} INFO - Processing /home/ubuntu/venv/lib/python3.12/site-packages/airflow/example_dags/example_setup_teardown_taskflow.py took 0.084 seconds
[2024-06-27T21:47:52.840+0000] {processor.py:161} INFO - Started process (PID=5119) to work on /home/ubuntu/venv/lib/python3.12/site-packages/airflow/example_dags/example_setup_teardown_taskflow.py
[2024-06-27T21:47:52.842+0000] {processor.py:830} INFO - Processing file /home/ubuntu/venv/lib/python3.12/site-packages/airflow/example_dags/example_setup_teardown_taskflow.py for tasks to queue
[2024-06-27T21:47:52.842+0000] {logging_mixin.py:188} INFO - [2024-06-27T21:47:52.842+0000] {dagbag.py:545} INFO - Filling up the DagBag from /home/ubuntu/venv/lib/python3.12/site-packages/airflow/example_dags/example_setup_teardown_taskflow.py
[2024-06-27T21:47:52.854+0000] {processor.py:840} INFO - DAG(s) 'example_setup_teardown_taskflow' retrieved from /home/ubuntu/venv/lib/python3.12/site-packages/airflow/example_dags/example_setup_teardown_taskflow.py
[2024-06-27T21:47:52.873+0000] {logging_mixin.py:188} INFO - [2024-06-27T21:47:52.872+0000] {dag.py:3096} INFO - Sync 1 DAGs
[2024-06-27T21:47:52.893+0000] {logging_mixin.py:188} INFO - [2024-06-27T21:47:52.893+0000] {dag.py:3954} INFO - Setting next_dagrun for example_setup_teardown_taskflow to 2024-06-26 00:00:00+00:00, run_after=2024-06-27 00:00:00+00:00
[2024-06-27T21:47:52.916+0000] {processor.py:183} INFO - Processing /home/ubuntu/venv/lib/python3.12/site-packages/airflow/example_dags/example_setup_teardown_taskflow.py took 0.083 seconds
[2024-06-27T21:48:36.951+0000] {processor.py:161} INFO - Started process (PID=5261) to work on /home/ubuntu/venv/lib/python3.12/site-packages/airflow/example_dags/example_setup_teardown_taskflow.py
[2024-06-27T21:48:36.952+0000] {processor.py:830} INFO - Processing file /home/ubuntu/venv/lib/python3.12/site-packages/airflow/example_dags/example_setup_teardown_taskflow.py for tasks to queue
[2024-06-27T21:48:36.953+0000] {logging_mixin.py:188} INFO - [2024-06-27T21:48:36.953+0000] {dagbag.py:545} INFO - Filling up the DagBag from /home/ubuntu/venv/lib/python3.12/site-packages/airflow/example_dags/example_setup_teardown_taskflow.py
[2024-06-27T21:48:36.964+0000] {processor.py:840} INFO - DAG(s) 'example_setup_teardown_taskflow' retrieved from /home/ubuntu/venv/lib/python3.12/site-packages/airflow/example_dags/example_setup_teardown_taskflow.py
[2024-06-27T21:48:36.982+0000] {logging_mixin.py:188} INFO - [2024-06-27T21:48:36.982+0000] {dag.py:3096} INFO - Sync 1 DAGs
[2024-06-27T21:48:37.003+0000] {logging_mixin.py:188} INFO - [2024-06-27T21:48:37.002+0000] {dag.py:3954} INFO - Setting next_dagrun for example_setup_teardown_taskflow to 2024-06-26 00:00:00+00:00, run_after=2024-06-27 00:00:00+00:00
[2024-06-27T21:48:37.026+0000] {processor.py:183} INFO - Processing /home/ubuntu/venv/lib/python3.12/site-packages/airflow/example_dags/example_setup_teardown_taskflow.py took 0.084 seconds
[2024-06-27T21:49:19.670+0000] {processor.py:161} INFO - Started process (PID=5305) to work on /home/ubuntu/venv/lib/python3.12/site-packages/airflow/example_dags/example_setup_teardown_taskflow.py
[2024-06-27T21:49:19.672+0000] {processor.py:830} INFO - Processing file /home/ubuntu/venv/lib/python3.12/site-packages/airflow/example_dags/example_setup_teardown_taskflow.py for tasks to queue
[2024-06-27T21:49:19.673+0000] {logging_mixin.py:188} INFO - [2024-06-27T21:49:19.672+0000] {dagbag.py:545} INFO - Filling up the DagBag from /home/ubuntu/venv/lib/python3.12/site-packages/airflow/example_dags/example_setup_teardown_taskflow.py
[2024-06-27T21:49:19.684+0000] {processor.py:840} INFO - DAG(s) 'example_setup_teardown_taskflow' retrieved from /home/ubuntu/venv/lib/python3.12/site-packages/airflow/example_dags/example_setup_teardown_taskflow.py
[2024-06-27T21:49:19.702+0000] {logging_mixin.py:188} INFO - [2024-06-27T21:49:19.702+0000] {dag.py:3096} INFO - Sync 1 DAGs
[2024-06-27T21:49:19.722+0000] {logging_mixin.py:188} INFO - [2024-06-27T21:49:19.722+0000] {dag.py:3954} INFO - Setting next_dagrun for example_setup_teardown_taskflow to 2024-06-26 00:00:00+00:00, run_after=2024-06-27 00:00:00+00:00
[2024-06-27T21:49:19.746+0000] {processor.py:183} INFO - Processing /home/ubuntu/venv/lib/python3.12/site-packages/airflow/example_dags/example_setup_teardown_taskflow.py took 0.083 seconds
