[2024-06-27T21:19:53.918+0000] {processor.py:161} INFO - Started process (PID=2953) to work on /home/ubuntu/venv/lib/python3.12/site-packages/airflow/example_dags/example_sensor_decorator.py
[2024-06-27T21:19:53.919+0000] {processor.py:830} INFO - Processing file /home/ubuntu/venv/lib/python3.12/site-packages/airflow/example_dags/example_sensor_decorator.py for tasks to queue
[2024-06-27T21:19:53.921+0000] {logging_mixin.py:188} INFO - [2024-06-27T21:19:53.921+0000] {dagbag.py:545} INFO - Filling up the DagBag from /home/ubuntu/venv/lib/python3.12/site-packages/airflow/example_dags/example_sensor_decorator.py
[2024-06-27T21:19:53.928+0000] {processor.py:840} INFO - DAG(s) 'example_sensor_decorator' retrieved from /home/ubuntu/venv/lib/python3.12/site-packages/airflow/example_dags/example_sensor_decorator.py
[2024-06-27T21:19:54.061+0000] {logging_mixin.py:188} INFO - [2024-06-27T21:19:54.060+0000] {override.py:1847} INFO - Created Permission View: can read on DAG:example_sensor_decorator
[2024-06-27T21:19:54.073+0000] {logging_mixin.py:188} INFO - [2024-06-27T21:19:54.073+0000] {override.py:1847} INFO - Created Permission View: can delete on DAG:example_sensor_decorator
[2024-06-27T21:19:54.082+0000] {logging_mixin.py:188} INFO - [2024-06-27T21:19:54.082+0000] {override.py:1847} INFO - Created Permission View: can edit on DAG:example_sensor_decorator
[2024-06-27T21:19:54.083+0000] {logging_mixin.py:188} INFO - [2024-06-27T21:19:54.082+0000] {dag.py:3096} INFO - Sync 1 DAGs
[2024-06-27T21:19:54.093+0000] {logging_mixin.py:188} INFO - [2024-06-27T21:19:54.093+0000] {dag.py:3118} INFO - Creating ORM DAG for example_sensor_decorator
[2024-06-27T21:19:54.094+0000] {logging_mixin.py:188} INFO - [2024-06-27T21:19:54.094+0000] {dag.py:3954} INFO - Setting next_dagrun for example_sensor_decorator to None, run_after=None
[2024-06-27T21:19:54.115+0000] {processor.py:183} INFO - Processing /home/ubuntu/venv/lib/python3.12/site-packages/airflow/example_dags/example_sensor_decorator.py took 0.202 seconds
[2024-06-27T21:20:48.536+0000] {processor.py:161} INFO - Started process (PID=3239) to work on /home/ubuntu/venv/lib/python3.12/site-packages/airflow/example_dags/example_sensor_decorator.py
[2024-06-27T21:20:48.537+0000] {processor.py:830} INFO - Processing file /home/ubuntu/venv/lib/python3.12/site-packages/airflow/example_dags/example_sensor_decorator.py for tasks to queue
[2024-06-27T21:20:48.539+0000] {logging_mixin.py:188} INFO - [2024-06-27T21:20:48.538+0000] {dagbag.py:545} INFO - Filling up the DagBag from /home/ubuntu/venv/lib/python3.12/site-packages/airflow/example_dags/example_sensor_decorator.py
[2024-06-27T21:20:48.546+0000] {processor.py:840} INFO - DAG(s) 'example_sensor_decorator' retrieved from /home/ubuntu/venv/lib/python3.12/site-packages/airflow/example_dags/example_sensor_decorator.py
[2024-06-27T21:20:48.562+0000] {logging_mixin.py:188} INFO - [2024-06-27T21:20:48.562+0000] {dag.py:3096} INFO - Sync 1 DAGs
[2024-06-27T21:20:48.574+0000] {logging_mixin.py:188} INFO - [2024-06-27T21:20:48.574+0000] {dag.py:3954} INFO - Setting next_dagrun for example_sensor_decorator to None, run_after=None
[2024-06-27T21:20:48.598+0000] {processor.py:183} INFO - Processing /home/ubuntu/venv/lib/python3.12/site-packages/airflow/example_dags/example_sensor_decorator.py took 0.068 seconds
[2024-06-27T21:21:37.907+0000] {processor.py:161} INFO - Started process (PID=3347) to work on /home/ubuntu/venv/lib/python3.12/site-packages/airflow/example_dags/example_sensor_decorator.py
[2024-06-27T21:21:37.909+0000] {processor.py:830} INFO - Processing file /home/ubuntu/venv/lib/python3.12/site-packages/airflow/example_dags/example_sensor_decorator.py for tasks to queue
[2024-06-27T21:21:37.911+0000] {logging_mixin.py:188} INFO - [2024-06-27T21:21:37.910+0000] {dagbag.py:545} INFO - Filling up the DagBag from /home/ubuntu/venv/lib/python3.12/site-packages/airflow/example_dags/example_sensor_decorator.py
[2024-06-27T21:21:37.917+0000] {processor.py:840} INFO - DAG(s) 'example_sensor_decorator' retrieved from /home/ubuntu/venv/lib/python3.12/site-packages/airflow/example_dags/example_sensor_decorator.py
[2024-06-27T21:21:37.933+0000] {logging_mixin.py:188} INFO - [2024-06-27T21:21:37.933+0000] {dag.py:3096} INFO - Sync 1 DAGs
[2024-06-27T21:21:37.946+0000] {logging_mixin.py:188} INFO - [2024-06-27T21:21:37.945+0000] {dag.py:3954} INFO - Setting next_dagrun for example_sensor_decorator to None, run_after=None
[2024-06-27T21:21:37.969+0000] {processor.py:183} INFO - Processing /home/ubuntu/venv/lib/python3.12/site-packages/airflow/example_dags/example_sensor_decorator.py took 0.067 seconds
[2024-06-27T21:22:23.510+0000] {processor.py:161} INFO - Started process (PID=3405) to work on /home/ubuntu/venv/lib/python3.12/site-packages/airflow/example_dags/example_sensor_decorator.py
[2024-06-27T21:22:23.512+0000] {processor.py:830} INFO - Processing file /home/ubuntu/venv/lib/python3.12/site-packages/airflow/example_dags/example_sensor_decorator.py for tasks to queue
[2024-06-27T21:22:23.514+0000] {logging_mixin.py:188} INFO - [2024-06-27T21:22:23.513+0000] {dagbag.py:545} INFO - Filling up the DagBag from /home/ubuntu/venv/lib/python3.12/site-packages/airflow/example_dags/example_sensor_decorator.py
[2024-06-27T21:22:23.521+0000] {processor.py:840} INFO - DAG(s) 'example_sensor_decorator' retrieved from /home/ubuntu/venv/lib/python3.12/site-packages/airflow/example_dags/example_sensor_decorator.py
[2024-06-27T21:22:23.538+0000] {logging_mixin.py:188} INFO - [2024-06-27T21:22:23.537+0000] {dag.py:3096} INFO - Sync 1 DAGs
[2024-06-27T21:22:23.551+0000] {logging_mixin.py:188} INFO - [2024-06-27T21:22:23.550+0000] {dag.py:3954} INFO - Setting next_dagrun for example_sensor_decorator to None, run_after=None
[2024-06-27T21:22:23.574+0000] {processor.py:183} INFO - Processing /home/ubuntu/venv/lib/python3.12/site-packages/airflow/example_dags/example_sensor_decorator.py took 0.070 seconds
[2024-06-27T21:23:22.291+0000] {processor.py:161} INFO - Started process (PID=3469) to work on /home/ubuntu/venv/lib/python3.12/site-packages/airflow/example_dags/example_sensor_decorator.py
[2024-06-27T21:23:22.299+0000] {processor.py:830} INFO - Processing file /home/ubuntu/venv/lib/python3.12/site-packages/airflow/example_dags/example_sensor_decorator.py for tasks to queue
[2024-06-27T21:23:22.301+0000] {logging_mixin.py:188} INFO - [2024-06-27T21:23:22.301+0000] {dagbag.py:545} INFO - Filling up the DagBag from /home/ubuntu/venv/lib/python3.12/site-packages/airflow/example_dags/example_sensor_decorator.py
[2024-06-27T21:23:22.308+0000] {processor.py:840} INFO - DAG(s) 'example_sensor_decorator' retrieved from /home/ubuntu/venv/lib/python3.12/site-packages/airflow/example_dags/example_sensor_decorator.py
[2024-06-27T21:23:22.325+0000] {logging_mixin.py:188} INFO - [2024-06-27T21:23:22.325+0000] {dag.py:3096} INFO - Sync 1 DAGs
[2024-06-27T21:23:22.338+0000] {logging_mixin.py:188} INFO - [2024-06-27T21:23:22.338+0000] {dag.py:3954} INFO - Setting next_dagrun for example_sensor_decorator to None, run_after=None
[2024-06-27T21:23:22.361+0000] {processor.py:183} INFO - Processing /home/ubuntu/venv/lib/python3.12/site-packages/airflow/example_dags/example_sensor_decorator.py took 0.076 seconds
[2024-06-27T21:24:19.893+0000] {processor.py:161} INFO - Started process (PID=3532) to work on /home/ubuntu/venv/lib/python3.12/site-packages/airflow/example_dags/example_sensor_decorator.py
[2024-06-27T21:24:19.895+0000] {processor.py:830} INFO - Processing file /home/ubuntu/venv/lib/python3.12/site-packages/airflow/example_dags/example_sensor_decorator.py for tasks to queue
[2024-06-27T21:24:19.896+0000] {logging_mixin.py:188} INFO - [2024-06-27T21:24:19.896+0000] {dagbag.py:545} INFO - Filling up the DagBag from /home/ubuntu/venv/lib/python3.12/site-packages/airflow/example_dags/example_sensor_decorator.py
[2024-06-27T21:24:19.903+0000] {processor.py:840} INFO - DAG(s) 'example_sensor_decorator' retrieved from /home/ubuntu/venv/lib/python3.12/site-packages/airflow/example_dags/example_sensor_decorator.py
[2024-06-27T21:24:19.919+0000] {logging_mixin.py:188} INFO - [2024-06-27T21:24:19.918+0000] {dag.py:3096} INFO - Sync 1 DAGs
[2024-06-27T21:24:19.930+0000] {logging_mixin.py:188} INFO - [2024-06-27T21:24:19.930+0000] {dag.py:3954} INFO - Setting next_dagrun for example_sensor_decorator to None, run_after=None
[2024-06-27T21:24:19.954+0000] {processor.py:183} INFO - Processing /home/ubuntu/venv/lib/python3.12/site-packages/airflow/example_dags/example_sensor_decorator.py took 0.067 seconds
[2024-06-27T21:25:20.724+0000] {processor.py:161} INFO - Started process (PID=3603) to work on /home/ubuntu/venv/lib/python3.12/site-packages/airflow/example_dags/example_sensor_decorator.py
[2024-06-27T21:25:20.726+0000] {processor.py:830} INFO - Processing file /home/ubuntu/venv/lib/python3.12/site-packages/airflow/example_dags/example_sensor_decorator.py for tasks to queue
[2024-06-27T21:25:20.727+0000] {logging_mixin.py:188} INFO - [2024-06-27T21:25:20.726+0000] {dagbag.py:545} INFO - Filling up the DagBag from /home/ubuntu/venv/lib/python3.12/site-packages/airflow/example_dags/example_sensor_decorator.py
[2024-06-27T21:25:20.734+0000] {processor.py:840} INFO - DAG(s) 'example_sensor_decorator' retrieved from /home/ubuntu/venv/lib/python3.12/site-packages/airflow/example_dags/example_sensor_decorator.py
[2024-06-27T21:25:20.751+0000] {logging_mixin.py:188} INFO - [2024-06-27T21:25:20.751+0000] {dag.py:3096} INFO - Sync 1 DAGs
[2024-06-27T21:25:20.763+0000] {logging_mixin.py:188} INFO - [2024-06-27T21:25:20.763+0000] {dag.py:3954} INFO - Setting next_dagrun for example_sensor_decorator to None, run_after=None
[2024-06-27T21:25:20.786+0000] {processor.py:183} INFO - Processing /home/ubuntu/venv/lib/python3.12/site-packages/airflow/example_dags/example_sensor_decorator.py took 0.068 seconds
[2024-06-27T21:26:04.181+0000] {processor.py:161} INFO - Started process (PID=3648) to work on /home/ubuntu/venv/lib/python3.12/site-packages/airflow/example_dags/example_sensor_decorator.py
[2024-06-27T21:26:04.182+0000] {processor.py:830} INFO - Processing file /home/ubuntu/venv/lib/python3.12/site-packages/airflow/example_dags/example_sensor_decorator.py for tasks to queue
[2024-06-27T21:26:04.183+0000] {logging_mixin.py:188} INFO - [2024-06-27T21:26:04.183+0000] {dagbag.py:545} INFO - Filling up the DagBag from /home/ubuntu/venv/lib/python3.12/site-packages/airflow/example_dags/example_sensor_decorator.py
[2024-06-27T21:26:04.190+0000] {processor.py:840} INFO - DAG(s) 'example_sensor_decorator' retrieved from /home/ubuntu/venv/lib/python3.12/site-packages/airflow/example_dags/example_sensor_decorator.py
[2024-06-27T21:26:04.207+0000] {logging_mixin.py:188} INFO - [2024-06-27T21:26:04.207+0000] {dag.py:3096} INFO - Sync 1 DAGs
[2024-06-27T21:26:04.219+0000] {logging_mixin.py:188} INFO - [2024-06-27T21:26:04.219+0000] {dag.py:3954} INFO - Setting next_dagrun for example_sensor_decorator to None, run_after=None
[2024-06-27T21:26:04.242+0000] {processor.py:183} INFO - Processing /home/ubuntu/venv/lib/python3.12/site-packages/airflow/example_dags/example_sensor_decorator.py took 0.068 seconds
[2024-06-27T21:26:49.320+0000] {processor.py:161} INFO - Started process (PID=3694) to work on /home/ubuntu/venv/lib/python3.12/site-packages/airflow/example_dags/example_sensor_decorator.py
[2024-06-27T21:26:49.322+0000] {processor.py:830} INFO - Processing file /home/ubuntu/venv/lib/python3.12/site-packages/airflow/example_dags/example_sensor_decorator.py for tasks to queue
[2024-06-27T21:26:49.323+0000] {logging_mixin.py:188} INFO - [2024-06-27T21:26:49.322+0000] {dagbag.py:545} INFO - Filling up the DagBag from /home/ubuntu/venv/lib/python3.12/site-packages/airflow/example_dags/example_sensor_decorator.py
[2024-06-27T21:26:49.329+0000] {processor.py:840} INFO - DAG(s) 'example_sensor_decorator' retrieved from /home/ubuntu/venv/lib/python3.12/site-packages/airflow/example_dags/example_sensor_decorator.py
[2024-06-27T21:26:49.347+0000] {logging_mixin.py:188} INFO - [2024-06-27T21:26:49.347+0000] {dag.py:3096} INFO - Sync 1 DAGs
[2024-06-27T21:26:49.359+0000] {logging_mixin.py:188} INFO - [2024-06-27T21:26:49.359+0000] {dag.py:3954} INFO - Setting next_dagrun for example_sensor_decorator to None, run_after=None
[2024-06-27T21:26:49.392+0000] {processor.py:183} INFO - Processing /home/ubuntu/venv/lib/python3.12/site-packages/airflow/example_dags/example_sensor_decorator.py took 0.078 seconds
[2024-06-27T21:27:50.680+0000] {processor.py:161} INFO - Started process (PID=3758) to work on /home/ubuntu/venv/lib/python3.12/site-packages/airflow/example_dags/example_sensor_decorator.py
[2024-06-27T21:27:50.682+0000] {processor.py:830} INFO - Processing file /home/ubuntu/venv/lib/python3.12/site-packages/airflow/example_dags/example_sensor_decorator.py for tasks to queue
[2024-06-27T21:27:50.683+0000] {logging_mixin.py:188} INFO - [2024-06-27T21:27:50.682+0000] {dagbag.py:545} INFO - Filling up the DagBag from /home/ubuntu/venv/lib/python3.12/site-packages/airflow/example_dags/example_sensor_decorator.py
[2024-06-27T21:27:50.690+0000] {processor.py:840} INFO - DAG(s) 'example_sensor_decorator' retrieved from /home/ubuntu/venv/lib/python3.12/site-packages/airflow/example_dags/example_sensor_decorator.py
[2024-06-27T21:27:50.706+0000] {logging_mixin.py:188} INFO - [2024-06-27T21:27:50.706+0000] {dag.py:3096} INFO - Sync 1 DAGs
[2024-06-27T21:27:50.718+0000] {logging_mixin.py:188} INFO - [2024-06-27T21:27:50.718+0000] {dag.py:3954} INFO - Setting next_dagrun for example_sensor_decorator to None, run_after=None
[2024-06-27T21:27:50.741+0000] {processor.py:183} INFO - Processing /home/ubuntu/venv/lib/python3.12/site-packages/airflow/example_dags/example_sensor_decorator.py took 0.067 seconds
[2024-06-27T21:28:58.063+0000] {processor.py:161} INFO - Started process (PID=3848) to work on /home/ubuntu/venv/lib/python3.12/site-packages/airflow/example_dags/example_sensor_decorator.py
[2024-06-27T21:28:58.065+0000] {processor.py:830} INFO - Processing file /home/ubuntu/venv/lib/python3.12/site-packages/airflow/example_dags/example_sensor_decorator.py for tasks to queue
[2024-06-27T21:28:58.066+0000] {logging_mixin.py:188} INFO - [2024-06-27T21:28:58.065+0000] {dagbag.py:545} INFO - Filling up the DagBag from /home/ubuntu/venv/lib/python3.12/site-packages/airflow/example_dags/example_sensor_decorator.py
[2024-06-27T21:28:58.073+0000] {processor.py:840} INFO - DAG(s) 'example_sensor_decorator' retrieved from /home/ubuntu/venv/lib/python3.12/site-packages/airflow/example_dags/example_sensor_decorator.py
[2024-06-27T21:28:58.090+0000] {logging_mixin.py:188} INFO - [2024-06-27T21:28:58.089+0000] {dag.py:3096} INFO - Sync 1 DAGs
[2024-06-27T21:28:58.102+0000] {logging_mixin.py:188} INFO - [2024-06-27T21:28:58.102+0000] {dag.py:3954} INFO - Setting next_dagrun for example_sensor_decorator to None, run_after=None
[2024-06-27T21:28:58.125+0000] {processor.py:183} INFO - Processing /home/ubuntu/venv/lib/python3.12/site-packages/airflow/example_dags/example_sensor_decorator.py took 0.068 seconds
[2024-06-27T21:29:47.737+0000] {processor.py:161} INFO - Started process (PID=3901) to work on /home/ubuntu/venv/lib/python3.12/site-packages/airflow/example_dags/example_sensor_decorator.py
[2024-06-27T21:29:47.738+0000] {processor.py:830} INFO - Processing file /home/ubuntu/venv/lib/python3.12/site-packages/airflow/example_dags/example_sensor_decorator.py for tasks to queue
[2024-06-27T21:29:47.739+0000] {logging_mixin.py:188} INFO - [2024-06-27T21:29:47.739+0000] {dagbag.py:545} INFO - Filling up the DagBag from /home/ubuntu/venv/lib/python3.12/site-packages/airflow/example_dags/example_sensor_decorator.py
[2024-06-27T21:29:47.746+0000] {processor.py:840} INFO - DAG(s) 'example_sensor_decorator' retrieved from /home/ubuntu/venv/lib/python3.12/site-packages/airflow/example_dags/example_sensor_decorator.py
[2024-06-27T21:29:47.763+0000] {logging_mixin.py:188} INFO - [2024-06-27T21:29:47.763+0000] {dag.py:3096} INFO - Sync 1 DAGs
[2024-06-27T21:29:47.776+0000] {logging_mixin.py:188} INFO - [2024-06-27T21:29:47.775+0000] {dag.py:3954} INFO - Setting next_dagrun for example_sensor_decorator to None, run_after=None
[2024-06-27T21:29:47.798+0000] {processor.py:183} INFO - Processing /home/ubuntu/venv/lib/python3.12/site-packages/airflow/example_dags/example_sensor_decorator.py took 0.068 seconds
[2024-06-27T21:30:29.582+0000] {processor.py:161} INFO - Started process (PID=3955) to work on /home/ubuntu/venv/lib/python3.12/site-packages/airflow/example_dags/example_sensor_decorator.py
[2024-06-27T21:30:29.584+0000] {processor.py:830} INFO - Processing file /home/ubuntu/venv/lib/python3.12/site-packages/airflow/example_dags/example_sensor_decorator.py for tasks to queue
[2024-06-27T21:30:29.585+0000] {logging_mixin.py:188} INFO - [2024-06-27T21:30:29.584+0000] {dagbag.py:545} INFO - Filling up the DagBag from /home/ubuntu/venv/lib/python3.12/site-packages/airflow/example_dags/example_sensor_decorator.py
[2024-06-27T21:30:29.592+0000] {processor.py:840} INFO - DAG(s) 'example_sensor_decorator' retrieved from /home/ubuntu/venv/lib/python3.12/site-packages/airflow/example_dags/example_sensor_decorator.py
[2024-06-27T21:30:29.608+0000] {logging_mixin.py:188} INFO - [2024-06-27T21:30:29.608+0000] {dag.py:3096} INFO - Sync 1 DAGs
[2024-06-27T21:30:29.620+0000] {logging_mixin.py:188} INFO - [2024-06-27T21:30:29.620+0000] {dag.py:3954} INFO - Setting next_dagrun for example_sensor_decorator to None, run_after=None
[2024-06-27T21:30:29.644+0000] {processor.py:183} INFO - Processing /home/ubuntu/venv/lib/python3.12/site-packages/airflow/example_dags/example_sensor_decorator.py took 0.067 seconds
[2024-06-27T21:31:13.727+0000] {processor.py:161} INFO - Started process (PID=4000) to work on /home/ubuntu/venv/lib/python3.12/site-packages/airflow/example_dags/example_sensor_decorator.py
[2024-06-27T21:31:13.729+0000] {processor.py:830} INFO - Processing file /home/ubuntu/venv/lib/python3.12/site-packages/airflow/example_dags/example_sensor_decorator.py for tasks to queue
[2024-06-27T21:31:13.730+0000] {logging_mixin.py:188} INFO - [2024-06-27T21:31:13.729+0000] {dagbag.py:545} INFO - Filling up the DagBag from /home/ubuntu/venv/lib/python3.12/site-packages/airflow/example_dags/example_sensor_decorator.py
[2024-06-27T21:31:13.736+0000] {processor.py:840} INFO - DAG(s) 'example_sensor_decorator' retrieved from /home/ubuntu/venv/lib/python3.12/site-packages/airflow/example_dags/example_sensor_decorator.py
[2024-06-27T21:31:13.753+0000] {logging_mixin.py:188} INFO - [2024-06-27T21:31:13.753+0000] {dag.py:3096} INFO - Sync 1 DAGs
[2024-06-27T21:31:13.766+0000] {logging_mixin.py:188} INFO - [2024-06-27T21:31:13.765+0000] {dag.py:3954} INFO - Setting next_dagrun for example_sensor_decorator to None, run_after=None
[2024-06-27T21:31:13.789+0000] {processor.py:183} INFO - Processing /home/ubuntu/venv/lib/python3.12/site-packages/airflow/example_dags/example_sensor_decorator.py took 0.068 seconds
[2024-06-27T21:31:57.619+0000] {processor.py:161} INFO - Started process (PID=4044) to work on /home/ubuntu/venv/lib/python3.12/site-packages/airflow/example_dags/example_sensor_decorator.py
[2024-06-27T21:31:57.620+0000] {processor.py:830} INFO - Processing file /home/ubuntu/venv/lib/python3.12/site-packages/airflow/example_dags/example_sensor_decorator.py for tasks to queue
[2024-06-27T21:31:57.621+0000] {logging_mixin.py:188} INFO - [2024-06-27T21:31:57.621+0000] {dagbag.py:545} INFO - Filling up the DagBag from /home/ubuntu/venv/lib/python3.12/site-packages/airflow/example_dags/example_sensor_decorator.py
[2024-06-27T21:31:57.628+0000] {processor.py:840} INFO - DAG(s) 'example_sensor_decorator' retrieved from /home/ubuntu/venv/lib/python3.12/site-packages/airflow/example_dags/example_sensor_decorator.py
[2024-06-27T21:31:57.645+0000] {logging_mixin.py:188} INFO - [2024-06-27T21:31:57.644+0000] {dag.py:3096} INFO - Sync 1 DAGs
[2024-06-27T21:31:57.657+0000] {logging_mixin.py:188} INFO - [2024-06-27T21:31:57.657+0000] {dag.py:3954} INFO - Setting next_dagrun for example_sensor_decorator to None, run_after=None
[2024-06-27T21:31:57.679+0000] {processor.py:183} INFO - Processing /home/ubuntu/venv/lib/python3.12/site-packages/airflow/example_dags/example_sensor_decorator.py took 0.067 seconds
[2024-06-27T21:32:49.244+0000] {processor.py:161} INFO - Started process (PID=4105) to work on /home/ubuntu/venv/lib/python3.12/site-packages/airflow/example_dags/example_sensor_decorator.py
[2024-06-27T21:32:49.246+0000] {processor.py:830} INFO - Processing file /home/ubuntu/venv/lib/python3.12/site-packages/airflow/example_dags/example_sensor_decorator.py for tasks to queue
[2024-06-27T21:32:49.247+0000] {logging_mixin.py:188} INFO - [2024-06-27T21:32:49.246+0000] {dagbag.py:545} INFO - Filling up the DagBag from /home/ubuntu/venv/lib/python3.12/site-packages/airflow/example_dags/example_sensor_decorator.py
[2024-06-27T21:32:49.253+0000] {processor.py:840} INFO - DAG(s) 'example_sensor_decorator' retrieved from /home/ubuntu/venv/lib/python3.12/site-packages/airflow/example_dags/example_sensor_decorator.py
[2024-06-27T21:32:49.270+0000] {logging_mixin.py:188} INFO - [2024-06-27T21:32:49.270+0000] {dag.py:3096} INFO - Sync 1 DAGs
[2024-06-27T21:32:49.283+0000] {logging_mixin.py:188} INFO - [2024-06-27T21:32:49.283+0000] {dag.py:3954} INFO - Setting next_dagrun for example_sensor_decorator to None, run_after=None
[2024-06-27T21:32:49.305+0000] {processor.py:183} INFO - Processing /home/ubuntu/venv/lib/python3.12/site-packages/airflow/example_dags/example_sensor_decorator.py took 0.067 seconds
[2024-06-27T21:33:41.650+0000] {processor.py:161} INFO - Started process (PID=4165) to work on /home/ubuntu/venv/lib/python3.12/site-packages/airflow/example_dags/example_sensor_decorator.py
[2024-06-27T21:33:41.652+0000] {processor.py:830} INFO - Processing file /home/ubuntu/venv/lib/python3.12/site-packages/airflow/example_dags/example_sensor_decorator.py for tasks to queue
[2024-06-27T21:33:41.653+0000] {logging_mixin.py:188} INFO - [2024-06-27T21:33:41.652+0000] {dagbag.py:545} INFO - Filling up the DagBag from /home/ubuntu/venv/lib/python3.12/site-packages/airflow/example_dags/example_sensor_decorator.py
[2024-06-27T21:33:41.659+0000] {processor.py:840} INFO - DAG(s) 'example_sensor_decorator' retrieved from /home/ubuntu/venv/lib/python3.12/site-packages/airflow/example_dags/example_sensor_decorator.py
[2024-06-27T21:33:41.677+0000] {logging_mixin.py:188} INFO - [2024-06-27T21:33:41.677+0000] {dag.py:3096} INFO - Sync 1 DAGs
[2024-06-27T21:33:41.690+0000] {logging_mixin.py:188} INFO - [2024-06-27T21:33:41.689+0000] {dag.py:3954} INFO - Setting next_dagrun for example_sensor_decorator to None, run_after=None
[2024-06-27T21:33:41.713+0000] {processor.py:183} INFO - Processing /home/ubuntu/venv/lib/python3.12/site-packages/airflow/example_dags/example_sensor_decorator.py took 0.069 seconds
[2024-06-27T21:34:24.793+0000] {processor.py:161} INFO - Started process (PID=4210) to work on /home/ubuntu/venv/lib/python3.12/site-packages/airflow/example_dags/example_sensor_decorator.py
[2024-06-27T21:34:24.795+0000] {processor.py:830} INFO - Processing file /home/ubuntu/venv/lib/python3.12/site-packages/airflow/example_dags/example_sensor_decorator.py for tasks to queue
[2024-06-27T21:34:24.796+0000] {logging_mixin.py:188} INFO - [2024-06-27T21:34:24.795+0000] {dagbag.py:545} INFO - Filling up the DagBag from /home/ubuntu/venv/lib/python3.12/site-packages/airflow/example_dags/example_sensor_decorator.py
[2024-06-27T21:34:24.803+0000] {processor.py:840} INFO - DAG(s) 'example_sensor_decorator' retrieved from /home/ubuntu/venv/lib/python3.12/site-packages/airflow/example_dags/example_sensor_decorator.py
[2024-06-27T21:34:24.819+0000] {logging_mixin.py:188} INFO - [2024-06-27T21:34:24.819+0000] {dag.py:3096} INFO - Sync 1 DAGs
[2024-06-27T21:34:24.831+0000] {logging_mixin.py:188} INFO - [2024-06-27T21:34:24.831+0000] {dag.py:3954} INFO - Setting next_dagrun for example_sensor_decorator to None, run_after=None
[2024-06-27T21:34:24.855+0000] {processor.py:183} INFO - Processing /home/ubuntu/venv/lib/python3.12/site-packages/airflow/example_dags/example_sensor_decorator.py took 0.067 seconds
[2024-06-27T21:35:09.198+0000] {processor.py:161} INFO - Started process (PID=4258) to work on /home/ubuntu/venv/lib/python3.12/site-packages/airflow/example_dags/example_sensor_decorator.py
[2024-06-27T21:35:09.200+0000] {processor.py:830} INFO - Processing file /home/ubuntu/venv/lib/python3.12/site-packages/airflow/example_dags/example_sensor_decorator.py for tasks to queue
[2024-06-27T21:35:09.201+0000] {logging_mixin.py:188} INFO - [2024-06-27T21:35:09.200+0000] {dagbag.py:545} INFO - Filling up the DagBag from /home/ubuntu/venv/lib/python3.12/site-packages/airflow/example_dags/example_sensor_decorator.py
[2024-06-27T21:35:09.207+0000] {processor.py:840} INFO - DAG(s) 'example_sensor_decorator' retrieved from /home/ubuntu/venv/lib/python3.12/site-packages/airflow/example_dags/example_sensor_decorator.py
[2024-06-27T21:35:09.224+0000] {logging_mixin.py:188} INFO - [2024-06-27T21:35:09.224+0000] {dag.py:3096} INFO - Sync 1 DAGs
[2024-06-27T21:35:09.236+0000] {logging_mixin.py:188} INFO - [2024-06-27T21:35:09.236+0000] {dag.py:3954} INFO - Setting next_dagrun for example_sensor_decorator to None, run_after=None
[2024-06-27T21:35:09.259+0000] {processor.py:183} INFO - Processing /home/ubuntu/venv/lib/python3.12/site-packages/airflow/example_dags/example_sensor_decorator.py took 0.067 seconds
[2024-06-27T21:36:12.028+0000] {processor.py:161} INFO - Started process (PID=4326) to work on /home/ubuntu/venv/lib/python3.12/site-packages/airflow/example_dags/example_sensor_decorator.py
[2024-06-27T21:36:12.030+0000] {processor.py:830} INFO - Processing file /home/ubuntu/venv/lib/python3.12/site-packages/airflow/example_dags/example_sensor_decorator.py for tasks to queue
[2024-06-27T21:36:12.031+0000] {logging_mixin.py:188} INFO - [2024-06-27T21:36:12.030+0000] {dagbag.py:545} INFO - Filling up the DagBag from /home/ubuntu/venv/lib/python3.12/site-packages/airflow/example_dags/example_sensor_decorator.py
[2024-06-27T21:36:12.038+0000] {processor.py:840} INFO - DAG(s) 'example_sensor_decorator' retrieved from /home/ubuntu/venv/lib/python3.12/site-packages/airflow/example_dags/example_sensor_decorator.py
[2024-06-27T21:36:12.055+0000] {logging_mixin.py:188} INFO - [2024-06-27T21:36:12.054+0000] {dag.py:3096} INFO - Sync 1 DAGs
[2024-06-27T21:36:12.067+0000] {logging_mixin.py:188} INFO - [2024-06-27T21:36:12.067+0000] {dag.py:3954} INFO - Setting next_dagrun for example_sensor_decorator to None, run_after=None
[2024-06-27T21:36:12.090+0000] {processor.py:183} INFO - Processing /home/ubuntu/venv/lib/python3.12/site-packages/airflow/example_dags/example_sensor_decorator.py took 0.067 seconds
[2024-06-27T21:36:55.363+0000] {processor.py:161} INFO - Started process (PID=4370) to work on /home/ubuntu/venv/lib/python3.12/site-packages/airflow/example_dags/example_sensor_decorator.py
[2024-06-27T21:36:55.365+0000] {processor.py:830} INFO - Processing file /home/ubuntu/venv/lib/python3.12/site-packages/airflow/example_dags/example_sensor_decorator.py for tasks to queue
[2024-06-27T21:36:55.366+0000] {logging_mixin.py:188} INFO - [2024-06-27T21:36:55.365+0000] {dagbag.py:545} INFO - Filling up the DagBag from /home/ubuntu/venv/lib/python3.12/site-packages/airflow/example_dags/example_sensor_decorator.py
[2024-06-27T21:36:55.373+0000] {processor.py:840} INFO - DAG(s) 'example_sensor_decorator' retrieved from /home/ubuntu/venv/lib/python3.12/site-packages/airflow/example_dags/example_sensor_decorator.py
[2024-06-27T21:36:55.390+0000] {logging_mixin.py:188} INFO - [2024-06-27T21:36:55.390+0000] {dag.py:3096} INFO - Sync 1 DAGs
[2024-06-27T21:36:55.403+0000] {logging_mixin.py:188} INFO - [2024-06-27T21:36:55.402+0000] {dag.py:3954} INFO - Setting next_dagrun for example_sensor_decorator to None, run_after=None
[2024-06-27T21:36:55.426+0000] {processor.py:183} INFO - Processing /home/ubuntu/venv/lib/python3.12/site-packages/airflow/example_dags/example_sensor_decorator.py took 0.069 seconds
[2024-06-27T21:37:39.413+0000] {processor.py:161} INFO - Started process (PID=4414) to work on /home/ubuntu/venv/lib/python3.12/site-packages/airflow/example_dags/example_sensor_decorator.py
[2024-06-27T21:37:39.414+0000] {processor.py:830} INFO - Processing file /home/ubuntu/venv/lib/python3.12/site-packages/airflow/example_dags/example_sensor_decorator.py for tasks to queue
[2024-06-27T21:37:39.415+0000] {logging_mixin.py:188} INFO - [2024-06-27T21:37:39.415+0000] {dagbag.py:545} INFO - Filling up the DagBag from /home/ubuntu/venv/lib/python3.12/site-packages/airflow/example_dags/example_sensor_decorator.py
[2024-06-27T21:37:39.423+0000] {processor.py:840} INFO - DAG(s) 'example_sensor_decorator' retrieved from /home/ubuntu/venv/lib/python3.12/site-packages/airflow/example_dags/example_sensor_decorator.py
[2024-06-27T21:37:39.439+0000] {logging_mixin.py:188} INFO - [2024-06-27T21:37:39.439+0000] {dag.py:3096} INFO - Sync 1 DAGs
[2024-06-27T21:37:39.451+0000] {logging_mixin.py:188} INFO - [2024-06-27T21:37:39.451+0000] {dag.py:3954} INFO - Setting next_dagrun for example_sensor_decorator to None, run_after=None
[2024-06-27T21:37:39.477+0000] {processor.py:183} INFO - Processing /home/ubuntu/venv/lib/python3.12/site-packages/airflow/example_dags/example_sensor_decorator.py took 0.070 seconds
[2024-06-27T21:38:31.715+0000] {processor.py:161} INFO - Started process (PID=4470) to work on /home/ubuntu/venv/lib/python3.12/site-packages/airflow/example_dags/example_sensor_decorator.py
[2024-06-27T21:38:31.717+0000] {processor.py:830} INFO - Processing file /home/ubuntu/venv/lib/python3.12/site-packages/airflow/example_dags/example_sensor_decorator.py for tasks to queue
[2024-06-27T21:38:31.718+0000] {logging_mixin.py:188} INFO - [2024-06-27T21:38:31.717+0000] {dagbag.py:545} INFO - Filling up the DagBag from /home/ubuntu/venv/lib/python3.12/site-packages/airflow/example_dags/example_sensor_decorator.py
[2024-06-27T21:38:31.725+0000] {processor.py:840} INFO - DAG(s) 'example_sensor_decorator' retrieved from /home/ubuntu/venv/lib/python3.12/site-packages/airflow/example_dags/example_sensor_decorator.py
[2024-06-27T21:38:31.741+0000] {logging_mixin.py:188} INFO - [2024-06-27T21:38:31.741+0000] {dag.py:3096} INFO - Sync 1 DAGs
[2024-06-27T21:38:31.753+0000] {logging_mixin.py:188} INFO - [2024-06-27T21:38:31.753+0000] {dag.py:3954} INFO - Setting next_dagrun for example_sensor_decorator to None, run_after=None
[2024-06-27T21:38:31.776+0000] {processor.py:183} INFO - Processing /home/ubuntu/venv/lib/python3.12/site-packages/airflow/example_dags/example_sensor_decorator.py took 0.067 seconds
[2024-06-27T21:39:18.128+0000] {processor.py:161} INFO - Started process (PID=4518) to work on /home/ubuntu/venv/lib/python3.12/site-packages/airflow/example_dags/example_sensor_decorator.py
[2024-06-27T21:39:18.129+0000] {processor.py:830} INFO - Processing file /home/ubuntu/venv/lib/python3.12/site-packages/airflow/example_dags/example_sensor_decorator.py for tasks to queue
[2024-06-27T21:39:18.130+0000] {logging_mixin.py:188} INFO - [2024-06-27T21:39:18.130+0000] {dagbag.py:545} INFO - Filling up the DagBag from /home/ubuntu/venv/lib/python3.12/site-packages/airflow/example_dags/example_sensor_decorator.py
[2024-06-27T21:39:18.137+0000] {processor.py:840} INFO - DAG(s) 'example_sensor_decorator' retrieved from /home/ubuntu/venv/lib/python3.12/site-packages/airflow/example_dags/example_sensor_decorator.py
[2024-06-27T21:39:18.153+0000] {logging_mixin.py:188} INFO - [2024-06-27T21:39:18.153+0000] {dag.py:3096} INFO - Sync 1 DAGs
[2024-06-27T21:39:18.166+0000] {logging_mixin.py:188} INFO - [2024-06-27T21:39:18.166+0000] {dag.py:3954} INFO - Setting next_dagrun for example_sensor_decorator to None, run_after=None
[2024-06-27T21:39:18.188+0000] {processor.py:183} INFO - Processing /home/ubuntu/venv/lib/python3.12/site-packages/airflow/example_dags/example_sensor_decorator.py took 0.066 seconds
[2024-06-27T21:40:19.160+0000] {processor.py:161} INFO - Started process (PID=4585) to work on /home/ubuntu/venv/lib/python3.12/site-packages/airflow/example_dags/example_sensor_decorator.py
[2024-06-27T21:40:19.166+0000] {processor.py:830} INFO - Processing file /home/ubuntu/venv/lib/python3.12/site-packages/airflow/example_dags/example_sensor_decorator.py for tasks to queue
[2024-06-27T21:40:19.167+0000] {logging_mixin.py:188} INFO - [2024-06-27T21:40:19.166+0000] {dagbag.py:545} INFO - Filling up the DagBag from /home/ubuntu/venv/lib/python3.12/site-packages/airflow/example_dags/example_sensor_decorator.py
[2024-06-27T21:40:19.174+0000] {processor.py:840} INFO - DAG(s) 'example_sensor_decorator' retrieved from /home/ubuntu/venv/lib/python3.12/site-packages/airflow/example_dags/example_sensor_decorator.py
[2024-06-27T21:40:19.191+0000] {logging_mixin.py:188} INFO - [2024-06-27T21:40:19.190+0000] {dag.py:3096} INFO - Sync 1 DAGs
[2024-06-27T21:40:19.203+0000] {logging_mixin.py:188} INFO - [2024-06-27T21:40:19.203+0000] {dag.py:3954} INFO - Setting next_dagrun for example_sensor_decorator to None, run_after=None
[2024-06-27T21:40:19.226+0000] {processor.py:183} INFO - Processing /home/ubuntu/venv/lib/python3.12/site-packages/airflow/example_dags/example_sensor_decorator.py took 0.071 seconds
[2024-06-27T21:41:02.223+0000] {processor.py:161} INFO - Started process (PID=4629) to work on /home/ubuntu/venv/lib/python3.12/site-packages/airflow/example_dags/example_sensor_decorator.py
[2024-06-27T21:41:02.225+0000] {processor.py:830} INFO - Processing file /home/ubuntu/venv/lib/python3.12/site-packages/airflow/example_dags/example_sensor_decorator.py for tasks to queue
[2024-06-27T21:41:02.226+0000] {logging_mixin.py:188} INFO - [2024-06-27T21:41:02.225+0000] {dagbag.py:545} INFO - Filling up the DagBag from /home/ubuntu/venv/lib/python3.12/site-packages/airflow/example_dags/example_sensor_decorator.py
[2024-06-27T21:41:02.232+0000] {processor.py:840} INFO - DAG(s) 'example_sensor_decorator' retrieved from /home/ubuntu/venv/lib/python3.12/site-packages/airflow/example_dags/example_sensor_decorator.py
[2024-06-27T21:41:02.249+0000] {logging_mixin.py:188} INFO - [2024-06-27T21:41:02.249+0000] {dag.py:3096} INFO - Sync 1 DAGs
[2024-06-27T21:41:02.262+0000] {logging_mixin.py:188} INFO - [2024-06-27T21:41:02.262+0000] {dag.py:3954} INFO - Setting next_dagrun for example_sensor_decorator to None, run_after=None
[2024-06-27T21:41:02.286+0000] {processor.py:183} INFO - Processing /home/ubuntu/venv/lib/python3.12/site-packages/airflow/example_dags/example_sensor_decorator.py took 0.069 seconds
[2024-06-27T21:41:47.759+0000] {processor.py:161} INFO - Started process (PID=4676) to work on /home/ubuntu/venv/lib/python3.12/site-packages/airflow/example_dags/example_sensor_decorator.py
[2024-06-27T21:41:47.761+0000] {processor.py:830} INFO - Processing file /home/ubuntu/venv/lib/python3.12/site-packages/airflow/example_dags/example_sensor_decorator.py for tasks to queue
[2024-06-27T21:41:47.762+0000] {logging_mixin.py:188} INFO - [2024-06-27T21:41:47.761+0000] {dagbag.py:545} INFO - Filling up the DagBag from /home/ubuntu/venv/lib/python3.12/site-packages/airflow/example_dags/example_sensor_decorator.py
[2024-06-27T21:41:47.768+0000] {processor.py:840} INFO - DAG(s) 'example_sensor_decorator' retrieved from /home/ubuntu/venv/lib/python3.12/site-packages/airflow/example_dags/example_sensor_decorator.py
[2024-06-27T21:41:47.785+0000] {logging_mixin.py:188} INFO - [2024-06-27T21:41:47.785+0000] {dag.py:3096} INFO - Sync 1 DAGs
[2024-06-27T21:41:47.797+0000] {logging_mixin.py:188} INFO - [2024-06-27T21:41:47.797+0000] {dag.py:3954} INFO - Setting next_dagrun for example_sensor_decorator to None, run_after=None
[2024-06-27T21:41:47.820+0000] {processor.py:183} INFO - Processing /home/ubuntu/venv/lib/python3.12/site-packages/airflow/example_dags/example_sensor_decorator.py took 0.066 seconds
[2024-06-27T21:42:31.320+0000] {processor.py:161} INFO - Started process (PID=4721) to work on /home/ubuntu/venv/lib/python3.12/site-packages/airflow/example_dags/example_sensor_decorator.py
[2024-06-27T21:42:31.321+0000] {processor.py:830} INFO - Processing file /home/ubuntu/venv/lib/python3.12/site-packages/airflow/example_dags/example_sensor_decorator.py for tasks to queue
[2024-06-27T21:42:31.322+0000] {logging_mixin.py:188} INFO - [2024-06-27T21:42:31.321+0000] {dagbag.py:545} INFO - Filling up the DagBag from /home/ubuntu/venv/lib/python3.12/site-packages/airflow/example_dags/example_sensor_decorator.py
[2024-06-27T21:42:31.328+0000] {processor.py:840} INFO - DAG(s) 'example_sensor_decorator' retrieved from /home/ubuntu/venv/lib/python3.12/site-packages/airflow/example_dags/example_sensor_decorator.py
[2024-06-27T21:42:31.345+0000] {logging_mixin.py:188} INFO - [2024-06-27T21:42:31.345+0000] {dag.py:3096} INFO - Sync 1 DAGs
[2024-06-27T21:42:31.357+0000] {logging_mixin.py:188} INFO - [2024-06-27T21:42:31.357+0000] {dag.py:3954} INFO - Setting next_dagrun for example_sensor_decorator to None, run_after=None
[2024-06-27T21:42:31.379+0000] {processor.py:183} INFO - Processing /home/ubuntu/venv/lib/python3.12/site-packages/airflow/example_dags/example_sensor_decorator.py took 0.066 seconds
[2024-06-27T21:43:34.952+0000] {processor.py:161} INFO - Started process (PID=4785) to work on /home/ubuntu/venv/lib/python3.12/site-packages/airflow/example_dags/example_sensor_decorator.py
[2024-06-27T21:43:34.953+0000] {processor.py:830} INFO - Processing file /home/ubuntu/venv/lib/python3.12/site-packages/airflow/example_dags/example_sensor_decorator.py for tasks to queue
[2024-06-27T21:43:34.954+0000] {logging_mixin.py:188} INFO - [2024-06-27T21:43:34.954+0000] {dagbag.py:545} INFO - Filling up the DagBag from /home/ubuntu/venv/lib/python3.12/site-packages/airflow/example_dags/example_sensor_decorator.py
[2024-06-27T21:43:34.961+0000] {processor.py:840} INFO - DAG(s) 'example_sensor_decorator' retrieved from /home/ubuntu/venv/lib/python3.12/site-packages/airflow/example_dags/example_sensor_decorator.py
[2024-06-27T21:43:34.978+0000] {logging_mixin.py:188} INFO - [2024-06-27T21:43:34.978+0000] {dag.py:3096} INFO - Sync 1 DAGs
[2024-06-27T21:43:34.990+0000] {logging_mixin.py:188} INFO - [2024-06-27T21:43:34.990+0000] {dag.py:3954} INFO - Setting next_dagrun for example_sensor_decorator to None, run_after=None
[2024-06-27T21:43:35.013+0000] {processor.py:183} INFO - Processing /home/ubuntu/venv/lib/python3.12/site-packages/airflow/example_dags/example_sensor_decorator.py took 0.067 seconds
[2024-06-27T21:44:20.021+0000] {processor.py:161} INFO - Started process (PID=4831) to work on /home/ubuntu/venv/lib/python3.12/site-packages/airflow/example_dags/example_sensor_decorator.py
[2024-06-27T21:44:20.022+0000] {processor.py:830} INFO - Processing file /home/ubuntu/venv/lib/python3.12/site-packages/airflow/example_dags/example_sensor_decorator.py for tasks to queue
[2024-06-27T21:44:20.023+0000] {logging_mixin.py:188} INFO - [2024-06-27T21:44:20.023+0000] {dagbag.py:545} INFO - Filling up the DagBag from /home/ubuntu/venv/lib/python3.12/site-packages/airflow/example_dags/example_sensor_decorator.py
[2024-06-27T21:44:20.031+0000] {processor.py:840} INFO - DAG(s) 'example_sensor_decorator' retrieved from /home/ubuntu/venv/lib/python3.12/site-packages/airflow/example_dags/example_sensor_decorator.py
[2024-06-27T21:44:20.048+0000] {logging_mixin.py:188} INFO - [2024-06-27T21:44:20.047+0000] {dag.py:3096} INFO - Sync 1 DAGs
[2024-06-27T21:44:20.060+0000] {logging_mixin.py:188} INFO - [2024-06-27T21:44:20.060+0000] {dag.py:3954} INFO - Setting next_dagrun for example_sensor_decorator to None, run_after=None
[2024-06-27T21:44:20.085+0000] {processor.py:183} INFO - Processing /home/ubuntu/venv/lib/python3.12/site-packages/airflow/example_dags/example_sensor_decorator.py took 0.070 seconds
[2024-06-27T21:45:05.019+0000] {processor.py:161} INFO - Started process (PID=4923) to work on /home/ubuntu/venv/lib/python3.12/site-packages/airflow/example_dags/example_sensor_decorator.py
[2024-06-27T21:45:05.020+0000] {processor.py:830} INFO - Processing file /home/ubuntu/venv/lib/python3.12/site-packages/airflow/example_dags/example_sensor_decorator.py for tasks to queue
[2024-06-27T21:45:05.021+0000] {logging_mixin.py:188} INFO - [2024-06-27T21:45:05.021+0000] {dagbag.py:545} INFO - Filling up the DagBag from /home/ubuntu/venv/lib/python3.12/site-packages/airflow/example_dags/example_sensor_decorator.py
[2024-06-27T21:45:05.029+0000] {processor.py:840} INFO - DAG(s) 'example_sensor_decorator' retrieved from /home/ubuntu/venv/lib/python3.12/site-packages/airflow/example_dags/example_sensor_decorator.py
[2024-06-27T21:45:05.046+0000] {logging_mixin.py:188} INFO - [2024-06-27T21:45:05.046+0000] {dag.py:3096} INFO - Sync 1 DAGs
[2024-06-27T21:45:05.059+0000] {logging_mixin.py:188} INFO - [2024-06-27T21:45:05.059+0000] {dag.py:3954} INFO - Setting next_dagrun for example_sensor_decorator to None, run_after=None
[2024-06-27T21:45:05.083+0000] {processor.py:183} INFO - Processing /home/ubuntu/venv/lib/python3.12/site-packages/airflow/example_dags/example_sensor_decorator.py took 0.071 seconds
[2024-06-27T21:45:51.734+0000] {processor.py:161} INFO - Started process (PID=4971) to work on /home/ubuntu/venv/lib/python3.12/site-packages/airflow/example_dags/example_sensor_decorator.py
[2024-06-27T21:45:51.736+0000] {processor.py:830} INFO - Processing file /home/ubuntu/venv/lib/python3.12/site-packages/airflow/example_dags/example_sensor_decorator.py for tasks to queue
[2024-06-27T21:45:51.737+0000] {logging_mixin.py:188} INFO - [2024-06-27T21:45:51.736+0000] {dagbag.py:545} INFO - Filling up the DagBag from /home/ubuntu/venv/lib/python3.12/site-packages/airflow/example_dags/example_sensor_decorator.py
[2024-06-27T21:45:51.744+0000] {processor.py:840} INFO - DAG(s) 'example_sensor_decorator' retrieved from /home/ubuntu/venv/lib/python3.12/site-packages/airflow/example_dags/example_sensor_decorator.py
[2024-06-27T21:45:51.761+0000] {logging_mixin.py:188} INFO - [2024-06-27T21:45:51.760+0000] {dag.py:3096} INFO - Sync 1 DAGs
[2024-06-27T21:45:51.773+0000] {logging_mixin.py:188} INFO - [2024-06-27T21:45:51.773+0000] {dag.py:3954} INFO - Setting next_dagrun for example_sensor_decorator to None, run_after=None
[2024-06-27T21:45:51.899+0000] {processor.py:183} INFO - Processing /home/ubuntu/venv/lib/python3.12/site-packages/airflow/example_dags/example_sensor_decorator.py took 0.171 seconds
[2024-06-27T21:46:43.021+0000] {processor.py:161} INFO - Started process (PID=5018) to work on /home/ubuntu/venv/lib/python3.12/site-packages/airflow/example_dags/example_sensor_decorator.py
[2024-06-27T21:46:43.022+0000] {processor.py:830} INFO - Processing file /home/ubuntu/venv/lib/python3.12/site-packages/airflow/example_dags/example_sensor_decorator.py for tasks to queue
[2024-06-27T21:46:43.023+0000] {logging_mixin.py:188} INFO - [2024-06-27T21:46:43.023+0000] {dagbag.py:545} INFO - Filling up the DagBag from /home/ubuntu/venv/lib/python3.12/site-packages/airflow/example_dags/example_sensor_decorator.py
[2024-06-27T21:46:43.030+0000] {processor.py:840} INFO - DAG(s) 'example_sensor_decorator' retrieved from /home/ubuntu/venv/lib/python3.12/site-packages/airflow/example_dags/example_sensor_decorator.py
[2024-06-27T21:46:43.047+0000] {logging_mixin.py:188} INFO - [2024-06-27T21:46:43.047+0000] {dag.py:3096} INFO - Sync 1 DAGs
[2024-06-27T21:46:43.060+0000] {logging_mixin.py:188} INFO - [2024-06-27T21:46:43.059+0000] {dag.py:3954} INFO - Setting next_dagrun for example_sensor_decorator to None, run_after=None
[2024-06-27T21:46:43.084+0000] {processor.py:183} INFO - Processing /home/ubuntu/venv/lib/python3.12/site-packages/airflow/example_dags/example_sensor_decorator.py took 0.069 seconds
[2024-06-27T21:47:31.104+0000] {processor.py:161} INFO - Started process (PID=5072) to work on /home/ubuntu/venv/lib/python3.12/site-packages/airflow/example_dags/example_sensor_decorator.py
[2024-06-27T21:47:31.105+0000] {processor.py:830} INFO - Processing file /home/ubuntu/venv/lib/python3.12/site-packages/airflow/example_dags/example_sensor_decorator.py for tasks to queue
[2024-06-27T21:47:31.106+0000] {logging_mixin.py:188} INFO - [2024-06-27T21:47:31.106+0000] {dagbag.py:545} INFO - Filling up the DagBag from /home/ubuntu/venv/lib/python3.12/site-packages/airflow/example_dags/example_sensor_decorator.py
[2024-06-27T21:47:31.114+0000] {processor.py:840} INFO - DAG(s) 'example_sensor_decorator' retrieved from /home/ubuntu/venv/lib/python3.12/site-packages/airflow/example_dags/example_sensor_decorator.py
[2024-06-27T21:47:31.131+0000] {logging_mixin.py:188} INFO - [2024-06-27T21:47:31.131+0000] {dag.py:3096} INFO - Sync 1 DAGs
[2024-06-27T21:47:31.143+0000] {logging_mixin.py:188} INFO - [2024-06-27T21:47:31.143+0000] {dag.py:3954} INFO - Setting next_dagrun for example_sensor_decorator to None, run_after=None
[2024-06-27T21:47:31.166+0000] {processor.py:183} INFO - Processing /home/ubuntu/venv/lib/python3.12/site-packages/airflow/example_dags/example_sensor_decorator.py took 0.069 seconds
[2024-06-27T21:48:17.638+0000] {processor.py:161} INFO - Started process (PID=5239) to work on /home/ubuntu/venv/lib/python3.12/site-packages/airflow/example_dags/example_sensor_decorator.py
[2024-06-27T21:48:17.640+0000] {processor.py:830} INFO - Processing file /home/ubuntu/venv/lib/python3.12/site-packages/airflow/example_dags/example_sensor_decorator.py for tasks to queue
[2024-06-27T21:48:17.640+0000] {logging_mixin.py:188} INFO - [2024-06-27T21:48:17.640+0000] {dagbag.py:545} INFO - Filling up the DagBag from /home/ubuntu/venv/lib/python3.12/site-packages/airflow/example_dags/example_sensor_decorator.py
[2024-06-27T21:48:17.647+0000] {processor.py:840} INFO - DAG(s) 'example_sensor_decorator' retrieved from /home/ubuntu/venv/lib/python3.12/site-packages/airflow/example_dags/example_sensor_decorator.py
[2024-06-27T21:48:17.665+0000] {logging_mixin.py:188} INFO - [2024-06-27T21:48:17.664+0000] {dag.py:3096} INFO - Sync 1 DAGs
[2024-06-27T21:48:17.678+0000] {logging_mixin.py:188} INFO - [2024-06-27T21:48:17.678+0000] {dag.py:3954} INFO - Setting next_dagrun for example_sensor_decorator to None, run_after=None
[2024-06-27T21:48:17.701+0000] {processor.py:183} INFO - Processing /home/ubuntu/venv/lib/python3.12/site-packages/airflow/example_dags/example_sensor_decorator.py took 0.071 seconds
[2024-06-27T21:49:01.936+0000] {processor.py:161} INFO - Started process (PID=5286) to work on /home/ubuntu/venv/lib/python3.12/site-packages/airflow/example_dags/example_sensor_decorator.py
[2024-06-27T21:49:01.937+0000] {processor.py:830} INFO - Processing file /home/ubuntu/venv/lib/python3.12/site-packages/airflow/example_dags/example_sensor_decorator.py for tasks to queue
[2024-06-27T21:49:01.938+0000] {logging_mixin.py:188} INFO - [2024-06-27T21:49:01.938+0000] {dagbag.py:545} INFO - Filling up the DagBag from /home/ubuntu/venv/lib/python3.12/site-packages/airflow/example_dags/example_sensor_decorator.py
[2024-06-27T21:49:01.945+0000] {processor.py:840} INFO - DAG(s) 'example_sensor_decorator' retrieved from /home/ubuntu/venv/lib/python3.12/site-packages/airflow/example_dags/example_sensor_decorator.py
[2024-06-27T21:49:01.962+0000] {logging_mixin.py:188} INFO - [2024-06-27T21:49:01.962+0000] {dag.py:3096} INFO - Sync 1 DAGs
[2024-06-27T21:49:01.975+0000] {logging_mixin.py:188} INFO - [2024-06-27T21:49:01.974+0000] {dag.py:3954} INFO - Setting next_dagrun for example_sensor_decorator to None, run_after=None
[2024-06-27T21:49:01.998+0000] {processor.py:183} INFO - Processing /home/ubuntu/venv/lib/python3.12/site-packages/airflow/example_dags/example_sensor_decorator.py took 0.070 seconds
[2024-06-27T21:50:01.534+0000] {processor.py:161} INFO - Started process (PID=5348) to work on /home/ubuntu/venv/lib/python3.12/site-packages/airflow/example_dags/example_sensor_decorator.py
[2024-06-27T21:50:01.535+0000] {processor.py:830} INFO - Processing file /home/ubuntu/venv/lib/python3.12/site-packages/airflow/example_dags/example_sensor_decorator.py for tasks to queue
[2024-06-27T21:50:01.536+0000] {logging_mixin.py:188} INFO - [2024-06-27T21:50:01.536+0000] {dagbag.py:545} INFO - Filling up the DagBag from /home/ubuntu/venv/lib/python3.12/site-packages/airflow/example_dags/example_sensor_decorator.py
[2024-06-27T21:50:01.543+0000] {processor.py:840} INFO - DAG(s) 'example_sensor_decorator' retrieved from /home/ubuntu/venv/lib/python3.12/site-packages/airflow/example_dags/example_sensor_decorator.py
[2024-06-27T21:50:01.561+0000] {logging_mixin.py:188} INFO - [2024-06-27T21:50:01.560+0000] {dag.py:3096} INFO - Sync 1 DAGs
[2024-06-27T21:50:01.573+0000] {logging_mixin.py:188} INFO - [2024-06-27T21:50:01.573+0000] {dag.py:3954} INFO - Setting next_dagrun for example_sensor_decorator to None, run_after=None
[2024-06-27T21:50:01.597+0000] {processor.py:183} INFO - Processing /home/ubuntu/venv/lib/python3.12/site-packages/airflow/example_dags/example_sensor_decorator.py took 0.072 seconds
