[2024-06-27T21:19:39.379+0000] {processor.py:161} INFO - Started process (PID=2940) to work on /home/ubuntu/venv/lib/python3.12/site-packages/airflow/example_dags/example_xcomargs.py
[2024-06-27T21:19:39.380+0000] {processor.py:830} INFO - Processing file /home/ubuntu/venv/lib/python3.12/site-packages/airflow/example_dags/example_xcomargs.py for tasks to queue
[2024-06-27T21:19:39.383+0000] {logging_mixin.py:188} INFO - [2024-06-27T21:19:39.382+0000] {dagbag.py:545} INFO - Filling up the DagBag from /home/ubuntu/venv/lib/python3.12/site-packages/airflow/example_dags/example_xcomargs.py
[2024-06-27T21:19:39.394+0000] {processor.py:840} INFO - DAG(s) 'example_xcom_args_with_operators', 'example_xcom_args' retrieved from /home/ubuntu/venv/lib/python3.12/site-packages/airflow/example_dags/example_xcomargs.py
[2024-06-27T21:19:39.523+0000] {logging_mixin.py:188} INFO - [2024-06-27T21:19:39.522+0000] {override.py:1847} INFO - Created Permission View: can read on DAG:example_xcom_args_with_operators
[2024-06-27T21:19:39.537+0000] {logging_mixin.py:188} INFO - [2024-06-27T21:19:39.537+0000] {override.py:1847} INFO - Created Permission View: can delete on DAG:example_xcom_args_with_operators
[2024-06-27T21:19:39.547+0000] {logging_mixin.py:188} INFO - [2024-06-27T21:19:39.547+0000] {override.py:1847} INFO - Created Permission View: can edit on DAG:example_xcom_args_with_operators
[2024-06-27T21:19:39.567+0000] {logging_mixin.py:188} INFO - [2024-06-27T21:19:39.567+0000] {override.py:1847} INFO - Created Permission View: can read on DAG:example_xcom_args
[2024-06-27T21:19:39.577+0000] {logging_mixin.py:188} INFO - [2024-06-27T21:19:39.577+0000] {override.py:1847} INFO - Created Permission View: can delete on DAG:example_xcom_args
[2024-06-27T21:19:39.587+0000] {logging_mixin.py:188} INFO - [2024-06-27T21:19:39.586+0000] {override.py:1847} INFO - Created Permission View: can edit on DAG:example_xcom_args
[2024-06-27T21:19:39.587+0000] {logging_mixin.py:188} INFO - [2024-06-27T21:19:39.587+0000] {dag.py:3096} INFO - Sync 2 DAGs
[2024-06-27T21:19:39.598+0000] {logging_mixin.py:188} INFO - [2024-06-27T21:19:39.597+0000] {dag.py:3118} INFO - Creating ORM DAG for example_xcom_args_with_operators
[2024-06-27T21:19:39.598+0000] {logging_mixin.py:188} INFO - [2024-06-27T21:19:39.598+0000] {dag.py:3118} INFO - Creating ORM DAG for example_xcom_args
[2024-06-27T21:19:39.599+0000] {logging_mixin.py:188} INFO - [2024-06-27T21:19:39.599+0000] {dag.py:3954} INFO - Setting next_dagrun for example_xcom_args to None, run_after=None
[2024-06-27T21:19:39.599+0000] {logging_mixin.py:188} INFO - [2024-06-27T21:19:39.599+0000] {dag.py:3954} INFO - Setting next_dagrun for example_xcom_args_with_operators to None, run_after=None
[2024-06-27T21:19:39.621+0000] {processor.py:183} INFO - Processing /home/ubuntu/venv/lib/python3.12/site-packages/airflow/example_dags/example_xcomargs.py took 0.248 seconds
[2024-06-27T21:20:35.832+0000] {processor.py:161} INFO - Started process (PID=3001) to work on /home/ubuntu/venv/lib/python3.12/site-packages/airflow/example_dags/example_xcomargs.py
[2024-06-27T21:20:35.833+0000] {processor.py:830} INFO - Processing file /home/ubuntu/venv/lib/python3.12/site-packages/airflow/example_dags/example_xcomargs.py for tasks to queue
[2024-06-27T21:20:35.835+0000] {logging_mixin.py:188} INFO - [2024-06-27T21:20:35.835+0000] {dagbag.py:545} INFO - Filling up the DagBag from /home/ubuntu/venv/lib/python3.12/site-packages/airflow/example_dags/example_xcomargs.py
[2024-06-27T21:20:35.844+0000] {processor.py:840} INFO - DAG(s) 'example_xcom_args_with_operators', 'example_xcom_args' retrieved from /home/ubuntu/venv/lib/python3.12/site-packages/airflow/example_dags/example_xcomargs.py
[2024-06-27T21:20:35.864+0000] {logging_mixin.py:188} INFO - [2024-06-27T21:20:35.864+0000] {dag.py:3096} INFO - Sync 2 DAGs
[2024-06-27T21:20:35.877+0000] {logging_mixin.py:188} INFO - [2024-06-27T21:20:35.876+0000] {dag.py:3954} INFO - Setting next_dagrun for example_xcom_args to None, run_after=None
[2024-06-27T21:20:35.880+0000] {logging_mixin.py:188} INFO - [2024-06-27T21:20:35.880+0000] {dag.py:3954} INFO - Setting next_dagrun for example_xcom_args_with_operators to None, run_after=None
[2024-06-27T21:20:35.902+0000] {processor.py:183} INFO - Processing /home/ubuntu/venv/lib/python3.12/site-packages/airflow/example_dags/example_xcomargs.py took 0.076 seconds
[2024-06-27T21:21:22.467+0000] {processor.py:161} INFO - Started process (PID=3328) to work on /home/ubuntu/venv/lib/python3.12/site-packages/airflow/example_dags/example_xcomargs.py
[2024-06-27T21:21:22.468+0000] {processor.py:830} INFO - Processing file /home/ubuntu/venv/lib/python3.12/site-packages/airflow/example_dags/example_xcomargs.py for tasks to queue
[2024-06-27T21:21:22.470+0000] {logging_mixin.py:188} INFO - [2024-06-27T21:21:22.470+0000] {dagbag.py:545} INFO - Filling up the DagBag from /home/ubuntu/venv/lib/python3.12/site-packages/airflow/example_dags/example_xcomargs.py
[2024-06-27T21:21:22.480+0000] {processor.py:840} INFO - DAG(s) 'example_xcom_args_with_operators', 'example_xcom_args' retrieved from /home/ubuntu/venv/lib/python3.12/site-packages/airflow/example_dags/example_xcomargs.py
[2024-06-27T21:21:22.500+0000] {logging_mixin.py:188} INFO - [2024-06-27T21:21:22.500+0000] {dag.py:3096} INFO - Sync 2 DAGs
[2024-06-27T21:21:22.513+0000] {logging_mixin.py:188} INFO - [2024-06-27T21:21:22.512+0000] {dag.py:3954} INFO - Setting next_dagrun for example_xcom_args to None, run_after=None
[2024-06-27T21:21:22.516+0000] {logging_mixin.py:188} INFO - [2024-06-27T21:21:22.516+0000] {dag.py:3954} INFO - Setting next_dagrun for example_xcom_args_with_operators to None, run_after=None
[2024-06-27T21:21:22.537+0000] {processor.py:183} INFO - Processing /home/ubuntu/venv/lib/python3.12/site-packages/airflow/example_dags/example_xcomargs.py took 0.076 seconds
[2024-06-27T21:22:11.135+0000] {processor.py:161} INFO - Started process (PID=3393) to work on /home/ubuntu/venv/lib/python3.12/site-packages/airflow/example_dags/example_xcomargs.py
[2024-06-27T21:22:11.137+0000] {processor.py:830} INFO - Processing file /home/ubuntu/venv/lib/python3.12/site-packages/airflow/example_dags/example_xcomargs.py for tasks to queue
[2024-06-27T21:22:11.138+0000] {logging_mixin.py:188} INFO - [2024-06-27T21:22:11.138+0000] {dagbag.py:545} INFO - Filling up the DagBag from /home/ubuntu/venv/lib/python3.12/site-packages/airflow/example_dags/example_xcomargs.py
[2024-06-27T21:22:11.148+0000] {processor.py:840} INFO - DAG(s) 'example_xcom_args_with_operators', 'example_xcom_args' retrieved from /home/ubuntu/venv/lib/python3.12/site-packages/airflow/example_dags/example_xcomargs.py
[2024-06-27T21:22:11.168+0000] {logging_mixin.py:188} INFO - [2024-06-27T21:22:11.167+0000] {dag.py:3096} INFO - Sync 2 DAGs
[2024-06-27T21:22:11.181+0000] {logging_mixin.py:188} INFO - [2024-06-27T21:22:11.181+0000] {dag.py:3954} INFO - Setting next_dagrun for example_xcom_args to None, run_after=None
[2024-06-27T21:22:11.185+0000] {logging_mixin.py:188} INFO - [2024-06-27T21:22:11.184+0000] {dag.py:3954} INFO - Setting next_dagrun for example_xcom_args_with_operators to None, run_after=None
[2024-06-27T21:22:11.209+0000] {processor.py:183} INFO - Processing /home/ubuntu/venv/lib/python3.12/site-packages/airflow/example_dags/example_xcomargs.py took 0.080 seconds
[2024-06-27T21:22:53.502+0000] {processor.py:161} INFO - Started process (PID=3438) to work on /home/ubuntu/venv/lib/python3.12/site-packages/airflow/example_dags/example_xcomargs.py
[2024-06-27T21:22:53.504+0000] {processor.py:830} INFO - Processing file /home/ubuntu/venv/lib/python3.12/site-packages/airflow/example_dags/example_xcomargs.py for tasks to queue
[2024-06-27T21:22:53.506+0000] {logging_mixin.py:188} INFO - [2024-06-27T21:22:53.505+0000] {dagbag.py:545} INFO - Filling up the DagBag from /home/ubuntu/venv/lib/python3.12/site-packages/airflow/example_dags/example_xcomargs.py
[2024-06-27T21:22:53.515+0000] {processor.py:840} INFO - DAG(s) 'example_xcom_args_with_operators', 'example_xcom_args' retrieved from /home/ubuntu/venv/lib/python3.12/site-packages/airflow/example_dags/example_xcomargs.py
[2024-06-27T21:22:53.533+0000] {logging_mixin.py:188} INFO - [2024-06-27T21:22:53.533+0000] {dag.py:3096} INFO - Sync 2 DAGs
[2024-06-27T21:22:53.546+0000] {logging_mixin.py:188} INFO - [2024-06-27T21:22:53.546+0000] {dag.py:3954} INFO - Setting next_dagrun for example_xcom_args to None, run_after=None
[2024-06-27T21:22:53.549+0000] {logging_mixin.py:188} INFO - [2024-06-27T21:22:53.549+0000] {dag.py:3954} INFO - Setting next_dagrun for example_xcom_args_with_operators to None, run_after=None
[2024-06-27T21:22:53.569+0000] {processor.py:183} INFO - Processing /home/ubuntu/venv/lib/python3.12/site-packages/airflow/example_dags/example_xcomargs.py took 0.073 seconds
[2024-06-27T21:23:31.438+0000] {processor.py:161} INFO - Started process (PID=3481) to work on /home/ubuntu/venv/lib/python3.12/site-packages/airflow/example_dags/example_xcomargs.py
[2024-06-27T21:23:31.439+0000] {processor.py:830} INFO - Processing file /home/ubuntu/venv/lib/python3.12/site-packages/airflow/example_dags/example_xcomargs.py for tasks to queue
[2024-06-27T21:23:31.441+0000] {logging_mixin.py:188} INFO - [2024-06-27T21:23:31.440+0000] {dagbag.py:545} INFO - Filling up the DagBag from /home/ubuntu/venv/lib/python3.12/site-packages/airflow/example_dags/example_xcomargs.py
[2024-06-27T21:23:31.450+0000] {processor.py:840} INFO - DAG(s) 'example_xcom_args_with_operators', 'example_xcom_args' retrieved from /home/ubuntu/venv/lib/python3.12/site-packages/airflow/example_dags/example_xcomargs.py
[2024-06-27T21:23:31.469+0000] {logging_mixin.py:188} INFO - [2024-06-27T21:23:31.469+0000] {dag.py:3096} INFO - Sync 2 DAGs
[2024-06-27T21:23:31.481+0000] {logging_mixin.py:188} INFO - [2024-06-27T21:23:31.481+0000] {dag.py:3954} INFO - Setting next_dagrun for example_xcom_args to None, run_after=None
[2024-06-27T21:23:31.485+0000] {logging_mixin.py:188} INFO - [2024-06-27T21:23:31.485+0000] {dag.py:3954} INFO - Setting next_dagrun for example_xcom_args_with_operators to None, run_after=None
[2024-06-27T21:23:31.505+0000] {processor.py:183} INFO - Processing /home/ubuntu/venv/lib/python3.12/site-packages/airflow/example_dags/example_xcomargs.py took 0.074 seconds
[2024-06-27T21:24:10.755+0000] {processor.py:161} INFO - Started process (PID=3522) to work on /home/ubuntu/venv/lib/python3.12/site-packages/airflow/example_dags/example_xcomargs.py
[2024-06-27T21:24:10.756+0000] {processor.py:830} INFO - Processing file /home/ubuntu/venv/lib/python3.12/site-packages/airflow/example_dags/example_xcomargs.py for tasks to queue
[2024-06-27T21:24:10.758+0000] {logging_mixin.py:188} INFO - [2024-06-27T21:24:10.758+0000] {dagbag.py:545} INFO - Filling up the DagBag from /home/ubuntu/venv/lib/python3.12/site-packages/airflow/example_dags/example_xcomargs.py
[2024-06-27T21:24:10.767+0000] {processor.py:840} INFO - DAG(s) 'example_xcom_args', 'example_xcom_args_with_operators' retrieved from /home/ubuntu/venv/lib/python3.12/site-packages/airflow/example_dags/example_xcomargs.py
[2024-06-27T21:24:10.787+0000] {logging_mixin.py:188} INFO - [2024-06-27T21:24:10.786+0000] {dag.py:3096} INFO - Sync 2 DAGs
[2024-06-27T21:24:10.799+0000] {logging_mixin.py:188} INFO - [2024-06-27T21:24:10.799+0000] {dag.py:3954} INFO - Setting next_dagrun for example_xcom_args to None, run_after=None
[2024-06-27T21:24:10.802+0000] {logging_mixin.py:188} INFO - [2024-06-27T21:24:10.802+0000] {dag.py:3954} INFO - Setting next_dagrun for example_xcom_args_with_operators to None, run_after=None
[2024-06-27T21:24:10.823+0000] {processor.py:183} INFO - Processing /home/ubuntu/venv/lib/python3.12/site-packages/airflow/example_dags/example_xcomargs.py took 0.074 seconds
[2024-06-27T21:24:50.978+0000] {processor.py:161} INFO - Started process (PID=3565) to work on /home/ubuntu/venv/lib/python3.12/site-packages/airflow/example_dags/example_xcomargs.py
[2024-06-27T21:24:50.979+0000] {processor.py:830} INFO - Processing file /home/ubuntu/venv/lib/python3.12/site-packages/airflow/example_dags/example_xcomargs.py for tasks to queue
[2024-06-27T21:24:50.980+0000] {logging_mixin.py:188} INFO - [2024-06-27T21:24:50.980+0000] {dagbag.py:545} INFO - Filling up the DagBag from /home/ubuntu/venv/lib/python3.12/site-packages/airflow/example_dags/example_xcomargs.py
[2024-06-27T21:24:50.989+0000] {processor.py:840} INFO - DAG(s) 'example_xcom_args', 'example_xcom_args_with_operators' retrieved from /home/ubuntu/venv/lib/python3.12/site-packages/airflow/example_dags/example_xcomargs.py
[2024-06-27T21:24:51.009+0000] {logging_mixin.py:188} INFO - [2024-06-27T21:24:51.009+0000] {dag.py:3096} INFO - Sync 2 DAGs
[2024-06-27T21:24:51.022+0000] {logging_mixin.py:188} INFO - [2024-06-27T21:24:51.022+0000] {dag.py:3954} INFO - Setting next_dagrun for example_xcom_args to None, run_after=None
[2024-06-27T21:24:51.025+0000] {logging_mixin.py:188} INFO - [2024-06-27T21:24:51.025+0000] {dag.py:3954} INFO - Setting next_dagrun for example_xcom_args_with_operators to None, run_after=None
[2024-06-27T21:24:51.045+0000] {processor.py:183} INFO - Processing /home/ubuntu/venv/lib/python3.12/site-packages/airflow/example_dags/example_xcomargs.py took 0.073 seconds
[2024-06-27T21:25:34.432+0000] {processor.py:161} INFO - Started process (PID=3618) to work on /home/ubuntu/venv/lib/python3.12/site-packages/airflow/example_dags/example_xcomargs.py
[2024-06-27T21:25:34.433+0000] {processor.py:830} INFO - Processing file /home/ubuntu/venv/lib/python3.12/site-packages/airflow/example_dags/example_xcomargs.py for tasks to queue
[2024-06-27T21:25:34.434+0000] {logging_mixin.py:188} INFO - [2024-06-27T21:25:34.434+0000] {dagbag.py:545} INFO - Filling up the DagBag from /home/ubuntu/venv/lib/python3.12/site-packages/airflow/example_dags/example_xcomargs.py
[2024-06-27T21:25:34.444+0000] {processor.py:840} INFO - DAG(s) 'example_xcom_args', 'example_xcom_args_with_operators' retrieved from /home/ubuntu/venv/lib/python3.12/site-packages/airflow/example_dags/example_xcomargs.py
[2024-06-27T21:25:34.464+0000] {logging_mixin.py:188} INFO - [2024-06-27T21:25:34.464+0000] {dag.py:3096} INFO - Sync 2 DAGs
[2024-06-27T21:25:34.478+0000] {logging_mixin.py:188} INFO - [2024-06-27T21:25:34.478+0000] {dag.py:3954} INFO - Setting next_dagrun for example_xcom_args to None, run_after=None
[2024-06-27T21:25:34.482+0000] {logging_mixin.py:188} INFO - [2024-06-27T21:25:34.481+0000] {dag.py:3954} INFO - Setting next_dagrun for example_xcom_args_with_operators to None, run_after=None
[2024-06-27T21:25:34.502+0000] {processor.py:183} INFO - Processing /home/ubuntu/venv/lib/python3.12/site-packages/airflow/example_dags/example_xcomargs.py took 0.076 seconds
[2024-06-27T21:26:15.853+0000] {processor.py:161} INFO - Started process (PID=3660) to work on /home/ubuntu/venv/lib/python3.12/site-packages/airflow/example_dags/example_xcomargs.py
[2024-06-27T21:26:15.854+0000] {processor.py:830} INFO - Processing file /home/ubuntu/venv/lib/python3.12/site-packages/airflow/example_dags/example_xcomargs.py for tasks to queue
[2024-06-27T21:26:15.855+0000] {logging_mixin.py:188} INFO - [2024-06-27T21:26:15.855+0000] {dagbag.py:545} INFO - Filling up the DagBag from /home/ubuntu/venv/lib/python3.12/site-packages/airflow/example_dags/example_xcomargs.py
[2024-06-27T21:26:15.865+0000] {processor.py:840} INFO - DAG(s) 'example_xcom_args', 'example_xcom_args_with_operators' retrieved from /home/ubuntu/venv/lib/python3.12/site-packages/airflow/example_dags/example_xcomargs.py
[2024-06-27T21:26:15.885+0000] {logging_mixin.py:188} INFO - [2024-06-27T21:26:15.885+0000] {dag.py:3096} INFO - Sync 2 DAGs
[2024-06-27T21:26:15.898+0000] {logging_mixin.py:188} INFO - [2024-06-27T21:26:15.898+0000] {dag.py:3954} INFO - Setting next_dagrun for example_xcom_args to None, run_after=None
[2024-06-27T21:26:15.901+0000] {logging_mixin.py:188} INFO - [2024-06-27T21:26:15.901+0000] {dag.py:3954} INFO - Setting next_dagrun for example_xcom_args_with_operators to None, run_after=None
[2024-06-27T21:26:15.922+0000] {processor.py:183} INFO - Processing /home/ubuntu/venv/lib/python3.12/site-packages/airflow/example_dags/example_xcomargs.py took 0.075 seconds
[2024-06-27T21:26:59.919+0000] {processor.py:161} INFO - Started process (PID=3705) to work on /home/ubuntu/venv/lib/python3.12/site-packages/airflow/example_dags/example_xcomargs.py
[2024-06-27T21:26:59.921+0000] {processor.py:830} INFO - Processing file /home/ubuntu/venv/lib/python3.12/site-packages/airflow/example_dags/example_xcomargs.py for tasks to queue
[2024-06-27T21:26:59.922+0000] {logging_mixin.py:188} INFO - [2024-06-27T21:26:59.921+0000] {dagbag.py:545} INFO - Filling up the DagBag from /home/ubuntu/venv/lib/python3.12/site-packages/airflow/example_dags/example_xcomargs.py
[2024-06-27T21:26:59.931+0000] {processor.py:840} INFO - DAG(s) 'example_xcom_args', 'example_xcom_args_with_operators' retrieved from /home/ubuntu/venv/lib/python3.12/site-packages/airflow/example_dags/example_xcomargs.py
[2024-06-27T21:26:59.951+0000] {logging_mixin.py:188} INFO - [2024-06-27T21:26:59.951+0000] {dag.py:3096} INFO - Sync 2 DAGs
[2024-06-27T21:26:59.965+0000] {logging_mixin.py:188} INFO - [2024-06-27T21:26:59.965+0000] {dag.py:3954} INFO - Setting next_dagrun for example_xcom_args to None, run_after=None
[2024-06-27T21:26:59.969+0000] {logging_mixin.py:188} INFO - [2024-06-27T21:26:59.969+0000] {dag.py:3954} INFO - Setting next_dagrun for example_xcom_args_with_operators to None, run_after=None
[2024-06-27T21:26:59.990+0000] {processor.py:183} INFO - Processing /home/ubuntu/venv/lib/python3.12/site-packages/airflow/example_dags/example_xcomargs.py took 0.077 seconds
[2024-06-27T21:27:41.681+0000] {processor.py:161} INFO - Started process (PID=3749) to work on /home/ubuntu/venv/lib/python3.12/site-packages/airflow/example_dags/example_xcomargs.py
[2024-06-27T21:27:41.682+0000] {processor.py:830} INFO - Processing file /home/ubuntu/venv/lib/python3.12/site-packages/airflow/example_dags/example_xcomargs.py for tasks to queue
[2024-06-27T21:27:41.683+0000] {logging_mixin.py:188} INFO - [2024-06-27T21:27:41.683+0000] {dagbag.py:545} INFO - Filling up the DagBag from /home/ubuntu/venv/lib/python3.12/site-packages/airflow/example_dags/example_xcomargs.py
[2024-06-27T21:27:41.693+0000] {processor.py:840} INFO - DAG(s) 'example_xcom_args_with_operators', 'example_xcom_args' retrieved from /home/ubuntu/venv/lib/python3.12/site-packages/airflow/example_dags/example_xcomargs.py
[2024-06-27T21:27:41.712+0000] {logging_mixin.py:188} INFO - [2024-06-27T21:27:41.712+0000] {dag.py:3096} INFO - Sync 2 DAGs
[2024-06-27T21:27:41.724+0000] {logging_mixin.py:188} INFO - [2024-06-27T21:27:41.724+0000] {dag.py:3954} INFO - Setting next_dagrun for example_xcom_args to None, run_after=None
[2024-06-27T21:27:41.728+0000] {logging_mixin.py:188} INFO - [2024-06-27T21:27:41.728+0000] {dag.py:3954} INFO - Setting next_dagrun for example_xcom_args_with_operators to None, run_after=None
[2024-06-27T21:27:41.749+0000] {processor.py:183} INFO - Processing /home/ubuntu/venv/lib/python3.12/site-packages/airflow/example_dags/example_xcomargs.py took 0.074 seconds
[2024-06-27T21:28:43.023+0000] {processor.py:161} INFO - Started process (PID=3825) to work on /home/ubuntu/venv/lib/python3.12/site-packages/airflow/example_dags/example_xcomargs.py
[2024-06-27T21:28:43.025+0000] {processor.py:830} INFO - Processing file /home/ubuntu/venv/lib/python3.12/site-packages/airflow/example_dags/example_xcomargs.py for tasks to queue
[2024-06-27T21:28:43.026+0000] {logging_mixin.py:188} INFO - [2024-06-27T21:28:43.025+0000] {dagbag.py:545} INFO - Filling up the DagBag from /home/ubuntu/venv/lib/python3.12/site-packages/airflow/example_dags/example_xcomargs.py
[2024-06-27T21:28:43.035+0000] {processor.py:840} INFO - DAG(s) 'example_xcom_args_with_operators', 'example_xcom_args' retrieved from /home/ubuntu/venv/lib/python3.12/site-packages/airflow/example_dags/example_xcomargs.py
[2024-06-27T21:28:43.055+0000] {logging_mixin.py:188} INFO - [2024-06-27T21:28:43.055+0000] {dag.py:3096} INFO - Sync 2 DAGs
[2024-06-27T21:28:43.068+0000] {logging_mixin.py:188} INFO - [2024-06-27T21:28:43.068+0000] {dag.py:3954} INFO - Setting next_dagrun for example_xcom_args to None, run_after=None
[2024-06-27T21:28:43.071+0000] {logging_mixin.py:188} INFO - [2024-06-27T21:28:43.071+0000] {dag.py:3954} INFO - Setting next_dagrun for example_xcom_args_with_operators to None, run_after=None
[2024-06-27T21:28:43.092+0000] {processor.py:183} INFO - Processing /home/ubuntu/venv/lib/python3.12/site-packages/airflow/example_dags/example_xcomargs.py took 0.075 seconds
[2024-06-27T21:29:36.460+0000] {processor.py:161} INFO - Started process (PID=3889) to work on /home/ubuntu/venv/lib/python3.12/site-packages/airflow/example_dags/example_xcomargs.py
[2024-06-27T21:29:36.462+0000] {processor.py:830} INFO - Processing file /home/ubuntu/venv/lib/python3.12/site-packages/airflow/example_dags/example_xcomargs.py for tasks to queue
[2024-06-27T21:29:36.463+0000] {logging_mixin.py:188} INFO - [2024-06-27T21:29:36.462+0000] {dagbag.py:545} INFO - Filling up the DagBag from /home/ubuntu/venv/lib/python3.12/site-packages/airflow/example_dags/example_xcomargs.py
[2024-06-27T21:29:36.472+0000] {processor.py:840} INFO - DAG(s) 'example_xcom_args_with_operators', 'example_xcom_args' retrieved from /home/ubuntu/venv/lib/python3.12/site-packages/airflow/example_dags/example_xcomargs.py
[2024-06-27T21:29:36.493+0000] {logging_mixin.py:188} INFO - [2024-06-27T21:29:36.492+0000] {dag.py:3096} INFO - Sync 2 DAGs
[2024-06-27T21:29:36.505+0000] {logging_mixin.py:188} INFO - [2024-06-27T21:29:36.505+0000] {dag.py:3954} INFO - Setting next_dagrun for example_xcom_args to None, run_after=None
[2024-06-27T21:29:36.509+0000] {logging_mixin.py:188} INFO - [2024-06-27T21:29:36.508+0000] {dag.py:3954} INFO - Setting next_dagrun for example_xcom_args_with_operators to None, run_after=None
[2024-06-27T21:29:36.528+0000] {processor.py:183} INFO - Processing /home/ubuntu/venv/lib/python3.12/site-packages/airflow/example_dags/example_xcomargs.py took 0.074 seconds
[2024-06-27T21:30:19.283+0000] {processor.py:161} INFO - Started process (PID=3944) to work on /home/ubuntu/venv/lib/python3.12/site-packages/airflow/example_dags/example_xcomargs.py
[2024-06-27T21:30:19.285+0000] {processor.py:830} INFO - Processing file /home/ubuntu/venv/lib/python3.12/site-packages/airflow/example_dags/example_xcomargs.py for tasks to queue
[2024-06-27T21:30:19.286+0000] {logging_mixin.py:188} INFO - [2024-06-27T21:30:19.285+0000] {dagbag.py:545} INFO - Filling up the DagBag from /home/ubuntu/venv/lib/python3.12/site-packages/airflow/example_dags/example_xcomargs.py
[2024-06-27T21:30:19.295+0000] {processor.py:840} INFO - DAG(s) 'example_xcom_args_with_operators', 'example_xcom_args' retrieved from /home/ubuntu/venv/lib/python3.12/site-packages/airflow/example_dags/example_xcomargs.py
[2024-06-27T21:30:19.315+0000] {logging_mixin.py:188} INFO - [2024-06-27T21:30:19.314+0000] {dag.py:3096} INFO - Sync 2 DAGs
[2024-06-27T21:30:19.327+0000] {logging_mixin.py:188} INFO - [2024-06-27T21:30:19.327+0000] {dag.py:3954} INFO - Setting next_dagrun for example_xcom_args to None, run_after=None
[2024-06-27T21:30:19.330+0000] {logging_mixin.py:188} INFO - [2024-06-27T21:30:19.330+0000] {dag.py:3954} INFO - Setting next_dagrun for example_xcom_args_with_operators to None, run_after=None
[2024-06-27T21:30:19.350+0000] {processor.py:183} INFO - Processing /home/ubuntu/venv/lib/python3.12/site-packages/airflow/example_dags/example_xcomargs.py took 0.073 seconds
[2024-06-27T21:31:01.703+0000] {processor.py:161} INFO - Started process (PID=3988) to work on /home/ubuntu/venv/lib/python3.12/site-packages/airflow/example_dags/example_xcomargs.py
[2024-06-27T21:31:01.704+0000] {processor.py:830} INFO - Processing file /home/ubuntu/venv/lib/python3.12/site-packages/airflow/example_dags/example_xcomargs.py for tasks to queue
[2024-06-27T21:31:01.705+0000] {logging_mixin.py:188} INFO - [2024-06-27T21:31:01.705+0000] {dagbag.py:545} INFO - Filling up the DagBag from /home/ubuntu/venv/lib/python3.12/site-packages/airflow/example_dags/example_xcomargs.py
[2024-06-27T21:31:01.715+0000] {processor.py:840} INFO - DAG(s) 'example_xcom_args_with_operators', 'example_xcom_args' retrieved from /home/ubuntu/venv/lib/python3.12/site-packages/airflow/example_dags/example_xcomargs.py
[2024-06-27T21:31:01.734+0000] {logging_mixin.py:188} INFO - [2024-06-27T21:31:01.734+0000] {dag.py:3096} INFO - Sync 2 DAGs
[2024-06-27T21:31:01.747+0000] {logging_mixin.py:188} INFO - [2024-06-27T21:31:01.746+0000] {dag.py:3954} INFO - Setting next_dagrun for example_xcom_args to None, run_after=None
[2024-06-27T21:31:01.750+0000] {logging_mixin.py:188} INFO - [2024-06-27T21:31:01.750+0000] {dag.py:3954} INFO - Setting next_dagrun for example_xcom_args_with_operators to None, run_after=None
[2024-06-27T21:31:01.769+0000] {processor.py:183} INFO - Processing /home/ubuntu/venv/lib/python3.12/site-packages/airflow/example_dags/example_xcomargs.py took 0.072 seconds
[2024-06-27T21:31:45.043+0000] {processor.py:161} INFO - Started process (PID=4032) to work on /home/ubuntu/venv/lib/python3.12/site-packages/airflow/example_dags/example_xcomargs.py
[2024-06-27T21:31:45.044+0000] {processor.py:830} INFO - Processing file /home/ubuntu/venv/lib/python3.12/site-packages/airflow/example_dags/example_xcomargs.py for tasks to queue
[2024-06-27T21:31:45.045+0000] {logging_mixin.py:188} INFO - [2024-06-27T21:31:45.045+0000] {dagbag.py:545} INFO - Filling up the DagBag from /home/ubuntu/venv/lib/python3.12/site-packages/airflow/example_dags/example_xcomargs.py
[2024-06-27T21:31:45.055+0000] {processor.py:840} INFO - DAG(s) 'example_xcom_args', 'example_xcom_args_with_operators' retrieved from /home/ubuntu/venv/lib/python3.12/site-packages/airflow/example_dags/example_xcomargs.py
[2024-06-27T21:31:45.074+0000] {logging_mixin.py:188} INFO - [2024-06-27T21:31:45.074+0000] {dag.py:3096} INFO - Sync 2 DAGs
[2024-06-27T21:31:45.087+0000] {logging_mixin.py:188} INFO - [2024-06-27T21:31:45.086+0000] {dag.py:3954} INFO - Setting next_dagrun for example_xcom_args to None, run_after=None
[2024-06-27T21:31:45.090+0000] {logging_mixin.py:188} INFO - [2024-06-27T21:31:45.090+0000] {dag.py:3954} INFO - Setting next_dagrun for example_xcom_args_with_operators to None, run_after=None
[2024-06-27T21:31:45.110+0000] {processor.py:183} INFO - Processing /home/ubuntu/venv/lib/python3.12/site-packages/airflow/example_dags/example_xcomargs.py took 0.073 seconds
[2024-06-27T21:32:36.244+0000] {processor.py:161} INFO - Started process (PID=4086) to work on /home/ubuntu/venv/lib/python3.12/site-packages/airflow/example_dags/example_xcomargs.py
[2024-06-27T21:32:36.246+0000] {processor.py:830} INFO - Processing file /home/ubuntu/venv/lib/python3.12/site-packages/airflow/example_dags/example_xcomargs.py for tasks to queue
[2024-06-27T21:32:36.247+0000] {logging_mixin.py:188} INFO - [2024-06-27T21:32:36.246+0000] {dagbag.py:545} INFO - Filling up the DagBag from /home/ubuntu/venv/lib/python3.12/site-packages/airflow/example_dags/example_xcomargs.py
[2024-06-27T21:32:36.256+0000] {processor.py:840} INFO - DAG(s) 'example_xcom_args', 'example_xcom_args_with_operators' retrieved from /home/ubuntu/venv/lib/python3.12/site-packages/airflow/example_dags/example_xcomargs.py
[2024-06-27T21:32:36.277+0000] {logging_mixin.py:188} INFO - [2024-06-27T21:32:36.277+0000] {dag.py:3096} INFO - Sync 2 DAGs
[2024-06-27T21:32:36.290+0000] {logging_mixin.py:188} INFO - [2024-06-27T21:32:36.289+0000] {dag.py:3954} INFO - Setting next_dagrun for example_xcom_args to None, run_after=None
[2024-06-27T21:32:36.293+0000] {logging_mixin.py:188} INFO - [2024-06-27T21:32:36.293+0000] {dag.py:3954} INFO - Setting next_dagrun for example_xcom_args_with_operators to None, run_after=None
[2024-06-27T21:32:36.314+0000] {processor.py:183} INFO - Processing /home/ubuntu/venv/lib/python3.12/site-packages/airflow/example_dags/example_xcomargs.py took 0.076 seconds
[2024-06-27T21:33:30.134+0000] {processor.py:161} INFO - Started process (PID=4153) to work on /home/ubuntu/venv/lib/python3.12/site-packages/airflow/example_dags/example_xcomargs.py
[2024-06-27T21:33:30.136+0000] {processor.py:830} INFO - Processing file /home/ubuntu/venv/lib/python3.12/site-packages/airflow/example_dags/example_xcomargs.py for tasks to queue
[2024-06-27T21:33:30.137+0000] {logging_mixin.py:188} INFO - [2024-06-27T21:33:30.136+0000] {dagbag.py:545} INFO - Filling up the DagBag from /home/ubuntu/venv/lib/python3.12/site-packages/airflow/example_dags/example_xcomargs.py
[2024-06-27T21:33:30.146+0000] {processor.py:840} INFO - DAG(s) 'example_xcom_args', 'example_xcom_args_with_operators' retrieved from /home/ubuntu/venv/lib/python3.12/site-packages/airflow/example_dags/example_xcomargs.py
[2024-06-27T21:33:30.167+0000] {logging_mixin.py:188} INFO - [2024-06-27T21:33:30.166+0000] {dag.py:3096} INFO - Sync 2 DAGs
[2024-06-27T21:33:30.180+0000] {logging_mixin.py:188} INFO - [2024-06-27T21:33:30.180+0000] {dag.py:3954} INFO - Setting next_dagrun for example_xcom_args to None, run_after=None
[2024-06-27T21:33:30.183+0000] {logging_mixin.py:188} INFO - [2024-06-27T21:33:30.183+0000] {dag.py:3954} INFO - Setting next_dagrun for example_xcom_args_with_operators to None, run_after=None
[2024-06-27T21:33:30.204+0000] {processor.py:183} INFO - Processing /home/ubuntu/venv/lib/python3.12/site-packages/airflow/example_dags/example_xcomargs.py took 0.076 seconds
[2024-06-27T21:34:13.067+0000] {processor.py:161} INFO - Started process (PID=4198) to work on /home/ubuntu/venv/lib/python3.12/site-packages/airflow/example_dags/example_xcomargs.py
[2024-06-27T21:34:13.069+0000] {processor.py:830} INFO - Processing file /home/ubuntu/venv/lib/python3.12/site-packages/airflow/example_dags/example_xcomargs.py for tasks to queue
[2024-06-27T21:34:13.069+0000] {logging_mixin.py:188} INFO - [2024-06-27T21:34:13.069+0000] {dagbag.py:545} INFO - Filling up the DagBag from /home/ubuntu/venv/lib/python3.12/site-packages/airflow/example_dags/example_xcomargs.py
[2024-06-27T21:34:13.079+0000] {processor.py:840} INFO - DAG(s) 'example_xcom_args_with_operators', 'example_xcom_args' retrieved from /home/ubuntu/venv/lib/python3.12/site-packages/airflow/example_dags/example_xcomargs.py
[2024-06-27T21:34:13.099+0000] {logging_mixin.py:188} INFO - [2024-06-27T21:34:13.099+0000] {dag.py:3096} INFO - Sync 2 DAGs
[2024-06-27T21:34:13.111+0000] {logging_mixin.py:188} INFO - [2024-06-27T21:34:13.111+0000] {dag.py:3954} INFO - Setting next_dagrun for example_xcom_args to None, run_after=None
[2024-06-27T21:34:13.115+0000] {logging_mixin.py:188} INFO - [2024-06-27T21:34:13.115+0000] {dag.py:3954} INFO - Setting next_dagrun for example_xcom_args_with_operators to None, run_after=None
[2024-06-27T21:34:13.136+0000] {processor.py:183} INFO - Processing /home/ubuntu/venv/lib/python3.12/site-packages/airflow/example_dags/example_xcomargs.py took 0.075 seconds
[2024-06-27T21:34:56.534+0000] {processor.py:161} INFO - Started process (PID=4243) to work on /home/ubuntu/venv/lib/python3.12/site-packages/airflow/example_dags/example_xcomargs.py
[2024-06-27T21:34:56.536+0000] {processor.py:830} INFO - Processing file /home/ubuntu/venv/lib/python3.12/site-packages/airflow/example_dags/example_xcomargs.py for tasks to queue
[2024-06-27T21:34:56.537+0000] {logging_mixin.py:188} INFO - [2024-06-27T21:34:56.537+0000] {dagbag.py:545} INFO - Filling up the DagBag from /home/ubuntu/venv/lib/python3.12/site-packages/airflow/example_dags/example_xcomargs.py
[2024-06-27T21:34:56.552+0000] {processor.py:840} INFO - DAG(s) 'example_xcom_args_with_operators', 'example_xcom_args' retrieved from /home/ubuntu/venv/lib/python3.12/site-packages/airflow/example_dags/example_xcomargs.py
[2024-06-27T21:34:56.583+0000] {logging_mixin.py:188} INFO - [2024-06-27T21:34:56.583+0000] {dag.py:3096} INFO - Sync 2 DAGs
[2024-06-27T21:34:56.603+0000] {logging_mixin.py:188} INFO - [2024-06-27T21:34:56.603+0000] {dag.py:3954} INFO - Setting next_dagrun for example_xcom_args to None, run_after=None
[2024-06-27T21:34:56.608+0000] {logging_mixin.py:188} INFO - [2024-06-27T21:34:56.608+0000] {dag.py:3954} INFO - Setting next_dagrun for example_xcom_args_with_operators to None, run_after=None
[2024-06-27T21:34:56.632+0000] {processor.py:183} INFO - Processing /home/ubuntu/venv/lib/python3.12/site-packages/airflow/example_dags/example_xcomargs.py took 0.108 seconds
[2024-06-27T21:35:40.077+0000] {processor.py:161} INFO - Started process (PID=4293) to work on /home/ubuntu/venv/lib/python3.12/site-packages/airflow/example_dags/example_xcomargs.py
[2024-06-27T21:35:40.079+0000] {processor.py:830} INFO - Processing file /home/ubuntu/venv/lib/python3.12/site-packages/airflow/example_dags/example_xcomargs.py for tasks to queue
[2024-06-27T21:35:40.080+0000] {logging_mixin.py:188} INFO - [2024-06-27T21:35:40.079+0000] {dagbag.py:545} INFO - Filling up the DagBag from /home/ubuntu/venv/lib/python3.12/site-packages/airflow/example_dags/example_xcomargs.py
[2024-06-27T21:35:40.089+0000] {processor.py:840} INFO - DAG(s) 'example_xcom_args', 'example_xcom_args_with_operators' retrieved from /home/ubuntu/venv/lib/python3.12/site-packages/airflow/example_dags/example_xcomargs.py
[2024-06-27T21:35:40.109+0000] {logging_mixin.py:188} INFO - [2024-06-27T21:35:40.108+0000] {dag.py:3096} INFO - Sync 2 DAGs
[2024-06-27T21:35:40.121+0000] {logging_mixin.py:188} INFO - [2024-06-27T21:35:40.121+0000] {dag.py:3954} INFO - Setting next_dagrun for example_xcom_args to None, run_after=None
[2024-06-27T21:35:40.124+0000] {logging_mixin.py:188} INFO - [2024-06-27T21:35:40.124+0000] {dag.py:3954} INFO - Setting next_dagrun for example_xcom_args_with_operators to None, run_after=None
[2024-06-27T21:35:40.145+0000] {processor.py:183} INFO - Processing /home/ubuntu/venv/lib/python3.12/site-packages/airflow/example_dags/example_xcomargs.py took 0.073 seconds
[2024-06-27T21:36:21.515+0000] {processor.py:161} INFO - Started process (PID=4335) to work on /home/ubuntu/venv/lib/python3.12/site-packages/airflow/example_dags/example_xcomargs.py
[2024-06-27T21:36:21.517+0000] {processor.py:830} INFO - Processing file /home/ubuntu/venv/lib/python3.12/site-packages/airflow/example_dags/example_xcomargs.py for tasks to queue
[2024-06-27T21:36:21.517+0000] {logging_mixin.py:188} INFO - [2024-06-27T21:36:21.517+0000] {dagbag.py:545} INFO - Filling up the DagBag from /home/ubuntu/venv/lib/python3.12/site-packages/airflow/example_dags/example_xcomargs.py
[2024-06-27T21:36:21.527+0000] {processor.py:840} INFO - DAG(s) 'example_xcom_args', 'example_xcom_args_with_operators' retrieved from /home/ubuntu/venv/lib/python3.12/site-packages/airflow/example_dags/example_xcomargs.py
[2024-06-27T21:36:21.547+0000] {logging_mixin.py:188} INFO - [2024-06-27T21:36:21.546+0000] {dag.py:3096} INFO - Sync 2 DAGs
[2024-06-27T21:36:21.559+0000] {logging_mixin.py:188} INFO - [2024-06-27T21:36:21.559+0000] {dag.py:3954} INFO - Setting next_dagrun for example_xcom_args to None, run_after=None
[2024-06-27T21:36:21.562+0000] {logging_mixin.py:188} INFO - [2024-06-27T21:36:21.562+0000] {dag.py:3954} INFO - Setting next_dagrun for example_xcom_args_with_operators to None, run_after=None
[2024-06-27T21:36:21.583+0000] {processor.py:183} INFO - Processing /home/ubuntu/venv/lib/python3.12/site-packages/airflow/example_dags/example_xcomargs.py took 0.074 seconds
[2024-06-27T21:37:05.376+0000] {processor.py:161} INFO - Started process (PID=4380) to work on /home/ubuntu/venv/lib/python3.12/site-packages/airflow/example_dags/example_xcomargs.py
[2024-06-27T21:37:05.377+0000] {processor.py:830} INFO - Processing file /home/ubuntu/venv/lib/python3.12/site-packages/airflow/example_dags/example_xcomargs.py for tasks to queue
[2024-06-27T21:37:05.378+0000] {logging_mixin.py:188} INFO - [2024-06-27T21:37:05.378+0000] {dagbag.py:545} INFO - Filling up the DagBag from /home/ubuntu/venv/lib/python3.12/site-packages/airflow/example_dags/example_xcomargs.py
[2024-06-27T21:37:05.388+0000] {processor.py:840} INFO - DAG(s) 'example_xcom_args', 'example_xcom_args_with_operators' retrieved from /home/ubuntu/venv/lib/python3.12/site-packages/airflow/example_dags/example_xcomargs.py
[2024-06-27T21:37:05.409+0000] {logging_mixin.py:188} INFO - [2024-06-27T21:37:05.408+0000] {dag.py:3096} INFO - Sync 2 DAGs
[2024-06-27T21:37:05.422+0000] {logging_mixin.py:188} INFO - [2024-06-27T21:37:05.421+0000] {dag.py:3954} INFO - Setting next_dagrun for example_xcom_args to None, run_after=None
[2024-06-27T21:37:05.425+0000] {logging_mixin.py:188} INFO - [2024-06-27T21:37:05.425+0000] {dag.py:3954} INFO - Setting next_dagrun for example_xcom_args_with_operators to None, run_after=None
[2024-06-27T21:37:05.445+0000] {processor.py:183} INFO - Processing /home/ubuntu/venv/lib/python3.12/site-packages/airflow/example_dags/example_xcomargs.py took 0.076 seconds
[2024-06-27T21:37:53.185+0000] {processor.py:161} INFO - Started process (PID=4432) to work on /home/ubuntu/venv/lib/python3.12/site-packages/airflow/example_dags/example_xcomargs.py
[2024-06-27T21:37:53.187+0000] {processor.py:830} INFO - Processing file /home/ubuntu/venv/lib/python3.12/site-packages/airflow/example_dags/example_xcomargs.py for tasks to queue
[2024-06-27T21:37:53.188+0000] {logging_mixin.py:188} INFO - [2024-06-27T21:37:53.187+0000] {dagbag.py:545} INFO - Filling up the DagBag from /home/ubuntu/venv/lib/python3.12/site-packages/airflow/example_dags/example_xcomargs.py
[2024-06-27T21:37:53.197+0000] {processor.py:840} INFO - DAG(s) 'example_xcom_args', 'example_xcom_args_with_operators' retrieved from /home/ubuntu/venv/lib/python3.12/site-packages/airflow/example_dags/example_xcomargs.py
[2024-06-27T21:37:53.216+0000] {logging_mixin.py:188} INFO - [2024-06-27T21:37:53.216+0000] {dag.py:3096} INFO - Sync 2 DAGs
[2024-06-27T21:37:53.229+0000] {logging_mixin.py:188} INFO - [2024-06-27T21:37:53.229+0000] {dag.py:3954} INFO - Setting next_dagrun for example_xcom_args to None, run_after=None
[2024-06-27T21:37:53.232+0000] {logging_mixin.py:188} INFO - [2024-06-27T21:37:53.232+0000] {dag.py:3954} INFO - Setting next_dagrun for example_xcom_args_with_operators to None, run_after=None
[2024-06-27T21:37:53.253+0000] {processor.py:183} INFO - Processing /home/ubuntu/venv/lib/python3.12/site-packages/airflow/example_dags/example_xcomargs.py took 0.074 seconds
[2024-06-27T21:38:42.392+0000] {processor.py:161} INFO - Started process (PID=4482) to work on /home/ubuntu/venv/lib/python3.12/site-packages/airflow/example_dags/example_xcomargs.py
[2024-06-27T21:38:42.393+0000] {processor.py:830} INFO - Processing file /home/ubuntu/venv/lib/python3.12/site-packages/airflow/example_dags/example_xcomargs.py for tasks to queue
[2024-06-27T21:38:42.394+0000] {logging_mixin.py:188} INFO - [2024-06-27T21:38:42.394+0000] {dagbag.py:545} INFO - Filling up the DagBag from /home/ubuntu/venv/lib/python3.12/site-packages/airflow/example_dags/example_xcomargs.py
[2024-06-27T21:38:42.404+0000] {processor.py:840} INFO - DAG(s) 'example_xcom_args', 'example_xcom_args_with_operators' retrieved from /home/ubuntu/venv/lib/python3.12/site-packages/airflow/example_dags/example_xcomargs.py
[2024-06-27T21:38:42.424+0000] {logging_mixin.py:188} INFO - [2024-06-27T21:38:42.424+0000] {dag.py:3096} INFO - Sync 2 DAGs
[2024-06-27T21:38:42.436+0000] {logging_mixin.py:188} INFO - [2024-06-27T21:38:42.436+0000] {dag.py:3954} INFO - Setting next_dagrun for example_xcom_args to None, run_after=None
[2024-06-27T21:38:42.440+0000] {logging_mixin.py:188} INFO - [2024-06-27T21:38:42.440+0000] {dag.py:3954} INFO - Setting next_dagrun for example_xcom_args_with_operators to None, run_after=None
[2024-06-27T21:38:42.461+0000] {processor.py:183} INFO - Processing /home/ubuntu/venv/lib/python3.12/site-packages/airflow/example_dags/example_xcomargs.py took 0.075 seconds
[2024-06-27T21:39:26.566+0000] {processor.py:161} INFO - Started process (PID=4527) to work on /home/ubuntu/venv/lib/python3.12/site-packages/airflow/example_dags/example_xcomargs.py
[2024-06-27T21:39:26.568+0000] {processor.py:830} INFO - Processing file /home/ubuntu/venv/lib/python3.12/site-packages/airflow/example_dags/example_xcomargs.py for tasks to queue
[2024-06-27T21:39:26.569+0000] {logging_mixin.py:188} INFO - [2024-06-27T21:39:26.568+0000] {dagbag.py:545} INFO - Filling up the DagBag from /home/ubuntu/venv/lib/python3.12/site-packages/airflow/example_dags/example_xcomargs.py
[2024-06-27T21:39:26.578+0000] {processor.py:840} INFO - DAG(s) 'example_xcom_args_with_operators', 'example_xcom_args' retrieved from /home/ubuntu/venv/lib/python3.12/site-packages/airflow/example_dags/example_xcomargs.py
[2024-06-27T21:39:26.597+0000] {logging_mixin.py:188} INFO - [2024-06-27T21:39:26.597+0000] {dag.py:3096} INFO - Sync 2 DAGs
[2024-06-27T21:39:26.610+0000] {logging_mixin.py:188} INFO - [2024-06-27T21:39:26.610+0000] {dag.py:3954} INFO - Setting next_dagrun for example_xcom_args to None, run_after=None
[2024-06-27T21:39:26.613+0000] {logging_mixin.py:188} INFO - [2024-06-27T21:39:26.613+0000] {dag.py:3954} INFO - Setting next_dagrun for example_xcom_args_with_operators to None, run_after=None
[2024-06-27T21:39:26.633+0000] {processor.py:183} INFO - Processing /home/ubuntu/venv/lib/python3.12/site-packages/airflow/example_dags/example_xcomargs.py took 0.073 seconds
[2024-06-27T21:40:08.866+0000] {processor.py:161} INFO - Started process (PID=4570) to work on /home/ubuntu/venv/lib/python3.12/site-packages/airflow/example_dags/example_xcomargs.py
[2024-06-27T21:40:08.867+0000] {processor.py:830} INFO - Processing file /home/ubuntu/venv/lib/python3.12/site-packages/airflow/example_dags/example_xcomargs.py for tasks to queue
[2024-06-27T21:40:08.868+0000] {logging_mixin.py:188} INFO - [2024-06-27T21:40:08.868+0000] {dagbag.py:545} INFO - Filling up the DagBag from /home/ubuntu/venv/lib/python3.12/site-packages/airflow/example_dags/example_xcomargs.py
[2024-06-27T21:40:08.878+0000] {processor.py:840} INFO - DAG(s) 'example_xcom_args', 'example_xcom_args_with_operators' retrieved from /home/ubuntu/venv/lib/python3.12/site-packages/airflow/example_dags/example_xcomargs.py
[2024-06-27T21:40:08.898+0000] {logging_mixin.py:188} INFO - [2024-06-27T21:40:08.898+0000] {dag.py:3096} INFO - Sync 2 DAGs
[2024-06-27T21:40:08.911+0000] {logging_mixin.py:188} INFO - [2024-06-27T21:40:08.911+0000] {dag.py:3954} INFO - Setting next_dagrun for example_xcom_args to None, run_after=None
[2024-06-27T21:40:08.914+0000] {logging_mixin.py:188} INFO - [2024-06-27T21:40:08.914+0000] {dag.py:3954} INFO - Setting next_dagrun for example_xcom_args_with_operators to None, run_after=None
[2024-06-27T21:40:08.935+0000] {processor.py:183} INFO - Processing /home/ubuntu/venv/lib/python3.12/site-packages/airflow/example_dags/example_xcomargs.py took 0.076 seconds
[2024-06-27T21:40:51.929+0000] {processor.py:161} INFO - Started process (PID=4618) to work on /home/ubuntu/venv/lib/python3.12/site-packages/airflow/example_dags/example_xcomargs.py
[2024-06-27T21:40:51.930+0000] {processor.py:830} INFO - Processing file /home/ubuntu/venv/lib/python3.12/site-packages/airflow/example_dags/example_xcomargs.py for tasks to queue
[2024-06-27T21:40:51.931+0000] {logging_mixin.py:188} INFO - [2024-06-27T21:40:51.931+0000] {dagbag.py:545} INFO - Filling up the DagBag from /home/ubuntu/venv/lib/python3.12/site-packages/airflow/example_dags/example_xcomargs.py
[2024-06-27T21:40:51.941+0000] {processor.py:840} INFO - DAG(s) 'example_xcom_args_with_operators', 'example_xcom_args' retrieved from /home/ubuntu/venv/lib/python3.12/site-packages/airflow/example_dags/example_xcomargs.py
[2024-06-27T21:40:51.961+0000] {logging_mixin.py:188} INFO - [2024-06-27T21:40:51.961+0000] {dag.py:3096} INFO - Sync 2 DAGs
[2024-06-27T21:40:51.973+0000] {logging_mixin.py:188} INFO - [2024-06-27T21:40:51.973+0000] {dag.py:3954} INFO - Setting next_dagrun for example_xcom_args to None, run_after=None
[2024-06-27T21:40:51.977+0000] {logging_mixin.py:188} INFO - [2024-06-27T21:40:51.977+0000] {dag.py:3954} INFO - Setting next_dagrun for example_xcom_args_with_operators to None, run_after=None
[2024-06-27T21:40:51.996+0000] {processor.py:183} INFO - Processing /home/ubuntu/venv/lib/python3.12/site-packages/airflow/example_dags/example_xcomargs.py took 0.074 seconds
[2024-06-27T21:41:36.946+0000] {processor.py:161} INFO - Started process (PID=4664) to work on /home/ubuntu/venv/lib/python3.12/site-packages/airflow/example_dags/example_xcomargs.py
[2024-06-27T21:41:36.947+0000] {processor.py:830} INFO - Processing file /home/ubuntu/venv/lib/python3.12/site-packages/airflow/example_dags/example_xcomargs.py for tasks to queue
[2024-06-27T21:41:36.948+0000] {logging_mixin.py:188} INFO - [2024-06-27T21:41:36.948+0000] {dagbag.py:545} INFO - Filling up the DagBag from /home/ubuntu/venv/lib/python3.12/site-packages/airflow/example_dags/example_xcomargs.py
[2024-06-27T21:41:36.957+0000] {processor.py:840} INFO - DAG(s) 'example_xcom_args', 'example_xcom_args_with_operators' retrieved from /home/ubuntu/venv/lib/python3.12/site-packages/airflow/example_dags/example_xcomargs.py
[2024-06-27T21:41:36.977+0000] {logging_mixin.py:188} INFO - [2024-06-27T21:41:36.977+0000] {dag.py:3096} INFO - Sync 2 DAGs
[2024-06-27T21:41:36.990+0000] {logging_mixin.py:188} INFO - [2024-06-27T21:41:36.990+0000] {dag.py:3954} INFO - Setting next_dagrun for example_xcom_args to None, run_after=None
[2024-06-27T21:41:36.993+0000] {logging_mixin.py:188} INFO - [2024-06-27T21:41:36.993+0000] {dag.py:3954} INFO - Setting next_dagrun for example_xcom_args_with_operators to None, run_after=None
[2024-06-27T21:41:37.015+0000] {processor.py:183} INFO - Processing /home/ubuntu/venv/lib/python3.12/site-packages/airflow/example_dags/example_xcomargs.py took 0.075 seconds
[2024-06-27T21:42:22.161+0000] {processor.py:161} INFO - Started process (PID=4710) to work on /home/ubuntu/venv/lib/python3.12/site-packages/airflow/example_dags/example_xcomargs.py
[2024-06-27T21:42:22.163+0000] {processor.py:830} INFO - Processing file /home/ubuntu/venv/lib/python3.12/site-packages/airflow/example_dags/example_xcomargs.py for tasks to queue
[2024-06-27T21:42:22.164+0000] {logging_mixin.py:188} INFO - [2024-06-27T21:42:22.164+0000] {dagbag.py:545} INFO - Filling up the DagBag from /home/ubuntu/venv/lib/python3.12/site-packages/airflow/example_dags/example_xcomargs.py
[2024-06-27T21:42:22.174+0000] {processor.py:840} INFO - DAG(s) 'example_xcom_args_with_operators', 'example_xcom_args' retrieved from /home/ubuntu/venv/lib/python3.12/site-packages/airflow/example_dags/example_xcomargs.py
[2024-06-27T21:42:22.194+0000] {logging_mixin.py:188} INFO - [2024-06-27T21:42:22.194+0000] {dag.py:3096} INFO - Sync 2 DAGs
[2024-06-27T21:42:22.207+0000] {logging_mixin.py:188} INFO - [2024-06-27T21:42:22.207+0000] {dag.py:3954} INFO - Setting next_dagrun for example_xcom_args to None, run_after=None
[2024-06-27T21:42:22.211+0000] {logging_mixin.py:188} INFO - [2024-06-27T21:42:22.211+0000] {dag.py:3954} INFO - Setting next_dagrun for example_xcom_args_with_operators to None, run_after=None
[2024-06-27T21:42:22.231+0000] {processor.py:183} INFO - Processing /home/ubuntu/venv/lib/python3.12/site-packages/airflow/example_dags/example_xcomargs.py took 0.076 seconds
[2024-06-27T21:43:03.965+0000] {processor.py:161} INFO - Started process (PID=4753) to work on /home/ubuntu/venv/lib/python3.12/site-packages/airflow/example_dags/example_xcomargs.py
[2024-06-27T21:43:03.966+0000] {processor.py:830} INFO - Processing file /home/ubuntu/venv/lib/python3.12/site-packages/airflow/example_dags/example_xcomargs.py for tasks to queue
[2024-06-27T21:43:03.967+0000] {logging_mixin.py:188} INFO - [2024-06-27T21:43:03.966+0000] {dagbag.py:545} INFO - Filling up the DagBag from /home/ubuntu/venv/lib/python3.12/site-packages/airflow/example_dags/example_xcomargs.py
[2024-06-27T21:43:03.976+0000] {processor.py:840} INFO - DAG(s) 'example_xcom_args_with_operators', 'example_xcom_args' retrieved from /home/ubuntu/venv/lib/python3.12/site-packages/airflow/example_dags/example_xcomargs.py
[2024-06-27T21:43:03.997+0000] {logging_mixin.py:188} INFO - [2024-06-27T21:43:03.997+0000] {dag.py:3096} INFO - Sync 2 DAGs
[2024-06-27T21:43:04.010+0000] {logging_mixin.py:188} INFO - [2024-06-27T21:43:04.010+0000] {dag.py:3954} INFO - Setting next_dagrun for example_xcom_args to None, run_after=None
[2024-06-27T21:43:04.013+0000] {logging_mixin.py:188} INFO - [2024-06-27T21:43:04.013+0000] {dag.py:3954} INFO - Setting next_dagrun for example_xcom_args_with_operators to None, run_after=None
[2024-06-27T21:43:04.036+0000] {processor.py:183} INFO - Processing /home/ubuntu/venv/lib/python3.12/site-packages/airflow/example_dags/example_xcomargs.py took 0.077 seconds
[2024-06-27T21:43:51.306+0000] {processor.py:161} INFO - Started process (PID=4800) to work on /home/ubuntu/venv/lib/python3.12/site-packages/airflow/example_dags/example_xcomargs.py
[2024-06-27T21:43:51.307+0000] {processor.py:830} INFO - Processing file /home/ubuntu/venv/lib/python3.12/site-packages/airflow/example_dags/example_xcomargs.py for tasks to queue
[2024-06-27T21:43:51.308+0000] {logging_mixin.py:188} INFO - [2024-06-27T21:43:51.308+0000] {dagbag.py:545} INFO - Filling up the DagBag from /home/ubuntu/venv/lib/python3.12/site-packages/airflow/example_dags/example_xcomargs.py
[2024-06-27T21:43:51.317+0000] {processor.py:840} INFO - DAG(s) 'example_xcom_args_with_operators', 'example_xcom_args' retrieved from /home/ubuntu/venv/lib/python3.12/site-packages/airflow/example_dags/example_xcomargs.py
[2024-06-27T21:43:51.337+0000] {logging_mixin.py:188} INFO - [2024-06-27T21:43:51.337+0000] {dag.py:3096} INFO - Sync 2 DAGs
[2024-06-27T21:43:51.350+0000] {logging_mixin.py:188} INFO - [2024-06-27T21:43:51.349+0000] {dag.py:3954} INFO - Setting next_dagrun for example_xcom_args to None, run_after=None
[2024-06-27T21:43:51.353+0000] {logging_mixin.py:188} INFO - [2024-06-27T21:43:51.353+0000] {dag.py:3954} INFO - Setting next_dagrun for example_xcom_args_with_operators to None, run_after=None
[2024-06-27T21:43:51.373+0000] {processor.py:183} INFO - Processing /home/ubuntu/venv/lib/python3.12/site-packages/airflow/example_dags/example_xcomargs.py took 0.073 seconds
[2024-06-27T21:44:33.800+0000] {processor.py:161} INFO - Started process (PID=4876) to work on /home/ubuntu/venv/lib/python3.12/site-packages/airflow/example_dags/example_xcomargs.py
[2024-06-27T21:44:33.801+0000] {processor.py:830} INFO - Processing file /home/ubuntu/venv/lib/python3.12/site-packages/airflow/example_dags/example_xcomargs.py for tasks to queue
[2024-06-27T21:44:33.802+0000] {logging_mixin.py:188} INFO - [2024-06-27T21:44:33.802+0000] {dagbag.py:545} INFO - Filling up the DagBag from /home/ubuntu/venv/lib/python3.12/site-packages/airflow/example_dags/example_xcomargs.py
[2024-06-27T21:44:33.812+0000] {processor.py:840} INFO - DAG(s) 'example_xcom_args', 'example_xcom_args_with_operators' retrieved from /home/ubuntu/venv/lib/python3.12/site-packages/airflow/example_dags/example_xcomargs.py
[2024-06-27T21:44:33.832+0000] {logging_mixin.py:188} INFO - [2024-06-27T21:44:33.831+0000] {dag.py:3096} INFO - Sync 2 DAGs
[2024-06-27T21:44:33.961+0000] {logging_mixin.py:188} INFO - [2024-06-27T21:44:33.961+0000] {dag.py:3954} INFO - Setting next_dagrun for example_xcom_args to None, run_after=None
[2024-06-27T21:44:33.965+0000] {logging_mixin.py:188} INFO - [2024-06-27T21:44:33.965+0000] {dag.py:3954} INFO - Setting next_dagrun for example_xcom_args_with_operators to None, run_after=None
[2024-06-27T21:44:33.985+0000] {processor.py:183} INFO - Processing /home/ubuntu/venv/lib/python3.12/site-packages/airflow/example_dags/example_xcomargs.py took 0.191 seconds
[2024-06-27T21:45:18.539+0000] {processor.py:161} INFO - Started process (PID=4939) to work on /home/ubuntu/venv/lib/python3.12/site-packages/airflow/example_dags/example_xcomargs.py
[2024-06-27T21:45:18.540+0000] {processor.py:830} INFO - Processing file /home/ubuntu/venv/lib/python3.12/site-packages/airflow/example_dags/example_xcomargs.py for tasks to queue
[2024-06-27T21:45:18.541+0000] {logging_mixin.py:188} INFO - [2024-06-27T21:45:18.541+0000] {dagbag.py:545} INFO - Filling up the DagBag from /home/ubuntu/venv/lib/python3.12/site-packages/airflow/example_dags/example_xcomargs.py
[2024-06-27T21:45:18.551+0000] {processor.py:840} INFO - DAG(s) 'example_xcom_args', 'example_xcom_args_with_operators' retrieved from /home/ubuntu/venv/lib/python3.12/site-packages/airflow/example_dags/example_xcomargs.py
[2024-06-27T21:45:18.571+0000] {logging_mixin.py:188} INFO - [2024-06-27T21:45:18.570+0000] {dag.py:3096} INFO - Sync 2 DAGs
[2024-06-27T21:45:18.583+0000] {logging_mixin.py:188} INFO - [2024-06-27T21:45:18.583+0000] {dag.py:3954} INFO - Setting next_dagrun for example_xcom_args to None, run_after=None
[2024-06-27T21:45:18.586+0000] {logging_mixin.py:188} INFO - [2024-06-27T21:45:18.586+0000] {dag.py:3954} INFO - Setting next_dagrun for example_xcom_args_with_operators to None, run_after=None
[2024-06-27T21:45:18.607+0000] {processor.py:183} INFO - Processing /home/ubuntu/venv/lib/python3.12/site-packages/airflow/example_dags/example_xcomargs.py took 0.074 seconds
[2024-06-27T21:46:05.941+0000] {processor.py:161} INFO - Started process (PID=4983) to work on /home/ubuntu/venv/lib/python3.12/site-packages/airflow/example_dags/example_xcomargs.py
[2024-06-27T21:46:05.942+0000] {processor.py:830} INFO - Processing file /home/ubuntu/venv/lib/python3.12/site-packages/airflow/example_dags/example_xcomargs.py for tasks to queue
[2024-06-27T21:46:05.943+0000] {logging_mixin.py:188} INFO - [2024-06-27T21:46:05.943+0000] {dagbag.py:545} INFO - Filling up the DagBag from /home/ubuntu/venv/lib/python3.12/site-packages/airflow/example_dags/example_xcomargs.py
[2024-06-27T21:46:06.073+0000] {processor.py:840} INFO - DAG(s) 'example_xcom_args_with_operators', 'example_xcom_args' retrieved from /home/ubuntu/venv/lib/python3.12/site-packages/airflow/example_dags/example_xcomargs.py
[2024-06-27T21:46:06.088+0000] {logging_mixin.py:188} INFO - [2024-06-27T21:46:06.088+0000] {dag.py:3096} INFO - Sync 2 DAGs
[2024-06-27T21:46:06.098+0000] {logging_mixin.py:188} INFO - [2024-06-27T21:46:06.098+0000] {dag.py:3954} INFO - Setting next_dagrun for example_xcom_args to None, run_after=None
[2024-06-27T21:46:06.101+0000] {logging_mixin.py:188} INFO - [2024-06-27T21:46:06.101+0000] {dag.py:3954} INFO - Setting next_dagrun for example_xcom_args_with_operators to None, run_after=None
[2024-06-27T21:46:06.120+0000] {processor.py:183} INFO - Processing /home/ubuntu/venv/lib/python3.12/site-packages/airflow/example_dags/example_xcomargs.py took 0.185 seconds
[2024-06-27T21:46:58.464+0000] {processor.py:161} INFO - Started process (PID=5033) to work on /home/ubuntu/venv/lib/python3.12/site-packages/airflow/example_dags/example_xcomargs.py
[2024-06-27T21:46:58.466+0000] {processor.py:830} INFO - Processing file /home/ubuntu/venv/lib/python3.12/site-packages/airflow/example_dags/example_xcomargs.py for tasks to queue
[2024-06-27T21:46:58.467+0000] {logging_mixin.py:188} INFO - [2024-06-27T21:46:58.466+0000] {dagbag.py:545} INFO - Filling up the DagBag from /home/ubuntu/venv/lib/python3.12/site-packages/airflow/example_dags/example_xcomargs.py
[2024-06-27T21:46:58.476+0000] {processor.py:840} INFO - DAG(s) 'example_xcom_args', 'example_xcom_args_with_operators' retrieved from /home/ubuntu/venv/lib/python3.12/site-packages/airflow/example_dags/example_xcomargs.py
[2024-06-27T21:46:58.496+0000] {logging_mixin.py:188} INFO - [2024-06-27T21:46:58.496+0000] {dag.py:3096} INFO - Sync 2 DAGs
[2024-06-27T21:46:58.509+0000] {logging_mixin.py:188} INFO - [2024-06-27T21:46:58.509+0000] {dag.py:3954} INFO - Setting next_dagrun for example_xcom_args to None, run_after=None
[2024-06-27T21:46:58.513+0000] {logging_mixin.py:188} INFO - [2024-06-27T21:46:58.512+0000] {dag.py:3954} INFO - Setting next_dagrun for example_xcom_args_with_operators to None, run_after=None
[2024-06-27T21:46:58.533+0000] {processor.py:183} INFO - Processing /home/ubuntu/venv/lib/python3.12/site-packages/airflow/example_dags/example_xcomargs.py took 0.075 seconds
[2024-06-27T21:47:45.955+0000] {processor.py:161} INFO - Started process (PID=5111) to work on /home/ubuntu/venv/lib/python3.12/site-packages/airflow/example_dags/example_xcomargs.py
[2024-06-27T21:47:45.956+0000] {processor.py:830} INFO - Processing file /home/ubuntu/venv/lib/python3.12/site-packages/airflow/example_dags/example_xcomargs.py for tasks to queue
[2024-06-27T21:47:45.957+0000] {logging_mixin.py:188} INFO - [2024-06-27T21:47:45.957+0000] {dagbag.py:545} INFO - Filling up the DagBag from /home/ubuntu/venv/lib/python3.12/site-packages/airflow/example_dags/example_xcomargs.py
[2024-06-27T21:47:45.967+0000] {processor.py:840} INFO - DAG(s) 'example_xcom_args_with_operators', 'example_xcom_args' retrieved from /home/ubuntu/venv/lib/python3.12/site-packages/airflow/example_dags/example_xcomargs.py
[2024-06-27T21:47:45.988+0000] {logging_mixin.py:188} INFO - [2024-06-27T21:47:45.987+0000] {dag.py:3096} INFO - Sync 2 DAGs
[2024-06-27T21:47:46.000+0000] {logging_mixin.py:188} INFO - [2024-06-27T21:47:46.000+0000] {dag.py:3954} INFO - Setting next_dagrun for example_xcom_args to None, run_after=None
[2024-06-27T21:47:46.004+0000] {logging_mixin.py:188} INFO - [2024-06-27T21:47:46.004+0000] {dag.py:3954} INFO - Setting next_dagrun for example_xcom_args_with_operators to None, run_after=None
[2024-06-27T21:47:46.025+0000] {processor.py:183} INFO - Processing /home/ubuntu/venv/lib/python3.12/site-packages/airflow/example_dags/example_xcomargs.py took 0.076 seconds
[2024-06-27T21:48:30.040+0000] {processor.py:161} INFO - Started process (PID=5252) to work on /home/ubuntu/venv/lib/python3.12/site-packages/airflow/example_dags/example_xcomargs.py
[2024-06-27T21:48:30.042+0000] {processor.py:830} INFO - Processing file /home/ubuntu/venv/lib/python3.12/site-packages/airflow/example_dags/example_xcomargs.py for tasks to queue
[2024-06-27T21:48:30.043+0000] {logging_mixin.py:188} INFO - [2024-06-27T21:48:30.043+0000] {dagbag.py:545} INFO - Filling up the DagBag from /home/ubuntu/venv/lib/python3.12/site-packages/airflow/example_dags/example_xcomargs.py
[2024-06-27T21:48:30.052+0000] {processor.py:840} INFO - DAG(s) 'example_xcom_args_with_operators', 'example_xcom_args' retrieved from /home/ubuntu/venv/lib/python3.12/site-packages/airflow/example_dags/example_xcomargs.py
[2024-06-27T21:48:30.073+0000] {logging_mixin.py:188} INFO - [2024-06-27T21:48:30.073+0000] {dag.py:3096} INFO - Sync 2 DAGs
[2024-06-27T21:48:30.087+0000] {logging_mixin.py:188} INFO - [2024-06-27T21:48:30.087+0000] {dag.py:3954} INFO - Setting next_dagrun for example_xcom_args to None, run_after=None
[2024-06-27T21:48:30.091+0000] {logging_mixin.py:188} INFO - [2024-06-27T21:48:30.090+0000] {dag.py:3954} INFO - Setting next_dagrun for example_xcom_args_with_operators to None, run_after=None
[2024-06-27T21:48:30.111+0000] {processor.py:183} INFO - Processing /home/ubuntu/venv/lib/python3.12/site-packages/airflow/example_dags/example_xcomargs.py took 0.079 seconds
[2024-06-27T21:49:12.076+0000] {processor.py:161} INFO - Started process (PID=5297) to work on /home/ubuntu/venv/lib/python3.12/site-packages/airflow/example_dags/example_xcomargs.py
[2024-06-27T21:49:12.077+0000] {processor.py:830} INFO - Processing file /home/ubuntu/venv/lib/python3.12/site-packages/airflow/example_dags/example_xcomargs.py for tasks to queue
[2024-06-27T21:49:12.078+0000] {logging_mixin.py:188} INFO - [2024-06-27T21:49:12.078+0000] {dagbag.py:545} INFO - Filling up the DagBag from /home/ubuntu/venv/lib/python3.12/site-packages/airflow/example_dags/example_xcomargs.py
[2024-06-27T21:49:12.087+0000] {processor.py:840} INFO - DAG(s) 'example_xcom_args_with_operators', 'example_xcom_args' retrieved from /home/ubuntu/venv/lib/python3.12/site-packages/airflow/example_dags/example_xcomargs.py
[2024-06-27T21:49:12.108+0000] {logging_mixin.py:188} INFO - [2024-06-27T21:49:12.108+0000] {dag.py:3096} INFO - Sync 2 DAGs
[2024-06-27T21:49:12.121+0000] {logging_mixin.py:188} INFO - [2024-06-27T21:49:12.121+0000] {dag.py:3954} INFO - Setting next_dagrun for example_xcom_args to None, run_after=None
[2024-06-27T21:49:12.124+0000] {logging_mixin.py:188} INFO - [2024-06-27T21:49:12.124+0000] {dag.py:3954} INFO - Setting next_dagrun for example_xcom_args_with_operators to None, run_after=None
[2024-06-27T21:49:12.145+0000] {processor.py:183} INFO - Processing /home/ubuntu/venv/lib/python3.12/site-packages/airflow/example_dags/example_xcomargs.py took 0.077 seconds
[2024-06-27T21:49:52.533+0000] {processor.py:161} INFO - Started process (PID=5339) to work on /home/ubuntu/venv/lib/python3.12/site-packages/airflow/example_dags/example_xcomargs.py
[2024-06-27T21:49:52.535+0000] {processor.py:830} INFO - Processing file /home/ubuntu/venv/lib/python3.12/site-packages/airflow/example_dags/example_xcomargs.py for tasks to queue
[2024-06-27T21:49:52.536+0000] {logging_mixin.py:188} INFO - [2024-06-27T21:49:52.535+0000] {dagbag.py:545} INFO - Filling up the DagBag from /home/ubuntu/venv/lib/python3.12/site-packages/airflow/example_dags/example_xcomargs.py
[2024-06-27T21:49:52.545+0000] {processor.py:840} INFO - DAG(s) 'example_xcom_args_with_operators', 'example_xcom_args' retrieved from /home/ubuntu/venv/lib/python3.12/site-packages/airflow/example_dags/example_xcomargs.py
[2024-06-27T21:49:52.564+0000] {logging_mixin.py:188} INFO - [2024-06-27T21:49:52.564+0000] {dag.py:3096} INFO - Sync 2 DAGs
[2024-06-27T21:49:52.577+0000] {logging_mixin.py:188} INFO - [2024-06-27T21:49:52.576+0000] {dag.py:3954} INFO - Setting next_dagrun for example_xcom_args to None, run_after=None
[2024-06-27T21:49:52.580+0000] {logging_mixin.py:188} INFO - [2024-06-27T21:49:52.580+0000] {dag.py:3954} INFO - Setting next_dagrun for example_xcom_args_with_operators to None, run_after=None
[2024-06-27T21:49:52.601+0000] {processor.py:183} INFO - Processing /home/ubuntu/venv/lib/python3.12/site-packages/airflow/example_dags/example_xcomargs.py took 0.076 seconds
