[2024-06-27T21:20:01.762+0000] {processor.py:161} INFO - Started process (PID=2961) to work on /home/ubuntu/venv/lib/python3.12/site-packages/airflow/example_dags/example_nested_branch_dag.py
[2024-06-27T21:20:01.762+0000] {processor.py:830} INFO - Processing file /home/ubuntu/venv/lib/python3.12/site-packages/airflow/example_dags/example_nested_branch_dag.py for tasks to queue
[2024-06-27T21:20:01.764+0000] {logging_mixin.py:188} INFO - [2024-06-27T21:20:01.764+0000] {dagbag.py:545} INFO - Filling up the DagBag from /home/ubuntu/venv/lib/python3.12/site-packages/airflow/example_dags/example_nested_branch_dag.py
[2024-06-27T21:20:01.778+0000] {processor.py:840} INFO - DAG(s) 'example_nested_branch_dag' retrieved from /home/ubuntu/venv/lib/python3.12/site-packages/airflow/example_dags/example_nested_branch_dag.py
[2024-06-27T21:20:01.900+0000] {logging_mixin.py:188} INFO - [2024-06-27T21:20:01.899+0000] {override.py:1847} INFO - Created Permission View: can read on DAG:example_nested_branch_dag
[2024-06-27T21:20:01.913+0000] {logging_mixin.py:188} INFO - [2024-06-27T21:20:01.913+0000] {override.py:1847} INFO - Created Permission View: can delete on DAG:example_nested_branch_dag
[2024-06-27T21:20:01.924+0000] {logging_mixin.py:188} INFO - [2024-06-27T21:20:01.924+0000] {override.py:1847} INFO - Created Permission View: can edit on DAG:example_nested_branch_dag
[2024-06-27T21:20:01.925+0000] {logging_mixin.py:188} INFO - [2024-06-27T21:20:01.924+0000] {dag.py:3096} INFO - Sync 1 DAGs
[2024-06-27T21:20:01.936+0000] {logging_mixin.py:188} INFO - [2024-06-27T21:20:01.936+0000] {dag.py:3118} INFO - Creating ORM DAG for example_nested_branch_dag
[2024-06-27T21:20:01.947+0000] {logging_mixin.py:188} INFO - [2024-06-27T21:20:01.947+0000] {dag.py:3954} INFO - Setting next_dagrun for example_nested_branch_dag to 2024-06-26 00:00:00+00:00, run_after=2024-06-27 00:00:00+00:00
[2024-06-27T21:20:01.970+0000] {processor.py:183} INFO - Processing /home/ubuntu/venv/lib/python3.12/site-packages/airflow/example_dags/example_nested_branch_dag.py took 0.214 seconds
[2024-06-27T21:20:54.568+0000] {processor.py:161} INFO - Started process (PID=3300) to work on /home/ubuntu/venv/lib/python3.12/site-packages/airflow/example_dags/example_nested_branch_dag.py
[2024-06-27T21:20:54.569+0000] {processor.py:830} INFO - Processing file /home/ubuntu/venv/lib/python3.12/site-packages/airflow/example_dags/example_nested_branch_dag.py for tasks to queue
[2024-06-27T21:20:54.571+0000] {logging_mixin.py:188} INFO - [2024-06-27T21:20:54.571+0000] {dagbag.py:545} INFO - Filling up the DagBag from /home/ubuntu/venv/lib/python3.12/site-packages/airflow/example_dags/example_nested_branch_dag.py
[2024-06-27T21:20:54.582+0000] {processor.py:840} INFO - DAG(s) 'example_nested_branch_dag' retrieved from /home/ubuntu/venv/lib/python3.12/site-packages/airflow/example_dags/example_nested_branch_dag.py
[2024-06-27T21:20:54.600+0000] {logging_mixin.py:188} INFO - [2024-06-27T21:20:54.600+0000] {dag.py:3096} INFO - Sync 1 DAGs
[2024-06-27T21:20:54.622+0000] {logging_mixin.py:188} INFO - [2024-06-27T21:20:54.622+0000] {dag.py:3954} INFO - Setting next_dagrun for example_nested_branch_dag to 2024-06-26 00:00:00+00:00, run_after=2024-06-27 00:00:00+00:00
[2024-06-27T21:20:54.646+0000] {processor.py:183} INFO - Processing /home/ubuntu/venv/lib/python3.12/site-packages/airflow/example_dags/example_nested_branch_dag.py took 0.084 seconds
[2024-06-27T21:21:44.300+0000] {processor.py:161} INFO - Started process (PID=3353) to work on /home/ubuntu/venv/lib/python3.12/site-packages/airflow/example_dags/example_nested_branch_dag.py
[2024-06-27T21:21:44.302+0000] {processor.py:830} INFO - Processing file /home/ubuntu/venv/lib/python3.12/site-packages/airflow/example_dags/example_nested_branch_dag.py for tasks to queue
[2024-06-27T21:21:44.303+0000] {logging_mixin.py:188} INFO - [2024-06-27T21:21:44.303+0000] {dagbag.py:545} INFO - Filling up the DagBag from /home/ubuntu/venv/lib/python3.12/site-packages/airflow/example_dags/example_nested_branch_dag.py
[2024-06-27T21:21:44.314+0000] {processor.py:840} INFO - DAG(s) 'example_nested_branch_dag' retrieved from /home/ubuntu/venv/lib/python3.12/site-packages/airflow/example_dags/example_nested_branch_dag.py
[2024-06-27T21:21:44.333+0000] {logging_mixin.py:188} INFO - [2024-06-27T21:21:44.332+0000] {dag.py:3096} INFO - Sync 1 DAGs
[2024-06-27T21:21:44.354+0000] {logging_mixin.py:188} INFO - [2024-06-27T21:21:44.354+0000] {dag.py:3954} INFO - Setting next_dagrun for example_nested_branch_dag to 2024-06-26 00:00:00+00:00, run_after=2024-06-27 00:00:00+00:00
[2024-06-27T21:21:44.378+0000] {processor.py:183} INFO - Processing /home/ubuntu/venv/lib/python3.12/site-packages/airflow/example_dags/example_nested_branch_dag.py took 0.083 seconds
[2024-06-27T21:22:43.791+0000] {processor.py:161} INFO - Started process (PID=3429) to work on /home/ubuntu/venv/lib/python3.12/site-packages/airflow/example_dags/example_nested_branch_dag.py
[2024-06-27T21:22:43.792+0000] {processor.py:830} INFO - Processing file /home/ubuntu/venv/lib/python3.12/site-packages/airflow/example_dags/example_nested_branch_dag.py for tasks to queue
[2024-06-27T21:22:43.794+0000] {logging_mixin.py:188} INFO - [2024-06-27T21:22:43.794+0000] {dagbag.py:545} INFO - Filling up the DagBag from /home/ubuntu/venv/lib/python3.12/site-packages/airflow/example_dags/example_nested_branch_dag.py
[2024-06-27T21:22:43.805+0000] {processor.py:840} INFO - DAG(s) 'example_nested_branch_dag' retrieved from /home/ubuntu/venv/lib/python3.12/site-packages/airflow/example_dags/example_nested_branch_dag.py
[2024-06-27T21:22:43.824+0000] {logging_mixin.py:188} INFO - [2024-06-27T21:22:43.824+0000] {dag.py:3096} INFO - Sync 1 DAGs
[2024-06-27T21:22:43.846+0000] {logging_mixin.py:188} INFO - [2024-06-27T21:22:43.846+0000] {dag.py:3954} INFO - Setting next_dagrun for example_nested_branch_dag to 2024-06-26 00:00:00+00:00, run_after=2024-06-27 00:00:00+00:00
[2024-06-27T21:22:43.869+0000] {processor.py:183} INFO - Processing /home/ubuntu/venv/lib/python3.12/site-packages/airflow/example_dags/example_nested_branch_dag.py took 0.084 seconds
[2024-06-27T21:23:41.730+0000] {processor.py:161} INFO - Started process (PID=3493) to work on /home/ubuntu/venv/lib/python3.12/site-packages/airflow/example_dags/example_nested_branch_dag.py
[2024-06-27T21:23:41.732+0000] {processor.py:830} INFO - Processing file /home/ubuntu/venv/lib/python3.12/site-packages/airflow/example_dags/example_nested_branch_dag.py for tasks to queue
[2024-06-27T21:23:41.734+0000] {logging_mixin.py:188} INFO - [2024-06-27T21:23:41.733+0000] {dagbag.py:545} INFO - Filling up the DagBag from /home/ubuntu/venv/lib/python3.12/site-packages/airflow/example_dags/example_nested_branch_dag.py
[2024-06-27T21:23:41.745+0000] {processor.py:840} INFO - DAG(s) 'example_nested_branch_dag' retrieved from /home/ubuntu/venv/lib/python3.12/site-packages/airflow/example_dags/example_nested_branch_dag.py
[2024-06-27T21:23:41.764+0000] {logging_mixin.py:188} INFO - [2024-06-27T21:23:41.763+0000] {dag.py:3096} INFO - Sync 1 DAGs
[2024-06-27T21:23:41.785+0000] {logging_mixin.py:188} INFO - [2024-06-27T21:23:41.785+0000] {dag.py:3954} INFO - Setting next_dagrun for example_nested_branch_dag to 2024-06-26 00:00:00+00:00, run_after=2024-06-27 00:00:00+00:00
[2024-06-27T21:23:41.811+0000] {processor.py:183} INFO - Processing /home/ubuntu/venv/lib/python3.12/site-packages/airflow/example_dags/example_nested_branch_dag.py took 0.087 seconds
[2024-06-27T21:24:41.609+0000] {processor.py:161} INFO - Started process (PID=3556) to work on /home/ubuntu/venv/lib/python3.12/site-packages/airflow/example_dags/example_nested_branch_dag.py
[2024-06-27T21:24:41.611+0000] {processor.py:830} INFO - Processing file /home/ubuntu/venv/lib/python3.12/site-packages/airflow/example_dags/example_nested_branch_dag.py for tasks to queue
[2024-06-27T21:24:41.612+0000] {logging_mixin.py:188} INFO - [2024-06-27T21:24:41.612+0000] {dagbag.py:545} INFO - Filling up the DagBag from /home/ubuntu/venv/lib/python3.12/site-packages/airflow/example_dags/example_nested_branch_dag.py
[2024-06-27T21:24:41.623+0000] {processor.py:840} INFO - DAG(s) 'example_nested_branch_dag' retrieved from /home/ubuntu/venv/lib/python3.12/site-packages/airflow/example_dags/example_nested_branch_dag.py
[2024-06-27T21:24:41.642+0000] {logging_mixin.py:188} INFO - [2024-06-27T21:24:41.641+0000] {dag.py:3096} INFO - Sync 1 DAGs
[2024-06-27T21:24:41.662+0000] {logging_mixin.py:188} INFO - [2024-06-27T21:24:41.662+0000] {dag.py:3954} INFO - Setting next_dagrun for example_nested_branch_dag to 2024-06-26 00:00:00+00:00, run_after=2024-06-27 00:00:00+00:00
[2024-06-27T21:24:41.685+0000] {processor.py:183} INFO - Processing /home/ubuntu/venv/lib/python3.12/site-packages/airflow/example_dags/example_nested_branch_dag.py took 0.082 seconds
[2024-06-27T21:25:45.319+0000] {processor.py:161} INFO - Started process (PID=3629) to work on /home/ubuntu/venv/lib/python3.12/site-packages/airflow/example_dags/example_nested_branch_dag.py
[2024-06-27T21:25:45.321+0000] {processor.py:830} INFO - Processing file /home/ubuntu/venv/lib/python3.12/site-packages/airflow/example_dags/example_nested_branch_dag.py for tasks to queue
[2024-06-27T21:25:45.322+0000] {logging_mixin.py:188} INFO - [2024-06-27T21:25:45.321+0000] {dagbag.py:545} INFO - Filling up the DagBag from /home/ubuntu/venv/lib/python3.12/site-packages/airflow/example_dags/example_nested_branch_dag.py
[2024-06-27T21:25:45.333+0000] {processor.py:840} INFO - DAG(s) 'example_nested_branch_dag' retrieved from /home/ubuntu/venv/lib/python3.12/site-packages/airflow/example_dags/example_nested_branch_dag.py
[2024-06-27T21:25:45.352+0000] {logging_mixin.py:188} INFO - [2024-06-27T21:25:45.352+0000] {dag.py:3096} INFO - Sync 1 DAGs
[2024-06-27T21:25:45.374+0000] {logging_mixin.py:188} INFO - [2024-06-27T21:25:45.374+0000] {dag.py:3954} INFO - Setting next_dagrun for example_nested_branch_dag to 2024-06-26 00:00:00+00:00, run_after=2024-06-27 00:00:00+00:00
[2024-06-27T21:25:45.397+0000] {processor.py:183} INFO - Processing /home/ubuntu/venv/lib/python3.12/site-packages/airflow/example_dags/example_nested_branch_dag.py took 0.084 seconds
[2024-06-27T21:26:50.919+0000] {processor.py:161} INFO - Started process (PID=3696) to work on /home/ubuntu/venv/lib/python3.12/site-packages/airflow/example_dags/example_nested_branch_dag.py
[2024-06-27T21:26:50.921+0000] {processor.py:830} INFO - Processing file /home/ubuntu/venv/lib/python3.12/site-packages/airflow/example_dags/example_nested_branch_dag.py for tasks to queue
[2024-06-27T21:26:50.922+0000] {logging_mixin.py:188} INFO - [2024-06-27T21:26:50.922+0000] {dagbag.py:545} INFO - Filling up the DagBag from /home/ubuntu/venv/lib/python3.12/site-packages/airflow/example_dags/example_nested_branch_dag.py
[2024-06-27T21:26:50.933+0000] {processor.py:840} INFO - DAG(s) 'example_nested_branch_dag' retrieved from /home/ubuntu/venv/lib/python3.12/site-packages/airflow/example_dags/example_nested_branch_dag.py
[2024-06-27T21:26:50.952+0000] {logging_mixin.py:188} INFO - [2024-06-27T21:26:50.951+0000] {dag.py:3096} INFO - Sync 1 DAGs
[2024-06-27T21:26:50.973+0000] {logging_mixin.py:188} INFO - [2024-06-27T21:26:50.973+0000] {dag.py:3954} INFO - Setting next_dagrun for example_nested_branch_dag to 2024-06-26 00:00:00+00:00, run_after=2024-06-27 00:00:00+00:00
[2024-06-27T21:26:50.996+0000] {processor.py:183} INFO - Processing /home/ubuntu/venv/lib/python3.12/site-packages/airflow/example_dags/example_nested_branch_dag.py took 0.083 seconds
[2024-06-27T21:27:52.955+0000] {processor.py:161} INFO - Started process (PID=3760) to work on /home/ubuntu/venv/lib/python3.12/site-packages/airflow/example_dags/example_nested_branch_dag.py
[2024-06-27T21:27:52.956+0000] {processor.py:830} INFO - Processing file /home/ubuntu/venv/lib/python3.12/site-packages/airflow/example_dags/example_nested_branch_dag.py for tasks to queue
[2024-06-27T21:27:52.957+0000] {logging_mixin.py:188} INFO - [2024-06-27T21:27:52.957+0000] {dagbag.py:545} INFO - Filling up the DagBag from /home/ubuntu/venv/lib/python3.12/site-packages/airflow/example_dags/example_nested_branch_dag.py
[2024-06-27T21:27:52.968+0000] {processor.py:840} INFO - DAG(s) 'example_nested_branch_dag' retrieved from /home/ubuntu/venv/lib/python3.12/site-packages/airflow/example_dags/example_nested_branch_dag.py
[2024-06-27T21:27:52.987+0000] {logging_mixin.py:188} INFO - [2024-06-27T21:27:52.987+0000] {dag.py:3096} INFO - Sync 1 DAGs
[2024-06-27T21:27:53.009+0000] {logging_mixin.py:188} INFO - [2024-06-27T21:27:53.008+0000] {dag.py:3954} INFO - Setting next_dagrun for example_nested_branch_dag to 2024-06-26 00:00:00+00:00, run_after=2024-06-27 00:00:00+00:00
[2024-06-27T21:27:53.034+0000] {processor.py:183} INFO - Processing /home/ubuntu/venv/lib/python3.12/site-packages/airflow/example_dags/example_nested_branch_dag.py took 0.085 seconds
[2024-06-27T21:29:00.938+0000] {processor.py:161} INFO - Started process (PID=3851) to work on /home/ubuntu/venv/lib/python3.12/site-packages/airflow/example_dags/example_nested_branch_dag.py
[2024-06-27T21:29:00.940+0000] {processor.py:830} INFO - Processing file /home/ubuntu/venv/lib/python3.12/site-packages/airflow/example_dags/example_nested_branch_dag.py for tasks to queue
[2024-06-27T21:29:00.941+0000] {logging_mixin.py:188} INFO - [2024-06-27T21:29:00.941+0000] {dagbag.py:545} INFO - Filling up the DagBag from /home/ubuntu/venv/lib/python3.12/site-packages/airflow/example_dags/example_nested_branch_dag.py
[2024-06-27T21:29:00.953+0000] {processor.py:840} INFO - DAG(s) 'example_nested_branch_dag' retrieved from /home/ubuntu/venv/lib/python3.12/site-packages/airflow/example_dags/example_nested_branch_dag.py
[2024-06-27T21:29:00.980+0000] {logging_mixin.py:188} INFO - [2024-06-27T21:29:00.980+0000] {dag.py:3096} INFO - Sync 1 DAGs
[2024-06-27T21:29:01.001+0000] {logging_mixin.py:188} INFO - [2024-06-27T21:29:01.001+0000] {dag.py:3954} INFO - Setting next_dagrun for example_nested_branch_dag to 2024-06-26 00:00:00+00:00, run_after=2024-06-27 00:00:00+00:00
[2024-06-27T21:29:01.024+0000] {processor.py:183} INFO - Processing /home/ubuntu/venv/lib/python3.12/site-packages/airflow/example_dags/example_nested_branch_dag.py took 0.092 seconds
[2024-06-27T21:29:51.149+0000] {processor.py:161} INFO - Started process (PID=3904) to work on /home/ubuntu/venv/lib/python3.12/site-packages/airflow/example_dags/example_nested_branch_dag.py
[2024-06-27T21:29:51.150+0000] {processor.py:830} INFO - Processing file /home/ubuntu/venv/lib/python3.12/site-packages/airflow/example_dags/example_nested_branch_dag.py for tasks to queue
[2024-06-27T21:29:51.151+0000] {logging_mixin.py:188} INFO - [2024-06-27T21:29:51.151+0000] {dagbag.py:545} INFO - Filling up the DagBag from /home/ubuntu/venv/lib/python3.12/site-packages/airflow/example_dags/example_nested_branch_dag.py
[2024-06-27T21:29:51.162+0000] {processor.py:840} INFO - DAG(s) 'example_nested_branch_dag' retrieved from /home/ubuntu/venv/lib/python3.12/site-packages/airflow/example_dags/example_nested_branch_dag.py
[2024-06-27T21:29:51.180+0000] {logging_mixin.py:188} INFO - [2024-06-27T21:29:51.180+0000] {dag.py:3096} INFO - Sync 1 DAGs
[2024-06-27T21:29:51.200+0000] {logging_mixin.py:188} INFO - [2024-06-27T21:29:51.200+0000] {dag.py:3954} INFO - Setting next_dagrun for example_nested_branch_dag to 2024-06-26 00:00:00+00:00, run_after=2024-06-27 00:00:00+00:00
[2024-06-27T21:29:51.223+0000] {processor.py:183} INFO - Processing /home/ubuntu/venv/lib/python3.12/site-packages/airflow/example_dags/example_nested_branch_dag.py took 0.080 seconds
[2024-06-27T21:30:53.138+0000] {processor.py:161} INFO - Started process (PID=3980) to work on /home/ubuntu/venv/lib/python3.12/site-packages/airflow/example_dags/example_nested_branch_dag.py
[2024-06-27T21:30:53.139+0000] {processor.py:830} INFO - Processing file /home/ubuntu/venv/lib/python3.12/site-packages/airflow/example_dags/example_nested_branch_dag.py for tasks to queue
[2024-06-27T21:30:53.140+0000] {logging_mixin.py:188} INFO - [2024-06-27T21:30:53.140+0000] {dagbag.py:545} INFO - Filling up the DagBag from /home/ubuntu/venv/lib/python3.12/site-packages/airflow/example_dags/example_nested_branch_dag.py
[2024-06-27T21:30:53.151+0000] {processor.py:840} INFO - DAG(s) 'example_nested_branch_dag' retrieved from /home/ubuntu/venv/lib/python3.12/site-packages/airflow/example_dags/example_nested_branch_dag.py
[2024-06-27T21:30:53.170+0000] {logging_mixin.py:188} INFO - [2024-06-27T21:30:53.170+0000] {dag.py:3096} INFO - Sync 1 DAGs
[2024-06-27T21:30:53.192+0000] {logging_mixin.py:188} INFO - [2024-06-27T21:30:53.192+0000] {dag.py:3954} INFO - Setting next_dagrun for example_nested_branch_dag to 2024-06-26 00:00:00+00:00, run_after=2024-06-27 00:00:00+00:00
[2024-06-27T21:30:53.215+0000] {processor.py:183} INFO - Processing /home/ubuntu/venv/lib/python3.12/site-packages/airflow/example_dags/example_nested_branch_dag.py took 0.083 seconds
[2024-06-27T21:31:59.515+0000] {processor.py:161} INFO - Started process (PID=4046) to work on /home/ubuntu/venv/lib/python3.12/site-packages/airflow/example_dags/example_nested_branch_dag.py
[2024-06-27T21:31:59.516+0000] {processor.py:830} INFO - Processing file /home/ubuntu/venv/lib/python3.12/site-packages/airflow/example_dags/example_nested_branch_dag.py for tasks to queue
[2024-06-27T21:31:59.517+0000] {logging_mixin.py:188} INFO - [2024-06-27T21:31:59.517+0000] {dagbag.py:545} INFO - Filling up the DagBag from /home/ubuntu/venv/lib/python3.12/site-packages/airflow/example_dags/example_nested_branch_dag.py
[2024-06-27T21:31:59.528+0000] {processor.py:840} INFO - DAG(s) 'example_nested_branch_dag' retrieved from /home/ubuntu/venv/lib/python3.12/site-packages/airflow/example_dags/example_nested_branch_dag.py
[2024-06-27T21:31:59.547+0000] {logging_mixin.py:188} INFO - [2024-06-27T21:31:59.547+0000] {dag.py:3096} INFO - Sync 1 DAGs
[2024-06-27T21:31:59.568+0000] {logging_mixin.py:188} INFO - [2024-06-27T21:31:59.568+0000] {dag.py:3954} INFO - Setting next_dagrun for example_nested_branch_dag to 2024-06-26 00:00:00+00:00, run_after=2024-06-27 00:00:00+00:00
[2024-06-27T21:31:59.593+0000] {processor.py:183} INFO - Processing /home/ubuntu/venv/lib/python3.12/site-packages/airflow/example_dags/example_nested_branch_dag.py took 0.084 seconds
[2024-06-27T21:32:51.552+0000] {processor.py:161} INFO - Started process (PID=4107) to work on /home/ubuntu/venv/lib/python3.12/site-packages/airflow/example_dags/example_nested_branch_dag.py
[2024-06-27T21:32:51.553+0000] {processor.py:830} INFO - Processing file /home/ubuntu/venv/lib/python3.12/site-packages/airflow/example_dags/example_nested_branch_dag.py for tasks to queue
[2024-06-27T21:32:51.554+0000] {logging_mixin.py:188} INFO - [2024-06-27T21:32:51.554+0000] {dagbag.py:545} INFO - Filling up the DagBag from /home/ubuntu/venv/lib/python3.12/site-packages/airflow/example_dags/example_nested_branch_dag.py
[2024-06-27T21:32:51.566+0000] {processor.py:840} INFO - DAG(s) 'example_nested_branch_dag' retrieved from /home/ubuntu/venv/lib/python3.12/site-packages/airflow/example_dags/example_nested_branch_dag.py
[2024-06-27T21:32:51.585+0000] {logging_mixin.py:188} INFO - [2024-06-27T21:32:51.585+0000] {dag.py:3096} INFO - Sync 1 DAGs
[2024-06-27T21:32:51.606+0000] {logging_mixin.py:188} INFO - [2024-06-27T21:32:51.606+0000] {dag.py:3954} INFO - Setting next_dagrun for example_nested_branch_dag to 2024-06-26 00:00:00+00:00, run_after=2024-06-27 00:00:00+00:00
[2024-06-27T21:32:51.630+0000] {processor.py:183} INFO - Processing /home/ubuntu/venv/lib/python3.12/site-packages/airflow/example_dags/example_nested_branch_dag.py took 0.084 seconds
[2024-06-27T21:33:43.396+0000] {processor.py:161} INFO - Started process (PID=4167) to work on /home/ubuntu/venv/lib/python3.12/site-packages/airflow/example_dags/example_nested_branch_dag.py
[2024-06-27T21:33:43.398+0000] {processor.py:830} INFO - Processing file /home/ubuntu/venv/lib/python3.12/site-packages/airflow/example_dags/example_nested_branch_dag.py for tasks to queue
[2024-06-27T21:33:43.399+0000] {logging_mixin.py:188} INFO - [2024-06-27T21:33:43.398+0000] {dagbag.py:545} INFO - Filling up the DagBag from /home/ubuntu/venv/lib/python3.12/site-packages/airflow/example_dags/example_nested_branch_dag.py
[2024-06-27T21:33:43.410+0000] {processor.py:840} INFO - DAG(s) 'example_nested_branch_dag' retrieved from /home/ubuntu/venv/lib/python3.12/site-packages/airflow/example_dags/example_nested_branch_dag.py
[2024-06-27T21:33:43.429+0000] {logging_mixin.py:188} INFO - [2024-06-27T21:33:43.429+0000] {dag.py:3096} INFO - Sync 1 DAGs
[2024-06-27T21:33:43.451+0000] {logging_mixin.py:188} INFO - [2024-06-27T21:33:43.451+0000] {dag.py:3954} INFO - Setting next_dagrun for example_nested_branch_dag to 2024-06-26 00:00:00+00:00, run_after=2024-06-27 00:00:00+00:00
[2024-06-27T21:33:43.475+0000] {processor.py:183} INFO - Processing /home/ubuntu/venv/lib/python3.12/site-packages/airflow/example_dags/example_nested_branch_dag.py took 0.085 seconds
[2024-06-27T21:34:47.362+0000] {processor.py:161} INFO - Started process (PID=4234) to work on /home/ubuntu/venv/lib/python3.12/site-packages/airflow/example_dags/example_nested_branch_dag.py
[2024-06-27T21:34:47.364+0000] {processor.py:830} INFO - Processing file /home/ubuntu/venv/lib/python3.12/site-packages/airflow/example_dags/example_nested_branch_dag.py for tasks to queue
[2024-06-27T21:34:47.365+0000] {logging_mixin.py:188} INFO - [2024-06-27T21:34:47.365+0000] {dagbag.py:545} INFO - Filling up the DagBag from /home/ubuntu/venv/lib/python3.12/site-packages/airflow/example_dags/example_nested_branch_dag.py
[2024-06-27T21:34:47.376+0000] {processor.py:840} INFO - DAG(s) 'example_nested_branch_dag' retrieved from /home/ubuntu/venv/lib/python3.12/site-packages/airflow/example_dags/example_nested_branch_dag.py
[2024-06-27T21:34:47.395+0000] {logging_mixin.py:188} INFO - [2024-06-27T21:34:47.395+0000] {dag.py:3096} INFO - Sync 1 DAGs
[2024-06-27T21:34:47.416+0000] {logging_mixin.py:188} INFO - [2024-06-27T21:34:47.416+0000] {dag.py:3954} INFO - Setting next_dagrun for example_nested_branch_dag to 2024-06-26 00:00:00+00:00, run_after=2024-06-27 00:00:00+00:00
[2024-06-27T21:34:47.440+0000] {processor.py:183} INFO - Processing /home/ubuntu/venv/lib/python3.12/site-packages/airflow/example_dags/example_nested_branch_dag.py took 0.083 seconds
[2024-06-27T21:35:51.452+0000] {processor.py:161} INFO - Started process (PID=4305) to work on /home/ubuntu/venv/lib/python3.12/site-packages/airflow/example_dags/example_nested_branch_dag.py
[2024-06-27T21:35:51.453+0000] {processor.py:830} INFO - Processing file /home/ubuntu/venv/lib/python3.12/site-packages/airflow/example_dags/example_nested_branch_dag.py for tasks to queue
[2024-06-27T21:35:51.454+0000] {logging_mixin.py:188} INFO - [2024-06-27T21:35:51.454+0000] {dagbag.py:545} INFO - Filling up the DagBag from /home/ubuntu/venv/lib/python3.12/site-packages/airflow/example_dags/example_nested_branch_dag.py
[2024-06-27T21:35:51.465+0000] {processor.py:840} INFO - DAG(s) 'example_nested_branch_dag' retrieved from /home/ubuntu/venv/lib/python3.12/site-packages/airflow/example_dags/example_nested_branch_dag.py
[2024-06-27T21:35:51.484+0000] {logging_mixin.py:188} INFO - [2024-06-27T21:35:51.483+0000] {dag.py:3096} INFO - Sync 1 DAGs
[2024-06-27T21:35:51.505+0000] {logging_mixin.py:188} INFO - [2024-06-27T21:35:51.504+0000] {dag.py:3954} INFO - Setting next_dagrun for example_nested_branch_dag to 2024-06-26 00:00:00+00:00, run_after=2024-06-27 00:00:00+00:00
[2024-06-27T21:35:51.528+0000] {processor.py:183} INFO - Processing /home/ubuntu/venv/lib/python3.12/site-packages/airflow/example_dags/example_nested_branch_dag.py took 0.082 seconds
[2024-06-27T21:36:56.305+0000] {processor.py:161} INFO - Started process (PID=4371) to work on /home/ubuntu/venv/lib/python3.12/site-packages/airflow/example_dags/example_nested_branch_dag.py
[2024-06-27T21:36:56.307+0000] {processor.py:830} INFO - Processing file /home/ubuntu/venv/lib/python3.12/site-packages/airflow/example_dags/example_nested_branch_dag.py for tasks to queue
[2024-06-27T21:36:56.308+0000] {logging_mixin.py:188} INFO - [2024-06-27T21:36:56.307+0000] {dagbag.py:545} INFO - Filling up the DagBag from /home/ubuntu/venv/lib/python3.12/site-packages/airflow/example_dags/example_nested_branch_dag.py
[2024-06-27T21:36:56.319+0000] {processor.py:840} INFO - DAG(s) 'example_nested_branch_dag' retrieved from /home/ubuntu/venv/lib/python3.12/site-packages/airflow/example_dags/example_nested_branch_dag.py
[2024-06-27T21:36:56.337+0000] {logging_mixin.py:188} INFO - [2024-06-27T21:36:56.337+0000] {dag.py:3096} INFO - Sync 1 DAGs
[2024-06-27T21:36:56.357+0000] {logging_mixin.py:188} INFO - [2024-06-27T21:36:56.357+0000] {dag.py:3954} INFO - Setting next_dagrun for example_nested_branch_dag to 2024-06-26 00:00:00+00:00, run_after=2024-06-27 00:00:00+00:00
[2024-06-27T21:36:56.380+0000] {processor.py:183} INFO - Processing /home/ubuntu/venv/lib/python3.12/site-packages/airflow/example_dags/example_nested_branch_dag.py took 0.080 seconds
[2024-06-27T21:38:09.164+0000] {processor.py:161} INFO - Started process (PID=4448) to work on /home/ubuntu/venv/lib/python3.12/site-packages/airflow/example_dags/example_nested_branch_dag.py
[2024-06-27T21:38:09.165+0000] {processor.py:830} INFO - Processing file /home/ubuntu/venv/lib/python3.12/site-packages/airflow/example_dags/example_nested_branch_dag.py for tasks to queue
[2024-06-27T21:38:09.166+0000] {logging_mixin.py:188} INFO - [2024-06-27T21:38:09.166+0000] {dagbag.py:545} INFO - Filling up the DagBag from /home/ubuntu/venv/lib/python3.12/site-packages/airflow/example_dags/example_nested_branch_dag.py
[2024-06-27T21:38:09.178+0000] {processor.py:840} INFO - DAG(s) 'example_nested_branch_dag' retrieved from /home/ubuntu/venv/lib/python3.12/site-packages/airflow/example_dags/example_nested_branch_dag.py
[2024-06-27T21:38:09.197+0000] {logging_mixin.py:188} INFO - [2024-06-27T21:38:09.197+0000] {dag.py:3096} INFO - Sync 1 DAGs
[2024-06-27T21:38:09.219+0000] {logging_mixin.py:188} INFO - [2024-06-27T21:38:09.219+0000] {dag.py:3954} INFO - Setting next_dagrun for example_nested_branch_dag to 2024-06-26 00:00:00+00:00, run_after=2024-06-27 00:00:00+00:00
[2024-06-27T21:38:09.243+0000] {processor.py:183} INFO - Processing /home/ubuntu/venv/lib/python3.12/site-packages/airflow/example_dags/example_nested_branch_dag.py took 0.086 seconds
[2024-06-27T21:38:58.130+0000] {processor.py:161} INFO - Started process (PID=4498) to work on /home/ubuntu/venv/lib/python3.12/site-packages/airflow/example_dags/example_nested_branch_dag.py
[2024-06-27T21:38:58.132+0000] {processor.py:830} INFO - Processing file /home/ubuntu/venv/lib/python3.12/site-packages/airflow/example_dags/example_nested_branch_dag.py for tasks to queue
[2024-06-27T21:38:58.133+0000] {logging_mixin.py:188} INFO - [2024-06-27T21:38:58.132+0000] {dagbag.py:545} INFO - Filling up the DagBag from /home/ubuntu/venv/lib/python3.12/site-packages/airflow/example_dags/example_nested_branch_dag.py
[2024-06-27T21:38:58.143+0000] {processor.py:840} INFO - DAG(s) 'example_nested_branch_dag' retrieved from /home/ubuntu/venv/lib/python3.12/site-packages/airflow/example_dags/example_nested_branch_dag.py
[2024-06-27T21:38:58.162+0000] {logging_mixin.py:188} INFO - [2024-06-27T21:38:58.161+0000] {dag.py:3096} INFO - Sync 1 DAGs
[2024-06-27T21:38:58.183+0000] {logging_mixin.py:188} INFO - [2024-06-27T21:38:58.183+0000] {dag.py:3954} INFO - Setting next_dagrun for example_nested_branch_dag to 2024-06-26 00:00:00+00:00, run_after=2024-06-27 00:00:00+00:00
[2024-06-27T21:38:58.204+0000] {processor.py:183} INFO - Processing /home/ubuntu/venv/lib/python3.12/site-packages/airflow/example_dags/example_nested_branch_dag.py took 0.080 seconds
[2024-06-27T21:39:59.223+0000] {processor.py:161} INFO - Started process (PID=4561) to work on /home/ubuntu/venv/lib/python3.12/site-packages/airflow/example_dags/example_nested_branch_dag.py
[2024-06-27T21:39:59.224+0000] {processor.py:830} INFO - Processing file /home/ubuntu/venv/lib/python3.12/site-packages/airflow/example_dags/example_nested_branch_dag.py for tasks to queue
[2024-06-27T21:39:59.225+0000] {logging_mixin.py:188} INFO - [2024-06-27T21:39:59.225+0000] {dagbag.py:545} INFO - Filling up the DagBag from /home/ubuntu/venv/lib/python3.12/site-packages/airflow/example_dags/example_nested_branch_dag.py
[2024-06-27T21:39:59.237+0000] {processor.py:840} INFO - DAG(s) 'example_nested_branch_dag' retrieved from /home/ubuntu/venv/lib/python3.12/site-packages/airflow/example_dags/example_nested_branch_dag.py
[2024-06-27T21:39:59.256+0000] {logging_mixin.py:188} INFO - [2024-06-27T21:39:59.256+0000] {dag.py:3096} INFO - Sync 1 DAGs
[2024-06-27T21:39:59.278+0000] {logging_mixin.py:188} INFO - [2024-06-27T21:39:59.278+0000] {dag.py:3954} INFO - Setting next_dagrun for example_nested_branch_dag to 2024-06-26 00:00:00+00:00, run_after=2024-06-27 00:00:00+00:00
[2024-06-27T21:39:59.300+0000] {processor.py:183} INFO - Processing /home/ubuntu/venv/lib/python3.12/site-packages/airflow/example_dags/example_nested_branch_dag.py took 0.084 seconds
[2024-06-27T21:41:05.644+0000] {processor.py:161} INFO - Started process (PID=4632) to work on /home/ubuntu/venv/lib/python3.12/site-packages/airflow/example_dags/example_nested_branch_dag.py
[2024-06-27T21:41:05.645+0000] {processor.py:830} INFO - Processing file /home/ubuntu/venv/lib/python3.12/site-packages/airflow/example_dags/example_nested_branch_dag.py for tasks to queue
[2024-06-27T21:41:05.646+0000] {logging_mixin.py:188} INFO - [2024-06-27T21:41:05.646+0000] {dagbag.py:545} INFO - Filling up the DagBag from /home/ubuntu/venv/lib/python3.12/site-packages/airflow/example_dags/example_nested_branch_dag.py
[2024-06-27T21:41:05.657+0000] {processor.py:840} INFO - DAG(s) 'example_nested_branch_dag' retrieved from /home/ubuntu/venv/lib/python3.12/site-packages/airflow/example_dags/example_nested_branch_dag.py
[2024-06-27T21:41:05.676+0000] {logging_mixin.py:188} INFO - [2024-06-27T21:41:05.676+0000] {dag.py:3096} INFO - Sync 1 DAGs
[2024-06-27T21:41:05.697+0000] {logging_mixin.py:188} INFO - [2024-06-27T21:41:05.697+0000] {dag.py:3954} INFO - Setting next_dagrun for example_nested_branch_dag to 2024-06-26 00:00:00+00:00, run_after=2024-06-27 00:00:00+00:00
[2024-06-27T21:41:05.720+0000] {processor.py:183} INFO - Processing /home/ubuntu/venv/lib/python3.12/site-packages/airflow/example_dags/example_nested_branch_dag.py took 0.082 seconds
[2024-06-27T21:42:13.526+0000] {processor.py:161} INFO - Started process (PID=4701) to work on /home/ubuntu/venv/lib/python3.12/site-packages/airflow/example_dags/example_nested_branch_dag.py
[2024-06-27T21:42:13.527+0000] {processor.py:830} INFO - Processing file /home/ubuntu/venv/lib/python3.12/site-packages/airflow/example_dags/example_nested_branch_dag.py for tasks to queue
[2024-06-27T21:42:13.528+0000] {logging_mixin.py:188} INFO - [2024-06-27T21:42:13.528+0000] {dagbag.py:545} INFO - Filling up the DagBag from /home/ubuntu/venv/lib/python3.12/site-packages/airflow/example_dags/example_nested_branch_dag.py
[2024-06-27T21:42:13.539+0000] {processor.py:840} INFO - DAG(s) 'example_nested_branch_dag' retrieved from /home/ubuntu/venv/lib/python3.12/site-packages/airflow/example_dags/example_nested_branch_dag.py
[2024-06-27T21:42:13.558+0000] {logging_mixin.py:188} INFO - [2024-06-27T21:42:13.558+0000] {dag.py:3096} INFO - Sync 1 DAGs
[2024-06-27T21:42:13.579+0000] {logging_mixin.py:188} INFO - [2024-06-27T21:42:13.578+0000] {dag.py:3954} INFO - Setting next_dagrun for example_nested_branch_dag to 2024-06-26 00:00:00+00:00, run_after=2024-06-27 00:00:00+00:00
[2024-06-27T21:42:13.601+0000] {processor.py:183} INFO - Processing /home/ubuntu/venv/lib/python3.12/site-packages/airflow/example_dags/example_nested_branch_dag.py took 0.081 seconds
[2024-06-27T21:43:18.181+0000] {processor.py:161} INFO - Started process (PID=4767) to work on /home/ubuntu/venv/lib/python3.12/site-packages/airflow/example_dags/example_nested_branch_dag.py
[2024-06-27T21:43:18.183+0000] {processor.py:830} INFO - Processing file /home/ubuntu/venv/lib/python3.12/site-packages/airflow/example_dags/example_nested_branch_dag.py for tasks to queue
[2024-06-27T21:43:18.184+0000] {logging_mixin.py:188} INFO - [2024-06-27T21:43:18.183+0000] {dagbag.py:545} INFO - Filling up the DagBag from /home/ubuntu/venv/lib/python3.12/site-packages/airflow/example_dags/example_nested_branch_dag.py
[2024-06-27T21:43:18.195+0000] {processor.py:840} INFO - DAG(s) 'example_nested_branch_dag' retrieved from /home/ubuntu/venv/lib/python3.12/site-packages/airflow/example_dags/example_nested_branch_dag.py
[2024-06-27T21:43:18.213+0000] {logging_mixin.py:188} INFO - [2024-06-27T21:43:18.213+0000] {dag.py:3096} INFO - Sync 1 DAGs
[2024-06-27T21:43:18.344+0000] {logging_mixin.py:188} INFO - [2024-06-27T21:43:18.344+0000] {dag.py:3954} INFO - Setting next_dagrun for example_nested_branch_dag to 2024-06-26 00:00:00+00:00, run_after=2024-06-27 00:00:00+00:00
[2024-06-27T21:43:18.365+0000] {processor.py:183} INFO - Processing /home/ubuntu/venv/lib/python3.12/site-packages/airflow/example_dags/example_nested_branch_dag.py took 0.190 seconds
[2024-06-27T21:44:23.659+0000] {processor.py:161} INFO - Started process (PID=4834) to work on /home/ubuntu/venv/lib/python3.12/site-packages/airflow/example_dags/example_nested_branch_dag.py
[2024-06-27T21:44:23.661+0000] {processor.py:830} INFO - Processing file /home/ubuntu/venv/lib/python3.12/site-packages/airflow/example_dags/example_nested_branch_dag.py for tasks to queue
[2024-06-27T21:44:23.662+0000] {logging_mixin.py:188} INFO - [2024-06-27T21:44:23.662+0000] {dagbag.py:545} INFO - Filling up the DagBag from /home/ubuntu/venv/lib/python3.12/site-packages/airflow/example_dags/example_nested_branch_dag.py
[2024-06-27T21:44:23.673+0000] {processor.py:840} INFO - DAG(s) 'example_nested_branch_dag' retrieved from /home/ubuntu/venv/lib/python3.12/site-packages/airflow/example_dags/example_nested_branch_dag.py
[2024-06-27T21:44:23.692+0000] {logging_mixin.py:188} INFO - [2024-06-27T21:44:23.692+0000] {dag.py:3096} INFO - Sync 1 DAGs
[2024-06-27T21:44:23.714+0000] {logging_mixin.py:188} INFO - [2024-06-27T21:44:23.713+0000] {dag.py:3954} INFO - Setting next_dagrun for example_nested_branch_dag to 2024-06-26 00:00:00+00:00, run_after=2024-06-27 00:00:00+00:00
[2024-06-27T21:44:23.854+0000] {processor.py:183} INFO - Processing /home/ubuntu/venv/lib/python3.12/site-packages/airflow/example_dags/example_nested_branch_dag.py took 0.201 seconds
[2024-06-27T21:45:28.565+0000] {processor.py:161} INFO - Started process (PID=4949) to work on /home/ubuntu/venv/lib/python3.12/site-packages/airflow/example_dags/example_nested_branch_dag.py
[2024-06-27T21:45:28.567+0000] {processor.py:830} INFO - Processing file /home/ubuntu/venv/lib/python3.12/site-packages/airflow/example_dags/example_nested_branch_dag.py for tasks to queue
[2024-06-27T21:45:28.568+0000] {logging_mixin.py:188} INFO - [2024-06-27T21:45:28.567+0000] {dagbag.py:545} INFO - Filling up the DagBag from /home/ubuntu/venv/lib/python3.12/site-packages/airflow/example_dags/example_nested_branch_dag.py
[2024-06-27T21:45:28.579+0000] {processor.py:840} INFO - DAG(s) 'example_nested_branch_dag' retrieved from /home/ubuntu/venv/lib/python3.12/site-packages/airflow/example_dags/example_nested_branch_dag.py
[2024-06-27T21:45:28.597+0000] {logging_mixin.py:188} INFO - [2024-06-27T21:45:28.597+0000] {dag.py:3096} INFO - Sync 1 DAGs
[2024-06-27T21:45:28.618+0000] {logging_mixin.py:188} INFO - [2024-06-27T21:45:28.618+0000] {dag.py:3954} INFO - Setting next_dagrun for example_nested_branch_dag to 2024-06-26 00:00:00+00:00, run_after=2024-06-27 00:00:00+00:00
[2024-06-27T21:45:28.642+0000] {processor.py:183} INFO - Processing /home/ubuntu/venv/lib/python3.12/site-packages/airflow/example_dags/example_nested_branch_dag.py took 0.083 seconds
[2024-06-27T21:46:20.056+0000] {processor.py:161} INFO - Started process (PID=4996) to work on /home/ubuntu/venv/lib/python3.12/site-packages/airflow/example_dags/example_nested_branch_dag.py
[2024-06-27T21:46:20.057+0000] {processor.py:830} INFO - Processing file /home/ubuntu/venv/lib/python3.12/site-packages/airflow/example_dags/example_nested_branch_dag.py for tasks to queue
[2024-06-27T21:46:20.058+0000] {logging_mixin.py:188} INFO - [2024-06-27T21:46:20.058+0000] {dagbag.py:545} INFO - Filling up the DagBag from /home/ubuntu/venv/lib/python3.12/site-packages/airflow/example_dags/example_nested_branch_dag.py
[2024-06-27T21:46:20.069+0000] {processor.py:840} INFO - DAG(s) 'example_nested_branch_dag' retrieved from /home/ubuntu/venv/lib/python3.12/site-packages/airflow/example_dags/example_nested_branch_dag.py
[2024-06-27T21:46:20.088+0000] {logging_mixin.py:188} INFO - [2024-06-27T21:46:20.087+0000] {dag.py:3096} INFO - Sync 1 DAGs
[2024-06-27T21:46:20.108+0000] {logging_mixin.py:188} INFO - [2024-06-27T21:46:20.108+0000] {dag.py:3954} INFO - Setting next_dagrun for example_nested_branch_dag to 2024-06-26 00:00:00+00:00, run_after=2024-06-27 00:00:00+00:00
[2024-06-27T21:46:20.130+0000] {processor.py:183} INFO - Processing /home/ubuntu/venv/lib/python3.12/site-packages/airflow/example_dags/example_nested_branch_dag.py took 0.081 seconds
[2024-06-27T21:47:11.465+0000] {processor.py:161} INFO - Started process (PID=5046) to work on /home/ubuntu/venv/lib/python3.12/site-packages/airflow/example_dags/example_nested_branch_dag.py
[2024-06-27T21:47:11.466+0000] {processor.py:830} INFO - Processing file /home/ubuntu/venv/lib/python3.12/site-packages/airflow/example_dags/example_nested_branch_dag.py for tasks to queue
[2024-06-27T21:47:11.467+0000] {logging_mixin.py:188} INFO - [2024-06-27T21:47:11.467+0000] {dagbag.py:545} INFO - Filling up the DagBag from /home/ubuntu/venv/lib/python3.12/site-packages/airflow/example_dags/example_nested_branch_dag.py
[2024-06-27T21:47:11.478+0000] {processor.py:840} INFO - DAG(s) 'example_nested_branch_dag' retrieved from /home/ubuntu/venv/lib/python3.12/site-packages/airflow/example_dags/example_nested_branch_dag.py
[2024-06-27T21:47:11.498+0000] {logging_mixin.py:188} INFO - [2024-06-27T21:47:11.498+0000] {dag.py:3096} INFO - Sync 1 DAGs
[2024-06-27T21:47:11.520+0000] {logging_mixin.py:188} INFO - [2024-06-27T21:47:11.520+0000] {dag.py:3954} INFO - Setting next_dagrun for example_nested_branch_dag to 2024-06-26 00:00:00+00:00, run_after=2024-06-27 00:00:00+00:00
[2024-06-27T21:47:11.545+0000] {processor.py:183} INFO - Processing /home/ubuntu/venv/lib/python3.12/site-packages/airflow/example_dags/example_nested_branch_dag.py took 0.087 seconds
[2024-06-27T21:47:57.995+0000] {processor.py:161} INFO - Started process (PID=5170) to work on /home/ubuntu/venv/lib/python3.12/site-packages/airflow/example_dags/example_nested_branch_dag.py
[2024-06-27T21:47:57.996+0000] {processor.py:830} INFO - Processing file /home/ubuntu/venv/lib/python3.12/site-packages/airflow/example_dags/example_nested_branch_dag.py for tasks to queue
[2024-06-27T21:47:57.997+0000] {logging_mixin.py:188} INFO - [2024-06-27T21:47:57.997+0000] {dagbag.py:545} INFO - Filling up the DagBag from /home/ubuntu/venv/lib/python3.12/site-packages/airflow/example_dags/example_nested_branch_dag.py
[2024-06-27T21:47:58.009+0000] {processor.py:840} INFO - DAG(s) 'example_nested_branch_dag' retrieved from /home/ubuntu/venv/lib/python3.12/site-packages/airflow/example_dags/example_nested_branch_dag.py
[2024-06-27T21:47:58.028+0000] {logging_mixin.py:188} INFO - [2024-06-27T21:47:58.027+0000] {dag.py:3096} INFO - Sync 1 DAGs
[2024-06-27T21:47:58.049+0000] {logging_mixin.py:188} INFO - [2024-06-27T21:47:58.049+0000] {dag.py:3954} INFO - Setting next_dagrun for example_nested_branch_dag to 2024-06-26 00:00:00+00:00, run_after=2024-06-27 00:00:00+00:00
[2024-06-27T21:47:58.072+0000] {processor.py:183} INFO - Processing /home/ubuntu/venv/lib/python3.12/site-packages/airflow/example_dags/example_nested_branch_dag.py took 0.084 seconds
[2024-06-27T21:49:03.929+0000] {processor.py:161} INFO - Started process (PID=5288) to work on /home/ubuntu/venv/lib/python3.12/site-packages/airflow/example_dags/example_nested_branch_dag.py
[2024-06-27T21:49:03.931+0000] {processor.py:830} INFO - Processing file /home/ubuntu/venv/lib/python3.12/site-packages/airflow/example_dags/example_nested_branch_dag.py for tasks to queue
[2024-06-27T21:49:03.932+0000] {logging_mixin.py:188} INFO - [2024-06-27T21:49:03.932+0000] {dagbag.py:545} INFO - Filling up the DagBag from /home/ubuntu/venv/lib/python3.12/site-packages/airflow/example_dags/example_nested_branch_dag.py
[2024-06-27T21:49:03.943+0000] {processor.py:840} INFO - DAG(s) 'example_nested_branch_dag' retrieved from /home/ubuntu/venv/lib/python3.12/site-packages/airflow/example_dags/example_nested_branch_dag.py
[2024-06-27T21:49:03.963+0000] {logging_mixin.py:188} INFO - [2024-06-27T21:49:03.962+0000] {dag.py:3096} INFO - Sync 1 DAGs
[2024-06-27T21:49:03.984+0000] {logging_mixin.py:188} INFO - [2024-06-27T21:49:03.984+0000] {dag.py:3954} INFO - Setting next_dagrun for example_nested_branch_dag to 2024-06-26 00:00:00+00:00, run_after=2024-06-27 00:00:00+00:00
[2024-06-27T21:49:04.008+0000] {processor.py:183} INFO - Processing /home/ubuntu/venv/lib/python3.12/site-packages/airflow/example_dags/example_nested_branch_dag.py took 0.086 seconds
[2024-06-27T21:50:03.811+0000] {processor.py:161} INFO - Started process (PID=5350) to work on /home/ubuntu/venv/lib/python3.12/site-packages/airflow/example_dags/example_nested_branch_dag.py
[2024-06-27T21:50:03.812+0000] {processor.py:830} INFO - Processing file /home/ubuntu/venv/lib/python3.12/site-packages/airflow/example_dags/example_nested_branch_dag.py for tasks to queue
[2024-06-27T21:50:03.813+0000] {logging_mixin.py:188} INFO - [2024-06-27T21:50:03.813+0000] {dagbag.py:545} INFO - Filling up the DagBag from /home/ubuntu/venv/lib/python3.12/site-packages/airflow/example_dags/example_nested_branch_dag.py
[2024-06-27T21:50:03.824+0000] {processor.py:840} INFO - DAG(s) 'example_nested_branch_dag' retrieved from /home/ubuntu/venv/lib/python3.12/site-packages/airflow/example_dags/example_nested_branch_dag.py
[2024-06-27T21:50:03.843+0000] {logging_mixin.py:188} INFO - [2024-06-27T21:50:03.843+0000] {dag.py:3096} INFO - Sync 1 DAGs
[2024-06-27T21:50:03.864+0000] {logging_mixin.py:188} INFO - [2024-06-27T21:50:03.864+0000] {dag.py:3954} INFO - Setting next_dagrun for example_nested_branch_dag to 2024-06-26 00:00:00+00:00, run_after=2024-06-27 00:00:00+00:00
[2024-06-27T21:50:03.887+0000] {processor.py:183} INFO - Processing /home/ubuntu/venv/lib/python3.12/site-packages/airflow/example_dags/example_nested_branch_dag.py took 0.084 seconds
