[2024-06-27T21:19:45.908+0000] {processor.py:161} INFO - Started process (PID=2945) to work on /home/ubuntu/venv/lib/python3.12/site-packages/airflow/example_dags/example_sla_dag.py
[2024-06-27T21:19:45.909+0000] {processor.py:830} INFO - Processing file /home/ubuntu/venv/lib/python3.12/site-packages/airflow/example_dags/example_sla_dag.py for tasks to queue
[2024-06-27T21:19:45.910+0000] {logging_mixin.py:188} INFO - [2024-06-27T21:19:45.910+0000] {dagbag.py:545} INFO - Filling up the DagBag from /home/ubuntu/venv/lib/python3.12/site-packages/airflow/example_dags/example_sla_dag.py
[2024-06-27T21:19:45.920+0000] {processor.py:840} INFO - DAG(s) 'example_sla_dag' retrieved from /home/ubuntu/venv/lib/python3.12/site-packages/airflow/example_dags/example_sla_dag.py
[2024-06-27T21:19:46.036+0000] {logging_mixin.py:188} INFO - [2024-06-27T21:19:46.035+0000] {override.py:1847} INFO - Created Permission View: can read on DAG:example_sla_dag
[2024-06-27T21:19:46.050+0000] {logging_mixin.py:188} INFO - [2024-06-27T21:19:46.049+0000] {override.py:1847} INFO - Created Permission View: can delete on DAG:example_sla_dag
[2024-06-27T21:19:46.059+0000] {logging_mixin.py:188} INFO - [2024-06-27T21:19:46.059+0000] {override.py:1847} INFO - Created Permission View: can edit on DAG:example_sla_dag
[2024-06-27T21:19:46.060+0000] {logging_mixin.py:188} INFO - [2024-06-27T21:19:46.060+0000] {dag.py:3096} INFO - Sync 1 DAGs
[2024-06-27T21:19:46.071+0000] {logging_mixin.py:188} INFO - [2024-06-27T21:19:46.071+0000] {dag.py:3118} INFO - Creating ORM DAG for example_sla_dag
[2024-06-27T21:19:46.082+0000] {logging_mixin.py:188} INFO - [2024-06-27T21:19:46.082+0000] {dag.py:3954} INFO - Setting next_dagrun for example_sla_dag to 2024-06-27 21:16:00+00:00, run_after=2024-06-27 21:18:00+00:00
[2024-06-27T21:19:46.101+0000] {processor.py:183} INFO - Processing /home/ubuntu/venv/lib/python3.12/site-packages/airflow/example_dags/example_sla_dag.py took 0.199 seconds
[2024-06-27T21:20:40.990+0000] {processor.py:161} INFO - Started process (PID=3137) to work on /home/ubuntu/venv/lib/python3.12/site-packages/airflow/example_dags/example_sla_dag.py
[2024-06-27T21:20:40.992+0000] {processor.py:830} INFO - Processing file /home/ubuntu/venv/lib/python3.12/site-packages/airflow/example_dags/example_sla_dag.py for tasks to queue
[2024-06-27T21:20:40.995+0000] {logging_mixin.py:188} INFO - [2024-06-27T21:20:40.995+0000] {dagbag.py:545} INFO - Filling up the DagBag from /home/ubuntu/venv/lib/python3.12/site-packages/airflow/example_dags/example_sla_dag.py
[2024-06-27T21:20:41.011+0000] {processor.py:840} INFO - DAG(s) 'example_sla_dag' retrieved from /home/ubuntu/venv/lib/python3.12/site-packages/airflow/example_dags/example_sla_dag.py
[2024-06-27T21:20:41.037+0000] {logging_mixin.py:188} INFO - [2024-06-27T21:20:41.037+0000] {dag.py:3096} INFO - Sync 1 DAGs
[2024-06-27T21:20:41.069+0000] {logging_mixin.py:188} INFO - [2024-06-27T21:20:41.069+0000] {dag.py:3954} INFO - Setting next_dagrun for example_sla_dag to 2024-06-27 21:18:00+00:00, run_after=2024-06-27 21:20:00+00:00
[2024-06-27T21:20:41.092+0000] {processor.py:183} INFO - Processing /home/ubuntu/venv/lib/python3.12/site-packages/airflow/example_dags/example_sla_dag.py took 0.111 seconds
[2024-06-27T21:21:32.173+0000] {processor.py:161} INFO - Started process (PID=3340) to work on /home/ubuntu/venv/lib/python3.12/site-packages/airflow/example_dags/example_sla_dag.py
[2024-06-27T21:21:32.174+0000] {processor.py:830} INFO - Processing file /home/ubuntu/venv/lib/python3.12/site-packages/airflow/example_dags/example_sla_dag.py for tasks to queue
[2024-06-27T21:21:32.176+0000] {logging_mixin.py:188} INFO - [2024-06-27T21:21:32.176+0000] {dagbag.py:545} INFO - Filling up the DagBag from /home/ubuntu/venv/lib/python3.12/site-packages/airflow/example_dags/example_sla_dag.py
[2024-06-27T21:21:32.186+0000] {processor.py:840} INFO - DAG(s) 'example_sla_dag' retrieved from /home/ubuntu/venv/lib/python3.12/site-packages/airflow/example_dags/example_sla_dag.py
[2024-06-27T21:21:32.202+0000] {logging_mixin.py:188} INFO - [2024-06-27T21:21:32.202+0000] {dag.py:3096} INFO - Sync 1 DAGs
[2024-06-27T21:21:32.225+0000] {logging_mixin.py:188} INFO - [2024-06-27T21:21:32.225+0000] {dag.py:3954} INFO - Setting next_dagrun for example_sla_dag to 2024-06-27 21:18:00+00:00, run_after=2024-06-27 21:20:00+00:00
[2024-06-27T21:21:32.248+0000] {processor.py:183} INFO - Processing /home/ubuntu/venv/lib/python3.12/site-packages/airflow/example_dags/example_sla_dag.py took 0.081 seconds
[2024-06-27T21:22:15.853+0000] {processor.py:161} INFO - Started process (PID=3398) to work on /home/ubuntu/venv/lib/python3.12/site-packages/airflow/example_dags/example_sla_dag.py
[2024-06-27T21:22:15.855+0000] {processor.py:830} INFO - Processing file /home/ubuntu/venv/lib/python3.12/site-packages/airflow/example_dags/example_sla_dag.py for tasks to queue
[2024-06-27T21:22:15.856+0000] {logging_mixin.py:188} INFO - [2024-06-27T21:22:15.856+0000] {dagbag.py:545} INFO - Filling up the DagBag from /home/ubuntu/venv/lib/python3.12/site-packages/airflow/example_dags/example_sla_dag.py
[2024-06-27T21:22:15.866+0000] {processor.py:840} INFO - DAG(s) 'example_sla_dag' retrieved from /home/ubuntu/venv/lib/python3.12/site-packages/airflow/example_dags/example_sla_dag.py
[2024-06-27T21:22:15.882+0000] {logging_mixin.py:188} INFO - [2024-06-27T21:22:15.882+0000] {dag.py:3096} INFO - Sync 1 DAGs
[2024-06-27T21:22:15.905+0000] {logging_mixin.py:188} INFO - [2024-06-27T21:22:15.905+0000] {dag.py:3954} INFO - Setting next_dagrun for example_sla_dag to 2024-06-27 21:20:00+00:00, run_after=2024-06-27 21:22:00+00:00
[2024-06-27T21:22:15.928+0000] {processor.py:183} INFO - Processing /home/ubuntu/venv/lib/python3.12/site-packages/airflow/example_dags/example_sla_dag.py took 0.081 seconds
[2024-06-27T21:22:57.454+0000] {processor.py:161} INFO - Started process (PID=3443) to work on /home/ubuntu/venv/lib/python3.12/site-packages/airflow/example_dags/example_sla_dag.py
[2024-06-27T21:22:57.456+0000] {processor.py:830} INFO - Processing file /home/ubuntu/venv/lib/python3.12/site-packages/airflow/example_dags/example_sla_dag.py for tasks to queue
[2024-06-27T21:22:57.458+0000] {logging_mixin.py:188} INFO - [2024-06-27T21:22:57.457+0000] {dagbag.py:545} INFO - Filling up the DagBag from /home/ubuntu/venv/lib/python3.12/site-packages/airflow/example_dags/example_sla_dag.py
[2024-06-27T21:22:57.467+0000] {processor.py:840} INFO - DAG(s) 'example_sla_dag' retrieved from /home/ubuntu/venv/lib/python3.12/site-packages/airflow/example_dags/example_sla_dag.py
[2024-06-27T21:22:57.482+0000] {logging_mixin.py:188} INFO - [2024-06-27T21:22:57.482+0000] {dag.py:3096} INFO - Sync 1 DAGs
[2024-06-27T21:22:57.504+0000] {logging_mixin.py:188} INFO - [2024-06-27T21:22:57.504+0000] {dag.py:3954} INFO - Setting next_dagrun for example_sla_dag to 2024-06-27 21:20:00+00:00, run_after=2024-06-27 21:22:00+00:00
[2024-06-27T21:22:57.527+0000] {processor.py:183} INFO - Processing /home/ubuntu/venv/lib/python3.12/site-packages/airflow/example_dags/example_sla_dag.py took 0.078 seconds
[2024-06-27T21:23:36.584+0000] {processor.py:161} INFO - Started process (PID=3486) to work on /home/ubuntu/venv/lib/python3.12/site-packages/airflow/example_dags/example_sla_dag.py
[2024-06-27T21:23:36.586+0000] {processor.py:830} INFO - Processing file /home/ubuntu/venv/lib/python3.12/site-packages/airflow/example_dags/example_sla_dag.py for tasks to queue
[2024-06-27T21:23:36.587+0000] {logging_mixin.py:188} INFO - [2024-06-27T21:23:36.587+0000] {dagbag.py:545} INFO - Filling up the DagBag from /home/ubuntu/venv/lib/python3.12/site-packages/airflow/example_dags/example_sla_dag.py
[2024-06-27T21:23:36.597+0000] {processor.py:840} INFO - DAG(s) 'example_sla_dag' retrieved from /home/ubuntu/venv/lib/python3.12/site-packages/airflow/example_dags/example_sla_dag.py
[2024-06-27T21:23:36.613+0000] {logging_mixin.py:188} INFO - [2024-06-27T21:23:36.612+0000] {dag.py:3096} INFO - Sync 1 DAGs
[2024-06-27T21:23:36.635+0000] {logging_mixin.py:188} INFO - [2024-06-27T21:23:36.635+0000] {dag.py:3954} INFO - Setting next_dagrun for example_sla_dag to 2024-06-27 21:20:00+00:00, run_after=2024-06-27 21:22:00+00:00
[2024-06-27T21:23:36.657+0000] {processor.py:183} INFO - Processing /home/ubuntu/venv/lib/python3.12/site-packages/airflow/example_dags/example_sla_dag.py took 0.079 seconds
[2024-06-27T21:24:15.887+0000] {processor.py:161} INFO - Started process (PID=3527) to work on /home/ubuntu/venv/lib/python3.12/site-packages/airflow/example_dags/example_sla_dag.py
[2024-06-27T21:24:15.888+0000] {processor.py:830} INFO - Processing file /home/ubuntu/venv/lib/python3.12/site-packages/airflow/example_dags/example_sla_dag.py for tasks to queue
[2024-06-27T21:24:15.890+0000] {logging_mixin.py:188} INFO - [2024-06-27T21:24:15.890+0000] {dagbag.py:545} INFO - Filling up the DagBag from /home/ubuntu/venv/lib/python3.12/site-packages/airflow/example_dags/example_sla_dag.py
[2024-06-27T21:24:15.900+0000] {processor.py:840} INFO - DAG(s) 'example_sla_dag' retrieved from /home/ubuntu/venv/lib/python3.12/site-packages/airflow/example_dags/example_sla_dag.py
[2024-06-27T21:24:15.915+0000] {logging_mixin.py:188} INFO - [2024-06-27T21:24:15.915+0000] {dag.py:3096} INFO - Sync 1 DAGs
[2024-06-27T21:24:15.937+0000] {logging_mixin.py:188} INFO - [2024-06-27T21:24:15.937+0000] {dag.py:3954} INFO - Setting next_dagrun for example_sla_dag to 2024-06-27 21:22:00+00:00, run_after=2024-06-27 21:24:00+00:00
[2024-06-27T21:24:15.961+0000] {processor.py:183} INFO - Processing /home/ubuntu/venv/lib/python3.12/site-packages/airflow/example_dags/example_sla_dag.py took 0.081 seconds
[2024-06-27T21:24:56.127+0000] {processor.py:161} INFO - Started process (PID=3570) to work on /home/ubuntu/venv/lib/python3.12/site-packages/airflow/example_dags/example_sla_dag.py
[2024-06-27T21:24:56.128+0000] {processor.py:830} INFO - Processing file /home/ubuntu/venv/lib/python3.12/site-packages/airflow/example_dags/example_sla_dag.py for tasks to queue
[2024-06-27T21:24:56.129+0000] {logging_mixin.py:188} INFO - [2024-06-27T21:24:56.129+0000] {dagbag.py:545} INFO - Filling up the DagBag from /home/ubuntu/venv/lib/python3.12/site-packages/airflow/example_dags/example_sla_dag.py
[2024-06-27T21:24:56.139+0000] {processor.py:840} INFO - DAG(s) 'example_sla_dag' retrieved from /home/ubuntu/venv/lib/python3.12/site-packages/airflow/example_dags/example_sla_dag.py
[2024-06-27T21:24:56.156+0000] {logging_mixin.py:188} INFO - [2024-06-27T21:24:56.155+0000] {dag.py:3096} INFO - Sync 1 DAGs
[2024-06-27T21:24:56.178+0000] {logging_mixin.py:188} INFO - [2024-06-27T21:24:56.178+0000] {dag.py:3954} INFO - Setting next_dagrun for example_sla_dag to 2024-06-27 21:22:00+00:00, run_after=2024-06-27 21:24:00+00:00
[2024-06-27T21:24:56.201+0000] {processor.py:183} INFO - Processing /home/ubuntu/venv/lib/python3.12/site-packages/airflow/example_dags/example_sla_dag.py took 0.080 seconds
[2024-06-27T21:25:39.540+0000] {processor.py:161} INFO - Started process (PID=3623) to work on /home/ubuntu/venv/lib/python3.12/site-packages/airflow/example_dags/example_sla_dag.py
[2024-06-27T21:25:39.541+0000] {processor.py:830} INFO - Processing file /home/ubuntu/venv/lib/python3.12/site-packages/airflow/example_dags/example_sla_dag.py for tasks to queue
[2024-06-27T21:25:39.542+0000] {logging_mixin.py:188} INFO - [2024-06-27T21:25:39.542+0000] {dagbag.py:545} INFO - Filling up the DagBag from /home/ubuntu/venv/lib/python3.12/site-packages/airflow/example_dags/example_sla_dag.py
[2024-06-27T21:25:39.552+0000] {processor.py:840} INFO - DAG(s) 'example_sla_dag' retrieved from /home/ubuntu/venv/lib/python3.12/site-packages/airflow/example_dags/example_sla_dag.py
[2024-06-27T21:25:39.569+0000] {logging_mixin.py:188} INFO - [2024-06-27T21:25:39.569+0000] {dag.py:3096} INFO - Sync 1 DAGs
[2024-06-27T21:25:39.592+0000] {logging_mixin.py:188} INFO - [2024-06-27T21:25:39.591+0000] {dag.py:3954} INFO - Setting next_dagrun for example_sla_dag to 2024-06-27 21:22:00+00:00, run_after=2024-06-27 21:24:00+00:00
[2024-06-27T21:25:39.613+0000] {processor.py:183} INFO - Processing /home/ubuntu/venv/lib/python3.12/site-packages/airflow/example_dags/example_sla_dag.py took 0.080 seconds
[2024-06-27T21:26:20.504+0000] {processor.py:161} INFO - Started process (PID=3665) to work on /home/ubuntu/venv/lib/python3.12/site-packages/airflow/example_dags/example_sla_dag.py
[2024-06-27T21:26:20.506+0000] {processor.py:830} INFO - Processing file /home/ubuntu/venv/lib/python3.12/site-packages/airflow/example_dags/example_sla_dag.py for tasks to queue
[2024-06-27T21:26:20.507+0000] {logging_mixin.py:188} INFO - [2024-06-27T21:26:20.506+0000] {dagbag.py:545} INFO - Filling up the DagBag from /home/ubuntu/venv/lib/python3.12/site-packages/airflow/example_dags/example_sla_dag.py
[2024-06-27T21:26:20.516+0000] {processor.py:840} INFO - DAG(s) 'example_sla_dag' retrieved from /home/ubuntu/venv/lib/python3.12/site-packages/airflow/example_dags/example_sla_dag.py
[2024-06-27T21:26:20.534+0000] {logging_mixin.py:188} INFO - [2024-06-27T21:26:20.533+0000] {dag.py:3096} INFO - Sync 1 DAGs
[2024-06-27T21:26:20.556+0000] {logging_mixin.py:188} INFO - [2024-06-27T21:26:20.556+0000] {dag.py:3954} INFO - Setting next_dagrun for example_sla_dag to 2024-06-27 21:24:00+00:00, run_after=2024-06-27 21:26:00+00:00
[2024-06-27T21:26:20.579+0000] {processor.py:183} INFO - Processing /home/ubuntu/venv/lib/python3.12/site-packages/airflow/example_dags/example_sla_dag.py took 0.081 seconds
[2024-06-27T21:27:04.635+0000] {processor.py:161} INFO - Started process (PID=3710) to work on /home/ubuntu/venv/lib/python3.12/site-packages/airflow/example_dags/example_sla_dag.py
[2024-06-27T21:27:04.636+0000] {processor.py:830} INFO - Processing file /home/ubuntu/venv/lib/python3.12/site-packages/airflow/example_dags/example_sla_dag.py for tasks to queue
[2024-06-27T21:27:04.637+0000] {logging_mixin.py:188} INFO - [2024-06-27T21:27:04.637+0000] {dagbag.py:545} INFO - Filling up the DagBag from /home/ubuntu/venv/lib/python3.12/site-packages/airflow/example_dags/example_sla_dag.py
[2024-06-27T21:27:04.647+0000] {processor.py:840} INFO - DAG(s) 'example_sla_dag' retrieved from /home/ubuntu/venv/lib/python3.12/site-packages/airflow/example_dags/example_sla_dag.py
[2024-06-27T21:27:04.663+0000] {logging_mixin.py:188} INFO - [2024-06-27T21:27:04.663+0000] {dag.py:3096} INFO - Sync 1 DAGs
[2024-06-27T21:27:04.685+0000] {logging_mixin.py:188} INFO - [2024-06-27T21:27:04.685+0000] {dag.py:3954} INFO - Setting next_dagrun for example_sla_dag to 2024-06-27 21:24:00+00:00, run_after=2024-06-27 21:26:00+00:00
[2024-06-27T21:27:04.708+0000] {processor.py:183} INFO - Processing /home/ubuntu/venv/lib/python3.12/site-packages/airflow/example_dags/example_sla_dag.py took 0.079 seconds
[2024-06-27T21:27:46.914+0000] {processor.py:161} INFO - Started process (PID=3754) to work on /home/ubuntu/venv/lib/python3.12/site-packages/airflow/example_dags/example_sla_dag.py
[2024-06-27T21:27:46.916+0000] {processor.py:830} INFO - Processing file /home/ubuntu/venv/lib/python3.12/site-packages/airflow/example_dags/example_sla_dag.py for tasks to queue
[2024-06-27T21:27:46.917+0000] {logging_mixin.py:188} INFO - [2024-06-27T21:27:46.916+0000] {dagbag.py:545} INFO - Filling up the DagBag from /home/ubuntu/venv/lib/python3.12/site-packages/airflow/example_dags/example_sla_dag.py
[2024-06-27T21:27:46.926+0000] {processor.py:840} INFO - DAG(s) 'example_sla_dag' retrieved from /home/ubuntu/venv/lib/python3.12/site-packages/airflow/example_dags/example_sla_dag.py
[2024-06-27T21:27:46.943+0000] {logging_mixin.py:188} INFO - [2024-06-27T21:27:46.943+0000] {dag.py:3096} INFO - Sync 1 DAGs
[2024-06-27T21:27:46.966+0000] {logging_mixin.py:188} INFO - [2024-06-27T21:27:46.966+0000] {dag.py:3954} INFO - Setting next_dagrun for example_sla_dag to 2024-06-27 21:24:00+00:00, run_after=2024-06-27 21:26:00+00:00
[2024-06-27T21:27:46.989+0000] {processor.py:183} INFO - Processing /home/ubuntu/venv/lib/python3.12/site-packages/airflow/example_dags/example_sla_dag.py took 0.081 seconds
[2024-06-27T21:28:52.026+0000] {processor.py:161} INFO - Started process (PID=3842) to work on /home/ubuntu/venv/lib/python3.12/site-packages/airflow/example_dags/example_sla_dag.py
[2024-06-27T21:28:52.027+0000] {processor.py:830} INFO - Processing file /home/ubuntu/venv/lib/python3.12/site-packages/airflow/example_dags/example_sla_dag.py for tasks to queue
[2024-06-27T21:28:52.028+0000] {logging_mixin.py:188} INFO - [2024-06-27T21:28:52.028+0000] {dagbag.py:545} INFO - Filling up the DagBag from /home/ubuntu/venv/lib/python3.12/site-packages/airflow/example_dags/example_sla_dag.py
[2024-06-27T21:28:52.038+0000] {processor.py:840} INFO - DAG(s) 'example_sla_dag' retrieved from /home/ubuntu/venv/lib/python3.12/site-packages/airflow/example_dags/example_sla_dag.py
[2024-06-27T21:28:52.055+0000] {logging_mixin.py:188} INFO - [2024-06-27T21:28:52.055+0000] {dag.py:3096} INFO - Sync 1 DAGs
[2024-06-27T21:28:52.078+0000] {logging_mixin.py:188} INFO - [2024-06-27T21:28:52.078+0000] {dag.py:3954} INFO - Setting next_dagrun for example_sla_dag to 2024-06-27 21:26:00+00:00, run_after=2024-06-27 21:28:00+00:00
[2024-06-27T21:28:52.101+0000] {processor.py:183} INFO - Processing /home/ubuntu/venv/lib/python3.12/site-packages/airflow/example_dags/example_sla_dag.py took 0.082 seconds
[2024-06-27T21:29:42.255+0000] {processor.py:161} INFO - Started process (PID=3895) to work on /home/ubuntu/venv/lib/python3.12/site-packages/airflow/example_dags/example_sla_dag.py
[2024-06-27T21:29:42.256+0000] {processor.py:830} INFO - Processing file /home/ubuntu/venv/lib/python3.12/site-packages/airflow/example_dags/example_sla_dag.py for tasks to queue
[2024-06-27T21:29:42.257+0000] {logging_mixin.py:188} INFO - [2024-06-27T21:29:42.257+0000] {dagbag.py:545} INFO - Filling up the DagBag from /home/ubuntu/venv/lib/python3.12/site-packages/airflow/example_dags/example_sla_dag.py
[2024-06-27T21:29:42.266+0000] {processor.py:840} INFO - DAG(s) 'example_sla_dag' retrieved from /home/ubuntu/venv/lib/python3.12/site-packages/airflow/example_dags/example_sla_dag.py
[2024-06-27T21:29:42.283+0000] {logging_mixin.py:188} INFO - [2024-06-27T21:29:42.283+0000] {dag.py:3096} INFO - Sync 1 DAGs
[2024-06-27T21:29:42.305+0000] {logging_mixin.py:188} INFO - [2024-06-27T21:29:42.305+0000] {dag.py:3954} INFO - Setting next_dagrun for example_sla_dag to 2024-06-27 21:26:00+00:00, run_after=2024-06-27 21:28:00+00:00
[2024-06-27T21:29:42.329+0000] {processor.py:183} INFO - Processing /home/ubuntu/venv/lib/python3.12/site-packages/airflow/example_dags/example_sla_dag.py took 0.080 seconds
[2024-06-27T21:30:24.530+0000] {processor.py:161} INFO - Started process (PID=3949) to work on /home/ubuntu/venv/lib/python3.12/site-packages/airflow/example_dags/example_sla_dag.py
[2024-06-27T21:30:24.532+0000] {processor.py:830} INFO - Processing file /home/ubuntu/venv/lib/python3.12/site-packages/airflow/example_dags/example_sla_dag.py for tasks to queue
[2024-06-27T21:30:24.533+0000] {logging_mixin.py:188} INFO - [2024-06-27T21:30:24.532+0000] {dagbag.py:545} INFO - Filling up the DagBag from /home/ubuntu/venv/lib/python3.12/site-packages/airflow/example_dags/example_sla_dag.py
[2024-06-27T21:30:24.542+0000] {processor.py:840} INFO - DAG(s) 'example_sla_dag' retrieved from /home/ubuntu/venv/lib/python3.12/site-packages/airflow/example_dags/example_sla_dag.py
[2024-06-27T21:30:24.559+0000] {logging_mixin.py:188} INFO - [2024-06-27T21:30:24.558+0000] {dag.py:3096} INFO - Sync 1 DAGs
[2024-06-27T21:30:24.581+0000] {logging_mixin.py:188} INFO - [2024-06-27T21:30:24.581+0000] {dag.py:3954} INFO - Setting next_dagrun for example_sla_dag to 2024-06-27 21:28:00+00:00, run_after=2024-06-27 21:30:00+00:00
[2024-06-27T21:30:24.604+0000] {processor.py:183} INFO - Processing /home/ubuntu/venv/lib/python3.12/site-packages/airflow/example_dags/example_sla_dag.py took 0.080 seconds
[2024-06-27T21:31:06.953+0000] {processor.py:161} INFO - Started process (PID=3993) to work on /home/ubuntu/venv/lib/python3.12/site-packages/airflow/example_dags/example_sla_dag.py
[2024-06-27T21:31:06.959+0000] {processor.py:830} INFO - Processing file /home/ubuntu/venv/lib/python3.12/site-packages/airflow/example_dags/example_sla_dag.py for tasks to queue
[2024-06-27T21:31:06.960+0000] {logging_mixin.py:188} INFO - [2024-06-27T21:31:06.960+0000] {dagbag.py:545} INFO - Filling up the DagBag from /home/ubuntu/venv/lib/python3.12/site-packages/airflow/example_dags/example_sla_dag.py
[2024-06-27T21:31:06.970+0000] {processor.py:840} INFO - DAG(s) 'example_sla_dag' retrieved from /home/ubuntu/venv/lib/python3.12/site-packages/airflow/example_dags/example_sla_dag.py
[2024-06-27T21:31:06.987+0000] {logging_mixin.py:188} INFO - [2024-06-27T21:31:06.987+0000] {dag.py:3096} INFO - Sync 1 DAGs
[2024-06-27T21:31:07.011+0000] {logging_mixin.py:188} INFO - [2024-06-27T21:31:07.010+0000] {dag.py:3954} INFO - Setting next_dagrun for example_sla_dag to 2024-06-27 21:28:00+00:00, run_after=2024-06-27 21:30:00+00:00
[2024-06-27T21:31:07.034+0000] {processor.py:183} INFO - Processing /home/ubuntu/venv/lib/python3.12/site-packages/airflow/example_dags/example_sla_dag.py took 0.087 seconds
[2024-06-27T21:31:50.189+0000] {processor.py:161} INFO - Started process (PID=4037) to work on /home/ubuntu/venv/lib/python3.12/site-packages/airflow/example_dags/example_sla_dag.py
[2024-06-27T21:31:50.190+0000] {processor.py:830} INFO - Processing file /home/ubuntu/venv/lib/python3.12/site-packages/airflow/example_dags/example_sla_dag.py for tasks to queue
[2024-06-27T21:31:50.191+0000] {logging_mixin.py:188} INFO - [2024-06-27T21:31:50.191+0000] {dagbag.py:545} INFO - Filling up the DagBag from /home/ubuntu/venv/lib/python3.12/site-packages/airflow/example_dags/example_sla_dag.py
[2024-06-27T21:31:50.201+0000] {processor.py:840} INFO - DAG(s) 'example_sla_dag' retrieved from /home/ubuntu/venv/lib/python3.12/site-packages/airflow/example_dags/example_sla_dag.py
[2024-06-27T21:31:50.217+0000] {logging_mixin.py:188} INFO - [2024-06-27T21:31:50.217+0000] {dag.py:3096} INFO - Sync 1 DAGs
[2024-06-27T21:31:50.239+0000] {logging_mixin.py:188} INFO - [2024-06-27T21:31:50.239+0000] {dag.py:3954} INFO - Setting next_dagrun for example_sla_dag to 2024-06-27 21:28:00+00:00, run_after=2024-06-27 21:30:00+00:00
[2024-06-27T21:31:50.262+0000] {processor.py:183} INFO - Processing /home/ubuntu/venv/lib/python3.12/site-packages/airflow/example_dags/example_sla_dag.py took 0.079 seconds
[2024-06-27T21:32:40.111+0000] {processor.py:161} INFO - Started process (PID=4092) to work on /home/ubuntu/venv/lib/python3.12/site-packages/airflow/example_dags/example_sla_dag.py
[2024-06-27T21:32:40.113+0000] {processor.py:830} INFO - Processing file /home/ubuntu/venv/lib/python3.12/site-packages/airflow/example_dags/example_sla_dag.py for tasks to queue
[2024-06-27T21:32:40.114+0000] {logging_mixin.py:188} INFO - [2024-06-27T21:32:40.113+0000] {dagbag.py:545} INFO - Filling up the DagBag from /home/ubuntu/venv/lib/python3.12/site-packages/airflow/example_dags/example_sla_dag.py
[2024-06-27T21:32:40.124+0000] {processor.py:840} INFO - DAG(s) 'example_sla_dag' retrieved from /home/ubuntu/venv/lib/python3.12/site-packages/airflow/example_dags/example_sla_dag.py
[2024-06-27T21:32:40.141+0000] {logging_mixin.py:188} INFO - [2024-06-27T21:32:40.140+0000] {dag.py:3096} INFO - Sync 1 DAGs
[2024-06-27T21:32:40.164+0000] {logging_mixin.py:188} INFO - [2024-06-27T21:32:40.163+0000] {dag.py:3954} INFO - Setting next_dagrun for example_sla_dag to 2024-06-27 21:30:00+00:00, run_after=2024-06-27 21:32:00+00:00
[2024-06-27T21:32:40.187+0000] {processor.py:183} INFO - Processing /home/ubuntu/venv/lib/python3.12/site-packages/airflow/example_dags/example_sla_dag.py took 0.081 seconds
[2024-06-27T21:33:34.248+0000] {processor.py:161} INFO - Started process (PID=4158) to work on /home/ubuntu/venv/lib/python3.12/site-packages/airflow/example_dags/example_sla_dag.py
[2024-06-27T21:33:34.250+0000] {processor.py:830} INFO - Processing file /home/ubuntu/venv/lib/python3.12/site-packages/airflow/example_dags/example_sla_dag.py for tasks to queue
[2024-06-27T21:33:34.251+0000] {logging_mixin.py:188} INFO - [2024-06-27T21:33:34.250+0000] {dagbag.py:545} INFO - Filling up the DagBag from /home/ubuntu/venv/lib/python3.12/site-packages/airflow/example_dags/example_sla_dag.py
[2024-06-27T21:33:34.260+0000] {processor.py:840} INFO - DAG(s) 'example_sla_dag' retrieved from /home/ubuntu/venv/lib/python3.12/site-packages/airflow/example_dags/example_sla_dag.py
[2024-06-27T21:33:34.277+0000] {logging_mixin.py:188} INFO - [2024-06-27T21:33:34.276+0000] {dag.py:3096} INFO - Sync 1 DAGs
[2024-06-27T21:33:34.300+0000] {logging_mixin.py:188} INFO - [2024-06-27T21:33:34.300+0000] {dag.py:3954} INFO - Setting next_dagrun for example_sla_dag to 2024-06-27 21:30:00+00:00, run_after=2024-06-27 21:32:00+00:00
[2024-06-27T21:33:34.331+0000] {processor.py:183} INFO - Processing /home/ubuntu/venv/lib/python3.12/site-packages/airflow/example_dags/example_sla_dag.py took 0.089 seconds
[2024-06-27T21:34:18.861+0000] {processor.py:161} INFO - Started process (PID=4203) to work on /home/ubuntu/venv/lib/python3.12/site-packages/airflow/example_dags/example_sla_dag.py
[2024-06-27T21:34:18.863+0000] {processor.py:830} INFO - Processing file /home/ubuntu/venv/lib/python3.12/site-packages/airflow/example_dags/example_sla_dag.py for tasks to queue
[2024-06-27T21:34:18.864+0000] {logging_mixin.py:188} INFO - [2024-06-27T21:34:18.863+0000] {dagbag.py:545} INFO - Filling up the DagBag from /home/ubuntu/venv/lib/python3.12/site-packages/airflow/example_dags/example_sla_dag.py
[2024-06-27T21:34:18.873+0000] {processor.py:840} INFO - DAG(s) 'example_sla_dag' retrieved from /home/ubuntu/venv/lib/python3.12/site-packages/airflow/example_dags/example_sla_dag.py
[2024-06-27T21:34:18.889+0000] {logging_mixin.py:188} INFO - [2024-06-27T21:34:18.889+0000] {dag.py:3096} INFO - Sync 1 DAGs
[2024-06-27T21:34:18.912+0000] {logging_mixin.py:188} INFO - [2024-06-27T21:34:18.911+0000] {dag.py:3954} INFO - Setting next_dagrun for example_sla_dag to 2024-06-27 21:32:00+00:00, run_after=2024-06-27 21:34:00+00:00
[2024-06-27T21:34:18.934+0000] {processor.py:183} INFO - Processing /home/ubuntu/venv/lib/python3.12/site-packages/airflow/example_dags/example_sla_dag.py took 0.078 seconds
[2024-06-27T21:35:01.773+0000] {processor.py:161} INFO - Started process (PID=4251) to work on /home/ubuntu/venv/lib/python3.12/site-packages/airflow/example_dags/example_sla_dag.py
[2024-06-27T21:35:01.775+0000] {processor.py:830} INFO - Processing file /home/ubuntu/venv/lib/python3.12/site-packages/airflow/example_dags/example_sla_dag.py for tasks to queue
[2024-06-27T21:35:01.776+0000] {logging_mixin.py:188} INFO - [2024-06-27T21:35:01.775+0000] {dagbag.py:545} INFO - Filling up the DagBag from /home/ubuntu/venv/lib/python3.12/site-packages/airflow/example_dags/example_sla_dag.py
[2024-06-27T21:35:01.786+0000] {processor.py:840} INFO - DAG(s) 'example_sla_dag' retrieved from /home/ubuntu/venv/lib/python3.12/site-packages/airflow/example_dags/example_sla_dag.py
[2024-06-27T21:35:01.803+0000] {logging_mixin.py:188} INFO - [2024-06-27T21:35:01.803+0000] {dag.py:3096} INFO - Sync 1 DAGs
[2024-06-27T21:35:01.826+0000] {logging_mixin.py:188} INFO - [2024-06-27T21:35:01.826+0000] {dag.py:3954} INFO - Setting next_dagrun for example_sla_dag to 2024-06-27 21:32:00+00:00, run_after=2024-06-27 21:34:00+00:00
[2024-06-27T21:35:01.849+0000] {processor.py:183} INFO - Processing /home/ubuntu/venv/lib/python3.12/site-packages/airflow/example_dags/example_sla_dag.py took 0.082 seconds
[2024-06-27T21:35:44.318+0000] {processor.py:161} INFO - Started process (PID=4298) to work on /home/ubuntu/venv/lib/python3.12/site-packages/airflow/example_dags/example_sla_dag.py
[2024-06-27T21:35:44.320+0000] {processor.py:830} INFO - Processing file /home/ubuntu/venv/lib/python3.12/site-packages/airflow/example_dags/example_sla_dag.py for tasks to queue
[2024-06-27T21:35:44.321+0000] {logging_mixin.py:188} INFO - [2024-06-27T21:35:44.320+0000] {dagbag.py:545} INFO - Filling up the DagBag from /home/ubuntu/venv/lib/python3.12/site-packages/airflow/example_dags/example_sla_dag.py
[2024-06-27T21:35:44.330+0000] {processor.py:840} INFO - DAG(s) 'example_sla_dag' retrieved from /home/ubuntu/venv/lib/python3.12/site-packages/airflow/example_dags/example_sla_dag.py
[2024-06-27T21:35:44.347+0000] {logging_mixin.py:188} INFO - [2024-06-27T21:35:44.347+0000] {dag.py:3096} INFO - Sync 1 DAGs
[2024-06-27T21:35:44.370+0000] {logging_mixin.py:188} INFO - [2024-06-27T21:35:44.369+0000] {dag.py:3954} INFO - Setting next_dagrun for example_sla_dag to 2024-06-27 21:32:00+00:00, run_after=2024-06-27 21:34:00+00:00
[2024-06-27T21:35:44.393+0000] {processor.py:183} INFO - Processing /home/ubuntu/venv/lib/python3.12/site-packages/airflow/example_dags/example_sla_dag.py took 0.081 seconds
[2024-06-27T21:36:26.028+0000] {processor.py:161} INFO - Started process (PID=4340) to work on /home/ubuntu/venv/lib/python3.12/site-packages/airflow/example_dags/example_sla_dag.py
[2024-06-27T21:36:26.030+0000] {processor.py:830} INFO - Processing file /home/ubuntu/venv/lib/python3.12/site-packages/airflow/example_dags/example_sla_dag.py for tasks to queue
[2024-06-27T21:36:26.030+0000] {logging_mixin.py:188} INFO - [2024-06-27T21:36:26.030+0000] {dagbag.py:545} INFO - Filling up the DagBag from /home/ubuntu/venv/lib/python3.12/site-packages/airflow/example_dags/example_sla_dag.py
[2024-06-27T21:36:26.040+0000] {processor.py:840} INFO - DAG(s) 'example_sla_dag' retrieved from /home/ubuntu/venv/lib/python3.12/site-packages/airflow/example_dags/example_sla_dag.py
[2024-06-27T21:36:26.056+0000] {logging_mixin.py:188} INFO - [2024-06-27T21:36:26.056+0000] {dag.py:3096} INFO - Sync 1 DAGs
[2024-06-27T21:36:26.078+0000] {logging_mixin.py:188} INFO - [2024-06-27T21:36:26.077+0000] {dag.py:3954} INFO - Setting next_dagrun for example_sla_dag to 2024-06-27 21:34:00+00:00, run_after=2024-06-27 21:36:00+00:00
[2024-06-27T21:36:26.100+0000] {processor.py:183} INFO - Processing /home/ubuntu/venv/lib/python3.12/site-packages/airflow/example_dags/example_sla_dag.py took 0.078 seconds
[2024-06-27T21:37:10.629+0000] {processor.py:161} INFO - Started process (PID=4385) to work on /home/ubuntu/venv/lib/python3.12/site-packages/airflow/example_dags/example_sla_dag.py
[2024-06-27T21:37:10.631+0000] {processor.py:830} INFO - Processing file /home/ubuntu/venv/lib/python3.12/site-packages/airflow/example_dags/example_sla_dag.py for tasks to queue
[2024-06-27T21:37:10.631+0000] {logging_mixin.py:188} INFO - [2024-06-27T21:37:10.631+0000] {dagbag.py:545} INFO - Filling up the DagBag from /home/ubuntu/venv/lib/python3.12/site-packages/airflow/example_dags/example_sla_dag.py
[2024-06-27T21:37:10.641+0000] {processor.py:840} INFO - DAG(s) 'example_sla_dag' retrieved from /home/ubuntu/venv/lib/python3.12/site-packages/airflow/example_dags/example_sla_dag.py
[2024-06-27T21:37:10.657+0000] {logging_mixin.py:188} INFO - [2024-06-27T21:37:10.657+0000] {dag.py:3096} INFO - Sync 1 DAGs
[2024-06-27T21:37:10.680+0000] {logging_mixin.py:188} INFO - [2024-06-27T21:37:10.679+0000] {dag.py:3954} INFO - Setting next_dagrun for example_sla_dag to 2024-06-27 21:34:00+00:00, run_after=2024-06-27 21:36:00+00:00
[2024-06-27T21:37:10.704+0000] {processor.py:183} INFO - Processing /home/ubuntu/venv/lib/python3.12/site-packages/airflow/example_dags/example_sla_dag.py took 0.081 seconds
[2024-06-27T21:37:58.107+0000] {processor.py:161} INFO - Started process (PID=4437) to work on /home/ubuntu/venv/lib/python3.12/site-packages/airflow/example_dags/example_sla_dag.py
[2024-06-27T21:37:58.109+0000] {processor.py:830} INFO - Processing file /home/ubuntu/venv/lib/python3.12/site-packages/airflow/example_dags/example_sla_dag.py for tasks to queue
[2024-06-27T21:37:58.110+0000] {logging_mixin.py:188} INFO - [2024-06-27T21:37:58.110+0000] {dagbag.py:545} INFO - Filling up the DagBag from /home/ubuntu/venv/lib/python3.12/site-packages/airflow/example_dags/example_sla_dag.py
[2024-06-27T21:37:58.120+0000] {processor.py:840} INFO - DAG(s) 'example_sla_dag' retrieved from /home/ubuntu/venv/lib/python3.12/site-packages/airflow/example_dags/example_sla_dag.py
[2024-06-27T21:37:58.136+0000] {logging_mixin.py:188} INFO - [2024-06-27T21:37:58.136+0000] {dag.py:3096} INFO - Sync 1 DAGs
[2024-06-27T21:37:58.158+0000] {logging_mixin.py:188} INFO - [2024-06-27T21:37:58.158+0000] {dag.py:3954} INFO - Setting next_dagrun for example_sla_dag to 2024-06-27 21:34:00+00:00, run_after=2024-06-27 21:36:00+00:00
[2024-06-27T21:37:58.181+0000] {processor.py:183} INFO - Processing /home/ubuntu/venv/lib/python3.12/site-packages/airflow/example_dags/example_sla_dag.py took 0.080 seconds
[2024-06-27T21:38:47.446+0000] {processor.py:161} INFO - Started process (PID=4487) to work on /home/ubuntu/venv/lib/python3.12/site-packages/airflow/example_dags/example_sla_dag.py
[2024-06-27T21:38:47.448+0000] {processor.py:830} INFO - Processing file /home/ubuntu/venv/lib/python3.12/site-packages/airflow/example_dags/example_sla_dag.py for tasks to queue
[2024-06-27T21:38:47.449+0000] {logging_mixin.py:188} INFO - [2024-06-27T21:38:47.448+0000] {dagbag.py:545} INFO - Filling up the DagBag from /home/ubuntu/venv/lib/python3.12/site-packages/airflow/example_dags/example_sla_dag.py
[2024-06-27T21:38:47.458+0000] {processor.py:840} INFO - DAG(s) 'example_sla_dag' retrieved from /home/ubuntu/venv/lib/python3.12/site-packages/airflow/example_dags/example_sla_dag.py
[2024-06-27T21:38:47.474+0000] {logging_mixin.py:188} INFO - [2024-06-27T21:38:47.474+0000] {dag.py:3096} INFO - Sync 1 DAGs
[2024-06-27T21:38:47.496+0000] {logging_mixin.py:188} INFO - [2024-06-27T21:38:47.496+0000] {dag.py:3954} INFO - Setting next_dagrun for example_sla_dag to 2024-06-27 21:36:00+00:00, run_after=2024-06-27 21:38:00+00:00
[2024-06-27T21:38:47.519+0000] {processor.py:183} INFO - Processing /home/ubuntu/venv/lib/python3.12/site-packages/airflow/example_dags/example_sla_dag.py took 0.078 seconds
[2024-06-27T21:39:30.375+0000] {processor.py:161} INFO - Started process (PID=4532) to work on /home/ubuntu/venv/lib/python3.12/site-packages/airflow/example_dags/example_sla_dag.py
[2024-06-27T21:39:30.377+0000] {processor.py:830} INFO - Processing file /home/ubuntu/venv/lib/python3.12/site-packages/airflow/example_dags/example_sla_dag.py for tasks to queue
[2024-06-27T21:39:30.378+0000] {logging_mixin.py:188} INFO - [2024-06-27T21:39:30.377+0000] {dagbag.py:545} INFO - Filling up the DagBag from /home/ubuntu/venv/lib/python3.12/site-packages/airflow/example_dags/example_sla_dag.py
[2024-06-27T21:39:30.387+0000] {processor.py:840} INFO - DAG(s) 'example_sla_dag' retrieved from /home/ubuntu/venv/lib/python3.12/site-packages/airflow/example_dags/example_sla_dag.py
[2024-06-27T21:39:30.403+0000] {logging_mixin.py:188} INFO - [2024-06-27T21:39:30.403+0000] {dag.py:3096} INFO - Sync 1 DAGs
[2024-06-27T21:39:30.425+0000] {logging_mixin.py:188} INFO - [2024-06-27T21:39:30.425+0000] {dag.py:3954} INFO - Setting next_dagrun for example_sla_dag to 2024-06-27 21:36:00+00:00, run_after=2024-06-27 21:38:00+00:00
[2024-06-27T21:39:30.447+0000] {processor.py:183} INFO - Processing /home/ubuntu/venv/lib/python3.12/site-packages/airflow/example_dags/example_sla_dag.py took 0.077 seconds
[2024-06-27T21:40:13.222+0000] {processor.py:161} INFO - Started process (PID=4579) to work on /home/ubuntu/venv/lib/python3.12/site-packages/airflow/example_dags/example_sla_dag.py
[2024-06-27T21:40:13.224+0000] {processor.py:830} INFO - Processing file /home/ubuntu/venv/lib/python3.12/site-packages/airflow/example_dags/example_sla_dag.py for tasks to queue
[2024-06-27T21:40:13.225+0000] {logging_mixin.py:188} INFO - [2024-06-27T21:40:13.224+0000] {dagbag.py:545} INFO - Filling up the DagBag from /home/ubuntu/venv/lib/python3.12/site-packages/airflow/example_dags/example_sla_dag.py
[2024-06-27T21:40:13.234+0000] {processor.py:840} INFO - DAG(s) 'example_sla_dag' retrieved from /home/ubuntu/venv/lib/python3.12/site-packages/airflow/example_dags/example_sla_dag.py
[2024-06-27T21:40:13.250+0000] {logging_mixin.py:188} INFO - [2024-06-27T21:40:13.250+0000] {dag.py:3096} INFO - Sync 1 DAGs
[2024-06-27T21:40:13.272+0000] {logging_mixin.py:188} INFO - [2024-06-27T21:40:13.272+0000] {dag.py:3954} INFO - Setting next_dagrun for example_sla_dag to 2024-06-27 21:38:00+00:00, run_after=2024-06-27 21:40:00+00:00
[2024-06-27T21:40:13.296+0000] {processor.py:183} INFO - Processing /home/ubuntu/venv/lib/python3.12/site-packages/airflow/example_dags/example_sla_dag.py took 0.079 seconds
[2024-06-27T21:40:57.077+0000] {processor.py:161} INFO - Started process (PID=4623) to work on /home/ubuntu/venv/lib/python3.12/site-packages/airflow/example_dags/example_sla_dag.py
[2024-06-27T21:40:57.078+0000] {processor.py:830} INFO - Processing file /home/ubuntu/venv/lib/python3.12/site-packages/airflow/example_dags/example_sla_dag.py for tasks to queue
[2024-06-27T21:40:57.079+0000] {logging_mixin.py:188} INFO - [2024-06-27T21:40:57.079+0000] {dagbag.py:545} INFO - Filling up the DagBag from /home/ubuntu/venv/lib/python3.12/site-packages/airflow/example_dags/example_sla_dag.py
[2024-06-27T21:40:57.089+0000] {processor.py:840} INFO - DAG(s) 'example_sla_dag' retrieved from /home/ubuntu/venv/lib/python3.12/site-packages/airflow/example_dags/example_sla_dag.py
[2024-06-27T21:40:57.105+0000] {logging_mixin.py:188} INFO - [2024-06-27T21:40:57.105+0000] {dag.py:3096} INFO - Sync 1 DAGs
[2024-06-27T21:40:57.127+0000] {logging_mixin.py:188} INFO - [2024-06-27T21:40:57.127+0000] {dag.py:3954} INFO - Setting next_dagrun for example_sla_dag to 2024-06-27 21:38:00+00:00, run_after=2024-06-27 21:40:00+00:00
[2024-06-27T21:40:57.149+0000] {processor.py:183} INFO - Processing /home/ubuntu/venv/lib/python3.12/site-packages/airflow/example_dags/example_sla_dag.py took 0.077 seconds
[2024-06-27T21:41:42.287+0000] {processor.py:161} INFO - Started process (PID=4670) to work on /home/ubuntu/venv/lib/python3.12/site-packages/airflow/example_dags/example_sla_dag.py
[2024-06-27T21:41:42.289+0000] {processor.py:830} INFO - Processing file /home/ubuntu/venv/lib/python3.12/site-packages/airflow/example_dags/example_sla_dag.py for tasks to queue
[2024-06-27T21:41:42.290+0000] {logging_mixin.py:188} INFO - [2024-06-27T21:41:42.289+0000] {dagbag.py:545} INFO - Filling up the DagBag from /home/ubuntu/venv/lib/python3.12/site-packages/airflow/example_dags/example_sla_dag.py
[2024-06-27T21:41:42.299+0000] {processor.py:840} INFO - DAG(s) 'example_sla_dag' retrieved from /home/ubuntu/venv/lib/python3.12/site-packages/airflow/example_dags/example_sla_dag.py
[2024-06-27T21:41:42.315+0000] {logging_mixin.py:188} INFO - [2024-06-27T21:41:42.314+0000] {dag.py:3096} INFO - Sync 1 DAGs
[2024-06-27T21:41:42.337+0000] {logging_mixin.py:188} INFO - [2024-06-27T21:41:42.336+0000] {dag.py:3954} INFO - Setting next_dagrun for example_sla_dag to 2024-06-27 21:38:00+00:00, run_after=2024-06-27 21:40:00+00:00
[2024-06-27T21:41:42.465+0000] {processor.py:183} INFO - Processing /home/ubuntu/venv/lib/python3.12/site-packages/airflow/example_dags/example_sla_dag.py took 0.184 seconds
[2024-06-27T21:42:26.173+0000] {processor.py:161} INFO - Started process (PID=4715) to work on /home/ubuntu/venv/lib/python3.12/site-packages/airflow/example_dags/example_sla_dag.py
[2024-06-27T21:42:26.174+0000] {processor.py:830} INFO - Processing file /home/ubuntu/venv/lib/python3.12/site-packages/airflow/example_dags/example_sla_dag.py for tasks to queue
[2024-06-27T21:42:26.175+0000] {logging_mixin.py:188} INFO - [2024-06-27T21:42:26.175+0000] {dagbag.py:545} INFO - Filling up the DagBag from /home/ubuntu/venv/lib/python3.12/site-packages/airflow/example_dags/example_sla_dag.py
[2024-06-27T21:42:26.185+0000] {processor.py:840} INFO - DAG(s) 'example_sla_dag' retrieved from /home/ubuntu/venv/lib/python3.12/site-packages/airflow/example_dags/example_sla_dag.py
[2024-06-27T21:42:26.202+0000] {logging_mixin.py:188} INFO - [2024-06-27T21:42:26.202+0000] {dag.py:3096} INFO - Sync 1 DAGs
[2024-06-27T21:42:26.225+0000] {logging_mixin.py:188} INFO - [2024-06-27T21:42:26.225+0000] {dag.py:3954} INFO - Setting next_dagrun for example_sla_dag to 2024-06-27 21:40:00+00:00, run_after=2024-06-27 21:42:00+00:00
[2024-06-27T21:42:26.248+0000] {processor.py:183} INFO - Processing /home/ubuntu/venv/lib/python3.12/site-packages/airflow/example_dags/example_sla_dag.py took 0.082 seconds
[2024-06-27T21:43:09.217+0000] {processor.py:161} INFO - Started process (PID=4758) to work on /home/ubuntu/venv/lib/python3.12/site-packages/airflow/example_dags/example_sla_dag.py
[2024-06-27T21:43:09.218+0000] {processor.py:830} INFO - Processing file /home/ubuntu/venv/lib/python3.12/site-packages/airflow/example_dags/example_sla_dag.py for tasks to queue
[2024-06-27T21:43:09.219+0000] {logging_mixin.py:188} INFO - [2024-06-27T21:43:09.219+0000] {dagbag.py:545} INFO - Filling up the DagBag from /home/ubuntu/venv/lib/python3.12/site-packages/airflow/example_dags/example_sla_dag.py
[2024-06-27T21:43:09.229+0000] {processor.py:840} INFO - DAG(s) 'example_sla_dag' retrieved from /home/ubuntu/venv/lib/python3.12/site-packages/airflow/example_dags/example_sla_dag.py
[2024-06-27T21:43:09.245+0000] {logging_mixin.py:188} INFO - [2024-06-27T21:43:09.245+0000] {dag.py:3096} INFO - Sync 1 DAGs
[2024-06-27T21:43:09.268+0000] {logging_mixin.py:188} INFO - [2024-06-27T21:43:09.267+0000] {dag.py:3954} INFO - Setting next_dagrun for example_sla_dag to 2024-06-27 21:40:00+00:00, run_after=2024-06-27 21:42:00+00:00
[2024-06-27T21:43:09.399+0000] {processor.py:183} INFO - Processing /home/ubuntu/venv/lib/python3.12/site-packages/airflow/example_dags/example_sla_dag.py took 0.189 seconds
[2024-06-27T21:43:55.639+0000] {processor.py:161} INFO - Started process (PID=4805) to work on /home/ubuntu/venv/lib/python3.12/site-packages/airflow/example_dags/example_sla_dag.py
[2024-06-27T21:43:55.640+0000] {processor.py:830} INFO - Processing file /home/ubuntu/venv/lib/python3.12/site-packages/airflow/example_dags/example_sla_dag.py for tasks to queue
[2024-06-27T21:43:55.641+0000] {logging_mixin.py:188} INFO - [2024-06-27T21:43:55.641+0000] {dagbag.py:545} INFO - Filling up the DagBag from /home/ubuntu/venv/lib/python3.12/site-packages/airflow/example_dags/example_sla_dag.py
[2024-06-27T21:43:55.651+0000] {processor.py:840} INFO - DAG(s) 'example_sla_dag' retrieved from /home/ubuntu/venv/lib/python3.12/site-packages/airflow/example_dags/example_sla_dag.py
[2024-06-27T21:43:55.667+0000] {logging_mixin.py:188} INFO - [2024-06-27T21:43:55.667+0000] {dag.py:3096} INFO - Sync 1 DAGs
[2024-06-27T21:43:55.689+0000] {logging_mixin.py:188} INFO - [2024-06-27T21:43:55.688+0000] {dag.py:3954} INFO - Setting next_dagrun for example_sla_dag to 2024-06-27 21:40:00+00:00, run_after=2024-06-27 21:42:00+00:00
[2024-06-27T21:43:55.713+0000] {processor.py:183} INFO - Processing /home/ubuntu/venv/lib/python3.12/site-packages/airflow/example_dags/example_sla_dag.py took 0.080 seconds
[2024-06-27T21:44:39.246+0000] {processor.py:161} INFO - Started process (PID=4894) to work on /home/ubuntu/venv/lib/python3.12/site-packages/airflow/example_dags/example_sla_dag.py
[2024-06-27T21:44:39.247+0000] {processor.py:830} INFO - Processing file /home/ubuntu/venv/lib/python3.12/site-packages/airflow/example_dags/example_sla_dag.py for tasks to queue
[2024-06-27T21:44:39.248+0000] {logging_mixin.py:188} INFO - [2024-06-27T21:44:39.248+0000] {dagbag.py:545} INFO - Filling up the DagBag from /home/ubuntu/venv/lib/python3.12/site-packages/airflow/example_dags/example_sla_dag.py
[2024-06-27T21:44:39.258+0000] {processor.py:840} INFO - DAG(s) 'example_sla_dag' retrieved from /home/ubuntu/venv/lib/python3.12/site-packages/airflow/example_dags/example_sla_dag.py
[2024-06-27T21:44:39.275+0000] {logging_mixin.py:188} INFO - [2024-06-27T21:44:39.275+0000] {dag.py:3096} INFO - Sync 1 DAGs
[2024-06-27T21:44:39.416+0000] {logging_mixin.py:188} INFO - [2024-06-27T21:44:39.416+0000] {dag.py:3954} INFO - Setting next_dagrun for example_sla_dag to 2024-06-27 21:42:00+00:00, run_after=2024-06-27 21:44:00+00:00
[2024-06-27T21:44:39.438+0000] {processor.py:183} INFO - Processing /home/ubuntu/venv/lib/python3.12/site-packages/airflow/example_dags/example_sla_dag.py took 0.199 seconds
[2024-06-27T21:45:23.837+0000] {processor.py:161} INFO - Started process (PID=4944) to work on /home/ubuntu/venv/lib/python3.12/site-packages/airflow/example_dags/example_sla_dag.py
[2024-06-27T21:45:23.839+0000] {processor.py:830} INFO - Processing file /home/ubuntu/venv/lib/python3.12/site-packages/airflow/example_dags/example_sla_dag.py for tasks to queue
[2024-06-27T21:45:23.840+0000] {logging_mixin.py:188} INFO - [2024-06-27T21:45:23.839+0000] {dagbag.py:545} INFO - Filling up the DagBag from /home/ubuntu/venv/lib/python3.12/site-packages/airflow/example_dags/example_sla_dag.py
[2024-06-27T21:45:23.849+0000] {processor.py:840} INFO - DAG(s) 'example_sla_dag' retrieved from /home/ubuntu/venv/lib/python3.12/site-packages/airflow/example_dags/example_sla_dag.py
[2024-06-27T21:45:23.865+0000] {logging_mixin.py:188} INFO - [2024-06-27T21:45:23.865+0000] {dag.py:3096} INFO - Sync 1 DAGs
[2024-06-27T21:45:23.887+0000] {logging_mixin.py:188} INFO - [2024-06-27T21:45:23.887+0000] {dag.py:3954} INFO - Setting next_dagrun for example_sla_dag to 2024-06-27 21:42:00+00:00, run_after=2024-06-27 21:44:00+00:00
[2024-06-27T21:45:23.910+0000] {processor.py:183} INFO - Processing /home/ubuntu/venv/lib/python3.12/site-packages/airflow/example_dags/example_sla_dag.py took 0.079 seconds
[2024-06-27T21:46:11.187+0000] {processor.py:161} INFO - Started process (PID=4988) to work on /home/ubuntu/venv/lib/python3.12/site-packages/airflow/example_dags/example_sla_dag.py
[2024-06-27T21:46:11.189+0000] {processor.py:830} INFO - Processing file /home/ubuntu/venv/lib/python3.12/site-packages/airflow/example_dags/example_sla_dag.py for tasks to queue
[2024-06-27T21:46:11.190+0000] {logging_mixin.py:188} INFO - [2024-06-27T21:46:11.189+0000] {dagbag.py:545} INFO - Filling up the DagBag from /home/ubuntu/venv/lib/python3.12/site-packages/airflow/example_dags/example_sla_dag.py
[2024-06-27T21:46:11.322+0000] {processor.py:840} INFO - DAG(s) 'example_sla_dag' retrieved from /home/ubuntu/venv/lib/python3.12/site-packages/airflow/example_dags/example_sla_dag.py
[2024-06-27T21:46:11.333+0000] {logging_mixin.py:188} INFO - [2024-06-27T21:46:11.333+0000] {dag.py:3096} INFO - Sync 1 DAGs
[2024-06-27T21:46:11.352+0000] {logging_mixin.py:188} INFO - [2024-06-27T21:46:11.352+0000] {dag.py:3954} INFO - Setting next_dagrun for example_sla_dag to 2024-06-27 21:44:00+00:00, run_after=2024-06-27 21:46:00+00:00
[2024-06-27T21:46:11.373+0000] {processor.py:183} INFO - Processing /home/ubuntu/venv/lib/python3.12/site-packages/airflow/example_dags/example_sla_dag.py took 0.191 seconds
[2024-06-27T21:47:02.917+0000] {processor.py:161} INFO - Started process (PID=5038) to work on /home/ubuntu/venv/lib/python3.12/site-packages/airflow/example_dags/example_sla_dag.py
[2024-06-27T21:47:02.918+0000] {processor.py:830} INFO - Processing file /home/ubuntu/venv/lib/python3.12/site-packages/airflow/example_dags/example_sla_dag.py for tasks to queue
[2024-06-27T21:47:02.919+0000] {logging_mixin.py:188} INFO - [2024-06-27T21:47:02.919+0000] {dagbag.py:545} INFO - Filling up the DagBag from /home/ubuntu/venv/lib/python3.12/site-packages/airflow/example_dags/example_sla_dag.py
[2024-06-27T21:47:02.929+0000] {processor.py:840} INFO - DAG(s) 'example_sla_dag' retrieved from /home/ubuntu/venv/lib/python3.12/site-packages/airflow/example_dags/example_sla_dag.py
[2024-06-27T21:47:02.945+0000] {logging_mixin.py:188} INFO - [2024-06-27T21:47:02.945+0000] {dag.py:3096} INFO - Sync 1 DAGs
[2024-06-27T21:47:02.968+0000] {logging_mixin.py:188} INFO - [2024-06-27T21:47:02.968+0000] {dag.py:3954} INFO - Setting next_dagrun for example_sla_dag to 2024-06-27 21:44:00+00:00, run_after=2024-06-27 21:46:00+00:00
[2024-06-27T21:47:02.991+0000] {processor.py:183} INFO - Processing /home/ubuntu/venv/lib/python3.12/site-packages/airflow/example_dags/example_sla_dag.py took 0.081 seconds
[2024-06-27T21:47:49.610+0000] {processor.py:161} INFO - Started process (PID=5116) to work on /home/ubuntu/venv/lib/python3.12/site-packages/airflow/example_dags/example_sla_dag.py
[2024-06-27T21:47:49.611+0000] {processor.py:830} INFO - Processing file /home/ubuntu/venv/lib/python3.12/site-packages/airflow/example_dags/example_sla_dag.py for tasks to queue
[2024-06-27T21:47:49.612+0000] {logging_mixin.py:188} INFO - [2024-06-27T21:47:49.612+0000] {dagbag.py:545} INFO - Filling up the DagBag from /home/ubuntu/venv/lib/python3.12/site-packages/airflow/example_dags/example_sla_dag.py
[2024-06-27T21:47:49.621+0000] {processor.py:840} INFO - DAG(s) 'example_sla_dag' retrieved from /home/ubuntu/venv/lib/python3.12/site-packages/airflow/example_dags/example_sla_dag.py
[2024-06-27T21:47:49.639+0000] {logging_mixin.py:188} INFO - [2024-06-27T21:47:49.638+0000] {dag.py:3096} INFO - Sync 1 DAGs
[2024-06-27T21:47:49.662+0000] {logging_mixin.py:188} INFO - [2024-06-27T21:47:49.661+0000] {dag.py:3954} INFO - Setting next_dagrun for example_sla_dag to 2024-06-27 21:44:00+00:00, run_after=2024-06-27 21:46:00+00:00
[2024-06-27T21:47:49.684+0000] {processor.py:183} INFO - Processing /home/ubuntu/venv/lib/python3.12/site-packages/airflow/example_dags/example_sla_dag.py took 0.081 seconds
[2024-06-27T21:48:33.538+0000] {processor.py:161} INFO - Started process (PID=5258) to work on /home/ubuntu/venv/lib/python3.12/site-packages/airflow/example_dags/example_sla_dag.py
[2024-06-27T21:48:33.540+0000] {processor.py:830} INFO - Processing file /home/ubuntu/venv/lib/python3.12/site-packages/airflow/example_dags/example_sla_dag.py for tasks to queue
[2024-06-27T21:48:33.541+0000] {logging_mixin.py:188} INFO - [2024-06-27T21:48:33.540+0000] {dagbag.py:545} INFO - Filling up the DagBag from /home/ubuntu/venv/lib/python3.12/site-packages/airflow/example_dags/example_sla_dag.py
[2024-06-27T21:48:33.550+0000] {processor.py:840} INFO - DAG(s) 'example_sla_dag' retrieved from /home/ubuntu/venv/lib/python3.12/site-packages/airflow/example_dags/example_sla_dag.py
[2024-06-27T21:48:33.567+0000] {logging_mixin.py:188} INFO - [2024-06-27T21:48:33.567+0000] {dag.py:3096} INFO - Sync 1 DAGs
[2024-06-27T21:48:33.591+0000] {logging_mixin.py:188} INFO - [2024-06-27T21:48:33.591+0000] {dag.py:3954} INFO - Setting next_dagrun for example_sla_dag to 2024-06-27 21:46:00+00:00, run_after=2024-06-27 21:48:00+00:00
[2024-06-27T21:48:33.614+0000] {processor.py:183} INFO - Processing /home/ubuntu/venv/lib/python3.12/site-packages/airflow/example_dags/example_sla_dag.py took 0.084 seconds
[2024-06-27T21:49:16.908+0000] {processor.py:161} INFO - Started process (PID=5302) to work on /home/ubuntu/venv/lib/python3.12/site-packages/airflow/example_dags/example_sla_dag.py
[2024-06-27T21:49:16.909+0000] {processor.py:830} INFO - Processing file /home/ubuntu/venv/lib/python3.12/site-packages/airflow/example_dags/example_sla_dag.py for tasks to queue
[2024-06-27T21:49:16.910+0000] {logging_mixin.py:188} INFO - [2024-06-27T21:49:16.910+0000] {dagbag.py:545} INFO - Filling up the DagBag from /home/ubuntu/venv/lib/python3.12/site-packages/airflow/example_dags/example_sla_dag.py
[2024-06-27T21:49:16.919+0000] {processor.py:840} INFO - DAG(s) 'example_sla_dag' retrieved from /home/ubuntu/venv/lib/python3.12/site-packages/airflow/example_dags/example_sla_dag.py
[2024-06-27T21:49:16.935+0000] {logging_mixin.py:188} INFO - [2024-06-27T21:49:16.935+0000] {dag.py:3096} INFO - Sync 1 DAGs
[2024-06-27T21:49:16.958+0000] {logging_mixin.py:188} INFO - [2024-06-27T21:49:16.958+0000] {dag.py:3954} INFO - Setting next_dagrun for example_sla_dag to 2024-06-27 21:46:00+00:00, run_after=2024-06-27 21:48:00+00:00
[2024-06-27T21:49:16.981+0000] {processor.py:183} INFO - Processing /home/ubuntu/venv/lib/python3.12/site-packages/airflow/example_dags/example_sla_dag.py took 0.081 seconds
[2024-06-27T21:49:57.925+0000] {processor.py:161} INFO - Started process (PID=5344) to work on /home/ubuntu/venv/lib/python3.12/site-packages/airflow/example_dags/example_sla_dag.py
[2024-06-27T21:49:57.927+0000] {processor.py:830} INFO - Processing file /home/ubuntu/venv/lib/python3.12/site-packages/airflow/example_dags/example_sla_dag.py for tasks to queue
[2024-06-27T21:49:57.928+0000] {logging_mixin.py:188} INFO - [2024-06-27T21:49:57.927+0000] {dagbag.py:545} INFO - Filling up the DagBag from /home/ubuntu/venv/lib/python3.12/site-packages/airflow/example_dags/example_sla_dag.py
[2024-06-27T21:49:57.936+0000] {processor.py:840} INFO - DAG(s) 'example_sla_dag' retrieved from /home/ubuntu/venv/lib/python3.12/site-packages/airflow/example_dags/example_sla_dag.py
[2024-06-27T21:49:57.953+0000] {logging_mixin.py:188} INFO - [2024-06-27T21:49:57.953+0000] {dag.py:3096} INFO - Sync 1 DAGs
[2024-06-27T21:49:57.975+0000] {logging_mixin.py:188} INFO - [2024-06-27T21:49:57.975+0000] {dag.py:3954} INFO - Setting next_dagrun for example_sla_dag to 2024-06-27 21:46:00+00:00, run_after=2024-06-27 21:48:00+00:00
[2024-06-27T21:49:57.998+0000] {processor.py:183} INFO - Processing /home/ubuntu/venv/lib/python3.12/site-packages/airflow/example_dags/example_sla_dag.py took 0.080 seconds
