[2024-06-27T21:20:22.877+0000] {processor.py:161} INFO - Started process (PID=2983) to work on /home/ubuntu/venv/lib/python3.12/site-packages/airflow/example_dags/example_branch_operator.py
[2024-06-27T21:20:22.878+0000] {processor.py:830} INFO - Processing file /home/ubuntu/venv/lib/python3.12/site-packages/airflow/example_dags/example_branch_operator.py for tasks to queue
[2024-06-27T21:20:22.880+0000] {logging_mixin.py:188} INFO - [2024-06-27T21:20:22.879+0000] {dagbag.py:545} INFO - Filling up the DagBag from /home/ubuntu/venv/lib/python3.12/site-packages/airflow/example_dags/example_branch_operator.py
[2024-06-27T21:20:22.883+0000] {processor.py:842} WARNING - No viable dags retrieved from /home/ubuntu/venv/lib/python3.12/site-packages/airflow/example_dags/example_branch_operator.py
[2024-06-27T21:20:22.894+0000] {processor.py:183} INFO - Processing /home/ubuntu/venv/lib/python3.12/site-packages/airflow/example_dags/example_branch_operator.py took 0.022 seconds
[2024-06-27T21:21:27.615+0000] {processor.py:161} INFO - Started process (PID=3335) to work on /home/ubuntu/venv/lib/python3.12/site-packages/airflow/example_dags/example_branch_operator.py
[2024-06-27T21:21:27.616+0000] {processor.py:830} INFO - Processing file /home/ubuntu/venv/lib/python3.12/site-packages/airflow/example_dags/example_branch_operator.py for tasks to queue
[2024-06-27T21:21:27.618+0000] {logging_mixin.py:188} INFO - [2024-06-27T21:21:27.617+0000] {dagbag.py:545} INFO - Filling up the DagBag from /home/ubuntu/venv/lib/python3.12/site-packages/airflow/example_dags/example_branch_operator.py
[2024-06-27T21:21:27.620+0000] {processor.py:842} WARNING - No viable dags retrieved from /home/ubuntu/venv/lib/python3.12/site-packages/airflow/example_dags/example_branch_operator.py
[2024-06-27T21:21:27.631+0000] {processor.py:183} INFO - Processing /home/ubuntu/venv/lib/python3.12/site-packages/airflow/example_dags/example_branch_operator.py took 0.023 seconds
[2024-06-27T21:22:27.131+0000] {processor.py:161} INFO - Started process (PID=3409) to work on /home/ubuntu/venv/lib/python3.12/site-packages/airflow/example_dags/example_branch_operator.py
[2024-06-27T21:22:27.133+0000] {processor.py:830} INFO - Processing file /home/ubuntu/venv/lib/python3.12/site-packages/airflow/example_dags/example_branch_operator.py for tasks to queue
[2024-06-27T21:22:27.134+0000] {logging_mixin.py:188} INFO - [2024-06-27T21:22:27.134+0000] {dagbag.py:545} INFO - Filling up the DagBag from /home/ubuntu/venv/lib/python3.12/site-packages/airflow/example_dags/example_branch_operator.py
[2024-06-27T21:22:27.137+0000] {processor.py:842} WARNING - No viable dags retrieved from /home/ubuntu/venv/lib/python3.12/site-packages/airflow/example_dags/example_branch_operator.py
[2024-06-27T21:22:27.148+0000] {processor.py:183} INFO - Processing /home/ubuntu/venv/lib/python3.12/site-packages/airflow/example_dags/example_branch_operator.py took 0.022 seconds
[2024-06-27T21:23:26.291+0000] {processor.py:161} INFO - Started process (PID=3475) to work on /home/ubuntu/venv/lib/python3.12/site-packages/airflow/example_dags/example_branch_operator.py
[2024-06-27T21:23:26.293+0000] {processor.py:830} INFO - Processing file /home/ubuntu/venv/lib/python3.12/site-packages/airflow/example_dags/example_branch_operator.py for tasks to queue
[2024-06-27T21:23:26.295+0000] {logging_mixin.py:188} INFO - [2024-06-27T21:23:26.294+0000] {dagbag.py:545} INFO - Filling up the DagBag from /home/ubuntu/venv/lib/python3.12/site-packages/airflow/example_dags/example_branch_operator.py
[2024-06-27T21:23:26.298+0000] {processor.py:842} WARNING - No viable dags retrieved from /home/ubuntu/venv/lib/python3.12/site-packages/airflow/example_dags/example_branch_operator.py
[2024-06-27T21:23:26.309+0000] {processor.py:183} INFO - Processing /home/ubuntu/venv/lib/python3.12/site-packages/airflow/example_dags/example_branch_operator.py took 0.023 seconds
[2024-06-27T21:24:24.928+0000] {processor.py:161} INFO - Started process (PID=3538) to work on /home/ubuntu/venv/lib/python3.12/site-packages/airflow/example_dags/example_branch_operator.py
[2024-06-27T21:24:24.930+0000] {processor.py:830} INFO - Processing file /home/ubuntu/venv/lib/python3.12/site-packages/airflow/example_dags/example_branch_operator.py for tasks to queue
[2024-06-27T21:24:24.931+0000] {logging_mixin.py:188} INFO - [2024-06-27T21:24:24.930+0000] {dagbag.py:545} INFO - Filling up the DagBag from /home/ubuntu/venv/lib/python3.12/site-packages/airflow/example_dags/example_branch_operator.py
[2024-06-27T21:24:24.933+0000] {processor.py:842} WARNING - No viable dags retrieved from /home/ubuntu/venv/lib/python3.12/site-packages/airflow/example_dags/example_branch_operator.py
[2024-06-27T21:24:24.944+0000] {processor.py:183} INFO - Processing /home/ubuntu/venv/lib/python3.12/site-packages/airflow/example_dags/example_branch_operator.py took 0.022 seconds
[2024-06-27T21:25:28.161+0000] {processor.py:161} INFO - Started process (PID=3611) to work on /home/ubuntu/venv/lib/python3.12/site-packages/airflow/example_dags/example_branch_operator.py
[2024-06-27T21:25:28.163+0000] {processor.py:830} INFO - Processing file /home/ubuntu/venv/lib/python3.12/site-packages/airflow/example_dags/example_branch_operator.py for tasks to queue
[2024-06-27T21:25:28.164+0000] {logging_mixin.py:188} INFO - [2024-06-27T21:25:28.163+0000] {dagbag.py:545} INFO - Filling up the DagBag from /home/ubuntu/venv/lib/python3.12/site-packages/airflow/example_dags/example_branch_operator.py
[2024-06-27T21:25:28.167+0000] {processor.py:842} WARNING - No viable dags retrieved from /home/ubuntu/venv/lib/python3.12/site-packages/airflow/example_dags/example_branch_operator.py
[2024-06-27T21:25:28.178+0000] {processor.py:183} INFO - Processing /home/ubuntu/venv/lib/python3.12/site-packages/airflow/example_dags/example_branch_operator.py took 0.023 seconds
[2024-06-27T21:26:31.596+0000] {processor.py:161} INFO - Started process (PID=3676) to work on /home/ubuntu/venv/lib/python3.12/site-packages/airflow/example_dags/example_branch_operator.py
[2024-06-27T21:26:31.598+0000] {processor.py:830} INFO - Processing file /home/ubuntu/venv/lib/python3.12/site-packages/airflow/example_dags/example_branch_operator.py for tasks to queue
[2024-06-27T21:26:31.599+0000] {logging_mixin.py:188} INFO - [2024-06-27T21:26:31.598+0000] {dagbag.py:545} INFO - Filling up the DagBag from /home/ubuntu/venv/lib/python3.12/site-packages/airflow/example_dags/example_branch_operator.py
[2024-06-27T21:26:31.602+0000] {processor.py:842} WARNING - No viable dags retrieved from /home/ubuntu/venv/lib/python3.12/site-packages/airflow/example_dags/example_branch_operator.py
[2024-06-27T21:26:31.613+0000] {processor.py:183} INFO - Processing /home/ubuntu/venv/lib/python3.12/site-packages/airflow/example_dags/example_branch_operator.py took 0.023 seconds
[2024-06-27T21:27:35.509+0000] {processor.py:161} INFO - Started process (PID=3743) to work on /home/ubuntu/venv/lib/python3.12/site-packages/airflow/example_dags/example_branch_operator.py
[2024-06-27T21:27:35.510+0000] {processor.py:830} INFO - Processing file /home/ubuntu/venv/lib/python3.12/site-packages/airflow/example_dags/example_branch_operator.py for tasks to queue
[2024-06-27T21:27:35.511+0000] {logging_mixin.py:188} INFO - [2024-06-27T21:27:35.511+0000] {dagbag.py:545} INFO - Filling up the DagBag from /home/ubuntu/venv/lib/python3.12/site-packages/airflow/example_dags/example_branch_operator.py
[2024-06-27T21:27:35.514+0000] {processor.py:842} WARNING - No viable dags retrieved from /home/ubuntu/venv/lib/python3.12/site-packages/airflow/example_dags/example_branch_operator.py
[2024-06-27T21:27:35.525+0000] {processor.py:183} INFO - Processing /home/ubuntu/venv/lib/python3.12/site-packages/airflow/example_dags/example_branch_operator.py took 0.022 seconds
[2024-06-27T21:29:09.350+0000] {processor.py:161} INFO - Started process (PID=3860) to work on /home/ubuntu/venv/lib/python3.12/site-packages/airflow/example_dags/example_branch_operator.py
[2024-06-27T21:29:09.351+0000] {processor.py:830} INFO - Processing file /home/ubuntu/venv/lib/python3.12/site-packages/airflow/example_dags/example_branch_operator.py for tasks to queue
[2024-06-27T21:29:09.352+0000] {logging_mixin.py:188} INFO - [2024-06-27T21:29:09.352+0000] {dagbag.py:545} INFO - Filling up the DagBag from /home/ubuntu/venv/lib/python3.12/site-packages/airflow/example_dags/example_branch_operator.py
[2024-06-27T21:29:09.355+0000] {processor.py:842} WARNING - No viable dags retrieved from /home/ubuntu/venv/lib/python3.12/site-packages/airflow/example_dags/example_branch_operator.py
[2024-06-27T21:29:09.366+0000] {processor.py:183} INFO - Processing /home/ubuntu/venv/lib/python3.12/site-packages/airflow/example_dags/example_branch_operator.py took 0.023 seconds
[2024-06-27T21:30:16.559+0000] {processor.py:161} INFO - Started process (PID=3941) to work on /home/ubuntu/venv/lib/python3.12/site-packages/airflow/example_dags/example_branch_operator.py
[2024-06-27T21:30:16.560+0000] {processor.py:830} INFO - Processing file /home/ubuntu/venv/lib/python3.12/site-packages/airflow/example_dags/example_branch_operator.py for tasks to queue
[2024-06-27T21:30:16.561+0000] {logging_mixin.py:188} INFO - [2024-06-27T21:30:16.561+0000] {dagbag.py:545} INFO - Filling up the DagBag from /home/ubuntu/venv/lib/python3.12/site-packages/airflow/example_dags/example_branch_operator.py
[2024-06-27T21:30:16.564+0000] {processor.py:842} WARNING - No viable dags retrieved from /home/ubuntu/venv/lib/python3.12/site-packages/airflow/example_dags/example_branch_operator.py
[2024-06-27T21:30:16.575+0000] {processor.py:183} INFO - Processing /home/ubuntu/venv/lib/python3.12/site-packages/airflow/example_dags/example_branch_operator.py took 0.023 seconds
[2024-06-27T21:31:18.874+0000] {processor.py:161} INFO - Started process (PID=4005) to work on /home/ubuntu/venv/lib/python3.12/site-packages/airflow/example_dags/example_branch_operator.py
[2024-06-27T21:31:18.876+0000] {processor.py:830} INFO - Processing file /home/ubuntu/venv/lib/python3.12/site-packages/airflow/example_dags/example_branch_operator.py for tasks to queue
[2024-06-27T21:31:18.877+0000] {logging_mixin.py:188} INFO - [2024-06-27T21:31:18.876+0000] {dagbag.py:545} INFO - Filling up the DagBag from /home/ubuntu/venv/lib/python3.12/site-packages/airflow/example_dags/example_branch_operator.py
[2024-06-27T21:31:18.880+0000] {processor.py:842} WARNING - No viable dags retrieved from /home/ubuntu/venv/lib/python3.12/site-packages/airflow/example_dags/example_branch_operator.py
[2024-06-27T21:31:18.891+0000] {processor.py:183} INFO - Processing /home/ubuntu/venv/lib/python3.12/site-packages/airflow/example_dags/example_branch_operator.py took 0.022 seconds
[2024-06-27T21:32:31.088+0000] {processor.py:161} INFO - Started process (PID=4081) to work on /home/ubuntu/venv/lib/python3.12/site-packages/airflow/example_dags/example_branch_operator.py
[2024-06-27T21:32:31.090+0000] {processor.py:830} INFO - Processing file /home/ubuntu/venv/lib/python3.12/site-packages/airflow/example_dags/example_branch_operator.py for tasks to queue
[2024-06-27T21:32:31.091+0000] {logging_mixin.py:188} INFO - [2024-06-27T21:32:31.091+0000] {dagbag.py:545} INFO - Filling up the DagBag from /home/ubuntu/venv/lib/python3.12/site-packages/airflow/example_dags/example_branch_operator.py
[2024-06-27T21:32:31.094+0000] {processor.py:842} WARNING - No viable dags retrieved from /home/ubuntu/venv/lib/python3.12/site-packages/airflow/example_dags/example_branch_operator.py
[2024-06-27T21:32:31.105+0000] {processor.py:183} INFO - Processing /home/ubuntu/venv/lib/python3.12/site-packages/airflow/example_dags/example_branch_operator.py took 0.023 seconds
[2024-06-27T21:33:26.709+0000] {processor.py:161} INFO - Started process (PID=4150) to work on /home/ubuntu/venv/lib/python3.12/site-packages/airflow/example_dags/example_branch_operator.py
[2024-06-27T21:33:26.710+0000] {processor.py:830} INFO - Processing file /home/ubuntu/venv/lib/python3.12/site-packages/airflow/example_dags/example_branch_operator.py for tasks to queue
[2024-06-27T21:33:26.711+0000] {logging_mixin.py:188} INFO - [2024-06-27T21:33:26.711+0000] {dagbag.py:545} INFO - Filling up the DagBag from /home/ubuntu/venv/lib/python3.12/site-packages/airflow/example_dags/example_branch_operator.py
[2024-06-27T21:33:26.714+0000] {processor.py:842} WARNING - No viable dags retrieved from /home/ubuntu/venv/lib/python3.12/site-packages/airflow/example_dags/example_branch_operator.py
[2024-06-27T21:33:26.725+0000] {processor.py:183} INFO - Processing /home/ubuntu/venv/lib/python3.12/site-packages/airflow/example_dags/example_branch_operator.py took 0.022 seconds
[2024-06-27T21:34:32.947+0000] {processor.py:161} INFO - Started process (PID=4218) to work on /home/ubuntu/venv/lib/python3.12/site-packages/airflow/example_dags/example_branch_operator.py
[2024-06-27T21:34:32.949+0000] {processor.py:830} INFO - Processing file /home/ubuntu/venv/lib/python3.12/site-packages/airflow/example_dags/example_branch_operator.py for tasks to queue
[2024-06-27T21:34:32.950+0000] {logging_mixin.py:188} INFO - [2024-06-27T21:34:32.949+0000] {dagbag.py:545} INFO - Filling up the DagBag from /home/ubuntu/venv/lib/python3.12/site-packages/airflow/example_dags/example_branch_operator.py
[2024-06-27T21:34:32.952+0000] {processor.py:842} WARNING - No viable dags retrieved from /home/ubuntu/venv/lib/python3.12/site-packages/airflow/example_dags/example_branch_operator.py
[2024-06-27T21:34:32.963+0000] {processor.py:183} INFO - Processing /home/ubuntu/venv/lib/python3.12/site-packages/airflow/example_dags/example_branch_operator.py took 0.022 seconds
[2024-06-27T21:35:36.455+0000] {processor.py:161} INFO - Started process (PID=4288) to work on /home/ubuntu/venv/lib/python3.12/site-packages/airflow/example_dags/example_branch_operator.py
[2024-06-27T21:35:36.457+0000] {processor.py:830} INFO - Processing file /home/ubuntu/venv/lib/python3.12/site-packages/airflow/example_dags/example_branch_operator.py for tasks to queue
[2024-06-27T21:35:36.458+0000] {logging_mixin.py:188} INFO - [2024-06-27T21:35:36.457+0000] {dagbag.py:545} INFO - Filling up the DagBag from /home/ubuntu/venv/lib/python3.12/site-packages/airflow/example_dags/example_branch_operator.py
[2024-06-27T21:35:36.460+0000] {processor.py:842} WARNING - No viable dags retrieved from /home/ubuntu/venv/lib/python3.12/site-packages/airflow/example_dags/example_branch_operator.py
[2024-06-27T21:35:36.471+0000] {processor.py:183} INFO - Processing /home/ubuntu/venv/lib/python3.12/site-packages/airflow/example_dags/example_branch_operator.py took 0.022 seconds
[2024-06-27T21:36:39.644+0000] {processor.py:161} INFO - Started process (PID=4353) to work on /home/ubuntu/venv/lib/python3.12/site-packages/airflow/example_dags/example_branch_operator.py
[2024-06-27T21:36:39.646+0000] {processor.py:830} INFO - Processing file /home/ubuntu/venv/lib/python3.12/site-packages/airflow/example_dags/example_branch_operator.py for tasks to queue
[2024-06-27T21:36:39.647+0000] {logging_mixin.py:188} INFO - [2024-06-27T21:36:39.646+0000] {dagbag.py:545} INFO - Filling up the DagBag from /home/ubuntu/venv/lib/python3.12/site-packages/airflow/example_dags/example_branch_operator.py
[2024-06-27T21:36:39.650+0000] {processor.py:842} WARNING - No viable dags retrieved from /home/ubuntu/venv/lib/python3.12/site-packages/airflow/example_dags/example_branch_operator.py
[2024-06-27T21:36:39.661+0000] {processor.py:183} INFO - Processing /home/ubuntu/venv/lib/python3.12/site-packages/airflow/example_dags/example_branch_operator.py took 0.022 seconds
[2024-06-27T21:37:49.025+0000] {processor.py:161} INFO - Started process (PID=4428) to work on /home/ubuntu/venv/lib/python3.12/site-packages/airflow/example_dags/example_branch_operator.py
[2024-06-27T21:37:49.027+0000] {processor.py:830} INFO - Processing file /home/ubuntu/venv/lib/python3.12/site-packages/airflow/example_dags/example_branch_operator.py for tasks to queue
[2024-06-27T21:37:49.028+0000] {logging_mixin.py:188} INFO - [2024-06-27T21:37:49.027+0000] {dagbag.py:545} INFO - Filling up the DagBag from /home/ubuntu/venv/lib/python3.12/site-packages/airflow/example_dags/example_branch_operator.py
[2024-06-27T21:37:49.030+0000] {processor.py:842} WARNING - No viable dags retrieved from /home/ubuntu/venv/lib/python3.12/site-packages/airflow/example_dags/example_branch_operator.py
[2024-06-27T21:37:49.041+0000] {processor.py:183} INFO - Processing /home/ubuntu/venv/lib/python3.12/site-packages/airflow/example_dags/example_branch_operator.py took 0.022 seconds
[2024-06-27T21:39:01.100+0000] {processor.py:161} INFO - Started process (PID=4501) to work on /home/ubuntu/venv/lib/python3.12/site-packages/airflow/example_dags/example_branch_operator.py
[2024-06-27T21:39:01.101+0000] {processor.py:830} INFO - Processing file /home/ubuntu/venv/lib/python3.12/site-packages/airflow/example_dags/example_branch_operator.py for tasks to queue
[2024-06-27T21:39:01.102+0000] {logging_mixin.py:188} INFO - [2024-06-27T21:39:01.102+0000] {dagbag.py:545} INFO - Filling up the DagBag from /home/ubuntu/venv/lib/python3.12/site-packages/airflow/example_dags/example_branch_operator.py
[2024-06-27T21:39:01.105+0000] {processor.py:842} WARNING - No viable dags retrieved from /home/ubuntu/venv/lib/python3.12/site-packages/airflow/example_dags/example_branch_operator.py
[2024-06-27T21:39:01.116+0000] {processor.py:183} INFO - Processing /home/ubuntu/venv/lib/python3.12/site-packages/airflow/example_dags/example_branch_operator.py took 0.022 seconds
[2024-06-27T21:40:02.033+0000] {processor.py:161} INFO - Started process (PID=4564) to work on /home/ubuntu/venv/lib/python3.12/site-packages/airflow/example_dags/example_branch_operator.py
[2024-06-27T21:40:02.034+0000] {processor.py:830} INFO - Processing file /home/ubuntu/venv/lib/python3.12/site-packages/airflow/example_dags/example_branch_operator.py for tasks to queue
[2024-06-27T21:40:02.035+0000] {logging_mixin.py:188} INFO - [2024-06-27T21:40:02.035+0000] {dagbag.py:545} INFO - Filling up the DagBag from /home/ubuntu/venv/lib/python3.12/site-packages/airflow/example_dags/example_branch_operator.py
[2024-06-27T21:40:02.038+0000] {processor.py:842} WARNING - No viable dags retrieved from /home/ubuntu/venv/lib/python3.12/site-packages/airflow/example_dags/example_branch_operator.py
[2024-06-27T21:40:02.049+0000] {processor.py:183} INFO - Processing /home/ubuntu/venv/lib/python3.12/site-packages/airflow/example_dags/example_branch_operator.py took 0.022 seconds
[2024-06-27T21:41:08.618+0000] {processor.py:161} INFO - Started process (PID=4635) to work on /home/ubuntu/venv/lib/python3.12/site-packages/airflow/example_dags/example_branch_operator.py
[2024-06-27T21:41:08.620+0000] {processor.py:830} INFO - Processing file /home/ubuntu/venv/lib/python3.12/site-packages/airflow/example_dags/example_branch_operator.py for tasks to queue
[2024-06-27T21:41:08.621+0000] {logging_mixin.py:188} INFO - [2024-06-27T21:41:08.620+0000] {dagbag.py:545} INFO - Filling up the DagBag from /home/ubuntu/venv/lib/python3.12/site-packages/airflow/example_dags/example_branch_operator.py
[2024-06-27T21:41:08.623+0000] {processor.py:842} WARNING - No viable dags retrieved from /home/ubuntu/venv/lib/python3.12/site-packages/airflow/example_dags/example_branch_operator.py
[2024-06-27T21:41:08.634+0000] {processor.py:183} INFO - Processing /home/ubuntu/venv/lib/python3.12/site-packages/airflow/example_dags/example_branch_operator.py took 0.022 seconds
[2024-06-27T21:42:15.878+0000] {processor.py:161} INFO - Started process (PID=4704) to work on /home/ubuntu/venv/lib/python3.12/site-packages/airflow/example_dags/example_branch_operator.py
[2024-06-27T21:42:15.880+0000] {processor.py:830} INFO - Processing file /home/ubuntu/venv/lib/python3.12/site-packages/airflow/example_dags/example_branch_operator.py for tasks to queue
[2024-06-27T21:42:15.881+0000] {logging_mixin.py:188} INFO - [2024-06-27T21:42:15.880+0000] {dagbag.py:545} INFO - Filling up the DagBag from /home/ubuntu/venv/lib/python3.12/site-packages/airflow/example_dags/example_branch_operator.py
[2024-06-27T21:42:15.883+0000] {processor.py:842} WARNING - No viable dags retrieved from /home/ubuntu/venv/lib/python3.12/site-packages/airflow/example_dags/example_branch_operator.py
[2024-06-27T21:42:15.894+0000] {processor.py:183} INFO - Processing /home/ubuntu/venv/lib/python3.12/site-packages/airflow/example_dags/example_branch_operator.py took 0.022 seconds
[2024-06-27T21:43:21.792+0000] {processor.py:161} INFO - Started process (PID=4770) to work on /home/ubuntu/venv/lib/python3.12/site-packages/airflow/example_dags/example_branch_operator.py
[2024-06-27T21:43:21.794+0000] {processor.py:830} INFO - Processing file /home/ubuntu/venv/lib/python3.12/site-packages/airflow/example_dags/example_branch_operator.py for tasks to queue
[2024-06-27T21:43:21.795+0000] {logging_mixin.py:188} INFO - [2024-06-27T21:43:21.794+0000] {dagbag.py:545} INFO - Filling up the DagBag from /home/ubuntu/venv/lib/python3.12/site-packages/airflow/example_dags/example_branch_operator.py
[2024-06-27T21:43:21.797+0000] {processor.py:842} WARNING - No viable dags retrieved from /home/ubuntu/venv/lib/python3.12/site-packages/airflow/example_dags/example_branch_operator.py
[2024-06-27T21:43:21.808+0000] {processor.py:183} INFO - Processing /home/ubuntu/venv/lib/python3.12/site-packages/airflow/example_dags/example_branch_operator.py took 0.022 seconds
[2024-06-27T21:44:27.568+0000] {processor.py:161} INFO - Started process (PID=4838) to work on /home/ubuntu/venv/lib/python3.12/site-packages/airflow/example_dags/example_branch_operator.py
[2024-06-27T21:44:27.570+0000] {processor.py:830} INFO - Processing file /home/ubuntu/venv/lib/python3.12/site-packages/airflow/example_dags/example_branch_operator.py for tasks to queue
[2024-06-27T21:44:27.571+0000] {logging_mixin.py:188} INFO - [2024-06-27T21:44:27.570+0000] {dagbag.py:545} INFO - Filling up the DagBag from /home/ubuntu/venv/lib/python3.12/site-packages/airflow/example_dags/example_branch_operator.py
[2024-06-27T21:44:27.574+0000] {processor.py:842} WARNING - No viable dags retrieved from /home/ubuntu/venv/lib/python3.12/site-packages/airflow/example_dags/example_branch_operator.py
[2024-06-27T21:44:27.585+0000] {processor.py:183} INFO - Processing /home/ubuntu/venv/lib/python3.12/site-packages/airflow/example_dags/example_branch_operator.py took 0.022 seconds
[2024-06-27T21:45:35.469+0000] {processor.py:161} INFO - Started process (PID=4955) to work on /home/ubuntu/venv/lib/python3.12/site-packages/airflow/example_dags/example_branch_operator.py
[2024-06-27T21:45:35.470+0000] {processor.py:830} INFO - Processing file /home/ubuntu/venv/lib/python3.12/site-packages/airflow/example_dags/example_branch_operator.py for tasks to queue
[2024-06-27T21:45:35.471+0000] {logging_mixin.py:188} INFO - [2024-06-27T21:45:35.471+0000] {dagbag.py:545} INFO - Filling up the DagBag from /home/ubuntu/venv/lib/python3.12/site-packages/airflow/example_dags/example_branch_operator.py
[2024-06-27T21:45:35.474+0000] {processor.py:842} WARNING - No viable dags retrieved from /home/ubuntu/venv/lib/python3.12/site-packages/airflow/example_dags/example_branch_operator.py
[2024-06-27T21:45:35.485+0000] {processor.py:183} INFO - Processing /home/ubuntu/venv/lib/python3.12/site-packages/airflow/example_dags/example_branch_operator.py took 0.023 seconds
[2024-06-27T21:46:52.283+0000] {processor.py:161} INFO - Started process (PID=5027) to work on /home/ubuntu/venv/lib/python3.12/site-packages/airflow/example_dags/example_branch_operator.py
[2024-06-27T21:46:52.285+0000] {processor.py:830} INFO - Processing file /home/ubuntu/venv/lib/python3.12/site-packages/airflow/example_dags/example_branch_operator.py for tasks to queue
[2024-06-27T21:46:52.286+0000] {logging_mixin.py:188} INFO - [2024-06-27T21:46:52.285+0000] {dagbag.py:545} INFO - Filling up the DagBag from /home/ubuntu/venv/lib/python3.12/site-packages/airflow/example_dags/example_branch_operator.py
[2024-06-27T21:46:52.289+0000] {processor.py:842} WARNING - No viable dags retrieved from /home/ubuntu/venv/lib/python3.12/site-packages/airflow/example_dags/example_branch_operator.py
[2024-06-27T21:46:52.300+0000] {processor.py:183} INFO - Processing /home/ubuntu/venv/lib/python3.12/site-packages/airflow/example_dags/example_branch_operator.py took 0.023 seconds
[2024-06-27T21:48:00.993+0000] {processor.py:161} INFO - Started process (PID=5196) to work on /home/ubuntu/venv/lib/python3.12/site-packages/airflow/example_dags/example_branch_operator.py
[2024-06-27T21:48:00.995+0000] {processor.py:830} INFO - Processing file /home/ubuntu/venv/lib/python3.12/site-packages/airflow/example_dags/example_branch_operator.py for tasks to queue
[2024-06-27T21:48:00.996+0000] {logging_mixin.py:188} INFO - [2024-06-27T21:48:00.995+0000] {dagbag.py:545} INFO - Filling up the DagBag from /home/ubuntu/venv/lib/python3.12/site-packages/airflow/example_dags/example_branch_operator.py
[2024-06-27T21:48:00.999+0000] {processor.py:842} WARNING - No viable dags retrieved from /home/ubuntu/venv/lib/python3.12/site-packages/airflow/example_dags/example_branch_operator.py
[2024-06-27T21:48:01.011+0000] {processor.py:183} INFO - Processing /home/ubuntu/venv/lib/python3.12/site-packages/airflow/example_dags/example_branch_operator.py took 0.024 seconds
[2024-06-27T21:49:06.616+0000] {processor.py:161} INFO - Started process (PID=5291) to work on /home/ubuntu/venv/lib/python3.12/site-packages/airflow/example_dags/example_branch_operator.py
[2024-06-27T21:49:06.618+0000] {processor.py:830} INFO - Processing file /home/ubuntu/venv/lib/python3.12/site-packages/airflow/example_dags/example_branch_operator.py for tasks to queue
[2024-06-27T21:49:06.619+0000] {logging_mixin.py:188} INFO - [2024-06-27T21:49:06.618+0000] {dagbag.py:545} INFO - Filling up the DagBag from /home/ubuntu/venv/lib/python3.12/site-packages/airflow/example_dags/example_branch_operator.py
[2024-06-27T21:49:06.622+0000] {processor.py:842} WARNING - No viable dags retrieved from /home/ubuntu/venv/lib/python3.12/site-packages/airflow/example_dags/example_branch_operator.py
[2024-06-27T21:49:06.634+0000] {processor.py:183} INFO - Processing /home/ubuntu/venv/lib/python3.12/site-packages/airflow/example_dags/example_branch_operator.py took 0.025 seconds
[2024-06-27T21:50:05.936+0000] {processor.py:161} INFO - Started process (PID=5353) to work on /home/ubuntu/venv/lib/python3.12/site-packages/airflow/example_dags/example_branch_operator.py
[2024-06-27T21:50:05.937+0000] {processor.py:830} INFO - Processing file /home/ubuntu/venv/lib/python3.12/site-packages/airflow/example_dags/example_branch_operator.py for tasks to queue
[2024-06-27T21:50:05.938+0000] {logging_mixin.py:188} INFO - [2024-06-27T21:50:05.938+0000] {dagbag.py:545} INFO - Filling up the DagBag from /home/ubuntu/venv/lib/python3.12/site-packages/airflow/example_dags/example_branch_operator.py
[2024-06-27T21:50:05.941+0000] {processor.py:842} WARNING - No viable dags retrieved from /home/ubuntu/venv/lib/python3.12/site-packages/airflow/example_dags/example_branch_operator.py
[2024-06-27T21:50:05.953+0000] {processor.py:183} INFO - Processing /home/ubuntu/venv/lib/python3.12/site-packages/airflow/example_dags/example_branch_operator.py took 0.025 seconds
