[2024-06-27T21:19:53.376+0000] {processor.py:161} INFO - Started process (PID=2951) to work on /home/ubuntu/venv/lib/python3.12/site-packages/airflow/example_dags/example_setup_teardown.py
[2024-06-27T21:19:53.377+0000] {processor.py:830} INFO - Processing file /home/ubuntu/venv/lib/python3.12/site-packages/airflow/example_dags/example_setup_teardown.py for tasks to queue
[2024-06-27T21:19:53.378+0000] {logging_mixin.py:188} INFO - [2024-06-27T21:19:53.378+0000] {dagbag.py:545} INFO - Filling up the DagBag from /home/ubuntu/venv/lib/python3.12/site-packages/airflow/example_dags/example_setup_teardown.py
[2024-06-27T21:19:53.386+0000] {processor.py:840} INFO - DAG(s) 'example_setup_teardown' retrieved from /home/ubuntu/venv/lib/python3.12/site-packages/airflow/example_dags/example_setup_teardown.py
[2024-06-27T21:19:53.503+0000] {logging_mixin.py:188} INFO - [2024-06-27T21:19:53.502+0000] {override.py:1847} INFO - Created Permission View: can read on DAG:example_setup_teardown
[2024-06-27T21:19:53.515+0000] {logging_mixin.py:188} INFO - [2024-06-27T21:19:53.515+0000] {override.py:1847} INFO - Created Permission View: can delete on DAG:example_setup_teardown
[2024-06-27T21:19:53.525+0000] {logging_mixin.py:188} INFO - [2024-06-27T21:19:53.524+0000] {override.py:1847} INFO - Created Permission View: can edit on DAG:example_setup_teardown
[2024-06-27T21:19:53.525+0000] {logging_mixin.py:188} INFO - [2024-06-27T21:19:53.525+0000] {dag.py:3096} INFO - Sync 1 DAGs
[2024-06-27T21:19:53.536+0000] {logging_mixin.py:188} INFO - [2024-06-27T21:19:53.536+0000] {dag.py:3118} INFO - Creating ORM DAG for example_setup_teardown
[2024-06-27T21:19:53.545+0000] {logging_mixin.py:188} INFO - [2024-06-27T21:19:53.544+0000] {dag.py:3954} INFO - Setting next_dagrun for example_setup_teardown to 2024-06-26 00:00:00+00:00, run_after=2024-06-27 00:00:00+00:00
[2024-06-27T21:19:53.567+0000] {processor.py:183} INFO - Processing /home/ubuntu/venv/lib/python3.12/site-packages/airflow/example_dags/example_setup_teardown.py took 0.196 seconds
[2024-06-27T21:20:47.400+0000] {processor.py:161} INFO - Started process (PID=3238) to work on /home/ubuntu/venv/lib/python3.12/site-packages/airflow/example_dags/example_setup_teardown.py
[2024-06-27T21:20:47.401+0000] {processor.py:830} INFO - Processing file /home/ubuntu/venv/lib/python3.12/site-packages/airflow/example_dags/example_setup_teardown.py for tasks to queue
[2024-06-27T21:20:47.403+0000] {logging_mixin.py:188} INFO - [2024-06-27T21:20:47.403+0000] {dagbag.py:545} INFO - Filling up the DagBag from /home/ubuntu/venv/lib/python3.12/site-packages/airflow/example_dags/example_setup_teardown.py
[2024-06-27T21:20:47.410+0000] {processor.py:840} INFO - DAG(s) 'example_setup_teardown' retrieved from /home/ubuntu/venv/lib/python3.12/site-packages/airflow/example_dags/example_setup_teardown.py
[2024-06-27T21:20:47.428+0000] {logging_mixin.py:188} INFO - [2024-06-27T21:20:47.428+0000] {dag.py:3096} INFO - Sync 1 DAGs
[2024-06-27T21:20:47.449+0000] {logging_mixin.py:188} INFO - [2024-06-27T21:20:47.449+0000] {dag.py:3954} INFO - Setting next_dagrun for example_setup_teardown to 2024-06-26 00:00:00+00:00, run_after=2024-06-27 00:00:00+00:00
[2024-06-27T21:20:47.473+0000] {processor.py:183} INFO - Processing /home/ubuntu/venv/lib/python3.12/site-packages/airflow/example_dags/example_setup_teardown.py took 0.079 seconds
[2024-06-27T21:21:37.599+0000] {processor.py:161} INFO - Started process (PID=3346) to work on /home/ubuntu/venv/lib/python3.12/site-packages/airflow/example_dags/example_setup_teardown.py
[2024-06-27T21:21:37.601+0000] {processor.py:830} INFO - Processing file /home/ubuntu/venv/lib/python3.12/site-packages/airflow/example_dags/example_setup_teardown.py for tasks to queue
[2024-06-27T21:21:37.603+0000] {logging_mixin.py:188} INFO - [2024-06-27T21:21:37.602+0000] {dagbag.py:545} INFO - Filling up the DagBag from /home/ubuntu/venv/lib/python3.12/site-packages/airflow/example_dags/example_setup_teardown.py
[2024-06-27T21:21:37.610+0000] {processor.py:840} INFO - DAG(s) 'example_setup_teardown' retrieved from /home/ubuntu/venv/lib/python3.12/site-packages/airflow/example_dags/example_setup_teardown.py
[2024-06-27T21:21:37.627+0000] {logging_mixin.py:188} INFO - [2024-06-27T21:21:37.627+0000] {dag.py:3096} INFO - Sync 1 DAGs
[2024-06-27T21:21:37.647+0000] {logging_mixin.py:188} INFO - [2024-06-27T21:21:37.647+0000] {dag.py:3954} INFO - Setting next_dagrun for example_setup_teardown to 2024-06-26 00:00:00+00:00, run_after=2024-06-27 00:00:00+00:00
[2024-06-27T21:21:37.670+0000] {processor.py:183} INFO - Processing /home/ubuntu/venv/lib/python3.12/site-packages/airflow/example_dags/example_setup_teardown.py took 0.076 seconds
[2024-06-27T21:22:22.684+0000] {processor.py:161} INFO - Started process (PID=3404) to work on /home/ubuntu/venv/lib/python3.12/site-packages/airflow/example_dags/example_setup_teardown.py
[2024-06-27T21:22:22.685+0000] {processor.py:830} INFO - Processing file /home/ubuntu/venv/lib/python3.12/site-packages/airflow/example_dags/example_setup_teardown.py for tasks to queue
[2024-06-27T21:22:22.687+0000] {logging_mixin.py:188} INFO - [2024-06-27T21:22:22.687+0000] {dagbag.py:545} INFO - Filling up the DagBag from /home/ubuntu/venv/lib/python3.12/site-packages/airflow/example_dags/example_setup_teardown.py
[2024-06-27T21:22:22.695+0000] {processor.py:840} INFO - DAG(s) 'example_setup_teardown' retrieved from /home/ubuntu/venv/lib/python3.12/site-packages/airflow/example_dags/example_setup_teardown.py
[2024-06-27T21:22:22.712+0000] {logging_mixin.py:188} INFO - [2024-06-27T21:22:22.712+0000] {dag.py:3096} INFO - Sync 1 DAGs
[2024-06-27T21:22:22.732+0000] {logging_mixin.py:188} INFO - [2024-06-27T21:22:22.732+0000] {dag.py:3954} INFO - Setting next_dagrun for example_setup_teardown to 2024-06-26 00:00:00+00:00, run_after=2024-06-27 00:00:00+00:00
[2024-06-27T21:22:22.755+0000] {processor.py:183} INFO - Processing /home/ubuntu/venv/lib/python3.12/site-packages/airflow/example_dags/example_setup_teardown.py took 0.077 seconds
[2024-06-27T21:23:21.145+0000] {processor.py:161} INFO - Started process (PID=3468) to work on /home/ubuntu/venv/lib/python3.12/site-packages/airflow/example_dags/example_setup_teardown.py
[2024-06-27T21:23:21.146+0000] {processor.py:830} INFO - Processing file /home/ubuntu/venv/lib/python3.12/site-packages/airflow/example_dags/example_setup_teardown.py for tasks to queue
[2024-06-27T21:23:21.148+0000] {logging_mixin.py:188} INFO - [2024-06-27T21:23:21.148+0000] {dagbag.py:545} INFO - Filling up the DagBag from /home/ubuntu/venv/lib/python3.12/site-packages/airflow/example_dags/example_setup_teardown.py
[2024-06-27T21:23:21.156+0000] {processor.py:840} INFO - DAG(s) 'example_setup_teardown' retrieved from /home/ubuntu/venv/lib/python3.12/site-packages/airflow/example_dags/example_setup_teardown.py
[2024-06-27T21:23:21.174+0000] {logging_mixin.py:188} INFO - [2024-06-27T21:23:21.174+0000] {dag.py:3096} INFO - Sync 1 DAGs
[2024-06-27T21:23:21.195+0000] {logging_mixin.py:188} INFO - [2024-06-27T21:23:21.195+0000] {dag.py:3954} INFO - Setting next_dagrun for example_setup_teardown to 2024-06-26 00:00:00+00:00, run_after=2024-06-27 00:00:00+00:00
[2024-06-27T21:23:21.218+0000] {processor.py:183} INFO - Processing /home/ubuntu/venv/lib/python3.12/site-packages/airflow/example_dags/example_setup_teardown.py took 0.080 seconds
[2024-06-27T21:24:18.758+0000] {processor.py:161} INFO - Started process (PID=3531) to work on /home/ubuntu/venv/lib/python3.12/site-packages/airflow/example_dags/example_setup_teardown.py
[2024-06-27T21:24:18.759+0000] {processor.py:830} INFO - Processing file /home/ubuntu/venv/lib/python3.12/site-packages/airflow/example_dags/example_setup_teardown.py for tasks to queue
[2024-06-27T21:24:18.761+0000] {logging_mixin.py:188} INFO - [2024-06-27T21:24:18.760+0000] {dagbag.py:545} INFO - Filling up the DagBag from /home/ubuntu/venv/lib/python3.12/site-packages/airflow/example_dags/example_setup_teardown.py
[2024-06-27T21:24:18.768+0000] {processor.py:840} INFO - DAG(s) 'example_setup_teardown' retrieved from /home/ubuntu/venv/lib/python3.12/site-packages/airflow/example_dags/example_setup_teardown.py
[2024-06-27T21:24:18.785+0000] {logging_mixin.py:188} INFO - [2024-06-27T21:24:18.785+0000] {dag.py:3096} INFO - Sync 1 DAGs
[2024-06-27T21:24:18.805+0000] {logging_mixin.py:188} INFO - [2024-06-27T21:24:18.805+0000] {dag.py:3954} INFO - Setting next_dagrun for example_setup_teardown to 2024-06-26 00:00:00+00:00, run_after=2024-06-27 00:00:00+00:00
[2024-06-27T21:24:18.827+0000] {processor.py:183} INFO - Processing /home/ubuntu/venv/lib/python3.12/site-packages/airflow/example_dags/example_setup_teardown.py took 0.075 seconds
[2024-06-27T21:25:19.578+0000] {processor.py:161} INFO - Started process (PID=3602) to work on /home/ubuntu/venv/lib/python3.12/site-packages/airflow/example_dags/example_setup_teardown.py
[2024-06-27T21:25:19.580+0000] {processor.py:830} INFO - Processing file /home/ubuntu/venv/lib/python3.12/site-packages/airflow/example_dags/example_setup_teardown.py for tasks to queue
[2024-06-27T21:25:19.580+0000] {logging_mixin.py:188} INFO - [2024-06-27T21:25:19.580+0000] {dagbag.py:545} INFO - Filling up the DagBag from /home/ubuntu/venv/lib/python3.12/site-packages/airflow/example_dags/example_setup_teardown.py
[2024-06-27T21:25:19.589+0000] {processor.py:840} INFO - DAG(s) 'example_setup_teardown' retrieved from /home/ubuntu/venv/lib/python3.12/site-packages/airflow/example_dags/example_setup_teardown.py
[2024-06-27T21:25:19.606+0000] {logging_mixin.py:188} INFO - [2024-06-27T21:25:19.605+0000] {dag.py:3096} INFO - Sync 1 DAGs
[2024-06-27T21:25:19.626+0000] {logging_mixin.py:188} INFO - [2024-06-27T21:25:19.626+0000] {dag.py:3954} INFO - Setting next_dagrun for example_setup_teardown to 2024-06-26 00:00:00+00:00, run_after=2024-06-27 00:00:00+00:00
[2024-06-27T21:25:19.649+0000] {processor.py:183} INFO - Processing /home/ubuntu/venv/lib/python3.12/site-packages/airflow/example_dags/example_setup_teardown.py took 0.077 seconds
[2024-06-27T21:26:03.045+0000] {processor.py:161} INFO - Started process (PID=3647) to work on /home/ubuntu/venv/lib/python3.12/site-packages/airflow/example_dags/example_setup_teardown.py
[2024-06-27T21:26:03.046+0000] {processor.py:830} INFO - Processing file /home/ubuntu/venv/lib/python3.12/site-packages/airflow/example_dags/example_setup_teardown.py for tasks to queue
[2024-06-27T21:26:03.047+0000] {logging_mixin.py:188} INFO - [2024-06-27T21:26:03.047+0000] {dagbag.py:545} INFO - Filling up the DagBag from /home/ubuntu/venv/lib/python3.12/site-packages/airflow/example_dags/example_setup_teardown.py
[2024-06-27T21:26:03.055+0000] {processor.py:840} INFO - DAG(s) 'example_setup_teardown' retrieved from /home/ubuntu/venv/lib/python3.12/site-packages/airflow/example_dags/example_setup_teardown.py
[2024-06-27T21:26:03.073+0000] {logging_mixin.py:188} INFO - [2024-06-27T21:26:03.072+0000] {dag.py:3096} INFO - Sync 1 DAGs
[2024-06-27T21:26:03.093+0000] {logging_mixin.py:188} INFO - [2024-06-27T21:26:03.093+0000] {dag.py:3954} INFO - Setting next_dagrun for example_setup_teardown to 2024-06-26 00:00:00+00:00, run_after=2024-06-27 00:00:00+00:00
[2024-06-27T21:26:03.119+0000] {processor.py:183} INFO - Processing /home/ubuntu/venv/lib/python3.12/site-packages/airflow/example_dags/example_setup_teardown.py took 0.080 seconds
[2024-06-27T21:26:48.184+0000] {processor.py:161} INFO - Started process (PID=3693) to work on /home/ubuntu/venv/lib/python3.12/site-packages/airflow/example_dags/example_setup_teardown.py
[2024-06-27T21:26:48.186+0000] {processor.py:830} INFO - Processing file /home/ubuntu/venv/lib/python3.12/site-packages/airflow/example_dags/example_setup_teardown.py for tasks to queue
[2024-06-27T21:26:48.187+0000] {logging_mixin.py:188} INFO - [2024-06-27T21:26:48.186+0000] {dagbag.py:545} INFO - Filling up the DagBag from /home/ubuntu/venv/lib/python3.12/site-packages/airflow/example_dags/example_setup_teardown.py
[2024-06-27T21:26:48.195+0000] {processor.py:840} INFO - DAG(s) 'example_setup_teardown' retrieved from /home/ubuntu/venv/lib/python3.12/site-packages/airflow/example_dags/example_setup_teardown.py
[2024-06-27T21:26:48.212+0000] {logging_mixin.py:188} INFO - [2024-06-27T21:26:48.212+0000] {dag.py:3096} INFO - Sync 1 DAGs
[2024-06-27T21:26:48.233+0000] {logging_mixin.py:188} INFO - [2024-06-27T21:26:48.233+0000] {dag.py:3954} INFO - Setting next_dagrun for example_setup_teardown to 2024-06-26 00:00:00+00:00, run_after=2024-06-27 00:00:00+00:00
[2024-06-27T21:26:48.256+0000] {processor.py:183} INFO - Processing /home/ubuntu/venv/lib/python3.12/site-packages/airflow/example_dags/example_setup_teardown.py took 0.077 seconds
[2024-06-27T21:27:30.403+0000] {processor.py:161} INFO - Started process (PID=3738) to work on /home/ubuntu/venv/lib/python3.12/site-packages/airflow/example_dags/example_setup_teardown.py
[2024-06-27T21:27:30.404+0000] {processor.py:830} INFO - Processing file /home/ubuntu/venv/lib/python3.12/site-packages/airflow/example_dags/example_setup_teardown.py for tasks to queue
[2024-06-27T21:27:30.405+0000] {logging_mixin.py:188} INFO - [2024-06-27T21:27:30.405+0000] {dagbag.py:545} INFO - Filling up the DagBag from /home/ubuntu/venv/lib/python3.12/site-packages/airflow/example_dags/example_setup_teardown.py
[2024-06-27T21:27:30.414+0000] {processor.py:840} INFO - DAG(s) 'example_setup_teardown' retrieved from /home/ubuntu/venv/lib/python3.12/site-packages/airflow/example_dags/example_setup_teardown.py
[2024-06-27T21:27:30.431+0000] {logging_mixin.py:188} INFO - [2024-06-27T21:27:30.431+0000] {dag.py:3096} INFO - Sync 1 DAGs
[2024-06-27T21:27:30.452+0000] {logging_mixin.py:188} INFO - [2024-06-27T21:27:30.452+0000] {dag.py:3954} INFO - Setting next_dagrun for example_setup_teardown to 2024-06-26 00:00:00+00:00, run_after=2024-06-27 00:00:00+00:00
[2024-06-27T21:27:30.476+0000] {processor.py:183} INFO - Processing /home/ubuntu/venv/lib/python3.12/site-packages/airflow/example_dags/example_setup_teardown.py took 0.079 seconds
[2024-06-27T21:28:56.927+0000] {processor.py:161} INFO - Started process (PID=3847) to work on /home/ubuntu/venv/lib/python3.12/site-packages/airflow/example_dags/example_setup_teardown.py
[2024-06-27T21:28:56.929+0000] {processor.py:830} INFO - Processing file /home/ubuntu/venv/lib/python3.12/site-packages/airflow/example_dags/example_setup_teardown.py for tasks to queue
[2024-06-27T21:28:56.930+0000] {logging_mixin.py:188} INFO - [2024-06-27T21:28:56.929+0000] {dagbag.py:545} INFO - Filling up the DagBag from /home/ubuntu/venv/lib/python3.12/site-packages/airflow/example_dags/example_setup_teardown.py
[2024-06-27T21:28:56.938+0000] {processor.py:840} INFO - DAG(s) 'example_setup_teardown' retrieved from /home/ubuntu/venv/lib/python3.12/site-packages/airflow/example_dags/example_setup_teardown.py
[2024-06-27T21:28:56.955+0000] {logging_mixin.py:188} INFO - [2024-06-27T21:28:56.955+0000] {dag.py:3096} INFO - Sync 1 DAGs
[2024-06-27T21:28:56.975+0000] {logging_mixin.py:188} INFO - [2024-06-27T21:28:56.975+0000] {dag.py:3954} INFO - Setting next_dagrun for example_setup_teardown to 2024-06-26 00:00:00+00:00, run_after=2024-06-27 00:00:00+00:00
[2024-06-27T21:28:56.998+0000] {processor.py:183} INFO - Processing /home/ubuntu/venv/lib/python3.12/site-packages/airflow/example_dags/example_setup_teardown.py took 0.076 seconds
[2024-06-27T21:29:46.599+0000] {processor.py:161} INFO - Started process (PID=3900) to work on /home/ubuntu/venv/lib/python3.12/site-packages/airflow/example_dags/example_setup_teardown.py
[2024-06-27T21:29:46.600+0000] {processor.py:830} INFO - Processing file /home/ubuntu/venv/lib/python3.12/site-packages/airflow/example_dags/example_setup_teardown.py for tasks to queue
[2024-06-27T21:29:46.601+0000] {logging_mixin.py:188} INFO - [2024-06-27T21:29:46.601+0000] {dagbag.py:545} INFO - Filling up the DagBag from /home/ubuntu/venv/lib/python3.12/site-packages/airflow/example_dags/example_setup_teardown.py
[2024-06-27T21:29:46.609+0000] {processor.py:840} INFO - DAG(s) 'example_setup_teardown' retrieved from /home/ubuntu/venv/lib/python3.12/site-packages/airflow/example_dags/example_setup_teardown.py
[2024-06-27T21:29:46.626+0000] {logging_mixin.py:188} INFO - [2024-06-27T21:29:46.626+0000] {dag.py:3096} INFO - Sync 1 DAGs
[2024-06-27T21:29:46.646+0000] {logging_mixin.py:188} INFO - [2024-06-27T21:29:46.645+0000] {dag.py:3954} INFO - Setting next_dagrun for example_setup_teardown to 2024-06-26 00:00:00+00:00, run_after=2024-06-27 00:00:00+00:00
[2024-06-27T21:29:46.669+0000] {processor.py:183} INFO - Processing /home/ubuntu/venv/lib/python3.12/site-packages/airflow/example_dags/example_setup_teardown.py took 0.077 seconds
[2024-06-27T21:30:28.443+0000] {processor.py:161} INFO - Started process (PID=3954) to work on /home/ubuntu/venv/lib/python3.12/site-packages/airflow/example_dags/example_setup_teardown.py
[2024-06-27T21:30:28.445+0000] {processor.py:830} INFO - Processing file /home/ubuntu/venv/lib/python3.12/site-packages/airflow/example_dags/example_setup_teardown.py for tasks to queue
[2024-06-27T21:30:28.446+0000] {logging_mixin.py:188} INFO - [2024-06-27T21:30:28.445+0000] {dagbag.py:545} INFO - Filling up the DagBag from /home/ubuntu/venv/lib/python3.12/site-packages/airflow/example_dags/example_setup_teardown.py
[2024-06-27T21:30:28.454+0000] {processor.py:840} INFO - DAG(s) 'example_setup_teardown' retrieved from /home/ubuntu/venv/lib/python3.12/site-packages/airflow/example_dags/example_setup_teardown.py
[2024-06-27T21:30:28.472+0000] {logging_mixin.py:188} INFO - [2024-06-27T21:30:28.471+0000] {dag.py:3096} INFO - Sync 1 DAGs
[2024-06-27T21:30:28.492+0000] {logging_mixin.py:188} INFO - [2024-06-27T21:30:28.492+0000] {dag.py:3954} INFO - Setting next_dagrun for example_setup_teardown to 2024-06-26 00:00:00+00:00, run_after=2024-06-27 00:00:00+00:00
[2024-06-27T21:30:28.515+0000] {processor.py:183} INFO - Processing /home/ubuntu/venv/lib/python3.12/site-packages/airflow/example_dags/example_setup_teardown.py took 0.078 seconds
[2024-06-27T21:31:13.136+0000] {processor.py:161} INFO - Started process (PID=3999) to work on /home/ubuntu/venv/lib/python3.12/site-packages/airflow/example_dags/example_setup_teardown.py
[2024-06-27T21:31:13.138+0000] {processor.py:830} INFO - Processing file /home/ubuntu/venv/lib/python3.12/site-packages/airflow/example_dags/example_setup_teardown.py for tasks to queue
[2024-06-27T21:31:13.139+0000] {logging_mixin.py:188} INFO - [2024-06-27T21:31:13.138+0000] {dagbag.py:545} INFO - Filling up the DagBag from /home/ubuntu/venv/lib/python3.12/site-packages/airflow/example_dags/example_setup_teardown.py
[2024-06-27T21:31:13.147+0000] {processor.py:840} INFO - DAG(s) 'example_setup_teardown' retrieved from /home/ubuntu/venv/lib/python3.12/site-packages/airflow/example_dags/example_setup_teardown.py
[2024-06-27T21:31:13.164+0000] {logging_mixin.py:188} INFO - [2024-06-27T21:31:13.164+0000] {dag.py:3096} INFO - Sync 1 DAGs
[2024-06-27T21:31:13.184+0000] {logging_mixin.py:188} INFO - [2024-06-27T21:31:13.184+0000] {dag.py:3954} INFO - Setting next_dagrun for example_setup_teardown to 2024-06-26 00:00:00+00:00, run_after=2024-06-27 00:00:00+00:00
[2024-06-27T21:31:13.208+0000] {processor.py:183} INFO - Processing /home/ubuntu/venv/lib/python3.12/site-packages/airflow/example_dags/example_setup_teardown.py took 0.077 seconds
[2024-06-27T21:31:56.483+0000] {processor.py:161} INFO - Started process (PID=4043) to work on /home/ubuntu/venv/lib/python3.12/site-packages/airflow/example_dags/example_setup_teardown.py
[2024-06-27T21:31:56.485+0000] {processor.py:830} INFO - Processing file /home/ubuntu/venv/lib/python3.12/site-packages/airflow/example_dags/example_setup_teardown.py for tasks to queue
[2024-06-27T21:31:56.486+0000] {logging_mixin.py:188} INFO - [2024-06-27T21:31:56.485+0000] {dagbag.py:545} INFO - Filling up the DagBag from /home/ubuntu/venv/lib/python3.12/site-packages/airflow/example_dags/example_setup_teardown.py
[2024-06-27T21:31:56.494+0000] {processor.py:840} INFO - DAG(s) 'example_setup_teardown' retrieved from /home/ubuntu/venv/lib/python3.12/site-packages/airflow/example_dags/example_setup_teardown.py
[2024-06-27T21:31:56.511+0000] {logging_mixin.py:188} INFO - [2024-06-27T21:31:56.511+0000] {dag.py:3096} INFO - Sync 1 DAGs
[2024-06-27T21:31:56.532+0000] {logging_mixin.py:188} INFO - [2024-06-27T21:31:56.531+0000] {dag.py:3954} INFO - Setting next_dagrun for example_setup_teardown to 2024-06-26 00:00:00+00:00, run_after=2024-06-27 00:00:00+00:00
[2024-06-27T21:31:56.556+0000] {processor.py:183} INFO - Processing /home/ubuntu/venv/lib/python3.12/site-packages/airflow/example_dags/example_setup_teardown.py took 0.079 seconds
[2024-06-27T21:32:49.063+0000] {processor.py:161} INFO - Started process (PID=4104) to work on /home/ubuntu/venv/lib/python3.12/site-packages/airflow/example_dags/example_setup_teardown.py
[2024-06-27T21:32:49.064+0000] {processor.py:830} INFO - Processing file /home/ubuntu/venv/lib/python3.12/site-packages/airflow/example_dags/example_setup_teardown.py for tasks to queue
[2024-06-27T21:32:49.065+0000] {logging_mixin.py:188} INFO - [2024-06-27T21:32:49.064+0000] {dagbag.py:545} INFO - Filling up the DagBag from /home/ubuntu/venv/lib/python3.12/site-packages/airflow/example_dags/example_setup_teardown.py
[2024-06-27T21:32:49.073+0000] {processor.py:840} INFO - DAG(s) 'example_setup_teardown' retrieved from /home/ubuntu/venv/lib/python3.12/site-packages/airflow/example_dags/example_setup_teardown.py
[2024-06-27T21:32:49.091+0000] {logging_mixin.py:188} INFO - [2024-06-27T21:32:49.090+0000] {dag.py:3096} INFO - Sync 1 DAGs
[2024-06-27T21:32:49.111+0000] {logging_mixin.py:188} INFO - [2024-06-27T21:32:49.111+0000] {dag.py:3954} INFO - Setting next_dagrun for example_setup_teardown to 2024-06-26 00:00:00+00:00, run_after=2024-06-27 00:00:00+00:00
[2024-06-27T21:32:49.135+0000] {processor.py:183} INFO - Processing /home/ubuntu/venv/lib/python3.12/site-packages/airflow/example_dags/example_setup_teardown.py took 0.078 seconds
[2024-06-27T21:33:40.515+0000] {processor.py:161} INFO - Started process (PID=4164) to work on /home/ubuntu/venv/lib/python3.12/site-packages/airflow/example_dags/example_setup_teardown.py
[2024-06-27T21:33:40.516+0000] {processor.py:830} INFO - Processing file /home/ubuntu/venv/lib/python3.12/site-packages/airflow/example_dags/example_setup_teardown.py for tasks to queue
[2024-06-27T21:33:40.517+0000] {logging_mixin.py:188} INFO - [2024-06-27T21:33:40.517+0000] {dagbag.py:545} INFO - Filling up the DagBag from /home/ubuntu/venv/lib/python3.12/site-packages/airflow/example_dags/example_setup_teardown.py
[2024-06-27T21:33:40.525+0000] {processor.py:840} INFO - DAG(s) 'example_setup_teardown' retrieved from /home/ubuntu/venv/lib/python3.12/site-packages/airflow/example_dags/example_setup_teardown.py
[2024-06-27T21:33:40.542+0000] {logging_mixin.py:188} INFO - [2024-06-27T21:33:40.542+0000] {dag.py:3096} INFO - Sync 1 DAGs
[2024-06-27T21:33:40.563+0000] {logging_mixin.py:188} INFO - [2024-06-27T21:33:40.563+0000] {dag.py:3954} INFO - Setting next_dagrun for example_setup_teardown to 2024-06-26 00:00:00+00:00, run_after=2024-06-27 00:00:00+00:00
[2024-06-27T21:33:40.586+0000] {processor.py:183} INFO - Processing /home/ubuntu/venv/lib/python3.12/site-packages/airflow/example_dags/example_setup_teardown.py took 0.077 seconds
[2024-06-27T21:34:24.376+0000] {processor.py:161} INFO - Started process (PID=4209) to work on /home/ubuntu/venv/lib/python3.12/site-packages/airflow/example_dags/example_setup_teardown.py
[2024-06-27T21:34:24.378+0000] {processor.py:830} INFO - Processing file /home/ubuntu/venv/lib/python3.12/site-packages/airflow/example_dags/example_setup_teardown.py for tasks to queue
[2024-06-27T21:34:24.379+0000] {logging_mixin.py:188} INFO - [2024-06-27T21:34:24.379+0000] {dagbag.py:545} INFO - Filling up the DagBag from /home/ubuntu/venv/lib/python3.12/site-packages/airflow/example_dags/example_setup_teardown.py
[2024-06-27T21:34:24.387+0000] {processor.py:840} INFO - DAG(s) 'example_setup_teardown' retrieved from /home/ubuntu/venv/lib/python3.12/site-packages/airflow/example_dags/example_setup_teardown.py
[2024-06-27T21:34:24.404+0000] {logging_mixin.py:188} INFO - [2024-06-27T21:34:24.404+0000] {dag.py:3096} INFO - Sync 1 DAGs
[2024-06-27T21:34:24.424+0000] {logging_mixin.py:188} INFO - [2024-06-27T21:34:24.424+0000] {dag.py:3954} INFO - Setting next_dagrun for example_setup_teardown to 2024-06-26 00:00:00+00:00, run_after=2024-06-27 00:00:00+00:00
[2024-06-27T21:34:24.448+0000] {processor.py:183} INFO - Processing /home/ubuntu/venv/lib/python3.12/site-packages/airflow/example_dags/example_setup_teardown.py took 0.078 seconds
[2024-06-27T21:35:08.062+0000] {processor.py:161} INFO - Started process (PID=4257) to work on /home/ubuntu/venv/lib/python3.12/site-packages/airflow/example_dags/example_setup_teardown.py
[2024-06-27T21:35:08.063+0000] {processor.py:830} INFO - Processing file /home/ubuntu/venv/lib/python3.12/site-packages/airflow/example_dags/example_setup_teardown.py for tasks to queue
[2024-06-27T21:35:08.064+0000] {logging_mixin.py:188} INFO - [2024-06-27T21:35:08.064+0000] {dagbag.py:545} INFO - Filling up the DagBag from /home/ubuntu/venv/lib/python3.12/site-packages/airflow/example_dags/example_setup_teardown.py
[2024-06-27T21:35:08.072+0000] {processor.py:840} INFO - DAG(s) 'example_setup_teardown' retrieved from /home/ubuntu/venv/lib/python3.12/site-packages/airflow/example_dags/example_setup_teardown.py
[2024-06-27T21:35:08.090+0000] {logging_mixin.py:188} INFO - [2024-06-27T21:35:08.089+0000] {dag.py:3096} INFO - Sync 1 DAGs
[2024-06-27T21:35:08.110+0000] {logging_mixin.py:188} INFO - [2024-06-27T21:35:08.110+0000] {dag.py:3954} INFO - Setting next_dagrun for example_setup_teardown to 2024-06-26 00:00:00+00:00, run_after=2024-06-27 00:00:00+00:00
[2024-06-27T21:35:08.133+0000] {processor.py:183} INFO - Processing /home/ubuntu/venv/lib/python3.12/site-packages/airflow/example_dags/example_setup_teardown.py took 0.077 seconds
[2024-06-27T21:35:50.316+0000] {processor.py:161} INFO - Started process (PID=4304) to work on /home/ubuntu/venv/lib/python3.12/site-packages/airflow/example_dags/example_setup_teardown.py
[2024-06-27T21:35:50.317+0000] {processor.py:830} INFO - Processing file /home/ubuntu/venv/lib/python3.12/site-packages/airflow/example_dags/example_setup_teardown.py for tasks to queue
[2024-06-27T21:35:50.318+0000] {logging_mixin.py:188} INFO - [2024-06-27T21:35:50.318+0000] {dagbag.py:545} INFO - Filling up the DagBag from /home/ubuntu/venv/lib/python3.12/site-packages/airflow/example_dags/example_setup_teardown.py
[2024-06-27T21:35:50.327+0000] {processor.py:840} INFO - DAG(s) 'example_setup_teardown' retrieved from /home/ubuntu/venv/lib/python3.12/site-packages/airflow/example_dags/example_setup_teardown.py
[2024-06-27T21:35:50.344+0000] {logging_mixin.py:188} INFO - [2024-06-27T21:35:50.343+0000] {dag.py:3096} INFO - Sync 1 DAGs
[2024-06-27T21:35:50.364+0000] {logging_mixin.py:188} INFO - [2024-06-27T21:35:50.364+0000] {dag.py:3954} INFO - Setting next_dagrun for example_setup_teardown to 2024-06-26 00:00:00+00:00, run_after=2024-06-27 00:00:00+00:00
[2024-06-27T21:35:50.390+0000] {processor.py:183} INFO - Processing /home/ubuntu/venv/lib/python3.12/site-packages/airflow/example_dags/example_setup_teardown.py took 0.080 seconds
[2024-06-27T21:36:55.082+0000] {processor.py:161} INFO - Started process (PID=4369) to work on /home/ubuntu/venv/lib/python3.12/site-packages/airflow/example_dags/example_setup_teardown.py
[2024-06-27T21:36:55.083+0000] {processor.py:830} INFO - Processing file /home/ubuntu/venv/lib/python3.12/site-packages/airflow/example_dags/example_setup_teardown.py for tasks to queue
[2024-06-27T21:36:55.084+0000] {logging_mixin.py:188} INFO - [2024-06-27T21:36:55.084+0000] {dagbag.py:545} INFO - Filling up the DagBag from /home/ubuntu/venv/lib/python3.12/site-packages/airflow/example_dags/example_setup_teardown.py
[2024-06-27T21:36:55.093+0000] {processor.py:840} INFO - DAG(s) 'example_setup_teardown' retrieved from /home/ubuntu/venv/lib/python3.12/site-packages/airflow/example_dags/example_setup_teardown.py
[2024-06-27T21:36:55.109+0000] {logging_mixin.py:188} INFO - [2024-06-27T21:36:55.109+0000] {dag.py:3096} INFO - Sync 1 DAGs
[2024-06-27T21:36:55.130+0000] {logging_mixin.py:188} INFO - [2024-06-27T21:36:55.129+0000] {dag.py:3954} INFO - Setting next_dagrun for example_setup_teardown to 2024-06-26 00:00:00+00:00, run_after=2024-06-27 00:00:00+00:00
[2024-06-27T21:36:55.152+0000] {processor.py:183} INFO - Processing /home/ubuntu/venv/lib/python3.12/site-packages/airflow/example_dags/example_setup_teardown.py took 0.077 seconds
[2024-06-27T21:37:38.277+0000] {processor.py:161} INFO - Started process (PID=4413) to work on /home/ubuntu/venv/lib/python3.12/site-packages/airflow/example_dags/example_setup_teardown.py
[2024-06-27T21:37:38.279+0000] {processor.py:830} INFO - Processing file /home/ubuntu/venv/lib/python3.12/site-packages/airflow/example_dags/example_setup_teardown.py for tasks to queue
[2024-06-27T21:37:38.280+0000] {logging_mixin.py:188} INFO - [2024-06-27T21:37:38.279+0000] {dagbag.py:545} INFO - Filling up the DagBag from /home/ubuntu/venv/lib/python3.12/site-packages/airflow/example_dags/example_setup_teardown.py
[2024-06-27T21:37:38.288+0000] {processor.py:840} INFO - DAG(s) 'example_setup_teardown' retrieved from /home/ubuntu/venv/lib/python3.12/site-packages/airflow/example_dags/example_setup_teardown.py
[2024-06-27T21:37:38.305+0000] {logging_mixin.py:188} INFO - [2024-06-27T21:37:38.305+0000] {dag.py:3096} INFO - Sync 1 DAGs
[2024-06-27T21:37:38.325+0000] {logging_mixin.py:188} INFO - [2024-06-27T21:37:38.325+0000] {dag.py:3954} INFO - Setting next_dagrun for example_setup_teardown to 2024-06-26 00:00:00+00:00, run_after=2024-06-27 00:00:00+00:00
[2024-06-27T21:37:38.347+0000] {processor.py:183} INFO - Processing /home/ubuntu/venv/lib/python3.12/site-packages/airflow/example_dags/example_setup_teardown.py took 0.076 seconds
[2024-06-27T21:38:30.580+0000] {processor.py:161} INFO - Started process (PID=4469) to work on /home/ubuntu/venv/lib/python3.12/site-packages/airflow/example_dags/example_setup_teardown.py
[2024-06-27T21:38:30.581+0000] {processor.py:830} INFO - Processing file /home/ubuntu/venv/lib/python3.12/site-packages/airflow/example_dags/example_setup_teardown.py for tasks to queue
[2024-06-27T21:38:30.582+0000] {logging_mixin.py:188} INFO - [2024-06-27T21:38:30.582+0000] {dagbag.py:545} INFO - Filling up the DagBag from /home/ubuntu/venv/lib/python3.12/site-packages/airflow/example_dags/example_setup_teardown.py
[2024-06-27T21:38:30.590+0000] {processor.py:840} INFO - DAG(s) 'example_setup_teardown' retrieved from /home/ubuntu/venv/lib/python3.12/site-packages/airflow/example_dags/example_setup_teardown.py
[2024-06-27T21:38:30.608+0000] {logging_mixin.py:188} INFO - [2024-06-27T21:38:30.607+0000] {dag.py:3096} INFO - Sync 1 DAGs
[2024-06-27T21:38:30.628+0000] {logging_mixin.py:188} INFO - [2024-06-27T21:38:30.627+0000] {dag.py:3954} INFO - Setting next_dagrun for example_setup_teardown to 2024-06-26 00:00:00+00:00, run_after=2024-06-27 00:00:00+00:00
[2024-06-27T21:38:30.650+0000] {processor.py:183} INFO - Processing /home/ubuntu/venv/lib/python3.12/site-packages/airflow/example_dags/example_setup_teardown.py took 0.077 seconds
[2024-06-27T21:39:16.992+0000] {processor.py:161} INFO - Started process (PID=4517) to work on /home/ubuntu/venv/lib/python3.12/site-packages/airflow/example_dags/example_setup_teardown.py
[2024-06-27T21:39:16.994+0000] {processor.py:830} INFO - Processing file /home/ubuntu/venv/lib/python3.12/site-packages/airflow/example_dags/example_setup_teardown.py for tasks to queue
[2024-06-27T21:39:16.995+0000] {logging_mixin.py:188} INFO - [2024-06-27T21:39:16.994+0000] {dagbag.py:545} INFO - Filling up the DagBag from /home/ubuntu/venv/lib/python3.12/site-packages/airflow/example_dags/example_setup_teardown.py
[2024-06-27T21:39:17.003+0000] {processor.py:840} INFO - DAG(s) 'example_setup_teardown' retrieved from /home/ubuntu/venv/lib/python3.12/site-packages/airflow/example_dags/example_setup_teardown.py
[2024-06-27T21:39:17.020+0000] {logging_mixin.py:188} INFO - [2024-06-27T21:39:17.020+0000] {dag.py:3096} INFO - Sync 1 DAGs
[2024-06-27T21:39:17.040+0000] {logging_mixin.py:188} INFO - [2024-06-27T21:39:17.040+0000] {dag.py:3954} INFO - Setting next_dagrun for example_setup_teardown to 2024-06-26 00:00:00+00:00, run_after=2024-06-27 00:00:00+00:00
[2024-06-27T21:39:17.063+0000] {processor.py:183} INFO - Processing /home/ubuntu/venv/lib/python3.12/site-packages/airflow/example_dags/example_setup_teardown.py took 0.076 seconds
[2024-06-27T21:40:18.025+0000] {processor.py:161} INFO - Started process (PID=4584) to work on /home/ubuntu/venv/lib/python3.12/site-packages/airflow/example_dags/example_setup_teardown.py
[2024-06-27T21:40:18.026+0000] {processor.py:830} INFO - Processing file /home/ubuntu/venv/lib/python3.12/site-packages/airflow/example_dags/example_setup_teardown.py for tasks to queue
[2024-06-27T21:40:18.027+0000] {logging_mixin.py:188} INFO - [2024-06-27T21:40:18.027+0000] {dagbag.py:545} INFO - Filling up the DagBag from /home/ubuntu/venv/lib/python3.12/site-packages/airflow/example_dags/example_setup_teardown.py
[2024-06-27T21:40:18.035+0000] {processor.py:840} INFO - DAG(s) 'example_setup_teardown' retrieved from /home/ubuntu/venv/lib/python3.12/site-packages/airflow/example_dags/example_setup_teardown.py
[2024-06-27T21:40:18.052+0000] {logging_mixin.py:188} INFO - [2024-06-27T21:40:18.052+0000] {dag.py:3096} INFO - Sync 1 DAGs
[2024-06-27T21:40:18.072+0000] {logging_mixin.py:188} INFO - [2024-06-27T21:40:18.072+0000] {dag.py:3954} INFO - Setting next_dagrun for example_setup_teardown to 2024-06-26 00:00:00+00:00, run_after=2024-06-27 00:00:00+00:00
[2024-06-27T21:40:18.095+0000] {processor.py:183} INFO - Processing /home/ubuntu/venv/lib/python3.12/site-packages/airflow/example_dags/example_setup_teardown.py took 0.076 seconds
[2024-06-27T21:41:01.918+0000] {processor.py:161} INFO - Started process (PID=4628) to work on /home/ubuntu/venv/lib/python3.12/site-packages/airflow/example_dags/example_setup_teardown.py
[2024-06-27T21:41:01.920+0000] {processor.py:830} INFO - Processing file /home/ubuntu/venv/lib/python3.12/site-packages/airflow/example_dags/example_setup_teardown.py for tasks to queue
[2024-06-27T21:41:01.921+0000] {logging_mixin.py:188} INFO - [2024-06-27T21:41:01.920+0000] {dagbag.py:545} INFO - Filling up the DagBag from /home/ubuntu/venv/lib/python3.12/site-packages/airflow/example_dags/example_setup_teardown.py
[2024-06-27T21:41:01.929+0000] {processor.py:840} INFO - DAG(s) 'example_setup_teardown' retrieved from /home/ubuntu/venv/lib/python3.12/site-packages/airflow/example_dags/example_setup_teardown.py
[2024-06-27T21:41:01.946+0000] {logging_mixin.py:188} INFO - [2024-06-27T21:41:01.946+0000] {dag.py:3096} INFO - Sync 1 DAGs
[2024-06-27T21:41:01.966+0000] {logging_mixin.py:188} INFO - [2024-06-27T21:41:01.966+0000] {dag.py:3954} INFO - Setting next_dagrun for example_setup_teardown to 2024-06-26 00:00:00+00:00, run_after=2024-06-27 00:00:00+00:00
[2024-06-27T21:41:01.989+0000] {processor.py:183} INFO - Processing /home/ubuntu/venv/lib/python3.12/site-packages/airflow/example_dags/example_setup_teardown.py took 0.077 seconds
[2024-06-27T21:41:46.523+0000] {processor.py:161} INFO - Started process (PID=4675) to work on /home/ubuntu/venv/lib/python3.12/site-packages/airflow/example_dags/example_setup_teardown.py
[2024-06-27T21:41:46.525+0000] {processor.py:830} INFO - Processing file /home/ubuntu/venv/lib/python3.12/site-packages/airflow/example_dags/example_setup_teardown.py for tasks to queue
[2024-06-27T21:41:46.526+0000] {logging_mixin.py:188} INFO - [2024-06-27T21:41:46.525+0000] {dagbag.py:545} INFO - Filling up the DagBag from /home/ubuntu/venv/lib/python3.12/site-packages/airflow/example_dags/example_setup_teardown.py
[2024-06-27T21:41:46.534+0000] {processor.py:840} INFO - DAG(s) 'example_setup_teardown' retrieved from /home/ubuntu/venv/lib/python3.12/site-packages/airflow/example_dags/example_setup_teardown.py
[2024-06-27T21:41:46.550+0000] {logging_mixin.py:188} INFO - [2024-06-27T21:41:46.550+0000] {dag.py:3096} INFO - Sync 1 DAGs
[2024-06-27T21:41:46.570+0000] {logging_mixin.py:188} INFO - [2024-06-27T21:41:46.570+0000] {dag.py:3954} INFO - Setting next_dagrun for example_setup_teardown to 2024-06-26 00:00:00+00:00, run_after=2024-06-27 00:00:00+00:00
[2024-06-27T21:41:46.700+0000] {processor.py:183} INFO - Processing /home/ubuntu/venv/lib/python3.12/site-packages/airflow/example_dags/example_setup_teardown.py took 0.182 seconds
[2024-06-27T21:42:30.173+0000] {processor.py:161} INFO - Started process (PID=4720) to work on /home/ubuntu/venv/lib/python3.12/site-packages/airflow/example_dags/example_setup_teardown.py
[2024-06-27T21:42:30.174+0000] {processor.py:830} INFO - Processing file /home/ubuntu/venv/lib/python3.12/site-packages/airflow/example_dags/example_setup_teardown.py for tasks to queue
[2024-06-27T21:42:30.175+0000] {logging_mixin.py:188} INFO - [2024-06-27T21:42:30.175+0000] {dagbag.py:545} INFO - Filling up the DagBag from /home/ubuntu/venv/lib/python3.12/site-packages/airflow/example_dags/example_setup_teardown.py
[2024-06-27T21:42:30.183+0000] {processor.py:840} INFO - DAG(s) 'example_setup_teardown' retrieved from /home/ubuntu/venv/lib/python3.12/site-packages/airflow/example_dags/example_setup_teardown.py
[2024-06-27T21:42:30.200+0000] {logging_mixin.py:188} INFO - [2024-06-27T21:42:30.200+0000] {dag.py:3096} INFO - Sync 1 DAGs
[2024-06-27T21:42:30.220+0000] {logging_mixin.py:188} INFO - [2024-06-27T21:42:30.220+0000] {dag.py:3954} INFO - Setting next_dagrun for example_setup_teardown to 2024-06-26 00:00:00+00:00, run_after=2024-06-27 00:00:00+00:00
[2024-06-27T21:42:30.243+0000] {processor.py:183} INFO - Processing /home/ubuntu/venv/lib/python3.12/site-packages/airflow/example_dags/example_setup_teardown.py took 0.076 seconds
[2024-06-27T21:43:14.472+0000] {processor.py:161} INFO - Started process (PID=4763) to work on /home/ubuntu/venv/lib/python3.12/site-packages/airflow/example_dags/example_setup_teardown.py
[2024-06-27T21:43:14.473+0000] {processor.py:830} INFO - Processing file /home/ubuntu/venv/lib/python3.12/site-packages/airflow/example_dags/example_setup_teardown.py for tasks to queue
[2024-06-27T21:43:14.474+0000] {logging_mixin.py:188} INFO - [2024-06-27T21:43:14.474+0000] {dagbag.py:545} INFO - Filling up the DagBag from /home/ubuntu/venv/lib/python3.12/site-packages/airflow/example_dags/example_setup_teardown.py
[2024-06-27T21:43:14.483+0000] {processor.py:840} INFO - DAG(s) 'example_setup_teardown' retrieved from /home/ubuntu/venv/lib/python3.12/site-packages/airflow/example_dags/example_setup_teardown.py
[2024-06-27T21:43:14.500+0000] {logging_mixin.py:188} INFO - [2024-06-27T21:43:14.500+0000] {dag.py:3096} INFO - Sync 1 DAGs
[2024-06-27T21:43:14.522+0000] {logging_mixin.py:188} INFO - [2024-06-27T21:43:14.521+0000] {dag.py:3954} INFO - Setting next_dagrun for example_setup_teardown to 2024-06-26 00:00:00+00:00, run_after=2024-06-27 00:00:00+00:00
[2024-06-27T21:43:14.665+0000] {processor.py:183} INFO - Processing /home/ubuntu/venv/lib/python3.12/site-packages/airflow/example_dags/example_setup_teardown.py took 0.199 seconds
[2024-06-27T21:44:00.465+0000] {processor.py:161} INFO - Started process (PID=4810) to work on /home/ubuntu/venv/lib/python3.12/site-packages/airflow/example_dags/example_setup_teardown.py
[2024-06-27T21:44:00.466+0000] {processor.py:830} INFO - Processing file /home/ubuntu/venv/lib/python3.12/site-packages/airflow/example_dags/example_setup_teardown.py for tasks to queue
[2024-06-27T21:44:00.467+0000] {logging_mixin.py:188} INFO - [2024-06-27T21:44:00.467+0000] {dagbag.py:545} INFO - Filling up the DagBag from /home/ubuntu/venv/lib/python3.12/site-packages/airflow/example_dags/example_setup_teardown.py
[2024-06-27T21:44:00.476+0000] {processor.py:840} INFO - DAG(s) 'example_setup_teardown' retrieved from /home/ubuntu/venv/lib/python3.12/site-packages/airflow/example_dags/example_setup_teardown.py
[2024-06-27T21:44:00.493+0000] {logging_mixin.py:188} INFO - [2024-06-27T21:44:00.493+0000] {dag.py:3096} INFO - Sync 1 DAGs
[2024-06-27T21:44:00.515+0000] {logging_mixin.py:188} INFO - [2024-06-27T21:44:00.514+0000] {dag.py:3954} INFO - Setting next_dagrun for example_setup_teardown to 2024-06-26 00:00:00+00:00, run_after=2024-06-27 00:00:00+00:00
[2024-06-27T21:44:00.538+0000] {processor.py:183} INFO - Processing /home/ubuntu/venv/lib/python3.12/site-packages/airflow/example_dags/example_setup_teardown.py took 0.079 seconds
[2024-06-27T21:45:03.882+0000] {processor.py:161} INFO - Started process (PID=4922) to work on /home/ubuntu/venv/lib/python3.12/site-packages/airflow/example_dags/example_setup_teardown.py
[2024-06-27T21:45:03.883+0000] {processor.py:830} INFO - Processing file /home/ubuntu/venv/lib/python3.12/site-packages/airflow/example_dags/example_setup_teardown.py for tasks to queue
[2024-06-27T21:45:03.884+0000] {logging_mixin.py:188} INFO - [2024-06-27T21:45:03.884+0000] {dagbag.py:545} INFO - Filling up the DagBag from /home/ubuntu/venv/lib/python3.12/site-packages/airflow/example_dags/example_setup_teardown.py
[2024-06-27T21:45:03.893+0000] {processor.py:840} INFO - DAG(s) 'example_setup_teardown' retrieved from /home/ubuntu/venv/lib/python3.12/site-packages/airflow/example_dags/example_setup_teardown.py
[2024-06-27T21:45:03.910+0000] {logging_mixin.py:188} INFO - [2024-06-27T21:45:03.910+0000] {dag.py:3096} INFO - Sync 1 DAGs
[2024-06-27T21:45:03.931+0000] {logging_mixin.py:188} INFO - [2024-06-27T21:45:03.931+0000] {dag.py:3954} INFO - Setting next_dagrun for example_setup_teardown to 2024-06-26 00:00:00+00:00, run_after=2024-06-27 00:00:00+00:00
[2024-06-27T21:45:03.955+0000] {processor.py:183} INFO - Processing /home/ubuntu/venv/lib/python3.12/site-packages/airflow/example_dags/example_setup_teardown.py took 0.079 seconds
[2024-06-27T21:45:50.498+0000] {processor.py:161} INFO - Started process (PID=4970) to work on /home/ubuntu/venv/lib/python3.12/site-packages/airflow/example_dags/example_setup_teardown.py
[2024-06-27T21:45:50.500+0000] {processor.py:830} INFO - Processing file /home/ubuntu/venv/lib/python3.12/site-packages/airflow/example_dags/example_setup_teardown.py for tasks to queue
[2024-06-27T21:45:50.501+0000] {logging_mixin.py:188} INFO - [2024-06-27T21:45:50.500+0000] {dagbag.py:545} INFO - Filling up the DagBag from /home/ubuntu/venv/lib/python3.12/site-packages/airflow/example_dags/example_setup_teardown.py
[2024-06-27T21:45:50.509+0000] {processor.py:840} INFO - DAG(s) 'example_setup_teardown' retrieved from /home/ubuntu/venv/lib/python3.12/site-packages/airflow/example_dags/example_setup_teardown.py
[2024-06-27T21:45:50.526+0000] {logging_mixin.py:188} INFO - [2024-06-27T21:45:50.526+0000] {dag.py:3096} INFO - Sync 1 DAGs
[2024-06-27T21:45:50.655+0000] {logging_mixin.py:188} INFO - [2024-06-27T21:45:50.655+0000] {dag.py:3954} INFO - Setting next_dagrun for example_setup_teardown to 2024-06-26 00:00:00+00:00, run_after=2024-06-27 00:00:00+00:00
[2024-06-27T21:45:50.676+0000] {processor.py:183} INFO - Processing /home/ubuntu/venv/lib/python3.12/site-packages/airflow/example_dags/example_setup_teardown.py took 0.183 seconds
[2024-06-27T21:46:41.884+0000] {processor.py:161} INFO - Started process (PID=5017) to work on /home/ubuntu/venv/lib/python3.12/site-packages/airflow/example_dags/example_setup_teardown.py
[2024-06-27T21:46:41.885+0000] {processor.py:830} INFO - Processing file /home/ubuntu/venv/lib/python3.12/site-packages/airflow/example_dags/example_setup_teardown.py for tasks to queue
[2024-06-27T21:46:41.886+0000] {logging_mixin.py:188} INFO - [2024-06-27T21:46:41.886+0000] {dagbag.py:545} INFO - Filling up the DagBag from /home/ubuntu/venv/lib/python3.12/site-packages/airflow/example_dags/example_setup_teardown.py
[2024-06-27T21:46:41.894+0000] {processor.py:840} INFO - DAG(s) 'example_setup_teardown' retrieved from /home/ubuntu/venv/lib/python3.12/site-packages/airflow/example_dags/example_setup_teardown.py
[2024-06-27T21:46:41.911+0000] {logging_mixin.py:188} INFO - [2024-06-27T21:46:41.911+0000] {dag.py:3096} INFO - Sync 1 DAGs
[2024-06-27T21:46:41.932+0000] {logging_mixin.py:188} INFO - [2024-06-27T21:46:41.932+0000] {dag.py:3954} INFO - Setting next_dagrun for example_setup_teardown to 2024-06-26 00:00:00+00:00, run_after=2024-06-27 00:00:00+00:00
[2024-06-27T21:46:41.955+0000] {processor.py:183} INFO - Processing /home/ubuntu/venv/lib/python3.12/site-packages/airflow/example_dags/example_setup_teardown.py took 0.077 seconds
[2024-06-27T21:47:30.470+0000] {processor.py:161} INFO - Started process (PID=5065) to work on /home/ubuntu/venv/lib/python3.12/site-packages/airflow/example_dags/example_setup_teardown.py
[2024-06-27T21:47:30.472+0000] {processor.py:830} INFO - Processing file /home/ubuntu/venv/lib/python3.12/site-packages/airflow/example_dags/example_setup_teardown.py for tasks to queue
[2024-06-27T21:47:30.473+0000] {logging_mixin.py:188} INFO - [2024-06-27T21:47:30.472+0000] {dagbag.py:545} INFO - Filling up the DagBag from /home/ubuntu/venv/lib/python3.12/site-packages/airflow/example_dags/example_setup_teardown.py
[2024-06-27T21:47:30.481+0000] {processor.py:840} INFO - DAG(s) 'example_setup_teardown' retrieved from /home/ubuntu/venv/lib/python3.12/site-packages/airflow/example_dags/example_setup_teardown.py
[2024-06-27T21:47:30.498+0000] {logging_mixin.py:188} INFO - [2024-06-27T21:47:30.498+0000] {dag.py:3096} INFO - Sync 1 DAGs
[2024-06-27T21:47:30.519+0000] {logging_mixin.py:188} INFO - [2024-06-27T21:47:30.519+0000] {dag.py:3954} INFO - Setting next_dagrun for example_setup_teardown to 2024-06-26 00:00:00+00:00, run_after=2024-06-27 00:00:00+00:00
[2024-06-27T21:47:30.542+0000] {processor.py:183} INFO - Processing /home/ubuntu/venv/lib/python3.12/site-packages/airflow/example_dags/example_setup_teardown.py took 0.077 seconds
[2024-06-27T21:48:17.051+0000] {processor.py:161} INFO - Started process (PID=5238) to work on /home/ubuntu/venv/lib/python3.12/site-packages/airflow/example_dags/example_setup_teardown.py
[2024-06-27T21:48:17.052+0000] {processor.py:830} INFO - Processing file /home/ubuntu/venv/lib/python3.12/site-packages/airflow/example_dags/example_setup_teardown.py for tasks to queue
[2024-06-27T21:48:17.053+0000] {logging_mixin.py:188} INFO - [2024-06-27T21:48:17.053+0000] {dagbag.py:545} INFO - Filling up the DagBag from /home/ubuntu/venv/lib/python3.12/site-packages/airflow/example_dags/example_setup_teardown.py
[2024-06-27T21:48:17.062+0000] {processor.py:840} INFO - DAG(s) 'example_setup_teardown' retrieved from /home/ubuntu/venv/lib/python3.12/site-packages/airflow/example_dags/example_setup_teardown.py
[2024-06-27T21:48:17.080+0000] {logging_mixin.py:188} INFO - [2024-06-27T21:48:17.080+0000] {dag.py:3096} INFO - Sync 1 DAGs
[2024-06-27T21:48:17.103+0000] {logging_mixin.py:188} INFO - [2024-06-27T21:48:17.103+0000] {dag.py:3954} INFO - Setting next_dagrun for example_setup_teardown to 2024-06-26 00:00:00+00:00, run_after=2024-06-27 00:00:00+00:00
[2024-06-27T21:48:17.127+0000] {processor.py:183} INFO - Processing /home/ubuntu/venv/lib/python3.12/site-packages/airflow/example_dags/example_setup_teardown.py took 0.085 seconds
[2024-06-27T21:49:00.797+0000] {processor.py:161} INFO - Started process (PID=5285) to work on /home/ubuntu/venv/lib/python3.12/site-packages/airflow/example_dags/example_setup_teardown.py
[2024-06-27T21:49:00.798+0000] {processor.py:830} INFO - Processing file /home/ubuntu/venv/lib/python3.12/site-packages/airflow/example_dags/example_setup_teardown.py for tasks to queue
[2024-06-27T21:49:00.799+0000] {logging_mixin.py:188} INFO - [2024-06-27T21:49:00.799+0000] {dagbag.py:545} INFO - Filling up the DagBag from /home/ubuntu/venv/lib/python3.12/site-packages/airflow/example_dags/example_setup_teardown.py
[2024-06-27T21:49:00.806+0000] {processor.py:840} INFO - DAG(s) 'example_setup_teardown' retrieved from /home/ubuntu/venv/lib/python3.12/site-packages/airflow/example_dags/example_setup_teardown.py
[2024-06-27T21:49:00.823+0000] {logging_mixin.py:188} INFO - [2024-06-27T21:49:00.823+0000] {dag.py:3096} INFO - Sync 1 DAGs
[2024-06-27T21:49:00.843+0000] {logging_mixin.py:188} INFO - [2024-06-27T21:49:00.843+0000] {dag.py:3954} INFO - Setting next_dagrun for example_setup_teardown to 2024-06-26 00:00:00+00:00, run_after=2024-06-27 00:00:00+00:00
[2024-06-27T21:49:00.865+0000] {processor.py:183} INFO - Processing /home/ubuntu/venv/lib/python3.12/site-packages/airflow/example_dags/example_setup_teardown.py took 0.076 seconds
[2024-06-27T21:50:00.785+0000] {processor.py:161} INFO - Started process (PID=5347) to work on /home/ubuntu/venv/lib/python3.12/site-packages/airflow/example_dags/example_setup_teardown.py
[2024-06-27T21:50:00.786+0000] {processor.py:830} INFO - Processing file /home/ubuntu/venv/lib/python3.12/site-packages/airflow/example_dags/example_setup_teardown.py for tasks to queue
[2024-06-27T21:50:00.787+0000] {logging_mixin.py:188} INFO - [2024-06-27T21:50:00.787+0000] {dagbag.py:545} INFO - Filling up the DagBag from /home/ubuntu/venv/lib/python3.12/site-packages/airflow/example_dags/example_setup_teardown.py
[2024-06-27T21:50:00.795+0000] {processor.py:840} INFO - DAG(s) 'example_setup_teardown' retrieved from /home/ubuntu/venv/lib/python3.12/site-packages/airflow/example_dags/example_setup_teardown.py
[2024-06-27T21:50:00.812+0000] {logging_mixin.py:188} INFO - [2024-06-27T21:50:00.812+0000] {dag.py:3096} INFO - Sync 1 DAGs
[2024-06-27T21:50:00.833+0000] {logging_mixin.py:188} INFO - [2024-06-27T21:50:00.832+0000] {dag.py:3954} INFO - Setting next_dagrun for example_setup_teardown to 2024-06-26 00:00:00+00:00, run_after=2024-06-27 00:00:00+00:00
[2024-06-27T21:50:00.855+0000] {processor.py:183} INFO - Processing /home/ubuntu/venv/lib/python3.12/site-packages/airflow/example_dags/example_setup_teardown.py took 0.078 seconds
