[2024-06-27T21:20:03.627+0000] {processor.py:161} INFO - Started process (PID=2963) to work on /home/ubuntu/venv/lib/python3.12/site-packages/airflow/example_dags/example_params_trigger_ui.py
[2024-06-27T21:20:03.628+0000] {processor.py:830} INFO - Processing file /home/ubuntu/venv/lib/python3.12/site-packages/airflow/example_dags/example_params_trigger_ui.py for tasks to queue
[2024-06-27T21:20:03.630+0000] {logging_mixin.py:188} INFO - [2024-06-27T21:20:03.629+0000] {dagbag.py:545} INFO - Filling up the DagBag from /home/ubuntu/venv/lib/python3.12/site-packages/airflow/example_dags/example_params_trigger_ui.py
[2024-06-27T21:20:03.646+0000] {processor.py:840} INFO - DAG(s) 'example_params_trigger_ui' retrieved from /home/ubuntu/venv/lib/python3.12/site-packages/airflow/example_dags/example_params_trigger_ui.py
[2024-06-27T21:20:03.796+0000] {logging_mixin.py:188} INFO - [2024-06-27T21:20:03.795+0000] {override.py:1847} INFO - Created Permission View: can read on DAG:example_params_trigger_ui
[2024-06-27T21:20:03.809+0000] {logging_mixin.py:188} INFO - [2024-06-27T21:20:03.809+0000] {override.py:1847} INFO - Created Permission View: can delete on DAG:example_params_trigger_ui
[2024-06-27T21:20:03.819+0000] {logging_mixin.py:188} INFO - [2024-06-27T21:20:03.819+0000] {override.py:1847} INFO - Created Permission View: can edit on DAG:example_params_trigger_ui
[2024-06-27T21:20:03.819+0000] {logging_mixin.py:188} INFO - [2024-06-27T21:20:03.819+0000] {dag.py:3096} INFO - Sync 1 DAGs
[2024-06-27T21:20:03.830+0000] {logging_mixin.py:188} INFO - [2024-06-27T21:20:03.830+0000] {dag.py:3118} INFO - Creating ORM DAG for example_params_trigger_ui
[2024-06-27T21:20:03.831+0000] {logging_mixin.py:188} INFO - [2024-06-27T21:20:03.831+0000] {dag.py:3954} INFO - Setting next_dagrun for example_params_trigger_ui to None, run_after=None
[2024-06-27T21:20:03.853+0000] {processor.py:183} INFO - Processing /home/ubuntu/venv/lib/python3.12/site-packages/airflow/example_dags/example_params_trigger_ui.py took 0.232 seconds
[2024-06-27T21:20:56.667+0000] {processor.py:161} INFO - Started process (PID=3302) to work on /home/ubuntu/venv/lib/python3.12/site-packages/airflow/example_dags/example_params_trigger_ui.py
[2024-06-27T21:20:56.669+0000] {processor.py:830} INFO - Processing file /home/ubuntu/venv/lib/python3.12/site-packages/airflow/example_dags/example_params_trigger_ui.py for tasks to queue
[2024-06-27T21:20:56.671+0000] {logging_mixin.py:188} INFO - [2024-06-27T21:20:56.670+0000] {dagbag.py:545} INFO - Filling up the DagBag from /home/ubuntu/venv/lib/python3.12/site-packages/airflow/example_dags/example_params_trigger_ui.py
[2024-06-27T21:20:56.687+0000] {processor.py:840} INFO - DAG(s) 'example_params_trigger_ui' retrieved from /home/ubuntu/venv/lib/python3.12/site-packages/airflow/example_dags/example_params_trigger_ui.py
[2024-06-27T21:20:56.732+0000] {logging_mixin.py:188} INFO - [2024-06-27T21:20:56.732+0000] {dag.py:3096} INFO - Sync 1 DAGs
[2024-06-27T21:20:56.745+0000] {logging_mixin.py:188} INFO - [2024-06-27T21:20:56.745+0000] {dag.py:3954} INFO - Setting next_dagrun for example_params_trigger_ui to None, run_after=None
[2024-06-27T21:20:56.769+0000] {processor.py:183} INFO - Processing /home/ubuntu/venv/lib/python3.12/site-packages/airflow/example_dags/example_params_trigger_ui.py took 0.108 seconds
[2024-06-27T21:21:46.576+0000] {processor.py:161} INFO - Started process (PID=3355) to work on /home/ubuntu/venv/lib/python3.12/site-packages/airflow/example_dags/example_params_trigger_ui.py
[2024-06-27T21:21:46.578+0000] {processor.py:830} INFO - Processing file /home/ubuntu/venv/lib/python3.12/site-packages/airflow/example_dags/example_params_trigger_ui.py for tasks to queue
[2024-06-27T21:21:46.580+0000] {logging_mixin.py:188} INFO - [2024-06-27T21:21:46.579+0000] {dagbag.py:545} INFO - Filling up the DagBag from /home/ubuntu/venv/lib/python3.12/site-packages/airflow/example_dags/example_params_trigger_ui.py
[2024-06-27T21:21:46.595+0000] {processor.py:840} INFO - DAG(s) 'example_params_trigger_ui' retrieved from /home/ubuntu/venv/lib/python3.12/site-packages/airflow/example_dags/example_params_trigger_ui.py
[2024-06-27T21:21:46.638+0000] {logging_mixin.py:188} INFO - [2024-06-27T21:21:46.638+0000] {dag.py:3096} INFO - Sync 1 DAGs
[2024-06-27T21:21:46.651+0000] {logging_mixin.py:188} INFO - [2024-06-27T21:21:46.651+0000] {dag.py:3954} INFO - Setting next_dagrun for example_params_trigger_ui to None, run_after=None
[2024-06-27T21:21:46.675+0000] {processor.py:183} INFO - Processing /home/ubuntu/venv/lib/python3.12/site-packages/airflow/example_dags/example_params_trigger_ui.py took 0.104 seconds
[2024-06-27T21:22:46.074+0000] {processor.py:161} INFO - Started process (PID=3431) to work on /home/ubuntu/venv/lib/python3.12/site-packages/airflow/example_dags/example_params_trigger_ui.py
[2024-06-27T21:22:46.076+0000] {processor.py:830} INFO - Processing file /home/ubuntu/venv/lib/python3.12/site-packages/airflow/example_dags/example_params_trigger_ui.py for tasks to queue
[2024-06-27T21:22:46.078+0000] {logging_mixin.py:188} INFO - [2024-06-27T21:22:46.077+0000] {dagbag.py:545} INFO - Filling up the DagBag from /home/ubuntu/venv/lib/python3.12/site-packages/airflow/example_dags/example_params_trigger_ui.py
[2024-06-27T21:22:46.093+0000] {processor.py:840} INFO - DAG(s) 'example_params_trigger_ui' retrieved from /home/ubuntu/venv/lib/python3.12/site-packages/airflow/example_dags/example_params_trigger_ui.py
[2024-06-27T21:22:46.135+0000] {logging_mixin.py:188} INFO - [2024-06-27T21:22:46.135+0000] {dag.py:3096} INFO - Sync 1 DAGs
[2024-06-27T21:22:46.147+0000] {logging_mixin.py:188} INFO - [2024-06-27T21:22:46.147+0000] {dag.py:3954} INFO - Setting next_dagrun for example_params_trigger_ui to None, run_after=None
[2024-06-27T21:22:46.171+0000] {processor.py:183} INFO - Processing /home/ubuntu/venv/lib/python3.12/site-packages/airflow/example_dags/example_params_trigger_ui.py took 0.103 seconds
[2024-06-27T21:23:44.014+0000] {processor.py:161} INFO - Started process (PID=3495) to work on /home/ubuntu/venv/lib/python3.12/site-packages/airflow/example_dags/example_params_trigger_ui.py
[2024-06-27T21:23:44.015+0000] {processor.py:830} INFO - Processing file /home/ubuntu/venv/lib/python3.12/site-packages/airflow/example_dags/example_params_trigger_ui.py for tasks to queue
[2024-06-27T21:23:44.017+0000] {logging_mixin.py:188} INFO - [2024-06-27T21:23:44.016+0000] {dagbag.py:545} INFO - Filling up the DagBag from /home/ubuntu/venv/lib/python3.12/site-packages/airflow/example_dags/example_params_trigger_ui.py
[2024-06-27T21:23:44.032+0000] {processor.py:840} INFO - DAG(s) 'example_params_trigger_ui' retrieved from /home/ubuntu/venv/lib/python3.12/site-packages/airflow/example_dags/example_params_trigger_ui.py
[2024-06-27T21:23:44.075+0000] {logging_mixin.py:188} INFO - [2024-06-27T21:23:44.074+0000] {dag.py:3096} INFO - Sync 1 DAGs
[2024-06-27T21:23:44.087+0000] {logging_mixin.py:188} INFO - [2024-06-27T21:23:44.087+0000] {dag.py:3954} INFO - Setting next_dagrun for example_params_trigger_ui to None, run_after=None
[2024-06-27T21:23:44.113+0000] {processor.py:183} INFO - Processing /home/ubuntu/venv/lib/python3.12/site-packages/airflow/example_dags/example_params_trigger_ui.py took 0.105 seconds
[2024-06-27T21:24:43.448+0000] {processor.py:161} INFO - Started process (PID=3558) to work on /home/ubuntu/venv/lib/python3.12/site-packages/airflow/example_dags/example_params_trigger_ui.py
[2024-06-27T21:24:43.450+0000] {processor.py:830} INFO - Processing file /home/ubuntu/venv/lib/python3.12/site-packages/airflow/example_dags/example_params_trigger_ui.py for tasks to queue
[2024-06-27T21:24:43.451+0000] {logging_mixin.py:188} INFO - [2024-06-27T21:24:43.450+0000] {dagbag.py:545} INFO - Filling up the DagBag from /home/ubuntu/venv/lib/python3.12/site-packages/airflow/example_dags/example_params_trigger_ui.py
[2024-06-27T21:24:43.467+0000] {processor.py:840} INFO - DAG(s) 'example_params_trigger_ui' retrieved from /home/ubuntu/venv/lib/python3.12/site-packages/airflow/example_dags/example_params_trigger_ui.py
[2024-06-27T21:24:43.510+0000] {logging_mixin.py:188} INFO - [2024-06-27T21:24:43.510+0000] {dag.py:3096} INFO - Sync 1 DAGs
[2024-06-27T21:24:43.523+0000] {logging_mixin.py:188} INFO - [2024-06-27T21:24:43.522+0000] {dag.py:3954} INFO - Setting next_dagrun for example_params_trigger_ui to None, run_after=None
[2024-06-27T21:24:43.546+0000] {processor.py:183} INFO - Processing /home/ubuntu/venv/lib/python3.12/site-packages/airflow/example_dags/example_params_trigger_ui.py took 0.103 seconds
[2024-06-27T21:25:47.603+0000] {processor.py:161} INFO - Started process (PID=3631) to work on /home/ubuntu/venv/lib/python3.12/site-packages/airflow/example_dags/example_params_trigger_ui.py
[2024-06-27T21:25:47.604+0000] {processor.py:830} INFO - Processing file /home/ubuntu/venv/lib/python3.12/site-packages/airflow/example_dags/example_params_trigger_ui.py for tasks to queue
[2024-06-27T21:25:47.605+0000] {logging_mixin.py:188} INFO - [2024-06-27T21:25:47.605+0000] {dagbag.py:545} INFO - Filling up the DagBag from /home/ubuntu/venv/lib/python3.12/site-packages/airflow/example_dags/example_params_trigger_ui.py
[2024-06-27T21:25:47.621+0000] {processor.py:840} INFO - DAG(s) 'example_params_trigger_ui' retrieved from /home/ubuntu/venv/lib/python3.12/site-packages/airflow/example_dags/example_params_trigger_ui.py
[2024-06-27T21:25:47.663+0000] {logging_mixin.py:188} INFO - [2024-06-27T21:25:47.663+0000] {dag.py:3096} INFO - Sync 1 DAGs
[2024-06-27T21:25:47.676+0000] {logging_mixin.py:188} INFO - [2024-06-27T21:25:47.675+0000] {dag.py:3954} INFO - Setting next_dagrun for example_params_trigger_ui to None, run_after=None
[2024-06-27T21:25:47.698+0000] {processor.py:183} INFO - Processing /home/ubuntu/venv/lib/python3.12/site-packages/airflow/example_dags/example_params_trigger_ui.py took 0.101 seconds
[2024-06-27T21:26:53.202+0000] {processor.py:161} INFO - Started process (PID=3698) to work on /home/ubuntu/venv/lib/python3.12/site-packages/airflow/example_dags/example_params_trigger_ui.py
[2024-06-27T21:26:53.203+0000] {processor.py:830} INFO - Processing file /home/ubuntu/venv/lib/python3.12/site-packages/airflow/example_dags/example_params_trigger_ui.py for tasks to queue
[2024-06-27T21:26:53.204+0000] {logging_mixin.py:188} INFO - [2024-06-27T21:26:53.204+0000] {dagbag.py:545} INFO - Filling up the DagBag from /home/ubuntu/venv/lib/python3.12/site-packages/airflow/example_dags/example_params_trigger_ui.py
[2024-06-27T21:26:53.220+0000] {processor.py:840} INFO - DAG(s) 'example_params_trigger_ui' retrieved from /home/ubuntu/venv/lib/python3.12/site-packages/airflow/example_dags/example_params_trigger_ui.py
[2024-06-27T21:26:53.263+0000] {logging_mixin.py:188} INFO - [2024-06-27T21:26:53.263+0000] {dag.py:3096} INFO - Sync 1 DAGs
[2024-06-27T21:26:53.275+0000] {logging_mixin.py:188} INFO - [2024-06-27T21:26:53.275+0000] {dag.py:3954} INFO - Setting next_dagrun for example_params_trigger_ui to None, run_after=None
[2024-06-27T21:26:53.298+0000] {processor.py:183} INFO - Processing /home/ubuntu/venv/lib/python3.12/site-packages/airflow/example_dags/example_params_trigger_ui.py took 0.102 seconds
[2024-06-27T21:27:54.833+0000] {processor.py:161} INFO - Started process (PID=3762) to work on /home/ubuntu/venv/lib/python3.12/site-packages/airflow/example_dags/example_params_trigger_ui.py
[2024-06-27T21:27:54.835+0000] {processor.py:830} INFO - Processing file /home/ubuntu/venv/lib/python3.12/site-packages/airflow/example_dags/example_params_trigger_ui.py for tasks to queue
[2024-06-27T21:27:54.836+0000] {logging_mixin.py:188} INFO - [2024-06-27T21:27:54.835+0000] {dagbag.py:545} INFO - Filling up the DagBag from /home/ubuntu/venv/lib/python3.12/site-packages/airflow/example_dags/example_params_trigger_ui.py
[2024-06-27T21:27:54.851+0000] {processor.py:840} INFO - DAG(s) 'example_params_trigger_ui' retrieved from /home/ubuntu/venv/lib/python3.12/site-packages/airflow/example_dags/example_params_trigger_ui.py
[2024-06-27T21:27:54.894+0000] {logging_mixin.py:188} INFO - [2024-06-27T21:27:54.894+0000] {dag.py:3096} INFO - Sync 1 DAGs
[2024-06-27T21:27:54.907+0000] {logging_mixin.py:188} INFO - [2024-06-27T21:27:54.907+0000] {dag.py:3954} INFO - Setting next_dagrun for example_params_trigger_ui to None, run_after=None
[2024-06-27T21:27:54.931+0000] {processor.py:183} INFO - Processing /home/ubuntu/venv/lib/python3.12/site-packages/airflow/example_dags/example_params_trigger_ui.py took 0.104 seconds
[2024-06-27T21:29:03.212+0000] {processor.py:161} INFO - Started process (PID=3853) to work on /home/ubuntu/venv/lib/python3.12/site-packages/airflow/example_dags/example_params_trigger_ui.py
[2024-06-27T21:29:03.214+0000] {processor.py:830} INFO - Processing file /home/ubuntu/venv/lib/python3.12/site-packages/airflow/example_dags/example_params_trigger_ui.py for tasks to queue
[2024-06-27T21:29:03.215+0000] {logging_mixin.py:188} INFO - [2024-06-27T21:29:03.214+0000] {dagbag.py:545} INFO - Filling up the DagBag from /home/ubuntu/venv/lib/python3.12/site-packages/airflow/example_dags/example_params_trigger_ui.py
[2024-06-27T21:29:03.231+0000] {processor.py:840} INFO - DAG(s) 'example_params_trigger_ui' retrieved from /home/ubuntu/venv/lib/python3.12/site-packages/airflow/example_dags/example_params_trigger_ui.py
[2024-06-27T21:29:03.273+0000] {logging_mixin.py:188} INFO - [2024-06-27T21:29:03.273+0000] {dag.py:3096} INFO - Sync 1 DAGs
[2024-06-27T21:29:03.286+0000] {logging_mixin.py:188} INFO - [2024-06-27T21:29:03.285+0000] {dag.py:3954} INFO - Setting next_dagrun for example_params_trigger_ui to None, run_after=None
[2024-06-27T21:29:03.308+0000] {processor.py:183} INFO - Processing /home/ubuntu/venv/lib/python3.12/site-packages/airflow/example_dags/example_params_trigger_ui.py took 0.102 seconds
[2024-06-27T21:29:52.549+0000] {processor.py:161} INFO - Started process (PID=3906) to work on /home/ubuntu/venv/lib/python3.12/site-packages/airflow/example_dags/example_params_trigger_ui.py
[2024-06-27T21:29:52.551+0000] {processor.py:830} INFO - Processing file /home/ubuntu/venv/lib/python3.12/site-packages/airflow/example_dags/example_params_trigger_ui.py for tasks to queue
[2024-06-27T21:29:52.552+0000] {logging_mixin.py:188} INFO - [2024-06-27T21:29:52.551+0000] {dagbag.py:545} INFO - Filling up the DagBag from /home/ubuntu/venv/lib/python3.12/site-packages/airflow/example_dags/example_params_trigger_ui.py
[2024-06-27T21:29:52.567+0000] {processor.py:840} INFO - DAG(s) 'example_params_trigger_ui' retrieved from /home/ubuntu/venv/lib/python3.12/site-packages/airflow/example_dags/example_params_trigger_ui.py
[2024-06-27T21:29:52.609+0000] {logging_mixin.py:188} INFO - [2024-06-27T21:29:52.609+0000] {dag.py:3096} INFO - Sync 1 DAGs
[2024-06-27T21:29:52.622+0000] {logging_mixin.py:188} INFO - [2024-06-27T21:29:52.621+0000] {dag.py:3954} INFO - Setting next_dagrun for example_params_trigger_ui to None, run_after=None
[2024-06-27T21:29:52.645+0000] {processor.py:183} INFO - Processing /home/ubuntu/venv/lib/python3.12/site-packages/airflow/example_dags/example_params_trigger_ui.py took 0.101 seconds
[2024-06-27T21:30:55.422+0000] {processor.py:161} INFO - Started process (PID=3982) to work on /home/ubuntu/venv/lib/python3.12/site-packages/airflow/example_dags/example_params_trigger_ui.py
[2024-06-27T21:30:55.424+0000] {processor.py:830} INFO - Processing file /home/ubuntu/venv/lib/python3.12/site-packages/airflow/example_dags/example_params_trigger_ui.py for tasks to queue
[2024-06-27T21:30:55.425+0000] {logging_mixin.py:188} INFO - [2024-06-27T21:30:55.424+0000] {dagbag.py:545} INFO - Filling up the DagBag from /home/ubuntu/venv/lib/python3.12/site-packages/airflow/example_dags/example_params_trigger_ui.py
[2024-06-27T21:30:55.440+0000] {processor.py:840} INFO - DAG(s) 'example_params_trigger_ui' retrieved from /home/ubuntu/venv/lib/python3.12/site-packages/airflow/example_dags/example_params_trigger_ui.py
[2024-06-27T21:30:55.483+0000] {logging_mixin.py:188} INFO - [2024-06-27T21:30:55.483+0000] {dag.py:3096} INFO - Sync 1 DAGs
[2024-06-27T21:30:55.495+0000] {logging_mixin.py:188} INFO - [2024-06-27T21:30:55.495+0000] {dag.py:3954} INFO - Setting next_dagrun for example_params_trigger_ui to None, run_after=None
[2024-06-27T21:30:55.519+0000] {processor.py:183} INFO - Processing /home/ubuntu/venv/lib/python3.12/site-packages/airflow/example_dags/example_params_trigger_ui.py took 0.103 seconds
[2024-06-27T21:32:01.631+0000] {processor.py:161} INFO - Started process (PID=4048) to work on /home/ubuntu/venv/lib/python3.12/site-packages/airflow/example_dags/example_params_trigger_ui.py
[2024-06-27T21:32:01.633+0000] {processor.py:830} INFO - Processing file /home/ubuntu/venv/lib/python3.12/site-packages/airflow/example_dags/example_params_trigger_ui.py for tasks to queue
[2024-06-27T21:32:01.634+0000] {logging_mixin.py:188} INFO - [2024-06-27T21:32:01.633+0000] {dagbag.py:545} INFO - Filling up the DagBag from /home/ubuntu/venv/lib/python3.12/site-packages/airflow/example_dags/example_params_trigger_ui.py
[2024-06-27T21:32:01.649+0000] {processor.py:840} INFO - DAG(s) 'example_params_trigger_ui' retrieved from /home/ubuntu/venv/lib/python3.12/site-packages/airflow/example_dags/example_params_trigger_ui.py
[2024-06-27T21:32:01.692+0000] {logging_mixin.py:188} INFO - [2024-06-27T21:32:01.692+0000] {dag.py:3096} INFO - Sync 1 DAGs
[2024-06-27T21:32:01.705+0000] {logging_mixin.py:188} INFO - [2024-06-27T21:32:01.705+0000] {dag.py:3954} INFO - Setting next_dagrun for example_params_trigger_ui to None, run_after=None
[2024-06-27T21:32:01.728+0000] {processor.py:183} INFO - Processing /home/ubuntu/venv/lib/python3.12/site-packages/airflow/example_dags/example_params_trigger_ui.py took 0.103 seconds
[2024-06-27T21:32:53.848+0000] {processor.py:161} INFO - Started process (PID=4109) to work on /home/ubuntu/venv/lib/python3.12/site-packages/airflow/example_dags/example_params_trigger_ui.py
[2024-06-27T21:32:53.850+0000] {processor.py:830} INFO - Processing file /home/ubuntu/venv/lib/python3.12/site-packages/airflow/example_dags/example_params_trigger_ui.py for tasks to queue
[2024-06-27T21:32:53.851+0000] {logging_mixin.py:188} INFO - [2024-06-27T21:32:53.850+0000] {dagbag.py:545} INFO - Filling up the DagBag from /home/ubuntu/venv/lib/python3.12/site-packages/airflow/example_dags/example_params_trigger_ui.py
[2024-06-27T21:32:53.867+0000] {processor.py:840} INFO - DAG(s) 'example_params_trigger_ui' retrieved from /home/ubuntu/venv/lib/python3.12/site-packages/airflow/example_dags/example_params_trigger_ui.py
[2024-06-27T21:32:53.909+0000] {logging_mixin.py:188} INFO - [2024-06-27T21:32:53.909+0000] {dag.py:3096} INFO - Sync 1 DAGs
[2024-06-27T21:32:53.922+0000] {logging_mixin.py:188} INFO - [2024-06-27T21:32:53.922+0000] {dag.py:3954} INFO - Setting next_dagrun for example_params_trigger_ui to None, run_after=None
[2024-06-27T21:32:53.945+0000] {processor.py:183} INFO - Processing /home/ubuntu/venv/lib/python3.12/site-packages/airflow/example_dags/example_params_trigger_ui.py took 0.102 seconds
[2024-06-27T21:33:45.681+0000] {processor.py:161} INFO - Started process (PID=4169) to work on /home/ubuntu/venv/lib/python3.12/site-packages/airflow/example_dags/example_params_trigger_ui.py
[2024-06-27T21:33:45.683+0000] {processor.py:830} INFO - Processing file /home/ubuntu/venv/lib/python3.12/site-packages/airflow/example_dags/example_params_trigger_ui.py for tasks to queue
[2024-06-27T21:33:45.684+0000] {logging_mixin.py:188} INFO - [2024-06-27T21:33:45.683+0000] {dagbag.py:545} INFO - Filling up the DagBag from /home/ubuntu/venv/lib/python3.12/site-packages/airflow/example_dags/example_params_trigger_ui.py
[2024-06-27T21:33:45.700+0000] {processor.py:840} INFO - DAG(s) 'example_params_trigger_ui' retrieved from /home/ubuntu/venv/lib/python3.12/site-packages/airflow/example_dags/example_params_trigger_ui.py
[2024-06-27T21:33:45.743+0000] {logging_mixin.py:188} INFO - [2024-06-27T21:33:45.743+0000] {dag.py:3096} INFO - Sync 1 DAGs
[2024-06-27T21:33:45.756+0000] {logging_mixin.py:188} INFO - [2024-06-27T21:33:45.755+0000] {dag.py:3954} INFO - Setting next_dagrun for example_params_trigger_ui to None, run_after=None
[2024-06-27T21:33:45.779+0000] {processor.py:183} INFO - Processing /home/ubuntu/venv/lib/python3.12/site-packages/airflow/example_dags/example_params_trigger_ui.py took 0.103 seconds
[2024-06-27T21:34:49.635+0000] {processor.py:161} INFO - Started process (PID=4236) to work on /home/ubuntu/venv/lib/python3.12/site-packages/airflow/example_dags/example_params_trigger_ui.py
[2024-06-27T21:34:49.636+0000] {processor.py:830} INFO - Processing file /home/ubuntu/venv/lib/python3.12/site-packages/airflow/example_dags/example_params_trigger_ui.py for tasks to queue
[2024-06-27T21:34:49.637+0000] {logging_mixin.py:188} INFO - [2024-06-27T21:34:49.637+0000] {dagbag.py:545} INFO - Filling up the DagBag from /home/ubuntu/venv/lib/python3.12/site-packages/airflow/example_dags/example_params_trigger_ui.py
[2024-06-27T21:34:49.653+0000] {processor.py:840} INFO - DAG(s) 'example_params_trigger_ui' retrieved from /home/ubuntu/venv/lib/python3.12/site-packages/airflow/example_dags/example_params_trigger_ui.py
[2024-06-27T21:34:49.695+0000] {logging_mixin.py:188} INFO - [2024-06-27T21:34:49.695+0000] {dag.py:3096} INFO - Sync 1 DAGs
[2024-06-27T21:34:49.708+0000] {logging_mixin.py:188} INFO - [2024-06-27T21:34:49.707+0000] {dag.py:3954} INFO - Setting next_dagrun for example_params_trigger_ui to None, run_after=None
[2024-06-27T21:34:49.730+0000] {processor.py:183} INFO - Processing /home/ubuntu/venv/lib/python3.12/site-packages/airflow/example_dags/example_params_trigger_ui.py took 0.101 seconds
[2024-06-27T21:35:53.191+0000] {processor.py:161} INFO - Started process (PID=4307) to work on /home/ubuntu/venv/lib/python3.12/site-packages/airflow/example_dags/example_params_trigger_ui.py
[2024-06-27T21:35:53.192+0000] {processor.py:830} INFO - Processing file /home/ubuntu/venv/lib/python3.12/site-packages/airflow/example_dags/example_params_trigger_ui.py for tasks to queue
[2024-06-27T21:35:53.193+0000] {logging_mixin.py:188} INFO - [2024-06-27T21:35:53.193+0000] {dagbag.py:545} INFO - Filling up the DagBag from /home/ubuntu/venv/lib/python3.12/site-packages/airflow/example_dags/example_params_trigger_ui.py
[2024-06-27T21:35:53.209+0000] {processor.py:840} INFO - DAG(s) 'example_params_trigger_ui' retrieved from /home/ubuntu/venv/lib/python3.12/site-packages/airflow/example_dags/example_params_trigger_ui.py
[2024-06-27T21:35:53.250+0000] {logging_mixin.py:188} INFO - [2024-06-27T21:35:53.250+0000] {dag.py:3096} INFO - Sync 1 DAGs
[2024-06-27T21:35:53.262+0000] {logging_mixin.py:188} INFO - [2024-06-27T21:35:53.262+0000] {dag.py:3954} INFO - Setting next_dagrun for example_params_trigger_ui to None, run_after=None
[2024-06-27T21:35:53.285+0000] {processor.py:183} INFO - Processing /home/ubuntu/venv/lib/python3.12/site-packages/airflow/example_dags/example_params_trigger_ui.py took 0.100 seconds
[2024-06-27T21:36:58.581+0000] {processor.py:161} INFO - Started process (PID=4373) to work on /home/ubuntu/venv/lib/python3.12/site-packages/airflow/example_dags/example_params_trigger_ui.py
[2024-06-27T21:36:58.583+0000] {processor.py:830} INFO - Processing file /home/ubuntu/venv/lib/python3.12/site-packages/airflow/example_dags/example_params_trigger_ui.py for tasks to queue
[2024-06-27T21:36:58.584+0000] {logging_mixin.py:188} INFO - [2024-06-27T21:36:58.583+0000] {dagbag.py:545} INFO - Filling up the DagBag from /home/ubuntu/venv/lib/python3.12/site-packages/airflow/example_dags/example_params_trigger_ui.py
[2024-06-27T21:36:58.599+0000] {processor.py:840} INFO - DAG(s) 'example_params_trigger_ui' retrieved from /home/ubuntu/venv/lib/python3.12/site-packages/airflow/example_dags/example_params_trigger_ui.py
[2024-06-27T21:36:58.642+0000] {logging_mixin.py:188} INFO - [2024-06-27T21:36:58.641+0000] {dag.py:3096} INFO - Sync 1 DAGs
[2024-06-27T21:36:58.654+0000] {logging_mixin.py:188} INFO - [2024-06-27T21:36:58.654+0000] {dag.py:3954} INFO - Setting next_dagrun for example_params_trigger_ui to None, run_after=None
[2024-06-27T21:36:58.676+0000] {processor.py:183} INFO - Processing /home/ubuntu/venv/lib/python3.12/site-packages/airflow/example_dags/example_params_trigger_ui.py took 0.101 seconds
[2024-06-27T21:38:11.440+0000] {processor.py:161} INFO - Started process (PID=4450) to work on /home/ubuntu/venv/lib/python3.12/site-packages/airflow/example_dags/example_params_trigger_ui.py
[2024-06-27T21:38:11.442+0000] {processor.py:830} INFO - Processing file /home/ubuntu/venv/lib/python3.12/site-packages/airflow/example_dags/example_params_trigger_ui.py for tasks to queue
[2024-06-27T21:38:11.443+0000] {logging_mixin.py:188} INFO - [2024-06-27T21:38:11.442+0000] {dagbag.py:545} INFO - Filling up the DagBag from /home/ubuntu/venv/lib/python3.12/site-packages/airflow/example_dags/example_params_trigger_ui.py
[2024-06-27T21:38:11.459+0000] {processor.py:840} INFO - DAG(s) 'example_params_trigger_ui' retrieved from /home/ubuntu/venv/lib/python3.12/site-packages/airflow/example_dags/example_params_trigger_ui.py
[2024-06-27T21:38:11.503+0000] {logging_mixin.py:188} INFO - [2024-06-27T21:38:11.503+0000] {dag.py:3096} INFO - Sync 1 DAGs
[2024-06-27T21:38:11.516+0000] {logging_mixin.py:188} INFO - [2024-06-27T21:38:11.516+0000] {dag.py:3954} INFO - Setting next_dagrun for example_params_trigger_ui to None, run_after=None
[2024-06-27T21:38:11.540+0000] {processor.py:183} INFO - Processing /home/ubuntu/venv/lib/python3.12/site-packages/airflow/example_dags/example_params_trigger_ui.py took 0.106 seconds
[2024-06-27T21:38:59.859+0000] {processor.py:161} INFO - Started process (PID=4500) to work on /home/ubuntu/venv/lib/python3.12/site-packages/airflow/example_dags/example_params_trigger_ui.py
[2024-06-27T21:38:59.861+0000] {processor.py:830} INFO - Processing file /home/ubuntu/venv/lib/python3.12/site-packages/airflow/example_dags/example_params_trigger_ui.py for tasks to queue
[2024-06-27T21:38:59.862+0000] {logging_mixin.py:188} INFO - [2024-06-27T21:38:59.861+0000] {dagbag.py:545} INFO - Filling up the DagBag from /home/ubuntu/venv/lib/python3.12/site-packages/airflow/example_dags/example_params_trigger_ui.py
[2024-06-27T21:38:59.877+0000] {processor.py:840} INFO - DAG(s) 'example_params_trigger_ui' retrieved from /home/ubuntu/venv/lib/python3.12/site-packages/airflow/example_dags/example_params_trigger_ui.py
[2024-06-27T21:38:59.920+0000] {logging_mixin.py:188} INFO - [2024-06-27T21:38:59.920+0000] {dag.py:3096} INFO - Sync 1 DAGs
[2024-06-27T21:38:59.932+0000] {logging_mixin.py:188} INFO - [2024-06-27T21:38:59.932+0000] {dag.py:3954} INFO - Setting next_dagrun for example_params_trigger_ui to None, run_after=None
[2024-06-27T21:38:59.953+0000] {processor.py:183} INFO - Processing /home/ubuntu/venv/lib/python3.12/site-packages/airflow/example_dags/example_params_trigger_ui.py took 0.100 seconds
[2024-06-27T21:40:00.792+0000] {processor.py:161} INFO - Started process (PID=4563) to work on /home/ubuntu/venv/lib/python3.12/site-packages/airflow/example_dags/example_params_trigger_ui.py
[2024-06-27T21:40:00.794+0000] {processor.py:830} INFO - Processing file /home/ubuntu/venv/lib/python3.12/site-packages/airflow/example_dags/example_params_trigger_ui.py for tasks to queue
[2024-06-27T21:40:00.795+0000] {logging_mixin.py:188} INFO - [2024-06-27T21:40:00.794+0000] {dagbag.py:545} INFO - Filling up the DagBag from /home/ubuntu/venv/lib/python3.12/site-packages/airflow/example_dags/example_params_trigger_ui.py
[2024-06-27T21:40:00.811+0000] {processor.py:840} INFO - DAG(s) 'example_params_trigger_ui' retrieved from /home/ubuntu/venv/lib/python3.12/site-packages/airflow/example_dags/example_params_trigger_ui.py
[2024-06-27T21:40:00.854+0000] {logging_mixin.py:188} INFO - [2024-06-27T21:40:00.854+0000] {dag.py:3096} INFO - Sync 1 DAGs
[2024-06-27T21:40:00.866+0000] {logging_mixin.py:188} INFO - [2024-06-27T21:40:00.866+0000] {dag.py:3954} INFO - Setting next_dagrun for example_params_trigger_ui to None, run_after=None
[2024-06-27T21:40:00.890+0000] {processor.py:183} INFO - Processing /home/ubuntu/venv/lib/python3.12/site-packages/airflow/example_dags/example_params_trigger_ui.py took 0.103 seconds
[2024-06-27T21:41:07.371+0000] {processor.py:161} INFO - Started process (PID=4634) to work on /home/ubuntu/venv/lib/python3.12/site-packages/airflow/example_dags/example_params_trigger_ui.py
[2024-06-27T21:41:07.374+0000] {processor.py:830} INFO - Processing file /home/ubuntu/venv/lib/python3.12/site-packages/airflow/example_dags/example_params_trigger_ui.py for tasks to queue
[2024-06-27T21:41:07.375+0000] {logging_mixin.py:188} INFO - [2024-06-27T21:41:07.375+0000] {dagbag.py:545} INFO - Filling up the DagBag from /home/ubuntu/venv/lib/python3.12/site-packages/airflow/example_dags/example_params_trigger_ui.py
[2024-06-27T21:41:07.391+0000] {processor.py:840} INFO - DAG(s) 'example_params_trigger_ui' retrieved from /home/ubuntu/venv/lib/python3.12/site-packages/airflow/example_dags/example_params_trigger_ui.py
[2024-06-27T21:41:07.434+0000] {logging_mixin.py:188} INFO - [2024-06-27T21:41:07.434+0000] {dag.py:3096} INFO - Sync 1 DAGs
[2024-06-27T21:41:07.446+0000] {logging_mixin.py:188} INFO - [2024-06-27T21:41:07.446+0000] {dag.py:3954} INFO - Setting next_dagrun for example_params_trigger_ui to None, run_after=None
[2024-06-27T21:41:07.470+0000] {processor.py:183} INFO - Processing /home/ubuntu/venv/lib/python3.12/site-packages/airflow/example_dags/example_params_trigger_ui.py took 0.105 seconds
[2024-06-27T21:42:14.629+0000] {processor.py:161} INFO - Started process (PID=4703) to work on /home/ubuntu/venv/lib/python3.12/site-packages/airflow/example_dags/example_params_trigger_ui.py
[2024-06-27T21:42:14.630+0000] {processor.py:830} INFO - Processing file /home/ubuntu/venv/lib/python3.12/site-packages/airflow/example_dags/example_params_trigger_ui.py for tasks to queue
[2024-06-27T21:42:14.631+0000] {logging_mixin.py:188} INFO - [2024-06-27T21:42:14.631+0000] {dagbag.py:545} INFO - Filling up the DagBag from /home/ubuntu/venv/lib/python3.12/site-packages/airflow/example_dags/example_params_trigger_ui.py
[2024-06-27T21:42:14.647+0000] {processor.py:840} INFO - DAG(s) 'example_params_trigger_ui' retrieved from /home/ubuntu/venv/lib/python3.12/site-packages/airflow/example_dags/example_params_trigger_ui.py
[2024-06-27T21:42:14.690+0000] {logging_mixin.py:188} INFO - [2024-06-27T21:42:14.689+0000] {dag.py:3096} INFO - Sync 1 DAGs
[2024-06-27T21:42:14.702+0000] {logging_mixin.py:188} INFO - [2024-06-27T21:42:14.702+0000] {dag.py:3954} INFO - Setting next_dagrun for example_params_trigger_ui to None, run_after=None
[2024-06-27T21:42:14.725+0000] {processor.py:183} INFO - Processing /home/ubuntu/venv/lib/python3.12/site-packages/airflow/example_dags/example_params_trigger_ui.py took 0.102 seconds
[2024-06-27T21:43:20.555+0000] {processor.py:161} INFO - Started process (PID=4769) to work on /home/ubuntu/venv/lib/python3.12/site-packages/airflow/example_dags/example_params_trigger_ui.py
[2024-06-27T21:43:20.557+0000] {processor.py:830} INFO - Processing file /home/ubuntu/venv/lib/python3.12/site-packages/airflow/example_dags/example_params_trigger_ui.py for tasks to queue
[2024-06-27T21:43:20.558+0000] {logging_mixin.py:188} INFO - [2024-06-27T21:43:20.557+0000] {dagbag.py:545} INFO - Filling up the DagBag from /home/ubuntu/venv/lib/python3.12/site-packages/airflow/example_dags/example_params_trigger_ui.py
[2024-06-27T21:43:20.573+0000] {processor.py:840} INFO - DAG(s) 'example_params_trigger_ui' retrieved from /home/ubuntu/venv/lib/python3.12/site-packages/airflow/example_dags/example_params_trigger_ui.py
[2024-06-27T21:43:20.616+0000] {logging_mixin.py:188} INFO - [2024-06-27T21:43:20.616+0000] {dag.py:3096} INFO - Sync 1 DAGs
[2024-06-27T21:43:20.628+0000] {logging_mixin.py:188} INFO - [2024-06-27T21:43:20.628+0000] {dag.py:3954} INFO - Setting next_dagrun for example_params_trigger_ui to None, run_after=None
[2024-06-27T21:43:20.651+0000] {processor.py:183} INFO - Processing /home/ubuntu/venv/lib/python3.12/site-packages/airflow/example_dags/example_params_trigger_ui.py took 0.102 seconds
[2024-06-27T21:44:25.169+0000] {processor.py:161} INFO - Started process (PID=4836) to work on /home/ubuntu/venv/lib/python3.12/site-packages/airflow/example_dags/example_params_trigger_ui.py
[2024-06-27T21:44:25.171+0000] {processor.py:830} INFO - Processing file /home/ubuntu/venv/lib/python3.12/site-packages/airflow/example_dags/example_params_trigger_ui.py for tasks to queue
[2024-06-27T21:44:25.172+0000] {logging_mixin.py:188} INFO - [2024-06-27T21:44:25.171+0000] {dagbag.py:545} INFO - Filling up the DagBag from /home/ubuntu/venv/lib/python3.12/site-packages/airflow/example_dags/example_params_trigger_ui.py
[2024-06-27T21:44:25.188+0000] {processor.py:840} INFO - DAG(s) 'example_params_trigger_ui' retrieved from /home/ubuntu/venv/lib/python3.12/site-packages/airflow/example_dags/example_params_trigger_ui.py
[2024-06-27T21:44:25.232+0000] {logging_mixin.py:188} INFO - [2024-06-27T21:44:25.231+0000] {dag.py:3096} INFO - Sync 1 DAGs
[2024-06-27T21:44:25.363+0000] {logging_mixin.py:188} INFO - [2024-06-27T21:44:25.363+0000] {dag.py:3954} INFO - Setting next_dagrun for example_params_trigger_ui to None, run_after=None
[2024-06-27T21:44:25.385+0000] {processor.py:183} INFO - Processing /home/ubuntu/venv/lib/python3.12/site-packages/airflow/example_dags/example_params_trigger_ui.py took 0.222 seconds
[2024-06-27T21:45:30.844+0000] {processor.py:161} INFO - Started process (PID=4951) to work on /home/ubuntu/venv/lib/python3.12/site-packages/airflow/example_dags/example_params_trigger_ui.py
[2024-06-27T21:45:30.845+0000] {processor.py:830} INFO - Processing file /home/ubuntu/venv/lib/python3.12/site-packages/airflow/example_dags/example_params_trigger_ui.py for tasks to queue
[2024-06-27T21:45:30.846+0000] {logging_mixin.py:188} INFO - [2024-06-27T21:45:30.846+0000] {dagbag.py:545} INFO - Filling up the DagBag from /home/ubuntu/venv/lib/python3.12/site-packages/airflow/example_dags/example_params_trigger_ui.py
[2024-06-27T21:45:30.862+0000] {processor.py:840} INFO - DAG(s) 'example_params_trigger_ui' retrieved from /home/ubuntu/venv/lib/python3.12/site-packages/airflow/example_dags/example_params_trigger_ui.py
[2024-06-27T21:45:30.905+0000] {logging_mixin.py:188} INFO - [2024-06-27T21:45:30.904+0000] {dag.py:3096} INFO - Sync 1 DAGs
[2024-06-27T21:45:30.918+0000] {logging_mixin.py:188} INFO - [2024-06-27T21:45:30.918+0000] {dag.py:3954} INFO - Setting next_dagrun for example_params_trigger_ui to None, run_after=None
[2024-06-27T21:45:31.056+0000] {processor.py:183} INFO - Processing /home/ubuntu/venv/lib/python3.12/site-packages/airflow/example_dags/example_params_trigger_ui.py took 0.218 seconds
[2024-06-27T21:46:22.330+0000] {processor.py:161} INFO - Started process (PID=4998) to work on /home/ubuntu/venv/lib/python3.12/site-packages/airflow/example_dags/example_params_trigger_ui.py
[2024-06-27T21:46:22.332+0000] {processor.py:830} INFO - Processing file /home/ubuntu/venv/lib/python3.12/site-packages/airflow/example_dags/example_params_trigger_ui.py for tasks to queue
[2024-06-27T21:46:22.333+0000] {logging_mixin.py:188} INFO - [2024-06-27T21:46:22.332+0000] {dagbag.py:545} INFO - Filling up the DagBag from /home/ubuntu/venv/lib/python3.12/site-packages/airflow/example_dags/example_params_trigger_ui.py
[2024-06-27T21:46:22.349+0000] {processor.py:840} INFO - DAG(s) 'example_params_trigger_ui' retrieved from /home/ubuntu/venv/lib/python3.12/site-packages/airflow/example_dags/example_params_trigger_ui.py
[2024-06-27T21:46:22.393+0000] {logging_mixin.py:188} INFO - [2024-06-27T21:46:22.392+0000] {dag.py:3096} INFO - Sync 1 DAGs
[2024-06-27T21:46:22.405+0000] {logging_mixin.py:188} INFO - [2024-06-27T21:46:22.405+0000] {dag.py:3954} INFO - Setting next_dagrun for example_params_trigger_ui to None, run_after=None
[2024-06-27T21:46:22.428+0000] {processor.py:183} INFO - Processing /home/ubuntu/venv/lib/python3.12/site-packages/airflow/example_dags/example_params_trigger_ui.py took 0.104 seconds
[2024-06-27T21:47:13.740+0000] {processor.py:161} INFO - Started process (PID=5048) to work on /home/ubuntu/venv/lib/python3.12/site-packages/airflow/example_dags/example_params_trigger_ui.py
[2024-06-27T21:47:13.742+0000] {processor.py:830} INFO - Processing file /home/ubuntu/venv/lib/python3.12/site-packages/airflow/example_dags/example_params_trigger_ui.py for tasks to queue
[2024-06-27T21:47:13.743+0000] {logging_mixin.py:188} INFO - [2024-06-27T21:47:13.743+0000] {dagbag.py:545} INFO - Filling up the DagBag from /home/ubuntu/venv/lib/python3.12/site-packages/airflow/example_dags/example_params_trigger_ui.py
[2024-06-27T21:47:13.760+0000] {processor.py:840} INFO - DAG(s) 'example_params_trigger_ui' retrieved from /home/ubuntu/venv/lib/python3.12/site-packages/airflow/example_dags/example_params_trigger_ui.py
[2024-06-27T21:47:13.804+0000] {logging_mixin.py:188} INFO - [2024-06-27T21:47:13.804+0000] {dag.py:3096} INFO - Sync 1 DAGs
[2024-06-27T21:47:13.817+0000] {logging_mixin.py:188} INFO - [2024-06-27T21:47:13.816+0000] {dag.py:3954} INFO - Setting next_dagrun for example_params_trigger_ui to None, run_after=None
[2024-06-27T21:47:13.840+0000] {processor.py:183} INFO - Processing /home/ubuntu/venv/lib/python3.12/site-packages/airflow/example_dags/example_params_trigger_ui.py took 0.106 seconds
[2024-06-27T21:48:21.380+0000] {processor.py:161} INFO - Started process (PID=5243) to work on /home/ubuntu/venv/lib/python3.12/site-packages/airflow/example_dags/example_params_trigger_ui.py
[2024-06-27T21:48:21.381+0000] {processor.py:830} INFO - Processing file /home/ubuntu/venv/lib/python3.12/site-packages/airflow/example_dags/example_params_trigger_ui.py for tasks to queue
[2024-06-27T21:48:21.382+0000] {logging_mixin.py:188} INFO - [2024-06-27T21:48:21.382+0000] {dagbag.py:545} INFO - Filling up the DagBag from /home/ubuntu/venv/lib/python3.12/site-packages/airflow/example_dags/example_params_trigger_ui.py
[2024-06-27T21:48:21.399+0000] {processor.py:840} INFO - DAG(s) 'example_params_trigger_ui' retrieved from /home/ubuntu/venv/lib/python3.12/site-packages/airflow/example_dags/example_params_trigger_ui.py
[2024-06-27T21:48:21.443+0000] {logging_mixin.py:188} INFO - [2024-06-27T21:48:21.442+0000] {dag.py:3096} INFO - Sync 1 DAGs
[2024-06-27T21:48:21.455+0000] {logging_mixin.py:188} INFO - [2024-06-27T21:48:21.455+0000] {dag.py:3954} INFO - Setting next_dagrun for example_params_trigger_ui to None, run_after=None
[2024-06-27T21:48:21.478+0000] {processor.py:183} INFO - Processing /home/ubuntu/venv/lib/python3.12/site-packages/airflow/example_dags/example_params_trigger_ui.py took 0.106 seconds
[2024-06-27T21:49:24.034+0000] {processor.py:161} INFO - Started process (PID=5310) to work on /home/ubuntu/venv/lib/python3.12/site-packages/airflow/example_dags/example_params_trigger_ui.py
[2024-06-27T21:49:24.036+0000] {processor.py:830} INFO - Processing file /home/ubuntu/venv/lib/python3.12/site-packages/airflow/example_dags/example_params_trigger_ui.py for tasks to queue
[2024-06-27T21:49:24.037+0000] {logging_mixin.py:188} INFO - [2024-06-27T21:49:24.037+0000] {dagbag.py:545} INFO - Filling up the DagBag from /home/ubuntu/venv/lib/python3.12/site-packages/airflow/example_dags/example_params_trigger_ui.py
[2024-06-27T21:49:24.054+0000] {processor.py:840} INFO - DAG(s) 'example_params_trigger_ui' retrieved from /home/ubuntu/venv/lib/python3.12/site-packages/airflow/example_dags/example_params_trigger_ui.py
[2024-06-27T21:49:24.099+0000] {logging_mixin.py:188} INFO - [2024-06-27T21:49:24.099+0000] {dag.py:3096} INFO - Sync 1 DAGs
[2024-06-27T21:49:24.113+0000] {logging_mixin.py:188} INFO - [2024-06-27T21:49:24.113+0000] {dag.py:3954} INFO - Setting next_dagrun for example_params_trigger_ui to None, run_after=None
[2024-06-27T21:49:24.136+0000] {processor.py:183} INFO - Processing /home/ubuntu/venv/lib/python3.12/site-packages/airflow/example_dags/example_params_trigger_ui.py took 0.111 seconds
