[2024-06-27T21:19:34.271+0000] {processor.py:161} INFO - Started process (PID=2936) to work on /home/ubuntu/venv/lib/python3.12/site-packages/airflow/example_dags/tutorial_objectstorage.py
[2024-06-27T21:19:34.272+0000] {processor.py:830} INFO - Processing file /home/ubuntu/venv/lib/python3.12/site-packages/airflow/example_dags/tutorial_objectstorage.py for tasks to queue
[2024-06-27T21:19:34.274+0000] {logging_mixin.py:188} INFO - [2024-06-27T21:19:34.274+0000] {dagbag.py:545} INFO - Filling up the DagBag from /home/ubuntu/venv/lib/python3.12/site-packages/airflow/example_dags/tutorial_objectstorage.py
[2024-06-27T21:19:34.285+0000] {processor.py:840} INFO - DAG(s) 'tutorial_objectstorage' retrieved from /home/ubuntu/venv/lib/python3.12/site-packages/airflow/example_dags/tutorial_objectstorage.py
[2024-06-27T21:19:34.409+0000] {logging_mixin.py:188} INFO - [2024-06-27T21:19:34.409+0000] {override.py:1847} INFO - Created Permission View: can read on DAG:tutorial_objectstorage
[2024-06-27T21:19:34.431+0000] {logging_mixin.py:188} INFO - [2024-06-27T21:19:34.430+0000] {override.py:1847} INFO - Created Permission View: can delete on DAG:tutorial_objectstorage
[2024-06-27T21:19:34.440+0000] {logging_mixin.py:188} INFO - [2024-06-27T21:19:34.440+0000] {override.py:1847} INFO - Created Permission View: can edit on DAG:tutorial_objectstorage
[2024-06-27T21:19:34.441+0000] {logging_mixin.py:188} INFO - [2024-06-27T21:19:34.440+0000] {dag.py:3096} INFO - Sync 1 DAGs
[2024-06-27T21:19:34.453+0000] {logging_mixin.py:188} INFO - [2024-06-27T21:19:34.453+0000] {dag.py:3118} INFO - Creating ORM DAG for tutorial_objectstorage
[2024-06-27T21:19:34.454+0000] {logging_mixin.py:188} INFO - [2024-06-27T21:19:34.454+0000] {dag.py:3954} INFO - Setting next_dagrun for tutorial_objectstorage to None, run_after=None
[2024-06-27T21:19:34.476+0000] {processor.py:183} INFO - Processing /home/ubuntu/venv/lib/python3.12/site-packages/airflow/example_dags/tutorial_objectstorage.py took 0.211 seconds
[2024-06-27T21:20:32.967+0000] {processor.py:161} INFO - Started process (PID=2995) to work on /home/ubuntu/venv/lib/python3.12/site-packages/airflow/example_dags/tutorial_objectstorage.py
[2024-06-27T21:20:32.969+0000] {processor.py:830} INFO - Processing file /home/ubuntu/venv/lib/python3.12/site-packages/airflow/example_dags/tutorial_objectstorage.py for tasks to queue
[2024-06-27T21:20:32.971+0000] {logging_mixin.py:188} INFO - [2024-06-27T21:20:32.970+0000] {dagbag.py:545} INFO - Filling up the DagBag from /home/ubuntu/venv/lib/python3.12/site-packages/airflow/example_dags/tutorial_objectstorage.py
[2024-06-27T21:20:32.979+0000] {processor.py:840} INFO - DAG(s) 'tutorial_objectstorage' retrieved from /home/ubuntu/venv/lib/python3.12/site-packages/airflow/example_dags/tutorial_objectstorage.py
[2024-06-27T21:20:32.995+0000] {logging_mixin.py:188} INFO - [2024-06-27T21:20:32.995+0000] {dag.py:3096} INFO - Sync 1 DAGs
[2024-06-27T21:20:33.008+0000] {logging_mixin.py:188} INFO - [2024-06-27T21:20:33.008+0000] {dag.py:3954} INFO - Setting next_dagrun for tutorial_objectstorage to None, run_after=None
[2024-06-27T21:20:33.033+0000] {processor.py:183} INFO - Processing /home/ubuntu/venv/lib/python3.12/site-packages/airflow/example_dags/tutorial_objectstorage.py took 0.071 seconds
[2024-06-27T21:21:18.468+0000] {processor.py:161} INFO - Started process (PID=3324) to work on /home/ubuntu/venv/lib/python3.12/site-packages/airflow/example_dags/tutorial_objectstorage.py
[2024-06-27T21:21:18.469+0000] {processor.py:830} INFO - Processing file /home/ubuntu/venv/lib/python3.12/site-packages/airflow/example_dags/tutorial_objectstorage.py for tasks to queue
[2024-06-27T21:21:18.471+0000] {logging_mixin.py:188} INFO - [2024-06-27T21:21:18.470+0000] {dagbag.py:545} INFO - Filling up the DagBag from /home/ubuntu/venv/lib/python3.12/site-packages/airflow/example_dags/tutorial_objectstorage.py
[2024-06-27T21:21:18.479+0000] {processor.py:840} INFO - DAG(s) 'tutorial_objectstorage' retrieved from /home/ubuntu/venv/lib/python3.12/site-packages/airflow/example_dags/tutorial_objectstorage.py
[2024-06-27T21:21:18.494+0000] {logging_mixin.py:188} INFO - [2024-06-27T21:21:18.494+0000] {dag.py:3096} INFO - Sync 1 DAGs
[2024-06-27T21:21:18.507+0000] {logging_mixin.py:188} INFO - [2024-06-27T21:21:18.507+0000] {dag.py:3954} INFO - Setting next_dagrun for tutorial_objectstorage to None, run_after=None
[2024-06-27T21:21:18.529+0000] {processor.py:183} INFO - Processing /home/ubuntu/venv/lib/python3.12/site-packages/airflow/example_dags/tutorial_objectstorage.py took 0.067 seconds
[2024-06-27T21:21:58.597+0000] {processor.py:161} INFO - Started process (PID=3369) to work on /home/ubuntu/venv/lib/python3.12/site-packages/airflow/example_dags/tutorial_objectstorage.py
[2024-06-27T21:21:58.599+0000] {processor.py:830} INFO - Processing file /home/ubuntu/venv/lib/python3.12/site-packages/airflow/example_dags/tutorial_objectstorage.py for tasks to queue
[2024-06-27T21:21:58.600+0000] {logging_mixin.py:188} INFO - [2024-06-27T21:21:58.600+0000] {dagbag.py:545} INFO - Filling up the DagBag from /home/ubuntu/venv/lib/python3.12/site-packages/airflow/example_dags/tutorial_objectstorage.py
[2024-06-27T21:21:58.609+0000] {processor.py:840} INFO - DAG(s) 'tutorial_objectstorage' retrieved from /home/ubuntu/venv/lib/python3.12/site-packages/airflow/example_dags/tutorial_objectstorage.py
[2024-06-27T21:21:58.625+0000] {logging_mixin.py:188} INFO - [2024-06-27T21:21:58.624+0000] {dag.py:3096} INFO - Sync 1 DAGs
[2024-06-27T21:21:58.637+0000] {logging_mixin.py:188} INFO - [2024-06-27T21:21:58.637+0000] {dag.py:3954} INFO - Setting next_dagrun for tutorial_objectstorage to None, run_after=None
[2024-06-27T21:21:58.661+0000] {processor.py:183} INFO - Processing /home/ubuntu/venv/lib/python3.12/site-packages/airflow/example_dags/tutorial_objectstorage.py took 0.069 seconds
[2024-06-27T21:22:38.405+0000] {processor.py:161} INFO - Started process (PID=3423) to work on /home/ubuntu/venv/lib/python3.12/site-packages/airflow/example_dags/tutorial_objectstorage.py
[2024-06-27T21:22:38.407+0000] {processor.py:830} INFO - Processing file /home/ubuntu/venv/lib/python3.12/site-packages/airflow/example_dags/tutorial_objectstorage.py for tasks to queue
[2024-06-27T21:22:38.409+0000] {logging_mixin.py:188} INFO - [2024-06-27T21:22:38.408+0000] {dagbag.py:545} INFO - Filling up the DagBag from /home/ubuntu/venv/lib/python3.12/site-packages/airflow/example_dags/tutorial_objectstorage.py
[2024-06-27T21:22:38.417+0000] {processor.py:840} INFO - DAG(s) 'tutorial_objectstorage' retrieved from /home/ubuntu/venv/lib/python3.12/site-packages/airflow/example_dags/tutorial_objectstorage.py
[2024-06-27T21:22:38.432+0000] {logging_mixin.py:188} INFO - [2024-06-27T21:22:38.432+0000] {dag.py:3096} INFO - Sync 1 DAGs
[2024-06-27T21:22:38.444+0000] {logging_mixin.py:188} INFO - [2024-06-27T21:22:38.444+0000] {dag.py:3954} INFO - Setting next_dagrun for tutorial_objectstorage to None, run_after=None
[2024-06-27T21:22:38.467+0000] {processor.py:183} INFO - Processing /home/ubuntu/venv/lib/python3.12/site-packages/airflow/example_dags/tutorial_objectstorage.py took 0.067 seconds
[2024-06-27T21:23:17.734+0000] {processor.py:161} INFO - Started process (PID=3465) to work on /home/ubuntu/venv/lib/python3.12/site-packages/airflow/example_dags/tutorial_objectstorage.py
[2024-06-27T21:23:17.736+0000] {processor.py:830} INFO - Processing file /home/ubuntu/venv/lib/python3.12/site-packages/airflow/example_dags/tutorial_objectstorage.py for tasks to queue
[2024-06-27T21:23:17.738+0000] {logging_mixin.py:188} INFO - [2024-06-27T21:23:17.737+0000] {dagbag.py:545} INFO - Filling up the DagBag from /home/ubuntu/venv/lib/python3.12/site-packages/airflow/example_dags/tutorial_objectstorage.py
[2024-06-27T21:23:17.746+0000] {processor.py:840} INFO - DAG(s) 'tutorial_objectstorage' retrieved from /home/ubuntu/venv/lib/python3.12/site-packages/airflow/example_dags/tutorial_objectstorage.py
[2024-06-27T21:23:17.763+0000] {logging_mixin.py:188} INFO - [2024-06-27T21:23:17.762+0000] {dag.py:3096} INFO - Sync 1 DAGs
[2024-06-27T21:23:17.776+0000] {logging_mixin.py:188} INFO - [2024-06-27T21:23:17.776+0000] {dag.py:3954} INFO - Setting next_dagrun for tutorial_objectstorage to None, run_after=None
[2024-06-27T21:23:17.799+0000] {processor.py:183} INFO - Processing /home/ubuntu/venv/lib/python3.12/site-packages/airflow/example_dags/tutorial_objectstorage.py took 0.071 seconds
[2024-06-27T21:23:57.026+0000] {processor.py:161} INFO - Started process (PID=3508) to work on /home/ubuntu/venv/lib/python3.12/site-packages/airflow/example_dags/tutorial_objectstorage.py
[2024-06-27T21:23:57.027+0000] {processor.py:830} INFO - Processing file /home/ubuntu/venv/lib/python3.12/site-packages/airflow/example_dags/tutorial_objectstorage.py for tasks to queue
[2024-06-27T21:23:57.029+0000] {logging_mixin.py:188} INFO - [2024-06-27T21:23:57.028+0000] {dagbag.py:545} INFO - Filling up the DagBag from /home/ubuntu/venv/lib/python3.12/site-packages/airflow/example_dags/tutorial_objectstorage.py
[2024-06-27T21:23:57.037+0000] {processor.py:840} INFO - DAG(s) 'tutorial_objectstorage' retrieved from /home/ubuntu/venv/lib/python3.12/site-packages/airflow/example_dags/tutorial_objectstorage.py
[2024-06-27T21:23:57.052+0000] {logging_mixin.py:188} INFO - [2024-06-27T21:23:57.052+0000] {dag.py:3096} INFO - Sync 1 DAGs
[2024-06-27T21:23:57.064+0000] {logging_mixin.py:188} INFO - [2024-06-27T21:23:57.064+0000] {dag.py:3954} INFO - Setting next_dagrun for tutorial_objectstorage to None, run_after=None
[2024-06-27T21:23:57.089+0000] {processor.py:183} INFO - Processing /home/ubuntu/venv/lib/python3.12/site-packages/airflow/example_dags/tutorial_objectstorage.py took 0.069 seconds
[2024-06-27T21:24:36.472+0000] {processor.py:161} INFO - Started process (PID=3551) to work on /home/ubuntu/venv/lib/python3.12/site-packages/airflow/example_dags/tutorial_objectstorage.py
[2024-06-27T21:24:36.474+0000] {processor.py:830} INFO - Processing file /home/ubuntu/venv/lib/python3.12/site-packages/airflow/example_dags/tutorial_objectstorage.py for tasks to queue
[2024-06-27T21:24:36.475+0000] {logging_mixin.py:188} INFO - [2024-06-27T21:24:36.474+0000] {dagbag.py:545} INFO - Filling up the DagBag from /home/ubuntu/venv/lib/python3.12/site-packages/airflow/example_dags/tutorial_objectstorage.py
[2024-06-27T21:24:36.483+0000] {processor.py:840} INFO - DAG(s) 'tutorial_objectstorage' retrieved from /home/ubuntu/venv/lib/python3.12/site-packages/airflow/example_dags/tutorial_objectstorage.py
[2024-06-27T21:24:36.499+0000] {logging_mixin.py:188} INFO - [2024-06-27T21:24:36.499+0000] {dag.py:3096} INFO - Sync 1 DAGs
[2024-06-27T21:24:36.512+0000] {logging_mixin.py:188} INFO - [2024-06-27T21:24:36.511+0000] {dag.py:3954} INFO - Setting next_dagrun for tutorial_objectstorage to None, run_after=None
[2024-06-27T21:24:36.535+0000] {processor.py:183} INFO - Processing /home/ubuntu/venv/lib/python3.12/site-packages/airflow/example_dags/tutorial_objectstorage.py took 0.068 seconds
[2024-06-27T21:25:19.247+0000] {processor.py:161} INFO - Started process (PID=3601) to work on /home/ubuntu/venv/lib/python3.12/site-packages/airflow/example_dags/tutorial_objectstorage.py
[2024-06-27T21:25:19.248+0000] {processor.py:830} INFO - Processing file /home/ubuntu/venv/lib/python3.12/site-packages/airflow/example_dags/tutorial_objectstorage.py for tasks to queue
[2024-06-27T21:25:19.249+0000] {logging_mixin.py:188} INFO - [2024-06-27T21:25:19.249+0000] {dagbag.py:545} INFO - Filling up the DagBag from /home/ubuntu/venv/lib/python3.12/site-packages/airflow/example_dags/tutorial_objectstorage.py
[2024-06-27T21:25:19.258+0000] {processor.py:840} INFO - DAG(s) 'tutorial_objectstorage' retrieved from /home/ubuntu/venv/lib/python3.12/site-packages/airflow/example_dags/tutorial_objectstorage.py
[2024-06-27T21:25:19.275+0000] {logging_mixin.py:188} INFO - [2024-06-27T21:25:19.274+0000] {dag.py:3096} INFO - Sync 1 DAGs
[2024-06-27T21:25:19.287+0000] {logging_mixin.py:188} INFO - [2024-06-27T21:25:19.287+0000] {dag.py:3954} INFO - Setting next_dagrun for tutorial_objectstorage to None, run_after=None
[2024-06-27T21:25:19.311+0000] {processor.py:183} INFO - Processing /home/ubuntu/venv/lib/python3.12/site-packages/airflow/example_dags/tutorial_objectstorage.py took 0.070 seconds
[2024-06-27T21:26:00.761+0000] {processor.py:161} INFO - Started process (PID=3645) to work on /home/ubuntu/venv/lib/python3.12/site-packages/airflow/example_dags/tutorial_objectstorage.py
[2024-06-27T21:26:00.763+0000] {processor.py:830} INFO - Processing file /home/ubuntu/venv/lib/python3.12/site-packages/airflow/example_dags/tutorial_objectstorage.py for tasks to queue
[2024-06-27T21:26:00.764+0000] {logging_mixin.py:188} INFO - [2024-06-27T21:26:00.763+0000] {dagbag.py:545} INFO - Filling up the DagBag from /home/ubuntu/venv/lib/python3.12/site-packages/airflow/example_dags/tutorial_objectstorage.py
[2024-06-27T21:26:00.773+0000] {processor.py:840} INFO - DAG(s) 'tutorial_objectstorage' retrieved from /home/ubuntu/venv/lib/python3.12/site-packages/airflow/example_dags/tutorial_objectstorage.py
[2024-06-27T21:26:00.789+0000] {logging_mixin.py:188} INFO - [2024-06-27T21:26:00.789+0000] {dag.py:3096} INFO - Sync 1 DAGs
[2024-06-27T21:26:00.801+0000] {logging_mixin.py:188} INFO - [2024-06-27T21:26:00.801+0000] {dag.py:3954} INFO - Setting next_dagrun for tutorial_objectstorage to None, run_after=None
[2024-06-27T21:26:00.824+0000] {processor.py:183} INFO - Processing /home/ubuntu/venv/lib/python3.12/site-packages/airflow/example_dags/tutorial_objectstorage.py took 0.068 seconds
[2024-06-27T21:26:45.000+0000] {processor.py:161} INFO - Started process (PID=3690) to work on /home/ubuntu/venv/lib/python3.12/site-packages/airflow/example_dags/tutorial_objectstorage.py
[2024-06-27T21:26:45.002+0000] {processor.py:830} INFO - Processing file /home/ubuntu/venv/lib/python3.12/site-packages/airflow/example_dags/tutorial_objectstorage.py for tasks to queue
[2024-06-27T21:26:45.003+0000] {logging_mixin.py:188} INFO - [2024-06-27T21:26:45.002+0000] {dagbag.py:545} INFO - Filling up the DagBag from /home/ubuntu/venv/lib/python3.12/site-packages/airflow/example_dags/tutorial_objectstorage.py
[2024-06-27T21:26:45.012+0000] {processor.py:840} INFO - DAG(s) 'tutorial_objectstorage' retrieved from /home/ubuntu/venv/lib/python3.12/site-packages/airflow/example_dags/tutorial_objectstorage.py
[2024-06-27T21:26:45.028+0000] {logging_mixin.py:188} INFO - [2024-06-27T21:26:45.028+0000] {dag.py:3096} INFO - Sync 1 DAGs
[2024-06-27T21:26:45.041+0000] {logging_mixin.py:188} INFO - [2024-06-27T21:26:45.041+0000] {dag.py:3954} INFO - Setting next_dagrun for tutorial_objectstorage to None, run_after=None
[2024-06-27T21:26:45.066+0000] {processor.py:183} INFO - Processing /home/ubuntu/venv/lib/python3.12/site-packages/airflow/example_dags/tutorial_objectstorage.py took 0.072 seconds
[2024-06-27T21:27:28.073+0000] {processor.py:161} INFO - Started process (PID=3735) to work on /home/ubuntu/venv/lib/python3.12/site-packages/airflow/example_dags/tutorial_objectstorage.py
[2024-06-27T21:27:28.075+0000] {processor.py:830} INFO - Processing file /home/ubuntu/venv/lib/python3.12/site-packages/airflow/example_dags/tutorial_objectstorage.py for tasks to queue
[2024-06-27T21:27:28.076+0000] {logging_mixin.py:188} INFO - [2024-06-27T21:27:28.076+0000] {dagbag.py:545} INFO - Filling up the DagBag from /home/ubuntu/venv/lib/python3.12/site-packages/airflow/example_dags/tutorial_objectstorage.py
[2024-06-27T21:27:28.085+0000] {processor.py:840} INFO - DAG(s) 'tutorial_objectstorage' retrieved from /home/ubuntu/venv/lib/python3.12/site-packages/airflow/example_dags/tutorial_objectstorage.py
[2024-06-27T21:27:28.101+0000] {logging_mixin.py:188} INFO - [2024-06-27T21:27:28.101+0000] {dag.py:3096} INFO - Sync 1 DAGs
[2024-06-27T21:27:28.114+0000] {logging_mixin.py:188} INFO - [2024-06-27T21:27:28.113+0000] {dag.py:3954} INFO - Setting next_dagrun for tutorial_objectstorage to None, run_after=None
[2024-06-27T21:27:28.137+0000] {processor.py:183} INFO - Processing /home/ubuntu/venv/lib/python3.12/site-packages/airflow/example_dags/tutorial_objectstorage.py took 0.070 seconds
[2024-06-27T21:28:17.235+0000] {processor.py:161} INFO - Started process (PID=3792) to work on /home/ubuntu/venv/lib/python3.12/site-packages/airflow/example_dags/tutorial_objectstorage.py
[2024-06-27T21:28:17.236+0000] {processor.py:830} INFO - Processing file /home/ubuntu/venv/lib/python3.12/site-packages/airflow/example_dags/tutorial_objectstorage.py for tasks to queue
[2024-06-27T21:28:17.237+0000] {logging_mixin.py:188} INFO - [2024-06-27T21:28:17.236+0000] {dagbag.py:545} INFO - Filling up the DagBag from /home/ubuntu/venv/lib/python3.12/site-packages/airflow/example_dags/tutorial_objectstorage.py
[2024-06-27T21:28:17.246+0000] {processor.py:840} INFO - DAG(s) 'tutorial_objectstorage' retrieved from /home/ubuntu/venv/lib/python3.12/site-packages/airflow/example_dags/tutorial_objectstorage.py
[2024-06-27T21:28:17.262+0000] {logging_mixin.py:188} INFO - [2024-06-27T21:28:17.262+0000] {dag.py:3096} INFO - Sync 1 DAGs
[2024-06-27T21:28:17.274+0000] {logging_mixin.py:188} INFO - [2024-06-27T21:28:17.274+0000] {dag.py:3954} INFO - Setting next_dagrun for tutorial_objectstorage to None, run_after=None
[2024-06-27T21:28:17.299+0000] {processor.py:183} INFO - Processing /home/ubuntu/venv/lib/python3.12/site-packages/airflow/example_dags/tutorial_objectstorage.py took 0.071 seconds
[2024-06-27T21:29:21.532+0000] {processor.py:161} INFO - Started process (PID=3873) to work on /home/ubuntu/venv/lib/python3.12/site-packages/airflow/example_dags/tutorial_objectstorage.py
[2024-06-27T21:29:21.534+0000] {processor.py:830} INFO - Processing file /home/ubuntu/venv/lib/python3.12/site-packages/airflow/example_dags/tutorial_objectstorage.py for tasks to queue
[2024-06-27T21:29:21.535+0000] {logging_mixin.py:188} INFO - [2024-06-27T21:29:21.534+0000] {dagbag.py:545} INFO - Filling up the DagBag from /home/ubuntu/venv/lib/python3.12/site-packages/airflow/example_dags/tutorial_objectstorage.py
[2024-06-27T21:29:21.544+0000] {processor.py:840} INFO - DAG(s) 'tutorial_objectstorage' retrieved from /home/ubuntu/venv/lib/python3.12/site-packages/airflow/example_dags/tutorial_objectstorage.py
[2024-06-27T21:29:21.560+0000] {logging_mixin.py:188} INFO - [2024-06-27T21:29:21.560+0000] {dag.py:3096} INFO - Sync 1 DAGs
[2024-06-27T21:29:21.573+0000] {logging_mixin.py:188} INFO - [2024-06-27T21:29:21.573+0000] {dag.py:3954} INFO - Setting next_dagrun for tutorial_objectstorage to None, run_after=None
[2024-06-27T21:29:21.597+0000] {processor.py:183} INFO - Processing /home/ubuntu/venv/lib/python3.12/site-packages/airflow/example_dags/tutorial_objectstorage.py took 0.071 seconds
[2024-06-27T21:30:06.847+0000] {processor.py:161} INFO - Started process (PID=3924) to work on /home/ubuntu/venv/lib/python3.12/site-packages/airflow/example_dags/tutorial_objectstorage.py
[2024-06-27T21:30:06.848+0000] {processor.py:830} INFO - Processing file /home/ubuntu/venv/lib/python3.12/site-packages/airflow/example_dags/tutorial_objectstorage.py for tasks to queue
[2024-06-27T21:30:06.849+0000] {logging_mixin.py:188} INFO - [2024-06-27T21:30:06.849+0000] {dagbag.py:545} INFO - Filling up the DagBag from /home/ubuntu/venv/lib/python3.12/site-packages/airflow/example_dags/tutorial_objectstorage.py
[2024-06-27T21:30:06.858+0000] {processor.py:840} INFO - DAG(s) 'tutorial_objectstorage' retrieved from /home/ubuntu/venv/lib/python3.12/site-packages/airflow/example_dags/tutorial_objectstorage.py
[2024-06-27T21:30:06.874+0000] {logging_mixin.py:188} INFO - [2024-06-27T21:30:06.874+0000] {dag.py:3096} INFO - Sync 1 DAGs
[2024-06-27T21:30:06.887+0000] {logging_mixin.py:188} INFO - [2024-06-27T21:30:06.887+0000] {dag.py:3954} INFO - Setting next_dagrun for tutorial_objectstorage to None, run_after=None
[2024-06-27T21:30:06.910+0000] {processor.py:183} INFO - Processing /home/ubuntu/venv/lib/python3.12/site-packages/airflow/example_dags/tutorial_objectstorage.py took 0.070 seconds
[2024-06-27T21:30:50.276+0000] {processor.py:161} INFO - Started process (PID=3976) to work on /home/ubuntu/venv/lib/python3.12/site-packages/airflow/example_dags/tutorial_objectstorage.py
[2024-06-27T21:30:50.277+0000] {processor.py:830} INFO - Processing file /home/ubuntu/venv/lib/python3.12/site-packages/airflow/example_dags/tutorial_objectstorage.py for tasks to queue
[2024-06-27T21:30:50.278+0000] {logging_mixin.py:188} INFO - [2024-06-27T21:30:50.277+0000] {dagbag.py:545} INFO - Filling up the DagBag from /home/ubuntu/venv/lib/python3.12/site-packages/airflow/example_dags/tutorial_objectstorage.py
[2024-06-27T21:30:50.287+0000] {processor.py:840} INFO - DAG(s) 'tutorial_objectstorage' retrieved from /home/ubuntu/venv/lib/python3.12/site-packages/airflow/example_dags/tutorial_objectstorage.py
[2024-06-27T21:30:50.303+0000] {logging_mixin.py:188} INFO - [2024-06-27T21:30:50.302+0000] {dag.py:3096} INFO - Sync 1 DAGs
[2024-06-27T21:30:50.316+0000] {logging_mixin.py:188} INFO - [2024-06-27T21:30:50.315+0000] {dag.py:3954} INFO - Setting next_dagrun for tutorial_objectstorage to None, run_after=None
[2024-06-27T21:30:50.339+0000] {processor.py:183} INFO - Processing /home/ubuntu/venv/lib/python3.12/site-packages/airflow/example_dags/tutorial_objectstorage.py took 0.069 seconds
[2024-06-27T21:31:31.382+0000] {processor.py:161} INFO - Started process (PID=4018) to work on /home/ubuntu/venv/lib/python3.12/site-packages/airflow/example_dags/tutorial_objectstorage.py
[2024-06-27T21:31:31.384+0000] {processor.py:830} INFO - Processing file /home/ubuntu/venv/lib/python3.12/site-packages/airflow/example_dags/tutorial_objectstorage.py for tasks to queue
[2024-06-27T21:31:31.385+0000] {logging_mixin.py:188} INFO - [2024-06-27T21:31:31.384+0000] {dagbag.py:545} INFO - Filling up the DagBag from /home/ubuntu/venv/lib/python3.12/site-packages/airflow/example_dags/tutorial_objectstorage.py
[2024-06-27T21:31:31.394+0000] {processor.py:840} INFO - DAG(s) 'tutorial_objectstorage' retrieved from /home/ubuntu/venv/lib/python3.12/site-packages/airflow/example_dags/tutorial_objectstorage.py
[2024-06-27T21:31:31.409+0000] {logging_mixin.py:188} INFO - [2024-06-27T21:31:31.409+0000] {dag.py:3096} INFO - Sync 1 DAGs
[2024-06-27T21:31:31.422+0000] {logging_mixin.py:188} INFO - [2024-06-27T21:31:31.422+0000] {dag.py:3954} INFO - Setting next_dagrun for tutorial_objectstorage to None, run_after=None
[2024-06-27T21:31:31.446+0000] {processor.py:183} INFO - Processing /home/ubuntu/venv/lib/python3.12/site-packages/airflow/example_dags/tutorial_objectstorage.py took 0.070 seconds
[2024-06-27T21:32:17.073+0000] {processor.py:161} INFO - Started process (PID=4063) to work on /home/ubuntu/venv/lib/python3.12/site-packages/airflow/example_dags/tutorial_objectstorage.py
[2024-06-27T21:32:17.074+0000] {processor.py:830} INFO - Processing file /home/ubuntu/venv/lib/python3.12/site-packages/airflow/example_dags/tutorial_objectstorage.py for tasks to queue
[2024-06-27T21:32:17.075+0000] {logging_mixin.py:188} INFO - [2024-06-27T21:32:17.075+0000] {dagbag.py:545} INFO - Filling up the DagBag from /home/ubuntu/venv/lib/python3.12/site-packages/airflow/example_dags/tutorial_objectstorage.py
[2024-06-27T21:32:17.084+0000] {processor.py:840} INFO - DAG(s) 'tutorial_objectstorage' retrieved from /home/ubuntu/venv/lib/python3.12/site-packages/airflow/example_dags/tutorial_objectstorage.py
[2024-06-27T21:32:17.100+0000] {logging_mixin.py:188} INFO - [2024-06-27T21:32:17.100+0000] {dag.py:3096} INFO - Sync 1 DAGs
[2024-06-27T21:32:17.113+0000] {logging_mixin.py:188} INFO - [2024-06-27T21:32:17.113+0000] {dag.py:3954} INFO - Setting next_dagrun for tutorial_objectstorage to None, run_after=None
[2024-06-27T21:32:17.136+0000] {processor.py:183} INFO - Processing /home/ubuntu/venv/lib/python3.12/site-packages/airflow/example_dags/tutorial_objectstorage.py took 0.069 seconds
[2024-06-27T21:33:14.744+0000] {processor.py:161} INFO - Started process (PID=4135) to work on /home/ubuntu/venv/lib/python3.12/site-packages/airflow/example_dags/tutorial_objectstorage.py
[2024-06-27T21:33:14.746+0000] {processor.py:830} INFO - Processing file /home/ubuntu/venv/lib/python3.12/site-packages/airflow/example_dags/tutorial_objectstorage.py for tasks to queue
[2024-06-27T21:33:14.747+0000] {logging_mixin.py:188} INFO - [2024-06-27T21:33:14.746+0000] {dagbag.py:545} INFO - Filling up the DagBag from /home/ubuntu/venv/lib/python3.12/site-packages/airflow/example_dags/tutorial_objectstorage.py
[2024-06-27T21:33:14.756+0000] {processor.py:840} INFO - DAG(s) 'tutorial_objectstorage' retrieved from /home/ubuntu/venv/lib/python3.12/site-packages/airflow/example_dags/tutorial_objectstorage.py
[2024-06-27T21:33:14.772+0000] {logging_mixin.py:188} INFO - [2024-06-27T21:33:14.771+0000] {dag.py:3096} INFO - Sync 1 DAGs
[2024-06-27T21:33:14.784+0000] {logging_mixin.py:188} INFO - [2024-06-27T21:33:14.784+0000] {dag.py:3954} INFO - Setting next_dagrun for tutorial_objectstorage to None, run_after=None
[2024-06-27T21:33:14.807+0000] {processor.py:183} INFO - Processing /home/ubuntu/venv/lib/python3.12/site-packages/airflow/example_dags/tutorial_objectstorage.py took 0.068 seconds
[2024-06-27T21:34:02.259+0000] {processor.py:161} INFO - Started process (PID=4187) to work on /home/ubuntu/venv/lib/python3.12/site-packages/airflow/example_dags/tutorial_objectstorage.py
[2024-06-27T21:34:02.261+0000] {processor.py:830} INFO - Processing file /home/ubuntu/venv/lib/python3.12/site-packages/airflow/example_dags/tutorial_objectstorage.py for tasks to queue
[2024-06-27T21:34:02.262+0000] {logging_mixin.py:188} INFO - [2024-06-27T21:34:02.261+0000] {dagbag.py:545} INFO - Filling up the DagBag from /home/ubuntu/venv/lib/python3.12/site-packages/airflow/example_dags/tutorial_objectstorage.py
[2024-06-27T21:34:02.271+0000] {processor.py:840} INFO - DAG(s) 'tutorial_objectstorage' retrieved from /home/ubuntu/venv/lib/python3.12/site-packages/airflow/example_dags/tutorial_objectstorage.py
[2024-06-27T21:34:02.287+0000] {logging_mixin.py:188} INFO - [2024-06-27T21:34:02.287+0000] {dag.py:3096} INFO - Sync 1 DAGs
[2024-06-27T21:34:02.300+0000] {logging_mixin.py:188} INFO - [2024-06-27T21:34:02.299+0000] {dag.py:3954} INFO - Setting next_dagrun for tutorial_objectstorage to None, run_after=None
[2024-06-27T21:34:02.324+0000] {processor.py:183} INFO - Processing /home/ubuntu/venv/lib/python3.12/site-packages/airflow/example_dags/tutorial_objectstorage.py took 0.070 seconds
[2024-06-27T21:34:44.649+0000] {processor.py:161} INFO - Started process (PID=4231) to work on /home/ubuntu/venv/lib/python3.12/site-packages/airflow/example_dags/tutorial_objectstorage.py
[2024-06-27T21:34:44.651+0000] {processor.py:830} INFO - Processing file /home/ubuntu/venv/lib/python3.12/site-packages/airflow/example_dags/tutorial_objectstorage.py for tasks to queue
[2024-06-27T21:34:44.652+0000] {logging_mixin.py:188} INFO - [2024-06-27T21:34:44.651+0000] {dagbag.py:545} INFO - Filling up the DagBag from /home/ubuntu/venv/lib/python3.12/site-packages/airflow/example_dags/tutorial_objectstorage.py
[2024-06-27T21:34:44.661+0000] {processor.py:840} INFO - DAG(s) 'tutorial_objectstorage' retrieved from /home/ubuntu/venv/lib/python3.12/site-packages/airflow/example_dags/tutorial_objectstorage.py
[2024-06-27T21:34:44.676+0000] {logging_mixin.py:188} INFO - [2024-06-27T21:34:44.676+0000] {dag.py:3096} INFO - Sync 1 DAGs
[2024-06-27T21:34:44.688+0000] {logging_mixin.py:188} INFO - [2024-06-27T21:34:44.688+0000] {dag.py:3954} INFO - Setting next_dagrun for tutorial_objectstorage to None, run_after=None
[2024-06-27T21:34:44.712+0000] {processor.py:183} INFO - Processing /home/ubuntu/venv/lib/python3.12/site-packages/airflow/example_dags/tutorial_objectstorage.py took 0.068 seconds
[2024-06-27T21:35:26.361+0000] {processor.py:161} INFO - Started process (PID=4278) to work on /home/ubuntu/venv/lib/python3.12/site-packages/airflow/example_dags/tutorial_objectstorage.py
[2024-06-27T21:35:26.363+0000] {processor.py:830} INFO - Processing file /home/ubuntu/venv/lib/python3.12/site-packages/airflow/example_dags/tutorial_objectstorage.py for tasks to queue
[2024-06-27T21:35:26.364+0000] {logging_mixin.py:188} INFO - [2024-06-27T21:35:26.363+0000] {dagbag.py:545} INFO - Filling up the DagBag from /home/ubuntu/venv/lib/python3.12/site-packages/airflow/example_dags/tutorial_objectstorage.py
[2024-06-27T21:35:26.372+0000] {processor.py:840} INFO - DAG(s) 'tutorial_objectstorage' retrieved from /home/ubuntu/venv/lib/python3.12/site-packages/airflow/example_dags/tutorial_objectstorage.py
[2024-06-27T21:35:26.388+0000] {logging_mixin.py:188} INFO - [2024-06-27T21:35:26.387+0000] {dag.py:3096} INFO - Sync 1 DAGs
[2024-06-27T21:35:26.400+0000] {logging_mixin.py:188} INFO - [2024-06-27T21:35:26.400+0000] {dag.py:3954} INFO - Setting next_dagrun for tutorial_objectstorage to None, run_after=None
[2024-06-27T21:35:26.422+0000] {processor.py:183} INFO - Processing /home/ubuntu/venv/lib/python3.12/site-packages/airflow/example_dags/tutorial_objectstorage.py took 0.067 seconds
[2024-06-27T21:36:08.951+0000] {processor.py:161} INFO - Started process (PID=4323) to work on /home/ubuntu/venv/lib/python3.12/site-packages/airflow/example_dags/tutorial_objectstorage.py
[2024-06-27T21:36:08.952+0000] {processor.py:830} INFO - Processing file /home/ubuntu/venv/lib/python3.12/site-packages/airflow/example_dags/tutorial_objectstorage.py for tasks to queue
[2024-06-27T21:36:08.953+0000] {logging_mixin.py:188} INFO - [2024-06-27T21:36:08.953+0000] {dagbag.py:545} INFO - Filling up the DagBag from /home/ubuntu/venv/lib/python3.12/site-packages/airflow/example_dags/tutorial_objectstorage.py
[2024-06-27T21:36:08.962+0000] {processor.py:840} INFO - DAG(s) 'tutorial_objectstorage' retrieved from /home/ubuntu/venv/lib/python3.12/site-packages/airflow/example_dags/tutorial_objectstorage.py
[2024-06-27T21:36:08.978+0000] {logging_mixin.py:188} INFO - [2024-06-27T21:36:08.977+0000] {dag.py:3096} INFO - Sync 1 DAGs
[2024-06-27T21:36:08.990+0000] {logging_mixin.py:188} INFO - [2024-06-27T21:36:08.990+0000] {dag.py:3954} INFO - Setting next_dagrun for tutorial_objectstorage to None, run_after=None
[2024-06-27T21:36:09.013+0000] {processor.py:183} INFO - Processing /home/ubuntu/venv/lib/python3.12/site-packages/airflow/example_dags/tutorial_objectstorage.py took 0.068 seconds
[2024-06-27T21:36:52.208+0000] {processor.py:161} INFO - Started process (PID=4366) to work on /home/ubuntu/venv/lib/python3.12/site-packages/airflow/example_dags/tutorial_objectstorage.py
[2024-06-27T21:36:52.210+0000] {processor.py:830} INFO - Processing file /home/ubuntu/venv/lib/python3.12/site-packages/airflow/example_dags/tutorial_objectstorage.py for tasks to queue
[2024-06-27T21:36:52.210+0000] {logging_mixin.py:188} INFO - [2024-06-27T21:36:52.210+0000] {dagbag.py:545} INFO - Filling up the DagBag from /home/ubuntu/venv/lib/python3.12/site-packages/airflow/example_dags/tutorial_objectstorage.py
[2024-06-27T21:36:52.220+0000] {processor.py:840} INFO - DAG(s) 'tutorial_objectstorage' retrieved from /home/ubuntu/venv/lib/python3.12/site-packages/airflow/example_dags/tutorial_objectstorage.py
[2024-06-27T21:36:52.236+0000] {logging_mixin.py:188} INFO - [2024-06-27T21:36:52.235+0000] {dag.py:3096} INFO - Sync 1 DAGs
[2024-06-27T21:36:52.248+0000] {logging_mixin.py:188} INFO - [2024-06-27T21:36:52.248+0000] {dag.py:3954} INFO - Setting next_dagrun for tutorial_objectstorage to None, run_after=None
[2024-06-27T21:36:52.272+0000] {processor.py:183} INFO - Processing /home/ubuntu/venv/lib/python3.12/site-packages/airflow/example_dags/tutorial_objectstorage.py took 0.070 seconds
[2024-06-27T21:37:35.217+0000] {processor.py:161} INFO - Started process (PID=4410) to work on /home/ubuntu/venv/lib/python3.12/site-packages/airflow/example_dags/tutorial_objectstorage.py
[2024-06-27T21:37:35.219+0000] {processor.py:830} INFO - Processing file /home/ubuntu/venv/lib/python3.12/site-packages/airflow/example_dags/tutorial_objectstorage.py for tasks to queue
[2024-06-27T21:37:35.220+0000] {logging_mixin.py:188} INFO - [2024-06-27T21:37:35.219+0000] {dagbag.py:545} INFO - Filling up the DagBag from /home/ubuntu/venv/lib/python3.12/site-packages/airflow/example_dags/tutorial_objectstorage.py
[2024-06-27T21:37:35.229+0000] {processor.py:840} INFO - DAG(s) 'tutorial_objectstorage' retrieved from /home/ubuntu/venv/lib/python3.12/site-packages/airflow/example_dags/tutorial_objectstorage.py
[2024-06-27T21:37:35.244+0000] {logging_mixin.py:188} INFO - [2024-06-27T21:37:35.244+0000] {dag.py:3096} INFO - Sync 1 DAGs
[2024-06-27T21:37:35.257+0000] {logging_mixin.py:188} INFO - [2024-06-27T21:37:35.256+0000] {dag.py:3954} INFO - Setting next_dagrun for tutorial_objectstorage to None, run_after=None
[2024-06-27T21:37:35.280+0000] {processor.py:183} INFO - Processing /home/ubuntu/venv/lib/python3.12/site-packages/airflow/example_dags/tutorial_objectstorage.py took 0.068 seconds
[2024-06-27T21:38:27.405+0000] {processor.py:161} INFO - Started process (PID=4466) to work on /home/ubuntu/venv/lib/python3.12/site-packages/airflow/example_dags/tutorial_objectstorage.py
[2024-06-27T21:38:27.407+0000] {processor.py:830} INFO - Processing file /home/ubuntu/venv/lib/python3.12/site-packages/airflow/example_dags/tutorial_objectstorage.py for tasks to queue
[2024-06-27T21:38:27.408+0000] {logging_mixin.py:188} INFO - [2024-06-27T21:38:27.408+0000] {dagbag.py:545} INFO - Filling up the DagBag from /home/ubuntu/venv/lib/python3.12/site-packages/airflow/example_dags/tutorial_objectstorage.py
[2024-06-27T21:38:27.417+0000] {processor.py:840} INFO - DAG(s) 'tutorial_objectstorage' retrieved from /home/ubuntu/venv/lib/python3.12/site-packages/airflow/example_dags/tutorial_objectstorage.py
[2024-06-27T21:38:27.433+0000] {logging_mixin.py:188} INFO - [2024-06-27T21:38:27.433+0000] {dag.py:3096} INFO - Sync 1 DAGs
[2024-06-27T21:38:27.445+0000] {logging_mixin.py:188} INFO - [2024-06-27T21:38:27.445+0000] {dag.py:3954} INFO - Setting next_dagrun for tutorial_objectstorage to None, run_after=None
[2024-06-27T21:38:27.467+0000] {processor.py:183} INFO - Processing /home/ubuntu/venv/lib/python3.12/site-packages/airflow/example_dags/tutorial_objectstorage.py took 0.068 seconds
[2024-06-27T21:39:13.575+0000] {processor.py:161} INFO - Started process (PID=4514) to work on /home/ubuntu/venv/lib/python3.12/site-packages/airflow/example_dags/tutorial_objectstorage.py
[2024-06-27T21:39:13.576+0000] {processor.py:830} INFO - Processing file /home/ubuntu/venv/lib/python3.12/site-packages/airflow/example_dags/tutorial_objectstorage.py for tasks to queue
[2024-06-27T21:39:13.577+0000] {logging_mixin.py:188} INFO - [2024-06-27T21:39:13.577+0000] {dagbag.py:545} INFO - Filling up the DagBag from /home/ubuntu/venv/lib/python3.12/site-packages/airflow/example_dags/tutorial_objectstorage.py
[2024-06-27T21:39:13.586+0000] {processor.py:840} INFO - DAG(s) 'tutorial_objectstorage' retrieved from /home/ubuntu/venv/lib/python3.12/site-packages/airflow/example_dags/tutorial_objectstorage.py
[2024-06-27T21:39:13.602+0000] {logging_mixin.py:188} INFO - [2024-06-27T21:39:13.602+0000] {dag.py:3096} INFO - Sync 1 DAGs
[2024-06-27T21:39:13.615+0000] {logging_mixin.py:188} INFO - [2024-06-27T21:39:13.614+0000] {dag.py:3954} INFO - Setting next_dagrun for tutorial_objectstorage to None, run_after=None
[2024-06-27T21:39:13.638+0000] {processor.py:183} INFO - Processing /home/ubuntu/venv/lib/python3.12/site-packages/airflow/example_dags/tutorial_objectstorage.py took 0.069 seconds
[2024-06-27T21:39:55.200+0000] {processor.py:161} INFO - Started process (PID=4557) to work on /home/ubuntu/venv/lib/python3.12/site-packages/airflow/example_dags/tutorial_objectstorage.py
[2024-06-27T21:39:55.201+0000] {processor.py:830} INFO - Processing file /home/ubuntu/venv/lib/python3.12/site-packages/airflow/example_dags/tutorial_objectstorage.py for tasks to queue
[2024-06-27T21:39:55.202+0000] {logging_mixin.py:188} INFO - [2024-06-27T21:39:55.202+0000] {dagbag.py:545} INFO - Filling up the DagBag from /home/ubuntu/venv/lib/python3.12/site-packages/airflow/example_dags/tutorial_objectstorage.py
[2024-06-27T21:39:55.211+0000] {processor.py:840} INFO - DAG(s) 'tutorial_objectstorage' retrieved from /home/ubuntu/venv/lib/python3.12/site-packages/airflow/example_dags/tutorial_objectstorage.py
[2024-06-27T21:39:55.226+0000] {logging_mixin.py:188} INFO - [2024-06-27T21:39:55.226+0000] {dag.py:3096} INFO - Sync 1 DAGs
[2024-06-27T21:39:55.238+0000] {logging_mixin.py:188} INFO - [2024-06-27T21:39:55.238+0000] {dag.py:3954} INFO - Setting next_dagrun for tutorial_objectstorage to None, run_after=None
[2024-06-27T21:39:55.260+0000] {processor.py:183} INFO - Processing /home/ubuntu/venv/lib/python3.12/site-packages/airflow/example_dags/tutorial_objectstorage.py took 0.066 seconds
[2024-06-27T21:40:37.676+0000] {processor.py:161} INFO - Started process (PID=4603) to work on /home/ubuntu/venv/lib/python3.12/site-packages/airflow/example_dags/tutorial_objectstorage.py
[2024-06-27T21:40:37.678+0000] {processor.py:830} INFO - Processing file /home/ubuntu/venv/lib/python3.12/site-packages/airflow/example_dags/tutorial_objectstorage.py for tasks to queue
[2024-06-27T21:40:37.679+0000] {logging_mixin.py:188} INFO - [2024-06-27T21:40:37.678+0000] {dagbag.py:545} INFO - Filling up the DagBag from /home/ubuntu/venv/lib/python3.12/site-packages/airflow/example_dags/tutorial_objectstorage.py
[2024-06-27T21:40:37.688+0000] {processor.py:840} INFO - DAG(s) 'tutorial_objectstorage' retrieved from /home/ubuntu/venv/lib/python3.12/site-packages/airflow/example_dags/tutorial_objectstorage.py
[2024-06-27T21:40:37.704+0000] {logging_mixin.py:188} INFO - [2024-06-27T21:40:37.704+0000] {dag.py:3096} INFO - Sync 1 DAGs
[2024-06-27T21:40:37.717+0000] {logging_mixin.py:188} INFO - [2024-06-27T21:40:37.717+0000] {dag.py:3954} INFO - Setting next_dagrun for tutorial_objectstorage to None, run_after=None
[2024-06-27T21:40:37.740+0000] {processor.py:183} INFO - Processing /home/ubuntu/venv/lib/python3.12/site-packages/airflow/example_dags/tutorial_objectstorage.py took 0.070 seconds
[2024-06-27T21:41:22.322+0000] {processor.py:161} INFO - Started process (PID=4648) to work on /home/ubuntu/venv/lib/python3.12/site-packages/airflow/example_dags/tutorial_objectstorage.py
[2024-06-27T21:41:22.324+0000] {processor.py:830} INFO - Processing file /home/ubuntu/venv/lib/python3.12/site-packages/airflow/example_dags/tutorial_objectstorage.py for tasks to queue
[2024-06-27T21:41:22.324+0000] {logging_mixin.py:188} INFO - [2024-06-27T21:41:22.324+0000] {dagbag.py:545} INFO - Filling up the DagBag from /home/ubuntu/venv/lib/python3.12/site-packages/airflow/example_dags/tutorial_objectstorage.py
[2024-06-27T21:41:22.333+0000] {processor.py:840} INFO - DAG(s) 'tutorial_objectstorage' retrieved from /home/ubuntu/venv/lib/python3.12/site-packages/airflow/example_dags/tutorial_objectstorage.py
[2024-06-27T21:41:22.349+0000] {logging_mixin.py:188} INFO - [2024-06-27T21:41:22.349+0000] {dag.py:3096} INFO - Sync 1 DAGs
[2024-06-27T21:41:22.362+0000] {logging_mixin.py:188} INFO - [2024-06-27T21:41:22.361+0000] {dag.py:3954} INFO - Setting next_dagrun for tutorial_objectstorage to None, run_after=None
[2024-06-27T21:41:22.384+0000] {processor.py:183} INFO - Processing /home/ubuntu/venv/lib/python3.12/site-packages/airflow/example_dags/tutorial_objectstorage.py took 0.068 seconds
[2024-06-27T21:42:06.621+0000] {processor.py:161} INFO - Started process (PID=4694) to work on /home/ubuntu/venv/lib/python3.12/site-packages/airflow/example_dags/tutorial_objectstorage.py
[2024-06-27T21:42:06.622+0000] {processor.py:830} INFO - Processing file /home/ubuntu/venv/lib/python3.12/site-packages/airflow/example_dags/tutorial_objectstorage.py for tasks to queue
[2024-06-27T21:42:06.623+0000] {logging_mixin.py:188} INFO - [2024-06-27T21:42:06.623+0000] {dagbag.py:545} INFO - Filling up the DagBag from /home/ubuntu/venv/lib/python3.12/site-packages/airflow/example_dags/tutorial_objectstorage.py
[2024-06-27T21:42:06.632+0000] {processor.py:840} INFO - DAG(s) 'tutorial_objectstorage' retrieved from /home/ubuntu/venv/lib/python3.12/site-packages/airflow/example_dags/tutorial_objectstorage.py
[2024-06-27T21:42:06.648+0000] {logging_mixin.py:188} INFO - [2024-06-27T21:42:06.648+0000] {dag.py:3096} INFO - Sync 1 DAGs
[2024-06-27T21:42:06.661+0000] {logging_mixin.py:188} INFO - [2024-06-27T21:42:06.661+0000] {dag.py:3954} INFO - Setting next_dagrun for tutorial_objectstorage to None, run_after=None
[2024-06-27T21:42:06.684+0000] {processor.py:183} INFO - Processing /home/ubuntu/venv/lib/python3.12/site-packages/airflow/example_dags/tutorial_objectstorage.py took 0.069 seconds
[2024-06-27T21:42:50.496+0000] {processor.py:161} INFO - Started process (PID=4740) to work on /home/ubuntu/venv/lib/python3.12/site-packages/airflow/example_dags/tutorial_objectstorage.py
[2024-06-27T21:42:50.497+0000] {processor.py:830} INFO - Processing file /home/ubuntu/venv/lib/python3.12/site-packages/airflow/example_dags/tutorial_objectstorage.py for tasks to queue
[2024-06-27T21:42:50.498+0000] {logging_mixin.py:188} INFO - [2024-06-27T21:42:50.498+0000] {dagbag.py:545} INFO - Filling up the DagBag from /home/ubuntu/venv/lib/python3.12/site-packages/airflow/example_dags/tutorial_objectstorage.py
[2024-06-27T21:42:50.507+0000] {processor.py:840} INFO - DAG(s) 'tutorial_objectstorage' retrieved from /home/ubuntu/venv/lib/python3.12/site-packages/airflow/example_dags/tutorial_objectstorage.py
[2024-06-27T21:42:50.523+0000] {logging_mixin.py:188} INFO - [2024-06-27T21:42:50.522+0000] {dag.py:3096} INFO - Sync 1 DAGs
[2024-06-27T21:42:50.535+0000] {logging_mixin.py:188} INFO - [2024-06-27T21:42:50.535+0000] {dag.py:3954} INFO - Setting next_dagrun for tutorial_objectstorage to None, run_after=None
[2024-06-27T21:42:50.558+0000] {processor.py:183} INFO - Processing /home/ubuntu/venv/lib/python3.12/site-packages/airflow/example_dags/tutorial_objectstorage.py took 0.068 seconds
[2024-06-27T21:43:33.621+0000] {processor.py:161} INFO - Started process (PID=4783) to work on /home/ubuntu/venv/lib/python3.12/site-packages/airflow/example_dags/tutorial_objectstorage.py
[2024-06-27T21:43:33.623+0000] {processor.py:830} INFO - Processing file /home/ubuntu/venv/lib/python3.12/site-packages/airflow/example_dags/tutorial_objectstorage.py for tasks to queue
[2024-06-27T21:43:33.624+0000] {logging_mixin.py:188} INFO - [2024-06-27T21:43:33.623+0000] {dagbag.py:545} INFO - Filling up the DagBag from /home/ubuntu/venv/lib/python3.12/site-packages/airflow/example_dags/tutorial_objectstorage.py
[2024-06-27T21:43:33.633+0000] {processor.py:840} INFO - DAG(s) 'tutorial_objectstorage' retrieved from /home/ubuntu/venv/lib/python3.12/site-packages/airflow/example_dags/tutorial_objectstorage.py
[2024-06-27T21:43:33.649+0000] {logging_mixin.py:188} INFO - [2024-06-27T21:43:33.648+0000] {dag.py:3096} INFO - Sync 1 DAGs
[2024-06-27T21:43:33.661+0000] {logging_mixin.py:188} INFO - [2024-06-27T21:43:33.661+0000] {dag.py:3954} INFO - Setting next_dagrun for tutorial_objectstorage to None, run_after=None
[2024-06-27T21:43:33.684+0000] {processor.py:183} INFO - Processing /home/ubuntu/venv/lib/python3.12/site-packages/airflow/example_dags/tutorial_objectstorage.py took 0.069 seconds
[2024-06-27T21:44:18.364+0000] {processor.py:161} INFO - Started process (PID=4829) to work on /home/ubuntu/venv/lib/python3.12/site-packages/airflow/example_dags/tutorial_objectstorage.py
[2024-06-27T21:44:18.366+0000] {processor.py:830} INFO - Processing file /home/ubuntu/venv/lib/python3.12/site-packages/airflow/example_dags/tutorial_objectstorage.py for tasks to queue
[2024-06-27T21:44:18.366+0000] {logging_mixin.py:188} INFO - [2024-06-27T21:44:18.366+0000] {dagbag.py:545} INFO - Filling up the DagBag from /home/ubuntu/venv/lib/python3.12/site-packages/airflow/example_dags/tutorial_objectstorage.py
[2024-06-27T21:44:18.376+0000] {processor.py:840} INFO - DAG(s) 'tutorial_objectstorage' retrieved from /home/ubuntu/venv/lib/python3.12/site-packages/airflow/example_dags/tutorial_objectstorage.py
[2024-06-27T21:44:18.392+0000] {logging_mixin.py:188} INFO - [2024-06-27T21:44:18.392+0000] {dag.py:3096} INFO - Sync 1 DAGs
[2024-06-27T21:44:18.405+0000] {logging_mixin.py:188} INFO - [2024-06-27T21:44:18.405+0000] {dag.py:3954} INFO - Setting next_dagrun for tutorial_objectstorage to None, run_after=None
[2024-06-27T21:44:18.430+0000] {processor.py:183} INFO - Processing /home/ubuntu/venv/lib/python3.12/site-packages/airflow/example_dags/tutorial_objectstorage.py took 0.072 seconds
[2024-06-27T21:45:01.606+0000] {processor.py:161} INFO - Started process (PID=4920) to work on /home/ubuntu/venv/lib/python3.12/site-packages/airflow/example_dags/tutorial_objectstorage.py
[2024-06-27T21:45:01.608+0000] {processor.py:830} INFO - Processing file /home/ubuntu/venv/lib/python3.12/site-packages/airflow/example_dags/tutorial_objectstorage.py for tasks to queue
[2024-06-27T21:45:01.609+0000] {logging_mixin.py:188} INFO - [2024-06-27T21:45:01.609+0000] {dagbag.py:545} INFO - Filling up the DagBag from /home/ubuntu/venv/lib/python3.12/site-packages/airflow/example_dags/tutorial_objectstorage.py
[2024-06-27T21:45:01.618+0000] {processor.py:840} INFO - DAG(s) 'tutorial_objectstorage' retrieved from /home/ubuntu/venv/lib/python3.12/site-packages/airflow/example_dags/tutorial_objectstorage.py
[2024-06-27T21:45:01.634+0000] {logging_mixin.py:188} INFO - [2024-06-27T21:45:01.634+0000] {dag.py:3096} INFO - Sync 1 DAGs
[2024-06-27T21:45:01.647+0000] {logging_mixin.py:188} INFO - [2024-06-27T21:45:01.647+0000] {dag.py:3954} INFO - Setting next_dagrun for tutorial_objectstorage to None, run_after=None
[2024-06-27T21:45:01.671+0000] {processor.py:183} INFO - Processing /home/ubuntu/venv/lib/python3.12/site-packages/airflow/example_dags/tutorial_objectstorage.py took 0.072 seconds
[2024-06-27T21:45:48.017+0000] {processor.py:161} INFO - Started process (PID=4968) to work on /home/ubuntu/venv/lib/python3.12/site-packages/airflow/example_dags/tutorial_objectstorage.py
[2024-06-27T21:45:48.018+0000] {processor.py:830} INFO - Processing file /home/ubuntu/venv/lib/python3.12/site-packages/airflow/example_dags/tutorial_objectstorage.py for tasks to queue
[2024-06-27T21:45:48.019+0000] {logging_mixin.py:188} INFO - [2024-06-27T21:45:48.019+0000] {dagbag.py:545} INFO - Filling up the DagBag from /home/ubuntu/venv/lib/python3.12/site-packages/airflow/example_dags/tutorial_objectstorage.py
[2024-06-27T21:45:48.028+0000] {processor.py:840} INFO - DAG(s) 'tutorial_objectstorage' retrieved from /home/ubuntu/venv/lib/python3.12/site-packages/airflow/example_dags/tutorial_objectstorage.py
[2024-06-27T21:45:48.044+0000] {logging_mixin.py:188} INFO - [2024-06-27T21:45:48.044+0000] {dag.py:3096} INFO - Sync 1 DAGs
[2024-06-27T21:45:48.056+0000] {logging_mixin.py:188} INFO - [2024-06-27T21:45:48.056+0000] {dag.py:3954} INFO - Setting next_dagrun for tutorial_objectstorage to None, run_after=None
[2024-06-27T21:45:48.191+0000] {processor.py:183} INFO - Processing /home/ubuntu/venv/lib/python3.12/site-packages/airflow/example_dags/tutorial_objectstorage.py took 0.180 seconds
[2024-06-27T21:46:39.600+0000] {processor.py:161} INFO - Started process (PID=5015) to work on /home/ubuntu/venv/lib/python3.12/site-packages/airflow/example_dags/tutorial_objectstorage.py
[2024-06-27T21:46:39.602+0000] {processor.py:830} INFO - Processing file /home/ubuntu/venv/lib/python3.12/site-packages/airflow/example_dags/tutorial_objectstorage.py for tasks to queue
[2024-06-27T21:46:39.603+0000] {logging_mixin.py:188} INFO - [2024-06-27T21:46:39.602+0000] {dagbag.py:545} INFO - Filling up the DagBag from /home/ubuntu/venv/lib/python3.12/site-packages/airflow/example_dags/tutorial_objectstorage.py
[2024-06-27T21:46:39.611+0000] {processor.py:840} INFO - DAG(s) 'tutorial_objectstorage' retrieved from /home/ubuntu/venv/lib/python3.12/site-packages/airflow/example_dags/tutorial_objectstorage.py
[2024-06-27T21:46:39.628+0000] {logging_mixin.py:188} INFO - [2024-06-27T21:46:39.627+0000] {dag.py:3096} INFO - Sync 1 DAGs
[2024-06-27T21:46:39.641+0000] {logging_mixin.py:188} INFO - [2024-06-27T21:46:39.640+0000] {dag.py:3954} INFO - Setting next_dagrun for tutorial_objectstorage to None, run_after=None
[2024-06-27T21:46:39.663+0000] {processor.py:183} INFO - Processing /home/ubuntu/venv/lib/python3.12/site-packages/airflow/example_dags/tutorial_objectstorage.py took 0.069 seconds
[2024-06-27T21:47:28.756+0000] {processor.py:161} INFO - Started process (PID=5063) to work on /home/ubuntu/venv/lib/python3.12/site-packages/airflow/example_dags/tutorial_objectstorage.py
[2024-06-27T21:47:28.758+0000] {processor.py:830} INFO - Processing file /home/ubuntu/venv/lib/python3.12/site-packages/airflow/example_dags/tutorial_objectstorage.py for tasks to queue
[2024-06-27T21:47:28.759+0000] {logging_mixin.py:188} INFO - [2024-06-27T21:47:28.758+0000] {dagbag.py:545} INFO - Filling up the DagBag from /home/ubuntu/venv/lib/python3.12/site-packages/airflow/example_dags/tutorial_objectstorage.py
[2024-06-27T21:47:28.768+0000] {processor.py:840} INFO - DAG(s) 'tutorial_objectstorage' retrieved from /home/ubuntu/venv/lib/python3.12/site-packages/airflow/example_dags/tutorial_objectstorage.py
[2024-06-27T21:47:28.784+0000] {logging_mixin.py:188} INFO - [2024-06-27T21:47:28.783+0000] {dag.py:3096} INFO - Sync 1 DAGs
[2024-06-27T21:47:28.796+0000] {logging_mixin.py:188} INFO - [2024-06-27T21:47:28.796+0000] {dag.py:3954} INFO - Setting next_dagrun for tutorial_objectstorage to None, run_after=None
[2024-06-27T21:47:28.818+0000] {processor.py:183} INFO - Processing /home/ubuntu/venv/lib/python3.12/site-packages/airflow/example_dags/tutorial_objectstorage.py took 0.068 seconds
[2024-06-27T21:48:14.776+0000] {processor.py:161} INFO - Started process (PID=5236) to work on /home/ubuntu/venv/lib/python3.12/site-packages/airflow/example_dags/tutorial_objectstorage.py
[2024-06-27T21:48:14.778+0000] {processor.py:830} INFO - Processing file /home/ubuntu/venv/lib/python3.12/site-packages/airflow/example_dags/tutorial_objectstorage.py for tasks to queue
[2024-06-27T21:48:14.778+0000] {logging_mixin.py:188} INFO - [2024-06-27T21:48:14.778+0000] {dagbag.py:545} INFO - Filling up the DagBag from /home/ubuntu/venv/lib/python3.12/site-packages/airflow/example_dags/tutorial_objectstorage.py
[2024-06-27T21:48:14.787+0000] {processor.py:840} INFO - DAG(s) 'tutorial_objectstorage' retrieved from /home/ubuntu/venv/lib/python3.12/site-packages/airflow/example_dags/tutorial_objectstorage.py
[2024-06-27T21:48:14.803+0000] {logging_mixin.py:188} INFO - [2024-06-27T21:48:14.803+0000] {dag.py:3096} INFO - Sync 1 DAGs
[2024-06-27T21:48:14.817+0000] {logging_mixin.py:188} INFO - [2024-06-27T21:48:14.816+0000] {dag.py:3954} INFO - Setting next_dagrun for tutorial_objectstorage to None, run_after=None
[2024-06-27T21:48:14.840+0000] {processor.py:183} INFO - Processing /home/ubuntu/venv/lib/python3.12/site-packages/airflow/example_dags/tutorial_objectstorage.py took 0.071 seconds
[2024-06-27T21:48:59.078+0000] {processor.py:161} INFO - Started process (PID=5283) to work on /home/ubuntu/venv/lib/python3.12/site-packages/airflow/example_dags/tutorial_objectstorage.py
[2024-06-27T21:48:59.080+0000] {processor.py:830} INFO - Processing file /home/ubuntu/venv/lib/python3.12/site-packages/airflow/example_dags/tutorial_objectstorage.py for tasks to queue
[2024-06-27T21:48:59.081+0000] {logging_mixin.py:188} INFO - [2024-06-27T21:48:59.080+0000] {dagbag.py:545} INFO - Filling up the DagBag from /home/ubuntu/venv/lib/python3.12/site-packages/airflow/example_dags/tutorial_objectstorage.py
[2024-06-27T21:48:59.089+0000] {processor.py:840} INFO - DAG(s) 'tutorial_objectstorage' retrieved from /home/ubuntu/venv/lib/python3.12/site-packages/airflow/example_dags/tutorial_objectstorage.py
[2024-06-27T21:48:59.105+0000] {logging_mixin.py:188} INFO - [2024-06-27T21:48:59.105+0000] {dag.py:3096} INFO - Sync 1 DAGs
[2024-06-27T21:48:59.117+0000] {logging_mixin.py:188} INFO - [2024-06-27T21:48:59.117+0000] {dag.py:3954} INFO - Setting next_dagrun for tutorial_objectstorage to None, run_after=None
[2024-06-27T21:48:59.140+0000] {processor.py:183} INFO - Processing /home/ubuntu/venv/lib/python3.12/site-packages/airflow/example_dags/tutorial_objectstorage.py took 0.070 seconds
[2024-06-27T21:49:48.830+0000] {processor.py:161} INFO - Started process (PID=5335) to work on /home/ubuntu/venv/lib/python3.12/site-packages/airflow/example_dags/tutorial_objectstorage.py
[2024-06-27T21:49:48.832+0000] {processor.py:830} INFO - Processing file /home/ubuntu/venv/lib/python3.12/site-packages/airflow/example_dags/tutorial_objectstorage.py for tasks to queue
[2024-06-27T21:49:48.833+0000] {logging_mixin.py:188} INFO - [2024-06-27T21:49:48.832+0000] {dagbag.py:545} INFO - Filling up the DagBag from /home/ubuntu/venv/lib/python3.12/site-packages/airflow/example_dags/tutorial_objectstorage.py
[2024-06-27T21:49:48.841+0000] {processor.py:840} INFO - DAG(s) 'tutorial_objectstorage' retrieved from /home/ubuntu/venv/lib/python3.12/site-packages/airflow/example_dags/tutorial_objectstorage.py
[2024-06-27T21:49:48.857+0000] {logging_mixin.py:188} INFO - [2024-06-27T21:49:48.856+0000] {dag.py:3096} INFO - Sync 1 DAGs
[2024-06-27T21:49:48.869+0000] {logging_mixin.py:188} INFO - [2024-06-27T21:49:48.869+0000] {dag.py:3954} INFO - Setting next_dagrun for tutorial_objectstorage to None, run_after=None
[2024-06-27T21:49:48.892+0000] {processor.py:183} INFO - Processing /home/ubuntu/venv/lib/python3.12/site-packages/airflow/example_dags/tutorial_objectstorage.py took 0.069 seconds
