[2024-06-27T21:19:31.531+0000] {processor.py:161} INFO - Started process (PID=2934) to work on /home/ubuntu/venv/lib/python3.12/site-packages/airflow/example_dags/tutorial.py
[2024-06-27T21:19:31.533+0000] {processor.py:830} INFO - Processing file /home/ubuntu/venv/lib/python3.12/site-packages/airflow/example_dags/tutorial.py for tasks to queue
[2024-06-27T21:19:31.535+0000] {logging_mixin.py:188} INFO - [2024-06-27T21:19:31.535+0000] {dagbag.py:545} INFO - Filling up the DagBag from /home/ubuntu/venv/lib/python3.12/site-packages/airflow/example_dags/tutorial.py
[2024-06-27T21:19:31.550+0000] {processor.py:840} INFO - DAG(s) 'tutorial' retrieved from /home/ubuntu/venv/lib/python3.12/site-packages/airflow/example_dags/tutorial.py
[2024-06-27T21:19:31.722+0000] {logging_mixin.py:188} INFO - [2024-06-27T21:19:31.721+0000] {override.py:1847} INFO - Created Permission View: can read on DAG:tutorial
[2024-06-27T21:19:31.735+0000] {logging_mixin.py:188} INFO - [2024-06-27T21:19:31.735+0000] {override.py:1847} INFO - Created Permission View: can delete on DAG:tutorial
[2024-06-27T21:19:31.746+0000] {logging_mixin.py:188} INFO - [2024-06-27T21:19:31.746+0000] {override.py:1847} INFO - Created Permission View: can edit on DAG:tutorial
[2024-06-27T21:19:31.747+0000] {logging_mixin.py:188} INFO - [2024-06-27T21:19:31.747+0000] {dag.py:3096} INFO - Sync 1 DAGs
[2024-06-27T21:19:31.758+0000] {logging_mixin.py:188} INFO - [2024-06-27T21:19:31.757+0000] {dag.py:3118} INFO - Creating ORM DAG for tutorial
[2024-06-27T21:19:31.767+0000] {logging_mixin.py:188} INFO - [2024-06-27T21:19:31.767+0000] {dag.py:3954} INFO - Setting next_dagrun for tutorial to 2024-06-26 00:00:00+00:00, run_after=2024-06-27 00:00:00+00:00
[2024-06-27T21:19:31.790+0000] {processor.py:183} INFO - Processing /home/ubuntu/venv/lib/python3.12/site-packages/airflow/example_dags/tutorial.py took 0.268 seconds
[2024-06-27T21:20:30.685+0000] {processor.py:161} INFO - Started process (PID=2993) to work on /home/ubuntu/venv/lib/python3.12/site-packages/airflow/example_dags/tutorial.py
[2024-06-27T21:20:30.687+0000] {processor.py:830} INFO - Processing file /home/ubuntu/venv/lib/python3.12/site-packages/airflow/example_dags/tutorial.py for tasks to queue
[2024-06-27T21:20:30.689+0000] {logging_mixin.py:188} INFO - [2024-06-27T21:20:30.688+0000] {dagbag.py:545} INFO - Filling up the DagBag from /home/ubuntu/venv/lib/python3.12/site-packages/airflow/example_dags/tutorial.py
[2024-06-27T21:20:30.695+0000] {processor.py:840} INFO - DAG(s) 'tutorial' retrieved from /home/ubuntu/venv/lib/python3.12/site-packages/airflow/example_dags/tutorial.py
[2024-06-27T21:20:30.711+0000] {logging_mixin.py:188} INFO - [2024-06-27T21:20:30.711+0000] {dag.py:3096} INFO - Sync 1 DAGs
[2024-06-27T21:20:30.731+0000] {logging_mixin.py:188} INFO - [2024-06-27T21:20:30.731+0000] {dag.py:3954} INFO - Setting next_dagrun for tutorial to 2024-06-26 00:00:00+00:00, run_after=2024-06-27 00:00:00+00:00
[2024-06-27T21:20:30.755+0000] {processor.py:183} INFO - Processing /home/ubuntu/venv/lib/python3.12/site-packages/airflow/example_dags/tutorial.py took 0.076 seconds
[2024-06-27T21:21:16.185+0000] {processor.py:161} INFO - Started process (PID=3322) to work on /home/ubuntu/venv/lib/python3.12/site-packages/airflow/example_dags/tutorial.py
[2024-06-27T21:21:16.186+0000] {processor.py:830} INFO - Processing file /home/ubuntu/venv/lib/python3.12/site-packages/airflow/example_dags/tutorial.py for tasks to queue
[2024-06-27T21:21:16.188+0000] {logging_mixin.py:188} INFO - [2024-06-27T21:21:16.187+0000] {dagbag.py:545} INFO - Filling up the DagBag from /home/ubuntu/venv/lib/python3.12/site-packages/airflow/example_dags/tutorial.py
[2024-06-27T21:21:16.194+0000] {processor.py:840} INFO - DAG(s) 'tutorial' retrieved from /home/ubuntu/venv/lib/python3.12/site-packages/airflow/example_dags/tutorial.py
[2024-06-27T21:21:16.211+0000] {logging_mixin.py:188} INFO - [2024-06-27T21:21:16.211+0000] {dag.py:3096} INFO - Sync 1 DAGs
[2024-06-27T21:21:16.231+0000] {logging_mixin.py:188} INFO - [2024-06-27T21:21:16.231+0000] {dag.py:3954} INFO - Setting next_dagrun for tutorial to 2024-06-26 00:00:00+00:00, run_after=2024-06-27 00:00:00+00:00
[2024-06-27T21:21:16.253+0000] {processor.py:183} INFO - Processing /home/ubuntu/venv/lib/python3.12/site-packages/airflow/example_dags/tutorial.py took 0.075 seconds
[2024-06-27T21:21:56.714+0000] {processor.py:161} INFO - Started process (PID=3367) to work on /home/ubuntu/venv/lib/python3.12/site-packages/airflow/example_dags/tutorial.py
[2024-06-27T21:21:56.716+0000] {processor.py:830} INFO - Processing file /home/ubuntu/venv/lib/python3.12/site-packages/airflow/example_dags/tutorial.py for tasks to queue
[2024-06-27T21:21:56.717+0000] {logging_mixin.py:188} INFO - [2024-06-27T21:21:56.717+0000] {dagbag.py:545} INFO - Filling up the DagBag from /home/ubuntu/venv/lib/python3.12/site-packages/airflow/example_dags/tutorial.py
[2024-06-27T21:21:56.724+0000] {processor.py:840} INFO - DAG(s) 'tutorial' retrieved from /home/ubuntu/venv/lib/python3.12/site-packages/airflow/example_dags/tutorial.py
[2024-06-27T21:21:56.740+0000] {logging_mixin.py:188} INFO - [2024-06-27T21:21:56.739+0000] {dag.py:3096} INFO - Sync 1 DAGs
[2024-06-27T21:21:56.760+0000] {logging_mixin.py:188} INFO - [2024-06-27T21:21:56.760+0000] {dag.py:3954} INFO - Setting next_dagrun for tutorial to 2024-06-26 00:00:00+00:00, run_after=2024-06-27 00:00:00+00:00
[2024-06-27T21:21:56.782+0000] {processor.py:183} INFO - Processing /home/ubuntu/venv/lib/python3.12/site-packages/airflow/example_dags/tutorial.py took 0.073 seconds
[2024-06-27T21:22:36.130+0000] {processor.py:161} INFO - Started process (PID=3420) to work on /home/ubuntu/venv/lib/python3.12/site-packages/airflow/example_dags/tutorial.py
[2024-06-27T21:22:36.132+0000] {processor.py:830} INFO - Processing file /home/ubuntu/venv/lib/python3.12/site-packages/airflow/example_dags/tutorial.py for tasks to queue
[2024-06-27T21:22:36.134+0000] {logging_mixin.py:188} INFO - [2024-06-27T21:22:36.133+0000] {dagbag.py:545} INFO - Filling up the DagBag from /home/ubuntu/venv/lib/python3.12/site-packages/airflow/example_dags/tutorial.py
[2024-06-27T21:22:36.140+0000] {processor.py:840} INFO - DAG(s) 'tutorial' retrieved from /home/ubuntu/venv/lib/python3.12/site-packages/airflow/example_dags/tutorial.py
[2024-06-27T21:22:36.156+0000] {logging_mixin.py:188} INFO - [2024-06-27T21:22:36.156+0000] {dag.py:3096} INFO - Sync 1 DAGs
[2024-06-27T21:22:36.176+0000] {logging_mixin.py:188} INFO - [2024-06-27T21:22:36.175+0000] {dag.py:3954} INFO - Setting next_dagrun for tutorial to 2024-06-26 00:00:00+00:00, run_after=2024-06-27 00:00:00+00:00
[2024-06-27T21:22:36.198+0000] {processor.py:183} INFO - Processing /home/ubuntu/venv/lib/python3.12/site-packages/airflow/example_dags/tutorial.py took 0.073 seconds
[2024-06-27T21:23:16.015+0000] {processor.py:161} INFO - Started process (PID=3463) to work on /home/ubuntu/venv/lib/python3.12/site-packages/airflow/example_dags/tutorial.py
[2024-06-27T21:23:16.016+0000] {processor.py:830} INFO - Processing file /home/ubuntu/venv/lib/python3.12/site-packages/airflow/example_dags/tutorial.py for tasks to queue
[2024-06-27T21:23:16.018+0000] {logging_mixin.py:188} INFO - [2024-06-27T21:23:16.018+0000] {dagbag.py:545} INFO - Filling up the DagBag from /home/ubuntu/venv/lib/python3.12/site-packages/airflow/example_dags/tutorial.py
[2024-06-27T21:23:16.025+0000] {processor.py:840} INFO - DAG(s) 'tutorial' retrieved from /home/ubuntu/venv/lib/python3.12/site-packages/airflow/example_dags/tutorial.py
[2024-06-27T21:23:16.041+0000] {logging_mixin.py:188} INFO - [2024-06-27T21:23:16.041+0000] {dag.py:3096} INFO - Sync 1 DAGs
[2024-06-27T21:23:16.062+0000] {logging_mixin.py:188} INFO - [2024-06-27T21:23:16.062+0000] {dag.py:3954} INFO - Setting next_dagrun for tutorial to 2024-06-26 00:00:00+00:00, run_after=2024-06-27 00:00:00+00:00
[2024-06-27T21:23:16.084+0000] {processor.py:183} INFO - Processing /home/ubuntu/venv/lib/python3.12/site-packages/airflow/example_dags/tutorial.py took 0.075 seconds
[2024-06-27T21:23:55.443+0000] {processor.py:161} INFO - Started process (PID=3506) to work on /home/ubuntu/venv/lib/python3.12/site-packages/airflow/example_dags/tutorial.py
[2024-06-27T21:23:55.445+0000] {processor.py:830} INFO - Processing file /home/ubuntu/venv/lib/python3.12/site-packages/airflow/example_dags/tutorial.py for tasks to queue
[2024-06-27T21:23:55.448+0000] {logging_mixin.py:188} INFO - [2024-06-27T21:23:55.447+0000] {dagbag.py:545} INFO - Filling up the DagBag from /home/ubuntu/venv/lib/python3.12/site-packages/airflow/example_dags/tutorial.py
[2024-06-27T21:23:55.458+0000] {processor.py:840} INFO - DAG(s) 'tutorial' retrieved from /home/ubuntu/venv/lib/python3.12/site-packages/airflow/example_dags/tutorial.py
[2024-06-27T21:23:55.483+0000] {logging_mixin.py:188} INFO - [2024-06-27T21:23:55.482+0000] {dag.py:3096} INFO - Sync 1 DAGs
[2024-06-27T21:23:55.514+0000] {logging_mixin.py:188} INFO - [2024-06-27T21:23:55.514+0000] {dag.py:3954} INFO - Setting next_dagrun for tutorial to 2024-06-26 00:00:00+00:00, run_after=2024-06-27 00:00:00+00:00
[2024-06-27T21:23:55.547+0000] {processor.py:183} INFO - Processing /home/ubuntu/venv/lib/python3.12/site-packages/airflow/example_dags/tutorial.py took 0.111 seconds
[2024-06-27T21:24:34.200+0000] {processor.py:161} INFO - Started process (PID=3549) to work on /home/ubuntu/venv/lib/python3.12/site-packages/airflow/example_dags/tutorial.py
[2024-06-27T21:24:34.202+0000] {processor.py:830} INFO - Processing file /home/ubuntu/venv/lib/python3.12/site-packages/airflow/example_dags/tutorial.py for tasks to queue
[2024-06-27T21:24:34.203+0000] {logging_mixin.py:188} INFO - [2024-06-27T21:24:34.202+0000] {dagbag.py:545} INFO - Filling up the DagBag from /home/ubuntu/venv/lib/python3.12/site-packages/airflow/example_dags/tutorial.py
[2024-06-27T21:24:34.210+0000] {processor.py:840} INFO - DAG(s) 'tutorial' retrieved from /home/ubuntu/venv/lib/python3.12/site-packages/airflow/example_dags/tutorial.py
[2024-06-27T21:24:34.226+0000] {logging_mixin.py:188} INFO - [2024-06-27T21:24:34.226+0000] {dag.py:3096} INFO - Sync 1 DAGs
[2024-06-27T21:24:34.246+0000] {logging_mixin.py:188} INFO - [2024-06-27T21:24:34.246+0000] {dag.py:3954} INFO - Setting next_dagrun for tutorial to 2024-06-26 00:00:00+00:00, run_after=2024-06-27 00:00:00+00:00
[2024-06-27T21:24:34.268+0000] {processor.py:183} INFO - Processing /home/ubuntu/venv/lib/python3.12/site-packages/airflow/example_dags/tutorial.py took 0.073 seconds
[2024-06-27T21:25:17.851+0000] {processor.py:161} INFO - Started process (PID=3599) to work on /home/ubuntu/venv/lib/python3.12/site-packages/airflow/example_dags/tutorial.py
[2024-06-27T21:25:17.853+0000] {processor.py:830} INFO - Processing file /home/ubuntu/venv/lib/python3.12/site-packages/airflow/example_dags/tutorial.py for tasks to queue
[2024-06-27T21:25:17.853+0000] {logging_mixin.py:188} INFO - [2024-06-27T21:25:17.853+0000] {dagbag.py:545} INFO - Filling up the DagBag from /home/ubuntu/venv/lib/python3.12/site-packages/airflow/example_dags/tutorial.py
[2024-06-27T21:25:17.861+0000] {processor.py:840} INFO - DAG(s) 'tutorial' retrieved from /home/ubuntu/venv/lib/python3.12/site-packages/airflow/example_dags/tutorial.py
[2024-06-27T21:25:17.878+0000] {logging_mixin.py:188} INFO - [2024-06-27T21:25:17.878+0000] {dag.py:3096} INFO - Sync 1 DAGs
[2024-06-27T21:25:17.899+0000] {logging_mixin.py:188} INFO - [2024-06-27T21:25:17.898+0000] {dag.py:3954} INFO - Setting next_dagrun for tutorial to 2024-06-26 00:00:00+00:00, run_after=2024-06-27 00:00:00+00:00
[2024-06-27T21:25:17.923+0000] {processor.py:183} INFO - Processing /home/ubuntu/venv/lib/python3.12/site-packages/airflow/example_dags/tutorial.py took 0.078 seconds
[2024-06-27T21:25:58.686+0000] {processor.py:161} INFO - Started process (PID=3643) to work on /home/ubuntu/venv/lib/python3.12/site-packages/airflow/example_dags/tutorial.py
[2024-06-27T21:25:58.687+0000] {processor.py:830} INFO - Processing file /home/ubuntu/venv/lib/python3.12/site-packages/airflow/example_dags/tutorial.py for tasks to queue
[2024-06-27T21:25:58.688+0000] {logging_mixin.py:188} INFO - [2024-06-27T21:25:58.687+0000] {dagbag.py:545} INFO - Filling up the DagBag from /home/ubuntu/venv/lib/python3.12/site-packages/airflow/example_dags/tutorial.py
[2024-06-27T21:25:58.695+0000] {processor.py:840} INFO - DAG(s) 'tutorial' retrieved from /home/ubuntu/venv/lib/python3.12/site-packages/airflow/example_dags/tutorial.py
[2024-06-27T21:25:58.711+0000] {logging_mixin.py:188} INFO - [2024-06-27T21:25:58.711+0000] {dag.py:3096} INFO - Sync 1 DAGs
[2024-06-27T21:25:58.731+0000] {logging_mixin.py:188} INFO - [2024-06-27T21:25:58.731+0000] {dag.py:3954} INFO - Setting next_dagrun for tutorial to 2024-06-26 00:00:00+00:00, run_after=2024-06-27 00:00:00+00:00
[2024-06-27T21:25:58.754+0000] {processor.py:183} INFO - Processing /home/ubuntu/venv/lib/python3.12/site-packages/airflow/example_dags/tutorial.py took 0.075 seconds
[2024-06-27T21:26:42.725+0000] {processor.py:161} INFO - Started process (PID=3688) to work on /home/ubuntu/venv/lib/python3.12/site-packages/airflow/example_dags/tutorial.py
[2024-06-27T21:26:42.727+0000] {processor.py:830} INFO - Processing file /home/ubuntu/venv/lib/python3.12/site-packages/airflow/example_dags/tutorial.py for tasks to queue
[2024-06-27T21:26:42.728+0000] {logging_mixin.py:188} INFO - [2024-06-27T21:26:42.727+0000] {dagbag.py:545} INFO - Filling up the DagBag from /home/ubuntu/venv/lib/python3.12/site-packages/airflow/example_dags/tutorial.py
[2024-06-27T21:26:42.735+0000] {processor.py:840} INFO - DAG(s) 'tutorial' retrieved from /home/ubuntu/venv/lib/python3.12/site-packages/airflow/example_dags/tutorial.py
[2024-06-27T21:26:42.752+0000] {logging_mixin.py:188} INFO - [2024-06-27T21:26:42.752+0000] {dag.py:3096} INFO - Sync 1 DAGs
[2024-06-27T21:26:42.774+0000] {logging_mixin.py:188} INFO - [2024-06-27T21:26:42.773+0000] {dag.py:3954} INFO - Setting next_dagrun for tutorial to 2024-06-26 00:00:00+00:00, run_after=2024-06-27 00:00:00+00:00
[2024-06-27T21:26:42.796+0000] {processor.py:183} INFO - Processing /home/ubuntu/venv/lib/python3.12/site-packages/airflow/example_dags/tutorial.py took 0.076 seconds
[2024-06-27T21:27:26.485+0000] {processor.py:161} INFO - Started process (PID=3733) to work on /home/ubuntu/venv/lib/python3.12/site-packages/airflow/example_dags/tutorial.py
[2024-06-27T21:27:26.486+0000] {processor.py:830} INFO - Processing file /home/ubuntu/venv/lib/python3.12/site-packages/airflow/example_dags/tutorial.py for tasks to queue
[2024-06-27T21:27:26.487+0000] {logging_mixin.py:188} INFO - [2024-06-27T21:27:26.487+0000] {dagbag.py:545} INFO - Filling up the DagBag from /home/ubuntu/venv/lib/python3.12/site-packages/airflow/example_dags/tutorial.py
[2024-06-27T21:27:26.495+0000] {processor.py:840} INFO - DAG(s) 'tutorial' retrieved from /home/ubuntu/venv/lib/python3.12/site-packages/airflow/example_dags/tutorial.py
[2024-06-27T21:27:26.512+0000] {logging_mixin.py:188} INFO - [2024-06-27T21:27:26.511+0000] {dag.py:3096} INFO - Sync 1 DAGs
[2024-06-27T21:27:26.532+0000] {logging_mixin.py:188} INFO - [2024-06-27T21:27:26.532+0000] {dag.py:3954} INFO - Setting next_dagrun for tutorial to 2024-06-26 00:00:00+00:00, run_after=2024-06-27 00:00:00+00:00
[2024-06-27T21:27:26.556+0000] {processor.py:183} INFO - Processing /home/ubuntu/venv/lib/python3.12/site-packages/airflow/example_dags/tutorial.py took 0.077 seconds
[2024-06-27T21:28:14.928+0000] {processor.py:161} INFO - Started process (PID=3790) to work on /home/ubuntu/venv/lib/python3.12/site-packages/airflow/example_dags/tutorial.py
[2024-06-27T21:28:14.930+0000] {processor.py:830} INFO - Processing file /home/ubuntu/venv/lib/python3.12/site-packages/airflow/example_dags/tutorial.py for tasks to queue
[2024-06-27T21:28:14.931+0000] {logging_mixin.py:188} INFO - [2024-06-27T21:28:14.930+0000] {dagbag.py:545} INFO - Filling up the DagBag from /home/ubuntu/venv/lib/python3.12/site-packages/airflow/example_dags/tutorial.py
[2024-06-27T21:28:14.938+0000] {processor.py:840} INFO - DAG(s) 'tutorial' retrieved from /home/ubuntu/venv/lib/python3.12/site-packages/airflow/example_dags/tutorial.py
[2024-06-27T21:28:14.954+0000] {logging_mixin.py:188} INFO - [2024-06-27T21:28:14.954+0000] {dag.py:3096} INFO - Sync 1 DAGs
[2024-06-27T21:28:14.976+0000] {logging_mixin.py:188} INFO - [2024-06-27T21:28:14.976+0000] {dag.py:3954} INFO - Setting next_dagrun for tutorial to 2024-06-26 00:00:00+00:00, run_after=2024-06-27 00:00:00+00:00
[2024-06-27T21:28:14.999+0000] {processor.py:183} INFO - Processing /home/ubuntu/venv/lib/python3.12/site-packages/airflow/example_dags/tutorial.py took 0.077 seconds
[2024-06-27T21:29:19.779+0000] {processor.py:161} INFO - Started process (PID=3871) to work on /home/ubuntu/venv/lib/python3.12/site-packages/airflow/example_dags/tutorial.py
[2024-06-27T21:29:19.780+0000] {processor.py:830} INFO - Processing file /home/ubuntu/venv/lib/python3.12/site-packages/airflow/example_dags/tutorial.py for tasks to queue
[2024-06-27T21:29:19.781+0000] {logging_mixin.py:188} INFO - [2024-06-27T21:29:19.781+0000] {dagbag.py:545} INFO - Filling up the DagBag from /home/ubuntu/venv/lib/python3.12/site-packages/airflow/example_dags/tutorial.py
[2024-06-27T21:29:19.788+0000] {processor.py:840} INFO - DAG(s) 'tutorial' retrieved from /home/ubuntu/venv/lib/python3.12/site-packages/airflow/example_dags/tutorial.py
[2024-06-27T21:29:19.805+0000] {logging_mixin.py:188} INFO - [2024-06-27T21:29:19.805+0000] {dag.py:3096} INFO - Sync 1 DAGs
[2024-06-27T21:29:19.826+0000] {logging_mixin.py:188} INFO - [2024-06-27T21:29:19.826+0000] {dag.py:3954} INFO - Setting next_dagrun for tutorial to 2024-06-26 00:00:00+00:00, run_after=2024-06-27 00:00:00+00:00
[2024-06-27T21:29:19.849+0000] {processor.py:183} INFO - Processing /home/ubuntu/venv/lib/python3.12/site-packages/airflow/example_dags/tutorial.py took 0.077 seconds
[2024-06-27T21:30:05.121+0000] {processor.py:161} INFO - Started process (PID=3922) to work on /home/ubuntu/venv/lib/python3.12/site-packages/airflow/example_dags/tutorial.py
[2024-06-27T21:30:05.122+0000] {processor.py:830} INFO - Processing file /home/ubuntu/venv/lib/python3.12/site-packages/airflow/example_dags/tutorial.py for tasks to queue
[2024-06-27T21:30:05.123+0000] {logging_mixin.py:188} INFO - [2024-06-27T21:30:05.123+0000] {dagbag.py:545} INFO - Filling up the DagBag from /home/ubuntu/venv/lib/python3.12/site-packages/airflow/example_dags/tutorial.py
[2024-06-27T21:30:05.131+0000] {processor.py:840} INFO - DAG(s) 'tutorial' retrieved from /home/ubuntu/venv/lib/python3.12/site-packages/airflow/example_dags/tutorial.py
[2024-06-27T21:30:05.148+0000] {logging_mixin.py:188} INFO - [2024-06-27T21:30:05.148+0000] {dag.py:3096} INFO - Sync 1 DAGs
[2024-06-27T21:30:05.169+0000] {logging_mixin.py:188} INFO - [2024-06-27T21:30:05.169+0000] {dag.py:3954} INFO - Setting next_dagrun for tutorial to 2024-06-26 00:00:00+00:00, run_after=2024-06-27 00:00:00+00:00
[2024-06-27T21:30:05.193+0000] {processor.py:183} INFO - Processing /home/ubuntu/venv/lib/python3.12/site-packages/airflow/example_dags/tutorial.py took 0.079 seconds
[2024-06-27T21:30:47.991+0000] {processor.py:161} INFO - Started process (PID=3974) to work on /home/ubuntu/venv/lib/python3.12/site-packages/airflow/example_dags/tutorial.py
[2024-06-27T21:30:47.993+0000] {processor.py:830} INFO - Processing file /home/ubuntu/venv/lib/python3.12/site-packages/airflow/example_dags/tutorial.py for tasks to queue
[2024-06-27T21:30:47.994+0000] {logging_mixin.py:188} INFO - [2024-06-27T21:30:47.993+0000] {dagbag.py:545} INFO - Filling up the DagBag from /home/ubuntu/venv/lib/python3.12/site-packages/airflow/example_dags/tutorial.py
[2024-06-27T21:30:48.001+0000] {processor.py:840} INFO - DAG(s) 'tutorial' retrieved from /home/ubuntu/venv/lib/python3.12/site-packages/airflow/example_dags/tutorial.py
[2024-06-27T21:30:48.018+0000] {logging_mixin.py:188} INFO - [2024-06-27T21:30:48.018+0000] {dag.py:3096} INFO - Sync 1 DAGs
[2024-06-27T21:30:48.039+0000] {logging_mixin.py:188} INFO - [2024-06-27T21:30:48.038+0000] {dag.py:3954} INFO - Setting next_dagrun for tutorial to 2024-06-26 00:00:00+00:00, run_after=2024-06-27 00:00:00+00:00
[2024-06-27T21:30:48.062+0000] {processor.py:183} INFO - Processing /home/ubuntu/venv/lib/python3.12/site-packages/airflow/example_dags/tutorial.py took 0.076 seconds
[2024-06-27T21:31:29.096+0000] {processor.py:161} INFO - Started process (PID=4016) to work on /home/ubuntu/venv/lib/python3.12/site-packages/airflow/example_dags/tutorial.py
[2024-06-27T21:31:29.098+0000] {processor.py:830} INFO - Processing file /home/ubuntu/venv/lib/python3.12/site-packages/airflow/example_dags/tutorial.py for tasks to queue
[2024-06-27T21:31:29.099+0000] {logging_mixin.py:188} INFO - [2024-06-27T21:31:29.098+0000] {dagbag.py:545} INFO - Filling up the DagBag from /home/ubuntu/venv/lib/python3.12/site-packages/airflow/example_dags/tutorial.py
[2024-06-27T21:31:29.106+0000] {processor.py:840} INFO - DAG(s) 'tutorial' retrieved from /home/ubuntu/venv/lib/python3.12/site-packages/airflow/example_dags/tutorial.py
[2024-06-27T21:31:29.124+0000] {logging_mixin.py:188} INFO - [2024-06-27T21:31:29.123+0000] {dag.py:3096} INFO - Sync 1 DAGs
[2024-06-27T21:31:29.144+0000] {logging_mixin.py:188} INFO - [2024-06-27T21:31:29.144+0000] {dag.py:3954} INFO - Setting next_dagrun for tutorial to 2024-06-26 00:00:00+00:00, run_after=2024-06-27 00:00:00+00:00
[2024-06-27T21:31:29.171+0000] {processor.py:183} INFO - Processing /home/ubuntu/venv/lib/python3.12/site-packages/airflow/example_dags/tutorial.py took 0.081 seconds
[2024-06-27T21:32:15.333+0000] {processor.py:161} INFO - Started process (PID=4061) to work on /home/ubuntu/venv/lib/python3.12/site-packages/airflow/example_dags/tutorial.py
[2024-06-27T21:32:15.335+0000] {processor.py:830} INFO - Processing file /home/ubuntu/venv/lib/python3.12/site-packages/airflow/example_dags/tutorial.py for tasks to queue
[2024-06-27T21:32:15.336+0000] {logging_mixin.py:188} INFO - [2024-06-27T21:32:15.335+0000] {dagbag.py:545} INFO - Filling up the DagBag from /home/ubuntu/venv/lib/python3.12/site-packages/airflow/example_dags/tutorial.py
[2024-06-27T21:32:15.343+0000] {processor.py:840} INFO - DAG(s) 'tutorial' retrieved from /home/ubuntu/venv/lib/python3.12/site-packages/airflow/example_dags/tutorial.py
[2024-06-27T21:32:15.360+0000] {logging_mixin.py:188} INFO - [2024-06-27T21:32:15.360+0000] {dag.py:3096} INFO - Sync 1 DAGs
[2024-06-27T21:32:15.380+0000] {logging_mixin.py:188} INFO - [2024-06-27T21:32:15.380+0000] {dag.py:3954} INFO - Setting next_dagrun for tutorial to 2024-06-26 00:00:00+00:00, run_after=2024-06-27 00:00:00+00:00
[2024-06-27T21:32:15.403+0000] {processor.py:183} INFO - Processing /home/ubuntu/venv/lib/python3.12/site-packages/airflow/example_dags/tutorial.py took 0.075 seconds
[2024-06-27T21:33:12.461+0000] {processor.py:161} INFO - Started process (PID=4132) to work on /home/ubuntu/venv/lib/python3.12/site-packages/airflow/example_dags/tutorial.py
[2024-06-27T21:33:12.462+0000] {processor.py:830} INFO - Processing file /home/ubuntu/venv/lib/python3.12/site-packages/airflow/example_dags/tutorial.py for tasks to queue
[2024-06-27T21:33:12.463+0000] {logging_mixin.py:188} INFO - [2024-06-27T21:33:12.463+0000] {dagbag.py:545} INFO - Filling up the DagBag from /home/ubuntu/venv/lib/python3.12/site-packages/airflow/example_dags/tutorial.py
[2024-06-27T21:33:12.470+0000] {processor.py:840} INFO - DAG(s) 'tutorial' retrieved from /home/ubuntu/venv/lib/python3.12/site-packages/airflow/example_dags/tutorial.py
[2024-06-27T21:33:12.487+0000] {logging_mixin.py:188} INFO - [2024-06-27T21:33:12.486+0000] {dag.py:3096} INFO - Sync 1 DAGs
[2024-06-27T21:33:12.506+0000] {logging_mixin.py:188} INFO - [2024-06-27T21:33:12.506+0000] {dag.py:3954} INFO - Setting next_dagrun for tutorial to 2024-06-26 00:00:00+00:00, run_after=2024-06-27 00:00:00+00:00
[2024-06-27T21:33:12.529+0000] {processor.py:183} INFO - Processing /home/ubuntu/venv/lib/python3.12/site-packages/airflow/example_dags/tutorial.py took 0.074 seconds
[2024-06-27T21:33:59.985+0000] {processor.py:161} INFO - Started process (PID=4185) to work on /home/ubuntu/venv/lib/python3.12/site-packages/airflow/example_dags/tutorial.py
[2024-06-27T21:33:59.987+0000] {processor.py:830} INFO - Processing file /home/ubuntu/venv/lib/python3.12/site-packages/airflow/example_dags/tutorial.py for tasks to queue
[2024-06-27T21:33:59.988+0000] {logging_mixin.py:188} INFO - [2024-06-27T21:33:59.987+0000] {dagbag.py:545} INFO - Filling up the DagBag from /home/ubuntu/venv/lib/python3.12/site-packages/airflow/example_dags/tutorial.py
[2024-06-27T21:33:59.995+0000] {processor.py:840} INFO - DAG(s) 'tutorial' retrieved from /home/ubuntu/venv/lib/python3.12/site-packages/airflow/example_dags/tutorial.py
[2024-06-27T21:34:00.012+0000] {logging_mixin.py:188} INFO - [2024-06-27T21:34:00.012+0000] {dag.py:3096} INFO - Sync 1 DAGs
[2024-06-27T21:34:00.032+0000] {logging_mixin.py:188} INFO - [2024-06-27T21:34:00.032+0000] {dag.py:3954} INFO - Setting next_dagrun for tutorial to 2024-06-26 00:00:00+00:00, run_after=2024-06-27 00:00:00+00:00
[2024-06-27T21:34:00.056+0000] {processor.py:183} INFO - Processing /home/ubuntu/venv/lib/python3.12/site-packages/airflow/example_dags/tutorial.py took 0.076 seconds
[2024-06-27T21:34:43.353+0000] {processor.py:161} INFO - Started process (PID=4229) to work on /home/ubuntu/venv/lib/python3.12/site-packages/airflow/example_dags/tutorial.py
[2024-06-27T21:34:43.355+0000] {processor.py:830} INFO - Processing file /home/ubuntu/venv/lib/python3.12/site-packages/airflow/example_dags/tutorial.py for tasks to queue
[2024-06-27T21:34:43.355+0000] {logging_mixin.py:188} INFO - [2024-06-27T21:34:43.355+0000] {dagbag.py:545} INFO - Filling up the DagBag from /home/ubuntu/venv/lib/python3.12/site-packages/airflow/example_dags/tutorial.py
[2024-06-27T21:34:43.363+0000] {processor.py:840} INFO - DAG(s) 'tutorial' retrieved from /home/ubuntu/venv/lib/python3.12/site-packages/airflow/example_dags/tutorial.py
[2024-06-27T21:34:43.379+0000] {logging_mixin.py:188} INFO - [2024-06-27T21:34:43.378+0000] {dag.py:3096} INFO - Sync 1 DAGs
[2024-06-27T21:34:43.399+0000] {logging_mixin.py:188} INFO - [2024-06-27T21:34:43.399+0000] {dag.py:3954} INFO - Setting next_dagrun for tutorial to 2024-06-26 00:00:00+00:00, run_after=2024-06-27 00:00:00+00:00
[2024-06-27T21:34:43.421+0000] {processor.py:183} INFO - Processing /home/ubuntu/venv/lib/python3.12/site-packages/airflow/example_dags/tutorial.py took 0.074 seconds
[2024-06-27T21:35:25.180+0000] {processor.py:161} INFO - Started process (PID=4276) to work on /home/ubuntu/venv/lib/python3.12/site-packages/airflow/example_dags/tutorial.py
[2024-06-27T21:35:25.182+0000] {processor.py:830} INFO - Processing file /home/ubuntu/venv/lib/python3.12/site-packages/airflow/example_dags/tutorial.py for tasks to queue
[2024-06-27T21:35:25.183+0000] {logging_mixin.py:188} INFO - [2024-06-27T21:35:25.182+0000] {dagbag.py:545} INFO - Filling up the DagBag from /home/ubuntu/venv/lib/python3.12/site-packages/airflow/example_dags/tutorial.py
[2024-06-27T21:35:25.190+0000] {processor.py:840} INFO - DAG(s) 'tutorial' retrieved from /home/ubuntu/venv/lib/python3.12/site-packages/airflow/example_dags/tutorial.py
[2024-06-27T21:35:25.206+0000] {logging_mixin.py:188} INFO - [2024-06-27T21:35:25.206+0000] {dag.py:3096} INFO - Sync 1 DAGs
[2024-06-27T21:35:25.226+0000] {logging_mixin.py:188} INFO - [2024-06-27T21:35:25.226+0000] {dag.py:3954} INFO - Setting next_dagrun for tutorial to 2024-06-26 00:00:00+00:00, run_after=2024-06-27 00:00:00+00:00
[2024-06-27T21:35:25.249+0000] {processor.py:183} INFO - Processing /home/ubuntu/venv/lib/python3.12/site-packages/airflow/example_dags/tutorial.py took 0.074 seconds
[2024-06-27T21:36:06.848+0000] {processor.py:161} INFO - Started process (PID=4321) to work on /home/ubuntu/venv/lib/python3.12/site-packages/airflow/example_dags/tutorial.py
[2024-06-27T21:36:06.850+0000] {processor.py:830} INFO - Processing file /home/ubuntu/venv/lib/python3.12/site-packages/airflow/example_dags/tutorial.py for tasks to queue
[2024-06-27T21:36:06.851+0000] {logging_mixin.py:188} INFO - [2024-06-27T21:36:06.850+0000] {dagbag.py:545} INFO - Filling up the DagBag from /home/ubuntu/venv/lib/python3.12/site-packages/airflow/example_dags/tutorial.py
[2024-06-27T21:36:06.858+0000] {processor.py:840} INFO - DAG(s) 'tutorial' retrieved from /home/ubuntu/venv/lib/python3.12/site-packages/airflow/example_dags/tutorial.py
[2024-06-27T21:36:06.874+0000] {logging_mixin.py:188} INFO - [2024-06-27T21:36:06.874+0000] {dag.py:3096} INFO - Sync 1 DAGs
[2024-06-27T21:36:06.895+0000] {logging_mixin.py:188} INFO - [2024-06-27T21:36:06.894+0000] {dag.py:3954} INFO - Setting next_dagrun for tutorial to 2024-06-26 00:00:00+00:00, run_after=2024-06-27 00:00:00+00:00
[2024-06-27T21:36:06.918+0000] {processor.py:183} INFO - Processing /home/ubuntu/venv/lib/python3.12/site-packages/airflow/example_dags/tutorial.py took 0.076 seconds
[2024-06-27T21:36:49.936+0000] {processor.py:161} INFO - Started process (PID=4364) to work on /home/ubuntu/venv/lib/python3.12/site-packages/airflow/example_dags/tutorial.py
[2024-06-27T21:36:49.937+0000] {processor.py:830} INFO - Processing file /home/ubuntu/venv/lib/python3.12/site-packages/airflow/example_dags/tutorial.py for tasks to queue
[2024-06-27T21:36:49.938+0000] {logging_mixin.py:188} INFO - [2024-06-27T21:36:49.938+0000] {dagbag.py:545} INFO - Filling up the DagBag from /home/ubuntu/venv/lib/python3.12/site-packages/airflow/example_dags/tutorial.py
[2024-06-27T21:36:49.945+0000] {processor.py:840} INFO - DAG(s) 'tutorial' retrieved from /home/ubuntu/venv/lib/python3.12/site-packages/airflow/example_dags/tutorial.py
[2024-06-27T21:36:49.962+0000] {logging_mixin.py:188} INFO - [2024-06-27T21:36:49.961+0000] {dag.py:3096} INFO - Sync 1 DAGs
[2024-06-27T21:36:49.981+0000] {logging_mixin.py:188} INFO - [2024-06-27T21:36:49.981+0000] {dag.py:3954} INFO - Setting next_dagrun for tutorial to 2024-06-26 00:00:00+00:00, run_after=2024-06-27 00:00:00+00:00
[2024-06-27T21:36:50.004+0000] {processor.py:183} INFO - Processing /home/ubuntu/venv/lib/python3.12/site-packages/airflow/example_dags/tutorial.py took 0.074 seconds
[2024-06-27T21:37:33.491+0000] {processor.py:161} INFO - Started process (PID=4408) to work on /home/ubuntu/venv/lib/python3.12/site-packages/airflow/example_dags/tutorial.py
[2024-06-27T21:37:33.493+0000] {processor.py:830} INFO - Processing file /home/ubuntu/venv/lib/python3.12/site-packages/airflow/example_dags/tutorial.py for tasks to queue
[2024-06-27T21:37:33.494+0000] {logging_mixin.py:188} INFO - [2024-06-27T21:37:33.493+0000] {dagbag.py:545} INFO - Filling up the DagBag from /home/ubuntu/venv/lib/python3.12/site-packages/airflow/example_dags/tutorial.py
[2024-06-27T21:37:33.501+0000] {processor.py:840} INFO - DAG(s) 'tutorial' retrieved from /home/ubuntu/venv/lib/python3.12/site-packages/airflow/example_dags/tutorial.py
[2024-06-27T21:37:33.518+0000] {logging_mixin.py:188} INFO - [2024-06-27T21:37:33.518+0000] {dag.py:3096} INFO - Sync 1 DAGs
[2024-06-27T21:37:33.538+0000] {logging_mixin.py:188} INFO - [2024-06-27T21:37:33.538+0000] {dag.py:3954} INFO - Setting next_dagrun for tutorial to 2024-06-26 00:00:00+00:00, run_after=2024-06-27 00:00:00+00:00
[2024-06-27T21:37:33.560+0000] {processor.py:183} INFO - Processing /home/ubuntu/venv/lib/python3.12/site-packages/airflow/example_dags/tutorial.py took 0.075 seconds
[2024-06-27T21:38:26.796+0000] {processor.py:161} INFO - Started process (PID=4464) to work on /home/ubuntu/venv/lib/python3.12/site-packages/airflow/example_dags/tutorial.py
[2024-06-27T21:38:26.797+0000] {processor.py:830} INFO - Processing file /home/ubuntu/venv/lib/python3.12/site-packages/airflow/example_dags/tutorial.py for tasks to queue
[2024-06-27T21:38:26.798+0000] {logging_mixin.py:188} INFO - [2024-06-27T21:38:26.798+0000] {dagbag.py:545} INFO - Filling up the DagBag from /home/ubuntu/venv/lib/python3.12/site-packages/airflow/example_dags/tutorial.py
[2024-06-27T21:38:26.805+0000] {processor.py:840} INFO - DAG(s) 'tutorial' retrieved from /home/ubuntu/venv/lib/python3.12/site-packages/airflow/example_dags/tutorial.py
[2024-06-27T21:38:26.822+0000] {logging_mixin.py:188} INFO - [2024-06-27T21:38:26.822+0000] {dag.py:3096} INFO - Sync 1 DAGs
[2024-06-27T21:38:26.843+0000] {logging_mixin.py:188} INFO - [2024-06-27T21:38:26.843+0000] {dag.py:3954} INFO - Setting next_dagrun for tutorial to 2024-06-26 00:00:00+00:00, run_after=2024-06-27 00:00:00+00:00
[2024-06-27T21:38:26.866+0000] {processor.py:183} INFO - Processing /home/ubuntu/venv/lib/python3.12/site-packages/airflow/example_dags/tutorial.py took 0.076 seconds
[2024-06-27T21:39:12.374+0000] {processor.py:161} INFO - Started process (PID=4512) to work on /home/ubuntu/venv/lib/python3.12/site-packages/airflow/example_dags/tutorial.py
[2024-06-27T21:39:12.376+0000] {processor.py:830} INFO - Processing file /home/ubuntu/venv/lib/python3.12/site-packages/airflow/example_dags/tutorial.py for tasks to queue
[2024-06-27T21:39:12.377+0000] {logging_mixin.py:188} INFO - [2024-06-27T21:39:12.376+0000] {dagbag.py:545} INFO - Filling up the DagBag from /home/ubuntu/venv/lib/python3.12/site-packages/airflow/example_dags/tutorial.py
[2024-06-27T21:39:12.384+0000] {processor.py:840} INFO - DAG(s) 'tutorial' retrieved from /home/ubuntu/venv/lib/python3.12/site-packages/airflow/example_dags/tutorial.py
[2024-06-27T21:39:12.400+0000] {logging_mixin.py:188} INFO - [2024-06-27T21:39:12.400+0000] {dag.py:3096} INFO - Sync 1 DAGs
[2024-06-27T21:39:12.420+0000] {logging_mixin.py:188} INFO - [2024-06-27T21:39:12.420+0000] {dag.py:3954} INFO - Setting next_dagrun for tutorial to 2024-06-26 00:00:00+00:00, run_after=2024-06-27 00:00:00+00:00
[2024-06-27T21:39:12.442+0000] {processor.py:183} INFO - Processing /home/ubuntu/venv/lib/python3.12/site-packages/airflow/example_dags/tutorial.py took 0.073 seconds
[2024-06-27T21:39:52.927+0000] {processor.py:161} INFO - Started process (PID=4555) to work on /home/ubuntu/venv/lib/python3.12/site-packages/airflow/example_dags/tutorial.py
[2024-06-27T21:39:52.929+0000] {processor.py:830} INFO - Processing file /home/ubuntu/venv/lib/python3.12/site-packages/airflow/example_dags/tutorial.py for tasks to queue
[2024-06-27T21:39:52.930+0000] {logging_mixin.py:188} INFO - [2024-06-27T21:39:52.929+0000] {dagbag.py:545} INFO - Filling up the DagBag from /home/ubuntu/venv/lib/python3.12/site-packages/airflow/example_dags/tutorial.py
[2024-06-27T21:39:52.937+0000] {processor.py:840} INFO - DAG(s) 'tutorial' retrieved from /home/ubuntu/venv/lib/python3.12/site-packages/airflow/example_dags/tutorial.py
[2024-06-27T21:39:52.954+0000] {logging_mixin.py:188} INFO - [2024-06-27T21:39:52.954+0000] {dag.py:3096} INFO - Sync 1 DAGs
[2024-06-27T21:39:52.974+0000] {logging_mixin.py:188} INFO - [2024-06-27T21:39:52.973+0000] {dag.py:3954} INFO - Setting next_dagrun for tutorial to 2024-06-26 00:00:00+00:00, run_after=2024-06-27 00:00:00+00:00
[2024-06-27T21:39:52.996+0000] {processor.py:183} INFO - Processing /home/ubuntu/venv/lib/python3.12/site-packages/airflow/example_dags/tutorial.py took 0.075 seconds
[2024-06-27T21:40:35.943+0000] {processor.py:161} INFO - Started process (PID=4601) to work on /home/ubuntu/venv/lib/python3.12/site-packages/airflow/example_dags/tutorial.py
[2024-06-27T21:40:35.945+0000] {processor.py:830} INFO - Processing file /home/ubuntu/venv/lib/python3.12/site-packages/airflow/example_dags/tutorial.py for tasks to queue
[2024-06-27T21:40:35.946+0000] {logging_mixin.py:188} INFO - [2024-06-27T21:40:35.945+0000] {dagbag.py:545} INFO - Filling up the DagBag from /home/ubuntu/venv/lib/python3.12/site-packages/airflow/example_dags/tutorial.py
[2024-06-27T21:40:35.953+0000] {processor.py:840} INFO - DAG(s) 'tutorial' retrieved from /home/ubuntu/venv/lib/python3.12/site-packages/airflow/example_dags/tutorial.py
[2024-06-27T21:40:35.969+0000] {logging_mixin.py:188} INFO - [2024-06-27T21:40:35.969+0000] {dag.py:3096} INFO - Sync 1 DAGs
[2024-06-27T21:40:35.989+0000] {logging_mixin.py:188} INFO - [2024-06-27T21:40:35.989+0000] {dag.py:3954} INFO - Setting next_dagrun for tutorial to 2024-06-26 00:00:00+00:00, run_after=2024-06-27 00:00:00+00:00
[2024-06-27T21:40:36.011+0000] {processor.py:183} INFO - Processing /home/ubuntu/venv/lib/python3.12/site-packages/airflow/example_dags/tutorial.py took 0.074 seconds
[2024-06-27T21:41:20.049+0000] {processor.py:161} INFO - Started process (PID=4646) to work on /home/ubuntu/venv/lib/python3.12/site-packages/airflow/example_dags/tutorial.py
[2024-06-27T21:41:20.051+0000] {processor.py:830} INFO - Processing file /home/ubuntu/venv/lib/python3.12/site-packages/airflow/example_dags/tutorial.py for tasks to queue
[2024-06-27T21:41:20.052+0000] {logging_mixin.py:188} INFO - [2024-06-27T21:41:20.052+0000] {dagbag.py:545} INFO - Filling up the DagBag from /home/ubuntu/venv/lib/python3.12/site-packages/airflow/example_dags/tutorial.py
[2024-06-27T21:41:20.059+0000] {processor.py:840} INFO - DAG(s) 'tutorial' retrieved from /home/ubuntu/venv/lib/python3.12/site-packages/airflow/example_dags/tutorial.py
[2024-06-27T21:41:20.075+0000] {logging_mixin.py:188} INFO - [2024-06-27T21:41:20.075+0000] {dag.py:3096} INFO - Sync 1 DAGs
[2024-06-27T21:41:20.095+0000] {logging_mixin.py:188} INFO - [2024-06-27T21:41:20.094+0000] {dag.py:3954} INFO - Setting next_dagrun for tutorial to 2024-06-26 00:00:00+00:00, run_after=2024-06-27 00:00:00+00:00
[2024-06-27T21:41:20.117+0000] {processor.py:183} INFO - Processing /home/ubuntu/venv/lib/python3.12/site-packages/airflow/example_dags/tutorial.py took 0.073 seconds
[2024-06-27T21:42:04.334+0000] {processor.py:161} INFO - Started process (PID=4692) to work on /home/ubuntu/venv/lib/python3.12/site-packages/airflow/example_dags/tutorial.py
[2024-06-27T21:42:04.335+0000] {processor.py:830} INFO - Processing file /home/ubuntu/venv/lib/python3.12/site-packages/airflow/example_dags/tutorial.py for tasks to queue
[2024-06-27T21:42:04.336+0000] {logging_mixin.py:188} INFO - [2024-06-27T21:42:04.335+0000] {dagbag.py:545} INFO - Filling up the DagBag from /home/ubuntu/venv/lib/python3.12/site-packages/airflow/example_dags/tutorial.py
[2024-06-27T21:42:04.343+0000] {processor.py:840} INFO - DAG(s) 'tutorial' retrieved from /home/ubuntu/venv/lib/python3.12/site-packages/airflow/example_dags/tutorial.py
[2024-06-27T21:42:04.360+0000] {logging_mixin.py:188} INFO - [2024-06-27T21:42:04.359+0000] {dag.py:3096} INFO - Sync 1 DAGs
[2024-06-27T21:42:04.380+0000] {logging_mixin.py:188} INFO - [2024-06-27T21:42:04.380+0000] {dag.py:3954} INFO - Setting next_dagrun for tutorial to 2024-06-26 00:00:00+00:00, run_after=2024-06-27 00:00:00+00:00
[2024-06-27T21:42:04.402+0000] {processor.py:183} INFO - Processing /home/ubuntu/venv/lib/python3.12/site-packages/airflow/example_dags/tutorial.py took 0.075 seconds
[2024-06-27T21:42:48.223+0000] {processor.py:161} INFO - Started process (PID=4738) to work on /home/ubuntu/venv/lib/python3.12/site-packages/airflow/example_dags/tutorial.py
[2024-06-27T21:42:48.225+0000] {processor.py:830} INFO - Processing file /home/ubuntu/venv/lib/python3.12/site-packages/airflow/example_dags/tutorial.py for tasks to queue
[2024-06-27T21:42:48.226+0000] {logging_mixin.py:188} INFO - [2024-06-27T21:42:48.225+0000] {dagbag.py:545} INFO - Filling up the DagBag from /home/ubuntu/venv/lib/python3.12/site-packages/airflow/example_dags/tutorial.py
[2024-06-27T21:42:48.233+0000] {processor.py:840} INFO - DAG(s) 'tutorial' retrieved from /home/ubuntu/venv/lib/python3.12/site-packages/airflow/example_dags/tutorial.py
[2024-06-27T21:42:48.250+0000] {logging_mixin.py:188} INFO - [2024-06-27T21:42:48.250+0000] {dag.py:3096} INFO - Sync 1 DAGs
[2024-06-27T21:42:48.271+0000] {logging_mixin.py:188} INFO - [2024-06-27T21:42:48.270+0000] {dag.py:3954} INFO - Setting next_dagrun for tutorial to 2024-06-26 00:00:00+00:00, run_after=2024-06-27 00:00:00+00:00
[2024-06-27T21:42:48.294+0000] {processor.py:183} INFO - Processing /home/ubuntu/venv/lib/python3.12/site-packages/airflow/example_dags/tutorial.py took 0.077 seconds
[2024-06-27T21:43:31.476+0000] {processor.py:161} INFO - Started process (PID=4781) to work on /home/ubuntu/venv/lib/python3.12/site-packages/airflow/example_dags/tutorial.py
[2024-06-27T21:43:31.478+0000] {processor.py:830} INFO - Processing file /home/ubuntu/venv/lib/python3.12/site-packages/airflow/example_dags/tutorial.py for tasks to queue
[2024-06-27T21:43:31.479+0000] {logging_mixin.py:188} INFO - [2024-06-27T21:43:31.478+0000] {dagbag.py:545} INFO - Filling up the DagBag from /home/ubuntu/venv/lib/python3.12/site-packages/airflow/example_dags/tutorial.py
[2024-06-27T21:43:31.486+0000] {processor.py:840} INFO - DAG(s) 'tutorial' retrieved from /home/ubuntu/venv/lib/python3.12/site-packages/airflow/example_dags/tutorial.py
[2024-06-27T21:43:31.503+0000] {logging_mixin.py:188} INFO - [2024-06-27T21:43:31.503+0000] {dag.py:3096} INFO - Sync 1 DAGs
[2024-06-27T21:43:31.525+0000] {logging_mixin.py:188} INFO - [2024-06-27T21:43:31.524+0000] {dag.py:3954} INFO - Setting next_dagrun for tutorial to 2024-06-26 00:00:00+00:00, run_after=2024-06-27 00:00:00+00:00
[2024-06-27T21:43:31.548+0000] {processor.py:183} INFO - Processing /home/ubuntu/venv/lib/python3.12/site-packages/airflow/example_dags/tutorial.py took 0.077 seconds
[2024-06-27T21:44:15.882+0000] {processor.py:161} INFO - Started process (PID=4827) to work on /home/ubuntu/venv/lib/python3.12/site-packages/airflow/example_dags/tutorial.py
[2024-06-27T21:44:15.884+0000] {processor.py:830} INFO - Processing file /home/ubuntu/venv/lib/python3.12/site-packages/airflow/example_dags/tutorial.py for tasks to queue
[2024-06-27T21:44:15.885+0000] {logging_mixin.py:188} INFO - [2024-06-27T21:44:15.884+0000] {dagbag.py:545} INFO - Filling up the DagBag from /home/ubuntu/venv/lib/python3.12/site-packages/airflow/example_dags/tutorial.py
[2024-06-27T21:44:15.892+0000] {processor.py:840} INFO - DAG(s) 'tutorial' retrieved from /home/ubuntu/venv/lib/python3.12/site-packages/airflow/example_dags/tutorial.py
[2024-06-27T21:44:15.910+0000] {logging_mixin.py:188} INFO - [2024-06-27T21:44:15.910+0000] {dag.py:3096} INFO - Sync 1 DAGs
[2024-06-27T21:44:15.932+0000] {logging_mixin.py:188} INFO - [2024-06-27T21:44:15.932+0000] {dag.py:3954} INFO - Setting next_dagrun for tutorial to 2024-06-26 00:00:00+00:00, run_after=2024-06-27 00:00:00+00:00
[2024-06-27T21:44:16.076+0000] {processor.py:183} INFO - Processing /home/ubuntu/venv/lib/python3.12/site-packages/airflow/example_dags/tutorial.py took 0.200 seconds
[2024-06-27T21:45:00.555+0000] {processor.py:161} INFO - Started process (PID=4915) to work on /home/ubuntu/venv/lib/python3.12/site-packages/airflow/example_dags/tutorial.py
[2024-06-27T21:45:00.556+0000] {processor.py:830} INFO - Processing file /home/ubuntu/venv/lib/python3.12/site-packages/airflow/example_dags/tutorial.py for tasks to queue
[2024-06-27T21:45:00.557+0000] {logging_mixin.py:188} INFO - [2024-06-27T21:45:00.557+0000] {dagbag.py:545} INFO - Filling up the DagBag from /home/ubuntu/venv/lib/python3.12/site-packages/airflow/example_dags/tutorial.py
[2024-06-27T21:45:00.565+0000] {processor.py:840} INFO - DAG(s) 'tutorial' retrieved from /home/ubuntu/venv/lib/python3.12/site-packages/airflow/example_dags/tutorial.py
[2024-06-27T21:45:00.581+0000] {logging_mixin.py:188} INFO - [2024-06-27T21:45:00.581+0000] {dag.py:3096} INFO - Sync 1 DAGs
[2024-06-27T21:45:00.601+0000] {logging_mixin.py:188} INFO - [2024-06-27T21:45:00.601+0000] {dag.py:3954} INFO - Setting next_dagrun for tutorial to 2024-06-26 00:00:00+00:00, run_after=2024-06-27 00:00:00+00:00
[2024-06-27T21:45:00.623+0000] {processor.py:183} INFO - Processing /home/ubuntu/venv/lib/python3.12/site-packages/airflow/example_dags/tutorial.py took 0.074 seconds
[2024-06-27T21:45:46.997+0000] {processor.py:161} INFO - Started process (PID=4966) to work on /home/ubuntu/venv/lib/python3.12/site-packages/airflow/example_dags/tutorial.py
[2024-06-27T21:45:46.999+0000] {processor.py:830} INFO - Processing file /home/ubuntu/venv/lib/python3.12/site-packages/airflow/example_dags/tutorial.py for tasks to queue
[2024-06-27T21:45:47.000+0000] {logging_mixin.py:188} INFO - [2024-06-27T21:45:46.999+0000] {dagbag.py:545} INFO - Filling up the DagBag from /home/ubuntu/venv/lib/python3.12/site-packages/airflow/example_dags/tutorial.py
[2024-06-27T21:45:47.007+0000] {processor.py:840} INFO - DAG(s) 'tutorial' retrieved from /home/ubuntu/venv/lib/python3.12/site-packages/airflow/example_dags/tutorial.py
[2024-06-27T21:45:47.023+0000] {logging_mixin.py:188} INFO - [2024-06-27T21:45:47.023+0000] {dag.py:3096} INFO - Sync 1 DAGs
[2024-06-27T21:45:47.156+0000] {logging_mixin.py:188} INFO - [2024-06-27T21:45:47.156+0000] {dag.py:3954} INFO - Setting next_dagrun for tutorial to 2024-06-26 00:00:00+00:00, run_after=2024-06-27 00:00:00+00:00
[2024-06-27T21:45:47.178+0000] {processor.py:183} INFO - Processing /home/ubuntu/venv/lib/python3.12/site-packages/airflow/example_dags/tutorial.py took 0.186 seconds
[2024-06-27T21:46:37.871+0000] {processor.py:161} INFO - Started process (PID=5013) to work on /home/ubuntu/venv/lib/python3.12/site-packages/airflow/example_dags/tutorial.py
[2024-06-27T21:46:37.873+0000] {processor.py:830} INFO - Processing file /home/ubuntu/venv/lib/python3.12/site-packages/airflow/example_dags/tutorial.py for tasks to queue
[2024-06-27T21:46:37.873+0000] {logging_mixin.py:188} INFO - [2024-06-27T21:46:37.873+0000] {dagbag.py:545} INFO - Filling up the DagBag from /home/ubuntu/venv/lib/python3.12/site-packages/airflow/example_dags/tutorial.py
[2024-06-27T21:46:37.881+0000] {processor.py:840} INFO - DAG(s) 'tutorial' retrieved from /home/ubuntu/venv/lib/python3.12/site-packages/airflow/example_dags/tutorial.py
[2024-06-27T21:46:37.897+0000] {logging_mixin.py:188} INFO - [2024-06-27T21:46:37.897+0000] {dag.py:3096} INFO - Sync 1 DAGs
[2024-06-27T21:46:37.917+0000] {logging_mixin.py:188} INFO - [2024-06-27T21:46:37.917+0000] {dag.py:3954} INFO - Setting next_dagrun for tutorial to 2024-06-26 00:00:00+00:00, run_after=2024-06-27 00:00:00+00:00
[2024-06-27T21:46:37.942+0000] {processor.py:183} INFO - Processing /home/ubuntu/venv/lib/python3.12/site-packages/airflow/example_dags/tutorial.py took 0.077 seconds
[2024-06-27T21:47:27.104+0000] {processor.py:161} INFO - Started process (PID=5061) to work on /home/ubuntu/venv/lib/python3.12/site-packages/airflow/example_dags/tutorial.py
[2024-06-27T21:47:27.105+0000] {processor.py:830} INFO - Processing file /home/ubuntu/venv/lib/python3.12/site-packages/airflow/example_dags/tutorial.py for tasks to queue
[2024-06-27T21:47:27.106+0000] {logging_mixin.py:188} INFO - [2024-06-27T21:47:27.106+0000] {dagbag.py:545} INFO - Filling up the DagBag from /home/ubuntu/venv/lib/python3.12/site-packages/airflow/example_dags/tutorial.py
[2024-06-27T21:47:27.113+0000] {processor.py:840} INFO - DAG(s) 'tutorial' retrieved from /home/ubuntu/venv/lib/python3.12/site-packages/airflow/example_dags/tutorial.py
[2024-06-27T21:47:27.130+0000] {logging_mixin.py:188} INFO - [2024-06-27T21:47:27.129+0000] {dag.py:3096} INFO - Sync 1 DAGs
[2024-06-27T21:47:27.150+0000] {logging_mixin.py:188} INFO - [2024-06-27T21:47:27.150+0000] {dag.py:3954} INFO - Setting next_dagrun for tutorial to 2024-06-26 00:00:00+00:00, run_after=2024-06-27 00:00:00+00:00
[2024-06-27T21:47:27.172+0000] {processor.py:183} INFO - Processing /home/ubuntu/venv/lib/python3.12/site-packages/airflow/example_dags/tutorial.py took 0.075 seconds
[2024-06-27T21:48:12.398+0000] {processor.py:161} INFO - Started process (PID=5234) to work on /home/ubuntu/venv/lib/python3.12/site-packages/airflow/example_dags/tutorial.py
[2024-06-27T21:48:12.401+0000] {processor.py:830} INFO - Processing file /home/ubuntu/venv/lib/python3.12/site-packages/airflow/example_dags/tutorial.py for tasks to queue
[2024-06-27T21:48:12.402+0000] {logging_mixin.py:188} INFO - [2024-06-27T21:48:12.401+0000] {dagbag.py:545} INFO - Filling up the DagBag from /home/ubuntu/venv/lib/python3.12/site-packages/airflow/example_dags/tutorial.py
[2024-06-27T21:48:12.413+0000] {processor.py:840} INFO - DAG(s) 'tutorial' retrieved from /home/ubuntu/venv/lib/python3.12/site-packages/airflow/example_dags/tutorial.py
[2024-06-27T21:48:12.441+0000] {logging_mixin.py:188} INFO - [2024-06-27T21:48:12.441+0000] {dag.py:3096} INFO - Sync 1 DAGs
[2024-06-27T21:48:12.476+0000] {logging_mixin.py:188} INFO - [2024-06-27T21:48:12.475+0000] {dag.py:3954} INFO - Setting next_dagrun for tutorial to 2024-06-26 00:00:00+00:00, run_after=2024-06-27 00:00:00+00:00
[2024-06-27T21:48:12.507+0000] {processor.py:183} INFO - Processing /home/ubuntu/venv/lib/python3.12/site-packages/airflow/example_dags/tutorial.py took 0.121 seconds
[2024-06-27T21:48:57.352+0000] {processor.py:161} INFO - Started process (PID=5281) to work on /home/ubuntu/venv/lib/python3.12/site-packages/airflow/example_dags/tutorial.py
[2024-06-27T21:48:57.354+0000] {processor.py:830} INFO - Processing file /home/ubuntu/venv/lib/python3.12/site-packages/airflow/example_dags/tutorial.py for tasks to queue
[2024-06-27T21:48:57.355+0000] {logging_mixin.py:188} INFO - [2024-06-27T21:48:57.354+0000] {dagbag.py:545} INFO - Filling up the DagBag from /home/ubuntu/venv/lib/python3.12/site-packages/airflow/example_dags/tutorial.py
[2024-06-27T21:48:57.361+0000] {processor.py:840} INFO - DAG(s) 'tutorial' retrieved from /home/ubuntu/venv/lib/python3.12/site-packages/airflow/example_dags/tutorial.py
[2024-06-27T21:48:57.379+0000] {logging_mixin.py:188} INFO - [2024-06-27T21:48:57.378+0000] {dag.py:3096} INFO - Sync 1 DAGs
[2024-06-27T21:48:57.400+0000] {logging_mixin.py:188} INFO - [2024-06-27T21:48:57.399+0000] {dag.py:3954} INFO - Setting next_dagrun for tutorial to 2024-06-26 00:00:00+00:00, run_after=2024-06-27 00:00:00+00:00
[2024-06-27T21:48:57.423+0000] {processor.py:183} INFO - Processing /home/ubuntu/venv/lib/python3.12/site-packages/airflow/example_dags/tutorial.py took 0.079 seconds
[2024-06-27T21:49:37.398+0000] {processor.py:161} INFO - Started process (PID=5324) to work on /home/ubuntu/venv/lib/python3.12/site-packages/airflow/example_dags/tutorial.py
[2024-06-27T21:49:37.399+0000] {processor.py:830} INFO - Processing file /home/ubuntu/venv/lib/python3.12/site-packages/airflow/example_dags/tutorial.py for tasks to queue
[2024-06-27T21:49:37.400+0000] {logging_mixin.py:188} INFO - [2024-06-27T21:49:37.400+0000] {dagbag.py:545} INFO - Filling up the DagBag from /home/ubuntu/venv/lib/python3.12/site-packages/airflow/example_dags/tutorial.py
[2024-06-27T21:49:37.407+0000] {processor.py:840} INFO - DAG(s) 'tutorial' retrieved from /home/ubuntu/venv/lib/python3.12/site-packages/airflow/example_dags/tutorial.py
[2024-06-27T21:49:37.424+0000] {logging_mixin.py:188} INFO - [2024-06-27T21:49:37.424+0000] {dag.py:3096} INFO - Sync 1 DAGs
[2024-06-27T21:49:37.444+0000] {logging_mixin.py:188} INFO - [2024-06-27T21:49:37.444+0000] {dag.py:3954} INFO - Setting next_dagrun for tutorial to 2024-06-26 00:00:00+00:00, run_after=2024-06-27 00:00:00+00:00
[2024-06-27T21:49:37.469+0000] {processor.py:183} INFO - Processing /home/ubuntu/venv/lib/python3.12/site-packages/airflow/example_dags/tutorial.py took 0.079 seconds
