[2024-06-27T21:19:29.147+0000] {processor.py:161} INFO - Started process (PID=2932) to work on /home/ubuntu/venv/lib/python3.12/site-packages/airflow/example_dags/tutorial_taskflow_api.py
[2024-06-27T21:19:29.148+0000] {processor.py:830} INFO - Processing file /home/ubuntu/venv/lib/python3.12/site-packages/airflow/example_dags/tutorial_taskflow_api.py for tasks to queue
[2024-06-27T21:19:29.150+0000] {logging_mixin.py:188} INFO - [2024-06-27T21:19:29.149+0000] {dagbag.py:545} INFO - Filling up the DagBag from /home/ubuntu/venv/lib/python3.12/site-packages/airflow/example_dags/tutorial_taskflow_api.py
[2024-06-27T21:19:29.159+0000] {processor.py:840} INFO - DAG(s) 'tutorial_taskflow_api' retrieved from /home/ubuntu/venv/lib/python3.12/site-packages/airflow/example_dags/tutorial_taskflow_api.py
[2024-06-27T21:19:29.280+0000] {logging_mixin.py:188} INFO - [2024-06-27T21:19:29.279+0000] {override.py:1847} INFO - Created Permission View: can read on DAG:tutorial_taskflow_api
[2024-06-27T21:19:29.293+0000] {logging_mixin.py:188} INFO - [2024-06-27T21:19:29.293+0000] {override.py:1847} INFO - Created Permission View: can delete on DAG:tutorial_taskflow_api
[2024-06-27T21:19:29.303+0000] {logging_mixin.py:188} INFO - [2024-06-27T21:19:29.303+0000] {override.py:1847} INFO - Created Permission View: can edit on DAG:tutorial_taskflow_api
[2024-06-27T21:19:29.303+0000] {logging_mixin.py:188} INFO - [2024-06-27T21:19:29.303+0000] {dag.py:3096} INFO - Sync 1 DAGs
[2024-06-27T21:19:29.314+0000] {logging_mixin.py:188} INFO - [2024-06-27T21:19:29.314+0000] {dag.py:3118} INFO - Creating ORM DAG for tutorial_taskflow_api
[2024-06-27T21:19:29.315+0000] {logging_mixin.py:188} INFO - [2024-06-27T21:19:29.314+0000] {dag.py:3954} INFO - Setting next_dagrun for tutorial_taskflow_api to None, run_after=None
[2024-06-27T21:19:29.335+0000] {processor.py:183} INFO - Processing /home/ubuntu/venv/lib/python3.12/site-packages/airflow/example_dags/tutorial_taskflow_api.py took 0.193 seconds
[2024-06-27T21:20:28.956+0000] {processor.py:161} INFO - Started process (PID=2991) to work on /home/ubuntu/venv/lib/python3.12/site-packages/airflow/example_dags/tutorial_taskflow_api.py
[2024-06-27T21:20:28.958+0000] {processor.py:830} INFO - Processing file /home/ubuntu/venv/lib/python3.12/site-packages/airflow/example_dags/tutorial_taskflow_api.py for tasks to queue
[2024-06-27T21:20:28.959+0000] {logging_mixin.py:188} INFO - [2024-06-27T21:20:28.959+0000] {dagbag.py:545} INFO - Filling up the DagBag from /home/ubuntu/venv/lib/python3.12/site-packages/airflow/example_dags/tutorial_taskflow_api.py
[2024-06-27T21:20:28.966+0000] {processor.py:840} INFO - DAG(s) 'tutorial_taskflow_api' retrieved from /home/ubuntu/venv/lib/python3.12/site-packages/airflow/example_dags/tutorial_taskflow_api.py
[2024-06-27T21:20:28.983+0000] {logging_mixin.py:188} INFO - [2024-06-27T21:20:28.982+0000] {dag.py:3096} INFO - Sync 1 DAGs
[2024-06-27T21:20:28.995+0000] {logging_mixin.py:188} INFO - [2024-06-27T21:20:28.995+0000] {dag.py:3954} INFO - Setting next_dagrun for tutorial_taskflow_api to None, run_after=None
[2024-06-27T21:20:29.018+0000] {processor.py:183} INFO - Processing /home/ubuntu/venv/lib/python3.12/site-packages/airflow/example_dags/tutorial_taskflow_api.py took 0.068 seconds
[2024-06-27T21:21:14.493+0000] {processor.py:161} INFO - Started process (PID=3320) to work on /home/ubuntu/venv/lib/python3.12/site-packages/airflow/example_dags/tutorial_taskflow_api.py
[2024-06-27T21:21:14.495+0000] {processor.py:830} INFO - Processing file /home/ubuntu/venv/lib/python3.12/site-packages/airflow/example_dags/tutorial_taskflow_api.py for tasks to queue
[2024-06-27T21:21:14.497+0000] {logging_mixin.py:188} INFO - [2024-06-27T21:21:14.496+0000] {dagbag.py:545} INFO - Filling up the DagBag from /home/ubuntu/venv/lib/python3.12/site-packages/airflow/example_dags/tutorial_taskflow_api.py
[2024-06-27T21:21:14.504+0000] {processor.py:840} INFO - DAG(s) 'tutorial_taskflow_api' retrieved from /home/ubuntu/venv/lib/python3.12/site-packages/airflow/example_dags/tutorial_taskflow_api.py
[2024-06-27T21:21:14.521+0000] {logging_mixin.py:188} INFO - [2024-06-27T21:21:14.520+0000] {dag.py:3096} INFO - Sync 1 DAGs
[2024-06-27T21:21:14.533+0000] {logging_mixin.py:188} INFO - [2024-06-27T21:21:14.533+0000] {dag.py:3954} INFO - Setting next_dagrun for tutorial_taskflow_api to None, run_after=None
[2024-06-27T21:21:14.556+0000] {processor.py:183} INFO - Processing /home/ubuntu/venv/lib/python3.12/site-packages/airflow/example_dags/tutorial_taskflow_api.py took 0.068 seconds
[2024-06-27T21:21:54.748+0000] {processor.py:161} INFO - Started process (PID=3365) to work on /home/ubuntu/venv/lib/python3.12/site-packages/airflow/example_dags/tutorial_taskflow_api.py
[2024-06-27T21:21:54.750+0000] {processor.py:830} INFO - Processing file /home/ubuntu/venv/lib/python3.12/site-packages/airflow/example_dags/tutorial_taskflow_api.py for tasks to queue
[2024-06-27T21:21:54.751+0000] {logging_mixin.py:188} INFO - [2024-06-27T21:21:54.751+0000] {dagbag.py:545} INFO - Filling up the DagBag from /home/ubuntu/venv/lib/python3.12/site-packages/airflow/example_dags/tutorial_taskflow_api.py
[2024-06-27T21:21:54.758+0000] {processor.py:840} INFO - DAG(s) 'tutorial_taskflow_api' retrieved from /home/ubuntu/venv/lib/python3.12/site-packages/airflow/example_dags/tutorial_taskflow_api.py
[2024-06-27T21:21:54.774+0000] {logging_mixin.py:188} INFO - [2024-06-27T21:21:54.774+0000] {dag.py:3096} INFO - Sync 1 DAGs
[2024-06-27T21:21:54.787+0000] {logging_mixin.py:188} INFO - [2024-06-27T21:21:54.787+0000] {dag.py:3954} INFO - Setting next_dagrun for tutorial_taskflow_api to None, run_after=None
[2024-06-27T21:21:54.810+0000] {processor.py:183} INFO - Processing /home/ubuntu/venv/lib/python3.12/site-packages/airflow/example_dags/tutorial_taskflow_api.py took 0.068 seconds
[2024-06-27T21:22:34.702+0000] {processor.py:161} INFO - Started process (PID=3418) to work on /home/ubuntu/venv/lib/python3.12/site-packages/airflow/example_dags/tutorial_taskflow_api.py
[2024-06-27T21:22:34.704+0000] {processor.py:830} INFO - Processing file /home/ubuntu/venv/lib/python3.12/site-packages/airflow/example_dags/tutorial_taskflow_api.py for tasks to queue
[2024-06-27T21:22:34.706+0000] {logging_mixin.py:188} INFO - [2024-06-27T21:22:34.705+0000] {dagbag.py:545} INFO - Filling up the DagBag from /home/ubuntu/venv/lib/python3.12/site-packages/airflow/example_dags/tutorial_taskflow_api.py
[2024-06-27T21:22:34.713+0000] {processor.py:840} INFO - DAG(s) 'tutorial_taskflow_api' retrieved from /home/ubuntu/venv/lib/python3.12/site-packages/airflow/example_dags/tutorial_taskflow_api.py
[2024-06-27T21:22:34.729+0000] {logging_mixin.py:188} INFO - [2024-06-27T21:22:34.728+0000] {dag.py:3096} INFO - Sync 1 DAGs
[2024-06-27T21:22:34.741+0000] {logging_mixin.py:188} INFO - [2024-06-27T21:22:34.740+0000] {dag.py:3954} INFO - Setting next_dagrun for tutorial_taskflow_api to None, run_after=None
[2024-06-27T21:22:34.763+0000] {processor.py:183} INFO - Processing /home/ubuntu/venv/lib/python3.12/site-packages/airflow/example_dags/tutorial_taskflow_api.py took 0.067 seconds
[2024-06-27T21:23:14.287+0000] {processor.py:161} INFO - Started process (PID=3461) to work on /home/ubuntu/venv/lib/python3.12/site-packages/airflow/example_dags/tutorial_taskflow_api.py
[2024-06-27T21:23:14.288+0000] {processor.py:830} INFO - Processing file /home/ubuntu/venv/lib/python3.12/site-packages/airflow/example_dags/tutorial_taskflow_api.py for tasks to queue
[2024-06-27T21:23:14.290+0000] {logging_mixin.py:188} INFO - [2024-06-27T21:23:14.290+0000] {dagbag.py:545} INFO - Filling up the DagBag from /home/ubuntu/venv/lib/python3.12/site-packages/airflow/example_dags/tutorial_taskflow_api.py
[2024-06-27T21:23:14.298+0000] {processor.py:840} INFO - DAG(s) 'tutorial_taskflow_api' retrieved from /home/ubuntu/venv/lib/python3.12/site-packages/airflow/example_dags/tutorial_taskflow_api.py
[2024-06-27T21:23:14.315+0000] {logging_mixin.py:188} INFO - [2024-06-27T21:23:14.314+0000] {dag.py:3096} INFO - Sync 1 DAGs
[2024-06-27T21:23:14.328+0000] {logging_mixin.py:188} INFO - [2024-06-27T21:23:14.328+0000] {dag.py:3954} INFO - Setting next_dagrun for tutorial_taskflow_api to None, run_after=None
[2024-06-27T21:23:14.353+0000] {processor.py:183} INFO - Processing /home/ubuntu/venv/lib/python3.12/site-packages/airflow/example_dags/tutorial_taskflow_api.py took 0.072 seconds
[2024-06-27T21:23:53.170+0000] {processor.py:161} INFO - Started process (PID=3504) to work on /home/ubuntu/venv/lib/python3.12/site-packages/airflow/example_dags/tutorial_taskflow_api.py
[2024-06-27T21:23:53.172+0000] {processor.py:830} INFO - Processing file /home/ubuntu/venv/lib/python3.12/site-packages/airflow/example_dags/tutorial_taskflow_api.py for tasks to queue
[2024-06-27T21:23:53.174+0000] {logging_mixin.py:188} INFO - [2024-06-27T21:23:53.173+0000] {dagbag.py:545} INFO - Filling up the DagBag from /home/ubuntu/venv/lib/python3.12/site-packages/airflow/example_dags/tutorial_taskflow_api.py
[2024-06-27T21:23:53.181+0000] {processor.py:840} INFO - DAG(s) 'tutorial_taskflow_api' retrieved from /home/ubuntu/venv/lib/python3.12/site-packages/airflow/example_dags/tutorial_taskflow_api.py
[2024-06-27T21:23:53.197+0000] {logging_mixin.py:188} INFO - [2024-06-27T21:23:53.196+0000] {dag.py:3096} INFO - Sync 1 DAGs
[2024-06-27T21:23:53.209+0000] {logging_mixin.py:188} INFO - [2024-06-27T21:23:53.208+0000] {dag.py:3954} INFO - Setting next_dagrun for tutorial_taskflow_api to None, run_after=None
[2024-06-27T21:23:53.233+0000] {processor.py:183} INFO - Processing /home/ubuntu/venv/lib/python3.12/site-packages/airflow/example_dags/tutorial_taskflow_api.py took 0.069 seconds
[2024-06-27T21:24:32.462+0000] {processor.py:161} INFO - Started process (PID=3547) to work on /home/ubuntu/venv/lib/python3.12/site-packages/airflow/example_dags/tutorial_taskflow_api.py
[2024-06-27T21:24:32.463+0000] {processor.py:830} INFO - Processing file /home/ubuntu/venv/lib/python3.12/site-packages/airflow/example_dags/tutorial_taskflow_api.py for tasks to queue
[2024-06-27T21:24:32.464+0000] {logging_mixin.py:188} INFO - [2024-06-27T21:24:32.464+0000] {dagbag.py:545} INFO - Filling up the DagBag from /home/ubuntu/venv/lib/python3.12/site-packages/airflow/example_dags/tutorial_taskflow_api.py
[2024-06-27T21:24:32.471+0000] {processor.py:840} INFO - DAG(s) 'tutorial_taskflow_api' retrieved from /home/ubuntu/venv/lib/python3.12/site-packages/airflow/example_dags/tutorial_taskflow_api.py
[2024-06-27T21:24:32.489+0000] {logging_mixin.py:188} INFO - [2024-06-27T21:24:32.489+0000] {dag.py:3096} INFO - Sync 1 DAGs
[2024-06-27T21:24:32.502+0000] {logging_mixin.py:188} INFO - [2024-06-27T21:24:32.502+0000] {dag.py:3954} INFO - Setting next_dagrun for tutorial_taskflow_api to None, run_after=None
[2024-06-27T21:24:32.525+0000] {processor.py:183} INFO - Processing /home/ubuntu/venv/lib/python3.12/site-packages/airflow/example_dags/tutorial_taskflow_api.py took 0.069 seconds
[2024-06-27T21:25:15.578+0000] {processor.py:161} INFO - Started process (PID=3597) to work on /home/ubuntu/venv/lib/python3.12/site-packages/airflow/example_dags/tutorial_taskflow_api.py
[2024-06-27T21:25:15.580+0000] {processor.py:830} INFO - Processing file /home/ubuntu/venv/lib/python3.12/site-packages/airflow/example_dags/tutorial_taskflow_api.py for tasks to queue
[2024-06-27T21:25:15.581+0000] {logging_mixin.py:188} INFO - [2024-06-27T21:25:15.580+0000] {dagbag.py:545} INFO - Filling up the DagBag from /home/ubuntu/venv/lib/python3.12/site-packages/airflow/example_dags/tutorial_taskflow_api.py
[2024-06-27T21:25:15.587+0000] {processor.py:840} INFO - DAG(s) 'tutorial_taskflow_api' retrieved from /home/ubuntu/venv/lib/python3.12/site-packages/airflow/example_dags/tutorial_taskflow_api.py
[2024-06-27T21:25:15.605+0000] {logging_mixin.py:188} INFO - [2024-06-27T21:25:15.604+0000] {dag.py:3096} INFO - Sync 1 DAGs
[2024-06-27T21:25:15.617+0000] {logging_mixin.py:188} INFO - [2024-06-27T21:25:15.617+0000] {dag.py:3954} INFO - Setting next_dagrun for tutorial_taskflow_api to None, run_after=None
[2024-06-27T21:25:15.640+0000] {processor.py:183} INFO - Processing /home/ubuntu/venv/lib/python3.12/site-packages/airflow/example_dags/tutorial_taskflow_api.py took 0.068 seconds
[2024-06-27T21:25:57.298+0000] {processor.py:161} INFO - Started process (PID=3641) to work on /home/ubuntu/venv/lib/python3.12/site-packages/airflow/example_dags/tutorial_taskflow_api.py
[2024-06-27T21:25:57.300+0000] {processor.py:830} INFO - Processing file /home/ubuntu/venv/lib/python3.12/site-packages/airflow/example_dags/tutorial_taskflow_api.py for tasks to queue
[2024-06-27T21:25:57.301+0000] {logging_mixin.py:188} INFO - [2024-06-27T21:25:57.301+0000] {dagbag.py:545} INFO - Filling up the DagBag from /home/ubuntu/venv/lib/python3.12/site-packages/airflow/example_dags/tutorial_taskflow_api.py
[2024-06-27T21:25:57.308+0000] {processor.py:840} INFO - DAG(s) 'tutorial_taskflow_api' retrieved from /home/ubuntu/venv/lib/python3.12/site-packages/airflow/example_dags/tutorial_taskflow_api.py
[2024-06-27T21:25:57.325+0000] {logging_mixin.py:188} INFO - [2024-06-27T21:25:57.325+0000] {dag.py:3096} INFO - Sync 1 DAGs
[2024-06-27T21:25:57.337+0000] {logging_mixin.py:188} INFO - [2024-06-27T21:25:57.337+0000] {dag.py:3954} INFO - Setting next_dagrun for tutorial_taskflow_api to None, run_after=None
[2024-06-27T21:25:57.359+0000] {processor.py:183} INFO - Processing /home/ubuntu/venv/lib/python3.12/site-packages/airflow/example_dags/tutorial_taskflow_api.py took 0.067 seconds
[2024-06-27T21:26:40.780+0000] {processor.py:161} INFO - Started process (PID=3686) to work on /home/ubuntu/venv/lib/python3.12/site-packages/airflow/example_dags/tutorial_taskflow_api.py
[2024-06-27T21:26:40.782+0000] {processor.py:830} INFO - Processing file /home/ubuntu/venv/lib/python3.12/site-packages/airflow/example_dags/tutorial_taskflow_api.py for tasks to queue
[2024-06-27T21:26:40.783+0000] {logging_mixin.py:188} INFO - [2024-06-27T21:26:40.782+0000] {dagbag.py:545} INFO - Filling up the DagBag from /home/ubuntu/venv/lib/python3.12/site-packages/airflow/example_dags/tutorial_taskflow_api.py
[2024-06-27T21:26:40.790+0000] {processor.py:840} INFO - DAG(s) 'tutorial_taskflow_api' retrieved from /home/ubuntu/venv/lib/python3.12/site-packages/airflow/example_dags/tutorial_taskflow_api.py
[2024-06-27T21:26:40.807+0000] {logging_mixin.py:188} INFO - [2024-06-27T21:26:40.807+0000] {dag.py:3096} INFO - Sync 1 DAGs
[2024-06-27T21:26:40.819+0000] {logging_mixin.py:188} INFO - [2024-06-27T21:26:40.819+0000] {dag.py:3954} INFO - Setting next_dagrun for tutorial_taskflow_api to None, run_after=None
[2024-06-27T21:26:40.841+0000] {processor.py:183} INFO - Processing /home/ubuntu/venv/lib/python3.12/site-packages/airflow/example_dags/tutorial_taskflow_api.py took 0.067 seconds
[2024-06-27T21:27:24.208+0000] {processor.py:161} INFO - Started process (PID=3731) to work on /home/ubuntu/venv/lib/python3.12/site-packages/airflow/example_dags/tutorial_taskflow_api.py
[2024-06-27T21:27:24.210+0000] {processor.py:830} INFO - Processing file /home/ubuntu/venv/lib/python3.12/site-packages/airflow/example_dags/tutorial_taskflow_api.py for tasks to queue
[2024-06-27T21:27:24.211+0000] {logging_mixin.py:188} INFO - [2024-06-27T21:27:24.210+0000] {dagbag.py:545} INFO - Filling up the DagBag from /home/ubuntu/venv/lib/python3.12/site-packages/airflow/example_dags/tutorial_taskflow_api.py
[2024-06-27T21:27:24.218+0000] {processor.py:840} INFO - DAG(s) 'tutorial_taskflow_api' retrieved from /home/ubuntu/venv/lib/python3.12/site-packages/airflow/example_dags/tutorial_taskflow_api.py
[2024-06-27T21:27:24.235+0000] {logging_mixin.py:188} INFO - [2024-06-27T21:27:24.235+0000] {dag.py:3096} INFO - Sync 1 DAGs
[2024-06-27T21:27:24.248+0000] {logging_mixin.py:188} INFO - [2024-06-27T21:27:24.248+0000] {dag.py:3954} INFO - Setting next_dagrun for tutorial_taskflow_api to None, run_after=None
[2024-06-27T21:27:24.270+0000] {processor.py:183} INFO - Processing /home/ubuntu/venv/lib/python3.12/site-packages/airflow/example_dags/tutorial_taskflow_api.py took 0.068 seconds
[2024-06-27T21:28:13.171+0000] {processor.py:161} INFO - Started process (PID=3788) to work on /home/ubuntu/venv/lib/python3.12/site-packages/airflow/example_dags/tutorial_taskflow_api.py
[2024-06-27T21:28:13.172+0000] {processor.py:830} INFO - Processing file /home/ubuntu/venv/lib/python3.12/site-packages/airflow/example_dags/tutorial_taskflow_api.py for tasks to queue
[2024-06-27T21:28:13.173+0000] {logging_mixin.py:188} INFO - [2024-06-27T21:28:13.173+0000] {dagbag.py:545} INFO - Filling up the DagBag from /home/ubuntu/venv/lib/python3.12/site-packages/airflow/example_dags/tutorial_taskflow_api.py
[2024-06-27T21:28:13.180+0000] {processor.py:840} INFO - DAG(s) 'tutorial_taskflow_api' retrieved from /home/ubuntu/venv/lib/python3.12/site-packages/airflow/example_dags/tutorial_taskflow_api.py
[2024-06-27T21:28:13.197+0000] {logging_mixin.py:188} INFO - [2024-06-27T21:28:13.197+0000] {dag.py:3096} INFO - Sync 1 DAGs
[2024-06-27T21:28:13.209+0000] {logging_mixin.py:188} INFO - [2024-06-27T21:28:13.209+0000] {dag.py:3954} INFO - Setting next_dagrun for tutorial_taskflow_api to None, run_after=None
[2024-06-27T21:28:13.233+0000] {processor.py:183} INFO - Processing /home/ubuntu/venv/lib/python3.12/site-packages/airflow/example_dags/tutorial_taskflow_api.py took 0.068 seconds
[2024-06-27T21:29:18.349+0000] {processor.py:161} INFO - Started process (PID=3869) to work on /home/ubuntu/venv/lib/python3.12/site-packages/airflow/example_dags/tutorial_taskflow_api.py
[2024-06-27T21:29:18.351+0000] {processor.py:830} INFO - Processing file /home/ubuntu/venv/lib/python3.12/site-packages/airflow/example_dags/tutorial_taskflow_api.py for tasks to queue
[2024-06-27T21:29:18.352+0000] {logging_mixin.py:188} INFO - [2024-06-27T21:29:18.351+0000] {dagbag.py:545} INFO - Filling up the DagBag from /home/ubuntu/venv/lib/python3.12/site-packages/airflow/example_dags/tutorial_taskflow_api.py
[2024-06-27T21:29:18.358+0000] {processor.py:840} INFO - DAG(s) 'tutorial_taskflow_api' retrieved from /home/ubuntu/venv/lib/python3.12/site-packages/airflow/example_dags/tutorial_taskflow_api.py
[2024-06-27T21:29:18.376+0000] {logging_mixin.py:188} INFO - [2024-06-27T21:29:18.375+0000] {dag.py:3096} INFO - Sync 1 DAGs
[2024-06-27T21:29:18.388+0000] {logging_mixin.py:188} INFO - [2024-06-27T21:29:18.388+0000] {dag.py:3954} INFO - Setting next_dagrun for tutorial_taskflow_api to None, run_after=None
[2024-06-27T21:29:18.411+0000] {processor.py:183} INFO - Processing /home/ubuntu/venv/lib/python3.12/site-packages/airflow/example_dags/tutorial_taskflow_api.py took 0.068 seconds
[2024-06-27T21:30:02.847+0000] {processor.py:161} INFO - Started process (PID=3920) to work on /home/ubuntu/venv/lib/python3.12/site-packages/airflow/example_dags/tutorial_taskflow_api.py
[2024-06-27T21:30:02.848+0000] {processor.py:830} INFO - Processing file /home/ubuntu/venv/lib/python3.12/site-packages/airflow/example_dags/tutorial_taskflow_api.py for tasks to queue
[2024-06-27T21:30:02.849+0000] {logging_mixin.py:188} INFO - [2024-06-27T21:30:02.849+0000] {dagbag.py:545} INFO - Filling up the DagBag from /home/ubuntu/venv/lib/python3.12/site-packages/airflow/example_dags/tutorial_taskflow_api.py
[2024-06-27T21:30:02.856+0000] {processor.py:840} INFO - DAG(s) 'tutorial_taskflow_api' retrieved from /home/ubuntu/venv/lib/python3.12/site-packages/airflow/example_dags/tutorial_taskflow_api.py
[2024-06-27T21:30:02.874+0000] {logging_mixin.py:188} INFO - [2024-06-27T21:30:02.874+0000] {dag.py:3096} INFO - Sync 1 DAGs
[2024-06-27T21:30:02.887+0000] {logging_mixin.py:188} INFO - [2024-06-27T21:30:02.887+0000] {dag.py:3954} INFO - Setting next_dagrun for tutorial_taskflow_api to None, run_after=None
[2024-06-27T21:30:02.912+0000] {processor.py:183} INFO - Processing /home/ubuntu/venv/lib/python3.12/site-packages/airflow/example_dags/tutorial_taskflow_api.py took 0.071 seconds
[2024-06-27T21:30:46.265+0000] {processor.py:161} INFO - Started process (PID=3972) to work on /home/ubuntu/venv/lib/python3.12/site-packages/airflow/example_dags/tutorial_taskflow_api.py
[2024-06-27T21:30:46.267+0000] {processor.py:830} INFO - Processing file /home/ubuntu/venv/lib/python3.12/site-packages/airflow/example_dags/tutorial_taskflow_api.py for tasks to queue
[2024-06-27T21:30:46.268+0000] {logging_mixin.py:188} INFO - [2024-06-27T21:30:46.267+0000] {dagbag.py:545} INFO - Filling up the DagBag from /home/ubuntu/venv/lib/python3.12/site-packages/airflow/example_dags/tutorial_taskflow_api.py
[2024-06-27T21:30:46.275+0000] {processor.py:840} INFO - DAG(s) 'tutorial_taskflow_api' retrieved from /home/ubuntu/venv/lib/python3.12/site-packages/airflow/example_dags/tutorial_taskflow_api.py
[2024-06-27T21:30:46.292+0000] {logging_mixin.py:188} INFO - [2024-06-27T21:30:46.292+0000] {dag.py:3096} INFO - Sync 1 DAGs
[2024-06-27T21:30:46.305+0000] {logging_mixin.py:188} INFO - [2024-06-27T21:30:46.305+0000] {dag.py:3954} INFO - Setting next_dagrun for tutorial_taskflow_api to None, run_after=None
[2024-06-27T21:30:46.329+0000] {processor.py:183} INFO - Processing /home/ubuntu/venv/lib/python3.12/site-packages/airflow/example_dags/tutorial_taskflow_api.py took 0.070 seconds
[2024-06-27T21:31:26.945+0000] {processor.py:161} INFO - Started process (PID=4014) to work on /home/ubuntu/venv/lib/python3.12/site-packages/airflow/example_dags/tutorial_taskflow_api.py
[2024-06-27T21:31:26.946+0000] {processor.py:830} INFO - Processing file /home/ubuntu/venv/lib/python3.12/site-packages/airflow/example_dags/tutorial_taskflow_api.py for tasks to queue
[2024-06-27T21:31:26.947+0000] {logging_mixin.py:188} INFO - [2024-06-27T21:31:26.947+0000] {dagbag.py:545} INFO - Filling up the DagBag from /home/ubuntu/venv/lib/python3.12/site-packages/airflow/example_dags/tutorial_taskflow_api.py
[2024-06-27T21:31:26.954+0000] {processor.py:840} INFO - DAG(s) 'tutorial_taskflow_api' retrieved from /home/ubuntu/venv/lib/python3.12/site-packages/airflow/example_dags/tutorial_taskflow_api.py
[2024-06-27T21:31:26.971+0000] {logging_mixin.py:188} INFO - [2024-06-27T21:31:26.971+0000] {dag.py:3096} INFO - Sync 1 DAGs
[2024-06-27T21:31:26.984+0000] {logging_mixin.py:188} INFO - [2024-06-27T21:31:26.983+0000] {dag.py:3954} INFO - Setting next_dagrun for tutorial_taskflow_api to None, run_after=None
[2024-06-27T21:31:27.007+0000] {processor.py:183} INFO - Processing /home/ubuntu/venv/lib/python3.12/site-packages/airflow/example_dags/tutorial_taskflow_api.py took 0.067 seconds
[2024-06-27T21:32:13.061+0000] {processor.py:161} INFO - Started process (PID=4059) to work on /home/ubuntu/venv/lib/python3.12/site-packages/airflow/example_dags/tutorial_taskflow_api.py
[2024-06-27T21:32:13.062+0000] {processor.py:830} INFO - Processing file /home/ubuntu/venv/lib/python3.12/site-packages/airflow/example_dags/tutorial_taskflow_api.py for tasks to queue
[2024-06-27T21:32:13.063+0000] {logging_mixin.py:188} INFO - [2024-06-27T21:32:13.063+0000] {dagbag.py:545} INFO - Filling up the DagBag from /home/ubuntu/venv/lib/python3.12/site-packages/airflow/example_dags/tutorial_taskflow_api.py
[2024-06-27T21:32:13.070+0000] {processor.py:840} INFO - DAG(s) 'tutorial_taskflow_api' retrieved from /home/ubuntu/venv/lib/python3.12/site-packages/airflow/example_dags/tutorial_taskflow_api.py
[2024-06-27T21:32:13.087+0000] {logging_mixin.py:188} INFO - [2024-06-27T21:32:13.087+0000] {dag.py:3096} INFO - Sync 1 DAGs
[2024-06-27T21:32:13.100+0000] {logging_mixin.py:188} INFO - [2024-06-27T21:32:13.100+0000] {dag.py:3954} INFO - Setting next_dagrun for tutorial_taskflow_api to None, run_after=None
[2024-06-27T21:32:13.123+0000] {processor.py:183} INFO - Processing /home/ubuntu/venv/lib/python3.12/site-packages/airflow/example_dags/tutorial_taskflow_api.py took 0.068 seconds
[2024-06-27T21:33:11.373+0000] {processor.py:161} INFO - Started process (PID=4130) to work on /home/ubuntu/venv/lib/python3.12/site-packages/airflow/example_dags/tutorial_taskflow_api.py
[2024-06-27T21:33:11.375+0000] {processor.py:830} INFO - Processing file /home/ubuntu/venv/lib/python3.12/site-packages/airflow/example_dags/tutorial_taskflow_api.py for tasks to queue
[2024-06-27T21:33:11.376+0000] {logging_mixin.py:188} INFO - [2024-06-27T21:33:11.375+0000] {dagbag.py:545} INFO - Filling up the DagBag from /home/ubuntu/venv/lib/python3.12/site-packages/airflow/example_dags/tutorial_taskflow_api.py
[2024-06-27T21:33:11.383+0000] {processor.py:840} INFO - DAG(s) 'tutorial_taskflow_api' retrieved from /home/ubuntu/venv/lib/python3.12/site-packages/airflow/example_dags/tutorial_taskflow_api.py
[2024-06-27T21:33:11.400+0000] {logging_mixin.py:188} INFO - [2024-06-27T21:33:11.400+0000] {dag.py:3096} INFO - Sync 1 DAGs
[2024-06-27T21:33:11.412+0000] {logging_mixin.py:188} INFO - [2024-06-27T21:33:11.412+0000] {dag.py:3954} INFO - Setting next_dagrun for tutorial_taskflow_api to None, run_after=None
[2024-06-27T21:33:11.436+0000] {processor.py:183} INFO - Processing /home/ubuntu/venv/lib/python3.12/site-packages/airflow/example_dags/tutorial_taskflow_api.py took 0.069 seconds
[2024-06-27T21:33:57.926+0000] {processor.py:161} INFO - Started process (PID=4182) to work on /home/ubuntu/venv/lib/python3.12/site-packages/airflow/example_dags/tutorial_taskflow_api.py
[2024-06-27T21:33:57.927+0000] {processor.py:830} INFO - Processing file /home/ubuntu/venv/lib/python3.12/site-packages/airflow/example_dags/tutorial_taskflow_api.py for tasks to queue
[2024-06-27T21:33:57.928+0000] {logging_mixin.py:188} INFO - [2024-06-27T21:33:57.928+0000] {dagbag.py:545} INFO - Filling up the DagBag from /home/ubuntu/venv/lib/python3.12/site-packages/airflow/example_dags/tutorial_taskflow_api.py
[2024-06-27T21:33:57.935+0000] {processor.py:840} INFO - DAG(s) 'tutorial_taskflow_api' retrieved from /home/ubuntu/venv/lib/python3.12/site-packages/airflow/example_dags/tutorial_taskflow_api.py
[2024-06-27T21:33:57.952+0000] {logging_mixin.py:188} INFO - [2024-06-27T21:33:57.952+0000] {dag.py:3096} INFO - Sync 1 DAGs
[2024-06-27T21:33:57.965+0000] {logging_mixin.py:188} INFO - [2024-06-27T21:33:57.964+0000] {dag.py:3954} INFO - Setting next_dagrun for tutorial_taskflow_api to None, run_after=None
[2024-06-27T21:33:57.988+0000] {processor.py:183} INFO - Processing /home/ubuntu/venv/lib/python3.12/site-packages/airflow/example_dags/tutorial_taskflow_api.py took 0.068 seconds
[2024-06-27T21:34:41.081+0000] {processor.py:161} INFO - Started process (PID=4227) to work on /home/ubuntu/venv/lib/python3.12/site-packages/airflow/example_dags/tutorial_taskflow_api.py
[2024-06-27T21:34:41.082+0000] {processor.py:830} INFO - Processing file /home/ubuntu/venv/lib/python3.12/site-packages/airflow/example_dags/tutorial_taskflow_api.py for tasks to queue
[2024-06-27T21:34:41.083+0000] {logging_mixin.py:188} INFO - [2024-06-27T21:34:41.083+0000] {dagbag.py:545} INFO - Filling up the DagBag from /home/ubuntu/venv/lib/python3.12/site-packages/airflow/example_dags/tutorial_taskflow_api.py
[2024-06-27T21:34:41.090+0000] {processor.py:840} INFO - DAG(s) 'tutorial_taskflow_api' retrieved from /home/ubuntu/venv/lib/python3.12/site-packages/airflow/example_dags/tutorial_taskflow_api.py
[2024-06-27T21:34:41.107+0000] {logging_mixin.py:188} INFO - [2024-06-27T21:34:41.107+0000] {dag.py:3096} INFO - Sync 1 DAGs
[2024-06-27T21:34:41.119+0000] {logging_mixin.py:188} INFO - [2024-06-27T21:34:41.119+0000] {dag.py:3954} INFO - Setting next_dagrun for tutorial_taskflow_api to None, run_after=None
[2024-06-27T21:34:41.142+0000] {processor.py:183} INFO - Processing /home/ubuntu/venv/lib/python3.12/site-packages/airflow/example_dags/tutorial_taskflow_api.py took 0.067 seconds
[2024-06-27T21:35:23.496+0000] {processor.py:161} INFO - Started process (PID=4274) to work on /home/ubuntu/venv/lib/python3.12/site-packages/airflow/example_dags/tutorial_taskflow_api.py
[2024-06-27T21:35:23.498+0000] {processor.py:830} INFO - Processing file /home/ubuntu/venv/lib/python3.12/site-packages/airflow/example_dags/tutorial_taskflow_api.py for tasks to queue
[2024-06-27T21:35:23.499+0000] {logging_mixin.py:188} INFO - [2024-06-27T21:35:23.499+0000] {dagbag.py:545} INFO - Filling up the DagBag from /home/ubuntu/venv/lib/python3.12/site-packages/airflow/example_dags/tutorial_taskflow_api.py
[2024-06-27T21:35:23.506+0000] {processor.py:840} INFO - DAG(s) 'tutorial_taskflow_api' retrieved from /home/ubuntu/venv/lib/python3.12/site-packages/airflow/example_dags/tutorial_taskflow_api.py
[2024-06-27T21:35:23.523+0000] {logging_mixin.py:188} INFO - [2024-06-27T21:35:23.523+0000] {dag.py:3096} INFO - Sync 1 DAGs
[2024-06-27T21:35:23.535+0000] {logging_mixin.py:188} INFO - [2024-06-27T21:35:23.535+0000] {dag.py:3954} INFO - Setting next_dagrun for tutorial_taskflow_api to None, run_after=None
[2024-06-27T21:35:23.557+0000] {processor.py:183} INFO - Processing /home/ubuntu/venv/lib/python3.12/site-packages/airflow/example_dags/tutorial_taskflow_api.py took 0.067 seconds
[2024-06-27T21:36:04.566+0000] {processor.py:161} INFO - Started process (PID=4319) to work on /home/ubuntu/venv/lib/python3.12/site-packages/airflow/example_dags/tutorial_taskflow_api.py
[2024-06-27T21:36:04.569+0000] {processor.py:830} INFO - Processing file /home/ubuntu/venv/lib/python3.12/site-packages/airflow/example_dags/tutorial_taskflow_api.py for tasks to queue
[2024-06-27T21:36:04.570+0000] {logging_mixin.py:188} INFO - [2024-06-27T21:36:04.570+0000] {dagbag.py:545} INFO - Filling up the DagBag from /home/ubuntu/venv/lib/python3.12/site-packages/airflow/example_dags/tutorial_taskflow_api.py
[2024-06-27T21:36:04.577+0000] {processor.py:840} INFO - DAG(s) 'tutorial_taskflow_api' retrieved from /home/ubuntu/venv/lib/python3.12/site-packages/airflow/example_dags/tutorial_taskflow_api.py
[2024-06-27T21:36:04.595+0000] {logging_mixin.py:188} INFO - [2024-06-27T21:36:04.595+0000] {dag.py:3096} INFO - Sync 1 DAGs
[2024-06-27T21:36:04.609+0000] {logging_mixin.py:188} INFO - [2024-06-27T21:36:04.608+0000] {dag.py:3954} INFO - Setting next_dagrun for tutorial_taskflow_api to None, run_after=None
[2024-06-27T21:36:04.632+0000] {processor.py:183} INFO - Processing /home/ubuntu/venv/lib/python3.12/site-packages/airflow/example_dags/tutorial_taskflow_api.py took 0.072 seconds
[2024-06-27T21:36:48.635+0000] {processor.py:161} INFO - Started process (PID=4362) to work on /home/ubuntu/venv/lib/python3.12/site-packages/airflow/example_dags/tutorial_taskflow_api.py
[2024-06-27T21:36:48.636+0000] {processor.py:830} INFO - Processing file /home/ubuntu/venv/lib/python3.12/site-packages/airflow/example_dags/tutorial_taskflow_api.py for tasks to queue
[2024-06-27T21:36:48.637+0000] {logging_mixin.py:188} INFO - [2024-06-27T21:36:48.637+0000] {dagbag.py:545} INFO - Filling up the DagBag from /home/ubuntu/venv/lib/python3.12/site-packages/airflow/example_dags/tutorial_taskflow_api.py
[2024-06-27T21:36:48.644+0000] {processor.py:840} INFO - DAG(s) 'tutorial_taskflow_api' retrieved from /home/ubuntu/venv/lib/python3.12/site-packages/airflow/example_dags/tutorial_taskflow_api.py
[2024-06-27T21:36:48.661+0000] {logging_mixin.py:188} INFO - [2024-06-27T21:36:48.661+0000] {dag.py:3096} INFO - Sync 1 DAGs
[2024-06-27T21:36:48.673+0000] {logging_mixin.py:188} INFO - [2024-06-27T21:36:48.673+0000] {dag.py:3954} INFO - Setting next_dagrun for tutorial_taskflow_api to None, run_after=None
[2024-06-27T21:36:48.695+0000] {processor.py:183} INFO - Processing /home/ubuntu/venv/lib/python3.12/site-packages/airflow/example_dags/tutorial_taskflow_api.py took 0.066 seconds
[2024-06-27T21:37:31.216+0000] {processor.py:161} INFO - Started process (PID=4406) to work on /home/ubuntu/venv/lib/python3.12/site-packages/airflow/example_dags/tutorial_taskflow_api.py
[2024-06-27T21:37:31.218+0000] {processor.py:830} INFO - Processing file /home/ubuntu/venv/lib/python3.12/site-packages/airflow/example_dags/tutorial_taskflow_api.py for tasks to queue
[2024-06-27T21:37:31.219+0000] {logging_mixin.py:188} INFO - [2024-06-27T21:37:31.218+0000] {dagbag.py:545} INFO - Filling up the DagBag from /home/ubuntu/venv/lib/python3.12/site-packages/airflow/example_dags/tutorial_taskflow_api.py
[2024-06-27T21:37:31.226+0000] {processor.py:840} INFO - DAG(s) 'tutorial_taskflow_api' retrieved from /home/ubuntu/venv/lib/python3.12/site-packages/airflow/example_dags/tutorial_taskflow_api.py
[2024-06-27T21:37:31.243+0000] {logging_mixin.py:188} INFO - [2024-06-27T21:37:31.242+0000] {dag.py:3096} INFO - Sync 1 DAGs
[2024-06-27T21:37:31.255+0000] {logging_mixin.py:188} INFO - [2024-06-27T21:37:31.255+0000] {dag.py:3954} INFO - Setting next_dagrun for tutorial_taskflow_api to None, run_after=None
[2024-06-27T21:37:31.278+0000] {processor.py:183} INFO - Processing /home/ubuntu/venv/lib/python3.12/site-packages/airflow/example_dags/tutorial_taskflow_api.py took 0.067 seconds
[2024-06-27T21:38:24.523+0000] {processor.py:161} INFO - Started process (PID=4462) to work on /home/ubuntu/venv/lib/python3.12/site-packages/airflow/example_dags/tutorial_taskflow_api.py
[2024-06-27T21:38:24.525+0000] {processor.py:830} INFO - Processing file /home/ubuntu/venv/lib/python3.12/site-packages/airflow/example_dags/tutorial_taskflow_api.py for tasks to queue
[2024-06-27T21:38:24.526+0000] {logging_mixin.py:188} INFO - [2024-06-27T21:38:24.525+0000] {dagbag.py:545} INFO - Filling up the DagBag from /home/ubuntu/venv/lib/python3.12/site-packages/airflow/example_dags/tutorial_taskflow_api.py
[2024-06-27T21:38:24.533+0000] {processor.py:840} INFO - DAG(s) 'tutorial_taskflow_api' retrieved from /home/ubuntu/venv/lib/python3.12/site-packages/airflow/example_dags/tutorial_taskflow_api.py
[2024-06-27T21:38:24.551+0000] {logging_mixin.py:188} INFO - [2024-06-27T21:38:24.550+0000] {dag.py:3096} INFO - Sync 1 DAGs
[2024-06-27T21:38:24.563+0000] {logging_mixin.py:188} INFO - [2024-06-27T21:38:24.563+0000] {dag.py:3954} INFO - Setting next_dagrun for tutorial_taskflow_api to None, run_after=None
[2024-06-27T21:38:24.586+0000] {processor.py:183} INFO - Processing /home/ubuntu/venv/lib/python3.12/site-packages/airflow/example_dags/tutorial_taskflow_api.py took 0.069 seconds
[2024-06-27T21:39:10.099+0000] {processor.py:161} INFO - Started process (PID=4510) to work on /home/ubuntu/venv/lib/python3.12/site-packages/airflow/example_dags/tutorial_taskflow_api.py
[2024-06-27T21:39:10.100+0000] {processor.py:830} INFO - Processing file /home/ubuntu/venv/lib/python3.12/site-packages/airflow/example_dags/tutorial_taskflow_api.py for tasks to queue
[2024-06-27T21:39:10.101+0000] {logging_mixin.py:188} INFO - [2024-06-27T21:39:10.101+0000] {dagbag.py:545} INFO - Filling up the DagBag from /home/ubuntu/venv/lib/python3.12/site-packages/airflow/example_dags/tutorial_taskflow_api.py
[2024-06-27T21:39:10.108+0000] {processor.py:840} INFO - DAG(s) 'tutorial_taskflow_api' retrieved from /home/ubuntu/venv/lib/python3.12/site-packages/airflow/example_dags/tutorial_taskflow_api.py
[2024-06-27T21:39:10.125+0000] {logging_mixin.py:188} INFO - [2024-06-27T21:39:10.125+0000] {dag.py:3096} INFO - Sync 1 DAGs
[2024-06-27T21:39:10.137+0000] {logging_mixin.py:188} INFO - [2024-06-27T21:39:10.137+0000] {dag.py:3954} INFO - Setting next_dagrun for tutorial_taskflow_api to None, run_after=None
[2024-06-27T21:39:10.161+0000] {processor.py:183} INFO - Processing /home/ubuntu/venv/lib/python3.12/site-packages/airflow/example_dags/tutorial_taskflow_api.py took 0.068 seconds
[2024-06-27T21:39:50.653+0000] {processor.py:161} INFO - Started process (PID=4553) to work on /home/ubuntu/venv/lib/python3.12/site-packages/airflow/example_dags/tutorial_taskflow_api.py
[2024-06-27T21:39:50.655+0000] {processor.py:830} INFO - Processing file /home/ubuntu/venv/lib/python3.12/site-packages/airflow/example_dags/tutorial_taskflow_api.py for tasks to queue
[2024-06-27T21:39:50.655+0000] {logging_mixin.py:188} INFO - [2024-06-27T21:39:50.655+0000] {dagbag.py:545} INFO - Filling up the DagBag from /home/ubuntu/venv/lib/python3.12/site-packages/airflow/example_dags/tutorial_taskflow_api.py
[2024-06-27T21:39:50.662+0000] {processor.py:840} INFO - DAG(s) 'tutorial_taskflow_api' retrieved from /home/ubuntu/venv/lib/python3.12/site-packages/airflow/example_dags/tutorial_taskflow_api.py
[2024-06-27T21:39:50.680+0000] {logging_mixin.py:188} INFO - [2024-06-27T21:39:50.679+0000] {dag.py:3096} INFO - Sync 1 DAGs
[2024-06-27T21:39:50.692+0000] {logging_mixin.py:188} INFO - [2024-06-27T21:39:50.691+0000] {dag.py:3954} INFO - Setting next_dagrun for tutorial_taskflow_api to None, run_after=None
[2024-06-27T21:39:50.714+0000] {processor.py:183} INFO - Processing /home/ubuntu/venv/lib/python3.12/site-packages/airflow/example_dags/tutorial_taskflow_api.py took 0.067 seconds
[2024-06-27T21:40:33.668+0000] {processor.py:161} INFO - Started process (PID=4599) to work on /home/ubuntu/venv/lib/python3.12/site-packages/airflow/example_dags/tutorial_taskflow_api.py
[2024-06-27T21:40:33.670+0000] {processor.py:830} INFO - Processing file /home/ubuntu/venv/lib/python3.12/site-packages/airflow/example_dags/tutorial_taskflow_api.py for tasks to queue
[2024-06-27T21:40:33.671+0000] {logging_mixin.py:188} INFO - [2024-06-27T21:40:33.670+0000] {dagbag.py:545} INFO - Filling up the DagBag from /home/ubuntu/venv/lib/python3.12/site-packages/airflow/example_dags/tutorial_taskflow_api.py
[2024-06-27T21:40:33.678+0000] {processor.py:840} INFO - DAG(s) 'tutorial_taskflow_api' retrieved from /home/ubuntu/venv/lib/python3.12/site-packages/airflow/example_dags/tutorial_taskflow_api.py
[2024-06-27T21:40:33.695+0000] {logging_mixin.py:188} INFO - [2024-06-27T21:40:33.695+0000] {dag.py:3096} INFO - Sync 1 DAGs
[2024-06-27T21:40:33.708+0000] {logging_mixin.py:188} INFO - [2024-06-27T21:40:33.708+0000] {dag.py:3954} INFO - Setting next_dagrun for tutorial_taskflow_api to None, run_after=None
[2024-06-27T21:40:33.730+0000] {processor.py:183} INFO - Processing /home/ubuntu/venv/lib/python3.12/site-packages/airflow/example_dags/tutorial_taskflow_api.py took 0.068 seconds
[2024-06-27T21:41:17.764+0000] {processor.py:161} INFO - Started process (PID=4644) to work on /home/ubuntu/venv/lib/python3.12/site-packages/airflow/example_dags/tutorial_taskflow_api.py
[2024-06-27T21:41:17.766+0000] {processor.py:830} INFO - Processing file /home/ubuntu/venv/lib/python3.12/site-packages/airflow/example_dags/tutorial_taskflow_api.py for tasks to queue
[2024-06-27T21:41:17.767+0000] {logging_mixin.py:188} INFO - [2024-06-27T21:41:17.766+0000] {dagbag.py:545} INFO - Filling up the DagBag from /home/ubuntu/venv/lib/python3.12/site-packages/airflow/example_dags/tutorial_taskflow_api.py
[2024-06-27T21:41:17.774+0000] {processor.py:840} INFO - DAG(s) 'tutorial_taskflow_api' retrieved from /home/ubuntu/venv/lib/python3.12/site-packages/airflow/example_dags/tutorial_taskflow_api.py
[2024-06-27T21:41:17.791+0000] {logging_mixin.py:188} INFO - [2024-06-27T21:41:17.791+0000] {dag.py:3096} INFO - Sync 1 DAGs
[2024-06-27T21:41:17.803+0000] {logging_mixin.py:188} INFO - [2024-06-27T21:41:17.803+0000] {dag.py:3954} INFO - Setting next_dagrun for tutorial_taskflow_api to None, run_after=None
[2024-06-27T21:41:17.826+0000] {processor.py:183} INFO - Processing /home/ubuntu/venv/lib/python3.12/site-packages/airflow/example_dags/tutorial_taskflow_api.py took 0.068 seconds
[2024-06-27T21:42:02.608+0000] {processor.py:161} INFO - Started process (PID=4690) to work on /home/ubuntu/venv/lib/python3.12/site-packages/airflow/example_dags/tutorial_taskflow_api.py
[2024-06-27T21:42:02.609+0000] {processor.py:830} INFO - Processing file /home/ubuntu/venv/lib/python3.12/site-packages/airflow/example_dags/tutorial_taskflow_api.py for tasks to queue
[2024-06-27T21:42:02.610+0000] {logging_mixin.py:188} INFO - [2024-06-27T21:42:02.610+0000] {dagbag.py:545} INFO - Filling up the DagBag from /home/ubuntu/venv/lib/python3.12/site-packages/airflow/example_dags/tutorial_taskflow_api.py
[2024-06-27T21:42:02.618+0000] {processor.py:840} INFO - DAG(s) 'tutorial_taskflow_api' retrieved from /home/ubuntu/venv/lib/python3.12/site-packages/airflow/example_dags/tutorial_taskflow_api.py
[2024-06-27T21:42:02.636+0000] {logging_mixin.py:188} INFO - [2024-06-27T21:42:02.635+0000] {dag.py:3096} INFO - Sync 1 DAGs
[2024-06-27T21:42:02.649+0000] {logging_mixin.py:188} INFO - [2024-06-27T21:42:02.649+0000] {dag.py:3954} INFO - Setting next_dagrun for tutorial_taskflow_api to None, run_after=None
[2024-06-27T21:42:02.673+0000] {processor.py:183} INFO - Processing /home/ubuntu/venv/lib/python3.12/site-packages/airflow/example_dags/tutorial_taskflow_api.py took 0.071 seconds
[2024-06-27T21:42:45.939+0000] {processor.py:161} INFO - Started process (PID=4736) to work on /home/ubuntu/venv/lib/python3.12/site-packages/airflow/example_dags/tutorial_taskflow_api.py
[2024-06-27T21:42:45.941+0000] {processor.py:830} INFO - Processing file /home/ubuntu/venv/lib/python3.12/site-packages/airflow/example_dags/tutorial_taskflow_api.py for tasks to queue
[2024-06-27T21:42:45.942+0000] {logging_mixin.py:188} INFO - [2024-06-27T21:42:45.941+0000] {dagbag.py:545} INFO - Filling up the DagBag from /home/ubuntu/venv/lib/python3.12/site-packages/airflow/example_dags/tutorial_taskflow_api.py
[2024-06-27T21:42:45.949+0000] {processor.py:840} INFO - DAG(s) 'tutorial_taskflow_api' retrieved from /home/ubuntu/venv/lib/python3.12/site-packages/airflow/example_dags/tutorial_taskflow_api.py
[2024-06-27T21:42:45.970+0000] {logging_mixin.py:188} INFO - [2024-06-27T21:42:45.970+0000] {dag.py:3096} INFO - Sync 1 DAGs
[2024-06-27T21:42:45.983+0000] {logging_mixin.py:188} INFO - [2024-06-27T21:42:45.983+0000] {dag.py:3954} INFO - Setting next_dagrun for tutorial_taskflow_api to None, run_after=None
[2024-06-27T21:42:46.007+0000] {processor.py:183} INFO - Processing /home/ubuntu/venv/lib/python3.12/site-packages/airflow/example_dags/tutorial_taskflow_api.py took 0.074 seconds
[2024-06-27T21:43:29.227+0000] {processor.py:161} INFO - Started process (PID=4779) to work on /home/ubuntu/venv/lib/python3.12/site-packages/airflow/example_dags/tutorial_taskflow_api.py
[2024-06-27T21:43:29.229+0000] {processor.py:830} INFO - Processing file /home/ubuntu/venv/lib/python3.12/site-packages/airflow/example_dags/tutorial_taskflow_api.py for tasks to queue
[2024-06-27T21:43:29.230+0000] {logging_mixin.py:188} INFO - [2024-06-27T21:43:29.229+0000] {dagbag.py:545} INFO - Filling up the DagBag from /home/ubuntu/venv/lib/python3.12/site-packages/airflow/example_dags/tutorial_taskflow_api.py
[2024-06-27T21:43:29.236+0000] {processor.py:840} INFO - DAG(s) 'tutorial_taskflow_api' retrieved from /home/ubuntu/venv/lib/python3.12/site-packages/airflow/example_dags/tutorial_taskflow_api.py
[2024-06-27T21:43:29.254+0000] {logging_mixin.py:188} INFO - [2024-06-27T21:43:29.253+0000] {dag.py:3096} INFO - Sync 1 DAGs
[2024-06-27T21:43:29.266+0000] {logging_mixin.py:188} INFO - [2024-06-27T21:43:29.266+0000] {dag.py:3954} INFO - Setting next_dagrun for tutorial_taskflow_api to None, run_after=None
[2024-06-27T21:43:29.289+0000] {processor.py:183} INFO - Processing /home/ubuntu/venv/lib/python3.12/site-packages/airflow/example_dags/tutorial_taskflow_api.py took 0.068 seconds
[2024-06-27T21:44:13.622+0000] {processor.py:161} INFO - Started process (PID=4825) to work on /home/ubuntu/venv/lib/python3.12/site-packages/airflow/example_dags/tutorial_taskflow_api.py
[2024-06-27T21:44:13.624+0000] {processor.py:830} INFO - Processing file /home/ubuntu/venv/lib/python3.12/site-packages/airflow/example_dags/tutorial_taskflow_api.py for tasks to queue
[2024-06-27T21:44:13.625+0000] {logging_mixin.py:188} INFO - [2024-06-27T21:44:13.624+0000] {dagbag.py:545} INFO - Filling up the DagBag from /home/ubuntu/venv/lib/python3.12/site-packages/airflow/example_dags/tutorial_taskflow_api.py
[2024-06-27T21:44:13.632+0000] {processor.py:840} INFO - DAG(s) 'tutorial_taskflow_api' retrieved from /home/ubuntu/venv/lib/python3.12/site-packages/airflow/example_dags/tutorial_taskflow_api.py
[2024-06-27T21:44:13.649+0000] {logging_mixin.py:188} INFO - [2024-06-27T21:44:13.649+0000] {dag.py:3096} INFO - Sync 1 DAGs
[2024-06-27T21:44:13.661+0000] {logging_mixin.py:188} INFO - [2024-06-27T21:44:13.661+0000] {dag.py:3954} INFO - Setting next_dagrun for tutorial_taskflow_api to None, run_after=None
[2024-06-27T21:44:13.684+0000] {processor.py:183} INFO - Processing /home/ubuntu/venv/lib/python3.12/site-packages/airflow/example_dags/tutorial_taskflow_api.py took 0.068 seconds
[2024-06-27T21:44:58.282+0000] {processor.py:161} INFO - Started process (PID=4913) to work on /home/ubuntu/venv/lib/python3.12/site-packages/airflow/example_dags/tutorial_taskflow_api.py
[2024-06-27T21:44:58.284+0000] {processor.py:830} INFO - Processing file /home/ubuntu/venv/lib/python3.12/site-packages/airflow/example_dags/tutorial_taskflow_api.py for tasks to queue
[2024-06-27T21:44:58.285+0000] {logging_mixin.py:188} INFO - [2024-06-27T21:44:58.284+0000] {dagbag.py:545} INFO - Filling up the DagBag from /home/ubuntu/venv/lib/python3.12/site-packages/airflow/example_dags/tutorial_taskflow_api.py
[2024-06-27T21:44:58.292+0000] {processor.py:840} INFO - DAG(s) 'tutorial_taskflow_api' retrieved from /home/ubuntu/venv/lib/python3.12/site-packages/airflow/example_dags/tutorial_taskflow_api.py
[2024-06-27T21:44:58.309+0000] {logging_mixin.py:188} INFO - [2024-06-27T21:44:58.308+0000] {dag.py:3096} INFO - Sync 1 DAGs
[2024-06-27T21:44:58.321+0000] {logging_mixin.py:188} INFO - [2024-06-27T21:44:58.320+0000] {dag.py:3954} INFO - Setting next_dagrun for tutorial_taskflow_api to None, run_after=None
[2024-06-27T21:44:58.343+0000] {processor.py:183} INFO - Processing /home/ubuntu/venv/lib/python3.12/site-packages/airflow/example_dags/tutorial_taskflow_api.py took 0.066 seconds
[2024-06-27T21:45:44.624+0000] {processor.py:161} INFO - Started process (PID=4964) to work on /home/ubuntu/venv/lib/python3.12/site-packages/airflow/example_dags/tutorial_taskflow_api.py
[2024-06-27T21:45:44.626+0000] {processor.py:830} INFO - Processing file /home/ubuntu/venv/lib/python3.12/site-packages/airflow/example_dags/tutorial_taskflow_api.py for tasks to queue
[2024-06-27T21:45:44.627+0000] {logging_mixin.py:188} INFO - [2024-06-27T21:45:44.626+0000] {dagbag.py:545} INFO - Filling up the DagBag from /home/ubuntu/venv/lib/python3.12/site-packages/airflow/example_dags/tutorial_taskflow_api.py
[2024-06-27T21:45:44.634+0000] {processor.py:840} INFO - DAG(s) 'tutorial_taskflow_api' retrieved from /home/ubuntu/venv/lib/python3.12/site-packages/airflow/example_dags/tutorial_taskflow_api.py
[2024-06-27T21:45:44.651+0000] {logging_mixin.py:188} INFO - [2024-06-27T21:45:44.650+0000] {dag.py:3096} INFO - Sync 1 DAGs
[2024-06-27T21:45:44.663+0000] {logging_mixin.py:188} INFO - [2024-06-27T21:45:44.663+0000] {dag.py:3954} INFO - Setting next_dagrun for tutorial_taskflow_api to None, run_after=None
[2024-06-27T21:45:44.800+0000] {processor.py:183} INFO - Processing /home/ubuntu/venv/lib/python3.12/site-packages/airflow/example_dags/tutorial_taskflow_api.py took 0.181 seconds
[2024-06-27T21:46:35.598+0000] {processor.py:161} INFO - Started process (PID=5011) to work on /home/ubuntu/venv/lib/python3.12/site-packages/airflow/example_dags/tutorial_taskflow_api.py
[2024-06-27T21:46:35.599+0000] {processor.py:830} INFO - Processing file /home/ubuntu/venv/lib/python3.12/site-packages/airflow/example_dags/tutorial_taskflow_api.py for tasks to queue
[2024-06-27T21:46:35.600+0000] {logging_mixin.py:188} INFO - [2024-06-27T21:46:35.600+0000] {dagbag.py:545} INFO - Filling up the DagBag from /home/ubuntu/venv/lib/python3.12/site-packages/airflow/example_dags/tutorial_taskflow_api.py
[2024-06-27T21:46:35.608+0000] {processor.py:840} INFO - DAG(s) 'tutorial_taskflow_api' retrieved from /home/ubuntu/venv/lib/python3.12/site-packages/airflow/example_dags/tutorial_taskflow_api.py
[2024-06-27T21:46:35.625+0000] {logging_mixin.py:188} INFO - [2024-06-27T21:46:35.625+0000] {dag.py:3096} INFO - Sync 1 DAGs
[2024-06-27T21:46:35.639+0000] {logging_mixin.py:188} INFO - [2024-06-27T21:46:35.638+0000] {dag.py:3954} INFO - Setting next_dagrun for tutorial_taskflow_api to None, run_after=None
[2024-06-27T21:46:35.663+0000] {processor.py:183} INFO - Processing /home/ubuntu/venv/lib/python3.12/site-packages/airflow/example_dags/tutorial_taskflow_api.py took 0.071 seconds
[2024-06-27T21:47:24.938+0000] {processor.py:161} INFO - Started process (PID=5059) to work on /home/ubuntu/venv/lib/python3.12/site-packages/airflow/example_dags/tutorial_taskflow_api.py
[2024-06-27T21:47:24.940+0000] {processor.py:830} INFO - Processing file /home/ubuntu/venv/lib/python3.12/site-packages/airflow/example_dags/tutorial_taskflow_api.py for tasks to queue
[2024-06-27T21:47:24.941+0000] {logging_mixin.py:188} INFO - [2024-06-27T21:47:24.940+0000] {dagbag.py:545} INFO - Filling up the DagBag from /home/ubuntu/venv/lib/python3.12/site-packages/airflow/example_dags/tutorial_taskflow_api.py
[2024-06-27T21:47:24.948+0000] {processor.py:840} INFO - DAG(s) 'tutorial_taskflow_api' retrieved from /home/ubuntu/venv/lib/python3.12/site-packages/airflow/example_dags/tutorial_taskflow_api.py
[2024-06-27T21:47:24.965+0000] {logging_mixin.py:188} INFO - [2024-06-27T21:47:24.965+0000] {dag.py:3096} INFO - Sync 1 DAGs
[2024-06-27T21:47:24.978+0000] {logging_mixin.py:188} INFO - [2024-06-27T21:47:24.977+0000] {dag.py:3954} INFO - Setting next_dagrun for tutorial_taskflow_api to None, run_after=None
[2024-06-27T21:47:25.001+0000] {processor.py:183} INFO - Processing /home/ubuntu/venv/lib/python3.12/site-packages/airflow/example_dags/tutorial_taskflow_api.py took 0.069 seconds
[2024-06-27T21:48:10.004+0000] {processor.py:161} INFO - Started process (PID=5229) to work on /home/ubuntu/venv/lib/python3.12/site-packages/airflow/example_dags/tutorial_taskflow_api.py
[2024-06-27T21:48:10.007+0000] {processor.py:830} INFO - Processing file /home/ubuntu/venv/lib/python3.12/site-packages/airflow/example_dags/tutorial_taskflow_api.py for tasks to queue
[2024-06-27T21:48:10.009+0000] {logging_mixin.py:188} INFO - [2024-06-27T21:48:10.008+0000] {dagbag.py:545} INFO - Filling up the DagBag from /home/ubuntu/venv/lib/python3.12/site-packages/airflow/example_dags/tutorial_taskflow_api.py
[2024-06-27T21:48:10.020+0000] {processor.py:840} INFO - DAG(s) 'tutorial_taskflow_api' retrieved from /home/ubuntu/venv/lib/python3.12/site-packages/airflow/example_dags/tutorial_taskflow_api.py
[2024-06-27T21:48:10.052+0000] {logging_mixin.py:188} INFO - [2024-06-27T21:48:10.052+0000] {dag.py:3096} INFO - Sync 1 DAGs
[2024-06-27T21:48:10.074+0000] {logging_mixin.py:188} INFO - [2024-06-27T21:48:10.073+0000] {dag.py:3954} INFO - Setting next_dagrun for tutorial_taskflow_api to None, run_after=None
[2024-06-27T21:48:10.109+0000] {processor.py:183} INFO - Processing /home/ubuntu/venv/lib/python3.12/site-packages/airflow/example_dags/tutorial_taskflow_api.py took 0.117 seconds
[2024-06-27T21:48:55.078+0000] {processor.py:161} INFO - Started process (PID=5279) to work on /home/ubuntu/venv/lib/python3.12/site-packages/airflow/example_dags/tutorial_taskflow_api.py
[2024-06-27T21:48:55.079+0000] {processor.py:830} INFO - Processing file /home/ubuntu/venv/lib/python3.12/site-packages/airflow/example_dags/tutorial_taskflow_api.py for tasks to queue
[2024-06-27T21:48:55.080+0000] {logging_mixin.py:188} INFO - [2024-06-27T21:48:55.080+0000] {dagbag.py:545} INFO - Filling up the DagBag from /home/ubuntu/venv/lib/python3.12/site-packages/airflow/example_dags/tutorial_taskflow_api.py
[2024-06-27T21:48:55.087+0000] {processor.py:840} INFO - DAG(s) 'tutorial_taskflow_api' retrieved from /home/ubuntu/venv/lib/python3.12/site-packages/airflow/example_dags/tutorial_taskflow_api.py
[2024-06-27T21:48:55.104+0000] {logging_mixin.py:188} INFO - [2024-06-27T21:48:55.104+0000] {dag.py:3096} INFO - Sync 1 DAGs
[2024-06-27T21:48:55.116+0000] {logging_mixin.py:188} INFO - [2024-06-27T21:48:55.116+0000] {dag.py:3954} INFO - Setting next_dagrun for tutorial_taskflow_api to None, run_after=None
[2024-06-27T21:48:55.139+0000] {processor.py:183} INFO - Processing /home/ubuntu/venv/lib/python3.12/site-packages/airflow/example_dags/tutorial_taskflow_api.py took 0.069 seconds
[2024-06-27T21:49:35.113+0000] {processor.py:161} INFO - Started process (PID=5322) to work on /home/ubuntu/venv/lib/python3.12/site-packages/airflow/example_dags/tutorial_taskflow_api.py
[2024-06-27T21:49:35.115+0000] {processor.py:830} INFO - Processing file /home/ubuntu/venv/lib/python3.12/site-packages/airflow/example_dags/tutorial_taskflow_api.py for tasks to queue
[2024-06-27T21:49:35.116+0000] {logging_mixin.py:188} INFO - [2024-06-27T21:49:35.116+0000] {dagbag.py:545} INFO - Filling up the DagBag from /home/ubuntu/venv/lib/python3.12/site-packages/airflow/example_dags/tutorial_taskflow_api.py
[2024-06-27T21:49:35.123+0000] {processor.py:840} INFO - DAG(s) 'tutorial_taskflow_api' retrieved from /home/ubuntu/venv/lib/python3.12/site-packages/airflow/example_dags/tutorial_taskflow_api.py
[2024-06-27T21:49:35.141+0000] {logging_mixin.py:188} INFO - [2024-06-27T21:49:35.141+0000] {dag.py:3096} INFO - Sync 1 DAGs
[2024-06-27T21:49:35.154+0000] {logging_mixin.py:188} INFO - [2024-06-27T21:49:35.153+0000] {dag.py:3954} INFO - Setting next_dagrun for tutorial_taskflow_api to None, run_after=None
[2024-06-27T21:49:35.176+0000] {processor.py:183} INFO - Processing /home/ubuntu/venv/lib/python3.12/site-packages/airflow/example_dags/tutorial_taskflow_api.py took 0.070 seconds
