[2024-06-27T21:19:30.384+0000] {processor.py:161} INFO - Started process (PID=2933) to work on /home/ubuntu/venv/lib/python3.12/site-packages/airflow/example_dags/tutorial_taskflow_api_virtualenv.py
[2024-06-27T21:19:30.385+0000] {processor.py:830} INFO - Processing file /home/ubuntu/venv/lib/python3.12/site-packages/airflow/example_dags/tutorial_taskflow_api_virtualenv.py for tasks to queue
[2024-06-27T21:19:30.387+0000] {logging_mixin.py:188} INFO - [2024-06-27T21:19:30.386+0000] {dagbag.py:545} INFO - Filling up the DagBag from /home/ubuntu/venv/lib/python3.12/site-packages/airflow/example_dags/tutorial_taskflow_api_virtualenv.py
[2024-06-27T21:19:30.390+0000] {logging_mixin.py:188} INFO - [2024-06-27T21:19:30.389+0000] {tutorial_taskflow_api_virtualenv.py:29} WARNING - The tutorial_taskflow_api_virtualenv example DAG requires virtualenv, please install it.
[2024-06-27T21:19:30.390+0000] {processor.py:842} WARNING - No viable dags retrieved from /home/ubuntu/venv/lib/python3.12/site-packages/airflow/example_dags/tutorial_taskflow_api_virtualenv.py
[2024-06-27T21:19:30.401+0000] {processor.py:183} INFO - Processing /home/ubuntu/venv/lib/python3.12/site-packages/airflow/example_dags/tutorial_taskflow_api_virtualenv.py took 0.023 seconds
[2024-06-27T21:20:30.092+0000] {processor.py:161} INFO - Started process (PID=2992) to work on /home/ubuntu/venv/lib/python3.12/site-packages/airflow/example_dags/tutorial_taskflow_api_virtualenv.py
[2024-06-27T21:20:30.094+0000] {processor.py:830} INFO - Processing file /home/ubuntu/venv/lib/python3.12/site-packages/airflow/example_dags/tutorial_taskflow_api_virtualenv.py for tasks to queue
[2024-06-27T21:20:30.096+0000] {logging_mixin.py:188} INFO - [2024-06-27T21:20:30.095+0000] {dagbag.py:545} INFO - Filling up the DagBag from /home/ubuntu/venv/lib/python3.12/site-packages/airflow/example_dags/tutorial_taskflow_api_virtualenv.py
[2024-06-27T21:20:30.098+0000] {logging_mixin.py:188} INFO - [2024-06-27T21:20:30.098+0000] {tutorial_taskflow_api_virtualenv.py:29} WARNING - The tutorial_taskflow_api_virtualenv example DAG requires virtualenv, please install it.
[2024-06-27T21:20:30.099+0000] {processor.py:842} WARNING - No viable dags retrieved from /home/ubuntu/venv/lib/python3.12/site-packages/airflow/example_dags/tutorial_taskflow_api_virtualenv.py
[2024-06-27T21:20:30.109+0000] {processor.py:183} INFO - Processing /home/ubuntu/venv/lib/python3.12/site-packages/airflow/example_dags/tutorial_taskflow_api_virtualenv.py took 0.023 seconds
[2024-06-27T21:21:15.046+0000] {processor.py:161} INFO - Started process (PID=3321) to work on /home/ubuntu/venv/lib/python3.12/site-packages/airflow/example_dags/tutorial_taskflow_api_virtualenv.py
[2024-06-27T21:21:15.047+0000] {processor.py:830} INFO - Processing file /home/ubuntu/venv/lib/python3.12/site-packages/airflow/example_dags/tutorial_taskflow_api_virtualenv.py for tasks to queue
[2024-06-27T21:21:15.049+0000] {logging_mixin.py:188} INFO - [2024-06-27T21:21:15.049+0000] {dagbag.py:545} INFO - Filling up the DagBag from /home/ubuntu/venv/lib/python3.12/site-packages/airflow/example_dags/tutorial_taskflow_api_virtualenv.py
[2024-06-27T21:21:15.052+0000] {logging_mixin.py:188} INFO - [2024-06-27T21:21:15.052+0000] {tutorial_taskflow_api_virtualenv.py:29} WARNING - The tutorial_taskflow_api_virtualenv example DAG requires virtualenv, please install it.
[2024-06-27T21:21:15.052+0000] {processor.py:842} WARNING - No viable dags retrieved from /home/ubuntu/venv/lib/python3.12/site-packages/airflow/example_dags/tutorial_taskflow_api_virtualenv.py
[2024-06-27T21:21:15.063+0000] {processor.py:183} INFO - Processing /home/ubuntu/venv/lib/python3.12/site-packages/airflow/example_dags/tutorial_taskflow_api_virtualenv.py took 0.023 seconds
[2024-06-27T21:21:55.575+0000] {processor.py:161} INFO - Started process (PID=3366) to work on /home/ubuntu/venv/lib/python3.12/site-packages/airflow/example_dags/tutorial_taskflow_api_virtualenv.py
[2024-06-27T21:21:55.576+0000] {processor.py:830} INFO - Processing file /home/ubuntu/venv/lib/python3.12/site-packages/airflow/example_dags/tutorial_taskflow_api_virtualenv.py for tasks to queue
[2024-06-27T21:21:55.578+0000] {logging_mixin.py:188} INFO - [2024-06-27T21:21:55.578+0000] {dagbag.py:545} INFO - Filling up the DagBag from /home/ubuntu/venv/lib/python3.12/site-packages/airflow/example_dags/tutorial_taskflow_api_virtualenv.py
[2024-06-27T21:21:55.581+0000] {logging_mixin.py:188} INFO - [2024-06-27T21:21:55.581+0000] {tutorial_taskflow_api_virtualenv.py:29} WARNING - The tutorial_taskflow_api_virtualenv example DAG requires virtualenv, please install it.
[2024-06-27T21:21:55.581+0000] {processor.py:842} WARNING - No viable dags retrieved from /home/ubuntu/venv/lib/python3.12/site-packages/airflow/example_dags/tutorial_taskflow_api_virtualenv.py
[2024-06-27T21:21:55.592+0000] {processor.py:183} INFO - Processing /home/ubuntu/venv/lib/python3.12/site-packages/airflow/example_dags/tutorial_taskflow_api_virtualenv.py took 0.023 seconds
[2024-06-27T21:22:35.849+0000] {processor.py:161} INFO - Started process (PID=3419) to work on /home/ubuntu/venv/lib/python3.12/site-packages/airflow/example_dags/tutorial_taskflow_api_virtualenv.py
[2024-06-27T21:22:35.851+0000] {processor.py:830} INFO - Processing file /home/ubuntu/venv/lib/python3.12/site-packages/airflow/example_dags/tutorial_taskflow_api_virtualenv.py for tasks to queue
[2024-06-27T21:22:35.852+0000] {logging_mixin.py:188} INFO - [2024-06-27T21:22:35.852+0000] {dagbag.py:545} INFO - Filling up the DagBag from /home/ubuntu/venv/lib/python3.12/site-packages/airflow/example_dags/tutorial_taskflow_api_virtualenv.py
[2024-06-27T21:22:35.855+0000] {logging_mixin.py:188} INFO - [2024-06-27T21:22:35.855+0000] {tutorial_taskflow_api_virtualenv.py:29} WARNING - The tutorial_taskflow_api_virtualenv example DAG requires virtualenv, please install it.
[2024-06-27T21:22:35.855+0000] {processor.py:842} WARNING - No viable dags retrieved from /home/ubuntu/venv/lib/python3.12/site-packages/airflow/example_dags/tutorial_taskflow_api_virtualenv.py
[2024-06-27T21:22:35.866+0000] {processor.py:183} INFO - Processing /home/ubuntu/venv/lib/python3.12/site-packages/airflow/example_dags/tutorial_taskflow_api_virtualenv.py took 0.023 seconds
[2024-06-27T21:23:15.423+0000] {processor.py:161} INFO - Started process (PID=3462) to work on /home/ubuntu/venv/lib/python3.12/site-packages/airflow/example_dags/tutorial_taskflow_api_virtualenv.py
[2024-06-27T21:23:15.425+0000] {processor.py:830} INFO - Processing file /home/ubuntu/venv/lib/python3.12/site-packages/airflow/example_dags/tutorial_taskflow_api_virtualenv.py for tasks to queue
[2024-06-27T21:23:15.427+0000] {logging_mixin.py:188} INFO - [2024-06-27T21:23:15.426+0000] {dagbag.py:545} INFO - Filling up the DagBag from /home/ubuntu/venv/lib/python3.12/site-packages/airflow/example_dags/tutorial_taskflow_api_virtualenv.py
[2024-06-27T21:23:15.429+0000] {logging_mixin.py:188} INFO - [2024-06-27T21:23:15.429+0000] {tutorial_taskflow_api_virtualenv.py:29} WARNING - The tutorial_taskflow_api_virtualenv example DAG requires virtualenv, please install it.
[2024-06-27T21:23:15.430+0000] {processor.py:842} WARNING - No viable dags retrieved from /home/ubuntu/venv/lib/python3.12/site-packages/airflow/example_dags/tutorial_taskflow_api_virtualenv.py
[2024-06-27T21:23:15.441+0000] {processor.py:183} INFO - Processing /home/ubuntu/venv/lib/python3.12/site-packages/airflow/example_dags/tutorial_taskflow_api_virtualenv.py took 0.024 seconds
[2024-06-27T21:23:54.306+0000] {processor.py:161} INFO - Started process (PID=3505) to work on /home/ubuntu/venv/lib/python3.12/site-packages/airflow/example_dags/tutorial_taskflow_api_virtualenv.py
[2024-06-27T21:23:54.308+0000] {processor.py:830} INFO - Processing file /home/ubuntu/venv/lib/python3.12/site-packages/airflow/example_dags/tutorial_taskflow_api_virtualenv.py for tasks to queue
[2024-06-27T21:23:54.310+0000] {logging_mixin.py:188} INFO - [2024-06-27T21:23:54.309+0000] {dagbag.py:545} INFO - Filling up the DagBag from /home/ubuntu/venv/lib/python3.12/site-packages/airflow/example_dags/tutorial_taskflow_api_virtualenv.py
[2024-06-27T21:23:54.312+0000] {logging_mixin.py:188} INFO - [2024-06-27T21:23:54.312+0000] {tutorial_taskflow_api_virtualenv.py:29} WARNING - The tutorial_taskflow_api_virtualenv example DAG requires virtualenv, please install it.
[2024-06-27T21:23:54.313+0000] {processor.py:842} WARNING - No viable dags retrieved from /home/ubuntu/venv/lib/python3.12/site-packages/airflow/example_dags/tutorial_taskflow_api_virtualenv.py
[2024-06-27T21:23:54.324+0000] {processor.py:183} INFO - Processing /home/ubuntu/venv/lib/python3.12/site-packages/airflow/example_dags/tutorial_taskflow_api_virtualenv.py took 0.024 seconds
[2024-06-27T21:24:33.054+0000] {processor.py:161} INFO - Started process (PID=3548) to work on /home/ubuntu/venv/lib/python3.12/site-packages/airflow/example_dags/tutorial_taskflow_api_virtualenv.py
[2024-06-27T21:24:33.055+0000] {processor.py:830} INFO - Processing file /home/ubuntu/venv/lib/python3.12/site-packages/airflow/example_dags/tutorial_taskflow_api_virtualenv.py for tasks to queue
[2024-06-27T21:24:33.056+0000] {logging_mixin.py:188} INFO - [2024-06-27T21:24:33.056+0000] {dagbag.py:545} INFO - Filling up the DagBag from /home/ubuntu/venv/lib/python3.12/site-packages/airflow/example_dags/tutorial_taskflow_api_virtualenv.py
[2024-06-27T21:24:33.059+0000] {logging_mixin.py:188} INFO - [2024-06-27T21:24:33.059+0000] {tutorial_taskflow_api_virtualenv.py:29} WARNING - The tutorial_taskflow_api_virtualenv example DAG requires virtualenv, please install it.
[2024-06-27T21:24:33.059+0000] {processor.py:842} WARNING - No viable dags retrieved from /home/ubuntu/venv/lib/python3.12/site-packages/airflow/example_dags/tutorial_taskflow_api_virtualenv.py
[2024-06-27T21:24:33.070+0000] {processor.py:183} INFO - Processing /home/ubuntu/venv/lib/python3.12/site-packages/airflow/example_dags/tutorial_taskflow_api_virtualenv.py took 0.022 seconds
[2024-06-27T21:25:16.715+0000] {processor.py:161} INFO - Started process (PID=3598) to work on /home/ubuntu/venv/lib/python3.12/site-packages/airflow/example_dags/tutorial_taskflow_api_virtualenv.py
[2024-06-27T21:25:16.716+0000] {processor.py:830} INFO - Processing file /home/ubuntu/venv/lib/python3.12/site-packages/airflow/example_dags/tutorial_taskflow_api_virtualenv.py for tasks to queue
[2024-06-27T21:25:16.717+0000] {logging_mixin.py:188} INFO - [2024-06-27T21:25:16.717+0000] {dagbag.py:545} INFO - Filling up the DagBag from /home/ubuntu/venv/lib/python3.12/site-packages/airflow/example_dags/tutorial_taskflow_api_virtualenv.py
[2024-06-27T21:25:16.720+0000] {logging_mixin.py:188} INFO - [2024-06-27T21:25:16.720+0000] {tutorial_taskflow_api_virtualenv.py:29} WARNING - The tutorial_taskflow_api_virtualenv example DAG requires virtualenv, please install it.
[2024-06-27T21:25:16.720+0000] {processor.py:842} WARNING - No viable dags retrieved from /home/ubuntu/venv/lib/python3.12/site-packages/airflow/example_dags/tutorial_taskflow_api_virtualenv.py
[2024-06-27T21:25:16.731+0000] {processor.py:183} INFO - Processing /home/ubuntu/venv/lib/python3.12/site-packages/airflow/example_dags/tutorial_taskflow_api_virtualenv.py took 0.022 seconds
[2024-06-27T21:25:58.441+0000] {processor.py:161} INFO - Started process (PID=3642) to work on /home/ubuntu/venv/lib/python3.12/site-packages/airflow/example_dags/tutorial_taskflow_api_virtualenv.py
[2024-06-27T21:25:58.442+0000] {processor.py:830} INFO - Processing file /home/ubuntu/venv/lib/python3.12/site-packages/airflow/example_dags/tutorial_taskflow_api_virtualenv.py for tasks to queue
[2024-06-27T21:25:58.443+0000] {logging_mixin.py:188} INFO - [2024-06-27T21:25:58.443+0000] {dagbag.py:545} INFO - Filling up the DagBag from /home/ubuntu/venv/lib/python3.12/site-packages/airflow/example_dags/tutorial_taskflow_api_virtualenv.py
[2024-06-27T21:25:58.446+0000] {logging_mixin.py:188} INFO - [2024-06-27T21:25:58.446+0000] {tutorial_taskflow_api_virtualenv.py:29} WARNING - The tutorial_taskflow_api_virtualenv example DAG requires virtualenv, please install it.
[2024-06-27T21:25:58.446+0000] {processor.py:842} WARNING - No viable dags retrieved from /home/ubuntu/venv/lib/python3.12/site-packages/airflow/example_dags/tutorial_taskflow_api_virtualenv.py
[2024-06-27T21:25:58.457+0000] {processor.py:183} INFO - Processing /home/ubuntu/venv/lib/python3.12/site-packages/airflow/example_dags/tutorial_taskflow_api_virtualenv.py took 0.022 seconds
[2024-06-27T21:26:41.892+0000] {processor.py:161} INFO - Started process (PID=3687) to work on /home/ubuntu/venv/lib/python3.12/site-packages/airflow/example_dags/tutorial_taskflow_api_virtualenv.py
[2024-06-27T21:26:41.893+0000] {processor.py:830} INFO - Processing file /home/ubuntu/venv/lib/python3.12/site-packages/airflow/example_dags/tutorial_taskflow_api_virtualenv.py for tasks to queue
[2024-06-27T21:26:41.894+0000] {logging_mixin.py:188} INFO - [2024-06-27T21:26:41.894+0000] {dagbag.py:545} INFO - Filling up the DagBag from /home/ubuntu/venv/lib/python3.12/site-packages/airflow/example_dags/tutorial_taskflow_api_virtualenv.py
[2024-06-27T21:26:41.897+0000] {logging_mixin.py:188} INFO - [2024-06-27T21:26:41.897+0000] {tutorial_taskflow_api_virtualenv.py:29} WARNING - The tutorial_taskflow_api_virtualenv example DAG requires virtualenv, please install it.
[2024-06-27T21:26:41.897+0000] {processor.py:842} WARNING - No viable dags retrieved from /home/ubuntu/venv/lib/python3.12/site-packages/airflow/example_dags/tutorial_taskflow_api_virtualenv.py
[2024-06-27T21:26:41.908+0000] {processor.py:183} INFO - Processing /home/ubuntu/venv/lib/python3.12/site-packages/airflow/example_dags/tutorial_taskflow_api_virtualenv.py took 0.022 seconds
[2024-06-27T21:27:25.349+0000] {processor.py:161} INFO - Started process (PID=3732) to work on /home/ubuntu/venv/lib/python3.12/site-packages/airflow/example_dags/tutorial_taskflow_api_virtualenv.py
[2024-06-27T21:27:25.350+0000] {processor.py:830} INFO - Processing file /home/ubuntu/venv/lib/python3.12/site-packages/airflow/example_dags/tutorial_taskflow_api_virtualenv.py for tasks to queue
[2024-06-27T21:27:25.351+0000] {logging_mixin.py:188} INFO - [2024-06-27T21:27:25.351+0000] {dagbag.py:545} INFO - Filling up the DagBag from /home/ubuntu/venv/lib/python3.12/site-packages/airflow/example_dags/tutorial_taskflow_api_virtualenv.py
[2024-06-27T21:27:25.354+0000] {logging_mixin.py:188} INFO - [2024-06-27T21:27:25.354+0000] {tutorial_taskflow_api_virtualenv.py:29} WARNING - The tutorial_taskflow_api_virtualenv example DAG requires virtualenv, please install it.
[2024-06-27T21:27:25.354+0000] {processor.py:842} WARNING - No viable dags retrieved from /home/ubuntu/venv/lib/python3.12/site-packages/airflow/example_dags/tutorial_taskflow_api_virtualenv.py
[2024-06-27T21:27:25.365+0000] {processor.py:183} INFO - Processing /home/ubuntu/venv/lib/python3.12/site-packages/airflow/example_dags/tutorial_taskflow_api_virtualenv.py took 0.023 seconds
[2024-06-27T21:28:13.774+0000] {processor.py:161} INFO - Started process (PID=3789) to work on /home/ubuntu/venv/lib/python3.12/site-packages/airflow/example_dags/tutorial_taskflow_api_virtualenv.py
[2024-06-27T21:28:13.775+0000] {processor.py:830} INFO - Processing file /home/ubuntu/venv/lib/python3.12/site-packages/airflow/example_dags/tutorial_taskflow_api_virtualenv.py for tasks to queue
[2024-06-27T21:28:13.776+0000] {logging_mixin.py:188} INFO - [2024-06-27T21:28:13.776+0000] {dagbag.py:545} INFO - Filling up the DagBag from /home/ubuntu/venv/lib/python3.12/site-packages/airflow/example_dags/tutorial_taskflow_api_virtualenv.py
[2024-06-27T21:28:13.779+0000] {logging_mixin.py:188} INFO - [2024-06-27T21:28:13.779+0000] {tutorial_taskflow_api_virtualenv.py:29} WARNING - The tutorial_taskflow_api_virtualenv example DAG requires virtualenv, please install it.
[2024-06-27T21:28:13.779+0000] {processor.py:842} WARNING - No viable dags retrieved from /home/ubuntu/venv/lib/python3.12/site-packages/airflow/example_dags/tutorial_taskflow_api_virtualenv.py
[2024-06-27T21:28:13.790+0000] {processor.py:183} INFO - Processing /home/ubuntu/venv/lib/python3.12/site-packages/airflow/example_dags/tutorial_taskflow_api_virtualenv.py took 0.022 seconds
[2024-06-27T21:29:19.485+0000] {processor.py:161} INFO - Started process (PID=3870) to work on /home/ubuntu/venv/lib/python3.12/site-packages/airflow/example_dags/tutorial_taskflow_api_virtualenv.py
[2024-06-27T21:29:19.486+0000] {processor.py:830} INFO - Processing file /home/ubuntu/venv/lib/python3.12/site-packages/airflow/example_dags/tutorial_taskflow_api_virtualenv.py for tasks to queue
[2024-06-27T21:29:19.487+0000] {logging_mixin.py:188} INFO - [2024-06-27T21:29:19.487+0000] {dagbag.py:545} INFO - Filling up the DagBag from /home/ubuntu/venv/lib/python3.12/site-packages/airflow/example_dags/tutorial_taskflow_api_virtualenv.py
[2024-06-27T21:29:19.490+0000] {logging_mixin.py:188} INFO - [2024-06-27T21:29:19.490+0000] {tutorial_taskflow_api_virtualenv.py:29} WARNING - The tutorial_taskflow_api_virtualenv example DAG requires virtualenv, please install it.
[2024-06-27T21:29:19.490+0000] {processor.py:842} WARNING - No viable dags retrieved from /home/ubuntu/venv/lib/python3.12/site-packages/airflow/example_dags/tutorial_taskflow_api_virtualenv.py
[2024-06-27T21:29:19.501+0000] {processor.py:183} INFO - Processing /home/ubuntu/venv/lib/python3.12/site-packages/airflow/example_dags/tutorial_taskflow_api_virtualenv.py took 0.022 seconds
[2024-06-27T21:30:03.984+0000] {processor.py:161} INFO - Started process (PID=3921) to work on /home/ubuntu/venv/lib/python3.12/site-packages/airflow/example_dags/tutorial_taskflow_api_virtualenv.py
[2024-06-27T21:30:03.986+0000] {processor.py:830} INFO - Processing file /home/ubuntu/venv/lib/python3.12/site-packages/airflow/example_dags/tutorial_taskflow_api_virtualenv.py for tasks to queue
[2024-06-27T21:30:03.987+0000] {logging_mixin.py:188} INFO - [2024-06-27T21:30:03.986+0000] {dagbag.py:545} INFO - Filling up the DagBag from /home/ubuntu/venv/lib/python3.12/site-packages/airflow/example_dags/tutorial_taskflow_api_virtualenv.py
[2024-06-27T21:30:03.989+0000] {logging_mixin.py:188} INFO - [2024-06-27T21:30:03.989+0000] {tutorial_taskflow_api_virtualenv.py:29} WARNING - The tutorial_taskflow_api_virtualenv example DAG requires virtualenv, please install it.
[2024-06-27T21:30:03.990+0000] {processor.py:842} WARNING - No viable dags retrieved from /home/ubuntu/venv/lib/python3.12/site-packages/airflow/example_dags/tutorial_taskflow_api_virtualenv.py
[2024-06-27T21:30:04.001+0000] {processor.py:183} INFO - Processing /home/ubuntu/venv/lib/python3.12/site-packages/airflow/example_dags/tutorial_taskflow_api_virtualenv.py took 0.023 seconds
[2024-06-27T21:30:47.402+0000] {processor.py:161} INFO - Started process (PID=3973) to work on /home/ubuntu/venv/lib/python3.12/site-packages/airflow/example_dags/tutorial_taskflow_api_virtualenv.py
[2024-06-27T21:30:47.403+0000] {processor.py:830} INFO - Processing file /home/ubuntu/venv/lib/python3.12/site-packages/airflow/example_dags/tutorial_taskflow_api_virtualenv.py for tasks to queue
[2024-06-27T21:30:47.404+0000] {logging_mixin.py:188} INFO - [2024-06-27T21:30:47.403+0000] {dagbag.py:545} INFO - Filling up the DagBag from /home/ubuntu/venv/lib/python3.12/site-packages/airflow/example_dags/tutorial_taskflow_api_virtualenv.py
[2024-06-27T21:30:47.407+0000] {logging_mixin.py:188} INFO - [2024-06-27T21:30:47.406+0000] {tutorial_taskflow_api_virtualenv.py:29} WARNING - The tutorial_taskflow_api_virtualenv example DAG requires virtualenv, please install it.
[2024-06-27T21:30:47.407+0000] {processor.py:842} WARNING - No viable dags retrieved from /home/ubuntu/venv/lib/python3.12/site-packages/airflow/example_dags/tutorial_taskflow_api_virtualenv.py
[2024-06-27T21:30:47.418+0000] {processor.py:183} INFO - Processing /home/ubuntu/venv/lib/python3.12/site-packages/airflow/example_dags/tutorial_taskflow_api_virtualenv.py took 0.022 seconds
[2024-06-27T21:31:27.956+0000] {processor.py:161} INFO - Started process (PID=4015) to work on /home/ubuntu/venv/lib/python3.12/site-packages/airflow/example_dags/tutorial_taskflow_api_virtualenv.py
[2024-06-27T21:31:27.958+0000] {processor.py:830} INFO - Processing file /home/ubuntu/venv/lib/python3.12/site-packages/airflow/example_dags/tutorial_taskflow_api_virtualenv.py for tasks to queue
[2024-06-27T21:31:27.959+0000] {logging_mixin.py:188} INFO - [2024-06-27T21:31:27.958+0000] {dagbag.py:545} INFO - Filling up the DagBag from /home/ubuntu/venv/lib/python3.12/site-packages/airflow/example_dags/tutorial_taskflow_api_virtualenv.py
[2024-06-27T21:31:27.962+0000] {logging_mixin.py:188} INFO - [2024-06-27T21:31:27.961+0000] {tutorial_taskflow_api_virtualenv.py:29} WARNING - The tutorial_taskflow_api_virtualenv example DAG requires virtualenv, please install it.
[2024-06-27T21:31:27.962+0000] {processor.py:842} WARNING - No viable dags retrieved from /home/ubuntu/venv/lib/python3.12/site-packages/airflow/example_dags/tutorial_taskflow_api_virtualenv.py
[2024-06-27T21:31:27.973+0000] {processor.py:183} INFO - Processing /home/ubuntu/venv/lib/python3.12/site-packages/airflow/example_dags/tutorial_taskflow_api_virtualenv.py took 0.023 seconds
[2024-06-27T21:32:14.197+0000] {processor.py:161} INFO - Started process (PID=4060) to work on /home/ubuntu/venv/lib/python3.12/site-packages/airflow/example_dags/tutorial_taskflow_api_virtualenv.py
[2024-06-27T21:32:14.199+0000] {processor.py:830} INFO - Processing file /home/ubuntu/venv/lib/python3.12/site-packages/airflow/example_dags/tutorial_taskflow_api_virtualenv.py for tasks to queue
[2024-06-27T21:32:14.200+0000] {logging_mixin.py:188} INFO - [2024-06-27T21:32:14.199+0000] {dagbag.py:545} INFO - Filling up the DagBag from /home/ubuntu/venv/lib/python3.12/site-packages/airflow/example_dags/tutorial_taskflow_api_virtualenv.py
[2024-06-27T21:32:14.202+0000] {logging_mixin.py:188} INFO - [2024-06-27T21:32:14.202+0000] {tutorial_taskflow_api_virtualenv.py:29} WARNING - The tutorial_taskflow_api_virtualenv example DAG requires virtualenv, please install it.
[2024-06-27T21:32:14.203+0000] {processor.py:842} WARNING - No viable dags retrieved from /home/ubuntu/venv/lib/python3.12/site-packages/airflow/example_dags/tutorial_taskflow_api_virtualenv.py
[2024-06-27T21:32:14.213+0000] {processor.py:183} INFO - Processing /home/ubuntu/venv/lib/python3.12/site-packages/airflow/example_dags/tutorial_taskflow_api_virtualenv.py took 0.022 seconds
[2024-06-27T21:33:12.312+0000] {processor.py:161} INFO - Started process (PID=4131) to work on /home/ubuntu/venv/lib/python3.12/site-packages/airflow/example_dags/tutorial_taskflow_api_virtualenv.py
[2024-06-27T21:33:12.313+0000] {processor.py:830} INFO - Processing file /home/ubuntu/venv/lib/python3.12/site-packages/airflow/example_dags/tutorial_taskflow_api_virtualenv.py for tasks to queue
[2024-06-27T21:33:12.314+0000] {logging_mixin.py:188} INFO - [2024-06-27T21:33:12.314+0000] {dagbag.py:545} INFO - Filling up the DagBag from /home/ubuntu/venv/lib/python3.12/site-packages/airflow/example_dags/tutorial_taskflow_api_virtualenv.py
[2024-06-27T21:33:12.317+0000] {logging_mixin.py:188} INFO - [2024-06-27T21:33:12.317+0000] {tutorial_taskflow_api_virtualenv.py:29} WARNING - The tutorial_taskflow_api_virtualenv example DAG requires virtualenv, please install it.
[2024-06-27T21:33:12.317+0000] {processor.py:842} WARNING - No viable dags retrieved from /home/ubuntu/venv/lib/python3.12/site-packages/airflow/example_dags/tutorial_taskflow_api_virtualenv.py
[2024-06-27T21:33:12.328+0000] {processor.py:183} INFO - Processing /home/ubuntu/venv/lib/python3.12/site-packages/airflow/example_dags/tutorial_taskflow_api_virtualenv.py took 0.022 seconds
[2024-06-27T21:33:58.839+0000] {processor.py:161} INFO - Started process (PID=4184) to work on /home/ubuntu/venv/lib/python3.12/site-packages/airflow/example_dags/tutorial_taskflow_api_virtualenv.py
[2024-06-27T21:33:58.841+0000] {processor.py:830} INFO - Processing file /home/ubuntu/venv/lib/python3.12/site-packages/airflow/example_dags/tutorial_taskflow_api_virtualenv.py for tasks to queue
[2024-06-27T21:33:58.841+0000] {logging_mixin.py:188} INFO - [2024-06-27T21:33:58.841+0000] {dagbag.py:545} INFO - Filling up the DagBag from /home/ubuntu/venv/lib/python3.12/site-packages/airflow/example_dags/tutorial_taskflow_api_virtualenv.py
[2024-06-27T21:33:58.844+0000] {logging_mixin.py:188} INFO - [2024-06-27T21:33:58.844+0000] {tutorial_taskflow_api_virtualenv.py:29} WARNING - The tutorial_taskflow_api_virtualenv example DAG requires virtualenv, please install it.
[2024-06-27T21:33:58.844+0000] {processor.py:842} WARNING - No viable dags retrieved from /home/ubuntu/venv/lib/python3.12/site-packages/airflow/example_dags/tutorial_taskflow_api_virtualenv.py
[2024-06-27T21:33:58.855+0000] {processor.py:183} INFO - Processing /home/ubuntu/venv/lib/python3.12/site-packages/airflow/example_dags/tutorial_taskflow_api_virtualenv.py took 0.022 seconds
[2024-06-27T21:34:42.217+0000] {processor.py:161} INFO - Started process (PID=4228) to work on /home/ubuntu/venv/lib/python3.12/site-packages/airflow/example_dags/tutorial_taskflow_api_virtualenv.py
[2024-06-27T21:34:42.219+0000] {processor.py:830} INFO - Processing file /home/ubuntu/venv/lib/python3.12/site-packages/airflow/example_dags/tutorial_taskflow_api_virtualenv.py for tasks to queue
[2024-06-27T21:34:42.220+0000] {logging_mixin.py:188} INFO - [2024-06-27T21:34:42.219+0000] {dagbag.py:545} INFO - Filling up the DagBag from /home/ubuntu/venv/lib/python3.12/site-packages/airflow/example_dags/tutorial_taskflow_api_virtualenv.py
[2024-06-27T21:34:42.222+0000] {logging_mixin.py:188} INFO - [2024-06-27T21:34:42.222+0000] {tutorial_taskflow_api_virtualenv.py:29} WARNING - The tutorial_taskflow_api_virtualenv example DAG requires virtualenv, please install it.
[2024-06-27T21:34:42.223+0000] {processor.py:842} WARNING - No viable dags retrieved from /home/ubuntu/venv/lib/python3.12/site-packages/airflow/example_dags/tutorial_taskflow_api_virtualenv.py
[2024-06-27T21:34:42.234+0000] {processor.py:183} INFO - Processing /home/ubuntu/venv/lib/python3.12/site-packages/airflow/example_dags/tutorial_taskflow_api_virtualenv.py took 0.022 seconds
[2024-06-27T21:35:24.040+0000] {processor.py:161} INFO - Started process (PID=4275) to work on /home/ubuntu/venv/lib/python3.12/site-packages/airflow/example_dags/tutorial_taskflow_api_virtualenv.py
[2024-06-27T21:35:24.041+0000] {processor.py:830} INFO - Processing file /home/ubuntu/venv/lib/python3.12/site-packages/airflow/example_dags/tutorial_taskflow_api_virtualenv.py for tasks to queue
[2024-06-27T21:35:24.042+0000] {logging_mixin.py:188} INFO - [2024-06-27T21:35:24.042+0000] {dagbag.py:545} INFO - Filling up the DagBag from /home/ubuntu/venv/lib/python3.12/site-packages/airflow/example_dags/tutorial_taskflow_api_virtualenv.py
[2024-06-27T21:35:24.045+0000] {logging_mixin.py:188} INFO - [2024-06-27T21:35:24.045+0000] {tutorial_taskflow_api_virtualenv.py:29} WARNING - The tutorial_taskflow_api_virtualenv example DAG requires virtualenv, please install it.
[2024-06-27T21:35:24.045+0000] {processor.py:842} WARNING - No viable dags retrieved from /home/ubuntu/venv/lib/python3.12/site-packages/airflow/example_dags/tutorial_taskflow_api_virtualenv.py
[2024-06-27T21:35:24.056+0000] {processor.py:183} INFO - Processing /home/ubuntu/venv/lib/python3.12/site-packages/airflow/example_dags/tutorial_taskflow_api_virtualenv.py took 0.022 seconds
[2024-06-27T21:36:05.716+0000] {processor.py:161} INFO - Started process (PID=4320) to work on /home/ubuntu/venv/lib/python3.12/site-packages/airflow/example_dags/tutorial_taskflow_api_virtualenv.py
[2024-06-27T21:36:05.719+0000] {processor.py:830} INFO - Processing file /home/ubuntu/venv/lib/python3.12/site-packages/airflow/example_dags/tutorial_taskflow_api_virtualenv.py for tasks to queue
[2024-06-27T21:36:05.720+0000] {logging_mixin.py:188} INFO - [2024-06-27T21:36:05.719+0000] {dagbag.py:545} INFO - Filling up the DagBag from /home/ubuntu/venv/lib/python3.12/site-packages/airflow/example_dags/tutorial_taskflow_api_virtualenv.py
[2024-06-27T21:36:05.725+0000] {logging_mixin.py:188} INFO - [2024-06-27T21:36:05.724+0000] {tutorial_taskflow_api_virtualenv.py:29} WARNING - The tutorial_taskflow_api_virtualenv example DAG requires virtualenv, please install it.
[2024-06-27T21:36:05.725+0000] {processor.py:842} WARNING - No viable dags retrieved from /home/ubuntu/venv/lib/python3.12/site-packages/airflow/example_dags/tutorial_taskflow_api_virtualenv.py
[2024-06-27T21:36:05.743+0000] {processor.py:183} INFO - Processing /home/ubuntu/venv/lib/python3.12/site-packages/airflow/example_dags/tutorial_taskflow_api_virtualenv.py took 0.036 seconds
[2024-06-27T21:36:48.789+0000] {processor.py:161} INFO - Started process (PID=4363) to work on /home/ubuntu/venv/lib/python3.12/site-packages/airflow/example_dags/tutorial_taskflow_api_virtualenv.py
[2024-06-27T21:36:48.791+0000] {processor.py:830} INFO - Processing file /home/ubuntu/venv/lib/python3.12/site-packages/airflow/example_dags/tutorial_taskflow_api_virtualenv.py for tasks to queue
[2024-06-27T21:36:48.792+0000] {logging_mixin.py:188} INFO - [2024-06-27T21:36:48.791+0000] {dagbag.py:545} INFO - Filling up the DagBag from /home/ubuntu/venv/lib/python3.12/site-packages/airflow/example_dags/tutorial_taskflow_api_virtualenv.py
[2024-06-27T21:36:48.794+0000] {logging_mixin.py:188} INFO - [2024-06-27T21:36:48.794+0000] {tutorial_taskflow_api_virtualenv.py:29} WARNING - The tutorial_taskflow_api_virtualenv example DAG requires virtualenv, please install it.
[2024-06-27T21:36:48.795+0000] {processor.py:842} WARNING - No viable dags retrieved from /home/ubuntu/venv/lib/python3.12/site-packages/airflow/example_dags/tutorial_taskflow_api_virtualenv.py
[2024-06-27T21:36:48.805+0000] {processor.py:183} INFO - Processing /home/ubuntu/venv/lib/python3.12/site-packages/airflow/example_dags/tutorial_taskflow_api_virtualenv.py took 0.022 seconds
[2024-06-27T21:37:32.353+0000] {processor.py:161} INFO - Started process (PID=4407) to work on /home/ubuntu/venv/lib/python3.12/site-packages/airflow/example_dags/tutorial_taskflow_api_virtualenv.py
[2024-06-27T21:37:32.354+0000] {processor.py:830} INFO - Processing file /home/ubuntu/venv/lib/python3.12/site-packages/airflow/example_dags/tutorial_taskflow_api_virtualenv.py for tasks to queue
[2024-06-27T21:37:32.355+0000] {logging_mixin.py:188} INFO - [2024-06-27T21:37:32.355+0000] {dagbag.py:545} INFO - Filling up the DagBag from /home/ubuntu/venv/lib/python3.12/site-packages/airflow/example_dags/tutorial_taskflow_api_virtualenv.py
[2024-06-27T21:37:32.358+0000] {logging_mixin.py:188} INFO - [2024-06-27T21:37:32.358+0000] {tutorial_taskflow_api_virtualenv.py:29} WARNING - The tutorial_taskflow_api_virtualenv example DAG requires virtualenv, please install it.
[2024-06-27T21:37:32.358+0000] {processor.py:842} WARNING - No viable dags retrieved from /home/ubuntu/venv/lib/python3.12/site-packages/airflow/example_dags/tutorial_taskflow_api_virtualenv.py
[2024-06-27T21:37:32.369+0000] {processor.py:183} INFO - Processing /home/ubuntu/venv/lib/python3.12/site-packages/airflow/example_dags/tutorial_taskflow_api_virtualenv.py took 0.023 seconds
[2024-06-27T21:38:25.660+0000] {processor.py:161} INFO - Started process (PID=4463) to work on /home/ubuntu/venv/lib/python3.12/site-packages/airflow/example_dags/tutorial_taskflow_api_virtualenv.py
[2024-06-27T21:38:25.661+0000] {processor.py:830} INFO - Processing file /home/ubuntu/venv/lib/python3.12/site-packages/airflow/example_dags/tutorial_taskflow_api_virtualenv.py for tasks to queue
[2024-06-27T21:38:25.662+0000] {logging_mixin.py:188} INFO - [2024-06-27T21:38:25.662+0000] {dagbag.py:545} INFO - Filling up the DagBag from /home/ubuntu/venv/lib/python3.12/site-packages/airflow/example_dags/tutorial_taskflow_api_virtualenv.py
[2024-06-27T21:38:25.665+0000] {logging_mixin.py:188} INFO - [2024-06-27T21:38:25.665+0000] {tutorial_taskflow_api_virtualenv.py:29} WARNING - The tutorial_taskflow_api_virtualenv example DAG requires virtualenv, please install it.
[2024-06-27T21:38:25.665+0000] {processor.py:842} WARNING - No viable dags retrieved from /home/ubuntu/venv/lib/python3.12/site-packages/airflow/example_dags/tutorial_taskflow_api_virtualenv.py
[2024-06-27T21:38:25.676+0000] {processor.py:183} INFO - Processing /home/ubuntu/venv/lib/python3.12/site-packages/airflow/example_dags/tutorial_taskflow_api_virtualenv.py took 0.022 seconds
[2024-06-27T21:39:11.237+0000] {processor.py:161} INFO - Started process (PID=4511) to work on /home/ubuntu/venv/lib/python3.12/site-packages/airflow/example_dags/tutorial_taskflow_api_virtualenv.py
[2024-06-27T21:39:11.239+0000] {processor.py:830} INFO - Processing file /home/ubuntu/venv/lib/python3.12/site-packages/airflow/example_dags/tutorial_taskflow_api_virtualenv.py for tasks to queue
[2024-06-27T21:39:11.240+0000] {logging_mixin.py:188} INFO - [2024-06-27T21:39:11.239+0000] {dagbag.py:545} INFO - Filling up the DagBag from /home/ubuntu/venv/lib/python3.12/site-packages/airflow/example_dags/tutorial_taskflow_api_virtualenv.py
[2024-06-27T21:39:11.243+0000] {logging_mixin.py:188} INFO - [2024-06-27T21:39:11.242+0000] {tutorial_taskflow_api_virtualenv.py:29} WARNING - The tutorial_taskflow_api_virtualenv example DAG requires virtualenv, please install it.
[2024-06-27T21:39:11.243+0000] {processor.py:842} WARNING - No viable dags retrieved from /home/ubuntu/venv/lib/python3.12/site-packages/airflow/example_dags/tutorial_taskflow_api_virtualenv.py
[2024-06-27T21:39:11.254+0000] {processor.py:183} INFO - Processing /home/ubuntu/venv/lib/python3.12/site-packages/airflow/example_dags/tutorial_taskflow_api_virtualenv.py took 0.022 seconds
[2024-06-27T21:39:51.791+0000] {processor.py:161} INFO - Started process (PID=4554) to work on /home/ubuntu/venv/lib/python3.12/site-packages/airflow/example_dags/tutorial_taskflow_api_virtualenv.py
[2024-06-27T21:39:51.793+0000] {processor.py:830} INFO - Processing file /home/ubuntu/venv/lib/python3.12/site-packages/airflow/example_dags/tutorial_taskflow_api_virtualenv.py for tasks to queue
[2024-06-27T21:39:51.794+0000] {logging_mixin.py:188} INFO - [2024-06-27T21:39:51.793+0000] {dagbag.py:545} INFO - Filling up the DagBag from /home/ubuntu/venv/lib/python3.12/site-packages/airflow/example_dags/tutorial_taskflow_api_virtualenv.py
[2024-06-27T21:39:51.796+0000] {logging_mixin.py:188} INFO - [2024-06-27T21:39:51.796+0000] {tutorial_taskflow_api_virtualenv.py:29} WARNING - The tutorial_taskflow_api_virtualenv example DAG requires virtualenv, please install it.
[2024-06-27T21:39:51.797+0000] {processor.py:842} WARNING - No viable dags retrieved from /home/ubuntu/venv/lib/python3.12/site-packages/airflow/example_dags/tutorial_taskflow_api_virtualenv.py
[2024-06-27T21:39:51.807+0000] {processor.py:183} INFO - Processing /home/ubuntu/venv/lib/python3.12/site-packages/airflow/example_dags/tutorial_taskflow_api_virtualenv.py took 0.022 seconds
[2024-06-27T21:40:34.808+0000] {processor.py:161} INFO - Started process (PID=4600) to work on /home/ubuntu/venv/lib/python3.12/site-packages/airflow/example_dags/tutorial_taskflow_api_virtualenv.py
[2024-06-27T21:40:34.809+0000] {processor.py:830} INFO - Processing file /home/ubuntu/venv/lib/python3.12/site-packages/airflow/example_dags/tutorial_taskflow_api_virtualenv.py for tasks to queue
[2024-06-27T21:40:34.810+0000] {logging_mixin.py:188} INFO - [2024-06-27T21:40:34.810+0000] {dagbag.py:545} INFO - Filling up the DagBag from /home/ubuntu/venv/lib/python3.12/site-packages/airflow/example_dags/tutorial_taskflow_api_virtualenv.py
[2024-06-27T21:40:34.813+0000] {logging_mixin.py:188} INFO - [2024-06-27T21:40:34.813+0000] {tutorial_taskflow_api_virtualenv.py:29} WARNING - The tutorial_taskflow_api_virtualenv example DAG requires virtualenv, please install it.
[2024-06-27T21:40:34.813+0000] {processor.py:842} WARNING - No viable dags retrieved from /home/ubuntu/venv/lib/python3.12/site-packages/airflow/example_dags/tutorial_taskflow_api_virtualenv.py
[2024-06-27T21:40:34.824+0000] {processor.py:183} INFO - Processing /home/ubuntu/venv/lib/python3.12/site-packages/airflow/example_dags/tutorial_taskflow_api_virtualenv.py took 0.022 seconds
[2024-06-27T21:41:18.914+0000] {processor.py:161} INFO - Started process (PID=4645) to work on /home/ubuntu/venv/lib/python3.12/site-packages/airflow/example_dags/tutorial_taskflow_api_virtualenv.py
[2024-06-27T21:41:18.915+0000] {processor.py:830} INFO - Processing file /home/ubuntu/venv/lib/python3.12/site-packages/airflow/example_dags/tutorial_taskflow_api_virtualenv.py for tasks to queue
[2024-06-27T21:41:18.916+0000] {logging_mixin.py:188} INFO - [2024-06-27T21:41:18.916+0000] {dagbag.py:545} INFO - Filling up the DagBag from /home/ubuntu/venv/lib/python3.12/site-packages/airflow/example_dags/tutorial_taskflow_api_virtualenv.py
[2024-06-27T21:41:18.919+0000] {logging_mixin.py:188} INFO - [2024-06-27T21:41:18.919+0000] {tutorial_taskflow_api_virtualenv.py:29} WARNING - The tutorial_taskflow_api_virtualenv example DAG requires virtualenv, please install it.
[2024-06-27T21:41:18.919+0000] {processor.py:842} WARNING - No viable dags retrieved from /home/ubuntu/venv/lib/python3.12/site-packages/airflow/example_dags/tutorial_taskflow_api_virtualenv.py
[2024-06-27T21:41:18.930+0000] {processor.py:183} INFO - Processing /home/ubuntu/venv/lib/python3.12/site-packages/airflow/example_dags/tutorial_taskflow_api_virtualenv.py took 0.022 seconds
[2024-06-27T21:42:03.387+0000] {processor.py:161} INFO - Started process (PID=4691) to work on /home/ubuntu/venv/lib/python3.12/site-packages/airflow/example_dags/tutorial_taskflow_api_virtualenv.py
[2024-06-27T21:42:03.388+0000] {processor.py:830} INFO - Processing file /home/ubuntu/venv/lib/python3.12/site-packages/airflow/example_dags/tutorial_taskflow_api_virtualenv.py for tasks to queue
[2024-06-27T21:42:03.389+0000] {logging_mixin.py:188} INFO - [2024-06-27T21:42:03.389+0000] {dagbag.py:545} INFO - Filling up the DagBag from /home/ubuntu/venv/lib/python3.12/site-packages/airflow/example_dags/tutorial_taskflow_api_virtualenv.py
[2024-06-27T21:42:03.392+0000] {logging_mixin.py:188} INFO - [2024-06-27T21:42:03.392+0000] {tutorial_taskflow_api_virtualenv.py:29} WARNING - The tutorial_taskflow_api_virtualenv example DAG requires virtualenv, please install it.
[2024-06-27T21:42:03.392+0000] {processor.py:842} WARNING - No viable dags retrieved from /home/ubuntu/venv/lib/python3.12/site-packages/airflow/example_dags/tutorial_taskflow_api_virtualenv.py
[2024-06-27T21:42:03.403+0000] {processor.py:183} INFO - Processing /home/ubuntu/venv/lib/python3.12/site-packages/airflow/example_dags/tutorial_taskflow_api_virtualenv.py took 0.022 seconds
[2024-06-27T21:42:47.087+0000] {processor.py:161} INFO - Started process (PID=4737) to work on /home/ubuntu/venv/lib/python3.12/site-packages/airflow/example_dags/tutorial_taskflow_api_virtualenv.py
[2024-06-27T21:42:47.088+0000] {processor.py:830} INFO - Processing file /home/ubuntu/venv/lib/python3.12/site-packages/airflow/example_dags/tutorial_taskflow_api_virtualenv.py for tasks to queue
[2024-06-27T21:42:47.089+0000] {logging_mixin.py:188} INFO - [2024-06-27T21:42:47.089+0000] {dagbag.py:545} INFO - Filling up the DagBag from /home/ubuntu/venv/lib/python3.12/site-packages/airflow/example_dags/tutorial_taskflow_api_virtualenv.py
[2024-06-27T21:42:47.092+0000] {logging_mixin.py:188} INFO - [2024-06-27T21:42:47.092+0000] {tutorial_taskflow_api_virtualenv.py:29} WARNING - The tutorial_taskflow_api_virtualenv example DAG requires virtualenv, please install it.
[2024-06-27T21:42:47.092+0000] {processor.py:842} WARNING - No viable dags retrieved from /home/ubuntu/venv/lib/python3.12/site-packages/airflow/example_dags/tutorial_taskflow_api_virtualenv.py
[2024-06-27T21:42:47.103+0000] {processor.py:183} INFO - Processing /home/ubuntu/venv/lib/python3.12/site-packages/airflow/example_dags/tutorial_taskflow_api_virtualenv.py took 0.022 seconds
[2024-06-27T21:43:30.338+0000] {processor.py:161} INFO - Started process (PID=4780) to work on /home/ubuntu/venv/lib/python3.12/site-packages/airflow/example_dags/tutorial_taskflow_api_virtualenv.py
[2024-06-27T21:43:30.339+0000] {processor.py:830} INFO - Processing file /home/ubuntu/venv/lib/python3.12/site-packages/airflow/example_dags/tutorial_taskflow_api_virtualenv.py for tasks to queue
[2024-06-27T21:43:30.340+0000] {logging_mixin.py:188} INFO - [2024-06-27T21:43:30.339+0000] {dagbag.py:545} INFO - Filling up the DagBag from /home/ubuntu/venv/lib/python3.12/site-packages/airflow/example_dags/tutorial_taskflow_api_virtualenv.py
[2024-06-27T21:43:30.342+0000] {logging_mixin.py:188} INFO - [2024-06-27T21:43:30.342+0000] {tutorial_taskflow_api_virtualenv.py:29} WARNING - The tutorial_taskflow_api_virtualenv example DAG requires virtualenv, please install it.
[2024-06-27T21:43:30.343+0000] {processor.py:842} WARNING - No viable dags retrieved from /home/ubuntu/venv/lib/python3.12/site-packages/airflow/example_dags/tutorial_taskflow_api_virtualenv.py
[2024-06-27T21:43:30.353+0000] {processor.py:183} INFO - Processing /home/ubuntu/venv/lib/python3.12/site-packages/airflow/example_dags/tutorial_taskflow_api_virtualenv.py took 0.022 seconds
[2024-06-27T21:44:14.770+0000] {processor.py:161} INFO - Started process (PID=4826) to work on /home/ubuntu/venv/lib/python3.12/site-packages/airflow/example_dags/tutorial_taskflow_api_virtualenv.py
[2024-06-27T21:44:14.772+0000] {processor.py:830} INFO - Processing file /home/ubuntu/venv/lib/python3.12/site-packages/airflow/example_dags/tutorial_taskflow_api_virtualenv.py for tasks to queue
[2024-06-27T21:44:14.773+0000] {logging_mixin.py:188} INFO - [2024-06-27T21:44:14.772+0000] {dagbag.py:545} INFO - Filling up the DagBag from /home/ubuntu/venv/lib/python3.12/site-packages/airflow/example_dags/tutorial_taskflow_api_virtualenv.py
[2024-06-27T21:44:14.776+0000] {logging_mixin.py:188} INFO - [2024-06-27T21:44:14.775+0000] {tutorial_taskflow_api_virtualenv.py:29} WARNING - The tutorial_taskflow_api_virtualenv example DAG requires virtualenv, please install it.
[2024-06-27T21:44:14.776+0000] {processor.py:842} WARNING - No viable dags retrieved from /home/ubuntu/venv/lib/python3.12/site-packages/airflow/example_dags/tutorial_taskflow_api_virtualenv.py
[2024-06-27T21:44:14.787+0000] {processor.py:183} INFO - Processing /home/ubuntu/venv/lib/python3.12/site-packages/airflow/example_dags/tutorial_taskflow_api_virtualenv.py took 0.023 seconds
[2024-06-27T21:44:59.419+0000] {processor.py:161} INFO - Started process (PID=4914) to work on /home/ubuntu/venv/lib/python3.12/site-packages/airflow/example_dags/tutorial_taskflow_api_virtualenv.py
[2024-06-27T21:44:59.421+0000] {processor.py:830} INFO - Processing file /home/ubuntu/venv/lib/python3.12/site-packages/airflow/example_dags/tutorial_taskflow_api_virtualenv.py for tasks to queue
[2024-06-27T21:44:59.421+0000] {logging_mixin.py:188} INFO - [2024-06-27T21:44:59.421+0000] {dagbag.py:545} INFO - Filling up the DagBag from /home/ubuntu/venv/lib/python3.12/site-packages/airflow/example_dags/tutorial_taskflow_api_virtualenv.py
[2024-06-27T21:44:59.424+0000] {logging_mixin.py:188} INFO - [2024-06-27T21:44:59.424+0000] {tutorial_taskflow_api_virtualenv.py:29} WARNING - The tutorial_taskflow_api_virtualenv example DAG requires virtualenv, please install it.
[2024-06-27T21:44:59.425+0000] {processor.py:842} WARNING - No viable dags retrieved from /home/ubuntu/venv/lib/python3.12/site-packages/airflow/example_dags/tutorial_taskflow_api_virtualenv.py
[2024-06-27T21:44:59.435+0000] {processor.py:183} INFO - Processing /home/ubuntu/venv/lib/python3.12/site-packages/airflow/example_dags/tutorial_taskflow_api_virtualenv.py took 0.022 seconds
[2024-06-27T21:45:45.861+0000] {processor.py:161} INFO - Started process (PID=4965) to work on /home/ubuntu/venv/lib/python3.12/site-packages/airflow/example_dags/tutorial_taskflow_api_virtualenv.py
[2024-06-27T21:45:45.862+0000] {processor.py:830} INFO - Processing file /home/ubuntu/venv/lib/python3.12/site-packages/airflow/example_dags/tutorial_taskflow_api_virtualenv.py for tasks to queue
[2024-06-27T21:45:45.863+0000] {logging_mixin.py:188} INFO - [2024-06-27T21:45:45.863+0000] {dagbag.py:545} INFO - Filling up the DagBag from /home/ubuntu/venv/lib/python3.12/site-packages/airflow/example_dags/tutorial_taskflow_api_virtualenv.py
[2024-06-27T21:45:45.866+0000] {logging_mixin.py:188} INFO - [2024-06-27T21:45:45.866+0000] {tutorial_taskflow_api_virtualenv.py:29} WARNING - The tutorial_taskflow_api_virtualenv example DAG requires virtualenv, please install it.
[2024-06-27T21:45:45.866+0000] {processor.py:842} WARNING - No viable dags retrieved from /home/ubuntu/venv/lib/python3.12/site-packages/airflow/example_dags/tutorial_taskflow_api_virtualenv.py
[2024-06-27T21:45:45.877+0000] {processor.py:183} INFO - Processing /home/ubuntu/venv/lib/python3.12/site-packages/airflow/example_dags/tutorial_taskflow_api_virtualenv.py took 0.022 seconds
[2024-06-27T21:46:36.735+0000] {processor.py:161} INFO - Started process (PID=5012) to work on /home/ubuntu/venv/lib/python3.12/site-packages/airflow/example_dags/tutorial_taskflow_api_virtualenv.py
[2024-06-27T21:46:36.736+0000] {processor.py:830} INFO - Processing file /home/ubuntu/venv/lib/python3.12/site-packages/airflow/example_dags/tutorial_taskflow_api_virtualenv.py for tasks to queue
[2024-06-27T21:46:36.737+0000] {logging_mixin.py:188} INFO - [2024-06-27T21:46:36.737+0000] {dagbag.py:545} INFO - Filling up the DagBag from /home/ubuntu/venv/lib/python3.12/site-packages/airflow/example_dags/tutorial_taskflow_api_virtualenv.py
[2024-06-27T21:46:36.740+0000] {logging_mixin.py:188} INFO - [2024-06-27T21:46:36.740+0000] {tutorial_taskflow_api_virtualenv.py:29} WARNING - The tutorial_taskflow_api_virtualenv example DAG requires virtualenv, please install it.
[2024-06-27T21:46:36.740+0000] {processor.py:842} WARNING - No viable dags retrieved from /home/ubuntu/venv/lib/python3.12/site-packages/airflow/example_dags/tutorial_taskflow_api_virtualenv.py
[2024-06-27T21:46:36.752+0000] {processor.py:183} INFO - Processing /home/ubuntu/venv/lib/python3.12/site-packages/airflow/example_dags/tutorial_taskflow_api_virtualenv.py took 0.024 seconds
[2024-06-27T21:47:25.958+0000] {processor.py:161} INFO - Started process (PID=5060) to work on /home/ubuntu/venv/lib/python3.12/site-packages/airflow/example_dags/tutorial_taskflow_api_virtualenv.py
[2024-06-27T21:47:25.960+0000] {processor.py:830} INFO - Processing file /home/ubuntu/venv/lib/python3.12/site-packages/airflow/example_dags/tutorial_taskflow_api_virtualenv.py for tasks to queue
[2024-06-27T21:47:25.960+0000] {logging_mixin.py:188} INFO - [2024-06-27T21:47:25.960+0000] {dagbag.py:545} INFO - Filling up the DagBag from /home/ubuntu/venv/lib/python3.12/site-packages/airflow/example_dags/tutorial_taskflow_api_virtualenv.py
[2024-06-27T21:47:25.963+0000] {logging_mixin.py:188} INFO - [2024-06-27T21:47:25.963+0000] {tutorial_taskflow_api_virtualenv.py:29} WARNING - The tutorial_taskflow_api_virtualenv example DAG requires virtualenv, please install it.
[2024-06-27T21:47:25.964+0000] {processor.py:842} WARNING - No viable dags retrieved from /home/ubuntu/venv/lib/python3.12/site-packages/airflow/example_dags/tutorial_taskflow_api_virtualenv.py
[2024-06-27T21:47:25.975+0000] {processor.py:183} INFO - Processing /home/ubuntu/venv/lib/python3.12/site-packages/airflow/example_dags/tutorial_taskflow_api_virtualenv.py took 0.023 seconds
[2024-06-27T21:48:11.241+0000] {processor.py:161} INFO - Started process (PID=5233) to work on /home/ubuntu/venv/lib/python3.12/site-packages/airflow/example_dags/tutorial_taskflow_api_virtualenv.py
[2024-06-27T21:48:11.243+0000] {processor.py:830} INFO - Processing file /home/ubuntu/venv/lib/python3.12/site-packages/airflow/example_dags/tutorial_taskflow_api_virtualenv.py for tasks to queue
[2024-06-27T21:48:11.245+0000] {logging_mixin.py:188} INFO - [2024-06-27T21:48:11.244+0000] {dagbag.py:545} INFO - Filling up the DagBag from /home/ubuntu/venv/lib/python3.12/site-packages/airflow/example_dags/tutorial_taskflow_api_virtualenv.py
[2024-06-27T21:48:11.250+0000] {logging_mixin.py:188} INFO - [2024-06-27T21:48:11.250+0000] {tutorial_taskflow_api_virtualenv.py:29} WARNING - The tutorial_taskflow_api_virtualenv example DAG requires virtualenv, please install it.
[2024-06-27T21:48:11.250+0000] {processor.py:842} WARNING - No viable dags retrieved from /home/ubuntu/venv/lib/python3.12/site-packages/airflow/example_dags/tutorial_taskflow_api_virtualenv.py
[2024-06-27T21:48:11.267+0000] {processor.py:183} INFO - Processing /home/ubuntu/venv/lib/python3.12/site-packages/airflow/example_dags/tutorial_taskflow_api_virtualenv.py took 0.036 seconds
[2024-06-27T21:48:56.215+0000] {processor.py:161} INFO - Started process (PID=5280) to work on /home/ubuntu/venv/lib/python3.12/site-packages/airflow/example_dags/tutorial_taskflow_api_virtualenv.py
[2024-06-27T21:48:56.216+0000] {processor.py:830} INFO - Processing file /home/ubuntu/venv/lib/python3.12/site-packages/airflow/example_dags/tutorial_taskflow_api_virtualenv.py for tasks to queue
[2024-06-27T21:48:56.217+0000] {logging_mixin.py:188} INFO - [2024-06-27T21:48:56.216+0000] {dagbag.py:545} INFO - Filling up the DagBag from /home/ubuntu/venv/lib/python3.12/site-packages/airflow/example_dags/tutorial_taskflow_api_virtualenv.py
[2024-06-27T21:48:56.220+0000] {logging_mixin.py:188} INFO - [2024-06-27T21:48:56.220+0000] {tutorial_taskflow_api_virtualenv.py:29} WARNING - The tutorial_taskflow_api_virtualenv example DAG requires virtualenv, please install it.
[2024-06-27T21:48:56.220+0000] {processor.py:842} WARNING - No viable dags retrieved from /home/ubuntu/venv/lib/python3.12/site-packages/airflow/example_dags/tutorial_taskflow_api_virtualenv.py
[2024-06-27T21:48:56.231+0000] {processor.py:183} INFO - Processing /home/ubuntu/venv/lib/python3.12/site-packages/airflow/example_dags/tutorial_taskflow_api_virtualenv.py took 0.024 seconds
[2024-06-27T21:49:36.261+0000] {processor.py:161} INFO - Started process (PID=5323) to work on /home/ubuntu/venv/lib/python3.12/site-packages/airflow/example_dags/tutorial_taskflow_api_virtualenv.py
[2024-06-27T21:49:36.263+0000] {processor.py:830} INFO - Processing file /home/ubuntu/venv/lib/python3.12/site-packages/airflow/example_dags/tutorial_taskflow_api_virtualenv.py for tasks to queue
[2024-06-27T21:49:36.264+0000] {logging_mixin.py:188} INFO - [2024-06-27T21:49:36.264+0000] {dagbag.py:545} INFO - Filling up the DagBag from /home/ubuntu/venv/lib/python3.12/site-packages/airflow/example_dags/tutorial_taskflow_api_virtualenv.py
[2024-06-27T21:49:36.267+0000] {logging_mixin.py:188} INFO - [2024-06-27T21:49:36.267+0000] {tutorial_taskflow_api_virtualenv.py:29} WARNING - The tutorial_taskflow_api_virtualenv example DAG requires virtualenv, please install it.
[2024-06-27T21:49:36.267+0000] {processor.py:842} WARNING - No viable dags retrieved from /home/ubuntu/venv/lib/python3.12/site-packages/airflow/example_dags/tutorial_taskflow_api_virtualenv.py
[2024-06-27T21:49:36.278+0000] {processor.py:183} INFO - Processing /home/ubuntu/venv/lib/python3.12/site-packages/airflow/example_dags/tutorial_taskflow_api_virtualenv.py took 0.025 seconds
