[2024-06-27T23:21:52.319+0000] {local_task_job_runner.py:120} INFO - ::group::Pre task execution logs
[2024-06-27T23:21:52.331+0000] {taskinstance.py:2076} INFO - Dependencies all met for dep_context=non-requeueable deps ti=<TaskInstance: zillow_analytics_dag.tsk_transfer_s3_to_redshift manual__2024-06-27T23:21:35.743365+00:00 [queued]>
[2024-06-27T23:21:52.338+0000] {taskinstance.py:2076} INFO - Dependencies all met for dep_context=requeueable deps ti=<TaskInstance: zillow_analytics_dag.tsk_transfer_s3_to_redshift manual__2024-06-27T23:21:35.743365+00:00 [queued]>
[2024-06-27T23:21:52.339+0000] {taskinstance.py:2306} INFO - Starting attempt 1 of 2
[2024-06-27T23:21:52.354+0000] {taskinstance.py:2330} INFO - Executing <Task(S3ToRedshiftOperator): tsk_transfer_s3_to_redshift> on 2024-06-27 23:21:35.743365+00:00
[2024-06-27T23:21:52.358+0000] {standard_task_runner.py:63} INFO - Started process 5945 to run task
[2024-06-27T23:21:52.361+0000] {standard_task_runner.py:90} INFO - Running: ['airflow', 'tasks', 'run', 'zillow_analytics_dag', 'tsk_transfer_s3_to_redshift', 'manual__2024-06-27T23:21:35.743365+00:00', '--job-id', '52', '--raw', '--subdir', 'DAGS_FOLDER/zillowanalytics.py', '--cfg-path', '/tmp/tmpvxskeoer']
[2024-06-27T23:21:52.363+0000] {standard_task_runner.py:91} INFO - Job 52: Subtask tsk_transfer_s3_to_redshift
[2024-06-27T23:21:52.399+0000] {task_command.py:426} INFO - Running <TaskInstance: zillow_analytics_dag.tsk_transfer_s3_to_redshift manual__2024-06-27T23:21:35.743365+00:00 [running]> on host ip-172-31-6-214.us-east-2.compute.internal
[2024-06-27T23:21:52.473+0000] {taskinstance.py:2648} INFO - Exporting env vars: AIRFLOW_CTX_DAG_EMAIL='myemail@domain.com' AIRFLOW_CTX_DAG_OWNER='airflow' AIRFLOW_CTX_DAG_ID='zillow_analytics_dag' AIRFLOW_CTX_TASK_ID='tsk_transfer_s3_to_redshift' AIRFLOW_CTX_EXECUTION_DATE='2024-06-27T23:21:35.743365+00:00' AIRFLOW_CTX_TRY_NUMBER='1' AIRFLOW_CTX_DAG_RUN_ID='manual__2024-06-27T23:21:35.743365+00:00'
[2024-06-27T23:21:52.474+0000] {taskinstance.py:430} INFO - ::endgroup::
[2024-06-27T23:21:52.491+0000] {base.py:84} INFO - Using connection ID 'aws_s3_conn' for task execution.
[2024-06-27T23:21:52.493+0000] {base.py:84} INFO - Using connection ID 'aws_s3_conn' for task execution.
[2024-06-27T23:21:52.493+0000] {connection_wrapper.py:384} INFO - AWS Connection (conn_id='aws_s3_conn', conn_type='aws') credentials retrieved from login and password.
[2024-06-27T23:21:52.504+0000] {s3_to_redshift.py:193} INFO - Executing COPY command...
[2024-06-27T23:21:52.507+0000] {base.py:84} INFO - Using connection ID 'conn_id_redshift' for task execution.
[2024-06-27T23:21:52.702+0000] {sql.py:487} INFO - Running statement: 
                    COPY PUBLIC.zillowdata 
                    FROM 's3://clean-data-csv-bucket/response_data_27062024232138.csv'
                    credentials
                    'aws_access_key_id=AKIAU6GDX66C2AUYTPET;aws_secret_access_key=***'
                    
                    csv IGNOREHEADER 1;
        , parameters: None
[2024-06-27T23:21:53.372+0000] {s3_to_redshift.py:198} INFO - COPY command complete...
[2024-06-27T23:21:53.372+0000] {taskinstance.py:441} INFO - ::group::Post task execution logs
[2024-06-27T23:21:53.379+0000] {taskinstance.py:1206} INFO - Marking task as SUCCESS. dag_id=zillow_analytics_dag, task_id=tsk_transfer_s3_to_redshift, run_id=manual__2024-06-27T23:21:35.743365+00:00, execution_date=20240627T232135, start_date=20240627T232152, end_date=20240627T232153
[2024-06-27T23:21:53.416+0000] {local_task_job_runner.py:240} INFO - Task exited with return code 0
[2024-06-27T23:21:53.428+0000] {taskinstance.py:3503} INFO - 0 downstream tasks scheduled from follow-on schedule check
[2024-06-27T23:21:53.428+0000] {local_task_job_runner.py:222} INFO - ::endgroup::
