[2024-06-27T21:19:25.485+0000] {processor.py:161} INFO - Started process (PID=2925) to work on /home/ubuntu/venv/lib/python3.12/site-packages/airflow/example_dags/plugins/event_listener.py
[2024-06-27T21:19:25.485+0000] {processor.py:830} INFO - Processing file /home/ubuntu/venv/lib/python3.12/site-packages/airflow/example_dags/plugins/event_listener.py for tasks to queue
[2024-06-27T21:19:25.487+0000] {logging_mixin.py:188} INFO - [2024-06-27T21:19:25.487+0000] {dagbag.py:545} INFO - Filling up the DagBag from /home/ubuntu/venv/lib/python3.12/site-packages/airflow/example_dags/plugins/event_listener.py
[2024-06-27T21:19:25.490+0000] {processor.py:842} WARNING - No viable dags retrieved from /home/ubuntu/venv/lib/python3.12/site-packages/airflow/example_dags/plugins/event_listener.py
[2024-06-27T21:19:25.501+0000] {processor.py:183} INFO - Processing /home/ubuntu/venv/lib/python3.12/site-packages/airflow/example_dags/plugins/event_listener.py took 0.022 seconds
[2024-06-27T21:20:25.539+0000] {processor.py:161} INFO - Started process (PID=2988) to work on /home/ubuntu/venv/lib/python3.12/site-packages/airflow/example_dags/plugins/event_listener.py
[2024-06-27T21:20:25.540+0000] {processor.py:830} INFO - Processing file /home/ubuntu/venv/lib/python3.12/site-packages/airflow/example_dags/plugins/event_listener.py for tasks to queue
[2024-06-27T21:20:25.542+0000] {logging_mixin.py:188} INFO - [2024-06-27T21:20:25.542+0000] {dagbag.py:545} INFO - Filling up the DagBag from /home/ubuntu/venv/lib/python3.12/site-packages/airflow/example_dags/plugins/event_listener.py
[2024-06-27T21:20:25.544+0000] {processor.py:842} WARNING - No viable dags retrieved from /home/ubuntu/venv/lib/python3.12/site-packages/airflow/example_dags/plugins/event_listener.py
[2024-06-27T21:20:25.555+0000] {processor.py:183} INFO - Processing /home/ubuntu/venv/lib/python3.12/site-packages/airflow/example_dags/plugins/event_listener.py took 0.022 seconds
[2024-06-27T21:21:11.602+0000] {processor.py:161} INFO - Started process (PID=3317) to work on /home/ubuntu/venv/lib/python3.12/site-packages/airflow/example_dags/plugins/event_listener.py
[2024-06-27T21:21:11.604+0000] {processor.py:830} INFO - Processing file /home/ubuntu/venv/lib/python3.12/site-packages/airflow/example_dags/plugins/event_listener.py for tasks to queue
[2024-06-27T21:21:11.606+0000] {logging_mixin.py:188} INFO - [2024-06-27T21:21:11.605+0000] {dagbag.py:545} INFO - Filling up the DagBag from /home/ubuntu/venv/lib/python3.12/site-packages/airflow/example_dags/plugins/event_listener.py
[2024-06-27T21:21:11.608+0000] {processor.py:842} WARNING - No viable dags retrieved from /home/ubuntu/venv/lib/python3.12/site-packages/airflow/example_dags/plugins/event_listener.py
[2024-06-27T21:21:11.619+0000] {processor.py:183} INFO - Processing /home/ubuntu/venv/lib/python3.12/site-packages/airflow/example_dags/plugins/event_listener.py took 0.023 seconds
[2024-06-27T21:21:52.859+0000] {processor.py:161} INFO - Started process (PID=3362) to work on /home/ubuntu/venv/lib/python3.12/site-packages/airflow/example_dags/plugins/event_listener.py
[2024-06-27T21:21:52.860+0000] {processor.py:830} INFO - Processing file /home/ubuntu/venv/lib/python3.12/site-packages/airflow/example_dags/plugins/event_listener.py for tasks to queue
[2024-06-27T21:21:52.862+0000] {logging_mixin.py:188} INFO - [2024-06-27T21:21:52.861+0000] {dagbag.py:545} INFO - Filling up the DagBag from /home/ubuntu/venv/lib/python3.12/site-packages/airflow/example_dags/plugins/event_listener.py
[2024-06-27T21:21:52.864+0000] {processor.py:842} WARNING - No viable dags retrieved from /home/ubuntu/venv/lib/python3.12/site-packages/airflow/example_dags/plugins/event_listener.py
[2024-06-27T21:21:52.876+0000] {processor.py:183} INFO - Processing /home/ubuntu/venv/lib/python3.12/site-packages/airflow/example_dags/plugins/event_listener.py took 0.023 seconds
[2024-06-27T21:22:31.839+0000] {processor.py:161} INFO - Started process (PID=3415) to work on /home/ubuntu/venv/lib/python3.12/site-packages/airflow/example_dags/plugins/event_listener.py
[2024-06-27T21:22:31.841+0000] {processor.py:830} INFO - Processing file /home/ubuntu/venv/lib/python3.12/site-packages/airflow/example_dags/plugins/event_listener.py for tasks to queue
[2024-06-27T21:22:31.843+0000] {logging_mixin.py:188} INFO - [2024-06-27T21:22:31.842+0000] {dagbag.py:545} INFO - Filling up the DagBag from /home/ubuntu/venv/lib/python3.12/site-packages/airflow/example_dags/plugins/event_listener.py
[2024-06-27T21:22:31.845+0000] {processor.py:842} WARNING - No viable dags retrieved from /home/ubuntu/venv/lib/python3.12/site-packages/airflow/example_dags/plugins/event_listener.py
[2024-06-27T21:22:31.856+0000] {processor.py:183} INFO - Processing /home/ubuntu/venv/lib/python3.12/site-packages/airflow/example_dags/plugins/event_listener.py took 0.022 seconds
[2024-06-27T21:23:10.868+0000] {processor.py:161} INFO - Started process (PID=3457) to work on /home/ubuntu/venv/lib/python3.12/site-packages/airflow/example_dags/plugins/event_listener.py
[2024-06-27T21:23:10.869+0000] {processor.py:830} INFO - Processing file /home/ubuntu/venv/lib/python3.12/site-packages/airflow/example_dags/plugins/event_listener.py for tasks to queue
[2024-06-27T21:23:10.871+0000] {logging_mixin.py:188} INFO - [2024-06-27T21:23:10.871+0000] {dagbag.py:545} INFO - Filling up the DagBag from /home/ubuntu/venv/lib/python3.12/site-packages/airflow/example_dags/plugins/event_listener.py
[2024-06-27T21:23:10.874+0000] {processor.py:842} WARNING - No viable dags retrieved from /home/ubuntu/venv/lib/python3.12/site-packages/airflow/example_dags/plugins/event_listener.py
[2024-06-27T21:23:10.884+0000] {processor.py:183} INFO - Processing /home/ubuntu/venv/lib/python3.12/site-packages/airflow/example_dags/plugins/event_listener.py took 0.022 seconds
[2024-06-27T21:23:50.300+0000] {processor.py:161} INFO - Started process (PID=3501) to work on /home/ubuntu/venv/lib/python3.12/site-packages/airflow/example_dags/plugins/event_listener.py
[2024-06-27T21:23:50.302+0000] {processor.py:830} INFO - Processing file /home/ubuntu/venv/lib/python3.12/site-packages/airflow/example_dags/plugins/event_listener.py for tasks to queue
[2024-06-27T21:23:50.303+0000] {logging_mixin.py:188} INFO - [2024-06-27T21:23:50.303+0000] {dagbag.py:545} INFO - Filling up the DagBag from /home/ubuntu/venv/lib/python3.12/site-packages/airflow/example_dags/plugins/event_listener.py
[2024-06-27T21:23:50.306+0000] {processor.py:842} WARNING - No viable dags retrieved from /home/ubuntu/venv/lib/python3.12/site-packages/airflow/example_dags/plugins/event_listener.py
[2024-06-27T21:23:50.317+0000] {processor.py:183} INFO - Processing /home/ubuntu/venv/lib/python3.12/site-packages/airflow/example_dags/plugins/event_listener.py took 0.023 seconds
[2024-06-27T21:24:29.055+0000] {processor.py:161} INFO - Started process (PID=3544) to work on /home/ubuntu/venv/lib/python3.12/site-packages/airflow/example_dags/plugins/event_listener.py
[2024-06-27T21:24:29.056+0000] {processor.py:830} INFO - Processing file /home/ubuntu/venv/lib/python3.12/site-packages/airflow/example_dags/plugins/event_listener.py for tasks to queue
[2024-06-27T21:24:29.057+0000] {logging_mixin.py:188} INFO - [2024-06-27T21:24:29.057+0000] {dagbag.py:545} INFO - Filling up the DagBag from /home/ubuntu/venv/lib/python3.12/site-packages/airflow/example_dags/plugins/event_listener.py
[2024-06-27T21:24:29.060+0000] {processor.py:842} WARNING - No viable dags retrieved from /home/ubuntu/venv/lib/python3.12/site-packages/airflow/example_dags/plugins/event_listener.py
[2024-06-27T21:24:29.071+0000] {processor.py:183} INFO - Processing /home/ubuntu/venv/lib/python3.12/site-packages/airflow/example_dags/plugins/event_listener.py took 0.022 seconds
[2024-06-27T21:25:13.029+0000] {processor.py:161} INFO - Started process (PID=3593) to work on /home/ubuntu/venv/lib/python3.12/site-packages/airflow/example_dags/plugins/event_listener.py
[2024-06-27T21:25:13.030+0000] {processor.py:830} INFO - Processing file /home/ubuntu/venv/lib/python3.12/site-packages/airflow/example_dags/plugins/event_listener.py for tasks to queue
[2024-06-27T21:25:13.031+0000] {logging_mixin.py:188} INFO - [2024-06-27T21:25:13.031+0000] {dagbag.py:545} INFO - Filling up the DagBag from /home/ubuntu/venv/lib/python3.12/site-packages/airflow/example_dags/plugins/event_listener.py
[2024-06-27T21:25:13.033+0000] {processor.py:842} WARNING - No viable dags retrieved from /home/ubuntu/venv/lib/python3.12/site-packages/airflow/example_dags/plugins/event_listener.py
[2024-06-27T21:25:13.044+0000] {processor.py:183} INFO - Processing /home/ubuntu/venv/lib/python3.12/site-packages/airflow/example_dags/plugins/event_listener.py took 0.022 seconds
[2024-06-27T21:25:55.023+0000] {processor.py:161} INFO - Started process (PID=3638) to work on /home/ubuntu/venv/lib/python3.12/site-packages/airflow/example_dags/plugins/event_listener.py
[2024-06-27T21:25:55.025+0000] {processor.py:830} INFO - Processing file /home/ubuntu/venv/lib/python3.12/site-packages/airflow/example_dags/plugins/event_listener.py for tasks to queue
[2024-06-27T21:25:55.026+0000] {logging_mixin.py:188} INFO - [2024-06-27T21:25:55.025+0000] {dagbag.py:545} INFO - Filling up the DagBag from /home/ubuntu/venv/lib/python3.12/site-packages/airflow/example_dags/plugins/event_listener.py
[2024-06-27T21:25:55.028+0000] {processor.py:842} WARNING - No viable dags retrieved from /home/ubuntu/venv/lib/python3.12/site-packages/airflow/example_dags/plugins/event_listener.py
[2024-06-27T21:25:55.039+0000] {processor.py:183} INFO - Processing /home/ubuntu/venv/lib/python3.12/site-packages/airflow/example_dags/plugins/event_listener.py took 0.021 seconds
[2024-06-27T21:26:37.893+0000] {processor.py:161} INFO - Started process (PID=3682) to work on /home/ubuntu/venv/lib/python3.12/site-packages/airflow/example_dags/plugins/event_listener.py
[2024-06-27T21:26:37.894+0000] {processor.py:830} INFO - Processing file /home/ubuntu/venv/lib/python3.12/site-packages/airflow/example_dags/plugins/event_listener.py for tasks to queue
[2024-06-27T21:26:37.895+0000] {logging_mixin.py:188} INFO - [2024-06-27T21:26:37.895+0000] {dagbag.py:545} INFO - Filling up the DagBag from /home/ubuntu/venv/lib/python3.12/site-packages/airflow/example_dags/plugins/event_listener.py
[2024-06-27T21:26:37.898+0000] {processor.py:842} WARNING - No viable dags retrieved from /home/ubuntu/venv/lib/python3.12/site-packages/airflow/example_dags/plugins/event_listener.py
[2024-06-27T21:26:37.909+0000] {processor.py:183} INFO - Processing /home/ubuntu/venv/lib/python3.12/site-packages/airflow/example_dags/plugins/event_listener.py took 0.022 seconds
[2024-06-27T21:27:22.540+0000] {processor.py:161} INFO - Started process (PID=3728) to work on /home/ubuntu/venv/lib/python3.12/site-packages/airflow/example_dags/plugins/event_listener.py
[2024-06-27T21:27:22.542+0000] {processor.py:830} INFO - Processing file /home/ubuntu/venv/lib/python3.12/site-packages/airflow/example_dags/plugins/event_listener.py for tasks to queue
[2024-06-27T21:27:22.543+0000] {logging_mixin.py:188} INFO - [2024-06-27T21:27:22.542+0000] {dagbag.py:545} INFO - Filling up the DagBag from /home/ubuntu/venv/lib/python3.12/site-packages/airflow/example_dags/plugins/event_listener.py
[2024-06-27T21:27:22.545+0000] {processor.py:842} WARNING - No viable dags retrieved from /home/ubuntu/venv/lib/python3.12/site-packages/airflow/example_dags/plugins/event_listener.py
[2024-06-27T21:27:22.556+0000] {processor.py:183} INFO - Processing /home/ubuntu/venv/lib/python3.12/site-packages/airflow/example_dags/plugins/event_listener.py took 0.022 seconds
[2024-06-27T21:28:00.820+0000] {processor.py:161} INFO - Started process (PID=3769) to work on /home/ubuntu/venv/lib/python3.12/site-packages/airflow/example_dags/plugins/event_listener.py
[2024-06-27T21:28:00.821+0000] {processor.py:830} INFO - Processing file /home/ubuntu/venv/lib/python3.12/site-packages/airflow/example_dags/plugins/event_listener.py for tasks to queue
[2024-06-27T21:28:00.822+0000] {logging_mixin.py:188} INFO - [2024-06-27T21:28:00.822+0000] {dagbag.py:545} INFO - Filling up the DagBag from /home/ubuntu/venv/lib/python3.12/site-packages/airflow/example_dags/plugins/event_listener.py
[2024-06-27T21:28:00.825+0000] {processor.py:842} WARNING - No viable dags retrieved from /home/ubuntu/venv/lib/python3.12/site-packages/airflow/example_dags/plugins/event_listener.py
[2024-06-27T21:28:00.835+0000] {processor.py:183} INFO - Processing /home/ubuntu/venv/lib/python3.12/site-packages/airflow/example_dags/plugins/event_listener.py took 0.022 seconds
[2024-06-27T21:28:37.860+0000] {processor.py:161} INFO - Started process (PID=3820) to work on /home/ubuntu/venv/lib/python3.12/site-packages/airflow/example_dags/plugins/event_listener.py
[2024-06-27T21:28:37.862+0000] {processor.py:830} INFO - Processing file /home/ubuntu/venv/lib/python3.12/site-packages/airflow/example_dags/plugins/event_listener.py for tasks to queue
[2024-06-27T21:28:37.862+0000] {logging_mixin.py:188} INFO - [2024-06-27T21:28:37.862+0000] {dagbag.py:545} INFO - Filling up the DagBag from /home/ubuntu/venv/lib/python3.12/site-packages/airflow/example_dags/plugins/event_listener.py
[2024-06-27T21:28:37.865+0000] {processor.py:842} WARNING - No viable dags retrieved from /home/ubuntu/venv/lib/python3.12/site-packages/airflow/example_dags/plugins/event_listener.py
[2024-06-27T21:28:37.876+0000] {processor.py:183} INFO - Processing /home/ubuntu/venv/lib/python3.12/site-packages/airflow/example_dags/plugins/event_listener.py took 0.021 seconds
[2024-06-27T21:29:15.234+0000] {processor.py:161} INFO - Started process (PID=3866) to work on /home/ubuntu/venv/lib/python3.12/site-packages/airflow/example_dags/plugins/event_listener.py
[2024-06-27T21:29:15.236+0000] {processor.py:830} INFO - Processing file /home/ubuntu/venv/lib/python3.12/site-packages/airflow/example_dags/plugins/event_listener.py for tasks to queue
[2024-06-27T21:29:15.237+0000] {logging_mixin.py:188} INFO - [2024-06-27T21:29:15.237+0000] {dagbag.py:545} INFO - Filling up the DagBag from /home/ubuntu/venv/lib/python3.12/site-packages/airflow/example_dags/plugins/event_listener.py
[2024-06-27T21:29:15.239+0000] {processor.py:842} WARNING - No viable dags retrieved from /home/ubuntu/venv/lib/python3.12/site-packages/airflow/example_dags/plugins/event_listener.py
[2024-06-27T21:29:15.250+0000] {processor.py:183} INFO - Processing /home/ubuntu/venv/lib/python3.12/site-packages/airflow/example_dags/plugins/event_listener.py took 0.022 seconds
[2024-06-27T21:30:00.249+0000] {processor.py:161} INFO - Started process (PID=3915) to work on /home/ubuntu/venv/lib/python3.12/site-packages/airflow/example_dags/plugins/event_listener.py
[2024-06-27T21:30:00.251+0000] {processor.py:830} INFO - Processing file /home/ubuntu/venv/lib/python3.12/site-packages/airflow/example_dags/plugins/event_listener.py for tasks to queue
[2024-06-27T21:30:00.251+0000] {logging_mixin.py:188} INFO - [2024-06-27T21:30:00.251+0000] {dagbag.py:545} INFO - Filling up the DagBag from /home/ubuntu/venv/lib/python3.12/site-packages/airflow/example_dags/plugins/event_listener.py
[2024-06-27T21:30:00.254+0000] {processor.py:842} WARNING - No viable dags retrieved from /home/ubuntu/venv/lib/python3.12/site-packages/airflow/example_dags/plugins/event_listener.py
[2024-06-27T21:30:00.265+0000] {processor.py:183} INFO - Processing /home/ubuntu/venv/lib/python3.12/site-packages/airflow/example_dags/plugins/event_listener.py took 0.021 seconds
[2024-06-27T21:30:42.844+0000] {processor.py:161} INFO - Started process (PID=3969) to work on /home/ubuntu/venv/lib/python3.12/site-packages/airflow/example_dags/plugins/event_listener.py
[2024-06-27T21:30:42.845+0000] {processor.py:830} INFO - Processing file /home/ubuntu/venv/lib/python3.12/site-packages/airflow/example_dags/plugins/event_listener.py for tasks to queue
[2024-06-27T21:30:42.846+0000] {logging_mixin.py:188} INFO - [2024-06-27T21:30:42.846+0000] {dagbag.py:545} INFO - Filling up the DagBag from /home/ubuntu/venv/lib/python3.12/site-packages/airflow/example_dags/plugins/event_listener.py
[2024-06-27T21:30:42.849+0000] {processor.py:842} WARNING - No viable dags retrieved from /home/ubuntu/venv/lib/python3.12/site-packages/airflow/example_dags/plugins/event_listener.py
[2024-06-27T21:30:42.859+0000] {processor.py:183} INFO - Processing /home/ubuntu/venv/lib/python3.12/site-packages/airflow/example_dags/plugins/event_listener.py took 0.021 seconds
[2024-06-27T21:31:24.023+0000] {processor.py:161} INFO - Started process (PID=4011) to work on /home/ubuntu/venv/lib/python3.12/site-packages/airflow/example_dags/plugins/event_listener.py
[2024-06-27T21:31:24.025+0000] {processor.py:830} INFO - Processing file /home/ubuntu/venv/lib/python3.12/site-packages/airflow/example_dags/plugins/event_listener.py for tasks to queue
[2024-06-27T21:31:24.026+0000] {logging_mixin.py:188} INFO - [2024-06-27T21:31:24.025+0000] {dagbag.py:545} INFO - Filling up the DagBag from /home/ubuntu/venv/lib/python3.12/site-packages/airflow/example_dags/plugins/event_listener.py
[2024-06-27T21:31:24.028+0000] {processor.py:842} WARNING - No viable dags retrieved from /home/ubuntu/venv/lib/python3.12/site-packages/airflow/example_dags/plugins/event_listener.py
[2024-06-27T21:31:24.039+0000] {processor.py:183} INFO - Processing /home/ubuntu/venv/lib/python3.12/site-packages/airflow/example_dags/plugins/event_listener.py took 0.022 seconds
[2024-06-27T21:32:09.654+0000] {processor.py:161} INFO - Started process (PID=4056) to work on /home/ubuntu/venv/lib/python3.12/site-packages/airflow/example_dags/plugins/event_listener.py
[2024-06-27T21:32:09.656+0000] {processor.py:830} INFO - Processing file /home/ubuntu/venv/lib/python3.12/site-packages/airflow/example_dags/plugins/event_listener.py for tasks to queue
[2024-06-27T21:32:09.657+0000] {logging_mixin.py:188} INFO - [2024-06-27T21:32:09.657+0000] {dagbag.py:545} INFO - Filling up the DagBag from /home/ubuntu/venv/lib/python3.12/site-packages/airflow/example_dags/plugins/event_listener.py
[2024-06-27T21:32:09.660+0000] {processor.py:842} WARNING - No viable dags retrieved from /home/ubuntu/venv/lib/python3.12/site-packages/airflow/example_dags/plugins/event_listener.py
[2024-06-27T21:32:09.670+0000] {processor.py:183} INFO - Processing /home/ubuntu/venv/lib/python3.12/site-packages/airflow/example_dags/plugins/event_listener.py took 0.022 seconds
[2024-06-27T21:33:08.462+0000] {processor.py:161} INFO - Started process (PID=4127) to work on /home/ubuntu/venv/lib/python3.12/site-packages/airflow/example_dags/plugins/event_listener.py
[2024-06-27T21:33:08.464+0000] {processor.py:830} INFO - Processing file /home/ubuntu/venv/lib/python3.12/site-packages/airflow/example_dags/plugins/event_listener.py for tasks to queue
[2024-06-27T21:33:08.465+0000] {logging_mixin.py:188} INFO - [2024-06-27T21:33:08.464+0000] {dagbag.py:545} INFO - Filling up the DagBag from /home/ubuntu/venv/lib/python3.12/site-packages/airflow/example_dags/plugins/event_listener.py
[2024-06-27T21:33:08.467+0000] {processor.py:842} WARNING - No viable dags retrieved from /home/ubuntu/venv/lib/python3.12/site-packages/airflow/example_dags/plugins/event_listener.py
[2024-06-27T21:33:08.478+0000] {processor.py:183} INFO - Processing /home/ubuntu/venv/lib/python3.12/site-packages/airflow/example_dags/plugins/event_listener.py took 0.022 seconds
[2024-06-27T21:33:54.515+0000] {processor.py:161} INFO - Started process (PID=4178) to work on /home/ubuntu/venv/lib/python3.12/site-packages/airflow/example_dags/plugins/event_listener.py
[2024-06-27T21:33:54.517+0000] {processor.py:830} INFO - Processing file /home/ubuntu/venv/lib/python3.12/site-packages/airflow/example_dags/plugins/event_listener.py for tasks to queue
[2024-06-27T21:33:54.518+0000] {logging_mixin.py:188} INFO - [2024-06-27T21:33:54.517+0000] {dagbag.py:545} INFO - Filling up the DagBag from /home/ubuntu/venv/lib/python3.12/site-packages/airflow/example_dags/plugins/event_listener.py
[2024-06-27T21:33:54.520+0000] {processor.py:842} WARNING - No viable dags retrieved from /home/ubuntu/venv/lib/python3.12/site-packages/airflow/example_dags/plugins/event_listener.py
[2024-06-27T21:33:54.531+0000] {processor.py:183} INFO - Processing /home/ubuntu/venv/lib/python3.12/site-packages/airflow/example_dags/plugins/event_listener.py took 0.022 seconds
[2024-06-27T21:34:38.295+0000] {processor.py:161} INFO - Started process (PID=4224) to work on /home/ubuntu/venv/lib/python3.12/site-packages/airflow/example_dags/plugins/event_listener.py
[2024-06-27T21:34:38.296+0000] {processor.py:830} INFO - Processing file /home/ubuntu/venv/lib/python3.12/site-packages/airflow/example_dags/plugins/event_listener.py for tasks to queue
[2024-06-27T21:34:38.297+0000] {logging_mixin.py:188} INFO - [2024-06-27T21:34:38.296+0000] {dagbag.py:545} INFO - Filling up the DagBag from /home/ubuntu/venv/lib/python3.12/site-packages/airflow/example_dags/plugins/event_listener.py
[2024-06-27T21:34:38.299+0000] {processor.py:842} WARNING - No viable dags retrieved from /home/ubuntu/venv/lib/python3.12/site-packages/airflow/example_dags/plugins/event_listener.py
[2024-06-27T21:34:38.310+0000] {processor.py:183} INFO - Processing /home/ubuntu/venv/lib/python3.12/site-packages/airflow/example_dags/plugins/event_listener.py took 0.021 seconds
[2024-06-27T21:35:20.724+0000] {processor.py:161} INFO - Started process (PID=4271) to work on /home/ubuntu/venv/lib/python3.12/site-packages/airflow/example_dags/plugins/event_listener.py
[2024-06-27T21:35:20.726+0000] {processor.py:830} INFO - Processing file /home/ubuntu/venv/lib/python3.12/site-packages/airflow/example_dags/plugins/event_listener.py for tasks to queue
[2024-06-27T21:35:20.727+0000] {logging_mixin.py:188} INFO - [2024-06-27T21:35:20.726+0000] {dagbag.py:545} INFO - Filling up the DagBag from /home/ubuntu/venv/lib/python3.12/site-packages/airflow/example_dags/plugins/event_listener.py
[2024-06-27T21:35:20.729+0000] {processor.py:842} WARNING - No viable dags retrieved from /home/ubuntu/venv/lib/python3.12/site-packages/airflow/example_dags/plugins/event_listener.py
[2024-06-27T21:35:20.740+0000] {processor.py:183} INFO - Processing /home/ubuntu/venv/lib/python3.12/site-packages/airflow/example_dags/plugins/event_listener.py took 0.021 seconds
[2024-06-27T21:36:02.250+0000] {processor.py:161} INFO - Started process (PID=4316) to work on /home/ubuntu/venv/lib/python3.12/site-packages/airflow/example_dags/plugins/event_listener.py
[2024-06-27T21:36:02.251+0000] {processor.py:830} INFO - Processing file /home/ubuntu/venv/lib/python3.12/site-packages/airflow/example_dags/plugins/event_listener.py for tasks to queue
[2024-06-27T21:36:02.252+0000] {logging_mixin.py:188} INFO - [2024-06-27T21:36:02.252+0000] {dagbag.py:545} INFO - Filling up the DagBag from /home/ubuntu/venv/lib/python3.12/site-packages/airflow/example_dags/plugins/event_listener.py
[2024-06-27T21:36:02.254+0000] {processor.py:842} WARNING - No viable dags retrieved from /home/ubuntu/venv/lib/python3.12/site-packages/airflow/example_dags/plugins/event_listener.py
[2024-06-27T21:36:02.265+0000] {processor.py:183} INFO - Processing /home/ubuntu/venv/lib/python3.12/site-packages/airflow/example_dags/plugins/event_listener.py took 0.022 seconds
[2024-06-27T21:36:45.225+0000] {processor.py:161} INFO - Started process (PID=4359) to work on /home/ubuntu/venv/lib/python3.12/site-packages/airflow/example_dags/plugins/event_listener.py
[2024-06-27T21:36:45.226+0000] {processor.py:830} INFO - Processing file /home/ubuntu/venv/lib/python3.12/site-packages/airflow/example_dags/plugins/event_listener.py for tasks to queue
[2024-06-27T21:36:45.227+0000] {logging_mixin.py:188} INFO - [2024-06-27T21:36:45.227+0000] {dagbag.py:545} INFO - Filling up the DagBag from /home/ubuntu/venv/lib/python3.12/site-packages/airflow/example_dags/plugins/event_listener.py
[2024-06-27T21:36:45.230+0000] {processor.py:842} WARNING - No viable dags retrieved from /home/ubuntu/venv/lib/python3.12/site-packages/airflow/example_dags/plugins/event_listener.py
[2024-06-27T21:36:45.240+0000] {processor.py:183} INFO - Processing /home/ubuntu/venv/lib/python3.12/site-packages/airflow/example_dags/plugins/event_listener.py took 0.021 seconds
[2024-06-27T21:37:28.409+0000] {processor.py:161} INFO - Started process (PID=4403) to work on /home/ubuntu/venv/lib/python3.12/site-packages/airflow/example_dags/plugins/event_listener.py
[2024-06-27T21:37:28.410+0000] {processor.py:830} INFO - Processing file /home/ubuntu/venv/lib/python3.12/site-packages/airflow/example_dags/plugins/event_listener.py for tasks to queue
[2024-06-27T21:37:28.411+0000] {logging_mixin.py:188} INFO - [2024-06-27T21:37:28.411+0000] {dagbag.py:545} INFO - Filling up the DagBag from /home/ubuntu/venv/lib/python3.12/site-packages/airflow/example_dags/plugins/event_listener.py
[2024-06-27T21:37:28.413+0000] {processor.py:842} WARNING - No viable dags retrieved from /home/ubuntu/venv/lib/python3.12/site-packages/airflow/example_dags/plugins/event_listener.py
[2024-06-27T21:37:28.424+0000] {processor.py:183} INFO - Processing /home/ubuntu/venv/lib/python3.12/site-packages/airflow/example_dags/plugins/event_listener.py took 0.022 seconds
[2024-06-27T21:38:21.581+0000] {processor.py:161} INFO - Started process (PID=4459) to work on /home/ubuntu/venv/lib/python3.12/site-packages/airflow/example_dags/plugins/event_listener.py
[2024-06-27T21:38:21.583+0000] {processor.py:830} INFO - Processing file /home/ubuntu/venv/lib/python3.12/site-packages/airflow/example_dags/plugins/event_listener.py for tasks to queue
[2024-06-27T21:38:21.584+0000] {logging_mixin.py:188} INFO - [2024-06-27T21:38:21.583+0000] {dagbag.py:545} INFO - Filling up the DagBag from /home/ubuntu/venv/lib/python3.12/site-packages/airflow/example_dags/plugins/event_listener.py
[2024-06-27T21:38:21.586+0000] {processor.py:842} WARNING - No viable dags retrieved from /home/ubuntu/venv/lib/python3.12/site-packages/airflow/example_dags/plugins/event_listener.py
[2024-06-27T21:38:21.597+0000] {processor.py:183} INFO - Processing /home/ubuntu/venv/lib/python3.12/site-packages/airflow/example_dags/plugins/event_listener.py took 0.023 seconds
[2024-06-27T21:39:08.039+0000] {processor.py:161} INFO - Started process (PID=4507) to work on /home/ubuntu/venv/lib/python3.12/site-packages/airflow/example_dags/plugins/event_listener.py
[2024-06-27T21:39:08.041+0000] {processor.py:830} INFO - Processing file /home/ubuntu/venv/lib/python3.12/site-packages/airflow/example_dags/plugins/event_listener.py for tasks to queue
[2024-06-27T21:39:08.042+0000] {logging_mixin.py:188} INFO - [2024-06-27T21:39:08.041+0000] {dagbag.py:545} INFO - Filling up the DagBag from /home/ubuntu/venv/lib/python3.12/site-packages/airflow/example_dags/plugins/event_listener.py
[2024-06-27T21:39:08.044+0000] {processor.py:842} WARNING - No viable dags retrieved from /home/ubuntu/venv/lib/python3.12/site-packages/airflow/example_dags/plugins/event_listener.py
[2024-06-27T21:39:08.055+0000] {processor.py:183} INFO - Processing /home/ubuntu/venv/lib/python3.12/site-packages/airflow/example_dags/plugins/event_listener.py took 0.022 seconds
[2024-06-27T21:39:48.384+0000] {processor.py:161} INFO - Started process (PID=4550) to work on /home/ubuntu/venv/lib/python3.12/site-packages/airflow/example_dags/plugins/event_listener.py
[2024-06-27T21:39:48.386+0000] {processor.py:830} INFO - Processing file /home/ubuntu/venv/lib/python3.12/site-packages/airflow/example_dags/plugins/event_listener.py for tasks to queue
[2024-06-27T21:39:48.387+0000] {logging_mixin.py:188} INFO - [2024-06-27T21:39:48.386+0000] {dagbag.py:545} INFO - Filling up the DagBag from /home/ubuntu/venv/lib/python3.12/site-packages/airflow/example_dags/plugins/event_listener.py
[2024-06-27T21:39:48.389+0000] {processor.py:842} WARNING - No viable dags retrieved from /home/ubuntu/venv/lib/python3.12/site-packages/airflow/example_dags/plugins/event_listener.py
[2024-06-27T21:39:48.400+0000] {processor.py:183} INFO - Processing /home/ubuntu/venv/lib/python3.12/site-packages/airflow/example_dags/plugins/event_listener.py took 0.022 seconds
[2024-06-27T21:40:30.651+0000] {processor.py:161} INFO - Started process (PID=4596) to work on /home/ubuntu/venv/lib/python3.12/site-packages/airflow/example_dags/plugins/event_listener.py
[2024-06-27T21:40:30.653+0000] {processor.py:830} INFO - Processing file /home/ubuntu/venv/lib/python3.12/site-packages/airflow/example_dags/plugins/event_listener.py for tasks to queue
[2024-06-27T21:40:30.654+0000] {logging_mixin.py:188} INFO - [2024-06-27T21:40:30.653+0000] {dagbag.py:545} INFO - Filling up the DagBag from /home/ubuntu/venv/lib/python3.12/site-packages/airflow/example_dags/plugins/event_listener.py
[2024-06-27T21:40:30.656+0000] {processor.py:842} WARNING - No viable dags retrieved from /home/ubuntu/venv/lib/python3.12/site-packages/airflow/example_dags/plugins/event_listener.py
[2024-06-27T21:40:30.667+0000] {processor.py:183} INFO - Processing /home/ubuntu/venv/lib/python3.12/site-packages/airflow/example_dags/plugins/event_listener.py took 0.021 seconds
[2024-06-27T21:41:14.907+0000] {processor.py:161} INFO - Started process (PID=4641) to work on /home/ubuntu/venv/lib/python3.12/site-packages/airflow/example_dags/plugins/event_listener.py
[2024-06-27T21:41:14.909+0000] {processor.py:830} INFO - Processing file /home/ubuntu/venv/lib/python3.12/site-packages/airflow/example_dags/plugins/event_listener.py for tasks to queue
[2024-06-27T21:41:14.909+0000] {logging_mixin.py:188} INFO - [2024-06-27T21:41:14.909+0000] {dagbag.py:545} INFO - Filling up the DagBag from /home/ubuntu/venv/lib/python3.12/site-packages/airflow/example_dags/plugins/event_listener.py
[2024-06-27T21:41:14.912+0000] {processor.py:842} WARNING - No viable dags retrieved from /home/ubuntu/venv/lib/python3.12/site-packages/airflow/example_dags/plugins/event_listener.py
[2024-06-27T21:41:14.923+0000] {processor.py:183} INFO - Processing /home/ubuntu/venv/lib/python3.12/site-packages/airflow/example_dags/plugins/event_listener.py took 0.021 seconds
[2024-06-27T21:41:59.188+0000] {processor.py:161} INFO - Started process (PID=4687) to work on /home/ubuntu/venv/lib/python3.12/site-packages/airflow/example_dags/plugins/event_listener.py
[2024-06-27T21:41:59.190+0000] {processor.py:830} INFO - Processing file /home/ubuntu/venv/lib/python3.12/site-packages/airflow/example_dags/plugins/event_listener.py for tasks to queue
[2024-06-27T21:41:59.190+0000] {logging_mixin.py:188} INFO - [2024-06-27T21:41:59.190+0000] {dagbag.py:545} INFO - Filling up the DagBag from /home/ubuntu/venv/lib/python3.12/site-packages/airflow/example_dags/plugins/event_listener.py
[2024-06-27T21:41:59.193+0000] {processor.py:842} WARNING - No viable dags retrieved from /home/ubuntu/venv/lib/python3.12/site-packages/airflow/example_dags/plugins/event_listener.py
[2024-06-27T21:41:59.204+0000] {processor.py:183} INFO - Processing /home/ubuntu/venv/lib/python3.12/site-packages/airflow/example_dags/plugins/event_listener.py took 0.021 seconds
[2024-06-27T21:42:43.948+0000] {processor.py:161} INFO - Started process (PID=4733) to work on /home/ubuntu/venv/lib/python3.12/site-packages/airflow/example_dags/plugins/event_listener.py
[2024-06-27T21:42:43.949+0000] {processor.py:830} INFO - Processing file /home/ubuntu/venv/lib/python3.12/site-packages/airflow/example_dags/plugins/event_listener.py for tasks to queue
[2024-06-27T21:42:43.950+0000] {logging_mixin.py:188} INFO - [2024-06-27T21:42:43.950+0000] {dagbag.py:545} INFO - Filling up the DagBag from /home/ubuntu/venv/lib/python3.12/site-packages/airflow/example_dags/plugins/event_listener.py
[2024-06-27T21:42:43.952+0000] {processor.py:842} WARNING - No viable dags retrieved from /home/ubuntu/venv/lib/python3.12/site-packages/airflow/example_dags/plugins/event_listener.py
[2024-06-27T21:42:43.963+0000] {processor.py:183} INFO - Processing /home/ubuntu/venv/lib/python3.12/site-packages/airflow/example_dags/plugins/event_listener.py took 0.021 seconds
[2024-06-27T21:43:27.090+0000] {processor.py:161} INFO - Started process (PID=4776) to work on /home/ubuntu/venv/lib/python3.12/site-packages/airflow/example_dags/plugins/event_listener.py
[2024-06-27T21:43:27.092+0000] {processor.py:830} INFO - Processing file /home/ubuntu/venv/lib/python3.12/site-packages/airflow/example_dags/plugins/event_listener.py for tasks to queue
[2024-06-27T21:43:27.093+0000] {logging_mixin.py:188} INFO - [2024-06-27T21:43:27.092+0000] {dagbag.py:545} INFO - Filling up the DagBag from /home/ubuntu/venv/lib/python3.12/site-packages/airflow/example_dags/plugins/event_listener.py
[2024-06-27T21:43:27.095+0000] {processor.py:842} WARNING - No viable dags retrieved from /home/ubuntu/venv/lib/python3.12/site-packages/airflow/example_dags/plugins/event_listener.py
[2024-06-27T21:43:27.106+0000] {processor.py:183} INFO - Processing /home/ubuntu/venv/lib/python3.12/site-packages/airflow/example_dags/plugins/event_listener.py took 0.022 seconds
[2024-06-27T21:44:10.761+0000] {processor.py:161} INFO - Started process (PID=4822) to work on /home/ubuntu/venv/lib/python3.12/site-packages/airflow/example_dags/plugins/event_listener.py
[2024-06-27T21:44:10.762+0000] {processor.py:830} INFO - Processing file /home/ubuntu/venv/lib/python3.12/site-packages/airflow/example_dags/plugins/event_listener.py for tasks to queue
[2024-06-27T21:44:10.763+0000] {logging_mixin.py:188} INFO - [2024-06-27T21:44:10.763+0000] {dagbag.py:545} INFO - Filling up the DagBag from /home/ubuntu/venv/lib/python3.12/site-packages/airflow/example_dags/plugins/event_listener.py
[2024-06-27T21:44:10.765+0000] {processor.py:842} WARNING - No viable dags retrieved from /home/ubuntu/venv/lib/python3.12/site-packages/airflow/example_dags/plugins/event_listener.py
[2024-06-27T21:44:10.776+0000] {processor.py:183} INFO - Processing /home/ubuntu/venv/lib/python3.12/site-packages/airflow/example_dags/plugins/event_listener.py took 0.022 seconds
[2024-06-27T21:44:55.810+0000] {processor.py:161} INFO - Started process (PID=4910) to work on /home/ubuntu/venv/lib/python3.12/site-packages/airflow/example_dags/plugins/event_listener.py
[2024-06-27T21:44:55.812+0000] {processor.py:830} INFO - Processing file /home/ubuntu/venv/lib/python3.12/site-packages/airflow/example_dags/plugins/event_listener.py for tasks to queue
[2024-06-27T21:44:55.813+0000] {logging_mixin.py:188} INFO - [2024-06-27T21:44:55.812+0000] {dagbag.py:545} INFO - Filling up the DagBag from /home/ubuntu/venv/lib/python3.12/site-packages/airflow/example_dags/plugins/event_listener.py
[2024-06-27T21:44:55.815+0000] {processor.py:842} WARNING - No viable dags retrieved from /home/ubuntu/venv/lib/python3.12/site-packages/airflow/example_dags/plugins/event_listener.py
[2024-06-27T21:44:55.826+0000] {processor.py:183} INFO - Processing /home/ubuntu/venv/lib/python3.12/site-packages/airflow/example_dags/plugins/event_listener.py took 0.022 seconds
[2024-06-27T21:45:41.293+0000] {processor.py:161} INFO - Started process (PID=4961) to work on /home/ubuntu/venv/lib/python3.12/site-packages/airflow/example_dags/plugins/event_listener.py
[2024-06-27T21:45:41.294+0000] {processor.py:830} INFO - Processing file /home/ubuntu/venv/lib/python3.12/site-packages/airflow/example_dags/plugins/event_listener.py for tasks to queue
[2024-06-27T21:45:41.295+0000] {logging_mixin.py:188} INFO - [2024-06-27T21:45:41.294+0000] {dagbag.py:545} INFO - Filling up the DagBag from /home/ubuntu/venv/lib/python3.12/site-packages/airflow/example_dags/plugins/event_listener.py
[2024-06-27T21:45:41.297+0000] {processor.py:842} WARNING - No viable dags retrieved from /home/ubuntu/venv/lib/python3.12/site-packages/airflow/example_dags/plugins/event_listener.py
[2024-06-27T21:45:41.308+0000] {processor.py:183} INFO - Processing /home/ubuntu/venv/lib/python3.12/site-packages/airflow/example_dags/plugins/event_listener.py took 0.021 seconds
[2024-06-27T21:46:32.636+0000] {processor.py:161} INFO - Started process (PID=5008) to work on /home/ubuntu/venv/lib/python3.12/site-packages/airflow/example_dags/plugins/event_listener.py
[2024-06-27T21:46:32.637+0000] {processor.py:830} INFO - Processing file /home/ubuntu/venv/lib/python3.12/site-packages/airflow/example_dags/plugins/event_listener.py for tasks to queue
[2024-06-27T21:46:32.638+0000] {logging_mixin.py:188} INFO - [2024-06-27T21:46:32.638+0000] {dagbag.py:545} INFO - Filling up the DagBag from /home/ubuntu/venv/lib/python3.12/site-packages/airflow/example_dags/plugins/event_listener.py
[2024-06-27T21:46:32.641+0000] {processor.py:842} WARNING - No viable dags retrieved from /home/ubuntu/venv/lib/python3.12/site-packages/airflow/example_dags/plugins/event_listener.py
[2024-06-27T21:46:32.652+0000] {processor.py:183} INFO - Processing /home/ubuntu/venv/lib/python3.12/site-packages/airflow/example_dags/plugins/event_listener.py took 0.022 seconds
[2024-06-27T21:47:21.959+0000] {processor.py:161} INFO - Started process (PID=5056) to work on /home/ubuntu/venv/lib/python3.12/site-packages/airflow/example_dags/plugins/event_listener.py
[2024-06-27T21:47:21.960+0000] {processor.py:830} INFO - Processing file /home/ubuntu/venv/lib/python3.12/site-packages/airflow/example_dags/plugins/event_listener.py for tasks to queue
[2024-06-27T21:47:21.961+0000] {logging_mixin.py:188} INFO - [2024-06-27T21:47:21.961+0000] {dagbag.py:545} INFO - Filling up the DagBag from /home/ubuntu/venv/lib/python3.12/site-packages/airflow/example_dags/plugins/event_listener.py
[2024-06-27T21:47:21.964+0000] {processor.py:842} WARNING - No viable dags retrieved from /home/ubuntu/venv/lib/python3.12/site-packages/airflow/example_dags/plugins/event_listener.py
[2024-06-27T21:47:21.975+0000] {processor.py:183} INFO - Processing /home/ubuntu/venv/lib/python3.12/site-packages/airflow/example_dags/plugins/event_listener.py took 0.022 seconds
[2024-06-27T21:48:07.255+0000] {processor.py:161} INFO - Started process (PID=5217) to work on /home/ubuntu/venv/lib/python3.12/site-packages/airflow/example_dags/plugins/event_listener.py
[2024-06-27T21:48:07.257+0000] {processor.py:830} INFO - Processing file /home/ubuntu/venv/lib/python3.12/site-packages/airflow/example_dags/plugins/event_listener.py for tasks to queue
[2024-06-27T21:48:07.258+0000] {logging_mixin.py:188} INFO - [2024-06-27T21:48:07.257+0000] {dagbag.py:545} INFO - Filling up the DagBag from /home/ubuntu/venv/lib/python3.12/site-packages/airflow/example_dags/plugins/event_listener.py
[2024-06-27T21:48:07.261+0000] {processor.py:842} WARNING - No viable dags retrieved from /home/ubuntu/venv/lib/python3.12/site-packages/airflow/example_dags/plugins/event_listener.py
[2024-06-27T21:48:07.271+0000] {processor.py:183} INFO - Processing /home/ubuntu/venv/lib/python3.12/site-packages/airflow/example_dags/plugins/event_listener.py took 0.023 seconds
[2024-06-27T21:48:51.798+0000] {processor.py:161} INFO - Started process (PID=5276) to work on /home/ubuntu/venv/lib/python3.12/site-packages/airflow/example_dags/plugins/event_listener.py
[2024-06-27T21:48:51.799+0000] {processor.py:830} INFO - Processing file /home/ubuntu/venv/lib/python3.12/site-packages/airflow/example_dags/plugins/event_listener.py for tasks to queue
[2024-06-27T21:48:51.800+0000] {logging_mixin.py:188} INFO - [2024-06-27T21:48:51.799+0000] {dagbag.py:545} INFO - Filling up the DagBag from /home/ubuntu/venv/lib/python3.12/site-packages/airflow/example_dags/plugins/event_listener.py
[2024-06-27T21:48:51.803+0000] {processor.py:842} WARNING - No viable dags retrieved from /home/ubuntu/venv/lib/python3.12/site-packages/airflow/example_dags/plugins/event_listener.py
[2024-06-27T21:48:51.813+0000] {processor.py:183} INFO - Processing /home/ubuntu/venv/lib/python3.12/site-packages/airflow/example_dags/plugins/event_listener.py took 0.023 seconds
[2024-06-27T21:49:32.255+0000] {processor.py:161} INFO - Started process (PID=5319) to work on /home/ubuntu/venv/lib/python3.12/site-packages/airflow/example_dags/plugins/event_listener.py
[2024-06-27T21:49:32.257+0000] {processor.py:830} INFO - Processing file /home/ubuntu/venv/lib/python3.12/site-packages/airflow/example_dags/plugins/event_listener.py for tasks to queue
[2024-06-27T21:49:32.258+0000] {logging_mixin.py:188} INFO - [2024-06-27T21:49:32.257+0000] {dagbag.py:545} INFO - Filling up the DagBag from /home/ubuntu/venv/lib/python3.12/site-packages/airflow/example_dags/plugins/event_listener.py
[2024-06-27T21:49:32.260+0000] {processor.py:842} WARNING - No viable dags retrieved from /home/ubuntu/venv/lib/python3.12/site-packages/airflow/example_dags/plugins/event_listener.py
[2024-06-27T21:49:32.271+0000] {processor.py:183} INFO - Processing /home/ubuntu/venv/lib/python3.12/site-packages/airflow/example_dags/plugins/event_listener.py took 0.023 seconds
