[2024-06-27T21:19:24.344+0000] {processor.py:161} INFO - Started process (PID=2923) to work on /home/ubuntu/venv/lib/python3.12/site-packages/airflow/example_dags/plugins/workday.py
[2024-06-27T21:19:24.345+0000] {processor.py:830} INFO - Processing file /home/ubuntu/venv/lib/python3.12/site-packages/airflow/example_dags/plugins/workday.py for tasks to queue
[2024-06-27T21:19:24.347+0000] {logging_mixin.py:188} INFO - [2024-06-27T21:19:24.346+0000] {dagbag.py:545} INFO - Filling up the DagBag from /home/ubuntu/venv/lib/python3.12/site-packages/airflow/example_dags/plugins/workday.py
[2024-06-27T21:19:24.350+0000] {logging_mixin.py:188} INFO - [2024-06-27T21:19:24.349+0000] {workday.py:41} WARNING - Could not import pandas. Holidays will not be considered.
[2024-06-27T21:19:24.350+0000] {processor.py:842} WARNING - No viable dags retrieved from /home/ubuntu/venv/lib/python3.12/site-packages/airflow/example_dags/plugins/workday.py
[2024-06-27T21:19:24.361+0000] {processor.py:183} INFO - Processing /home/ubuntu/venv/lib/python3.12/site-packages/airflow/example_dags/plugins/workday.py took 0.022 seconds
[2024-06-27T21:20:25.286+0000] {processor.py:161} INFO - Started process (PID=2987) to work on /home/ubuntu/venv/lib/python3.12/site-packages/airflow/example_dags/plugins/workday.py
[2024-06-27T21:20:25.287+0000] {processor.py:830} INFO - Processing file /home/ubuntu/venv/lib/python3.12/site-packages/airflow/example_dags/plugins/workday.py for tasks to queue
[2024-06-27T21:20:25.289+0000] {logging_mixin.py:188} INFO - [2024-06-27T21:20:25.289+0000] {dagbag.py:545} INFO - Filling up the DagBag from /home/ubuntu/venv/lib/python3.12/site-packages/airflow/example_dags/plugins/workday.py
[2024-06-27T21:20:25.292+0000] {logging_mixin.py:188} INFO - [2024-06-27T21:20:25.292+0000] {workday.py:41} WARNING - Could not import pandas. Holidays will not be considered.
[2024-06-27T21:20:25.292+0000] {processor.py:842} WARNING - No viable dags retrieved from /home/ubuntu/venv/lib/python3.12/site-packages/airflow/example_dags/plugins/workday.py
[2024-06-27T21:20:25.303+0000] {processor.py:183} INFO - Processing /home/ubuntu/venv/lib/python3.12/site-packages/airflow/example_dags/plugins/workday.py took 0.023 seconds
[2024-06-27T21:21:10.465+0000] {processor.py:161} INFO - Started process (PID=3316) to work on /home/ubuntu/venv/lib/python3.12/site-packages/airflow/example_dags/plugins/workday.py
[2024-06-27T21:21:10.467+0000] {processor.py:830} INFO - Processing file /home/ubuntu/venv/lib/python3.12/site-packages/airflow/example_dags/plugins/workday.py for tasks to queue
[2024-06-27T21:21:10.469+0000] {logging_mixin.py:188} INFO - [2024-06-27T21:21:10.468+0000] {dagbag.py:545} INFO - Filling up the DagBag from /home/ubuntu/venv/lib/python3.12/site-packages/airflow/example_dags/plugins/workday.py
[2024-06-27T21:21:10.472+0000] {logging_mixin.py:188} INFO - [2024-06-27T21:21:10.471+0000] {workday.py:41} WARNING - Could not import pandas. Holidays will not be considered.
[2024-06-27T21:21:10.472+0000] {processor.py:842} WARNING - No viable dags retrieved from /home/ubuntu/venv/lib/python3.12/site-packages/airflow/example_dags/plugins/workday.py
[2024-06-27T21:21:10.483+0000] {processor.py:183} INFO - Processing /home/ubuntu/venv/lib/python3.12/site-packages/airflow/example_dags/plugins/workday.py took 0.024 seconds
[2024-06-27T21:21:51.722+0000] {processor.py:161} INFO - Started process (PID=3361) to work on /home/ubuntu/venv/lib/python3.12/site-packages/airflow/example_dags/plugins/workday.py
[2024-06-27T21:21:51.723+0000] {processor.py:830} INFO - Processing file /home/ubuntu/venv/lib/python3.12/site-packages/airflow/example_dags/plugins/workday.py for tasks to queue
[2024-06-27T21:21:51.725+0000] {logging_mixin.py:188} INFO - [2024-06-27T21:21:51.725+0000] {dagbag.py:545} INFO - Filling up the DagBag from /home/ubuntu/venv/lib/python3.12/site-packages/airflow/example_dags/plugins/workday.py
[2024-06-27T21:21:51.728+0000] {logging_mixin.py:188} INFO - [2024-06-27T21:21:51.728+0000] {workday.py:41} WARNING - Could not import pandas. Holidays will not be considered.
[2024-06-27T21:21:51.729+0000] {processor.py:842} WARNING - No viable dags retrieved from /home/ubuntu/venv/lib/python3.12/site-packages/airflow/example_dags/plugins/workday.py
[2024-06-27T21:21:51.740+0000] {processor.py:183} INFO - Processing /home/ubuntu/venv/lib/python3.12/site-packages/airflow/example_dags/plugins/workday.py took 0.023 seconds
[2024-06-27T21:22:30.703+0000] {processor.py:161} INFO - Started process (PID=3414) to work on /home/ubuntu/venv/lib/python3.12/site-packages/airflow/example_dags/plugins/workday.py
[2024-06-27T21:22:30.704+0000] {processor.py:830} INFO - Processing file /home/ubuntu/venv/lib/python3.12/site-packages/airflow/example_dags/plugins/workday.py for tasks to queue
[2024-06-27T21:22:30.706+0000] {logging_mixin.py:188} INFO - [2024-06-27T21:22:30.706+0000] {dagbag.py:545} INFO - Filling up the DagBag from /home/ubuntu/venv/lib/python3.12/site-packages/airflow/example_dags/plugins/workday.py
[2024-06-27T21:22:30.709+0000] {logging_mixin.py:188} INFO - [2024-06-27T21:22:30.709+0000] {workday.py:41} WARNING - Could not import pandas. Holidays will not be considered.
[2024-06-27T21:22:30.709+0000] {processor.py:842} WARNING - No viable dags retrieved from /home/ubuntu/venv/lib/python3.12/site-packages/airflow/example_dags/plugins/workday.py
[2024-06-27T21:22:30.720+0000] {processor.py:183} INFO - Processing /home/ubuntu/venv/lib/python3.12/site-packages/airflow/example_dags/plugins/workday.py took 0.023 seconds
[2024-06-27T21:23:10.657+0000] {processor.py:161} INFO - Started process (PID=3456) to work on /home/ubuntu/venv/lib/python3.12/site-packages/airflow/example_dags/plugins/workday.py
[2024-06-27T21:23:10.659+0000] {processor.py:830} INFO - Processing file /home/ubuntu/venv/lib/python3.12/site-packages/airflow/example_dags/plugins/workday.py for tasks to queue
[2024-06-27T21:23:10.660+0000] {logging_mixin.py:188} INFO - [2024-06-27T21:23:10.660+0000] {dagbag.py:545} INFO - Filling up the DagBag from /home/ubuntu/venv/lib/python3.12/site-packages/airflow/example_dags/plugins/workday.py
[2024-06-27T21:23:10.663+0000] {logging_mixin.py:188} INFO - [2024-06-27T21:23:10.663+0000] {workday.py:41} WARNING - Could not import pandas. Holidays will not be considered.
[2024-06-27T21:23:10.664+0000] {processor.py:842} WARNING - No viable dags retrieved from /home/ubuntu/venv/lib/python3.12/site-packages/airflow/example_dags/plugins/workday.py
[2024-06-27T21:23:10.675+0000] {processor.py:183} INFO - Processing /home/ubuntu/venv/lib/python3.12/site-packages/airflow/example_dags/plugins/workday.py took 0.024 seconds
[2024-06-27T21:23:49.163+0000] {processor.py:161} INFO - Started process (PID=3500) to work on /home/ubuntu/venv/lib/python3.12/site-packages/airflow/example_dags/plugins/workday.py
[2024-06-27T21:23:49.164+0000] {processor.py:830} INFO - Processing file /home/ubuntu/venv/lib/python3.12/site-packages/airflow/example_dags/plugins/workday.py for tasks to queue
[2024-06-27T21:23:49.166+0000] {logging_mixin.py:188} INFO - [2024-06-27T21:23:49.165+0000] {dagbag.py:545} INFO - Filling up the DagBag from /home/ubuntu/venv/lib/python3.12/site-packages/airflow/example_dags/plugins/workday.py
[2024-06-27T21:23:49.169+0000] {logging_mixin.py:188} INFO - [2024-06-27T21:23:49.169+0000] {workday.py:41} WARNING - Could not import pandas. Holidays will not be considered.
[2024-06-27T21:23:49.169+0000] {processor.py:842} WARNING - No viable dags retrieved from /home/ubuntu/venv/lib/python3.12/site-packages/airflow/example_dags/plugins/workday.py
[2024-06-27T21:23:49.181+0000] {processor.py:183} INFO - Processing /home/ubuntu/venv/lib/python3.12/site-packages/airflow/example_dags/plugins/workday.py took 0.024 seconds
[2024-06-27T21:24:27.904+0000] {processor.py:161} INFO - Started process (PID=3542) to work on /home/ubuntu/venv/lib/python3.12/site-packages/airflow/example_dags/plugins/workday.py
[2024-06-27T21:24:27.907+0000] {processor.py:830} INFO - Processing file /home/ubuntu/venv/lib/python3.12/site-packages/airflow/example_dags/plugins/workday.py for tasks to queue
[2024-06-27T21:24:27.908+0000] {logging_mixin.py:188} INFO - [2024-06-27T21:24:27.907+0000] {dagbag.py:545} INFO - Filling up the DagBag from /home/ubuntu/venv/lib/python3.12/site-packages/airflow/example_dags/plugins/workday.py
[2024-06-27T21:24:27.910+0000] {logging_mixin.py:188} INFO - [2024-06-27T21:24:27.910+0000] {workday.py:41} WARNING - Could not import pandas. Holidays will not be considered.
[2024-06-27T21:24:27.911+0000] {processor.py:842} WARNING - No viable dags retrieved from /home/ubuntu/venv/lib/python3.12/site-packages/airflow/example_dags/plugins/workday.py
[2024-06-27T21:24:27.922+0000] {processor.py:183} INFO - Processing /home/ubuntu/venv/lib/python3.12/site-packages/airflow/example_dags/plugins/workday.py took 0.023 seconds
[2024-06-27T21:25:11.889+0000] {processor.py:161} INFO - Started process (PID=3592) to work on /home/ubuntu/venv/lib/python3.12/site-packages/airflow/example_dags/plugins/workday.py
[2024-06-27T21:25:11.890+0000] {processor.py:830} INFO - Processing file /home/ubuntu/venv/lib/python3.12/site-packages/airflow/example_dags/plugins/workday.py for tasks to queue
[2024-06-27T21:25:11.891+0000] {logging_mixin.py:188} INFO - [2024-06-27T21:25:11.891+0000] {dagbag.py:545} INFO - Filling up the DagBag from /home/ubuntu/venv/lib/python3.12/site-packages/airflow/example_dags/plugins/workday.py
[2024-06-27T21:25:11.894+0000] {logging_mixin.py:188} INFO - [2024-06-27T21:25:11.894+0000] {workday.py:41} WARNING - Could not import pandas. Holidays will not be considered.
[2024-06-27T21:25:11.895+0000] {processor.py:842} WARNING - No viable dags retrieved from /home/ubuntu/venv/lib/python3.12/site-packages/airflow/example_dags/plugins/workday.py
[2024-06-27T21:25:11.905+0000] {processor.py:183} INFO - Processing /home/ubuntu/venv/lib/python3.12/site-packages/airflow/example_dags/plugins/workday.py took 0.023 seconds
[2024-06-27T21:25:53.886+0000] {processor.py:161} INFO - Started process (PID=3637) to work on /home/ubuntu/venv/lib/python3.12/site-packages/airflow/example_dags/plugins/workday.py
[2024-06-27T21:25:53.888+0000] {processor.py:830} INFO - Processing file /home/ubuntu/venv/lib/python3.12/site-packages/airflow/example_dags/plugins/workday.py for tasks to queue
[2024-06-27T21:25:53.889+0000] {logging_mixin.py:188} INFO - [2024-06-27T21:25:53.888+0000] {dagbag.py:545} INFO - Filling up the DagBag from /home/ubuntu/venv/lib/python3.12/site-packages/airflow/example_dags/plugins/workday.py
[2024-06-27T21:25:53.892+0000] {logging_mixin.py:188} INFO - [2024-06-27T21:25:53.891+0000] {workday.py:41} WARNING - Could not import pandas. Holidays will not be considered.
[2024-06-27T21:25:53.892+0000] {processor.py:842} WARNING - No viable dags retrieved from /home/ubuntu/venv/lib/python3.12/site-packages/airflow/example_dags/plugins/workday.py
[2024-06-27T21:25:53.903+0000] {processor.py:183} INFO - Processing /home/ubuntu/venv/lib/python3.12/site-packages/airflow/example_dags/plugins/workday.py took 0.022 seconds
[2024-06-27T21:26:36.744+0000] {processor.py:161} INFO - Started process (PID=3681) to work on /home/ubuntu/venv/lib/python3.12/site-packages/airflow/example_dags/plugins/workday.py
[2024-06-27T21:26:36.746+0000] {processor.py:830} INFO - Processing file /home/ubuntu/venv/lib/python3.12/site-packages/airflow/example_dags/plugins/workday.py for tasks to queue
[2024-06-27T21:26:36.747+0000] {logging_mixin.py:188} INFO - [2024-06-27T21:26:36.746+0000] {dagbag.py:545} INFO - Filling up the DagBag from /home/ubuntu/venv/lib/python3.12/site-packages/airflow/example_dags/plugins/workday.py
[2024-06-27T21:26:36.750+0000] {logging_mixin.py:188} INFO - [2024-06-27T21:26:36.750+0000] {workday.py:41} WARNING - Could not import pandas. Holidays will not be considered.
[2024-06-27T21:26:36.750+0000] {processor.py:842} WARNING - No viable dags retrieved from /home/ubuntu/venv/lib/python3.12/site-packages/airflow/example_dags/plugins/workday.py
[2024-06-27T21:26:36.761+0000] {processor.py:183} INFO - Processing /home/ubuntu/venv/lib/python3.12/site-packages/airflow/example_dags/plugins/workday.py took 0.023 seconds
[2024-06-27T21:27:21.403+0000] {processor.py:161} INFO - Started process (PID=3727) to work on /home/ubuntu/venv/lib/python3.12/site-packages/airflow/example_dags/plugins/workday.py
[2024-06-27T21:27:21.405+0000] {processor.py:830} INFO - Processing file /home/ubuntu/venv/lib/python3.12/site-packages/airflow/example_dags/plugins/workday.py for tasks to queue
[2024-06-27T21:27:21.406+0000] {logging_mixin.py:188} INFO - [2024-06-27T21:27:21.405+0000] {dagbag.py:545} INFO - Filling up the DagBag from /home/ubuntu/venv/lib/python3.12/site-packages/airflow/example_dags/plugins/workday.py
[2024-06-27T21:27:21.408+0000] {logging_mixin.py:188} INFO - [2024-06-27T21:27:21.408+0000] {workday.py:41} WARNING - Could not import pandas. Holidays will not be considered.
[2024-06-27T21:27:21.409+0000] {processor.py:842} WARNING - No viable dags retrieved from /home/ubuntu/venv/lib/python3.12/site-packages/airflow/example_dags/plugins/workday.py
[2024-06-27T21:27:21.420+0000] {processor.py:183} INFO - Processing /home/ubuntu/venv/lib/python3.12/site-packages/airflow/example_dags/plugins/workday.py took 0.023 seconds
[2024-06-27T21:27:59.984+0000] {processor.py:161} INFO - Started process (PID=3768) to work on /home/ubuntu/venv/lib/python3.12/site-packages/airflow/example_dags/plugins/workday.py
[2024-06-27T21:27:59.985+0000] {processor.py:830} INFO - Processing file /home/ubuntu/venv/lib/python3.12/site-packages/airflow/example_dags/plugins/workday.py for tasks to queue
[2024-06-27T21:27:59.986+0000] {logging_mixin.py:188} INFO - [2024-06-27T21:27:59.986+0000] {dagbag.py:545} INFO - Filling up the DagBag from /home/ubuntu/venv/lib/python3.12/site-packages/airflow/example_dags/plugins/workday.py
[2024-06-27T21:27:59.989+0000] {logging_mixin.py:188} INFO - [2024-06-27T21:27:59.989+0000] {workday.py:41} WARNING - Could not import pandas. Holidays will not be considered.
[2024-06-27T21:27:59.990+0000] {processor.py:842} WARNING - No viable dags retrieved from /home/ubuntu/venv/lib/python3.12/site-packages/airflow/example_dags/plugins/workday.py
[2024-06-27T21:28:00.001+0000] {processor.py:183} INFO - Processing /home/ubuntu/venv/lib/python3.12/site-packages/airflow/example_dags/plugins/workday.py took 0.023 seconds
[2024-06-27T21:28:36.697+0000] {processor.py:161} INFO - Started process (PID=3819) to work on /home/ubuntu/venv/lib/python3.12/site-packages/airflow/example_dags/plugins/workday.py
[2024-06-27T21:28:36.699+0000] {processor.py:830} INFO - Processing file /home/ubuntu/venv/lib/python3.12/site-packages/airflow/example_dags/plugins/workday.py for tasks to queue
[2024-06-27T21:28:36.700+0000] {logging_mixin.py:188} INFO - [2024-06-27T21:28:36.699+0000] {dagbag.py:545} INFO - Filling up the DagBag from /home/ubuntu/venv/lib/python3.12/site-packages/airflow/example_dags/plugins/workday.py
[2024-06-27T21:28:36.703+0000] {logging_mixin.py:188} INFO - [2024-06-27T21:28:36.703+0000] {workday.py:41} WARNING - Could not import pandas. Holidays will not be considered.
[2024-06-27T21:28:36.703+0000] {processor.py:842} WARNING - No viable dags retrieved from /home/ubuntu/venv/lib/python3.12/site-packages/airflow/example_dags/plugins/workday.py
[2024-06-27T21:28:36.714+0000] {processor.py:183} INFO - Processing /home/ubuntu/venv/lib/python3.12/site-packages/airflow/example_dags/plugins/workday.py took 0.023 seconds
[2024-06-27T21:29:14.745+0000] {processor.py:161} INFO - Started process (PID=3865) to work on /home/ubuntu/venv/lib/python3.12/site-packages/airflow/example_dags/plugins/workday.py
[2024-06-27T21:29:14.746+0000] {processor.py:830} INFO - Processing file /home/ubuntu/venv/lib/python3.12/site-packages/airflow/example_dags/plugins/workday.py for tasks to queue
[2024-06-27T21:29:14.747+0000] {logging_mixin.py:188} INFO - [2024-06-27T21:29:14.747+0000] {dagbag.py:545} INFO - Filling up the DagBag from /home/ubuntu/venv/lib/python3.12/site-packages/airflow/example_dags/plugins/workday.py
[2024-06-27T21:29:14.750+0000] {logging_mixin.py:188} INFO - [2024-06-27T21:29:14.750+0000] {workday.py:41} WARNING - Could not import pandas. Holidays will not be considered.
[2024-06-27T21:29:14.750+0000] {processor.py:842} WARNING - No viable dags retrieved from /home/ubuntu/venv/lib/python3.12/site-packages/airflow/example_dags/plugins/workday.py
[2024-06-27T21:29:14.761+0000] {processor.py:183} INFO - Processing /home/ubuntu/venv/lib/python3.12/site-packages/airflow/example_dags/plugins/workday.py took 0.023 seconds
[2024-06-27T21:29:59.112+0000] {processor.py:161} INFO - Started process (PID=3914) to work on /home/ubuntu/venv/lib/python3.12/site-packages/airflow/example_dags/plugins/workday.py
[2024-06-27T21:29:59.114+0000] {processor.py:830} INFO - Processing file /home/ubuntu/venv/lib/python3.12/site-packages/airflow/example_dags/plugins/workday.py for tasks to queue
[2024-06-27T21:29:59.115+0000] {logging_mixin.py:188} INFO - [2024-06-27T21:29:59.114+0000] {dagbag.py:545} INFO - Filling up the DagBag from /home/ubuntu/venv/lib/python3.12/site-packages/airflow/example_dags/plugins/workday.py
[2024-06-27T21:29:59.118+0000] {logging_mixin.py:188} INFO - [2024-06-27T21:29:59.117+0000] {workday.py:41} WARNING - Could not import pandas. Holidays will not be considered.
[2024-06-27T21:29:59.118+0000] {processor.py:842} WARNING - No viable dags retrieved from /home/ubuntu/venv/lib/python3.12/site-packages/airflow/example_dags/plugins/workday.py
[2024-06-27T21:29:59.129+0000] {processor.py:183} INFO - Processing /home/ubuntu/venv/lib/python3.12/site-packages/airflow/example_dags/plugins/workday.py took 0.022 seconds
[2024-06-27T21:30:42.353+0000] {processor.py:161} INFO - Started process (PID=3968) to work on /home/ubuntu/venv/lib/python3.12/site-packages/airflow/example_dags/plugins/workday.py
[2024-06-27T21:30:42.354+0000] {processor.py:830} INFO - Processing file /home/ubuntu/venv/lib/python3.12/site-packages/airflow/example_dags/plugins/workday.py for tasks to queue
[2024-06-27T21:30:42.355+0000] {logging_mixin.py:188} INFO - [2024-06-27T21:30:42.355+0000] {dagbag.py:545} INFO - Filling up the DagBag from /home/ubuntu/venv/lib/python3.12/site-packages/airflow/example_dags/plugins/workday.py
[2024-06-27T21:30:42.358+0000] {logging_mixin.py:188} INFO - [2024-06-27T21:30:42.358+0000] {workday.py:41} WARNING - Could not import pandas. Holidays will not be considered.
[2024-06-27T21:30:42.358+0000] {processor.py:842} WARNING - No viable dags retrieved from /home/ubuntu/venv/lib/python3.12/site-packages/airflow/example_dags/plugins/workday.py
[2024-06-27T21:30:42.369+0000] {processor.py:183} INFO - Processing /home/ubuntu/venv/lib/python3.12/site-packages/airflow/example_dags/plugins/workday.py took 0.023 seconds
[2024-06-27T21:31:23.830+0000] {processor.py:161} INFO - Started process (PID=4010) to work on /home/ubuntu/venv/lib/python3.12/site-packages/airflow/example_dags/plugins/workday.py
[2024-06-27T21:31:23.832+0000] {processor.py:830} INFO - Processing file /home/ubuntu/venv/lib/python3.12/site-packages/airflow/example_dags/plugins/workday.py for tasks to queue
[2024-06-27T21:31:23.832+0000] {logging_mixin.py:188} INFO - [2024-06-27T21:31:23.832+0000] {dagbag.py:545} INFO - Filling up the DagBag from /home/ubuntu/venv/lib/python3.12/site-packages/airflow/example_dags/plugins/workday.py
[2024-06-27T21:31:23.835+0000] {logging_mixin.py:188} INFO - [2024-06-27T21:31:23.835+0000] {workday.py:41} WARNING - Could not import pandas. Holidays will not be considered.
[2024-06-27T21:31:23.836+0000] {processor.py:842} WARNING - No viable dags retrieved from /home/ubuntu/venv/lib/python3.12/site-packages/airflow/example_dags/plugins/workday.py
[2024-06-27T21:31:23.847+0000] {processor.py:183} INFO - Processing /home/ubuntu/venv/lib/python3.12/site-packages/airflow/example_dags/plugins/workday.py took 0.023 seconds
[2024-06-27T21:32:08.516+0000] {processor.py:161} INFO - Started process (PID=4055) to work on /home/ubuntu/venv/lib/python3.12/site-packages/airflow/example_dags/plugins/workday.py
[2024-06-27T21:32:08.517+0000] {processor.py:830} INFO - Processing file /home/ubuntu/venv/lib/python3.12/site-packages/airflow/example_dags/plugins/workday.py for tasks to queue
[2024-06-27T21:32:08.518+0000] {logging_mixin.py:188} INFO - [2024-06-27T21:32:08.518+0000] {dagbag.py:545} INFO - Filling up the DagBag from /home/ubuntu/venv/lib/python3.12/site-packages/airflow/example_dags/plugins/workday.py
[2024-06-27T21:32:08.521+0000] {logging_mixin.py:188} INFO - [2024-06-27T21:32:08.521+0000] {workday.py:41} WARNING - Could not import pandas. Holidays will not be considered.
[2024-06-27T21:32:08.521+0000] {processor.py:842} WARNING - No viable dags retrieved from /home/ubuntu/venv/lib/python3.12/site-packages/airflow/example_dags/plugins/workday.py
[2024-06-27T21:32:08.532+0000] {processor.py:183} INFO - Processing /home/ubuntu/venv/lib/python3.12/site-packages/airflow/example_dags/plugins/workday.py took 0.022 seconds
[2024-06-27T21:33:07.315+0000] {processor.py:161} INFO - Started process (PID=4126) to work on /home/ubuntu/venv/lib/python3.12/site-packages/airflow/example_dags/plugins/workday.py
[2024-06-27T21:33:07.316+0000] {processor.py:830} INFO - Processing file /home/ubuntu/venv/lib/python3.12/site-packages/airflow/example_dags/plugins/workday.py for tasks to queue
[2024-06-27T21:33:07.317+0000] {logging_mixin.py:188} INFO - [2024-06-27T21:33:07.317+0000] {dagbag.py:545} INFO - Filling up the DagBag from /home/ubuntu/venv/lib/python3.12/site-packages/airflow/example_dags/plugins/workday.py
[2024-06-27T21:33:07.320+0000] {logging_mixin.py:188} INFO - [2024-06-27T21:33:07.320+0000] {workday.py:41} WARNING - Could not import pandas. Holidays will not be considered.
[2024-06-27T21:33:07.320+0000] {processor.py:842} WARNING - No viable dags retrieved from /home/ubuntu/venv/lib/python3.12/site-packages/airflow/example_dags/plugins/workday.py
[2024-06-27T21:33:07.331+0000] {processor.py:183} INFO - Processing /home/ubuntu/venv/lib/python3.12/site-packages/airflow/example_dags/plugins/workday.py took 0.022 seconds
[2024-06-27T21:33:53.692+0000] {processor.py:161} INFO - Started process (PID=4177) to work on /home/ubuntu/venv/lib/python3.12/site-packages/airflow/example_dags/plugins/workday.py
[2024-06-27T21:33:53.694+0000] {processor.py:830} INFO - Processing file /home/ubuntu/venv/lib/python3.12/site-packages/airflow/example_dags/plugins/workday.py for tasks to queue
[2024-06-27T21:33:53.695+0000] {logging_mixin.py:188} INFO - [2024-06-27T21:33:53.694+0000] {dagbag.py:545} INFO - Filling up the DagBag from /home/ubuntu/venv/lib/python3.12/site-packages/airflow/example_dags/plugins/workday.py
[2024-06-27T21:33:53.697+0000] {logging_mixin.py:188} INFO - [2024-06-27T21:33:53.697+0000] {workday.py:41} WARNING - Could not import pandas. Holidays will not be considered.
[2024-06-27T21:33:53.698+0000] {processor.py:842} WARNING - No viable dags retrieved from /home/ubuntu/venv/lib/python3.12/site-packages/airflow/example_dags/plugins/workday.py
[2024-06-27T21:33:53.709+0000] {processor.py:183} INFO - Processing /home/ubuntu/venv/lib/python3.12/site-packages/airflow/example_dags/plugins/workday.py took 0.023 seconds
[2024-06-27T21:34:37.158+0000] {processor.py:161} INFO - Started process (PID=4223) to work on /home/ubuntu/venv/lib/python3.12/site-packages/airflow/example_dags/plugins/workday.py
[2024-06-27T21:34:37.159+0000] {processor.py:830} INFO - Processing file /home/ubuntu/venv/lib/python3.12/site-packages/airflow/example_dags/plugins/workday.py for tasks to queue
[2024-06-27T21:34:37.160+0000] {logging_mixin.py:188} INFO - [2024-06-27T21:34:37.160+0000] {dagbag.py:545} INFO - Filling up the DagBag from /home/ubuntu/venv/lib/python3.12/site-packages/airflow/example_dags/plugins/workday.py
[2024-06-27T21:34:37.163+0000] {logging_mixin.py:188} INFO - [2024-06-27T21:34:37.163+0000] {workday.py:41} WARNING - Could not import pandas. Holidays will not be considered.
[2024-06-27T21:34:37.164+0000] {processor.py:842} WARNING - No viable dags retrieved from /home/ubuntu/venv/lib/python3.12/site-packages/airflow/example_dags/plugins/workday.py
[2024-06-27T21:34:37.174+0000] {processor.py:183} INFO - Processing /home/ubuntu/venv/lib/python3.12/site-packages/airflow/example_dags/plugins/workday.py took 0.022 seconds
[2024-06-27T21:35:19.588+0000] {processor.py:161} INFO - Started process (PID=4270) to work on /home/ubuntu/venv/lib/python3.12/site-packages/airflow/example_dags/plugins/workday.py
[2024-06-27T21:35:19.589+0000] {processor.py:830} INFO - Processing file /home/ubuntu/venv/lib/python3.12/site-packages/airflow/example_dags/plugins/workday.py for tasks to queue
[2024-06-27T21:35:19.590+0000] {logging_mixin.py:188} INFO - [2024-06-27T21:35:19.590+0000] {dagbag.py:545} INFO - Filling up the DagBag from /home/ubuntu/venv/lib/python3.12/site-packages/airflow/example_dags/plugins/workday.py
[2024-06-27T21:35:19.593+0000] {logging_mixin.py:188} INFO - [2024-06-27T21:35:19.593+0000] {workday.py:41} WARNING - Could not import pandas. Holidays will not be considered.
[2024-06-27T21:35:19.594+0000] {processor.py:842} WARNING - No viable dags retrieved from /home/ubuntu/venv/lib/python3.12/site-packages/airflow/example_dags/plugins/workday.py
[2024-06-27T21:35:19.604+0000] {processor.py:183} INFO - Processing /home/ubuntu/venv/lib/python3.12/site-packages/airflow/example_dags/plugins/workday.py took 0.022 seconds
[2024-06-27T21:36:01.112+0000] {processor.py:161} INFO - Started process (PID=4315) to work on /home/ubuntu/venv/lib/python3.12/site-packages/airflow/example_dags/plugins/workday.py
[2024-06-27T21:36:01.116+0000] {processor.py:830} INFO - Processing file /home/ubuntu/venv/lib/python3.12/site-packages/airflow/example_dags/plugins/workday.py for tasks to queue
[2024-06-27T21:36:01.117+0000] {logging_mixin.py:188} INFO - [2024-06-27T21:36:01.116+0000] {dagbag.py:545} INFO - Filling up the DagBag from /home/ubuntu/venv/lib/python3.12/site-packages/airflow/example_dags/plugins/workday.py
[2024-06-27T21:36:01.120+0000] {logging_mixin.py:188} INFO - [2024-06-27T21:36:01.119+0000] {workday.py:41} WARNING - Could not import pandas. Holidays will not be considered.
[2024-06-27T21:36:01.120+0000] {processor.py:842} WARNING - No viable dags retrieved from /home/ubuntu/venv/lib/python3.12/site-packages/airflow/example_dags/plugins/workday.py
[2024-06-27T21:36:01.131+0000] {processor.py:183} INFO - Processing /home/ubuntu/venv/lib/python3.12/site-packages/airflow/example_dags/plugins/workday.py took 0.025 seconds
[2024-06-27T21:36:44.790+0000] {processor.py:161} INFO - Started process (PID=4358) to work on /home/ubuntu/venv/lib/python3.12/site-packages/airflow/example_dags/plugins/workday.py
[2024-06-27T21:36:44.791+0000] {processor.py:830} INFO - Processing file /home/ubuntu/venv/lib/python3.12/site-packages/airflow/example_dags/plugins/workday.py for tasks to queue
[2024-06-27T21:36:44.792+0000] {logging_mixin.py:188} INFO - [2024-06-27T21:36:44.792+0000] {dagbag.py:545} INFO - Filling up the DagBag from /home/ubuntu/venv/lib/python3.12/site-packages/airflow/example_dags/plugins/workday.py
[2024-06-27T21:36:44.795+0000] {logging_mixin.py:188} INFO - [2024-06-27T21:36:44.795+0000] {workday.py:41} WARNING - Could not import pandas. Holidays will not be considered.
[2024-06-27T21:36:44.796+0000] {processor.py:842} WARNING - No viable dags retrieved from /home/ubuntu/venv/lib/python3.12/site-packages/airflow/example_dags/plugins/workday.py
[2024-06-27T21:36:44.806+0000] {processor.py:183} INFO - Processing /home/ubuntu/venv/lib/python3.12/site-packages/airflow/example_dags/plugins/workday.py took 0.022 seconds
[2024-06-27T21:37:27.267+0000] {processor.py:161} INFO - Started process (PID=4402) to work on /home/ubuntu/venv/lib/python3.12/site-packages/airflow/example_dags/plugins/workday.py
[2024-06-27T21:37:27.268+0000] {processor.py:830} INFO - Processing file /home/ubuntu/venv/lib/python3.12/site-packages/airflow/example_dags/plugins/workday.py for tasks to queue
[2024-06-27T21:37:27.269+0000] {logging_mixin.py:188} INFO - [2024-06-27T21:37:27.268+0000] {dagbag.py:545} INFO - Filling up the DagBag from /home/ubuntu/venv/lib/python3.12/site-packages/airflow/example_dags/plugins/workday.py
[2024-06-27T21:37:27.272+0000] {logging_mixin.py:188} INFO - [2024-06-27T21:37:27.272+0000] {workday.py:41} WARNING - Could not import pandas. Holidays will not be considered.
[2024-06-27T21:37:27.272+0000] {processor.py:842} WARNING - No viable dags retrieved from /home/ubuntu/venv/lib/python3.12/site-packages/airflow/example_dags/plugins/workday.py
[2024-06-27T21:37:27.283+0000] {processor.py:183} INFO - Processing /home/ubuntu/venv/lib/python3.12/site-packages/airflow/example_dags/plugins/workday.py took 0.022 seconds
[2024-06-27T21:38:20.443+0000] {processor.py:161} INFO - Started process (PID=4458) to work on /home/ubuntu/venv/lib/python3.12/site-packages/airflow/example_dags/plugins/workday.py
[2024-06-27T21:38:20.444+0000] {processor.py:830} INFO - Processing file /home/ubuntu/venv/lib/python3.12/site-packages/airflow/example_dags/plugins/workday.py for tasks to queue
[2024-06-27T21:38:20.445+0000] {logging_mixin.py:188} INFO - [2024-06-27T21:38:20.445+0000] {dagbag.py:545} INFO - Filling up the DagBag from /home/ubuntu/venv/lib/python3.12/site-packages/airflow/example_dags/plugins/workday.py
[2024-06-27T21:38:20.448+0000] {logging_mixin.py:188} INFO - [2024-06-27T21:38:20.448+0000] {workday.py:41} WARNING - Could not import pandas. Holidays will not be considered.
[2024-06-27T21:38:20.448+0000] {processor.py:842} WARNING - No viable dags retrieved from /home/ubuntu/venv/lib/python3.12/site-packages/airflow/example_dags/plugins/workday.py
[2024-06-27T21:38:20.459+0000] {processor.py:183} INFO - Processing /home/ubuntu/venv/lib/python3.12/site-packages/airflow/example_dags/plugins/workday.py took 0.023 seconds
[2024-06-27T21:39:06.903+0000] {processor.py:161} INFO - Started process (PID=4506) to work on /home/ubuntu/venv/lib/python3.12/site-packages/airflow/example_dags/plugins/workday.py
[2024-06-27T21:39:06.904+0000] {processor.py:830} INFO - Processing file /home/ubuntu/venv/lib/python3.12/site-packages/airflow/example_dags/plugins/workday.py for tasks to queue
[2024-06-27T21:39:06.905+0000] {logging_mixin.py:188} INFO - [2024-06-27T21:39:06.905+0000] {dagbag.py:545} INFO - Filling up the DagBag from /home/ubuntu/venv/lib/python3.12/site-packages/airflow/example_dags/plugins/workday.py
[2024-06-27T21:39:06.908+0000] {logging_mixin.py:188} INFO - [2024-06-27T21:39:06.908+0000] {workday.py:41} WARNING - Could not import pandas. Holidays will not be considered.
[2024-06-27T21:39:06.909+0000] {processor.py:842} WARNING - No viable dags retrieved from /home/ubuntu/venv/lib/python3.12/site-packages/airflow/example_dags/plugins/workday.py
[2024-06-27T21:39:06.919+0000] {processor.py:183} INFO - Processing /home/ubuntu/venv/lib/python3.12/site-packages/airflow/example_dags/plugins/workday.py took 0.022 seconds
[2024-06-27T21:39:47.247+0000] {processor.py:161} INFO - Started process (PID=4549) to work on /home/ubuntu/venv/lib/python3.12/site-packages/airflow/example_dags/plugins/workday.py
[2024-06-27T21:39:47.248+0000] {processor.py:830} INFO - Processing file /home/ubuntu/venv/lib/python3.12/site-packages/airflow/example_dags/plugins/workday.py for tasks to queue
[2024-06-27T21:39:47.249+0000] {logging_mixin.py:188} INFO - [2024-06-27T21:39:47.249+0000] {dagbag.py:545} INFO - Filling up the DagBag from /home/ubuntu/venv/lib/python3.12/site-packages/airflow/example_dags/plugins/workday.py
[2024-06-27T21:39:47.252+0000] {logging_mixin.py:188} INFO - [2024-06-27T21:39:47.252+0000] {workday.py:41} WARNING - Could not import pandas. Holidays will not be considered.
[2024-06-27T21:39:47.252+0000] {processor.py:842} WARNING - No viable dags retrieved from /home/ubuntu/venv/lib/python3.12/site-packages/airflow/example_dags/plugins/workday.py
[2024-06-27T21:39:47.263+0000] {processor.py:183} INFO - Processing /home/ubuntu/venv/lib/python3.12/site-packages/airflow/example_dags/plugins/workday.py took 0.022 seconds
[2024-06-27T21:40:29.521+0000] {processor.py:161} INFO - Started process (PID=4595) to work on /home/ubuntu/venv/lib/python3.12/site-packages/airflow/example_dags/plugins/workday.py
[2024-06-27T21:40:29.523+0000] {processor.py:830} INFO - Processing file /home/ubuntu/venv/lib/python3.12/site-packages/airflow/example_dags/plugins/workday.py for tasks to queue
[2024-06-27T21:40:29.524+0000] {logging_mixin.py:188} INFO - [2024-06-27T21:40:29.523+0000] {dagbag.py:545} INFO - Filling up the DagBag from /home/ubuntu/venv/lib/python3.12/site-packages/airflow/example_dags/plugins/workday.py
[2024-06-27T21:40:29.529+0000] {logging_mixin.py:188} INFO - [2024-06-27T21:40:29.528+0000] {workday.py:41} WARNING - Could not import pandas. Holidays will not be considered.
[2024-06-27T21:40:29.529+0000] {processor.py:842} WARNING - No viable dags retrieved from /home/ubuntu/venv/lib/python3.12/site-packages/airflow/example_dags/plugins/workday.py
[2024-06-27T21:40:29.547+0000] {processor.py:183} INFO - Processing /home/ubuntu/venv/lib/python3.12/site-packages/airflow/example_dags/plugins/workday.py took 0.036 seconds
[2024-06-27T21:41:13.765+0000] {processor.py:161} INFO - Started process (PID=4640) to work on /home/ubuntu/venv/lib/python3.12/site-packages/airflow/example_dags/plugins/workday.py
[2024-06-27T21:41:13.767+0000] {processor.py:830} INFO - Processing file /home/ubuntu/venv/lib/python3.12/site-packages/airflow/example_dags/plugins/workday.py for tasks to queue
[2024-06-27T21:41:13.768+0000] {logging_mixin.py:188} INFO - [2024-06-27T21:41:13.767+0000] {dagbag.py:545} INFO - Filling up the DagBag from /home/ubuntu/venv/lib/python3.12/site-packages/airflow/example_dags/plugins/workday.py
[2024-06-27T21:41:13.771+0000] {logging_mixin.py:188} INFO - [2024-06-27T21:41:13.770+0000] {workday.py:41} WARNING - Could not import pandas. Holidays will not be considered.
[2024-06-27T21:41:13.771+0000] {processor.py:842} WARNING - No viable dags retrieved from /home/ubuntu/venv/lib/python3.12/site-packages/airflow/example_dags/plugins/workday.py
[2024-06-27T21:41:13.782+0000] {processor.py:183} INFO - Processing /home/ubuntu/venv/lib/python3.12/site-packages/airflow/example_dags/plugins/workday.py took 0.022 seconds
[2024-06-27T21:41:58.798+0000] {processor.py:161} INFO - Started process (PID=4686) to work on /home/ubuntu/venv/lib/python3.12/site-packages/airflow/example_dags/plugins/workday.py
[2024-06-27T21:41:58.800+0000] {processor.py:830} INFO - Processing file /home/ubuntu/venv/lib/python3.12/site-packages/airflow/example_dags/plugins/workday.py for tasks to queue
[2024-06-27T21:41:58.801+0000] {logging_mixin.py:188} INFO - [2024-06-27T21:41:58.800+0000] {dagbag.py:545} INFO - Filling up the DagBag from /home/ubuntu/venv/lib/python3.12/site-packages/airflow/example_dags/plugins/workday.py
[2024-06-27T21:41:58.804+0000] {logging_mixin.py:188} INFO - [2024-06-27T21:41:58.803+0000] {workday.py:41} WARNING - Could not import pandas. Holidays will not be considered.
[2024-06-27T21:41:58.804+0000] {processor.py:842} WARNING - No viable dags retrieved from /home/ubuntu/venv/lib/python3.12/site-packages/airflow/example_dags/plugins/workday.py
[2024-06-27T21:41:58.815+0000] {processor.py:183} INFO - Processing /home/ubuntu/venv/lib/python3.12/site-packages/airflow/example_dags/plugins/workday.py took 0.023 seconds
[2024-06-27T21:42:43.077+0000] {processor.py:161} INFO - Started process (PID=4732) to work on /home/ubuntu/venv/lib/python3.12/site-packages/airflow/example_dags/plugins/workday.py
[2024-06-27T21:42:43.078+0000] {processor.py:830} INFO - Processing file /home/ubuntu/venv/lib/python3.12/site-packages/airflow/example_dags/plugins/workday.py for tasks to queue
[2024-06-27T21:42:43.079+0000] {logging_mixin.py:188} INFO - [2024-06-27T21:42:43.079+0000] {dagbag.py:545} INFO - Filling up the DagBag from /home/ubuntu/venv/lib/python3.12/site-packages/airflow/example_dags/plugins/workday.py
[2024-06-27T21:42:43.082+0000] {logging_mixin.py:188} INFO - [2024-06-27T21:42:43.082+0000] {workday.py:41} WARNING - Could not import pandas. Holidays will not be considered.
[2024-06-27T21:42:43.083+0000] {processor.py:842} WARNING - No viable dags retrieved from /home/ubuntu/venv/lib/python3.12/site-packages/airflow/example_dags/plugins/workday.py
[2024-06-27T21:42:43.093+0000] {processor.py:183} INFO - Processing /home/ubuntu/venv/lib/python3.12/site-packages/airflow/example_dags/plugins/workday.py took 0.023 seconds
[2024-06-27T21:43:25.954+0000] {processor.py:161} INFO - Started process (PID=4775) to work on /home/ubuntu/venv/lib/python3.12/site-packages/airflow/example_dags/plugins/workday.py
[2024-06-27T21:43:25.955+0000] {processor.py:830} INFO - Processing file /home/ubuntu/venv/lib/python3.12/site-packages/airflow/example_dags/plugins/workday.py for tasks to queue
[2024-06-27T21:43:25.956+0000] {logging_mixin.py:188} INFO - [2024-06-27T21:43:25.956+0000] {dagbag.py:545} INFO - Filling up the DagBag from /home/ubuntu/venv/lib/python3.12/site-packages/airflow/example_dags/plugins/workday.py
[2024-06-27T21:43:25.959+0000] {logging_mixin.py:188} INFO - [2024-06-27T21:43:25.959+0000] {workday.py:41} WARNING - Could not import pandas. Holidays will not be considered.
[2024-06-27T21:43:25.960+0000] {processor.py:842} WARNING - No viable dags retrieved from /home/ubuntu/venv/lib/python3.12/site-packages/airflow/example_dags/plugins/workday.py
[2024-06-27T21:43:25.971+0000] {processor.py:183} INFO - Processing /home/ubuntu/venv/lib/python3.12/site-packages/airflow/example_dags/plugins/workday.py took 0.023 seconds
[2024-06-27T21:44:09.624+0000] {processor.py:161} INFO - Started process (PID=4821) to work on /home/ubuntu/venv/lib/python3.12/site-packages/airflow/example_dags/plugins/workday.py
[2024-06-27T21:44:09.625+0000] {processor.py:830} INFO - Processing file /home/ubuntu/venv/lib/python3.12/site-packages/airflow/example_dags/plugins/workday.py for tasks to queue
[2024-06-27T21:44:09.626+0000] {logging_mixin.py:188} INFO - [2024-06-27T21:44:09.626+0000] {dagbag.py:545} INFO - Filling up the DagBag from /home/ubuntu/venv/lib/python3.12/site-packages/airflow/example_dags/plugins/workday.py
[2024-06-27T21:44:09.629+0000] {logging_mixin.py:188} INFO - [2024-06-27T21:44:09.629+0000] {workday.py:41} WARNING - Could not import pandas. Holidays will not be considered.
[2024-06-27T21:44:09.629+0000] {processor.py:842} WARNING - No viable dags retrieved from /home/ubuntu/venv/lib/python3.12/site-packages/airflow/example_dags/plugins/workday.py
[2024-06-27T21:44:09.641+0000] {processor.py:183} INFO - Processing /home/ubuntu/venv/lib/python3.12/site-packages/airflow/example_dags/plugins/workday.py took 0.023 seconds
[2024-06-27T21:44:55.547+0000] {processor.py:161} INFO - Started process (PID=4909) to work on /home/ubuntu/venv/lib/python3.12/site-packages/airflow/example_dags/plugins/workday.py
[2024-06-27T21:44:55.550+0000] {processor.py:830} INFO - Processing file /home/ubuntu/venv/lib/python3.12/site-packages/airflow/example_dags/plugins/workday.py for tasks to queue
[2024-06-27T21:44:55.551+0000] {logging_mixin.py:188} INFO - [2024-06-27T21:44:55.550+0000] {dagbag.py:545} INFO - Filling up the DagBag from /home/ubuntu/venv/lib/python3.12/site-packages/airflow/example_dags/plugins/workday.py
[2024-06-27T21:44:55.556+0000] {logging_mixin.py:188} INFO - [2024-06-27T21:44:55.555+0000] {workday.py:41} WARNING - Could not import pandas. Holidays will not be considered.
[2024-06-27T21:44:55.557+0000] {processor.py:842} WARNING - No viable dags retrieved from /home/ubuntu/venv/lib/python3.12/site-packages/airflow/example_dags/plugins/workday.py
[2024-06-27T21:44:55.574+0000] {processor.py:183} INFO - Processing /home/ubuntu/venv/lib/python3.12/site-packages/airflow/example_dags/plugins/workday.py took 0.036 seconds
[2024-06-27T21:45:40.156+0000] {processor.py:161} INFO - Started process (PID=4960) to work on /home/ubuntu/venv/lib/python3.12/site-packages/airflow/example_dags/plugins/workday.py
[2024-06-27T21:45:40.157+0000] {processor.py:830} INFO - Processing file /home/ubuntu/venv/lib/python3.12/site-packages/airflow/example_dags/plugins/workday.py for tasks to queue
[2024-06-27T21:45:40.158+0000] {logging_mixin.py:188} INFO - [2024-06-27T21:45:40.158+0000] {dagbag.py:545} INFO - Filling up the DagBag from /home/ubuntu/venv/lib/python3.12/site-packages/airflow/example_dags/plugins/workday.py
[2024-06-27T21:45:40.161+0000] {logging_mixin.py:188} INFO - [2024-06-27T21:45:40.161+0000] {workday.py:41} WARNING - Could not import pandas. Holidays will not be considered.
[2024-06-27T21:45:40.161+0000] {processor.py:842} WARNING - No viable dags retrieved from /home/ubuntu/venv/lib/python3.12/site-packages/airflow/example_dags/plugins/workday.py
[2024-06-27T21:45:40.173+0000] {processor.py:183} INFO - Processing /home/ubuntu/venv/lib/python3.12/site-packages/airflow/example_dags/plugins/workday.py took 0.024 seconds
[2024-06-27T21:46:31.588+0000] {processor.py:161} INFO - Started process (PID=5007) to work on /home/ubuntu/venv/lib/python3.12/site-packages/airflow/example_dags/plugins/workday.py
[2024-06-27T21:46:31.589+0000] {processor.py:830} INFO - Processing file /home/ubuntu/venv/lib/python3.12/site-packages/airflow/example_dags/plugins/workday.py for tasks to queue
[2024-06-27T21:46:31.590+0000] {logging_mixin.py:188} INFO - [2024-06-27T21:46:31.590+0000] {dagbag.py:545} INFO - Filling up the DagBag from /home/ubuntu/venv/lib/python3.12/site-packages/airflow/example_dags/plugins/workday.py
[2024-06-27T21:46:31.593+0000] {logging_mixin.py:188} INFO - [2024-06-27T21:46:31.593+0000] {workday.py:41} WARNING - Could not import pandas. Holidays will not be considered.
[2024-06-27T21:46:31.593+0000] {processor.py:842} WARNING - No viable dags retrieved from /home/ubuntu/venv/lib/python3.12/site-packages/airflow/example_dags/plugins/workday.py
[2024-06-27T21:46:31.604+0000] {processor.py:183} INFO - Processing /home/ubuntu/venv/lib/python3.12/site-packages/airflow/example_dags/plugins/workday.py took 0.023 seconds
[2024-06-27T21:47:20.812+0000] {processor.py:161} INFO - Started process (PID=5055) to work on /home/ubuntu/venv/lib/python3.12/site-packages/airflow/example_dags/plugins/workday.py
[2024-06-27T21:47:20.813+0000] {processor.py:830} INFO - Processing file /home/ubuntu/venv/lib/python3.12/site-packages/airflow/example_dags/plugins/workday.py for tasks to queue
[2024-06-27T21:47:20.814+0000] {logging_mixin.py:188} INFO - [2024-06-27T21:47:20.814+0000] {dagbag.py:545} INFO - Filling up the DagBag from /home/ubuntu/venv/lib/python3.12/site-packages/airflow/example_dags/plugins/workday.py
[2024-06-27T21:47:20.817+0000] {logging_mixin.py:188} INFO - [2024-06-27T21:47:20.817+0000] {workday.py:41} WARNING - Could not import pandas. Holidays will not be considered.
[2024-06-27T21:47:20.818+0000] {processor.py:842} WARNING - No viable dags retrieved from /home/ubuntu/venv/lib/python3.12/site-packages/airflow/example_dags/plugins/workday.py
[2024-06-27T21:47:20.829+0000] {processor.py:183} INFO - Processing /home/ubuntu/venv/lib/python3.12/site-packages/airflow/example_dags/plugins/workday.py took 0.023 seconds
[2024-06-27T21:48:06.771+0000] {processor.py:161} INFO - Started process (PID=5216) to work on /home/ubuntu/venv/lib/python3.12/site-packages/airflow/example_dags/plugins/workday.py
[2024-06-27T21:48:06.773+0000] {processor.py:830} INFO - Processing file /home/ubuntu/venv/lib/python3.12/site-packages/airflow/example_dags/plugins/workday.py for tasks to queue
[2024-06-27T21:48:06.774+0000] {logging_mixin.py:188} INFO - [2024-06-27T21:48:06.773+0000] {dagbag.py:545} INFO - Filling up the DagBag from /home/ubuntu/venv/lib/python3.12/site-packages/airflow/example_dags/plugins/workday.py
[2024-06-27T21:48:06.777+0000] {logging_mixin.py:188} INFO - [2024-06-27T21:48:06.777+0000] {workday.py:41} WARNING - Could not import pandas. Holidays will not be considered.
[2024-06-27T21:48:06.778+0000] {processor.py:842} WARNING - No viable dags retrieved from /home/ubuntu/venv/lib/python3.12/site-packages/airflow/example_dags/plugins/workday.py
[2024-06-27T21:48:06.789+0000] {processor.py:183} INFO - Processing /home/ubuntu/venv/lib/python3.12/site-packages/airflow/example_dags/plugins/workday.py took 0.026 seconds
[2024-06-27T21:48:50.657+0000] {processor.py:161} INFO - Started process (PID=5275) to work on /home/ubuntu/venv/lib/python3.12/site-packages/airflow/example_dags/plugins/workday.py
[2024-06-27T21:48:50.659+0000] {processor.py:830} INFO - Processing file /home/ubuntu/venv/lib/python3.12/site-packages/airflow/example_dags/plugins/workday.py for tasks to queue
[2024-06-27T21:48:50.660+0000] {logging_mixin.py:188} INFO - [2024-06-27T21:48:50.659+0000] {dagbag.py:545} INFO - Filling up the DagBag from /home/ubuntu/venv/lib/python3.12/site-packages/airflow/example_dags/plugins/workday.py
[2024-06-27T21:48:50.663+0000] {logging_mixin.py:188} INFO - [2024-06-27T21:48:50.663+0000] {workday.py:41} WARNING - Could not import pandas. Holidays will not be considered.
[2024-06-27T21:48:50.663+0000] {processor.py:842} WARNING - No viable dags retrieved from /home/ubuntu/venv/lib/python3.12/site-packages/airflow/example_dags/plugins/workday.py
[2024-06-27T21:48:50.674+0000] {processor.py:183} INFO - Processing /home/ubuntu/venv/lib/python3.12/site-packages/airflow/example_dags/plugins/workday.py took 0.025 seconds
[2024-06-27T21:49:31.115+0000] {processor.py:161} INFO - Started process (PID=5318) to work on /home/ubuntu/venv/lib/python3.12/site-packages/airflow/example_dags/plugins/workday.py
[2024-06-27T21:49:31.117+0000] {processor.py:830} INFO - Processing file /home/ubuntu/venv/lib/python3.12/site-packages/airflow/example_dags/plugins/workday.py for tasks to queue
[2024-06-27T21:49:31.118+0000] {logging_mixin.py:188} INFO - [2024-06-27T21:49:31.117+0000] {dagbag.py:545} INFO - Filling up the DagBag from /home/ubuntu/venv/lib/python3.12/site-packages/airflow/example_dags/plugins/workday.py
[2024-06-27T21:49:31.121+0000] {logging_mixin.py:188} INFO - [2024-06-27T21:49:31.121+0000] {workday.py:41} WARNING - Could not import pandas. Holidays will not be considered.
[2024-06-27T21:49:31.122+0000] {processor.py:842} WARNING - No viable dags retrieved from /home/ubuntu/venv/lib/python3.12/site-packages/airflow/example_dags/plugins/workday.py
[2024-06-27T21:49:31.133+0000] {processor.py:183} INFO - Processing /home/ubuntu/venv/lib/python3.12/site-packages/airflow/example_dags/plugins/workday.py took 0.026 seconds
[2024-06-27T21:50:11.085+0000] {processor.py:161} INFO - Started process (PID=5358) to work on /home/ubuntu/venv/lib/python3.12/site-packages/airflow/example_dags/plugins/workday.py
[2024-06-27T21:50:11.087+0000] {processor.py:830} INFO - Processing file /home/ubuntu/venv/lib/python3.12/site-packages/airflow/example_dags/plugins/workday.py for tasks to queue
[2024-06-27T21:50:11.087+0000] {logging_mixin.py:188} INFO - [2024-06-27T21:50:11.087+0000] {dagbag.py:545} INFO - Filling up the DagBag from /home/ubuntu/venv/lib/python3.12/site-packages/airflow/example_dags/plugins/workday.py
[2024-06-27T21:50:11.091+0000] {logging_mixin.py:188} INFO - [2024-06-27T21:50:11.091+0000] {workday.py:41} WARNING - Could not import pandas. Holidays will not be considered.
[2024-06-27T21:50:11.091+0000] {processor.py:842} WARNING - No viable dags retrieved from /home/ubuntu/venv/lib/python3.12/site-packages/airflow/example_dags/plugins/workday.py
[2024-06-27T21:50:11.103+0000] {processor.py:183} INFO - Processing /home/ubuntu/venv/lib/python3.12/site-packages/airflow/example_dags/plugins/workday.py took 0.025 seconds
